1 10 20
100 200 125
201 210 89
900 1000 174
500 710 171
100 1000 179
10232 50000 324
40000 60000 340
291188 931733 525
638630 694459 442
762142 886106 525
517246 642611 509
203388 491378 449
369474 521162 470
515894 899808 525
181906 384967 443
89477 457040 449
5247 595890 470
702862 958156 525
22392 466119 449
665357 723141 504
176213 703604 509
515031 981604 525
635338 723694 504
134439 899293 525
20546 962453 525
175640 479699 449
177361 379027 443
485281 546834 470
414393 899294 525
576933 596298 434
666409 798465 504
931733 291188 525
638630 694459 442
238760 749751 509
762142 886106 525
642611 517246 509
491378 203388 449
521162 369474 470
515894 899808 525
384967 181906 443
457040 89477 449
595890 5247 470
958156 702862 525
22392 466119 449
665357 723141 504
703604 176213 509
981604 515031 525
723694 635338 504
899293 134439 525
20546 962453 525
479699 175640 449
379027 177361 443
546834 485281 470
899294 414393 525
596298 576933 434
666409 798465 504
803711 567543 509
270405 776504 509
242623 761868 509
999213 807000 525
497417 907979 525
423010 702817 509
338155 479022 449
127665 660909 509
623362 751652 509
927291 662414 525
353980 617266 470
102547 820522 509
234916 900813 525
991950 516045 525
314511 345418 384
427165 172565 449
949068 118222 525
394294 697569 509
504570 705895 509
613874 393507 470
96325 1987 351
995212 551088 525
211997 948683 525
700336 637082 442
299496 349564 441
481034 141832 449
962354 653475 525
68494 97785 351
613830 711474 509
571096 574648 372
261417 928340 525
560766 998261 525
210035 724689 509
430584 955060 525
348567 228809 443
745000 558662 509
109751 959095 525
907779 740212 525
891498 835951 525
699719 122320 509
778355 705199 468
872878 180753 525
278538 254914 407
966387 455576 525
30225 406572 443
334912 51689 443
49950 805845 509
530535 409882 470
364942 259984 441
488793 961118 525
519781 227714 470
701013 747997 504
2414 143736 375
493891 122997 449
245316 893912 525
599111 193611 470
888567 537876 525
792789 471989 509
441770 167105 449
87881 759177 509
325070 471994 449
277839 936996 525
346879 375019 410
149207 322578 443
283697 711820 509
453738 152204 449
900200 317682 525
975621 154752 525
277748 902614 525
796526 469512 509
663122 37269 509
575144 909841 525
896034 65895 525
232999 367933 441
641314 337804 509
324002 320880 353
257876 966383 525
855606 116046 525
438623 118959 449
344984 4814 443
671221 236524 509
68410 798721 509
467677 571422 470
988240 44031 525
513543 259630 470
296898 298971 371
208812 690869 509
756763 386246 509
268383 619050 470
471059 503967 426
339051 909697 525
390285 309265 441
939514 111131 525
230090 760096 509
279114 378138 441
128866 575073 470
887998 950334 507
35961 197276 383
755510 355676 509
615305 24201 470
323171 269053 407
474127 426407 444
812652 46187 509
179442 230890 443
249061 81035 443
504936 650500 509
473969 588111 470
213447 409426 443
169522 413484 449
305826 443536 449
532813 962839 525
913173 434691 525
146171 420811 449
290691 949134 525
487539 901681 525
684938 905995 525
846606 810710 525
371101 159065 443
389955 659258 509
254498 550542 470
715246 153220 509
741331 273638 509
683063 189216 509
116904 954777 525
912517 366789 525
329628 422729 449
857419 445330 525
380345 757006 509
220345 517795 470
419476 671036 509
91236 707883 509
32798 104414 351
263479 452047 449
625509 403899 470
468645 167638 449
320857 880006 525
667849 698096 442
401516 576392 470
45374 865116 525
231906 518419 470
941147 957890 414
917424 75738 525
346948 312771 441
830565 811974 450
997214 567292 525
789380 764245 468
868659 602654 525
54701 822177 509
740280 646342 504
813979 680210 504
74421 208926 383
907021 649040 525
739637 742269 393
607386 308537 470
341160 785010 509
257106 353496 441
943437 282307 525
109282 688734 509
500708 290386 449
371882 939847 525
218297 497922 449
614781 161262 470
983439 86956 525
247502 669481 509
349691 723719 509
446849 575685 470
224726 424112 449
680585 868074 525
690815 964362 525
263577 802175 509
155671 31975 375
828485 520682 509
723621 613313 509
903698 937767 476
391819 224329 443
236456 789784 509
951046 610115 525
211276 851236 525
520717 448690 470
686613 458777 509
34463 384613 443
322929 133463 443
1537 773392 509
251959 517718 470
319894 692352 509
238531 515535 470
550422 475564 470
88877 67017 351
4784 274043 443
12576 506779 449
296564 910806 525
520921 249031 470
614471 761814 509
210504 246401 443
705178 649393 504
34006 897116 525
544783 253845 470
27237 871138 525
388856 60525 443
267081 279195 407
308934 708749 509
698518 505611 509
572627 859355 525
133398 301599 443
808378 91615 509
2421 145974 375
909208 619146 525
895164 37547 525
283947 523680 470
173073 105668 383
516988 503329 470
757173 721282 424
592420 61772 470
636500 298614 509
577808 495480 470
204230 903580 525
409191 886742 525
260302 416952 449
718550 496023 509
587637 393700 470
53878 41133 340
660278 104263 509
656013 963085 525
970 555442 470
175314 454164 449
957493 174042 525
409528 692302 509
268278 228871 443
527485 1948 470
497428 904777 525
808357 619497 509
506239 215862 449
632813 731752 504
227775 766541 509
674445 351363 509
392496 329617 441
948083 728322 525
205612 566978 470
636625 604096 509
58260 206582 383
894827 326143 525
532649 529957 346
758828 304356 509
820507 800926 450
219908 800517 509
420014 832139 509
562205 542469 452
788426 440458 509
721203 195018 509
60586 16201 340
860021 909852 445
152379 967285 525
48468 808104 509
926404 357990 525
78776 199297 383
525440 498869 470
28826 487808 449
792163 58089 509
373220 301858 441
102375 126875 354
473219 107332 449
649801 36594 509
991255 35424 525
230442 438227 449
968631 712458 525
622310 805231 509
772516 828653 468
150962 774688 509
646882 335188 509
534485 591571 452
90440 725658 509
213466 59925 383
632217 633469 354
935327 519833 525
160912 5437 383
112769 551906 470
102704 634130 509
669554 276774 509
229205 93959 386
320621 414200 449
219431 197836 386
540693 457135 470
746027 506151 509
355543 205860 443
797430 392910 509
632772 890027 525
464156 402074 449
35543 360442 443
394479 610578 470
616014 485074 470
36981 555390 470
189521 242987 443
33965 653888 509
747847 373279 509
787478 263169 509
975209 582672 525
39808 521113 470
541468 515902 439
235966 785834 509
692948 897010 525
301243 33396 443
435469 325720 449
200366 279603 443
890180 985216 507
470290 594844 470
664439 20400 509
777590 507270 509
675363 368164 509
741442 811555 468
588928 423210 470
520086 43125 470
78442 564137 470
594244 559893 434
345728 134114 443
545328 830209 509
377810 552880 470
878600 846570 432
126174 327483 443
312699 593170 470
188015 530558 470
550957 782989 509
804463 852453 525
734821 328548 509
140103 479826 449
417240 476263 444
33592 729030 509
807372 937326 525
11424 112033 354
760350 401616 509
746029 871355 525
424236 305678 449
666453 123839 509
451322 302836 449
896005 306831 525
837388 278225 509
575418 598224 434
964881 388346 525
716893 379882 509
373912 699702 509
690169 371200 509
614434 305357 470
756887 723760 424
349997 421806 449
337626 768310 509
639666 110347 509
416025 83656 449
721698 63902 509
880941 82478 525
389308 687224 509
965449 291151 525
889375 740900 525
129246 540867 470
434953 368461 449
68164 360343 443
245747 323070 407
628426 272537 509
996297 860181 507
796191 385313 509
153623 346294 443
970845 648022 525
245882 307493 407
371394 901074 525
983551 967579 458
654804 252335 509
57691 887063 525
627963 134458 509
189529 947065 525
829730 271414 509
631756 624482 509
947551 412098 525
684635 877503 525
251889 90182 443
989698 680932 525
541430 562284 452
210306 143321 383
450814 26480 449
927553 456187 525
937971 336412 525
102952 911104 525
312372 592775 470
727232 160642 509
621911 940335 525
211749 916760 525
55447 451641 449
863739 357709 525
749416 517202 509
121588 548374 470
743510 515509 509
77794 111286 354
254607 799144 509
825624 802303 450
772695 219625 509
556036 753177 509
178487 710666 509
817645 173192 509
333833 490858 449
945397 59082 525
490046 955743 525
407385 671350 509
29060 59698 340
576899 785328 509
333702 778475 509
293985 698487 509
323977 591416 470
390560 885982 525
202490 578583 470
312412 216184 443
969361 975184 458
200055 382653 443
555844 147848 470
152910 17700 375
590985 889677 525
359625 98308 443
769657 81032 509
140729 767009 509
552337 798716 509
91397 231832 443
444523 400243 449
991658 899585 507
299772 768500 509
861287 382219 525
112607 502261 449
477446 687904 509
70557 81968 351
744019 191705 509
723609 140605 509
544486 896929 525
509441 314594 449
909829 904111 445
671120 279098 509
592019 564762 434
796594 737662 468
652109 197620 509
97205 755321 509
38026 643768 509
540191 396976 470
899236 899313 251
101422 652797 509
248970 890886 525
82592 171978 383
826786 507193 509
918326 806200 525
634998 371273 509
275384 427767 449
221070 544828 470
109590 460708 449
712574 813088 468
10708 420388 449
689914 364684 509
522656 622116 452
533296 727939 509
141457 62847 354
229848 432532 449
837623 242878 509
929059 993021 507
500215 434419 444
754823 755846 362
127119 418541 449
360513 389821 436
448853 402502 449
377414 581582 470
394670 72648 443
493035 89989 449
454672 919581 525
55902 697153 509
425093 977327 525
554378 589197 434
21729 80754 351
323632 298430 384
291452 373556 441
807974 252691 509
522741 305871 470
238616 562797 470
466823 649859 509
566565 599128 434
180710 915675 525
988322 943979 458
548172 89584 470
523369 995562 525
692715 2844 509
494375 579270 470
168467 632012 509
712766 562957 509
375591 704400 509
77956 550602 470
803292 667042 504
487117 400135 449
477136 840238 525
490097 725733 509
324861 943958 525
373839 570867 470
29051 19776 308
109359 362161 443
357723 577222 470
580065 146933 470
726202 564643 509
196655 588644 470
151601 894669 525
113274 909420 525
974226 41396 525
708438 191229 509
105568 291724 443
131962 709759 509
435492 582704 470
40867 136263 354
707129 274558 509
294333 414705 449
291071 736179 509
313401 917895 525
64828 162998 383
727640 407670 509
996313 305235 525
714108 924295 525
347920 662118 509
703514 827381 504
532814 322147 470
613870 926156 525
150120 638382 509
735290 260036 509
396298 585612 470
374374 776156 509
705066 103428 509
353811 668706 509
100806 996136 525
159134 667212 509
589086 679838 509
985072 400979 525
325274 99605 443
275927 213385 443
40766 187398 383
23749 493645 449
934005 573579 525
211961 151823 383
411858 84126 449
669737 461455 509
237612 322361 407
425788 44111 449
227021 456882 449
453018 293803 449
475219 842030 525
521868 126356 470
527334 64306 470
163910 21145 383
234529 366812 441
68415 954040 525
447686 789498 509
363078 92163 443
758190 381691 509
465816 89243 449
550698 684252 509
6613 649757 509
693867 302514 509
759395 946604 525
240408 435092 449
277123 726617 509
367177 715626 509
294136 313195 384
848544 894511 445
775527 972249 525
926290 597277 525
386776 843941 525
450309 373976 449
269871 264058 345
353300 208499 443
406955 735687 509
385444 418202 449
720715 413568 509
874376 593516 525
28608 994314 525
235136 628988 509
344615 305730 384
133130 602313 470
11029 152955 375
125205 981673 525
578950 786555 509
630497 51495 509
939674 965725 414
229783 80806 386
803508 209545 509
459436 97288 449
515489 210463 470
138235 844880 525
952600 750409 525
258928 12612 443
155804 981207 525
801142 494064 509
610581 500418 470
167578 934271 525
430149 621609 470
922368 292782 525
858480 9099 525
489029 552865 470
147875 312359 443
521903 233016 470
844507 951382 507
676050 495544 509
854628 874201 432
624610 814284 509
341100 807228 509
788435 883537 525
891805 496904 525
511526 103782 449
552257 16591 470
638199 679103 442
486089 982405 525
505709 560568 470
627637 344569 509
656927 994737 525
741957 775512 468
241099 693035 509
702783 100670 509
974870 917148 507
245638 557411 470
364639 599480 470
997221 586737 525
597845 667278 509
771060 403232 509
419822 623576 470
302679 323317 384
305723 572226 470
646998 302973 509
161746 325636 443
834577 274635 509
564351 332878 470
25913 576534 470
677203 805450 504
722598 242900 509
800310 652073 504
765757 968235 525
69178 164949 383
346431 277184 441
680415 667022 385
290598 117491 443
955012 100237 525
186667 107482 383
410454 774939 509
100575 833664 509
108300 86404 354
419281 935151 525
25890 186855 383
992304 959397 458
202297 217298 386
869370 714903 525
197343 2607 383
681759 149333 509
426516 266520 449
447747 28191 449
659885 106931 509
721371 252549 509
874234 614897 525
904040 908038 445
255907 798892 509
885296 4615 525
453970 364206 449
65266 304577 443
263975 479860 449
697157 57570 509
286677 466271 449
983082 80732 525
744268 484020 509
264744 664841 509
207236 170784 373
791918 226695 509
479244 867121 525
996222 513290 525
935532 353478 525
152371 900263 525
419082 191439 449
69850 37667 340
342243 387257 441
867116 135115 525
192684 120422 383
586693 78478 470
673413 993565 525
477585 569775 470
748820 417682 509
588465 256533 470
483228 470261 413
337382 380384 441
407878 962471 525
830153 847808 525
262276 343410 407
49053 982523 525
534394 195563 470
582819 118902 470
254016 390842 441
511263 964139 525
42617 960904 525
954469 97956 525
181935 716029 509
133711 946258 525
202791 444960 449
915220 722176 525
616764 200223 470
676898 766806 504
614614 24642 470
882255 507052 525
3780 391095 443
586657 931307 525
564414 52379 470
443220 683680 509
647819 818429 504
293538 954482 525
566643 690435 509
920668 762211 525
222674 262782 443
707741 568584 509
804964 939669 525
139892 622961 470
389767 421728 449
960573 816790 525
838046 518586 525
423885 842828 525
288340 841825 525
894203 524746 525
208426 852753 525
185388 851627 525
806110 856244 525
60884 993129 525
755341 886957 525
149739 495756 449
64340 978014 525
917683 857480 476
994645 869303 507
805235 571780 509
388570 384413 348
417203 765808 509
122841 226616 386
582645 841087 525
365833 411181 449
263934 991053 525
842680 574258 525
944706 963525 414
956655 162995 525
49952 519794 470
529754 711996 509
204215 713895 509
571375 594094 434
977601 636103 525
207883 566020 470
464637 782837 509
548645 110657 470
851476 881839 432
722926 185691 509
596871 434121 470
939378 602963 525
691425 375009 509
852739 296264 525
459258 636131 509
670129 809394 504
35595 23415 311
737309 199884 509
308182 239809 407
390116 308684 441
388908 799987 509
582824 597998 434
222859 367750 443
249589 645674 509
831364 74335 509
22661 486720 449
603887 942439 525
831652 962038 525
258302 295313 407
931443 684391 525
493785 231765 449
255179 115778 443
829865 43584 509
797597 506692 509
329580 652251 509
452238 187713 449
299916 718487 509
86237 35063 351
194941 522774 470
597109 850030 525
850954 540509 525
482948 619769 470
96012 454841 449
750153 828804 468
513196 354314 470
100283 195802 383
825783 521185 509
564769 869665 525
376357 655648 509
307899 362366 441
64283 705936 509
938627 274341 525
823607 364198 509
886972 24865 525
389099 18548 443
559056 484081 470
103850 754257 509
209098 556208 470
899217 199861 525
68379 473456 449
183462 926617 525
447802 682865 509
552530 9245 470
664892 526775 509
403345 928886 525
634822 486995 509
275540 467628 449
831825 573450 509
112519 99148 354
117695 718797 509
717082 15822 509
770078 190956 509
261368 335136 407
49202 493380 449
966835 674789 525
601406 117580 470
314650 150297 443
673745 563413 509
90188 867179 525
310271 852841 525
339836 7738 443
475365 459297 444
546951 615376 447
228728 821394 509
54397 659469 509
189495 860626 525
51582 771478 509
106615 473777 449
967157 827154 525
501943 155816 449
787599 448197 509
112699 617554 470
180967 616453 470
483633 786443 509
639285 785358 504
793095 308108 509
767404 493325 509
622905 782664 509
604059 314356 470
488029 851632 525
712259 172660 509
458342 191729 449
665505 278045 509
619403 564956 447
234976 632662 509
80860 121347 354
738900 536780 509
667437 707762 504
494205 434071 444
219429 665274 509
973381 647694 525
141020 12525 354
795188 740786 468
569346 278129 470
129762 913451 525
86111 57375 351
249103 356225 441
634269 544453 509
623613 428813 470
61475 253673 443
889223 372794 525
423778 656538 509
364300 142328 443
576398 91215 470
756489 372710 509
20404 795826 509
322555 244075 407
984860 675627 525
953756 631948 525
545399 68411 470
639990 597722 509
953946 145715 525
204372 403297 443
832109 102420 509
870296 342189 525
714982 893584 525
64327 273724 443
416051 652964 509
258384 942831 525
829745 506653 509
816684 529077 509
773151 364353 509
39981 139239 354
771186 272217 509
340627 507941 449
105663 830790 509
976504 980616 383
383914 573813 470
190437 180876 360
523064 216023 470
623811 60734 470
334457 752251 509
919419 202343 525
145174 264713 443
771365 177803 509
706879 489123 509
853475 102254 525
241493 480031 449
266452 407660 441
915600 526883 525
357673 607078 470
587695 535467 452
623484 848381 525
29257 485813 449
701835 813921 504
874654 66526 525
332981 839851 525
42194 723315 509
988027 252400 525
944407 701571 525
190694 273598 443
375851 165491 443
645521 44169 509
451829 131548 449
172636 426177 449
33256 881633 525
417101 530308 470
378690 135155 443
620967 40585 470
368710 922150 525
502880 837006 509
676857 243364 509
480884 835860 509
602465 233255 470
934825 468911 525
256713 546872 470
712362 639723 504
683892 146769 509
792520 872088 525
298265 649925 509
45763 965155 525
495464 845724 525
980878 977067 383
531857 388358 470
310508 601845 470
438852 900566 525
658135 327593 509
163453 629913 509
863168 139019 525
122134 280122 443
341198 797993 509
437717 378847 449
39820 53561 340
439853 635813 509
799942 832339 450
311700 252322 407
98047 845704 525
336977 321368 384
709725 78925 509
194975 868833 525
769399 534437 509
376234 633826 509
263739 427534 449
566552 539687 452
334013 126907 443
439105 688686 509
581737 675211 509
242976 391026 441
26839 135761 354
482304 682828 509
449354 340985 449
700893 794003 504
115371 547400 470
140530 37870 354
906702 339300 525
387942 335504 441
969329 676102 525
617840 764175 509
818066 747272 468
388384 184393 443
387283 152080 443
341495 827488 509
218514 483224 449
618984 584470 447
267298 759556 509
614745 101288 470
409496 716651 509
778256 315638 509
353508 39071 443
892575 918785 476
254289 260210 363
