5092 7918 262
7693 3573 262
4709 4801 197
3476 9766 262
6712 4767 262
796 3775 238
920 6870 262
1168 1102 182
2820 545 209
2653 8977 262
3744 8704 262
4396 5535 210
9810 2448 262
8194 5386 262
1453 3469 217
6027 9523 262
666 686 145
4356 1654 238
2547 7899 262
4248 3502 238
5145 7342 262
2892 2393 209
8892 3833 262
1832 7335 262
9877 5967 262
983 7248 262
7794 6749 257
2870 5946 238
7918 1419 262
8068 4082 262
6355 7304 257
5026 4932 197
3104 2734 217
9998 5483 262
3463 4289 238
4987 7244 262
8607 8157 234
202 7585 262
9752 5523 262
8695 3471 262
2397 4888 238
6758 2536 262
2658 3509 217
3736 3257 238
1769 4689 238
5190 6236 262
7859 2400 262
567 3472 217
9512 5587 262
8540 9621 260
6037 2637 238
367 6190 262
8497 1091 262
3203 9188 262
1820 9593 262
1707 1006 182
4334 6449 262
4625 3160 238
5211 3116 238
8161 7143 252
1677 6148 238
8144 9605 260
7473 5098 262
5347 5356 192
7186 2147 262
360 4177 238
8087 6446 257
3734 7711 262
8939 7942 252
564 7934 262
7731 7853 221
2210 9666 262
4068 9365 262
4375 8781 262
9369 9804 198
3144 2833 217
278 468 144
3644 2606 217
3515 6835 262
8712 3988 262
9952 6170 262
8080 413 262
6241 8039 257
3911 9658 262
9860 1000 262
4028 3937 189
4152 2555 238
707 9658 262
9371 2722 262
6027 774 238
4303 363 238
4238 7440 262
4577 8604 262
1650 312 182
3080 8772 262
7306 1817 262
1624 823 182
4093 1672 238
8448 6810 257
495 7153 262
700 1730 182
7865 9924 260
7664 4661 262
7120 5767 262
5746 9006 262
9285 7327 260
9211 5559 262
6956 1562 262
5849 1616 238
5418 8920 262
6282 3905 262
7653 2153 262
2174 2482 209
7070 5434 262
199 8507 262
9934 5711 262
4622 3872 215
516 1473 182
1133 926 174
9239 1201 262
8534 8380 203
1063 5244 238
4724 9716 262
1567 6232 262
2055 7097 262
9305 8511 260
3071 5413 238
4816 9543 262
247 4676 238
6672 798 262
6653 6332 244
5524 301 238
2997 6127 238
161 2255 183
3333 6131 238
6183 9129 257
2903 4158 238
8093 2204 262
5153 1191 238
8317 2877 262
4442 8420 262
4073 570 238
2850 6709 262
364 2349 183
7314 5845 262
7800 2427 262
2423 9020 262
7540 609 262
8683 906 262
7938 8574 252
3824 930 238
6118 5382 236
5059 130 238
3246 415 217
9374 2801 262
3828 3960 189
4840 8443 262
9115 619 262
9619 3752 262
7645 4099 262
838 7857 262
8649 7094 252
2571 6931 262
3566 5923 238
8255 1450 262
5767 2667 238
4855 9090 262
3808 4337 202
7985 1184 262
927 7233 262
5328 9855 262
722 1924 182
4997 7173 262
5119 6212 262
5876 6559 262
3219 5532 238
9008 3354 262
5758 805 238
6790 8157 257
4973 8295 262
5310 6326 262
7572 1300 262
9887 3458 262
4712 9583 262
2924 3814 238
3262 3395 181
2344 5386 238
2957 4363 238
9400 888 262
4621 8059 262
9057 6845 257
4047 3305 238
8954 8073 234
1913 3036 217
832 351 171
6247 9403 260
4506 8316 262
9881 2218 262
3693 950 217
9937 859 262
1882 6458 262
4982 7545 262
7449 1490 262
2816 4625 238
8205 2514 262
2630 4715 238
9119 4528 262
2827 1194 209
8906 7755 252
6028 3987 236
5933 5774 218
2834 5169 238
1088 9958 262
9288 2478 262
3434 7322 262
4227 1774 238
8916 5510 262
2903 9890 262
7321 72 262
4867 2229 238
6881 6070 262
3134 4704 238
1252 2432 183
4420 822 238
239 4930 238
285 8012 262
3191 9976 262
1355 517 182
2083 8842 262
6750 7326 257
8237 7602 252
489 6536 262
6266 9777 260
1277 7789 262
355 5347 238
9342 1550 262
1854 6141 238
4419 6746 262
4247 8030 262
7863 2125 262
2998 7844 262
4641 7899 262
974 98 179
889 2382 183
8414 6453 257
8881 2329 262
6192 248 262
6034 4166 236
1907 6460 262
8670 3774 262
5944 1105 238
530 7735 262
9609 208 262
4960 1623 238
4806 5995 236
8883 9531 260
3822 8219 262
1923 43 182
3364 485 217
5216 9120 262
8397 3024 262
4368 8012 262
50 5144 238
3342 4013 238
3582 4513 238
4006 1494 238
8323 9163 247
2676 5208 238
8939 5049 262
2000 5514 238
8889 3079 262
3915 9084 262
7984 375 262
9587 5260 262
8714 9199 247
9441 2482 262
7861 3213 262
5913 2443 238
5792 6000 218
7178 108 262
6231 341 262
4091 8297 262
4515 4610 184
8736 4716 262
3209 3159 199
3118 9952 262
5704 1463 238
7616 5200 262
787 1491 182
1017 8777 262
8691 9150 247
1907 7040 262
6076 3487 238
1771 6852 262
5732 5600 205
620 4661 238
2465 7656 262
5966 3467 238
9060 3808 262
5475 7935 262
1238 8606 262
4119 1106 238
3723 1337 238
5778 15 238
9449 2325 262
6146 6393 262
7116 9499 260
6162 5131 236
3435 7114 262
2238 660 183
8174 1589 262
6912 2306 262
2134 6133 238
2205 6139 238
8211 6080 262
4964 3157 238
5284 9774 262
8319 1773 262
5202 9594 262
300 3428 217
443 1399 182
8573 9682 260
6685 8341 257
2781 9044 262
2337 1760 183
6225 5460 262
7715 294 262
6152 7275 262
5129 1110 238
822 4357 238
4928 7585 262
4540 4914 197
26 3279 217
1497 4998 238
4446 5671 236
7425 8674 252
6191 2756 262
8517 3152 262
8508 6156 262
5990 6443 262
9570 7445 260
156 3159 217
5600 4192 236
3840 5003 215
7617 8781 252
6948 1005 262
4529 8459 262
2709 8985 262
9936 5989 262
5118 354 238
8795 431 262
5646 3309 238
1138 5886 238
9090 352 262
6148 9178 262
4139 8209 262
2287 3827 238
7952 9844 260
6838 7497 257
7048 8700 252
6468 4843 262
8514 6836 257
1382 3205 217
6928 2656 262
2908 6620 262
7558 8545 252
4427 2882 238
4778 2343 238
9952 2651 262
1685 2720 209
9460 1795 262
293 3858 238
2444 3090 217
5801 8165 262
3413 1936 217
652 1573 182
3421 3776 238
9722 4087 262
7040 4459 262
9007 4167 262
1491 3667 217
7525 2882 262
4543 5877 236
4253 6148 236
556 6480 262
619 8801 262
1255 4450 238
8297 4875 262
8041 6108 262
5209 2102 238
7711 9259 260
9587 5357 262
3735 9378 262
8713 2515 262
9872 954 262
8585 5133 262
222 6847 262
2172 723 182
428 8450 262
6602 160 262
2172 3552 217
2399 8325 262
477 8980 262
4554 3325 238
9726 2148 262
5249 3087 238
9984 1367 262
3995 95 238
27 9245 262
8953 4446 262
9610 2866 262
1421 8892 262
606 9758 262
7689 7361 239
2304 4939 238
2243 8728 262
4655 3993 215
4798 9137 262
5672 8679 262
3092 3667 199
4099 660 238
8298 6288 257
5123 4240 215
9088 3385 262
1723 3889 238
3231 963 217
8224 9185 247
1725 6564 262
930 1597 182
3541 4614 238
7476 5356 262
9030 2757 262
5019 1969 238
4467 480 238
2631 107 209
4628 4323 215
7918 3728 262
3987 9313 262
4722 853 238
9180 3875 262
7419 1160 262
5331 4801 210
2502 5462 238
5402 2346 238
4864 5583 236
9435 5365 262
5725 1326 238
8260 2794 262
5269 168 238
1930 5230 238
5164 8600 262
8555 5905 262
6035 9362 262
7515 1897 262
9579 6042 262
7150 2845 262
2942 3489 199
9533 6510 260
3970 5913 236
6462 4096 262
9647 6790 260
9378 1622 262
8925 5686 262
5268 8786 262
1557 6860 262
8093 7588 252
966 9512 262
8197 5031 262
803 9003 262
7977 2502 262
9625 2532 262
9309 3736 262
8523 381 262
3139 8853 262
7824 9824 260
4464 5567 236
7060 8099 252
790 1768 182
6862 2426 262
4764 9874 262
4052 9540 262
8994 663 262
5709 4196 236
788 8426 262
1605 2160 180
6800 5567 262
3207 6829 262
2658 1044 209
4401 2357 238
8842 8445 216
8719 2893 262
6851 9749 260
8290 6227 257
914 5348 238
7634 607 262
1890 2110 175
7515 8244 252
5529 7611 262
459 1231 182
8988 2359 262
955125 124532 476
405996 863503 470
416036 422004 387
933417 113856 476
74674 514163 470
494099 488352 426
63954 368085 443
790081 479416 470
924404 814783 476
419794 722766 470
802984 572134 468
600332 734303 447
569610 791226 468
995847 817018 476
691730 459013 470
609038 822897 468
883946 578271 468
473767 921951 476
638909 17897 470
772331 315641 470
15568 175020 383
977274 281873 476
86219 358344 443
682651 750152 442
619396 394424 470
626965 496786 470
642289 165279 470
964454 327751 476
981611 779788 476
279820 744988 470
884279 624431 468
294174 879455 470
806383 221159 470
217083 25512 386
566955 301680 470
780751 214849 470
988761 712798 476
931441 170307 476
51862 832174 470
693854 973269 476
286215 440838 449
344476 215369 443
181648 960386 476
269095 285105 389
213727 933743 476
225366 140481 386
82576 316920 443
434627 736364 470
612172 99914 470
321162 28489 443
273597 995119 476
37579 75517 340
272226 986563 476
676148 780750 468
817843 915396 476
446103 969220 476
895513 640324 468
385164 355718 423
758893 555773 447
736639 713999 424
541416 510189 470
489096 954579 476
850478 534889 468
491834 961308 476
998553 242810 476
229084 142279 386
167509 14571 383
311755 577565 470
4248 873150 470
600827 271268 470
285887 616285 470
695796 101270 470
734025 437317 470
225775 338999 443
533966 615302 452
633162 652494 416
123016 872912 470
371971 660384 470
322898 577207 470
912289 271162 476
268787 417238 449
857944 135074 470
267736 590042 470
311097 484907 449
888786 401181 470
207905 269288 443
946564 649235 476
152464 191745 383
602218 800346 468
211068 890437 470
592777 999012 476
92251 802561 470
360127 985721 476
338607 201326 443
346336 366567 379
10448 212022 383
301301 500016 449
180362 878563 470
248103 602503 470
990253 221296 476
864613 148900 470
226124 307249 443
550713 931663 476
843917 178411 470
98338 73213 351
891887 278601 470
102083 520801 470
727555 29705 470
969858 367297 476
400735 310178 441
30065 184996 383
401522 53035 443
208002 587614 470
506734 174618 449
800725 31735 470
726293 618627 442
307662 809454 470
14194 918302 476
576128 245999 470
189874 603660 470
234183 399666 441
683930 460113 470
155201 342749 443
615062 101367 470
370912 225742 443
870959 578370 468
737137 143076 470
297553 367853 441
138766 505198 449
751975 710689 424
914962 899199 476
786284 314927 470
794959 11708 470
984234 429288 476
756102 354901 470
232330 392949 441
405701 362946 436
313420 20797 443
252924 928891 476
132137 737890 470
290297 273411 389
337252 99451 443
272230 19876 443
314358 115865 443
476063 530430 470
281845 963574 476
379591 746534 470
935487 722417 476
474906 706198 470
954733 707748 476
105956 51506 351
462011 916013 476
566003 157765 470
41107 264958 443
114794 354335 443
304522 614657 470
343212 381145 441
57841 712137 470
671227 296547 470
716087 838735 468
991574 477200 476
600132 965921 476
659230 871154 468
521834 943736 476
428496 510362 444
787858 464970 470
189450 130882 383
594674 466287 470
666383 726485 442
591779 149097 470
304230 343349 384
562631 703979 447
779315 858127 468
740800 969644 476
976418 732066 476
593758 12731 470
656183 322295 470
532985 454975 470
899579 218391 470
374256 207615 443
923481 578144 476
568743 653231 447
310680 299811 371
480012 37753 449
879992 507421 470
798086 766627 468
659743 239554 470
379748 857585 470
494030 59216 449
759404 543057 452
786812 719844 468
599240 662034 447
587885 392368 470
612625 155328 470
686953 750375 442
19293 2272 279
342305 155615 443
916609 488622 476
937948 973328 458
286416 643549 470
24938 389990 443
388532 810149 470
754292 368687 470
852164 335633 470
132518 430388 449
346722 129171 443
165415 602250 470
615195 845206 468
191456 553472 470
141075 182756 383
973992 771420 476
565353 690236 447
383810 19762 443
918159 81228 476
987445 58524 476
897186 21005 470
121702 606365 470
451536 667103 470
425891 143901 449
563559 410625 470
942840 724878 476
355245 412231 449
678310 617961 429
790673 27292 470
704889 631470 442
999613 159291 476
881787 176240 470
556138 21381 470
55639 322790 443
231420 165091 443
98444 412188 449
545936 873783 468
696281 743662 424
410565 688279 470
869140 621698 468
130678 647179 470
911199 963195 445
613894 386754 470
81861 391281 443
492596 306742 449
483290 214485 449
389915 914115 476
575113 815674 468
320292 867660 470
171866 707390 470
283040 856325 470
298821 525091 470
162252 243909 443
678406 156240 470
912758 409206 476
197789 291955 443
997058 391816 476
144901 478924 449
552623 383299 470
288200 828373 470
836888 459365 470
641237 556514 447
777344 846976 468
310370 637775 470
659120 19882 470
287370 136062 443
425793 465072 444
74170 375515 443
754694 675164 442
357923 591412 470
740554 396962 470
692031 66425 470
452252 24268 449
823256 516247 468
429452 983958 476
827224 926258 476
737586 400840 470
287970 706095 470
652662 485284 470
917428 878649 476
627134 837243 468
340037 65597 443
49981 605605 470
850644 359818 470
823645 504835 470
183698 266361 443
106839 878696 470
172760 750199 470
472895 845799 470
255683 744716 470
572275 466912 470
366986 481779 449
792422 924107 476
215269 213744 373
52834 173235 383
281746 345003 389
753930 711495 424
807714 16050 470
945056 330679 476
656120 121972 470
435650 240732 449
389187 75517 443
337091 536633 470
184487 439668 449
985506 234487 476
173777 257462 443
943719 243642 476
690891 946152 476
166616 219180 386
916902 359188 476
809127 707138 468
468027 520409 470
774865 128092 470
644191 779250 468
741552 463787 470
776281 658819 468
769656 331917 470
157177 952004 476
154000 374960 443
901721 537870 468
850921 896850 432
501674 423461 444
990495 889601 476
972608 404418 476
211399 717318 470
321897 181151 443
273161 983792 476
414514 917296 476
898496 918392 476
868323 101089 470
916457 388968 476
504024 463128 426
764891 746579 424
645282 363785 470
867760 696021 468
721387 433701 470
316269 197810 443
553244 791913 468
495986 907384 470
281816 868779 470
738765 658270 442
405130 442256 449
767326 793758 468
570258 711744 447
875854 370283 470
353078 647728 470
696457 351078 470
97442 40733 351
201782 81128 383
903685 676469 468
712346 735216 411
61483 65320 330
996163 967682 458
164124 810114 470
96684 555478 470
692428 429152 470
872699 940344 476
603983 721880 447
998942 660625 476
334227 865374 470
29565 892070 470
394798 520580 470
889995 133527 470
107689 139835 349
988310 818702 476
682966 262956 470
440882 161584 449
300308 721002 470
898375 686104 468
497238 230026 449
54910 725278 470
835774 560765 468
313133 397656 441
539458 750720 452
563316 661805 447
391878 582870 470
938746 340309 476
657024 818732 468
884044 517953 468
201436 440788 449
239114 414625 449
772516 275026 470
351322 248872 441
668203 634402 429
362444 335083 441
406151 578158 470
650889 418347 470
919068 683895 476
874641 815213 450
242658 706817 470
508551 94854 449
31976 860529 470
331071 11473 443
609527 190792 470
468121 288195 449
427345 150556 449
69011 698993 470
540039 738947 452
999547 21730 476
871664 411698 470
49501 755751 470
380545 445470 449
82823 787013 470
307191 845741 470
718044 152462 470
724878 726318 318
884450 306939 470
628281 919121 476
91812 716766 470
138977 507484 449
319730 245634 407
787241 849661 468
49566 772152 470
801117 690931 468
936512 791694 476
729376 723042 362
806461 236563 470
692608 882070 468
449358 250705 449
760061 613999 447
744225 131744 470
866917 171195 470
57211 781669 470
787108 26802 470
842731 971593 476
666530 457397 470
984759 211779 476
51691 656705 470
963103 623645 476
526313 407340 470
108090 113927 323
330387 466660 449
494958 334208 449
569945 206495 470
15174 252201 443
126807 178862 383
785399 844856 468
911055 254173 476
162368 722628 470
410679 490989 444
175965 293934 443
637144 544545 452
555749 884380 468
277223 79612 443
307514 505641 449
917618 688775 476
749797 405885 470
945989 520618 476
102782 648046 470
909563 766969 468
303147 81523 443
407360 630154 470
728019 765747 424
126718 523287 470
561071 226752 470
17363 931918 476
496120 63619 449
377970 501961 449
605061 15467 470
547541 49146 470
923511 962215 445
439563 241568 449
509506 896637 470
233067 184458 443
665644 858102 468
510547 97470 449
629318 649839 416
341265 56023 443
757496 504042 470
955274 829666 476
730255 420003 470
130302 494714 449
55593 178162 383
813574 246015 470
771718 561605 468
245104 225325 443
54212 43968 340
263580 519764 470
640351 813595 468
299335 987671 476
798841 931604 476
513228 324008 470
224201 547702 470
30956 751838 470
353646 758775 470
242609 427617 449
150422 738119 470
959036 6475 476
760393 769584 468
788476 602792 468
95327 280770 443
971087 16754 476
364395 360053 366
252857 982881 476
847810 258747 470
461713 385221 449
661801 896279 468
340132 680796 470
912140 153347 476
171809 661254 470
59719 538 340
229557 686424 470
74818 494762 449
350123 920945 476
485798 147991 449
