1 10 20
100 200 125
201 210 89
900 1000 174
10 10 7
13 36 112
46 99 119
55 55 113
76 23 116
33 2 112
46 88 116
3 300 128
685751 3254 470
56 20 113
33 252 128
5556 90 238
90 6566 262
33254 68554 340
123 789 171
652 951 179
325 684 145
1 999999 476
321 500 144
60000 40000 340
289132 321321 384
789789 123123 470
800522 265990 470
175664 952386 476
43810 964781 476
526631 656588 452
100 300 128
60 50000 324
654 887412 470
9965 359461 443
4444 4444 34
1 1 1
338779 556842 470
99585 222684 386
9256 32158 308
456854 951357 476
657951 223579 470
348625 952684 476
30251 60524 340
78525 656995 470
30231 66205 340
6858 9875 260
1123 6654 262
3581 9682 262
165 754 171
100 2998 217
305 642 144
370 904 179
34 625 144
123 556 144
102 7854 262
11 658 145
12001 958 268
20134 522 279
30 6648 262
20135 44 279
320 15 131
1165 2 182
12205 33648 308
7875 32054 308
65 11123 268
32158 12985 308
358 55 144
656995 12202 470
33456 55466 340
78213 65470 351
332156 775221 470
3121 6654 262
78520 86954 338
213547 332456 443
2131 5694 238
55487 11235 340
564852 998541 476
65 32 113
195 3 125
6475 2254 262
1235 659 182
77894 5564 351
23 65 113
48 95 116
10 3590 217
900 5000 238
600 6000 238
120 8542 262
33 34 27
62 63 108
19 91 116
45 65 113
789 658 171
114 329 144
98756 123 351
85113 2 351
2054 3044 217
6585 123 262
95 5000 238
691 6000 238
4528 75054 340
6548 66 262
9952 1 262
3258 65891 340
336 4492 238
10 2000 182
6281 47569 324
2035 6648 262
256 400 144
358 995 179
22 500 144
6695 45 262
648 923 179
347 885 179
16 664 145
8752 9998 260
358 4562 238
2256 3148 217
6584 68542 340
778 956 179
685 2113 182
56 102 119
336 452 134
4102 6692 262
31584 6658 308
789 6695 262
4452 3369 238
89 665 145
758 3312 217
56851 65 340
82203 99875 333
652 982 179
875 999 174
1000 6000 238
1000 3000 217
1000 78952 351
66485 12335 340
9467 6652 260
123585 443321 449
20 336 144
15 648 144
2035 6161 238
940 668 179
851 7951 262
3510 5548 238
3582 99685 351
785 9554 262
125 685 145
15846 66584 340
3250 4852 238
65821 3584 340
94852 35486 351
55684 32158 340
123846 985648 476
65 745 171
203 6132 238
204 6625 262
9965 10235 224
600 5231 238
100 358 144
945 3002 217
4585 9856 262
12 3302 217
6584 2156 262
8856 9851 260
23 958 179
65 991 179
28 95 116
97 2656 209
85996 22351 351
78584 3215 351
66585 21335 340
9 536 144
745 965 179
895 1000 174
685 695 127
2031 8756 262
928 1000 174
6851 9856 260
32 6842 262
957 6000 238
856 4452 238
9582 23015 279
79852 66584 351
78 654 145
8021 356 262
6854 20 262
333 444 134
666 888 179
459 22567 279
777 999 179
888 111 179
362 585 142
333 222 144
505 606 137
202 303 128
909 707 179
7858 9654 260
7881 33215 308
64482 77007 325
10 909 179
805 604 171
103 507 144
993 999 94
604 887 179
201 345 144
209 985 179
351 669 145
65482 1135 340
112 659 145
482 3655 217
100 359 144
879 11 179
1235 557 182
9468 9587 198
1077 659 179
949 1000 143
358 785 171
6053 8061 262
7885 9952 260
3518 648 217
133 659 145
785 880 179
30 69 113
13 56 113
161 343 144
398 657 145
123 3009 217
684 1000 179
325 4910 238
99854 6542 351
95 123 119
885 926 148
31 662 145
485 958 179
103 628 144
7954 8319 252
103 3395 217
1235 685 182
9951 10000 180
5066 9194 262
9466 653 262
6086 4318 236
4283 7831 262
1699 8308 262
953 1623 182
3665 289 217
3582 9872 262
5347 6719 262
542 6635 262
1248 3609 217
8993 918 262
9821 5879 262
1143 211 179
2306 4875 238
995 336 179
7852 9815 260
203 6049 238
8423 55500 340
6852 8855 257
9154 9962 260
303 6448 262
900 3000 217
789 6588 262
274630 254952 407
485250 722536 470
432646 444198 400
735918 949769 476
451772 13232 449
99513 795798 470
638733 591290 447
172095 391799 443
86894 556941 470
321568 987579 476
6685 12350 268
778566 695842 468
98 552 144
7851 9968 260
6548 9070 257
6580 6907 244
4852 3201 238
78852 99562 333
69 875 179
336 99987 351
1564 69521 340
6957 84621 351
306 9875 262
5852 32156 308
95213 58546 351
125 8564 262
954632 458531 476
56 785 171
32 6695 262
1258 9965 262
458 32558 308
58 4468 238
957 4861 238
32 158 122
79 55689 340
9875 100354 351
89 547 144
6852 13585 276
695 33895 308
695 7889 262
120 3356 217
9658 45631 324
6894 66894 340
20 369 144
9956 33265 308
6659 2046 262
9958 44231 324
203 6594 262
569 785 171
7856 3254 262
220 3158 217
9568 48965 324
9965 4563 262
246 8954 262
213 6548 262
9621 35894 324
625 9587 262
32 659 145
889 6674 262
85 12369 268
659 485 145
159 629 144
4489 6591 262
485 628 142
9662 59479 340
652 958 179
695 7895 262
6685 6954 257
58 236 128
958 7895 262
8596 9548 260
2203 6659 262
465 8852 262
785 12369 268
9856 5564 262
9952 4893 262
876552 10 470
65 9956 262
30 2564 209
69 8895 262
42 856 171
95231 123 351
695 4578 238
66895 32156 340
98564 100000 328
1235 66954 340
4582 5 238
8 9663 262
6 785 171
223 6 125
101 665 145
459 33 144
2005 3001 217
123 9954 262
2368 4568 238
2013 6959 262
2234 6485 262
798 6585 262
2321 4569 238
7895 11123 268
9875 60321 340
700 1234 182
99875 446852 449
597 7789 262
623 4495 238
6852 12364 268
9587 45631 324
156 3215 217
835860 480884 470
233255 602465 470
468911 934825 476
546872 256713 470
639723 712362 442
146769 683892 470
872088 792520 468
649925 298265 470
965155 45763 476
845724 495464 470
977067 980878 383
889 4568 238
953 1654 182
996 2231 183
4458 6689 262
4896 6542 262
66895 123364 354
7985 9986 260
302 1603 182
5548 9856 262
2348 5678 238
1395 8521 262
33695 45684 324
2236 8895 262
695 489 145
421 336 134
5489 465 238
6895 352 262
3589 78956 351
3654 9846 262
654 56498 340
9345 155648 375
65987 5164 340
96854 123546 354
4653 848 238
523 1123 179
49846 98756 351
3218 68541 340
6854 35165 311
684653 32164 470
5468 9845 262
65231 458964 449
321 985 179
4562 4688 184
9956 12354 268
9000 78556 351
68945 98564 351
1340 9223 262
5994 6052 187
5653 7040 262
5044 6582 262
5256 7520 262
7186 9600 260
67 924 179
2477 8726 262
4793 7821 262
1708 6564 262
3811 6151 236
5708 64 238
9523 44568 324
852 652 171
9563 21354 279
321 605 144
3215 9546 262
6542 3210 262
985 6542 262
123 7852 262
985 32169 308
68752 45689 340
6542 9986 260
4520 32156 308
325 965 179
523 9956 262
85 3215 217
784 6895 262
6882 45896 324
6523 123469 354
5237 9958 262
6523 45689 324
564 987654 476
32122 32156 236
4587 9865 262
20013 60135 340
90321 45690 351
6580 32105 308
48662 45689 314
3356 9003 262
8001 32150 308
65480 12390 340
158 9952 262
681 923 179
89 548 144
230 1164 182
12366 78951 351
9521 1662 262
7885 9546 260
5231 7895 262
9926 11234 268
8564 99265 351
4523 1234 238
87 456 144
9987 44563 324
65498 78962 351
1254 569 182
45662 55691 340
321552 123684 443
7895 4562 262
6548 9521 260
33485 66955 340
9523 6846 260
325 1254 182
78955 99875 333
7283 8742 252
1819 9899 262
605 1631 182
4797 6045 236
2827 6625 262
1135 5999 238
922 2640 209
65 49 113
552 12336 268
52 123 119
954 1236 182
52 62 113
94 96 106
89 49 116
31 201 125
65 985 179
458 236 144
745 995 179
358 426 134
8756 123 262
2113 6648 262
2315 4495 238
250 249 110
235 224 128
158 126 122
88 11 116
125 21 119
217 203 115
75 249 128
6854 2135 262
9958 44563 324
57 995 179
65 623 144
12 303 128
95 69 116
654 996 179
65 852 171
32 125 119
69 58 108
113 669 145
456 663 145
254 698 145
885 445 179
556 6623 262
632 123 144
998 95 179
35 68 113
956 789 179
654 1236 182
995 45 179
556 684 145
236 85 128
835774 560765 468
313133 397656 441
539458 750720 452
563316 661805 447
391878 582870 470
938746 340309 476
657024 818732 468
884044 517953 468
201436 440788 449
5856 446 238
685 9564 262
523 694 145
5521 798 238
523 1254 182
996 3256 217
95 258 128
695 4581 238
369 4587 238
3133 6585 262
4558 9546 262
13 6685 262
6523 1235 262
685 6697 262
7896 91235 351
584 462 142
668 9956 262
695 4851 238
9856 4569 262
563 3215 217
4595 6954 262
3254 7865 262
95423 19845 351
6585 9954 260
451536 667103 470
425891 143901 449
563559 410625 470
942840 724878 476
355245 412231 449
685 6694 262
2385 6598 262
3021 60254 340
6520 3250 262
9854 20016 279
65485 65420 193
956 3215 217
98756 12358 351
9884 4563 262
22350 99506 351
65403 87560 351
84603 98065 333
28241 102147 351
72109 32698 340
23316 11364 279
52327 28490 324
65644 8518 340
67149 17109 340
29740 12088 308
76876 38490 340
62228 3583 340
80147 83062 320
28836 47872 324
8698 80790 351
95153 7818 351
8717 61375 340
65485 2346 340
65482 22354 340
98765 95231 297
5569 9987 262
33215 65494 340
7852 32156 308
98756 77896 338
24842 102960 351
91737 65423 351
43107 82383 351
70019 37171 340
80096 6911 351
107285 102156 354
92757 26704 351
34171 77473 351
87741 111323 354
104774 61224 351
89337 12978 351
12601 74853 340
87027 74451 351
6585 686 262
3215 889 217
120 3026 217
98756 321567 443
21301 65484 340
65488 45613 340
65412 88964 351
32156 9875 308
99323 48820 351
95523 37944 351
79106 10613 351
49797 108229 354
72014 71474 250
45925 34332 324
20732 87376 351
1 2 2
35 213 125
201 5 125
690 3 145
4568 9577 262
52 105 119
601 998 179
937 941 174
789 862 148
468 668 145
742 798 153
965 1117 169
523 642 137
506 575 137
524 603 137
239 421 144
326 510 144
753 753 21
679 855 171
789 889 179
483 556 142
963 990 143
439 575 142
997 1189 182
34 222 125
252 349 144
190 272 128
818 910 179
683 817 171
522 619 137
844 887 179
526 607 137
667 848 171
966 1082 169
951 1133 169
462 591 142
549 610 137
937 957 174
41 50 110
856 9963 262
1235 5569 238
845213 669781 468
589 6542 262
1236 7895 262
5568 6894 262
3215 365 217
982 1236 182
695 4569 238
698 486 145
2236 48954 324
568 4569 238
6652 6648 169
32125 700 308
500 800 171
900 1235 182
600 5546 238
400 12358 268
9000 100035 351
60123 54864 322
955 6594 262
1103 7031 262
62 420 144
6031 1230 238
785 985 179
302 120 128
65 203 125
325 856 171
36 45 110
669 965 179
453 2694 209
103 654 145
9852 4523 262
890027 632772 468
402074 464156 449
360442 35543 443
610578 394479 470
485074 616014 470
555390 36981 470
242987 189521 443
653888 33965 470
373279 747847 470
263169 787478 470
4568 6854 262
2520 3640 217
6940 1360 262
8795 6684 257
32154 30215 285
954 8456 262
1250 3210 217
489 6548 262
6854 9820 260
335 4568 238
42 3321 217
6548 9789 260
6548 3215 262
203 6013 238
987 453 179
52 321 131
3210 3215 168
9956 3212 262
3215 2031 217
668 9875 262
986 4456 238
685 4562 238
652 5896 238
2231 4658 238
167638 468645 449
880006 320857 470
698096 667849 442
576392 401516 470
865116 45374 470
518419 231906 470
957890 941147 414
75738 917424 476
312771 346948 441
811974 830565 450
567292 997214 476
764245 789380 468
2835 9784 262
5020 5693 236
2696 3899 238
3056 7969 262
4803 5349 210
4464 7363 262
1538 3559 217
1880 4525 238
3957 8736 262
431 9416 262
3033 8630 262
315 6529 262
4325 6346 262
6582 20315 279
7895 6549 257
2031 6520 262
987 4563 238
2016 5864 238
98 4563 238
210 368 144
985 6321 262
5568 9987 262
6652 1354 262
6654 5256 262
9987 12335 268
62 1230 182
846 542 171
438 4458 238
684 4837 238
6012 8563 262
3988 7754 262
1814 4787 238
3517 4565 238
3909 6207 262
7354 9090 252
876 7893 262
862 8633 262
2462 3079 217
1123 7284 262
5127 7179 262
3201 8504 262
306 795 171
6548 9256 257
6032 4566 236
80 1205 182
6803 4403 262
1032 3065 217
9024 9980 260
4065 30215 308
207781 414895 449
534450 196947 470
857432 300219 470
346386 379825 423
923801 496006 476
793436 848830 468
728372 378349 470
851926 579188 468
418080 608472 470
526796 808269 468
888561 233926 470
106432 664074 470
371920 573706 470
276465 496142 449
675703 775588 468
396997 524419 470
108727 934342 476
887656 263837 470
807542 883784 450
689521 486279 470
8031 9975 260
16 803 171
654 995 179
125 685 145
125 62334 340
5468 6658 262
935 6542 262
22314 65485 340
56482 65482 335
6694 4568 262
9532 6235 260
4521 6213 262
3221 6548 262
9956 12354 268
3015 6548 262
2154 4896 238
546 7895 262
2213 6548 262
223 6548 262
213 2031 182
6548 9856 260
7754 6548 257
231 6549 262
3215 6548 262
2036 985 182
654 1205 182
654 3215 217
954 6954 262
4586 9546 262
8865 4553 262
6621 12335 268
5564 2236 238
7753 900 262
7993 4181 262
6098 3380 238
6226 1529 262
8876 279 262
3980 4649 215
1454 2380 183
1574 7201 262
1668 4078 238
7160 8067 252
8985 215 262
5633 5189 236
7246 5111 262
5437 4761 210
499 4642 238
9874 9992 242
7033 7627 239
2565 1050 209
68554 46895 340
654 7856 262
2235 4568 238
6695 12369 268
55312 100321 351
6603 1230 262
4021 9920 262
6032 4203 236
12035 98756 351
841436 44 470
736753 54 470
237394 64 443
508233 78 449
955546 18 476
361177 68 443
135327 55 354
524501 53 470
949764 11 476
887829 36 470
53599 26 340
521653 21 470
523055 5 470
88405 47 351
749698 20 470
83908 68 351
946404 55 476
7895 6687 257
321321 4566 443
98745 23159 351
4585 6213 262
88964 33256 351
213 3215 217
882 2136 182
5468 22236 279
99 654 145
12365 65921 340
3256 6954 262
123 8856 262
6548 9856 260
1235 6684 262
5856 9865 262
45856 96575 351
1232 65485 340
5568 98565 351
5564 44532 324
413339 576439 470
819699 927435 476
330503 560332 470
747133 977258 476
831406 992009 476
550118 706815 447
646095 947955 476
613029 756574 447
636868 880539 468
232594 948930 476
873363 943050 476
603170 790527 468
926943 982252 458
58013 880936 470
101773 848539 470
324230 969567 476
327856 942817 476
617681 779648 468
264326 730695 470
726214 802521 468
220899 896715 470
668106 697444 442
677631 730766 442
862281 920293 476
131222 331141 443
285183 971804 476
479869 77110 449
6548 522321 470
6889 42130 324
6548 99031 351
6201 22035 279
8056 60456 340
90321 80321 333
1023 6025 238
1203 6542 262
9540 6580 260
4580 6320 262
703 6203 262
403 3210 217
6032 4569 236
6850 6210 244
4563 3250 238
4556 9804 262
3320 1034 217
6603 8850 257
4560 1230 238
75201 65480 325
45621 12354 324
9960 10000 180
96520 98762 297
450 3320 217
4560 654 238
7895 3250 262
6856 2348 262
9875 6695 260
12354 56821 340
9564 10003 242
65482 3215 340
2793 2766 160
8872 8869 79
7935 7903 190
1935 1913 175
4099 4025 158
562 588 119
9764 9789 198
6620 6664 182
1689 1628 180
2783 2721 173
9732 9738 167
4568 4520 184
9681 9656 185
4225 4225 57
2079 2097 126
5763 5706 174
7532 7545 133
8681 8663 172
1902 1902 30
2200 2171 139
8442 8416 203
6548 9956 260
32156 54667 340
321589 654667 470
123564 123336 331
