834743 416633 470
111418 496434 449
304184 377910 441
286639 60360 443
467391 605658 470
908303 328013 525
915572 81945 525
930164 152362 525
425498 622051 470
122940 749231 470
662628 68297 470
805281 574481 468
996136 867257 476
391183 389432 361
25887 346897 443
871084 881964 432
836322 950887 525
526129 534655 408
519762 5214 470
471144 49592 449
587654 276352 470
993765 203693 525
903759 22 525
650093 746508 442
683282 617077 429
24476 746301 470
941242 46648 525
108618 106072 354
945437 621554 525
568167 554473 421
734405 814518 468
207891 869964 525
161546 202083 365
995398 645454 525
911826 252276 525
14838 237105 443
14726 302407 443
482985 138262 449
16093 698510 470
838595 107324 525
475695 973860 525
743570 869682 525
178155 660257 470
499175 309378 449
350580 40266 443
25619 807357 470
946870 36240 525
771241 95130 470
603341 295985 470
898841 159513 525
384702 889755 525
494388 617426 470
868066 306700 525
783753 989180 525
348034 973458 525
272585 506169 449
778426 833651 468
650853 939913 525
46161 357049 443
820091 270868 470
798457 116301 470
937023 180305 525
326960 109639 443
908415 276440 525
780440 47231 470
873350 189847 525
423182 914587 525
411575 571359 470
201466 9346 383
157936 913691 525
476680 871171 525
709968 793462 468
850949 369108 525
311041 463838 449
457704 192282 449
495370 263434 449
668264 50137 470
601316 435313 470
948052 900459 476
550684 19753 470
256415 722155 470
934142 739910 525
206903 147678 383
367398 795927 470
175396 683388 470
694623 873595 525
183601 915188 525
384061 888863 525
501350 866462 525
870750 658825 525
890616 938531 476
552423 362945 470
168335 451699 449
518439 439418 470
922355 351084 525
815090 867341 525
345585 38266 443
577462 749318 447
659504 17951 470
547806 41902 470
629256 50718 470
664395 918856 525
950093 436133 525
439290 388409 449
614796 445848 470
293377 370433 441
267153 171393 443
415317 129441 449
248558 649823 470
277617 23336 443
562760 519347 452
535302 973806 525
44041 830696 470
261295 901687 525
716408 398067 470
772793 662251 468
430008 105996 449
554707 945281 525
396940 605905 470
949966 97501 525
408772 241491 441
239624 639104 470
626177 813714 468
341116 202064 443
315868 9905 443
838812 975617 476
886673 360274 525
249826 986194 525
960091 576223 525
20256 155837 375
579494 731520 447
887714 480031 525
94912 843322 525
90952 914301 525
66940 242159 443
287869 624676 470
109236 260515 443
970425 786560 525
470236 289612 449
896287 962805 476
735142 450460 470
451255 935222 525
767761 690501 442
856912 910802 476
487075 447742 444
149421 625995 470
356019 877709 525
545258 428004 470
366574 205612 443
773691 631859 468
871940 74447 525
384980 244603 441
582556 154030 470
183283 249894 443
117038 27921 354
828258 662612 468
398965 963993 525
126115 454016 449
573115 403747 470
260355 900673 525
915799 945829 476
828032 405423 470
494251 996394 525
548810 935655 525
717167 741368 424
22606 509634 449
669529 696587 442
794871 524678 468
73769 355969 443
743433 551599 447
774429 904201 525
603790 84248 470
466098 200358 449
375435 680771 470
404793 176297 443
794509 992120 525
285272 194208 443
901197 499072 525
114612 932346 525
389659 107367 443
713944 922128 525
114708 852679 525
503883 646268 470
266128 364489 441
99167 303505 443
925707 651556 525
672655 29254 470
280353 310962 398
455448 666899 470
879425 189783 525
763410 41920 470
897136 977022 476
919027 448416 525
482350 166780 449
49936 528597 470
303660 405826 441
631436 639717 416
343585 735063 470
133469 20911 354
28165 228666 386
438119 240083 449
632858 846404 525
500961 431034 444
632889 713489 442
996223 782631 525
61190 468280 449
814291 552139 468
525294 577359 452
289774 299129 371
98234 497513 449
501666 450359 444
666902 821822 468
873532 882949 432
154534 371547 443
807181 293688 470
746858 727098 424
808038 727071 468
680859 419482 470
384776 800895 470
42593 683848 470
747968 172753 470
16896 696985 470
343383 897305 525
441108 616665 470
314248 979696 525
67733 265194 443
536211 313402 470
631890 908876 525
866934 336508 525
352972 861232 525
175932 907194 525
365403 577845 470
609199 630800 447
771667 411918 470
994784 197865 525
117913 249693 443
346945 724859 470
537324 369333 470
902493 276828 525
846084 148560 525
299700 589490 470
137127 42412 354
367501 108570 443
391519 616795 470
282247 298908 398
163951 579496 470
944243 166494 525
358329 464605 449
859463 317430 525
635782 17354 470
268795 600735 470
637568 940029 525
823860 818465 450
511919 924330 525
40546 836684 470
218626 594977 470
112125 122006 349
768151 69936 470
556441 488633 470
976369 555603 525
58126 68194 335
157716 152520 383
643357 674100 429
809275 29399 470
673976 887309 525
117107 471435 449
43552 155291 375
926852 953971 476
585422 605699 403
457129 790533 470
337828 949122 525
385645 719712 470
254695 35242 443
539167 457913 470
863305 32226 525
225907 264242 443
419899 384382 449
501554 449794 444
945112 551578 525
372685 344739 441
120067 774014 470
593462 210728 470
991735 504190 525
358729 520289 470
921085 233854 525
936992 208416 525
437817 756258 470
400352 95757 443
918172 856703 476
751949 46413 470
729611 672543 442
264959 593131 470
965114 95087 525
918468 273661 525
621118 452388 470
26357 369336 443
276135 202453 443
815399 677227 468
498491 653776 470
1212 527984 470
314178 965023 525
390615 203687 443
158439 965412 525
609211 723213 447
410037 295418 449
536989 909566 525
124320 222679 386
806778 717725 468
958663 590701 525
60818 237241 443
429940 378621 449
919888 197871 525
462556 826166 470
275519 23467 443
230187 940441 525
274803 306022 398
386790 240245 441
264877 306419 416
851989 66072 525
908400 981275 476
662455 732072 442
125909 984742 525
591400 93056 470
300149 895502 525
643190 945274 525
729990 259026 470
891697 918386 476
662153 924938 525
357230 629518 470
487521 473458 422
296883 483281 449
160725 662897 470
345744 623924 470
15876 717564 470
489124 422785 444
466785 41089 449
386527 535627 470
667104 883412 525
139934 215633 383
244605 436404 449
549010 151465 470
352715 543913 470
298173 539566 470
512415 444390 470
386102 617171 470
101719 907395 525
169075 390631 443
968029 839286 476
15653 199321 383
252553 605413 470
767458 810575 468
579912 169118 470
300123 429237 449
461154 574111 470
967273 641811 525
899443 392737 525
355500 628897 470
396779 899052 525
950162 963443 423
61531 490276 449
994982 233447 525
883543 323779 525
319111 606958 470
811095 138291 470
822078 406264 470
309277 525881 470
280181 563974 470
371705 629393 470
252862 373438 441
93844 12893 351
87916 393264 443
585512 572906 434
435954 709885 470
670581 164596 470
731025 326720 470
675719 988785 525
971124 354027 525
859570 991644 476
614403 265008 470
115247 190982 383
663420 581280 447
278952 993081 525
903756 336229 525
400649 481481 449
379712 683831 470
285182 346504 441
125147 734794 470
458457 510390 444
355309 227530 443
942265 824127 525
974265 810837 525
352858 746294 470
42528 61985 340
122979 181207 383
81789 546687 470
214778 697983 470
685037 870222 525
516895 494456 470
157451 705980 470
517205 299877 470
968088 527170 525
490649 42250 449
796960 909281 525
372682 306002 441
446845 207498 449
855356 129430 525
81771 840723 525
334177 676317 470
181486 765040 470
227797 319395 443
952501 583305 525
569084 818632 468
304705 758654 470
348305 545069 470
161283 395258 443
706494 830964 468
64210 558843 470
56265 751562 470
268761 751714 470
908205 433129 525
684345 685187 279
759569 904037 525
698537 853288 525
87857 253451 443
601446 737287 447
127238 260564 443
355458 893743 525
801348 488637 470
596573 469944 470
195265 662148 470
574585 484003 470
725437 743389 424
781075 498487 470
991311 36812 525
825196 19350 470
609991 438656 470
464770 163565 449
936286 333879 525
17897 222056 386
493167 304329 449
526876 271965 470
885484 578227 525
418700 982317 525
304877 545967 470
575428 618805 447
584418 271734 470
780753 316210 470
715715 37549 470
847533 633030 525
104995 523991 470
798229 134403 470
462347 576235 470
192395 441376 449
529777 439773 470
82387 448193 449
359397 347758 379
2527 639959 470
765998 525173 452
825588 179804 470
72880 383562 443
427880 891023 525
562664 688640 447
540401 288295 470
235897 706342 470
409462 984165 525
905838 129025 525
380700 888859 525
93378 886469 525
215725 752756 470
927298 473693 525
987658 886618 476
898753 539520 525
654218 491921 470
272485 652223 470
632328 755463 442
635598 767328 442
379577 959740 525
961006 333116 525
816594 962174 525
156547 858602 525
192593 901079 525
568819 485463 470
393891 119287 443
911547 680848 525
340708 103108 443
373284 745309 470
828255 976700 525
406992 206020 443
652630 738296 442
326386 646020 470
606751 65163 470
432540 166886 449
916906 474316 525
243915 647169 470
25321 206174 383
739621 483990 470
65236 11420 340
914977 962910 476
306176 615744 470
988115 266588 525
620119 946322 525
628715 241481 470
770123 317419 470
249337 76677 443
483025 755276 470
898107 969281 476
619085 79653 470
444852 52608 449
510570 188850 449
411653 619286 470
780263 155155 470
517957 919192 525
753915 274310 470
476107 952113 525
40816 175444 383
654214 279991 470
884192 438916 525
290048 828687 470
917638 487261 525
212959 602028 470
314703 260769 416
60809 118631 354
661483 419461 470
198936 778155 470
376105 535167 470
790256 110574 470
145441 267702 443
201408 476146 449
548095 940650 525
368133 232731 441
69026 543097 470
472361 514006 470
237209 893896 525
19568 481803 449
793227 10401 470
793912 228669 470
801496 590090 468
133447 833529 470
957597 526542 525
718327 342421 470
2503 217086 386
58987 185560 383
198820 414132 449
951986 498205 525
660492 366660 470
487123 649627 470
996613 886120 476
918903 653801 525
739067 843599 525
762260 107713 470
854850 88031 525
819460 368239 470
130428 707691 470
317837 223407 443
126450 682160 470
865524 733962 525
535025 799187 468
60549 50430 340
50584 31248 324
458715 208332 449
782390 389871 470
618641 162110 470
437012 807087 470
775653 243990 470
778548 479219 470
970347 373923 525
669582 158023 470
353691 652676 470
115411 246748 443
157818 272602 443
472976 341547 449
356975 656822 470
264508 650254 470
502081 680653 470
994038 231796 525
920859 273331 525
958626 829964 525
277575 518666 470
177416 727058 470
21806 286629 443
122537 133147 344
754534 746252 424
615077 251586 470
963529 471055 525
3385 171112 383
760694 327047 470
19466 324616 443
53451 895935 525
865831 173844 525
928345 607963 525
667714 997001 525
924668 11415 525
63862 436976 449
558045 771839 468
535594 624114 452
663684 981860 525
407009 647224 470
671866 179630 470
626875 258453 470
669060 397366 470
71596 161911 383
939864 329215 525
922319 990508 476
565157 748276 447
536480 663712 452
720956 853362 525
456623 26886 449
100363 508120 449
389160 590416 470
954172 828721 525
821209 262701 470
211607 520347 470
12826 378787 443
333235 698938 470
948512 256624 525
82028 552760 470
657206 265337 470
111520 255801 443
429133 648632 470
230882 26803 443
962925 979826 458
738777 65489 470
849110 697428 525
953623 964110 423
300841 431182 449
980951 839128 476
53155 575645 470
514481 387598 470
789805 994732 525
713110 456399 470
252413 408576 441
105154 770126 470
497594 548987 470
61598 86753 351
427223 203805 449
614458 100144 470
883987 707469 525
181872 706331 470
938610 613188 525
736132 838835 525
87733 714280 470
964013 186657 525
652694 118233 470
118349 155320 375
932230 702480 525
192006 356937 443
734372 457841 470
22649 259169 443
330088 832425 470
984237 219522 525
448423 210855 449
754334 332238 470
956432 652864 525
881974 124298 525
16568 279001 443
920217 123120 525
364373 874106 525
489159 915192 525
715668 996240 525
153043 792605 470
350455 312482 441
831017 12407 470
812767 990063 525
975159 850965 476
906335 996782 476
875797 902120 401
138568 489665 449
186530 767403 470
301051 47098 443
34994 154077 375
331373 482548 449
505019 871681 525
225850 745710 470
606172 864864 525
990189 260963 525
730638 581207 447
275661 693842 470
176149 870965 525
702940 931667 525
341169 868734 525
914425 165591 525
444320 565690 470
305644 432269 449
989253 406179 525
845716 887289 432
203674 983332 525
975337 449980 525
393957 609472 470
351822 683463 470
759500 96941 470
603612 911581 525
585908 124392 470
760637 304295 470
396991 739263 470
333817 293955 384
909086 919587 476
720725 548198 447
118122 877172 525
743569 221565 470
280139 414716 449
853766 212509 525
537259 643732 452
50403 146926 375
220525 858095 525
862250 962412 476
650733 510690 470
263323 158888 443
976893 836206 525
786786 176352 470
787268 212271 470
95583 835566 470
927135 990623 458
681122 327741 470
312147 488857 449
183176 398428 443
636315 216708 470
324096 520703 470
28847 213593 383
294487 975983 525
829067 632160 468
151941 281405 443
873074 393073 525
709701 97080 470
573922 96819 470
353281 870915 525
16379 903280 525
931462 661808 525
750035 103196 470
408871 902251 525
618356 398183 470
463998 317926 449
740669 275838 470
7154 329629 443
73921 859962 525
673311 319629 470
863713 564054 525
804867 966282 525
120118 554894 470
650099 308555 470
980748 927096 458
684452 299305 470
146024 49134 375
104290 406894 443
704668 723300 420
344283 399135 441
66968 864835 525
707942 332994 470
270646 819184 470
972275 78178 525
269873 106894 443
496524 943855 525
575497 473558 470
332752 270850 398
584460 899928 525
883027 135346 525
626332 454412 470
68243 732467 470
985682 134545 525
317640 250306 416
760501 62576 470
898601 948461 476
132189 760770 470
370896 569823 470
2954 897855 525
424693 998152 525
737360 519966 452
381212 813596 470
216940 425373 449
236337 556928 470
313337 339303 384
546691 834077 468
509933 399914 449
386726 43839 443
196843 729938 470
367022 367988 286
133560 794747 470
9606 554483 470
962370 328852 525
688611 894445 525
643719 660106 429
776111 647141 468
666484 293112 470
199320 238391 443
313789 728430 470
619514 214489 470
413046 891468 525
138464 272565 443
664148 630641 429
678458 471131 470
474081 25685 449
252661 361410 441
208503 7410 383
482858 692362 470
13195 417115 449
373723 532987 470
253005 622913 470
934229 720131 525
969006 100591 525
357619 866824 525
215202 747907 470
317039 868853 525
973053 310996 525
821812 555195 468
238385 638273 470
727253 839967 525
220868 667998 470
184826 571590 470
830791 384676 470
916126 927481 476
18704 927253 525
918788 667661 525
969628 773492 525
308169 516809 470
562616 925073 525
347164 444437 449
459682 601982 470
359480 689330 470
379416 893070 525
127044 363278 443
465150 856839 525
199353 969876 525
172073 913615 525
831727 856455 525
280786 623793 470
811363 126935 470
627870 445803 470
664652 214882 470
61714 252489 443
68409 702793 470
718021 728430 420
937107 51961 525
189994 366717 443
281563 275785 389
8075 592585 470
409620 185004 443
971074 390501 525
13861 920683 525
986848 197142 525
374347 41766 443
3119 14693 276
319933 960064 525
704273 43105 470
847818 241095 525
527035 651216 452
640594 622879 416
929484 477688 525
789042 229871 470
618046 663025 429
572141 764940 447
825694 633986 468
406973 51280 443
615724 498014 470
278104 32590 443
581517 610356 434
139483 310198 443
681777 86355 470
243896 513059 470
245593 142592 443
329034 203421 443
81202 945965 525
466649 321324 449
92243 119382 354
114063 126344 349
114041 482000 449
926978 472881 525
386606 184099 443
176076 464308 449
234490 309391 416
644162 408812 470
803361 526207 468
458309 979103 525
658986 367896 470
852919 545570 525
662177 41233 470
68424 64451 312
458336 811386 470
803679 94388 470
585253 15592 470
460170 394924 449
92899 503748 449
651828 743700 442
659707 106232 470
935345 204563 525
46743 323318 443
683595 887249 525
545138 411808 470
233625 980537 525
814641 52815 470
854364 980534 476
493440 534073 470
151146 28578 375
222023 322423 443
51138 727516 470
60078 421634 449
480382 795931 470
914954 59872 525
578693 281911 470
481323 339859 449
43220 611756 470
447978 718937 470
311567 542275 470
883621 708060 525
56869 420507 449
845881 69917 525
660458 405304 470
134854 408024 443
52295 660307 470
174110 109664 383
233088 200974 443
996651 42916 525
565118 425888 470
918229 716653 525
977049 492474 525
994463 311138 525
508921 293370 449
355065 674097 470
177635 47680 383
59995 194013 383
386721 730570 470
773763 901204 525
566391 129742 470
278664 614881 470
805206 916241 525
526839 976536 525
786539 921162 525
826007 316014 470
200825 382395 443
807990 221273 470
601509 161985 470
117513 985609 525
893689 905716 401
342349 951906 525
126723 792740 470
854328 540951 525
316144 951191 525
624271 625720 385
784035 191719 470
110180 877504 525
744873 848365 525
420984 280692 449
646256 340006 470
682733 399071 470
625918 683811 429
859203 519570 525
589331 920212 525
403796 74016 443
573263 605177 434
874162 346874 525
122193 640546 470
241678 381328 441
586452 390800 470
579499 410127 470
494640 165161 449
17877 812143 470
694359 652415 442
211002 976361 525
107166 442776 449
528607 408501 470
517337 292276 470
871302 910896 476
755055 991816 525
781141 408025 470
770145 122967 470
979318 819993 525
304470 551676 470
782667 535730 468
442584 214541 449
40281 813308 470
907725 715850 525
789438 326255 470
629469 689216 429
873822 385526 525
131713 734628 470
811516 490380 470
51825 748802 470
794446 500962 470
257070 584740 470
527455 824772 468
340525 115144 443
225303 72837 386
456462 916232 525
750350 628104 442
528974 311533 470
29755 696501 470
361141 97519 443
259698 608510 470
419984 227849 449
812876 696498 468
39505 882475 525
23007 49514 324
48288 801327 470
920058 781852 525
696310 77475 470
13484 781957 470
911112 264317 525
90236 147068 375
535498 432636 470
299323 569964 470
63792 550123 470
