454 558 142
301 354 144
164 368 144
735 831 153
76 91 111
287 759 171
258 805 171
844 863 148
264 350 144
252 629 144
828 859 148
492 506 111
512 760 171
707 951 179
861 905 179
176 449 144
382 418 134
668 787 171
411 705 171
626 879 179
599 728 171
451 945 179
495 967 179
750 780 153
699 965 179
615 794 171
329 793 171
151 772 171
583 973 179
813 961 179
580 761 171
96 147 122
851 885 179
36 544 144
361 413 134
553 873 179
812 935 179
731 837 153
949 964 130
124 222 125
813 996 179
847 979 179
504 575 137
423 922 179
753 811 153
858 934 179
943 978 143
276 647 144
446 537 142
941 964 130
67 271 128
959 998 143
75 461 144
39 743 171
216 746 171
92 187 125
41 175 125
757 796 153
549 771 171
763 891 179
849 934 179
220 322 131
18 615 144
7 911 179
275 973 179
850 999 179
602 978 179
232 266 128
801 816 135
233 336 144
863 967 179
277 779 171
908 994 174
630 903 179
745 834 153
520 776 171
91 799 171
341 668 145
546 857 171
186 486 144
849 852 60
904 916 130
284 718 171
535 571 137
152 195 125
908 998 174
627 830 171
916 960 174
961 980 143
308 933 179
489 899 179
607 740 171
603 699 145
649 667 145
391 920 179
976 999 143
582 825 171
617 755 171
492 771 171
569 573 106
80 898 179
408 589 142
501 596 137
901 999 174
294 812 171
831 934 179
284 900 179
118 929 179
440 843 171
37 322 131
832 956 179
807 945 179
190 788 171
209 815 171
826 982 179
625 678 145
530 897 179
965 997 143
675 705 171
792 886 179
867 900 179
291 449 144
543 877 179
212 532 144
831 972 179
469 986 179
483 650 145
373 847 171
842 849 60
327 814 171
649 937 179
676 982 179
401 507 142
388 649 145
654 923 179
738 877 179
302 996 179
558 834 171
11 386 144
109 347 144
483 500 142
648 820 171
110 919 179
316 861 171
584 703 171
294 475 144
682 772 171
390 540 142
790 914 179
829 877 179
841 956 179
828 914 179
184 730 171
837 931 179
208 612 144
997 999 50
214 425 144
88 545 144
147 695 145
224 488 144
306 573 144
147 788 171
288 951 179
773 851 153
938 983 143
108 597 144
604 909 179
314 861 171
567 643 132
107 876 179
853 989 179
2 799 171
48 903 179
375 796 171
36 973 179
153 750 171
472 741 171
499 917 179
611 981 179
600 851 171
74 773 171
310 805 171
956 997 143
204 598 144
534 763 171
262 862 171
544 908 179
219 320 131
174 598 144
656 960 179
636 932 179
639 823 171
88 683 145
749 816 153
929 965 174
964 988 143
190 824 171
172 747 171
867 944 179
296 512 144
242 570 144
211 389 144
439 444 116
117 659 145
172 193 120
710 712 65
38 941 179
163 703 171
588 960 179
832 923 179
760 863 153
128 415 144
444 475 129
199 655 145
181 529 144
977 987 143
781 851 135
93 206 125
405 765 171
520 590 137
719 865 153
301 428 144
158 982 179
125 597 144
630 766 171
52 456 144
286 878 179
829 973 179
648 877 179
143 178 125
290 727 171
241 903 179
585 838 171
216 508 144
862 996 179
511 551 137
579 902 179
890 918 130
369 916 179
359 991 179
614 836 171
44 910 179
659 692 145
335 982 179
211 261 128
316 604 144
229 373 144
960 967 143
400 897 179
722 757 140
621 901 179
715 837 153
712 899 179
189 825 171
603 924 179
972 984 143
734 871 179
6 163 122
937 946 174
703 724 171
273 735 171
103 468 144
85 196 125
358 975 179
870 988 179
875 925 148
236 528 144
732 781 153
387 641 142
157 790 171
417 549 142
255 601 144
278 894 179
113 324 131
605 879 179
554 896 179
446 823 171
316 589 144
153 227 125
633 744 171
280 984 179
169 289 128
480 611 142
974 981 143
187 853 171
849 865 148
890 912 117
746 862 153
394 946 179
914 922 130
470 809 171
361 565 142
4 999 179
26 520 144
134 258 128
92 173 125
700 955 179
554 662 145
95 185 125
299 471 144
840 949 179
747 832 153
211 805 171
386 701 145
591 654 145
601 991 179
544 822 171
536 660 145
277 319 131
579 584 119
278 944 179
941 946 130
847 866 148
385 771 171
483 733 171
750 991 179
224 650 145
869 953 179
527 588 137
870 884 179
272 474 144
718 757 140
164 956 179
129 965 179
341 876 179
564 741 171
204 583 144
680 994 179
228 703 171
242 967 179
558 559 88
941 962 130
397 782 171
438 512 142
772 959 179
858 942 179
873 989 174
52 151 122
1 359 144
103 282 128
534 679 145
325 980 179
370 651 145
86 985 179
672 985 179
100 510 144
522 662 145
145 939 179
210 744 171
907 962 174
681 859 171
492 755 171
548 725 171
566 729 171
966 993 143
234 469 144
250 375 144
956 965 130
699 870 171
250 452 144
284 816 171
822 926 179
217 331 144
652 687 145
800 843 135
37 547 144
729 936 179
741 897 179
845 888 179
546 564 137
415 611 142
607 894 179
236 883 179
219 847 171
835 914 179
29 807 171
947 964 130
736 854 153
498 866 171
796 844 135
23 615 144
580 783 171
875 980 174
686 954 179
936 953 174
472 532 142
441 564 142
607 963 179
403 951 179
437 721 171
330 892 179
989 991 99
339 695 145
691 753 171
248 573 144
678 854 171
91 345 144
823 999 179
310 703 171
878 965 174
576 582 119
384 478 134
115 707 171
576 840 171
874 888 148
924 994 174
33 418 144
330 687 145
385 888 179
150 266 128
626 636 132
25 656 145
702 820 171
153 765 171
316 604 144
224 983 179
357 993 179
311 719 171
499 544 137
570 944 179
418 449 116
217 616 144
690 828 171
846 880 179
871 902 179
771 772 122
171 523 144
74 730 171
864 976 179
230 753 171
13 616 144
231 698 145
533 808 171
66 639 144
976 987 143
901 977 174
560 779 171
221 965 179
656 1000 179
855 881 179
161 544 144
561 648 132
206 472 144
331 732 171
962 969 143
865 895 179
97 759 171
419 701 145
17 151 122
405 654 145
379 856 171
184 544 144
883 912 148
678 801 171
672 999 179
432 824 171
864 888 179
599 963 179
165 553 144
943 947 37
497 504 111
225 692 145
992 998 112
885 902 148
796 984 179
957 981 143
686 879 179
195 407 144
830 984 179
752 917 179
599 878 179
106 638 144
660 910 179
59 340 144
251 372 144
496 764 171
702 772 171
276 872 179
585 946 179
613 884 179
421 711 171
640 732 171
705 905 179
937 954 174
157 840 171
678 772 171
456 912 179
406 750 171
920 954 174
846 977 179
537 593 137
442 473 129
412 993 179
990 1000 112
691 821 171
87 891 179
60 385 144
219 715 171
234 242 128
217 393 144
853 971 179
792 874 179
679 761 171
239 903 179
973 996 143
823 830 135
935 969 174
858 876 179
988 997 112
212 244 128
3 465 144
262 509 144
346 571 142
200 907 179
218 939 179
611 967 179
720 956 179
338 475 134
362 548 142
95 668 145
321 656 145
468 977 179
40 767 171
497 811 171
311 401 144
998 999 50
176 913 179
477 632 142
25 513 144
354 918 179
530 574 137
894 992 174
538 831 171
72 909 179
224 330 144
701 943 179
701 840 171
206 738 171
864 913 179
561 732 171
699 710 171
623 629 132
573 888 179
185 397 144
355 488 142
546 588 137
670 838 171
980 994 143
206 451 144
445 848 171
434 795 171
46 903 179
557 681 145
777 888 179
946 973 143
588 682 145
473 480 54
293 619 144
867 874 179
646 893 179
451 905 179
803 950 179
395 416 134
663 687 145
521 533 124
498 651 145
326 856 171
326 370 144
856 951 179
373 458 134
412 737 171
260 926 179
859 957 179
824 935 179
317 661 145
560 791 171
678 751 171
918 945 174
283 856 171
841 916 179
651 773 171
378 590 142
956 982 143
131 511 144
845 872 179
516 683 145
599 961 179
835 908 179
718 773 153
76 523 144
554 645 132
788 854 135
39 836 171
384 564 142
229 295 128
941 946 130
491 899 179
74 918 179
621 827 171
714 760 140
594 849 171
123 522 144
103 492 144
362 948 179
390 401 121
222 767 171
279 702 145
112 461 144
625 793 171
609 888 179
811 983 179
479 491 142
955 959 130
923 947 174
583 630 132
338 763 171
589 797 171
322 866 171
655 895 179
315 432 144
425 963 179
343 622 142
5 537 144
344 867 171
535 846 171
793 914 179
198 968 179
102 1000 179
531 929 179
647 847 171
810 907 179
685 853 171
226 859 171
711 967 179
577 638 132
464 569 142
243 977 179
953 960 130
79 656 145
95 838 171
402 676 145
270 807 171
148 370 144
201 751 171
149 185 125
228 443 144
598 769 171
791 956 179
237 336 144
687 755 171
990 991 99
338 791 171
986 986 50
553 951 179
184 322 131
315 338 144
340 616 142
316 333 144
477 602 142
603 821 171
614 861 171
403 607 142
805 988 179
183 530 144
941 948 130
493 936 179
67 803 171
328 422 134
643 968 179
803 986 179
883 945 174
685 995 179
808 808 29
67 717 171
439 468 129
676 788 171
557 804 171
689 818 171
550 691 145
23 565 144
740 981 179
742 780 153
402 601 142
910 924 130
762 910 179
916 960 174
728 781 153
40 729 171
827 985 179
711 724 65
411 955 179
214 741 171
597 807 171
11 639 144
400 847 171
353 377 126
283 403 144
657 699 145
9 58 113
551 579 137
951 994 143
611 926 179
479 925 179
48 170 122
683 694 127
637 694 145
66 225 125
354 509 142
70 226 125
283 505 144
395 484 134
148 548 144
109 214 125
639 812 171
342 639 142
17 402 144
622 842 171
711 851 153
557 754 171
409 459 134
190 460 144
273 351 144
540 917 179
582 977 179
679 714 171
829 848 135
493 708 171
196 881 179
376 599 142
861 929 179
911 982 174
495 997 179
102 290 128
912 966 174
385 579 142
666 768 171
751 761 140
193 739 171
282 591 144
945 958 55
921 995 174
164 465 144
805 914 179
707 835 153
624 745 171
626 825 171
957 957 55
769 814 153
457 782 171
263 745 171
316 913 179
595 872 179
732 733 96
86 567 144
209 744 171
905 969 174
483 554 142
996 997 50
951 958 55
871 967 179
719 906 179
866 999 179
651 770 171
763 889 179
892 931 130
908 917 130
189 499 144
695 906 179
789 950 179
329 934 179
737 996 179
251 904 179
726 826 153
37 861 171
243 399 144
616 881 179
922 997 174
607 806 171
813 957 179
977 997 143
487 867 171
252 603 144
566 872 179
476 972 179
535 712 171
70 389 144
459 668 145
98 832 171
456 845 171
148 423 144
736 736 21
266 883 179
462 787 171
2 350 144
287 371 144
125 361 144
847 867 148
7 889 179
590 965 179
866 867 29
761 774 153
344 529 142
495 982 179
936 989 174
178 197 120
368 562 142
261 422 144
245 462 144
497 874 179
698 806 171
8 280 128
746 983 179
987 991 99
3 248 128
872 914 148
198 941 179
477 981 179
240 805 171
675 921 179
413 856 171
189 416 144
986 994 112
989 990 99
81 605 144
691 932 179
95 193 125
952 978 143
348 741 171
31 630 144
532 794 171
306 599 144
218 511 144
714 800 153
74 834 171
308 706 171
135 163 117
958 993 143
987 993 112
519 565 137
906 918 130
490 783 171
282 905 179
321 931 179
503 780 171
793 889 179
162 999 179
579 976 179
854 989 179
125 205 125
150 861 171
818 924 179
421 571 142
786 957 179
165 640 144
880 920 148
953 989 143
835 998 179
4 156 122
783 889 179
459 459 129
415 634 142
985 996 112
457 635 142
272 889 179
246 368 144
253 381 144
164 523 144
847 891 179
626 759 171
173 201 120
175 204 120
618 901 179
100 542 144
183 697 145
912 994 174
125 459 144
645 909 179
154 630 144
966 986 143
78 697 145
686 840 171
984 997 112
739 901 179
722 725 47
227 996 179
59 178 125
302 967 179
399 750 171
739 796 153
5 656 145
916 991 174
626 911 179
408 408 28
421 782 171
528 595 137
942 945 130
777 975 179
992 995 112
430 463 129
821 923 179
304 725 171
913 959 174
652 717 171
526 789 171
772 974 179
578 1000 179
924 952 174
570 606 119
241 748 171
528 821 171
595 642 132
964 990 143
545 626 137
676 731 171
870 988 179
154 763 171
301 327 144
249 264 123
360 666 145
339 442 134
723 988 179
889 932 148
125 528 144
160 456 144
110 368 144
185 541 144
956 975 143
476 730 171
243 836 171
976 993 143
574 978 179
448 953 179
564 740 171
380 959 179
665 867 171
667 667 145
323 454 144
498 563 137
130 323 131
1 639 144
502 794 171
121 883 179
834 845 135
745 972 179
710 744 140
279 533 144
268 483 144
512 961 179
444 633 142
360 544 142
527 822 171
153 164 112
857 893 179
673 893 179
204 822 171
872 942 174
66 495 144
423 763 171
790 883 179
417 829 171
633 966 179
499 865 171
535 710 171
171 765 171
374 801 171
232 387 144
159 244 128
988 998 112
310 999 179
3 442 144
167 606 144
692 834 171
446 639 142
209 809 171
695 895 179
352 532 142
373 701 145
331 764 171
204 855 171
207 509 144
390 651 145
881 886 117
199 814 171
129 654 145
914 961 174
274 812 171
97 947 179
83 149 122
239 858 171
373 544 142
761 983 179
46 971 179
333 464 134
348 679 145
689 802 171
789 814 135
286 333 144
444 869 171
804 871 179
