1 10 20
100 200 125
201 210 89
900 1000 174
1 1 1
9 9 20
9 8 20
10 1 20
999999 999999 259
999999 999998 259
291188 931733 476
694459 638630 442
749751 238760 470
886106 762142 468
517246 642611 452
203388 491378 449
369474 521162 470
899808 515894 468
181906 384967 443
89477 457040 449
5247 595890 470
702862 958156 476
466119 22392 449
723141 665357 442
176213 703604 470
515031 981604 476
635338 723694 442
134439 899293 470
962453 20546 476
175640 479699 449
177361 379027 443
485281 546834 470
414393 899294 470
576933 596298 434
798465 666409 468
567543 803711 468
776504 270405 470
761868 242623 470
807000 999213 476
907979 497417 470
702817 423010 470
479022 338155 449
660909 127665 470
751652 623362 442
662414 927291 476
617266 353980 470
820522 102547 470
900813 234916 470
516045 991950 476
345418 314511 384
172565 427165 449
118222 949068 476
697569 394294 470
705895 504570 470
393507 613874 470
1987 96325 351
551088 995212 476
948683 211997 476
637082 700336 442
349564 299496 441
141832 481034 449
653475 962354 476
97785 68494 351
711474 613830 447
574648 571096 372
928340 261417 476
998261 560766 476
724689 210035 470
955060 430584 476
228809 348567 443
558662 745000 447
959095 109751 476
740212 907779 468
835951 891498 432
122320 699719 470
705199 778355 468
180753 872878 470
254914 278538 407
455576 966387 476
406572 30225 443
51689 334912 443
805845 49950 470
409882 530535 470
259984 364942 441
961118 488793 476
227714 519781 470
747997 701013 424
143736 2414 375
122997 493891 449
893912 245316 470
193611 599111 470
537876 888567 468
471989 792789 470
167105 441770 449
759177 87881 470
471994 325070 449
936996 277839 476
375019 346879 392
322578 149207 443
711820 283697 470
152204 453738 449
317682 900200 470
154752 975621 476
902614 277748 470
469512 796526 470
37269 663122 470
909841 575144 468
65895 896034 470
367933 232999 441
337804 641314 470
320880 324002 353
966383 257876 476
116046 855606 470
118959 438623 449
4814 344984 443
236524 671221 470
798721 68410 470
571422 467677 470
44031 988240 476
259630 513543 470
298971 296898 371
690869 208812 470
386246 756763 470
619050 268383 470
503967 471059 426
909697 339051 470
309265 390285 441
111131 939514 476
760096 230090 470
378138 279114 441
575073 128866 470
950334 887998 476
197276 35961 383
355676 755510 470
24201 615305 470
269053 323171 389
426407 474127 444
46187 812652 470
230890 179442 443
81035 249061 443
650500 504936 470
588111 473969 470
409426 213447 443
413484 169522 449
443536 305826 449
962839 532813 476
434691 913173 476
420811 146171 449
949134 290691 476
901681 487539 470
905995 684938 468
810710 846606 450
159065 371101 443
659258 389955 470
550542 254498 470
153220 715246 470
273638 741331 470
189216 683063 470
954777 116904 476
366789 912517 476
422729 329628 449
445330 857419 470
757006 380345 470
517795 220345 470
671036 419476 470
707883 91236 470
104414 32798 351
452047 263479 449
403899 625509 470
167638 468645 449
880006 320857 470
698096 667849 442
576392 401516 470
865116 45374 470
518419 231906 470
957890 941147 414
75738 917424 476
312771 346948 441
811974 830565 450
567292 997214 476
764245 789380 468
602654 868659 468
822177 54701 470
646342 740280 442
680210 813979 468
208926 74421 383
649040 907021 468
742269 739637 393
308537 607386 470
785010 341160 470
353496 257106 441
282307 943437 476
688734 109282 470
290386 500708 449
939847 371882 476
497922 218297 449
161262 614781 470
86956 983439 476
669481 247502 470
723719 349691 470
575685 446849 470
424112 224726 449
868074 680585 468
964362 690815 476
802175 263577 470
31975 155671 375
520682 828485 468
613313 723621 447
937767 903698 476
224329 391819 443
789784 236456 470
610115 951046 476
851236 211276 470
448690 520717 470
458777 686613 470
384613 34463 443
133463 322929 443
773392 1537 470
517718 251959 470
692352 319894 470
515535 238531 470
475564 550422 470
67017 88877 351
274043 4784 443
506779 12576 449
910806 296564 476
249031 520921 470
761814 614471 447
246401 210504 443
649393 705178 442
897116 34006 470
253845 544783 470
871138 27237 470
60525 388856 443
279195 267081 389
708749 308934 470
505611 698518 470
859355 572627 468
301599 133398 443
91615 808378 470
145974 2421 375
619146 909208 468
37547 895164 470
523680 283947 470
105668 173073 383
503329 516988 470
721282 757173 424
61772 592420 470
298614 636500 470
495480 577808 470
903580 204230 470
886742 409191 470
416952 260302 449
496023 718550 470
393700 587637 470
41133 53878 340
104263 660278 470
963085 656013 476
555442 970 470
454164 175314 449
174042 957493 476
692302 409528 470
228871 268278 443
1948 527485 470
904777 497428 470
619497 808357 468
215862 506239 449
731752 632813 442
766541 227775 470
351363 674445 470
329617 392496 441
728322 948083 476
566978 205612 470
604096 636625 447
206582 58260 383
326143 894827 470
529957 532649 346
304356 758828 470
800926 820507 450
800517 219908 470
832139 420014 470
542469 562205 452
440458 788426 470
195018 721203 470
16201 60586 340
909852 860021 432
967285 152379 476
808104 48468 470
357990 926404 476
199297 78776 383
498869 525440 470
487808 28826 449
58089 792163 470
301858 373220 441
126875 102375 354
107332 473219 449
36594 649801 470
35424 991255 476
438227 230442 449
712458 968631 476
805231 622310 468
828653 772516 468
774688 150962 470
335188 646882 470
591571 534485 452
725658 90440 470
59925 213466 383
633469 632217 354
519833 935327 476
5437 160912 383
551906 112769 470
634130 102704 470
276774 669554 470
93959 229205 386
414200 320621 449
197836 219431 386
457135 540693 470
506151 746027 470
205860 355543 443
392910 797430 470
890027 632772 468
402074 464156 449
360442 35543 443
610578 394479 470
485074 616014 470
555390 36981 470
242987 189521 443
653888 33965 470
373279 747847 470
263169 787478 470
582672 975209 476
521113 39808 470
515902 541468 439
785834 235966 470
897010 692948 468
33396 301243 443
325720 435469 449
279603 200366 443
985216 890180 476
594844 470290 470
20400 664439 470
507270 777590 470
368164 675363 470
811555 741442 468
423210 588928 470
43125 520086 470
564137 78442 470
559893 594244 434
134114 345728 443
830209 545328 468
552880 377810 470
846570 878600 432
327483 126174 443
593170 312699 470
530558 188015 470
782989 550957 468
852453 804463 450
328548 734821 470
479826 140103 449
476263 417240 444
729030 33592 470
937326 807372 476
112033 11424 354
401616 760350 470
871355 746029 468
305678 424236 449
123839 666453 470
302836 451322 449
306831 896005 470
278225 837388 470
598224 575418 434
388346 964881 476
379882 716893 470
699702 373912 470
371200 690169 470
305357 614434 470
723760 756887 424
421806 349997 449
768310 337626 470
110347 639666 470
83656 416025 449
63902 721698 470
82478 880941 470
687224 389308 470
291151 965449 476
740900 889375 468
540867 129246 470
368461 434953 449
360343 68164 443
323070 245747 407
272537 628426 470
860181 996297 476
385313 796191 470
346294 153623 443
648022 970845 476
307493 245882 407
901074 371394 470
967579 983551 458
252335 654804 470
887063 57691 470
134458 627963 470
947065 189529 476
271414 829730 470
624482 631756 385
412098 947551 476
877503 684635 468
90182 251889 443
680932 989698 476
562284 541430 452
143321 210306 383
26480 450814 449
456187 927553 476
336412 937971 476
911104 102952 476
592775 312372 470
160642 727232 470
940335 621911 476
916760 211749 476
451641 55447 449
357709 863739 470
517202 749416 452
548374 121588 470
515509 743510 452
111286 77794 354
799144 254607 470
802303 825624 450
219625 772695 470
753177 556036 447
710666 178487 470
173192 817645 470
490858 333833 449
59082 945397 476
955743 490046 476
671350 407385 470
59698 29060 340
785328 576899 468
778475 333702 470
698487 293985 470
591416 323977 470
885982 390560 470
578583 202490 470
216184 312412 443
975184 969361 458
382653 200055 443
147848 555844 470
17700 152910 375
889677 590985 468
98308 359625 443
81032 769657 470
767009 140729 470
798716 552337 468
231832 91397 443
400243 444523 449
899585 991658 476
768500 299772 470
382219 861287 470
502261 112607 449
687904 477446 470
81968 70557 351
191705 744019 470
140605 723609 470
896929 544486 468
314594 509441 449
904111 909829 383
279098 671120 470
564762 592019 434
737662 796594 468
197620 652109 470
755321 97205 470
643768 38026 470
396976 540191 470
899313 899236 251
652797 101422 470
890886 248970 470
171978 82592 383
507193 826786 470
806200 918326 476
371273 634998 470
427767 275384 449
544828 221070 470
460708 109590 449
813088 712574 468
420388 10708 449
364684 689914 470
622116 522656 452
727939 533296 452
62847 141457 354
432532 229848 449
242878 837623 470
993021 929059 458
434419 500215 444
755846 754823 362
418541 127119 449
389821 360513 436
402502 448853 449
581582 377414 470
72648 394670 443
89989 493035 449
919581 454672 476
697153 55902 470
977327 425093 476
589197 554378 434
80754 21729 351
298430 323632 384
373556 291452 441
252691 807974 470
305871 522741 470
562797 238616 470
649859 466823 470
599128 566565 434
915675 180710 476
943979 988322 458
89584 548172 470
995562 523369 476
2844 692715 470
579270 494375 470
632012 168467 470
562957 712766 447
704400 375591 470
550602 77956 470
667042 803292 468
400135 487117 449
840238 477136 470
725733 490097 470
943958 324861 476
570867 373839 470
19776 29051 308
362161 109359 443
577222 357723 470
146933 580065 470
564643 726202 447
588644 196655 470
894669 151601 470
909420 113274 470
41396 974226 476
191229 708438 470
291724 105568 443
709759 131962 470
582704 435492 470
136263 40867 354
274558 707129 470
414705 294333 449
736179 291071 470
917895 313401 476
162998 64828 383
407670 727640 470
305235 996313 476
924295 714108 476
662118 347920 470
827381 703514 468
322147 532814 470
926156 613870 476
638382 150120 470
260036 735290 470
585612 396298 470
776156 374374 470
103428 705066 470
668706 353811 470
996136 100806 476
667212 159134 470
679838 589086 447
400979 985072 476
99605 325274 443
213385 275927 443
187398 40766 383
493645 23749 449
573579 934005 476
151823 211961 383
84126 411858 449
461455 669737 470
322361 237612 407
44111 425788 449
456882 227021 449
293803 453018 449
842030 475219 470
126356 521868 470
64306 527334 470
21145 163910 383
366812 234529 441
954040 68415 476
789498 447686 470
92163 363078 443
381691 758190 470
89243 465816 449
684252 550698 447
649757 6613 470
302514 693867 470
946604 759395 476
435092 240408 449
726617 277123 470
715626 367177 470
313195 294136 384
894511 848544 432
972249 775527 476
597277 926290 476
843941 386776 470
373976 450309 449
264058 269871 345
208499 353300 443
735687 406955 470
418202 385444 449
413568 720715 470
593516 874376 468
994314 28608 476
628988 235136 470
305730 344615 384
602313 133130 470
152955 11029 375
981673 125205 476
786555 578950 468
51495 630497 470
965725 939674 414
80806 229783 386
209545 803508 470
97288 459436 449
210463 515489 470
844880 138235 470
750409 952600 476
12612 258928 443
981207 155804 476
494064 801142 470
500418 610581 470
934271 167578 476
621609 430149 470
292782 922368 476
9099 858480 470
552865 489029 470
312359 147875 443
233016 521903 470
951382 844507 476
495544 676050 470
874201 854628 432
814284 624610 468
807228 341100 470
883537 788435 468
496904 891805 470
103782 511526 449
16591 552257 470
679103 638199 429
982405 486089 476
560568 505709 470
344569 627637 470
994737 656927 476
775512 741957 468
693035 241099 470
100670 702783 470
917148 974870 458
557411 245638 470
599480 364639 470
586737 997221 476
667278 597845 447
403232 771060 470
623576 419822 470
323317 302679 384
572226 305723 470
302973 646998 470
325636 161746 443
274635 834577 470
332878 564351 470
576534 25913 470
805450 677203 468
242900 722598 470
652073 800310 468
968235 765757 476
164949 69178 383
277184 346431 441
667022 680415 385
117491 290598 443
100237 955012 476
107482 186667 383
774939 410454 470
833664 100575 470
86404 108300 354
935151 419281 476
186855 25890 383
959397 992304 458
217298 202297 386
714903 869370 468
2607 197343 383
149333 681759 470
266520 426516 449
28191 447747 449
106931 659885 470
252549 721371 470
614897 874234 468
908038 904040 383
798892 255907 470
4615 885296 470
364206 453970 449
304577 65266 443
479860 263975 449
57570 697157 470
466271 286677 449
80732 983082 476
484020 744268 470
664841 264744 470
170784 207236 373
226695 791918 470
867121 479244 470
513290 996222 476
353478 935532 476
900263 152371 470
191439 419082 449
37667 69850 340
387257 342243 441
135115 867116 470
120422 192684 383
78478 586693 470
993565 673413 476
569775 477585 470
417682 748820 470
256533 588465 470
470261 483228 382
380384 337382 441
962471 407878 476
847808 830153 419
343410 262276 407
982523 49053 476
195563 534394 470
118902 582819 470
390842 254016 441
964139 511263 476
960904 42617 476
97956 954469 476
716029 181935 470
946258 133711 476
444960 202791 449
722176 915220 476
200223 616764 470
766806 676898 442
24642 614614 470
507052 882255 470
391095 3780 443
931307 586657 476
52379 564414 470
683680 443220 470
818429 647819 468
954482 293538 476
690435 566643 447
762211 920668 476
262782 222674 443
568584 707741 447
939669 804964 476
622961 139892 470
421728 389767 449
816790 960573 476
518586 838046 468
842828 423885 470
841825 288340 470
524746 894203 468
852753 208426 470
851627 185388 470
856244 806110 450
993129 60884 476
886957 755341 468
495756 149739 449
978014 64340 476
857480 917683 476
869303 994645 476
571780 805235 468
384413 388570 348
765808 417203 470
226616 122841 386
841087 582645 468
411181 365833 449
991053 263934 476
574258 842680 468
963525 944706 414
162995 956655 476
519794 49952 470
711996 529754 452
713895 204215 470
594094 571375 434
636103 977601 476
566020 207883 470
782837 464637 470
110657 548645 470
881839 851476 432
185691 722926 470
434121 596871 470
602963 939378 476
375009 691425 470
296264 852739 470
636131 459258 470
809394 670129 468
23415 35595 311
199884 737309 470
239809 308182 407
308684 390116 441
799987 388908 470
597998 582824 434
367750 222859 443
645674 249589 470
74335 831364 470
486720 22661 449
942439 603887 476
962038 831652 476
295313 258302 407
684391 931443 476
231765 493785 449
115778 255179 443
43584 829865 470
506692 797597 470
652251 329580 470
187713 452238 449
718487 299916 470
35063 86237 351
522774 194941 470
850030 597109 468
540509 850954 468
619769 482948 470
454841 96012 449
828804 750153 468
354314 513196 470
195802 100283 383
521185 825783 468
869665 564769 468
655648 376357 470
362366 307899 441
705936 64283 470
274341 938627 476
364198 823607 470
24865 886972 470
18548 389099 443
484081 559056 470
754257 103850 470
556208 209098 470
199861 899217 470
473456 68379 449
926617 183462 476
682865 447802 470
9245 552530 470
526775 664892 452
928886 403345 476
486995 634822 470
467628 275540 449
573450 831825 468
99148 112519 354
718797 117695 470
15822 717082 470
190956 770078 470
335136 261368 407
493380 49202 449
674789 966835 476
117580 601406 470
150297 314650 443
563413 673745 447
867179 90188 470
852841 310271 470
7738 339836 443
459297 475365 444
615376 546951 447
821394 228728 470
659469 54397 470
860626 189495 470
771478 51582 470
473777 106615 449
827154 967157 476
155816 501943 449
448197 787599 470
617554 112699 470
616453 180967 470
786443 483633 470
785358 639285 468
308108 793095 470
493325 767404 470
782664 622905 468
314356 604059 470
851632 488029 470
172660 712259 470
191729 458342 449
278045 665505 470
564956 619403 447
632662 234976 470
121347 80860 354
536780 738900 452
707762 667437 442
434071 494205 444
665274 219429 470
647694 973381 476
12525 141020 354
740786 795188 468
278129 569346 470
913451 129762 476
57375 86111 351
356225 249103 441
544453 634269 452
428813 623613 470
253673 61475 443
372794 889223 470
656538 423778 470
142328 364300 443
91215 576398 470
372710 756489 470
795826 20404 470
244075 322555 407
675627 984860 476
631948 953756 476
68411 545399 470
597722 639990 447
145715 953946 476
403297 204372 443
102420 832109 470
342189 870296 470
893584 714982 468
273724 64327 443
652964 416051 470
942831 258384 476
506653 829745 470
529077 816684 468
364353 773151 470
139239 39981 354
272217 771186 470
507941 340627 449
830790 105663 470
980616 976504 383
573813 383914 470
180876 190437 360
216023 523064 470
60734 623811 470
752251 334457 470
202343 919419 476
264713 145174 443
177803 771365 470
489123 706879 470
102254 853475 470
480031 241493 449
407660 266452 441
526883 915600 476
607078 357673 470
535467 587695 452
848381 623484 468
485813 29257 449
813921 701835 468
66526 874654 470
839851 332981 470
723315 42194 470
252400 988027 476
701571 944407 476
273598 190694 443
165491 375851 443
44169 645521 470
131548 451829 449
426177 172636 449
881633 33256 470
530308 417101 470
135155 378690 443
40585 620967 470
922150 368710 476
837006 502880 470
243364 676857 470
835860 480884 470
233255 602465 470
468911 934825 476
546872 256713 470
639723 712362 442
146769 683892 470
872088 792520 468
649925 298265 470
965155 45763 476
845724 495464 470
977067 980878 383
388358 531857 470
601845 310508 470
900566 438852 470
327593 658135 470
629913 163453 470
139019 863168 470
280122 122134 443
797993 341198 470
378847 437717 449
53561 39820 340
635813 439853 470
832339 799942 450
252322 311700 407
845704 98047 470
321368 336977 384
78925 709725 470
868833 194975 470
534437 769399 468
633826 376234 470
427534 263739 449
539687 566552 452
126907 334013 443
688686 439105 470
675211 581737 447
391026 242976 441
135761 26839 354
682828 482304 470
340985 449354 449
794003 700893 468
547400 115371 470
37870 140530 354
339300 906702 470
335504 387942 441
676102 969329 476
764175 617840 442
747272 818066 468
184393 388384 443
152080 387283 443
827488 341495 470
483224 218514 449
584470 618984 447
759556 267298 470
101288 614745 470
716651 409496 470
315638 778256 470
39071 353508 443
918785 892575 476
260210 254289 363
