938306 80742 525
245656 519049 470
578481 706309 447
290199 778921 470
860693 456222 525
956598 485967 525
888913 759678 525
357921 253182 441
571567 774502 468
599776 473782 470
466193 104012 449
263632 595752 470
228406 128540 386
157561 205567 370
713310 124123 470
838692 165821 525
719069 84348 470
199074 297550 443
304862 489273 449
590675 165555 470
459699 61478 449
165726 348612 443
821155 523646 468
601793 392722 470
812352 201570 470
380708 278545 441
305581 158545 443
874296 48192 525
287084 546062 470
767962 394 470
184389 606654 470
680418 903457 525
205207 879492 525
715211 510068 470
368765 820090 470
675622 828463 468
881567 841347 432
177076 702722 470
879198 293073 525
95444 691550 470
494642 476152 426
484300 314428 449
148901 358596 443
876823 435984 525
418862 644785 470
950582 117456 525
251439 631000 470
20913 970849 525
24697 250329 443
480917 393461 449
70419 156539 383
736129 951986 525
512091 427409 470
654708 391289 470
720481 264357 470
82839 729328 470
254713 567138 470
557960 403613 470
439939 434783 400
353801 373005 419
593772 304383 470
490460 359415 449
449588 25578 449
330265 474284 449
275906 811181 470
381950 346324 423
481925 118079 449
812514 994015 525
545487 467223 470
385304 780172 470
245784 468142 449
23705 500496 449
549485 581664 421
418313 503628 444
530651 772113 468
390837 124423 443
590701 881297 525
998042 554493 525
906874 328307 525
28777 696984 470
653692 410726 470
557512 135617 470
43009 370027 443
129632 102700 354
351454 514935 470
882872 597237 525
497282 420781 444
611937 560971 434
516650 544454 439
578803 47301 470
316567 969639 525
685928 421472 470
365141 683970 470
975964 786219 525
526481 4742 470
483203 180173 449
929671 40716 525
315790 486885 449
924946 445421 525
589584 276400 470
474561 986660 525
387841 486047 449
407442 999777 525
47018 438296 449
544231 625820 452
485596 375002 449
109664 685728 470
796474 474805 470
883902 286643 525
261024 410383 449
291384 744227 470
104761 735260 470
299147 420550 449
222145 224093 324
380175 325933 441
14697 368940 443
312594 402537 441
854986 234240 525
916518 416208 525
672535 974953 525
556232 672335 447
349955 665896 470
872268 660633 525
140701 756170 470
947276 915928 476
680758 752864 442
660155 785518 468
2329 473506 449
720272 738677 424
211803 614651 470
64611 226499 386
983591 891408 476
629035 352782 470
639852 545553 452
768990 826591 468
34711 325222 443
498926 384666 449
505322 371194 449
559503 160227 470
641569 20984 470
76156 322327 443
288053 250515 416
622049 290381 470
724021 342321 470
29059 935823 525
956971 93669 525
162323 454767 449
499281 305562 449
321754 139133 443
365320 604948 470
965723 400030 525
444374 978853 525
298900 949696 525
864252 858403 370
109923 505821 449
393591 186078 443
342352 681643 470
436593 964400 525
972024 674818 525
820925 1083 470
124846 292101 443
608955 801372 468
261073 108236 443
106935 582826 470
761572 472254 470
187774 241500 443
872283 632147 525
734557 171184 470
581843 598809 434
543791 205971 470
618834 937381 525
906252 475390 525
619025 857049 525
439790 105254 449
531867 774919 468
106336 170918 383
67021 229495 386
972289 328093 525
851934 79224 525
425123 613506 470
65682 612896 470
369210 452170 449
759247 103767 470
137558 341091 443
702576 681348 442
61266 835614 470
132934 967517 525
311005 266163 416
824567 264999 470
371416 870638 525
554123 991955 525
41556 621143 470
735654 13846 470
463440 587588 470
607273 888562 525
201094 187160 360
501458 570303 470
639329 260705 470
674070 291091 470
116000 890850 525
486643 691469 470
240669 619576 470
658987 65878 470
399944 997758 525
845081 285564 525
382601 399204 436
277520 424157 449
534551 13174 470
952206 997990 458
600762 73684 470
886552 316060 525
260843 902214 525
400568 414376 449
677123 588842 447
705466 307328 470
993896 192109 525
513001 234565 470
325890 171988 443
814647 725833 468
683950 659728 398
11397 66552 340
58932 803120 470
4913 107687 354
330499 471323 449
105677 445465 449
545006 506433 470
761524 320054 470
922851 676296 525
248634 114179 443
779342 468305 470
421506 773238 470
174618 448712 449
522008 500507 470
620699 336655 470
740544 818854 468
996382 266146 525
399610 569518 470
69266 404522 443
677204 913968 525
390049 297085 441
359433 449259 449
317722 635162 470
769312 240573 470
311458 532151 470
354751 90801 443
456 290462 443
378243 175073 443
739173 900250 525
189785 874076 525
236905 444533 449
207135 747491 470
710678 606744 447
831213 294149 470
525470 22622 470
208117 915518 525
833910 81755 470
364778 151632 443
716916 648294 442
906408 542578 525
694649 261160 470
147583 695104 470
65826 525826 470
384382 319203 441
940280 88371 525
193279 691390 470
532903 400414 470
438881 243582 449
521362 784299 468
51935 561037 470
321125 774255 470
476555 155036 449
856009 355537 525
306667 87130 443
518036 213076 470
629708 212685 470
988439 291495 525
421994 568469 470
817320 806375 415
887671 757601 525
894745 80950 525
448991 941852 525
995567 402076 525
699638 31135 470
700579 751572 424
592171 21705 470
40033 582930 470
690944 410246 470
452672 511815 444
497376 970707 525
724890 641288 442
697596 227534 470
932782 119590 525
796002 750103 468
440169 683673 470
21909 849118 525
278828 985103 525
790971 788599 406
901383 4814 525
819733 116168 470
270591 926108 525
137872 310623 443
509039 828815 470
720868 961710 525
340630 218244 443
446622 579725 470
373736 658422 470
321463 306519 384
292217 631670 470
570826 732385 447
315343 106939 443
95709 108375 354
606246 400884 470
896974 507629 525
405697 230912 441
623796 676287 429
157021 275872 443
501114 180264 449
618891 221983 470
656178 473726 470
954430 102800 525
567655 328167 470
275426 403322 441
148890 567642 470
34992 719715 470
814232 864539 525
826653 909940 525
972913 432899 525
825028 384092 470
454732 230725 449
615004 592733 412
421217 772024 470
382809 922330 525
466492 515905 470
658517 122670 470
989630 127153 525
739673 71490 470
969523 15099 525
474811 118413 449
582741 24008 470
838127 911177 476
888546 178985 525
335322 861459 525
126088 160350 383
245552 580819 470
905278 374760 525
687756 326495 470
660988 70566 470
763030 127480 470
586470 935751 525
250149 90305 443
577108 989821 525
675998 546631 452
4920 150809 375
665043 101865 470
174816 17375 383
13042 577566 470
196359 348363 443
439026 836650 470
22917 198782 383
931674 928195 370
573541 619430 447
768894 234529 470
689995 46129 470
876212 790669 525
496085 126361 449
880973 73193 525
116182 556971 470
619824 635305 385
221985 799071 470
737170 911004 525
816446 264416 470
488571 527009 470
126984 441801 449
363660 149900 443
154787 295334 443
592299 728327 447
428968 361194 449
477060 118964 449
921526 353272 525
423837 417611 418
993836 304811 525
490804 110018 449
375986 110628 443
259527 112175 443
909698 510901 525
537384 240349 470
775317 540159 468
767358 416505 470
496164 645222 470
80609 650950 470
454760 672908 470
893481 883727 401
548306 884745 525
516895 984036 525
752221 940732 525
401648 746057 470
759747 892451 525
370279 649937 470
517283 629805 452
762112 941185 525
140707 813700 470
695739 430228 470
353859 977301 525
846732 850022 419
622523 441545 470
15177 591487 470
628657 908657 525
475214 691167 470
793402 506314 470
675204 545623 452
447046 76852 449
291680 720997 470
483507 661958 470
370934 514994 470
805967 647250 468
456179 946673 525
460950 666122 470
376901 329013 441
643423 223633 470
693239 780150 468
179383 708415 470
371637 808039 470
131277 361056 443
499207 924678 525
867369 174411 525
984505 828619 525
765466 790389 468
549616 248973 470
966551 434754 525
763966 772519 468
82005 734349 470
719192 57159 470
400472 96094 443
900376 558099 525
833930 593615 468
338250 13313 443
816235 224091 470
821352 947511 525
585146 834763 468
386395 966719 525
9174 370900 443
309543 774639 470
161290 373363 443
537816 642045 452
808117 301782 470
414564 404326 449
550335 133757 470
461484 465011 369
744054 361860 470
23111 577984 470
469680 875564 525
105502 285915 443
99655 441058 449
747630 199006 470
275821 134025 443
165725 284994 443
19130 989472 525
573837 694623 447
362835 111653 443
336668 685156 470
927638 751232 525
603686 992177 525
399193 65171 443
457189 143247 449
941234 994503 458
721230 410914 470
870067 826731 525
211033 969721 525
267789 958663 525
168727 543609 470
606892 848656 525
342807 626021 470
352333 430848 449
834848 229372 470
542500 171517 470
914528 984342 476
436953 518214 470
976520 836145 525
97589 947913 525
979391 553028 525
942416 214826 525
478146 812483 470
41558 203384 383
296409 823550 470
676251 979340 525
881364 283143 525
342201 738375 470
423369 694533 470
169224 258217 443
923904 225928 525
943937 352637 525
724475 380890 470
385056 700995 470
731239 996848 525
648908 710630 442
549876 591324 434
925456 542227 525
918011 481218 525
745610 728624 424
818972 421861 470
707964 700336 411
219208 50165 386
952916 642576 525
744697 122140 470
414998 182807 449
862271 873139 432
535443 586746 452
768234 920498 525
801945 499473 470
917347 450853 525
724308 981427 525
556381 649764 447
523654 988596 525
645186 269264 470
717221 464158 470
205329 425185 449
678699 424537 470
989554 631615 525
581317 734251 447
267959 996314 525
917057 644434 525
383659 966705 525
231181 151893 443
887203 33126 525
165570 318755 443
998183 889877 476
814387 68769 470
53846 852245 525
57366 213236 383
635714 288791 470
677394 841042 525
713975 870297 525
265579 217734 443
501912 846896 525
951985 284075 525
357415 383247 423
928508 255278 525
349952 673893 470
921374 751360 525
221224 86945 386
584319 733611 447
491026 912910 525
802379 59077 470
765156 373949 470
272312 400870 441
662739 463910 470
241912 890919 525
334207 21696 443
108653 836118 470
382796 574842 470
634397 254415 470
472294 77111 449
509693 822245 470
751003 431067 470
87810 486431 449
32216 186334 383
220042 523242 470
99244 22422 351
582318 864399 525
910574 854629 476
265269 87519 443
318540 21386 443
978437 652746 525
43081 601294 470
3070 940080 525
690341 151671 470
194495 162635 365
228781 218392 368
499084 979784 525
649459 586894 447
466215 681674 470
773227 200462 470
719120 386675 470
737087 301438 470
251075 647661 470
670272 30548 470
735179 503016 470
51933 227821 386
669966 609217 447
343320 673035 470
549297 33661 470
338911 743792 470
710499 567691 447
962183 209583 525
61680 125847 354
310681 42100 443
807521 598112 468
242561 526641 470
984787 979647 427
342284 235862 416
141513 12556 354
266409 390897 441
515571 318342 470
618717 699741 442
927558 476241 525
372777 991060 525
24106 225892 386
734852 734604 287
793582 211240 470
944187 369467 525
851291 254868 525
411566 173017 449
852980 654126 525
213862 837767 470
147978 556145 470
587833 289490 470
82905 854241 525
194591 112680 383
686787 813308 468
812421 128551 470
803753 699402 468
119611 827859 470
925293 368667 525
562463 233080 470
94111 506650 449
602546 945401 525
275723 14112 443
118418 642907 470
182442 332280 443
994878 844623 476
402629 582711 470
648318 485534 470
951156 842908 476
112418 152149 375
170421 924838 525
280699 974174 525
138445 914513 525
802033 63738 470
797384 878700 525
811022 405699 470
385351 413568 449
351101 175278 443
941884 983722 458
818184 638530 468
830206 327267 470
997358 232836 525
909977 645676 525
232574 375338 441
2789 344991 443
527486 173210 470
784034 322389 470
661588 922478 525
751106 463621 470
500421 548490 470
856525 311443 525
954189 241876 525
239215 819494 470
931357 181099 525
803216 263746 470
333834 147628 443
591012 331192 470
380463 500989 449
491072 127241 449
876327 493860 525
986435 918017 476
181274 770469 470
240407 842861 525
207153 991512 525
820686 707573 468
54208 677212 470
533220 8397 470
433292 772434 470
342095 364650 441
953533 659515 525
142600 801571 470
807142 733612 468
132763 701809 470
748805 138039 470
343254 139337 443
631898 329690 470
57355 813172 470
614363 297761 470
170238 821515 470
803477 990924 525
43293 857684 525
182341 576512 470
380285 615632 470
348947 236584 441
494486 816684 470
896099 637086 525
618255 217446 470
370698 265222 441
919255 119503 525
403260 262509 441
258840 549362 470
106403 316194 443
876738 720766 525
128159 46977 354
542281 445840 470
552105 585574 434
817729 734445 468
162086 712218 470
350077 511032 449
948802 844563 476
841920 844901 388
481649 460175 444
62347 366551 443
725396 495806 470
486053 642860 470
272520 259097 416
192223 378922 443
89495 68961 351
99688 731857 470
115937 156174 383
177698 182246 365
255952 509631 449
916690 418037 525
221849 266768 443
443274 170651 449
625535 285194 470
529756 621388 452
259574 106308 443
987938 499174 525
116318 988195 525
142035 388837 443
761497 848461 525
281964 850991 525
917421 381651 525
582849 547563 421
52029 274751 443
729808 307980 470
784381 646499 468
240222 520434 470
427471 683495 470
205290 567210 470
482893 735045 470
188598 256671 443
355557 690740 470
755845 471875 470
678935 897879 525
860711 440432 525
746340 656879 442
805628 177966 470
38531 902681 525
239733 604763 470
691636 969541 525
912743 990221 476
130245 152965 375
510655 71920 449
350664 715944 470
639129 347761 470
965194 827726 525
604432 320751 470
32671 360277 443
792625 711605 468
772360 167542 470
666242 32905 470
824420 986074 525
725074 377155 470
888755 964807 476
981918 94596 525
448553 408866 449
84817 93002 333
76035 595471 470
164921 426698 449
825620 804049 450
774458 790814 437
145980 893094 525
625769 178650 470
767575 932599 525
404459 539935 470
614345 584905 412
87044 952969 525
570979 812118 468
330125 973938 525
776925 826247 468
68534 225478 386
749317 667554 442
318479 825351 470
263026 997603 525
252049 602850 470
315857 540711 470
907868 976040 476
433806 533637 470
154690 715585 470
466236 73353 449
255521 594785 470
172463 342564 443
547755 257646 470
668886 877879 525
745789 445811 470
218331 328527 443
185493 967647 525
996081 18176 525
792998 773311 437
15779 559251 470
376161 845839 525
614166 284029 470
821879 47972 470
331870 490773 449
763557 312311 470
564126 533282 452
907095 250793 525
390050 454850 449
508438 58937 449
846933 254227 525
18952 579468 470
582754 718649 447
547115 578835 421
736824 854317 525
866350 266808 525
927772 242511 525
112647 541939 470
40744 448731 449
104115 886817 525
939503 381876 525
199128 17834 383
915157 620428 525
268626 819412 470
589482 777064 468
878348 436416 525
545495 411504 470
530088 642453 452
130153 591408 470
221288 866977 525
445725 601842 470
647989 373498 470
844352 274840 525
915436 399300 525
723570 19551 470
286118 663074 470
401427 999449 525
680907 830788 468
619877 463738 470
650200 209360 470
755006 42753 470
159980 300501 443
454257 690067 470
942954 98614 525
795679 678446 468
479795 241405 449
280289 127784 443
129107 638845 470
402624 558747 470
38146 126194 354
92502 838467 525
303472 493928 449
837916 984379 476
838921 971998 476
448117 3326 449
695562 203123 470
46079 369746 443
17828 14540 279
574017 474986 470
113153 369697 443
153433 592948 470
611101 947925 525
234936 254412 368
586770 637559 447
813158 139120 470
277958 905659 525
491791 581429 470
913792 329708 525
80013 266918 443
815910 42334 470
270243 511472 449
759660 830525 468
881217 777488 525
359269 455234 449
252474 472422 449
339135 920110 525
579574 464440 470
382240 328714 441
718851 483215 470
480478 46214 449
622334 758435 442
466078 628330 470
339864 379870 441
958037 934081 445
160992 288152 443
976414 431234 525
799623 736075 468
775964 195045 470
513563 135233 470
164483 280241 443
121859 503618 449
714556 215637 470
968057 96796 525
544351 201114 470
94215 24829 351
247327 230754 381
297468 713404 470
859083 151536 525
607478 817120 468
85617 768469 470
619476 62032 470
713908 419099 470
798106 489872 470
128348 825873 470
139309 807034 470
620318 261168 470
824856 334874 470
991008 792914 525
945874 535359 525
508232 40089 449
74392 755558 470
270842 371859 441
983167 129925 525
523395 590645 452
461249 609011 470
873319 80725 525
185247 587227 470
14028 983352 525
591303 656579 447
323430 244816 416
463614 943748 525
505983 288470 449
792826 496992 470
595588 252905 470
546555 103820 470
292994 620947 470
373583 78040 443
992805 356750 525
722169 30405 470
947394 697622 525
153621 820713 470
292552 338867 384
922144 306579 525
836424 27652 470
477363 159854 449
272468 940976 525
617806 292655 470
743650 924837 525
303851 339239 384
177742 850406 525
957262 984939 458
985557 330845 525
62980 978362 525
687594 299353 470
522972 149194 470
996974 676592 525
484111 289526 449
15459 920460 525
110310 851882 525
948111 587672 525
525941 734783 452
42853 143747 375
541643 786502 468
68584 845493 525
639945 760530 442
695899 597208 447
745469 681456 442
442257 322653 449
174024 644056 470
622005 211200 470
793249 133185 470
887791 791564 525
936914 417454 525
712024 47224 470
783541 174341 470
149100 309482 443
423328 191952 449
967432 964970 365
978454 550221 525
810464 618399 468
310751 20568 443
729811 570424 447
216229 172069 373
893077 904456 401
816124 29287 470
115656 123578 336
162471 517651 470
915141 613590 525
935104 627166 525
660813 232850 470
315711 809913 470
542331 739038 452
516069 23969 470
704009 494523 470
88394 514473 470
627127 913348 525
49245 871142 525
483772 265473 449
557415 891053 525
169929 887743 525
920340 799788 525
11321 597015 470
317439 926462 525
210605 766748 470
67833 385623 443
999597 383543 525
709740 56134 470
636785 225809 470
594306 340794 470
234537 196904 443
369471 375868 392
110252 418716 449
247010 108228 443
198393 318630 443
999281 882526 476
206373 433826 449
682314 217694 470
545045 513958 439
658360 269855 470
794910 240397 470
655477 308712 470
138144 879421 525
879049 774928 525
619434 987559 525
115723 853970 525
184463 999397 525
