1 10 20
100 200 125
201 210 89
900 1000 174
3777 3822 176
1777 3146 217
4382 7219 262
1022 7363 262
1900 4681 238
3281 8150 262
5844 6461 262
3244 4454 238
1215 7182 262
229 9574 262
2122 9853 262
7794 7818 177
4763 8446 262
7434 9685 260
6415 7035 257
4223 4627 215
2076 5243 238
3727 7355 262
5732 6347 262
870 6214 262
2029 5174 238
6442 7810 257
3251 8326 262
3910 4766 215
3808 6545 262
7674 8377 252
2657 8607 262
7325 8525 252
632 6751 262
1265 8423 262
2004 3003 217
975 7138 262
6295 8264 257
3020 5397 238
218 2881 209
1637 2637 209
3140 4083 238
568 5335 238
5435 7031 262
5416 6831 262
3639 6732 262
7264 8431 252
7973 8316 203
1275 2629 209
954 3549 217
5892 6216 262
1407 3715 238
5716 7514 262
3817 6487 262
4065 5560 215
4674 9543 262
2803 4169 238
8386 9159 247
4264 4672 215
5720 8317 262
1301 2366 183
4963 6405 262
6604 9820 260
7600 8099 252
446 5798 238
1228 4469 238
1501 8452 262
1056 7148 262
5420 8916 262
7868 8437 252
1325 9355 262
3618 6737 262
653 1061 179
7420 9575 260
2790 7178 262
5008 8202 262
7356 8420 252
8315 8849 234
5028 9937 262
3064 6340 262
2933 9579 262
3182 3825 238
1172 4396 238
5400 7355 262
3170 7981 262
6080 9707 262
1043 5477 238
3254 9307 262
701 4668 238
1973 3494 217
1110 4216 238
405 6275 262
617 8334 262
1340 9223 262
5994 6052 187
5653 7040 262
5044 6582 262
5256 7520 262
7186 9600 260
67 924 179
2477 8726 262
4793 7821 262
1708 6564 262
3811 6151 236
5708 6417 262
5993 7009 262
6699 8751 257
9132 9133 61
5585 7326 262
2492 2779 191
4994 9768 262
4655 7750 262
185 4883 238
823 6651 262
1796 4554 238
6734 9355 260
3301 9935 262
4329 5408 215
6914 8087 257
1513 8687 262
1120 6436 262
292 4098 238
2866 9209 262
2026 6505 262
2095 2496 209
8547 8845 216
3474 5890 238
2573 3545 217
3142 4055 238
6176 8025 257
2097 9947 262
6507 6654 244
56 4115 238
6974 8320 252
137 4032 238
3440 6657 262
4233 4635 215
3048 3955 238
4390 7077 262
6925 9537 260
1220 8286 262
238 4024 238
774 6076 238
2562 5420 238
1827 6450 262
8166 8971 247
2123 9178 262
2287 4759 238
325 1866 182
513 4761 238
7351 9395 260
3936 5470 215
915 1462 182
5297 6141 236
2318 6100 238
854 8781 262
1617 7676 262
5364 8332 262
2324 5031 238
4359 5101 215
2414 7407 262
3575 9693 262
804 3819 238
4239 8778 262
3117 7434 262
1288 7153 262
526 8612 262
2841 8301 262
2975 6731 262
2853 4306 238
8 7359 262
3629 6445 262
4605 7340 262
133 3394 217
7135 7258 195
52 1952 182
2063 9756 262
7248 9049 252
3813 5086 215
7160 8898 252
4481 6813 262
5628 8403 262
2261 5622 238
138 3912 238
3062 9111 262
3508 6635 262
6204 9845 260
3425 5194 238
324 7644 262
4454 7789 262
4002 5889 236
3038 8053 262
1775 6058 238
1295 5947 238
156 5855 238
200 4617 238
7283 8742 252
1819 9899 262
605 1631 182
4797 6045 236
2827 6625 262
1135 5999 238
922 2640 209
6017 9901 262
971 6603 262
2515 3880 238
94 5219 238
442 7311 262
7629 9617 260
6315 7010 257
4954 6241 262
3061 9313 262
1641 8489 262
381 1528 182
833 6797 262
2301 9784 262
2954 6018 238
2714 6754 262
1101 8092 262
1126 9860 262
455 672 145
3537 7335 262
3267 3961 238
70 1145 179
4136 7722 262
5061 6854 262
652 7954 262
3112 3159 155
2250 8277 262
2447 6407 262
8419 8484 203
7216 9596 260
2442 5535 238
1176 5720 238
1511 4847 238
2829 4507 238
6266 8669 257
1935 7651 262
4407 8323 262
3056 7150 262
2504 7142 262
6556 9856 260
1875 7449 262
4359 8992 262
5374 8653 262
668 9906 262
2373 7451 262
1837 2474 209
3451 8142 262
1510 8653 262
4331 7695 262
1622 6809 262
1802 3352 217
6333 6467 200
2761 5484 238
986 9681 262
89 879 179
2787 9669 262
2199 5300 238
2086 5662 238
1603 4103 238
1100 6988 262
2441 8890 262
3000 7750 262
5354 8330 262
2255 3214 217
2789 5879 238
3897 8704 262
2490 4292 238
1107 2568 209
185 9883 262
2689 3104 217
723 3111 217
2579 9170 262
5331 7282 262
4601 9910 262
1341 2907 209
992 3978 238
6532 6801 244
2319 6425 262
4913 6930 262
4926 9799 262
6161 9747 262
5812 9575 262
3044 6895 262
5457 8954 262
1527 7705 262
1234 6756 262
2825 5138 238
644 5434 238
3355 6374 262
588 7428 262
1196 8670 262
6587 6915 244
1982 8930 262
3051 5187 238
3346 9098 262
4721 9715 262
5544 6578 262
1994 7605 262
542 8955 262
1970 5989 238
3109 4874 238
2302 7093 262
8416 8547 203
4238 8347 262
226 3061 217
884 1722 182
3209 3408 181
4049 6168 236
2831 8987 262
5135 6952 262
1750 4451 238
1420 6806 262
4746 4764 197
6855 9590 260
611 1237 182
544 2312 183
10 1649 182
4163 5820 236
2387 6919 262
5684 8155 262
5901 8403 262
497 5649 238
4971 5044 179
2020 2498 209
4175 5501 215
6843 9761 260
3691 7382 262
2594 9988 262
469 4748 238
3581 4305 238
2300 6508 262
6072 9438 262
787 4904 238
2301 9910 262
801 7560 262
408 5104 238
2112 7107 262
6728 7180 257
3154 4911 238
4177 7786 262
3728 9471 262
2881 2980 217
7825 7851 177
4568 7345 262
990 4243 238
8177 9319 260
841 8633 262
583 1377 182
1203 6931 262
2794 9645 262
5612 9258 262
1175 3077 217
5945 6334 262
5630 7037 262
577 7047 262
1198 1443 177
2587 9087 262
502 8691 262
7723 9495 260
7025 7778 239
258 5854 238
5820 7542 262
878 5631 238
2428 9260 262
1286 3088 217
4392 9898 262
7089 9514 260
967 2203 182
3628 5818 238
3436 8180 262
5174 7238 262
7243 9557 260
6515 7378 257
5646 6820 262
495 8749 262
4586 4993 210
3406 9575 262
1493 8946 262
3170 6271 262
712 4643 238
4355 7712 262
2490 8195 262
2430 7201 262
1227 7368 262
6585 8430 257
315 3040 217
7365 9793 260
1325 7874 262
5724 6685 262
2633 7069 262
5195 9397 262
4829 6381 262
330 1518 182
4504 5830 236
1392 3830 238
4459 4737 184
4037 8943 262
2538 5270 238
5820 8127 262
2148 9330 262
3531 5287 238
3799 9661 262
1335 6661 262
221 4281 238
2387 7897 262
5624 9334 262
3075 4277 238
3327 5945 238
7495 8955 252
611 8188 262
8686 8870 216
9050 9687 260
24 8184 262
6148 7822 262
4349 9191 262
926 7382 262
2124 9428 262
3575 5867 238
248 3344 217
7359 8367 252
649 6991 262
7310 9955 260
2559 5708 238
1159 9605 262
3861 5396 215
6833 8415 257
2624 7092 262
2268 9735 262
1726 7187 262
7125 9767 260
1937 6053 238
5446 8655 262
689 5527 238
5361 8205 262
1860 8766 262
8536 9912 260
1090 7155 262
6825 8991 257
5577 7080 262
1821 7842 262
7005 9082 252
4525 7088 262
6527 9853 260
317 3500 217
1428 9818 262
4405 7009 262
1385 9950 262
343 1721 182
5065 8969 262
7084 7971 252
3689 6311 262
1516 4663 238
885 3811 238
2208 6827 262
6236 7446 257
2347 7903 262
6275 7904 257
4754 5880 236
3455 9975 262
702 6991 262
94 9281 262
6972 7580 239
3096 3831 238
1230 7632 262
3593 5597 238
1181 8754 262
1677 4927 238
2752 5101 238
7213 8336 252
4999 5370 192
6090 8381 262
626 8432 262
410 9563 262
3125 4027 238
2516 7637 262
4949 8464 262
1846 7335 262
4666 9967 262
4947 6515 262
4958 6313 262
9064 9796 260
3973 9806 262
1690 8914 262
3207 5985 238
3692 9341 262
384 1235 182
6525 8122 257
1332 6573 262
3895 5775 236
6074 8175 262
4146 5644 236
1383 7299 262
2127 8863 262
8131 9775 260
465 6276 262
647 8732 262
877 2256 183
4026 5244 215
1522 5240 238
2843 7105 262
2987 7595 262
2888 6321 262
786 6824 262
6992 8415 252
6685 9967 260
4597 5879 236
1982 7549 262
5774 6917 262
270 3534 217
2799 3596 217
3885 4837 215
5406 9163 262
4033 5247 215
437 8361 262
4564 4617 171
818 5839 238
1650 5913 238
5910 9509 262
474 4446 238
1031 3261 217
4063 8450 262
474 8902 262
2961 5897 238
3648 4569 238
8742 9816 260
4334 8077 262
4403 7460 262
4143 5571 236
4677 9351 262
4459 9865 262
4419 7642 262
1922 8541 262
2229 9691 262
1333 5690 238
7799 9043 252
6206 8170 257
4423 7124 262
4353 8317 262
5527 7339 262
600 6235 262
241 6412 262
1436 4511 238
4076 7231 262
3849 9357 262
1748 4791 238
8828 9812 260
2942 4708 238
6614 8422 257
7078 8359 252
6717 8532 257
3127 6863 262
522 4455 238
3891 9298 262
1147 7410 262
4630 5653 236
1056 8651 262
4220 4931 215
2407 8332 262
4313 4413 215
4756 8552 262
7451 8409 252
880 9609 262
2257 9957 262
2322 4417 238
4060 6622 262
4773 7536 262
1386 2588 209
7145 9505 260
7576 8572 252
1261 9722 262
1180 5297 238
4788 7635 262
7357 7664 239
6266 9648 260
5279 6273 262
6265 6565 200
7505 8751 252
794 3694 217
1612 6514 262
2467 6999 262
7303 9370 260
653 9432 262
4112 4544 215
5446 9604 262
363 2022 182
3169 3424 199
3276 6804 262
2761 7255 262
522 7638 262
5325 6269 262
2051 3551 217
586 5158 238
6681 6684 138
6536 9438 260
442 9080 262
1680 3707 217
4258 6804 262
4480 9961 262
6977 8029 252
802 5206 238
1494 3871 238
3154 8692 262
4172 5281 215
450 4635 238
2965 9546 262
4754 7334 262
1367 5387 238
4413 9042 262
4149 6104 236
408 2815 209
717 7007 262
5121 7131 262
522 4058 238
2881 9864 262
230 5394 238
1803 9057 262
1197 4362 238
8276 8712 234
2440 9251 262
3956 4020 189
5344 8050 262
6382 8433 257
97 5929 238
1942 9979 262
989 1154 169
6530 8213 257
2020 2656 209
781 6504 262
1660 5606 238
3798 6758 262
2294 3982 238
7496 8183 252
6845 9746 260
2930 9834 262
1511 9835 262
7378 8917 252
2571 6935 262
384 5477 238
3124 5853 238
1205 9111 262
3082 7273 262
2338 4283 238
3871 4178 189
6812 7443 257
2633 9168 262
6513 7706 257
841 8723 262
955 9935 262
4918 7231 262
2199 2743 209
5167 8539 262
7600 9010 252
390 735 171
1384 5290 238
2484 4396 238
2518 5348 238
781 9684 262
1790 3971 238
1497 1921 180
1320 6618 262
1543 6024 238
6903 7607 257
4780 7771 262
1110 3548 217
1618 6512 262
2217 8528 262
1337 6451 262
6771 9663 260
2227 4193 238
813 7667 262
7685 9000 252
358 4413 238
1317 6204 262
3919 3995 189
299 2398 183
1455 8422 262
6022 7544 262
113 7835 262
6616 9909 260
1362 5312 238
2683 8401 262
541 5145 238
6979 8539 252
4305 8414 262
3909 8980 262
7218 7763 239
1830 4571 238
4524 7044 262
2449 5179 238
2448 7121 262
6102 7999 262
69 3357 217
2565 9624 262
8027 9379 260
4609 9508 262
610 8862 262
5856 7805 262
3191 3830 238
2111 4187 238
8539 9526 260
363 9358 262
3373 6589 262
251 7130 262
428 6491 262
3310 5851 238
2260 5209 238
5059 8852 262
90 932 179
5138 9411 262
5105 5275 192
2724 5270 238
1855 9926 262
1119 6989 262
923 8315 262
3163 8108 262
846 1777 182
2960 6812 262
1984 4151 238
6057 7031 262
2313 6119 238
8153 8552 234
3947 6284 262
1225 8540 262
4778 8682 262
311 9877 262
243 4426 238
7162 8535 252
4478 9659 262
1666 8879 262
1195 8748 262
4017 8956 262
842 7208 262
2396 3713 238
3923 6592 262
8805 9493 260
3428 6719 262
555 5951 238
5467 5645 236
535 2386 183
3139 4472 238
443 5328 238
7506 7865 221
3756 9736 262
552 8538 262
5662 6566 262
1472 6315 262
79 2853 209
3811 8879 262
1151 9826 262
416 3462 217
260 8984 262
2467 5990 238
1092 5320 238
7849 8668 252
2671 9499 262
913 1833 182
6200 7363 257
2255 6204 262
93 5325 238
9275 9953 242
215 8791 262
4234 6415 262
7178 9227 252
2246 9392 262
442 7033 262
2708 9446 262
1140 6952 262
5650 6345 262
7477 8094 252
821 4036 238
1897 8343 262
2848 5050 238
4016 9330 262
794 6654 262
897 5850 238
792 3571 217
3638 6704 262
443 1901 182
6495 9511 260
4306 9013 262
1757 3642 217
178 772 171
663 5565 238
9092 9915 260
5939 9823 262
5381 7509 262
4066 7921 262
9697 9873 211
862 5166 238
4174 6922 262
797 5635 238
2484 9349 262
2685 8566 262
6174 9778 260
2489 3640 217
104 3669 217
841 1664 182
8738 8815 216
4039 8083 262
3622 7784 262
745 2843 209
6820 8301 257
4915 8264 262
490 6609 262
2723 3480 217
8197 8831 234
2707 5580 238
5798 5833 205
4700 5331 210
5065 8706 262
2420 5593 238
1609 4086 238
1782 8408 262
3147 7384 262
2887 5938 238
218 9861 262
1513 9000 262
8480 9508 260
6352 9185 257
2851 7018 262
8966 9094 185
7233 8354 252
1977 3913 238
789 1950 182
3206 4748 238
7364 9355 260
459 3383 217
7077 9745 260
2306 4734 238
1500 9082 262
4918 5584 236
8397 9294 260
9528 9623 198
1723 1732 149
6235 8145 257
5067 9124 262
2540 6873 262
7975 9479 260
2354 9262 262
3185 6412 262
713 1593 182
3982 9911 262
421 4724 238
7278 9564 260
5113 9933 262
827 6133 238
1077 8597 262
3893 8725 262
392 4591 238
3275 8699 262
378 3786 238
4174 9756 262
5805 9744 262
2887 4406 238
5951 7906 262
642 3972 238
3201 7816 262
1494 9263 262
8050 9334 260
588 3063 217
2873 7278 262
2683 8014 262
588 2786 209
4327 5356 215
5999 9811 262
1353 9867 262
2544 5025 238
528 6359 262
7774 7793 221
180 852 171
2925 6528 262
7276 7866 239
2545 8333 262
5028 8802 262
1625 3712 238
116 724 171
5446 7207 262
217 610 144
6224 8361 257
1590 4905 238
1249 8214 262
1929 9430 262
1969 8875 262
8243 8695 234
3790 7538 262
1749 8241 262
1798 3191 217
5015 8781 262
6107 6653 262
326 1803 182
3751 9965 262
520 5769 238
3771 5445 215
5182 9246 262
9134 9829 260
2135 9855 262
4674 9308 262
4034 8526 262
251 7601 262
4978 6973 262
3102 4059 238
4109 5603 236
4371 5540 215
1440 7337 262
5675 8279 262
5840 7501 262
4925 9057 262
2395 4189 238
5640 8159 262
8226 9699 260
1328 6452 262
1570 2653 209
581 6971 262
2369 3981 238
1012 4084 238
2706 3788 238
1918 9189 262
495 2319 183
233 3564 217
2168 3476 217
517 3581 217
2158 4598 238
3399 4907 238
2182 5885 238
5090 6183 262
4490 8787 262
1905 9652 262
5383 9581 262
1061 9150 262
2555 3816 238
621 1308 182
4167 7909 262
6585 8684 257
9040 9383 260
1653 4729 238
6148 7539 262
6887 7448 257
2635 5585 238
3514 8894 262
1523 2072 180
1202 2142 180
3688 9718 262
4607 6253 262
353 473 134
5022 9362 262
2011 8265 262
2 535 144
3401 3402 88
342 4544 238
2432 6724 262
7607 9667 260
5081 6775 262
766 9429 262
1749 3625 217
3769 9886 262
4674 4902 197
5795 7840 262
4817 9580 262
3871 9332 262
2728 4708 238
1675 7269 262
2926 5406 238
215 9254 262
3909 6870 262
3784 8137 262
8638 9823 260
1065 6296 262
4155 9734 262
6400 8581 257
2854 3131 217
463 7720 262
1020 7813 262
1503 4651 238
620 4569 238
366 8627 262
1493 5115 238
6970 7008 182
164 2172 182
18 6941 262
5804 5936 218
2134 2645 209
4916 5989 236
4586 4627 171
1131 2804 209
3409 4300 238
2764 6371 262
7835 9893 260
3384 5656 238
5940 7546 262
2856 5636 238
2800 9838 262
2599 7609 262
7441 9766 260
2009 7219 262
5099 6330 262
3441 7596 262
2011 6770 262
5993 6713 262
1611 9191 262
2047 2981 217
5054 7573 262

dots$ valgrind RunCollatz < RunCollatz.in > Runcollatz.out
==10830== Memcheck, a memory error detector
==10830== Copyright (C) 2002-2011, and GNU GPL'd, by Julian Seward et al.
==10830== Using Valgrind-3.7.0 and LibVEX; rerun with -h for copyright info
==10830== Command: RunCollatz
==10830== 
==10830== 
==10830== HEAP SUMMARY:
==10830==     in use at exit: 0 bytes in 0 blocks
==10830==   total heap usage: 0 allocs, 0 frees, 0 bytes allocated
==10830== 
==10830== All heap blocks were freed -- no leaks are possible
==10830== 
==10830== For counts of detected and suppressed errors, rerun with: -v
==10830== ERROR SUMMARY: 0 errors from 0 contexts (suppressed: 2 from 2)
