865 215 171
6 1418 182
277 1451 182
341 966 179
666 1867 182
545 1153 179
917 1272 182
149 411 144
19 818 171
837 1067 179
296 1112 179
533 1352 182
701 1292 182
439 903 179
781 1794 182
241 431 144
636 886 179
41 680 145
116 1788 182
333 578 142
526 259 144
475 162 144
642 451 142
602 1527 182
875 1382 182
996 571 179
417 1219 182
200 1381 182
460 1781 182
672 1211 182
105 1562 182
652 676 145
141 1111 179
560 1772 182
308 841 171
713 1889 182
460 1078 179
479 570 142
459 322 144
152 871 179
337 894 179
938 547 179
220 554 144
98 406 144
518 1995 182
85 71 116
621 1656 182
849 303 171
15 942 179
26 1576 182
295 1236 182
381 1253 182
800 1065 179
98 635 144
693 1624 182
355 1197 182
75 910 179
203 1285 182
76 370 144
453 878 179
617 1091 179
666 495 145
467 1744 182
30 850 171
366 144 144
768 546 171
370 1873 182
460 834 171
391 78 144
119 667 145
292 538 144
550 1742 182
924 1081 174
596 759 171
606 734 171
566 306 144
576 1759 182
260 439 144
15 1077 179
430 401 134
750 447 171
392 717 171
64 902 179
148 350 144
419 554 142
507 413 142
756 876 179
783 989 179
384 997 179
232 1837 182
958 1075 169
657 1094 179
39 468 144
430 1828 182
95 1099 179
533 178 144
115 1488 182
526 878 179
486 340 134
543 1979 182
242 210 128
593 1877 182
344 672 145
521 1712 182
628 21 144
387 265 144
184 1157 179
18 462 144
546 1863 182
685 857 171
109 887 179
862 1959 182
913 248 179
212 471 144
664 641 145
755 1455 182
559 1944 182
429 1512 182
924 877 148
743 233 171
602 1085 179
418 1009 179
943 679 179
181 1678 182
150 1386 182
108 1290 182
245 1133 179
15 869 171
773 1465 182
529 766 171
57 1361 182
114 667 145
878 882 148
940 185 179
454 789 171
663 1725 182
648 1537 182
297 1240 182
175 1309 182
333 441 134
765 547 171
719 1852 182
453 1904 182
922 1344 182
338 264 144
486 1351 182
207 1543 182
665 566 145
91 610 144
161 1932 182
448 1596 182
755 656 171
801 885 179
515 1555 182
990 396 179
696 1396 182
789 1348 182
595 850 171
503 1301 182
468 1292 182
76 1882 182
401 244 144
899 328 179
172 163 125
874 1726 182
704 1782 182
383 311 144
888 341 179
73 892 179
660 84 145
870 759 153
257 739 171
377 771 171
587 1248 182
303 1647 182
873 604 179
791 1825 182
662 987 179
348 1623 182
399 421 134
960 1704 182
366 362 95
198 154 125
706 946 179
900 1388 182
193 369 144
803 1571 182
411 1306 182
525 1475 182
284 379 144
114 3 119
541 1158 179
271 195 128
255 399 144
196 297 128
910 721 179
879 1782 182
14 988 179
970 984 143
405 1753 182
382 200 144
5 1406 182
267 1796 182
964 1052 156
517 1847 182
217 693 145
68 436 144
268 108 128
416 450 134
939 1909 182
167 1729 182
29 555 144
469 1979 182
213 720 171
335 1237 182
173 1183 182
988 1028 156
588 173 144
1 125 119
678 1774 182
878 517 179
126 100 114
425 615 142
266 82 128
783 1972 182
571 607 119
547 644 137
136 1927 182
421 666 145
942 955 130
80 1446 182
966 375 179
48 37 110
523 1860 182
822 1699 182
894 1460 182
874 1616 182
416 155 144
540 287 144
659 1262 182
31 603 144
501 931 179
666 1301 182
67 152 122
371 1929 182
534 799 171
602 431 142
948 519 179
16 1917 182
925 1510 182
891 633 179
400 178 144
751 267 171
906 79 179
330 657 145
867 1058 179
547 1341 182
61 1845 182
504 1097 179
497 1475 182
92 1227 182
760 1411 182
825 1315 182
26 689 145
511 1841 182
975 1959 182
161 499 144
200 524 144
696 1660 182
889 1923 182
574 481 142
37 388 144
385 1357 182
998 1223 182
3 452 144
784 396 171
978 1796 182
896 1928 182
168 807 171
238 250 110
297 1829 182
940 1308 182
476 1431 182
762 1157 179
889 1750 182
776 1083 179
294 1762 182
959 1430 182
853 462 171
484 335 134
853 1401 182
82 1447 182
179 1704 182
531 724 171
444 878 179
930 6 179
66 1005 179
392 1976 182
810 1542 182
3698 19698 279
8286 7901 252
8051 9979 260
9091 7928 252
315 15148 276
993 8614 262
8356 7168 252
930 4956 238
9980 17975 279
5777 16586 276
9940 11786 268
3153 14429 276
8964 4857 262
7431 17565 276
6920 19295 279
4053 19447 279
2572 15079 276
835 19157 279
4111 2712 238
5628 7496 262
6775 17484 276
6850 3560 262
7633 16094 276
5503 7634 262
3762 7266 262
970 14096 276
7727 8878 252
2 10167 262
486 8022 262
1258 7690 262
1864 4982 238
5329 15899 276
547 17256 276
1133 17042 276
2111 7125 262
3523 3270 181
1477 4360 238
1621 16360 276
2567 15198 276
4264 11455 268
3072 5370 238
5777 16141 276
8217 2837 262
4476 7121 262
8837 11954 268
5273 3814 215
7066 4496 262
1732 3017 217
3757 18712 279
4750 14455 276
6760 19734 279
2573 5621 238
8298 3365 262
1517 6921 262
2619 13347 276
1009 1702 182
618 7684 262
1322 14853 276
9462 1474 262
2979 718 217
6325 6577 213
3591 5142 238
5300 337 238
3167 1923 217
972 14173 276
1468 6986 262
5709 14176 276
2749 19769 279
8106 2599 262
5534 9649 262
2256 12241 268
9325 7563 260
36 2531 209
890 2684 209
1705 13433 276
8378 7091 252
5834 8215 262
1928 8927 262
6298 9821 260
7225 17485 276
5829 19385 279
5306 13614 276
8483 15926 276
9512 8088 260
5961 1490 238
8044 2051 262
8795 19245 279
9985 14068 276
1570 4381 238
7731 3414 262
2166 11710 268
3014 17059 276
2008 13383 276
448 1635 182
7455 4441 262
2020 19724 279
3117 1520 217
4684 2407 238
877 8316 262
4370 13235 268
7899 8425 252
8107 2979 262
3119 16025 276
3697 6658 262
2728 5940 238
1339 13527 276
1873 8310 262
8683 227 262
7395 10439 260
1411 8775 262
9143 17576 276
8837 14307 276
6614 12072 268
326 17625 276
7727 342 262
7231 16656 276
5604 9169 262
7328 5845 262
1457 4572 238
6448 8475 257
3161 12717 268
5077 10371 262
9759 3620 262
4860 9815 262
9151 16441 276
5334 8720 262
1863 17102 276
9216 7607 252
4645 14883 276
3421 11689 268
7502 9417 260
9410 5331 262
7015 2222 262
7005 4861 262
8020 1591 262
2787 19459 279
8299 1868 262
9445 12574 268
2324 6924 262
7550 13954 276
8127 15650 276
1948 17888 279
2722 4335 238
6424 13420 276
9886 7623 260
9507 18553 279
2429 2392 165
191 13887 276
9290 14020 276
2072 1919 175
3292 10416 262
3709 4509 238
4368 14452 276
1167 10892 262
9747 11635 268
8949 5960 262
2169 10405 262
7912 10877 260
3629 19760 279
5842 7077 262
6069 12982 268
46 12078 268
2464 5863 238
7820 13081 268
4175 15542 276
1620 13663 276
8718 4937 262
1412 14286 276
1230 19147 279
8039 11313 268
2976 10716 262
5156 8238 262
719 6344 262
7568 10185 260
3402 13332 276
2561 4870 238
4222 14132 276
6881 7436 257
76 13114 268
2027 4581 238
3852 13354 276
8917 11905 268
7853 18217 279
537 11546 268
7671 435 262
5010 10354 262
8207 14123 276
1872 7992 262
7415 19181 279
2071 9002 262
7952 5087 262
9658 5332 262
524 18151 279
9920 3991 262
8868 2102 262
6657 5765 262
6483 2178 262
8015 713 262
3918 8657 262
7235 15523 276
7088 9073 252
5074 849 238
5989 8324 262
972 4681 238
1283 19353 279
6290 12643 268
8017 17750 279
977 5011 238
8165 10993 268
7711 18515 279
5037 15486 276
7345 832 262
9529 11651 268
7958 10363 260
291 7207 262
4580 9968 262
2925 6088 238
6941 13587 276
5830 8652 262
6829 14822 276
5800 18352 279
2195 5879 238
1329 17628 276
2698 14214 276
3515 5847 238
4755 7045 262
6058 9943 262
1056 3672 217
6290 16624 276
5599 2555 238
6339 16590 276
4177 9347 262
3682 14590 276
1974 252 182
6373 13734 276
4327 15698 276
5738 7381 262
9072 6092 262
8692 18581 279
2248 7250 262
900 19389 279
9134 9903 260
8688 12931 268
9042 1649 262
1282 17999 279
3053 8845 262
9952 6282 260
6701 10464 260
3907 15925 276
7905 5041 262
2966 18294 279
2286 13714 276
1869 14061 276
6700 11493 268
15 6982 262
8704 18170 279
1682 3303 217
4054 8886 262
2434 14280 276
3290 9392 262
4253 10626 262
7539 11286 268
9886 4800 262
5917 7660 262
1236 8370 262
4658 13940 276
670 18849 279
4805 11785 268
5221 637 238
1578 7877 262
6838 11505 268
4053 5475 215
1946 18168 279
8877 18687 279
4916 16041 276
2877 14297 276
5607 14574 276
2215 5336 238
3873 5971 236
9877 11659 268
8472 13561 276
462 3498 217
6544 3306 262
3425 6652 262
3782 9158 262
720 10322 262
4939 17564 276
1612 18672 279
2608 853 209
7593 3052 262
6475 13515 276
1919 19343 279
7076 2519 262
6556 1336 262
8542 18055 279
5593 8352 262
773 12878 268
3719 16440 276
2912 7925 262
7333 3470 262
852403 1190191 528
604018 372719 470
388853 53867 443
52345 142982 375
410952 717922 509
921374 956130 507
987482 658320 525
475667 1533974 531
949079 1899552 557
193399 1922842 557
543913 223072 470
111708 1001231 525
981517 817108 525
74355 1076768 525
404243 1423718 528
219798 622212 470
153266 1662011 531
962290 204832 525
223749 127264 386
499407 860360 525
92710 1756067 557
607742 1968678 557
986790 116158 525
3614 1867827 557
357926 1808303 557
918922 1259875 528
629013 960867 525
993826 1946462 557
18822 1025808 525
922677 526184 525
130668 955618 525
101704 763105 509
828725 598733 509
389318 1977192 557
344641 366081 441
1539 448667 449
372862 69628 443
717358 906490 525
360994 1899321 557
758035 906986 525
276995 824582 509
60363 1466197 528
183830 1185267 528
904193 1813486 557
460610 1125606 528
818529 805522 406
508640 323788 449
488606 285642 449
86482 1041770 525
481440 229997 449
123901 164433 383
84425 222691 386
579684 1075952 525
877411 952068 507
666722 1919427 557
629544 1525790 531
590468 1080106 525
735725 969878 525
894144 508500 525
499435 1018149 525
108566 1578202 531
276331 1902916 557
795522 1643240 531
914894 1450403 528
159835 1800214 557
124790 1218770 528
849740 1824085 557
985749 420483 525
846700 1624196 531
358160 1987558 557
656443 1871266 557
164431 1810356 557
681979 1614110 531
450275 22344 449
335528 190411 443
199957 1817831 557
28886 1739887 557
33927 1645216 531
619559 272762 470
698761 1877967 557
769445 189012 509
281851 1764155 557
268418 1512015 531
120794 1229791 528
380457 1582908 531
335145 1809990 557
185408 1838617 557
696316 1746703 557
725693 50024 509
765988 840592 525
243746 1014299 525
177394 579095 470
992726 1507243 531
962730 230604 525
703650 1974983 557
589702 757938 509
420996 1399722 528
106595 1507532 531
694707 686213 442
834444 19804 509
865393 44700 525
239010 736839 509
511302 509421 364
621348 1582356 531
455262 742922 509
203169 1829907 557
126209 1403784 528
211959 1827226 557
800746 581648 509
452742 179051 449
238279 687506 509
397751 1020593 525
568012 441882 470
326243 699817 509
850676 306363 525
606561 1742046 557
721814 86055 509
418415 565772 470
401376 1905632 557
656891 1727142 557
479538 1401225 528
697871 857843 525
87129 875350 525
874072 1499347 528
971942 1159843 528
177809 1383968 528
161771 646944 509
575249 631216 509
479761 913193 525
82413 1330678 528
338137 1381939 528
707275 889416 525
115437 1242338 528
505028 859323 525
148642 238776 443
858229 1745706 557
978061 1408105 528
938659 1706838 531
124543 1150154 528
346952 1593895 531
349278 1530727 531
204926 98065 383
409825 411443 449
362119 167186 443
654183 209498 509
391735 1339991 528
904821 50483 525
691198 1918718 557
205578 1374417 528
673366 812663 504
493665 1214777 528
69701 1601795 531
845187 937261 476
259151 996319 525
510214 19751 449
704316 89082 509
684069 1745378 557
32833 1471329 528
268605 1883281 557
203790 1517755 531
837794 596275 509
582195 1137008 528
246108 346110 441
857904 1420646 528
210305 315896 443
471895 1799139 557
840944 562597 525
133856 765334 509
442919 801115 509
344521 218033 443
641410 1452849 528
410792 126895 449
391889 193302 443
458319 88627 449
82644 262653 443
445210 30097 449
74262 1752630 557
479767 1201765 528
84131 465496 449
584019 1400417 528
259302 977371 525
65341 1949861 557
897252 1463106 528
535033 153031 470
573455 1740533 557
428356 1338994 528
622728 70445 470
48511 466090 449
999796 1604744 531
888154 1092141 507
33594 870716 525
683038 1647221 531
941718 144104 525
439958 59611 449
815133 338566 509
137947 305877 443
900173 1649533 531
630011 1992800 557
571856 1652691 531
833670 62585 509
609486 950644 525
550340 738027 509
149405 1429942 528
396944 732388 509
122747 1446040 528
688946 437313 509
518289 1328527 528
975822 236984 525
351629 1162341 528
756212 499614 509
631243 1300798 528
133542 72330 354
279651 545861 470
191352 1880456 557
459805 985976 525
744208 1458679 528
430592 673422 509
936653 1037952 507
608904 904193 525
147012 207411 383
252213 557883 470
276134 1399231 528
711104 1508449 531
411389 364878 449
294697 866358 525
672981 1904379 557
569259 1502638 531
380215 152561 443
528657 1356048 528
829841 1660065 531
614370 1487046 528
580209 1620511 531
851512 159428 525
938352 1915674 557
557999 1082259 525
944875 786550 525
813304 815737 375
532845 1635208 531
335309 562247 470
160553 1723501 531
828927 217407 509
457442 207495 449
161323 1281311 528
294573 370070 441
605387 974158 525
994702 91374 525
859304 1915682 557
352832 11866 443
31725 1806540 557
152785 929038 525
695256 1624929 531
574889 617537 447
386313 1836421 557
515371 101615 470
728573 811830 468
902451 761897 525
270548 1712306 531
810368 984087 525
726990 1772934 557
366763 1554828 531
110356 626229 470
935317 679236 525
851251 1171841 528
120160 1499453 528
315683 1212505 528
895700 1865646 557
949381 129502 525
393697 1298728 528
146412 1915155 557
366340 1790920 557
329555 574754 470
667458 1000982 525
909740 1200581 528
224337 338686 443
20120 426839 449
856342 477417 525
525874 1589496 531
426185 1491574 528
412485 377430 449
278389 1070170 525
424030 1611807 531
748572 701521 504
292029 1013760 525
66680 587839 470
255269 26712 443
830747 401896 509
65811 900990 525
2104 1308616 528
189259 1348779 528
644474 1056785 525
362701 399366 436
558226 1685695 531
199335 1567819 531
519438 405465 470
104740 1724438 557
68645 839110 525
859874 93778 525
735503 1802696 557
922433 302521 525
700753 1027482 525
675255 883206 525
582294 11810 470
320065 971327 525
867705 523475 525
584500 1371416 528
211424 262691 443
21426 8582 279
254146 900259 525
620024 92770 470
716936 95296 509
539731 1502773 531
884625 146452 525
50930 892838 525
485968 1922282 557
558807 1287549 528
82641 353229 443
893352 143187 525
193049 1754059 557
282082 350168 441
727082 1463883 528
665197 123201 509
795685 384008 509
660042 515020 509
754954 1324969 528
992872 816113 525
950939 897279 507
44310 1820711 557
508448 942938 525
831635 590799 509
125251 1603976 531
617922 1828417 557
444315 334827 449
780218 1710066 531
11526 595894 470
715385 1769151 557
881326 187332 525
662328 1974232 557
65135 589717 470
903641 1381580 528
242895 163429 443
203837 377004 443
984363 1161323 528
676786 1210719 528
114611 1813291 557
79369 776834 509
536268 1668472 531
534150 10361 470
333908 177930 443
195441 1698199 531
233154 1310903 528
724042 895974 525
27370 1151314 528
961945 1981075 557
23776 1214749 528
76835 1859449 557
139317 952427 525
114937 807752 509
234077 1283031 528
532458 575057 452
718513 771866 468
821464 554098 509
930831 1818893 557
868584 606617 525
915679 1515580 531
244307 37366 443
166577 813219 509
868890 1535937 531
647362 1690248 531
391638 1455269 528
436510 1494644 528
988461 1151304 528
272351 101327 443
218209 383480 443
981075 1739415 557
236802 984051 525
909435 1794365 557
849156 118482 525
243248 1681948 531
204779 1250580 528
408161 607383 470
895202 1712195 531
437623 719181 509
316524 1753285 557
906265 1746555 557
499314 1278658 528
241483 1835759 557
890170 187948 525
86385 281125 443
586616 10351 470
389234 935552 525
473151 1330487 528
511736 1409190 528
998544 700377 525
382419 549880 470
671059 510559 509
49469 644781 509
117731 541875 470
258296 976394 525
337732 1235942 528
93844 663104 509
271792 1694 443
