104 199 125
106 116 114
82 256 128
75 237 128
42 206 125
187 172 94
243 252 110
228 71 125
125 195 125
85 249 128
28 233 128
232 142 128
119 91 119
47 100 119
52 160 122
202 155 125
103 51 119
14 184 125
50 89 116
164 91 122
38 94 116
6 24 21
89 234 128
95 213 125
172 179 81
206 199 120
156 181 125
85 18 116
15 131 122
117 66 119
34 62 113
221 136 125
113 234 128
63 162 122
66 226 125
253 104 128
63 2 113
127 152 122
235 221 128
108 151 122
144 57 122
93 43 116
237 177 128
60 252 128
51 176 125
61 85 116
237 25 128
220 93 125
3 27 112
255 68 128
252 251 110
171 59 125
252 42 128
210 231 128
6 61 113
125 149 122
118 217 125
191 98 125
138 250 128
93 188 125
169 154 112
16 150 122
178 236 128
242 180 128
6 240 128
248 1 128
234 162 128
59 230 125
203 12 125
204 209 89
73 72 116
101 190 125
32 36 27
31 169 122
29 124 119
101 198 125
21 116 119
91 198 125
95 76 111
122 100 114
60 113 119
101 37 119
18 159 122
10 221 125
171 213 125
173 243 128
28 17 112
176 60 125
52 206 125
228 81 125
73 72 116
22 93 116
188 112 125
35 26 112
187 156 125
126 246 128
12 226 125
27 29 112
128 36 119
249 42 128
249 165 128
28 20 112
182 203 120
79 233 128
153 51 122
57 225 125
122 78 119
62 53 113
189 96 125
79 120 119
251 204 128
109 6 119
173 135 125
34 44 110
171 27 125
86 163 122
191 113 125
182 116 125
60 5 113
93 212 125
55 149 122
180 176 32
227 241 128
229 159 125
80 51 116
22 74 116
254 131 128
79 170 122
9 113 119
213 179 120
139 42 122
85 73 116
155 11 122
189 214 120
15 25 24
169 69 122
173 92 125
244 143 128
77 216 125
46 156 122
10 67 113
230 7 125
197 52 125
176 206 120
164 133 117
128 46 119
174 213 120
119 72 119
223 51 125
29 237 128
75 197 125
49 247 128
33 36 27
134 109 122
252 179 128
8 5 17
245 237 97
12 186 125
33 187 125
135 196 125
63 6 113
242 237 97
218 104 125
52 184 125
154 81 122
164 228 125
21 212 125
218 53 125
248 95 128
161 243 128
17 169 122
247 6 128
149 2 122
191 181 107
189 69 125
121 251 128
74 106 119
231 36 128
209 27 125
219 106 125
107 127 114
77 127 119
82 38 116
180 73 125
133 84 122
59 149 122
252 50 128
154 145 117
51 88 116
69 239 128
156 189 125
234 230 128
38 208 125
9 246 128
234 227 128
95 84 106
97 171 125
211 179 120
209 134 125
251 85 128
217 54 125
233 213 128
103 131 122
101 153 122
218 169 125
136 118 122
102 113 114
91 139 122
64 99 119
129 42 122
69 223 125
125 166 122
138 79 122
88 90 31
212 82 125
174 173 32
135 150 117
129 237 128
24 229 125
134 242 128
141 13 122
103 242 128
125 193 125
125 188 125
35 253 128
229 103 125
219 98 125
12 100 119
176 99 125
189 132 125
181 106 125
48 59 113
256 176 128
40 23 112
148 173 125
8 32 112
185 110 125
18 53 112
46 142 122
240 80 128
138 213 125
183 100 125
54 194 125
200 229 115
37 132 122
104 217 125
238 151 128
19 237 128
70 58 108
3 217 125
230 11 125
249 158 128
120 10 119
210 166 125
151 194 125
245 32 128
150 171 125
131 203 125
109 74 119
175 145 125
206 23 125
105 187 125
173 123 125
167 243 128
181 169 125
203 154 125
179 195 120
56 43 113
204 9 125
208 98 125
202 196 120
129 95 122
111 4 119
41 219 125
77 216 125
107 26 119
238 211 128
212 154 125
77 122 119
140 1 122
35 87 116
155 213 125
25 210 125
255 229 128
218 206 115
70 164 122
146 199 125
2 256 128
202 43 125
218 22 125
2 68 113
48 239 128
22 3 21
136 98 122
125 20 119
99 159 122
106 253 128
115 130 122
206 114 125
102 167 122
63 172 125
74 208 125
114 76 119
207 59 125
118 168 122
80 119 119
235 127 128
101 256 128
130 236 128
98 254 128
255 196 128
156 104 122
192 14 125
234 141 128
127 79 119
51 190 125
250 125 128
141 107 122
200 92 125
165 61 122
3 245 128
179 238 128
115 23 119
237 244 97
2 78 116
241 1 128
17 140 122
104 208 125
154 81 122
92 24 116
160 143 117
213 153 125
11 98 119
4 210 125
189 168 125
14 191 125
156 192 125
172 15 125
214 153 125
2 215 125
230 243 128
215 247 128
126 63 119
198 23 125
143 34 122
47 46 105
176 3 125
199 186 120
100 202 125
139 32 122
113 152 122
223 13 125
87 138 122
27 44 112
34 28 107
2 8 17
14 217 125
254 140 128
23 195 125
162 165 112
228 208 115
211 147 125
211 153 125
76 54 116
98 214 125
86 210 125
109 52 119
222 195 120
189 248 128
238 223 128
20 240 128
230 33 125
200 227 115
172 222 120
165 78 122
130 137 91
29 84 116
27 239 128
236 103 128
37 77 116
60 122 119
31 169 122
173 252 128
107 105 101
244 89 128
71 7 113
72 44 113
39 15 112
14 211 125
236 179 128
32 109 119
59 60 33
193 85 125
43 172 125
187 79 125
249 247 110
200 23 125
159 116 122
18 9 21
220 5 125
97 35 119
11 168 122
78 50 116
182 92 125
4 161 122
14 35 112
14 72 113
94 206 125
156 136 117
121 87 119
214 113 125
77 157 122
135 235 128
16 153 122
243 236 97
157 84 122
14 168 122
251 91 128
217 177 120
182 220 120
81 195 125
254 94 128
10 91 116
43 166 122
227 164 125
252 184 128
20 72 113
85 155 122
50 100 119
51 36 110
79 207 125
119 92 119
118 114 34
183 78 125
34 108 119
41 114 119
47 38 110
208 56 125
129 250 128
221 99 125
157 216 125
26 177 125
31 110 119
75 80 36
210 125 125
116 32 119
75 234 128
124 193 125
91 50 116
14 124 119
157 55 122
238 203 128
92 189 125
3 220 125
182 223 120
62 83 116
183 88 125
3 213 125
197 77 125
37 150 122
201 152 125
182 19 125
129 49 122
211 220 115
98 225 125
87 254 128
23 68 113
201 114 125
256 203 128
78 182 125
169 139 117
8 95 116
226 10 125
52 167 122
86 88 31
60 30 113
239 241 53
48 111 119
33 3 112
74 130 122
227 161 125
128 249 128
228 72 125
106 228 125
18 183 125
153 186 125
66 160 122
25 35 112
169 76 122
201 254 128
163 5 122
27 145 122
245 74 128
255 22 128
76 73 116
151 46 122
233 22 128
38 204 125
93 144 122
175 110 125
70 71 103
40 135 122
230 64 125
170 142 117
139 114 122
139 45 122
118 165 122
189 107 125
239 187 128
128 58 119
3 22 21
104 235 128
44 141 122
183 136 125
28 101 119
246 98 128
172 29 125
232 145 128
92 145 122
31 230 125
3 169 122
18 120 119
78 206 125
226 60 125
136 97 122
117 139 122
119 220 125
117 162 122
105 43 119
41 132 122
144 30 122
229 59 125
58 205 125
203 149 125
93 233 128
122 95 119
146 139 117
215 223 115
88 184 125
26 224 125
25 142 122
106 143 122
106 222 125
48 210 125
9 88 116
85 152 122
118 58 119
210 175 120
6 156 122
68 98 119
133 189 125
193 22 125
72 151 122
244 159 128
78 13 116
126 102 114
154 231 128
244 3 128
197 35 125
212 205 89
123 41 119
100 240 128
98 53 119
158 103 122
208 225 115
200 84 125
158 136 117
105 229 125
30 92 116
131 108 122
104 1 119
209 2 125
231 197 128
4 171 125
231 216 128
119 97 119
256 218 128
80 97 119
14 238 128
199 222 120
206 142 125
49 107 119
22 154 122
79 51 116
245 210 128
158 93 122
210 111 125
94 184 125
51 97 119
99 25 119
56 217 125
122 55 119
179 201 120
151 192 125
182 93 125
157 132 117
235 206 128
238 256 110
103 61 119
50 91 116
14 208 125
183 223 120
62 20 113
150 112 122
117 248 128
136 172 125
209 1 125
227 131 125
202 121 125
66 127 119
214 223 115
2 192 125
172 240 128
191 18 125
44 240 128
108 57 119
191 35 125
23 252 128
54 172 125
107 170 122
164 243 128
86 116 119
243 56 128
246 188 128
176 55 125
59 133 122
21 60 113
68 192 125
43 2 112
209 86 125
242 61 128
142 176 125
95 164 122
172 148 125
80 22 116
62 243 128
8 147 122
102 251 128
202 91 125
182 121 125
145 240 128
254 166 128
44 65 113
101 86 119
67 54 113
172 52 125
114 57 119
227 208 115
221 142 125
99 44 119
164 160 112
30 171 125
50 131 122
165 251 128
221 91 125
116 109 114
74 113 119
18 117 119
177 119 125
203 243 128
172 118 125
38 29 107
174 9 125
236 138 128
150 78 122
181 57 125
238 210 128
228 31 125
84 136 122
26 48 112
226 141 125
157 44 122
253 174 128
160 173 125
36 106 119
160 207 125
223 197 120
235 141 128
205 214 102
22 99 119
36 203 125
155 17 122
156 126 122
47 240 128
6 72 113
31 231 128
212 187 120
18 208 125
105 178 125
125 140 122
27 28 112
91 250 128
224 69 125
134 173 125
27 155 122
15 62 113
101 169 122
78 1 116
39 124 119
240 44 128
196 14 125
18 151 122
201 36 125
103 49 119
213 227 115
188 239 128
254 22 128
232 221 128
91 109 119
137 117 122
8 151 122
178 108 125
64 255 128
108 102 114
122 91 119
145 61 122
105 162 122
212 49 125
197 58 125
97 153 122
28 28 19
136 25 122
50 111 119
245 140 128
220 126 125
256 227 128
20 177 125
78 83 111
175 186 94
184 40 125
20 72 113
101 124 114
234 56 128
172 174 32
113 12 119
71 140 122
40 206 125
164 89 122
60 152 122
228 23 125
21 227 125
249 41 128
147 71 122
123 65 119
256 51 128
104 19 119
122 204 125
143 99 122
3 58 113
17 115 119
70 87 116
254 109 128
36 161 122
197 95 125
57 168 122
118 77 119
138 110 122
117 28 119
180 240 128
92 179 125
34 195 125
198 155 125
143 84 122
254 145 128
141 14 122
4 210 125
100 1 119
62 135 122
162 2 122
229 218 115
169 90 122
38 50 110
200 155 125
77 123 119
138 168 117
46 171 125
107 243 128
69 249 128
70 66 28
137 210 125
79 140 122
164 178 125
141 225 125
56 46 113
227 29 125
7 139 122
118 44 119
189 61 125
198 9 125
184 79 125
177 229 120
249 27 128
215 62 125
19 28 112
127 155 122
237 206 128
39 144 122
127 179 125
113 183 125
224 83 125
211 230 115
221 72 125
17 153 122
133 215 125
162 60 122
37 82 116
32 30 107
108 246 128
91 126 119
17 217 125
24 253 128
166 62 122
141 37 122
240 253 110
219 207 115
79 173 125
180 43 125
244 197 128
196 120 125
155 101 122
179 191 107
182 210 120
220 33 125
199 54 125
158 215 125
15 181 125
212 180 120
243 96 128
216 226 115
92 178 125
177 170 125
94 100 119
212 82 125
40 151 122
201 194 120
251 124 128
129 176 125
77 92 111
208 20 125
146 109 122
234 160 128
34 189 125
83 20 116
28 43 110
245 119 128
220 165 125
32 58 113
9 244 128
139 48 122
138 83 122
242 133 128
206 114 125
52 27 112
205 4 125
46 94 116
112 23 119
253 145 128
212 80 125
164 239 128
122 153 122
102 85 119
61 133 122
142 69 122
120 24 119
117 2 119
107 102 101
134 56 122
215 185 120
82 163 122
188 127 125
1 44 112
150 253 128
188 105 125
76 96 111
87 197 125
248 188 128
26 52 112
65 167 122
121 184 125
191 237 128
185 41 125
82 62 116
96 40 116
247 178 128
202 178 120
48 202 125
221 197 120
199 153 125
45 18 112
248 132 128
215 239 128
63 240 128
34 127 119
150 154 37
55 84 116
134 239 128
124 215 125
45 220 125
254 35 128
141 200 125
212 188 120
145 177 125
129 87 122
73 173 125
105 64 119
48 63 113
46 111 119
46 79 116
237 195 128
233 35 128
23 110 119
18 146 122
69 62 108
109 66 119
96 249 128
9 51 112
181 154 125
227 53 125
240 43 128
225 88 125
106 17 119
150 151 16
127 195 125
230 107 125
134 206 125
142 156 117
59 159 122
45 127 119
220 154 125
193 59 125
146 201 125
109 70 119
98 80 119
122 82 119
122 91 119
169 228 125
107 63 119
122 233 128
1 95 116
83 134 122
44 224 125
33 103 119
126 78 119
229 89 125
231 165 128
147 120 122
110 256 128
190 207 120
79 55 116
32 200 125
145 201 125
171 251 128
7 37 112
227 7 125
131 54 122
141 175 125
21 173 125
21 147 122
250 249 110
235 224 128
158 126 122
88 11 116
125 21 119
217 203 115
75 249 128
146 220 125
193 61 125
214 199 120
97 185 125
205 227 115
238 89 128
145 2 122
6 165 122
148 255 128
158 127 122
223 59 125
252 54 128
69 120 119
74 29 116
66 148 122
21 211 125
111 213 125
15 69 113
155 111 122
253 104 128
82 234 128
192 226 120
235 197 128
135 127 122
196 36 125
253 162 128
94 248 128
215 162 125
111 32 119
190 176 107
179 211 120
130 34 122
167 145 117
102 66 119
255 98 128
