2 2
3 8
2 3 8
2 2
3 8
3 2 8
2 2
2 2 2
100 26
101 26
102 26
103 88
104 13
105 39
106 13
107 101
108 114
109 114
110 114
111 70
112 21
113 13
114 34
115 34
116 21
117 21
118 34
119 34
120 21
121 96
122 21
123 47
124 109
125 109
126 109
127 47
128 8
129 122
130 29
131 29
132 29
133 29
134 29
135 42
136 16
137 91
138 16
139 42
140 16
141 16
142 104
143 104
144 24
145 117
146 117
147 117
148 24
149 24
150 16
151 16
152 24
153 37
154 24
155 86
156 37
157 37
158 37
159 55
160 11
161 99
162 24
163 24
164 112
165 112
166 112
167 68
168 11
169 50
170 11
171 125
172 32
173 32
174 32
175 81
176 19
177 32
178 32
179 32
180 19
181 19
182 94
183 94
184 19
185 45
186 19
187 45
188 107
189 107
190 107
191 45
192 14
193 120
194 120
195 120
196 27
197 27
198 27
199 120
200 27
100 200 125
201 19
202 27
203 40
204 27
205 27
206 89
207 89
208 14
209 40
210 40
201 210 89
900 55
901 55
902 55
903 117
904 16
905 68
906 16
907 55
908 16
909 16
910 42
911 42
912 37
913 130
914 130
915 130
916 37
917 37
918 130
919 130
920 37
921 130
922 37
923 68
924 130
925 130
926 130
927 117
928 24
929 130
930 37
931 37
932 86
933 86
934 86
935 130
936 24
937 174
938 24
939 86
940 130
941 130
942 130
943 37
944 37
945 37
946 37
947 37
948 37
949 37
950 29
951 29
952 37
953 29
954 37
955 29
956 55
957 55
958 55
959 130
960 24
961 50
962 50
963 50
964 24
965 24
966 24
967 143
968 99
969 50
970 99
971 37
972 99
973 99
974 143
975 143
976 24
977 99
978 50
979 50
980 24
981 24
982 143
983 143
984 50
985 24
986 50
987 37
988 50
989 50
990 99
991 99
992 112
993 94
994 24
995 24
996 50
997 50
998 50
999 50
1000 112
900 1000 174
1 1
2 2
3 8
4 3
5 6
6 9
7 17
8 4
9 20
10 7
1 10 20
1 1
2 2
3 8
4 3
5 6
6 9
7 17
8 4
9 20
10 7
10 1 20
1 1
1 1 1
999990 166
999991 166
999992 114
999993 166
999994 114
999995 259
999996 114
999997 114
999998 259
999999 259
999990 999999 259
999990 166
999991 166
999992 114
999993 166
999994 114
999995 259
999996 114
999997 114
999998 259
999999 259
999999 999990 259
999999 259
999999 999999 259
