21809 69759 340
48564 58978 340
30667 20561 308
41259 73299 340
98272 65756 351
15118 66887 340
55340 55300 216
99542 78245 338
41017 16213 324
61992 38949 340
89343 42234 351
20589 112513 354
80378 55899 351
8468 42235 324
109709 53630 354
64067 69769 312
17252 99078 351
67724 105597 351
28696 15718 308
36332 99967 351
16468 55128 340
108693 53890 354
87888 41261 351
98015 63719 351
39692 24704 324
67221 67377 237
52149 21181 324
47218 95355 351
59140 30215 340
88995 39179 351
25221 30644 308
12434 14839 276
31221 95369 351
58081 36274 340
71966 26934 340
81526 67802 351
25390 6629 282
61150 8330 340
100398 44627 351
46907 80352 351
56098 25948 340
3636 31920 308
25787 62539 340
35229 50131 324
35229 7657 311
70711 106866 354
110807 105231 354
67583 97885 351
60181 15152 340
52287 99482 351
88761 47833 351
9667 64528 340
101966 74947 351
32409 84880 351
48076 17884 324
8147 7145 252
22726 44480 324
66802 90149 351
6280 13468 276
9270 39769 324
2477 643 209
103968 68938 351
41113 58436 340
29521 96551 351
9584 19406 279
42854 65967 340
36288 27022 324
68928 30624 340
14242 39655 324
41753 106747 354
55276 20553 340
89200 47380 351
78849 104297 341
68873 80290 351
42698 112804 354
105954 62624 351
59839 7751 340
90336 57820 351
89962 49597 351
93285 87280 333
63243 90241 351
37434 112434 354
22840 90819 351
76305 25135 340
86504 71831 351
108567 39316 354
80700 76169 351
35186 40345 324
3596 2647 217
72307 22793 340
49568 11944 324
64653 75637 325
66929 59605 335
105972 75982 351
90279 44645 351
58456 36667 340
72818 16197 340
90328 90239 315
91160 54538 351
23743 60 282
96166 37673 351
80932 100282 341
65261 21223 340
73011 54033 335
6680 40293 324
104237 43452 351
90650 4003 351
99242 2584 351
83572 68534 351
71988 39193 340
64165 37924 340
83717 34560 351
55139 95157 351
66418 15510 340
25163 48287 324
30150 32768 285
35999 49323 314
81879 76256 351
83919 12929 351
52441 63544 340
63535 87408 351
24617 48938 324
32111 31379 285
80955 10822 351
112916 52016 354
102344 52210 351
108531 57882 354
34383 20269 311
68971 5176 340
74088 101624 351
87980 45049 351
71482 40168 340
31158 51301 324
27094 44207 324
84215 108134 354
1760 34015 308
74746 88269 351
54854 52190 340
84070 112441 354
13610 101612 351
17598 20816 279
105848 70979 351
17972 56819 340
76381 66227 325
30936 103497 351
47202 25475 324
30168 10472 308
19824 109946 354
45320 62378 340
36720 56348 340
88569 108747 354
43987 22628 324
42913 102784 351
354 60676 340
106436 90792 354
61215 25574 340
60207 97274 351
32819 62905 340
38359 47883 314
55848 14415 340
13164 48177 324
52219 32921 324
28913 34842 311
76325 61039 330
63188 8140 340
4651 26062 282
1087 41074 324
101535 42032 351
66698 4284 340
16533 95782 351
916 102555 351
10753 84580 351
16060 111573 354
90292 27204 351
87140 81420 333
41650 23426 324
39291 23665 324
74659 32749 340
98210 93423 328
43174 2598 324
44713 66220 340
101854 22713 351
93908 40239 351
24753 60267 340
86183 16583 351
109147 57884 354
58863 59622 273
64892 23765 340
92023 78956 333
26618 37531 324
92676 106974 354
34435 112156 354
112864 63967 354
59982 73682 335
72734 57496 335
107390 58082 354
30271 111113 354
24200 107006 354
69541 32892 340
98214 48844 351
109516 95583 354
104772 106370 354
106657 66329 354
53523 31803 340
12047 5827 268
70719 28605 340
99093 17466 351
75253 2784 340
65844 99810 351
72574 58811 335
96442 102265 341
60805 52521 340
48589 107646 354
75139 86895 351
75047 64209 325
40881 27545 324
9479 109210 354
33671 54215 340
80695 111405 354
107540 112497 323
14185 109634 354
91417 12439 351
102080 71263 351
13406 71066 340
32432 13623 308
103399 81869 341
15446 6228 276
35973 31840 324
71243 82438 351
90076 8361 351
75956 106231 351
36986 56122 340
99072 45767 351
84718 41866 351
39448 43242 306
11279 99825 351
56144 12225 340
55639 23599 340
31832 91602 351
81429 110881 354
28069 40312 324
15560 87981 351
77339 65344 351
108331 93356 354
7042 41716 324
45126 39080 306
6190 36250 324
108940 20026 354
12868 72926 340
33781 136 308
62889 92009 351
20067 34549 311
64775 101717 351
23293 11737 279
61899 49479 340
37386 99394 351
33415 11357 308
26920 105555 351
34323 8897 311
75811 69587 325
21968 93234 351
14502 20895 279
60225 39420 340
2314 20941 279
53263 85636 351
5321 17332 276
70419 62803 330
102203 26674 351
65135 40171 340
6923 2541 262
87233 35176 351
48308 84834 351
64160 79909 351
64323 105310 351
104337 33181 351
92539 3343 351
50468 75599 340
24423 69023 340
38075 67450 340
104551 14926 351
110908 23806 354
70091 109686 354
79160 37792 351
74710 48968 340
105733 74035 351
10774 9453 255
21673 33322 308
53204 78147 351
73268 23568 340
14343 47940 324
8158 94128 351
4752 22968 279
25318 11014 282
5811 45026 324
26636 6426 308
67300 97382 351
50860 69635 340
110529 112605 323
75371 74313 325
107840 46826 354
111183 82967 354
56503 44479 340
9983 106453 354
52070 88813 351
57421 61563 335
107944 83109 354
93325 77847 338
93450 45526 351
42033 108146 354
106768 109890 323
80447 57246 351
22781 11 279
108219 26224 354
56271 49039 340
25241 59537 340
37366 6094 324
88399 15123 351
99919 82523 333
51727 67952 340
102534 24806 351
62597 57305 335
9494 33379 308
110778 98234 354
109418 53091 354
38013 8173 324
87191 84320 333
42417 73957 340
50547 2619 324
98840 10680 351
54427 112192 354
82301 27569 351
59753 44248 340
108763 33398 354
48188 2921 324
32448 72822 340
89819 26385 351
53714 6620 340
106845 12867 354
28850 26830 259
32225 18966 308
78856 54612 351
41796 91365 351
90423 25056 351
93548 57340 351
13069 33668 308
26103 54179 340
7784 87187 351
85141 31177 351
40724 2576 324
94264 46083 351
91389 107630 354
72440 63052 330
109761 27452 354
71949 23737 340
68954 85841 351
9505 65937 340
68351 102829 351
39090 66718 340
8305 80565 351
42740 55300 340
15677 111824 354
31260 109717 354
43055 34960 324
91104 60646 351
12392 45155 324
40295 5812 324
111427 16722 354
97274 27249 351
32471 3451 308
597 101754 351
1591 58259 340
73731 82577 351
106535 47302 354
100829 68299 351
80064 64851 351
46675 8805 324
54496 29483 340
34763 69803 340
76142 32567 340
8173 61412 340
30242 55952 340
20894 22764 269
7080 89953 351
16307 110648 354
62305 54259 335
34857 19441 311
45455 11193 324
109525 74378 354
34342 45292 324
110173 68527 354
73492 10725 340
50509 12808 324
77686 56981 351
25292 91612 351
58566 96924 351
110651 105084 354
58632 26506 340
108218 75479 354
58512 15599 340
83569 37117 351
93573 37454 351
108971 43212 354
17629 92550 351
9235 97814 351
62842 38973 340
28026 19384 308
75793 46883 340
4650 38467 324
24310 109038 354
56499 43149 340
90752 16453 351
111457 104391 354
71788 18089 340
22541 109989 354
68031 69437 312
60281 106156 351
17971 5814 279
85911 111291 354
90457 88868 315
56713 102818 351
46090 33193 324
91424 43514 351
110356 71709 354
3895 92465 351
289 76723 340
79282 4690 351
111829 20897 354
11485 76367 340
76862 91761 351
79958 36987 351
50612 102379 351
10073 73887 340
66159 26025 340
37248 22984 324
76106 74829 307
50563 5734 324
27199 73812 340
7480 69547 340
46494 6458 324
105648 29955 351
62525 89724 351
88402 44697 351
112323 25870 354
11613 39004 324
30822 79851 351
92053 34992 351
9844 17393 276
101363 15329 351
29266 37025 324
95748 27293 351
41666 106352 354
570 14945 276
46102 12810 324
8666 66096 340
10627 77507 351
63476 62431 330
96289 62171 351
54327 69736 335
94474 74691 351
88707 10523 351
68528 73303 325
86040 63436 351
76625 55614 335
74560 47516 340
48689 33496 324
39621 67688 340
30518 75915 340
26847 48401 324
4174 80844 351
92135 4262 351
83590 69598 351
106535 79588 354
15525 102286 351
63158 17510 340
33065 99456 351
92923 20153 351
80787 48242 351
94921 109496 354
93191 701 351
77441 77824 245
50299 92528 351
28917 35372 311
107385 17095 354
16423 8725 276
21597 64863 340
3688 88679 351
104204 51712 351
79206 65673 351
23746 8494 282
83286 97621 333
77613 25859 351
81777 105889 341
46287 66048 340
89677 72155 351
45508 84869 351
94633 34750 351
46891 37412 314
99218 14949 351
30978 49250 324
111995 87671 354
94762 84708 333
46629 78436 351
91477 4601 351
102814 90819 341
23876 79241 351
52432 65957 340
81642 28166 351
28367 60418 340
82378 100801 341
61753 25889 340
42962 103387 351
1020 95322 351
18666 71119 340
26252 19683 282
27643 112409 354
21443 112323 354
14666 36972 324
41213 79475 351
33484 73026 340
38001 80742 351
25550 77268 351
102887 33708 351
107173 57854 354
56626 73555 335
20189 110762 354
38353 9971 324
111703 100515 354
86008 87385 333
21415 860 279
52313 63942 340
83674 45696 351
92100 82489 333
83080 16670 351
87875 66983 351
64160 98064 351
2178 7891 262
75719 50028 340
20423 94016 351
45308 75902 340
60419 30795 340
101702 108243 354
63490 37304 340
76433 80890 351
77510 87288 338
60879 59853 317
37760 24872 324
92539 67942 351
103640 88205 341
30377 109975 354
4367 98344 351
3573 99316 351
101211 22945 351
19985 77025 340
20755 71408 340
15156 20360 279
63343 72739 330
91720 21550 351
84534 35165 351
19193 34487 311
86616 68485 351
81774 18797 351
36433 53472 340
106162 78723 341
65351 109086 354
112650 52287 354
28230 100302 351
40318 58304 340
46436 8037 324
12877 53977 340
77425 93926 338
64579 6453 340
43506 110763 354
106056 23889 351
15437 21516 279
45876 48708 314
60112 47934 340
39847 45839 314
46267 73324 340
84486 99467 333
76897 1667 340
107106 69294 354
5571 36834 324
73202 95893 351
24539 43217 324
1602 13121 268
84003 34904 351
44563 77565 351
52804 46024 340
44630 80453 351
5578 101083 351
112268 40100 354
71987 30412 340
67202 6293 340
21351 70837 340
82188 67254 351
17713 31431 308
55615 7765 340
32182 54066 340
24669 44087 324
73250 69880 325
100020 13903 351
93564 67959 351
51986 109165 354
84248 39735 351
33041 48248 324
47131 23910 324
7109 70345 340
81892 51747 351
22793 52887 340
91534 77858 338
29742 15789 308
79764 88990 333
55827 73334 335
10853 96889 351
57307 51233 340
65282 19615 340
93141 51388 351
36784 92442 351
15157 72679 340
26403 60843 340
30178 111951 354
91664 6421 351
7663 44087 324
68648 68732 237
79084 46852 351
19329 88060 351
23244 78459 351
51625 75915 340
71575 107074 354
98774 59302 351
188 1997 182
7376 37252 324
43225 61338 340
85604 41677 351
47154 42738 314
108909 56455 354
18442 110597 354
9405 16143 276
106974 31521 354
89063 86643 333
37261 33136 324
86340 16750 351
65725 7612 340
18671 57538 340
58431 37685 340
110753 19819 354
94455 111442 354
69138 46931 340
79038 79563 307
95697 65580 351
94409 91071 333
49996 97051 351
89118 49236 351
7999 36834 324
68610 90353 351
81391 66114 351
38497 62033 340
22120 85309 351
61647 6094 340
3623 82427 351
57607 104747 351
82402 64155 351
58951 12671 340
83239 4012 351
17588 93903 351
103181 39364 351
76985 88733 351
95673 16682 351
96090 41839 351
106350 8276 354
44492 70507 340
71871 86996 351
14509 71410 340
11796 61534 340
92419 39001 351
15013 71580 340
69436 26206 340
87905 64342 351
18405 5119 279
96725 44241 351
62672 13409 340
15840 91843 351
47033 73146 340
99098 106725 354
9252 90736 351
12309 45863 324
36073 69899 340
4120 1473 238
80972 44003 351
42407 111688 354
92496 30401 351
65054 42624 340
80052 84520 320
17755 64944 340
22917 15954 279
109997 77782 354
51159 43969 314
39395 34581 324
34944 98720 351
8351 98654 351
55078 95566 351
24075 97267 351
6009 35421 311
91211 105786 341
81344 63848 351
58348 31631 340
13960 90020 351
71104 72369 325
34794 91207 351
88719 34934 351
11597 31799 308
49268 111317 354
22745 57099 340
89948 2190 351
66864 62968 330
18674 108248 354
13075 87178 351
19523 61151 340
78328 82480 338
21469 33614 308
68852 16267 340
57497 43724 340
72215 5185 340
61506 10825 340
81077 89725 333
71546 81346 351
75696 76559 307
69742 53982 335
11495 68285 340
24670 79712 351
92949 44870 351
97178 36083 351
91228 70249 351
77152 25204 351
79067 71897 351
9031 12853 268
45734 88408 351
78724 43174 351
14649 35176 311
90018 48196 351
51210 96827 351
45213 10032 324
105194 4487 351
27125 17852 308
36460 52039 314
92861 57595 351
91975 43041 351
64373 9178 340
96843 48302 351
2460 46564 324
72727 190 340
91940 73484 351
105090 10393 351
68874 49595 340
37144 62455 340
14871 94772 351
40460 23136 324
13355 84914 351
44292 112139 354
9664 37608 324
53881 97109 351
64175 46018 340
25828 23595 264
40460 97211 351
535 29472 308
97142 4646 351
49719 89535 351
62624 77744 351
54756 75550 335
76547 100741 351
67145 66974 268
96578 100128 328
104130 42969 351
3375 36017 324
1457 58705 340
30198 43436 324
35695 8208 324
74067 27380 340
36476 65033 340
58863 108808 354
86497 98773 333
19497 16425 279
53268 96164 351
9310 104542 351
58377 66533 335
15395 30760 308
69304 37863 340
7834 63943 340
93113 39318 351
10133 44646 324
108437 2661 354
57415 58267 273
18635 59380 340
39941 94911 351
36476 90288 351
81713 99550 333
42146 25762 324
54422 86294 351
23302 89467 351
4760 81739 351
36094 76475 340
16650 14340 271
80119 97399 333
69728 85345 351
85060 13715 351
88132 84491 333
101960 106664 354
40150 72232 340
109026 29592 354
43364 87865 351
99624 7808 351
27599 26665 259
9747 101650 351
95181 63020 351
46846 4068 324
4558 27754 308
47222 102090 351
15297 76767 340
83245 103917 341
29679 35828 324
1640 7290 262
70313 49639 340
36571 24686 324
29342 48779 324
80391 43689 351
47420 93632 351
1756 31662 308
16148 95496 351
75446 36047 340
93843 71908 351
81663 68960 351
97414 22180 351
60043 31041 340
46400 77468 351
42560 59383 340
66212 35081 340
12226 62158 340
2160 94983 351
25811 42862 324
89415 94867 333
34458 66243 340
22266 50462 324
34952 32090 311
101646 20223 351
31013 21805 308
68673 84971 351
70789 65162 312
50589 14694 324
4215 34266 311
82860 56293 351
69317 46604 340
99382 32563 351
68046 103572 351
73796 78099 351
96944 91646 328
106670 93309 354
101119 92615 341
59654 52958 322
19609 48563 324
56322 36605 340
41913 73214 340
17263 72034 340
68259 36187 340
62405 15474 340
226 31412 308
67963 74621 325
16723 54565 340
55789 39629 340
49772 99096 351
108804 15396 354
71152 78120 351
89059 36070 351
2678 96405 351
49323 35754 314
22860 106945 354
67897 84876 351
70068 107285 354
81811 61581 351
29969 30132 272
75697 89465 351
21934 37156 324
15526 6953 276
32892 92238 351
86268 39257 351
44775 103965 351
64872 60755 335
44307 57744 340
19484 52974 340
24730 69519 340
87158 60754 351
10990 44650 324
95955 108896 354
102615 66340 351
40489 97098 351
43008 70184 340
18741 11320 279
13538 10605 276
75215 77245 351
105896 44174 351
100831 30410 351
12348 34062 308
110272 43853 354
67067 88726 351
37983 22183 324
64858 54615 335
59441 22985 340
3448 20493 279
75335 66361 325
46472 101151 351
29927 59897 340
53208 59306 322
25525 90394 351
48003 108385 354
21963 106857 354
91221 93785 333
93780 30073 351
111996 34691 354
68635 46163 340
80352 111027 354
15101 55137 340
43361 51249 314
57228 24281 340
50517 94410 351
45442 63560 340
103370 10908 351
85768 76467 351
90071 58885 351
70044 96243 351
36184 62407 340
83817 107635 354
112073 89954 354
18099 19714 274
77796 51351 351
43257 24941 324
52616 85909 351
12355 14541 276
104028 46751 351
34017 96243 351
1662 23665 282
80198 7620 351
61579 109968 354
70224 78312 351
31755 99153 351
90125 69606 351
7320 61229 340
56992 90492 351
19612 4491 279
94767 53865 351
57183 56750 304
95983 80461 333
98487 22954 351
40150 4197 324
88695 32974 351
47723 14026 324
71523 25956 340
75127 1035 340
6989 82166 351
80385 2702 351
17457 80840 351
71884 85896 351
19267 78901 351
45045 75589 340
7749 52156 324
3017 88043 351
57023 87714 351
48339 31610 324
71169 26100 340
30796 111675 354
55871 15809 340
18296 70290 340
51863 44008 314
102194 69312 351
17078 48863 324
105580 96582 341
6342 104948 351
10966 54977 340
54589 27901 340
92950 50188 351
380 71038 340
47617 29515 324
69312 84062 351
16699 48699 324
67496 24282 340
103129 66421 351
17221 60507 340
1119 78967 351
58744 102162 351
58623 102642 351
24944 55465 340
45221 22319 324
42282 20153 324
38750 6550 324
7367 60185 340
69894 39814 340
16615 109060 354
79238 94936 333
38424 58672 340
46782 90416 351
30477 88761 351
99056 64927 351
