561830 726413 447
348376 915546 525
6128 594459 470
872254 515475 525
959262 975369 458
169614 661710 470
316995 528772 470
701494 788671 468
255361 74118 443
574537 329925 470
338124 583876 470
238289 30980 443
172041 928803 525
966276 19757 525
653811 779548 468
477893 336121 449
66079 342604 443
13886 414913 449
841715 907518 432
282984 651628 470
920446 570759 525
848287 7830 525
560441 287018 470
889643 729731 525
1074 702559 470
262211 453058 449
337957 223759 443
934392 872264 476
478194 717612 470
978831 885657 476
767925 336434 470
703110 671580 442
166948 605661 470
497976 66672 449
646995 768415 468
664893 827054 468
851626 144887 525
533145 2385 470
306180 493986 449
328326 97028 443
413880 692512 470
562210 625202 447
696503 755147 424
576243 461902 470
319661 777641 470
994613 751757 525
582694 976489 525
397532 178001 443
409353 449654 449
142920 835610 470
633487 576305 447
355688 399880 436
153664 791973 470
97931 492121 449
152899 542578 470
838083 739462 525
619388 125166 470
839607 128982 525
115863 765898 470
802937 442497 470
257550 208313 443
66187 887974 525
347611 339496 441
494463 838315 525
843796 924480 476
380985 798209 470
451058 316914 449
277990 499716 449
197719 135187 383
329199 454377 449
708486 546797 447
203022 881856 525
463739 726157 470
338156 346512 441
985147 954654 458
770938 597866 468
130509 180164 383
55029 349946 443
503839 761135 470
553293 514042 452
430575 852841 525
423708 359785 449
74714 764564 470
134059 203903 383
956573 460216 525
170810 219968 386
418903 395528 449
453394 140422 449
23952 734974 470
558904 585474 434
706067 841265 525
480998 767467 470
443318 989852 525
670829 914191 525
19548 923356 525
419164 875551 525
204713 790653 470
955052 889981 476
898386 354015 525
988555 367294 525
197113 73419 383
218931 818961 470
25852 678207 470
455345 674912 470
226214 679004 470
807059 306242 470
635892 537559 452
913716 300142 525
811549 794632 468
96499 831581 470
55237 545628 470
372607 85668 443
619293 208516 470
194511 156672 370
417414 300122 449
458649 295153 449
885840 252332 525
444622 340896 449
279824 363253 441
166993 572591 470
612463 841742 525
624513 772216 468
496961 224540 449
982962 340519 525
62496 982027 525
407418 310789 441
546487 353600 470
375978 224430 443
307586 702544 470
411387 867125 525
421891 452284 418
639137 466668 470
187260 572091 470
735054 368557 470
88817 3910 351
562766 101886 470
707117 221258 470
739033 863629 525
833115 979416 525
161849 549795 470
883760 345360 525
960401 972461 458
744967 678809 442
509876 190358 449
554880 245218 470
861596 396035 525
53521 724263 470
397762 735204 470
509562 657090 470
48076 762791 470
75944 339729 443
412627 997511 525
119584 881394 525
613834 543024 452
882335 43454 525
776339 651726 468
29131 317736 443
741570 766593 424
308747 148488 443
185938 143196 383
122076 989605 525
334480 361116 441
168923 485741 449
253309 959575 525
383096 35646 443
438131 124237 449
325653 495545 449
825773 331940 470
765020 828121 468
478264 706706 470
643199 474227 470
650048 350661 470
736903 692611 424
822125 536011 468
5496 166860 383
300749 457271 449
195643 774854 470
943345 333665 525
237384 657665 470
695691 915733 525
647971 201088 470
993010 461006 525
593316 414033 470
778763 136780 470
432062 982243 525
355022 52655 443
11219 611328 470
720523 635178 442
554345 262755 470
937370 567739 525
452006 323752 449
346259 531165 470
982069 277789 525
306881 380590 441
599565 883863 525
188402 163090 365
809621 317316 470
151084 100777 375
842263 779014 525
400197 357516 436
940154 284346 525
858927 464427 525
326205 303725 384
768704 69034 470
462117 305048 449
746585 312031 470
16612 469141 449
211057 423593 449
335071 530917 470
991851 711236 525
124292 884526 525
72703 538052 470
342800 280742 398
531594 810908 468
7561 803467 470
294285 991734 525
364148 300336 441
179773 687702 470
106834 908461 525
640364 592080 447
973163 636315 525
702252 56869 470
847375 960994 476
23358 25505 282
838676 16688 525
509192 541850 470
208894 754036 470
815713 41579 470
519888 944164 525
749749 901889 525
554053 263421 470
898654 426233 525
96388 941430 525
192785 339847 443
815495 933766 525
657580 948060 525
581401 365620 470
711352 681316 442
872976 455768 525
574389 333135 470
168365 82842 383
430920 137583 449
344154 906861 525
573590 503992 470
921222 667715 525
594378 317581 470
901501 494405 525
786789 673485 468
622131 244362 470
115447 765282 470
184268 142765 383
298619 18670 443
818796 606232 468
14474 853288 525
484767 115550 449
140157 207481 383
878780 153635 525
437032 702160 470
70152 641220 470
388969 587820 470
39026 265137 443
324784 291189 384
616882 11478 470
280052 592581 470
560500 761424 447
985074 658533 525
504090 240224 449
267454 616784 470
665240 542049 452
461710 582741 470
551084 274947 470
214130 465158 449
413884 477693 444
792005 878961 525
529261 729967 452
893655 373415 525
185740 511688 449
595052 373789 470
935635 49833 525
97108 870613 525
654111 164743 470
93467 568086 470
619033 118925 470
116412 48770 354
443979 733903 470
976067 827743 525
527477 420780 470
998872 991947 365
662137 910377 525
827915 513673 468
155303 125553 375
609267 746771 447
143497 745075 470
453881 379727 449
872010 962016 476
354085 54391 443
937711 84129 525
752837 683518 442
362734 160022 443
741942 515230 452
569858 700238 447
715924 10511 470
330458 555567 470
253502 85376 443
228381 106962 386
157634 946819 525
662989 8577 470
2370 996807 525
910227 838628 476
64509 218649 386
161974 51655 383
149588 305021 443
154693 417924 449
592785 303888 470
138026 683882 470
650883 274201 470
814737 607037 468
495167 209291 449
179202 659693 470
31190 234356 443
277512 160943 443
999235 173181 525
57934 492285 449
130086 872791 525
538911 212847 470
878563 205809 525
18395 198809 383
96165 666501 470
57593 587238 470
533988 434126 470
735612 245870 470
886622 656736 525
941514 238241 525
203820 819563 470
582123 414669 470
349429 168745 443
319731 54527 443
286902 35772 443
295906 914711 525
991518 687340 525
134336 193434 383
265517 930119 525
78464 734031 470
56448 304709 443
73623 80593 351
26146 311434 443
836204 221479 470
170288 576060 470
909911 404044 525
128754 512436 470
198962 352475 443
429640 549499 470
5305 454513 449
387727 387374 286
762251 5702 470
250569 799990 470
562518 882527 525
914308 243242 525
678939 927672 525
296768 182287 443
6691 967407 525
152667 136730 375
282896 730194 470
937999 886422 476
959436 131068 525
822199 149138 470
982817 527930 525
175723 614369 470
400218 617269 470
416649 829409 470
648484 657332 429
8716 493391 449
711946 395983 470
188300 29443 383
606809 946636 525
400833 872213 525
3067 176962 383
860900 479453 525
947488 147670 525
920142 649686 525
231353 750310 470
617719 897636 525
628951 301409 470
815045 175720 470
211535 556746 470
97090 495768 449
184539 16438 383
865950 865490 397
567080 396393 470
258538 475644 449
679838 751866 442
870252 245089 525
321345 817929 470
43478 84361 351
320424 987560 525
99791 981598 525
341861 481422 449
117629 871981 525
555821 572514 421
610854 456108 470
421662 846073 525
505204 285149 449
270634 502211 449
266061 619196 470
39376 955318 525
953772 134740 525
798393 373496 470
602128 839989 525
289876 523194 470
848909 997824 476
627602 743222 442
552443 776323 468
22041 759683 470
410606 563599 470
906214 306945 525
261246 693895 470
382205 235254 441
378371 592941 470
22084 528509 470
170611 386963 443
127707 475235 449
419363 900374 525
842656 386406 525
265201 806800 470
773861 755674 468
827555 417398 470
512483 357702 470
505663 704772 470
979082 887606 476
381032 695082 470
199746 730736 470
629232 248364 470
896515 197298 525
560902 600555 434
441714 287028 449
541996 277944 470
649393 748766 442
584067 109203 470
153274 826281 470
85489 429033 449
271636 140636 443
405503 837134 470
661397 729965 442
639144 243084 470
271943 156185 443
628557 221641 470
92979 749554 470
31368 259777 443
476100 342246 449
788462 200696 470
713174 213353 470
127627 571865 470
386304 502830 449
17797 151726 375
498917 248362 449
740479 990142 525
366616 9683 443
6140 256078 443
584620 919364 525
934604 858875 476
843639 997680 476
865097 732436 525
33376 129855 354
928567 987330 458
986739 508095 525
333802 483658 449
900841 420375 525
95627 152562 375
477594 937568 525
589507 268336 470
609446 603128 412
125437 64892 354
459995 284550 449
678767 330129 470
302819 424726 449
413370 724605 470
224672 677635 470
991662 673564 525
229296 80109 386
974316 709636 525
610540 854191 525
708921 42070 470
48 546682 470
826043 495622 470
686579 698116 442
836775 193902 470
221481 633631 470
657137 966609 525
519266 93500 470
564155 703299 447
741422 331366 470
362098 372441 392
881184 644016 525
775084 181578 470
416421 484569 444
821041 613207 468
759090 700425 424
209906 630878 470
370566 774071 470
267553 378133 441
372701 111257 443
215631 817984 470
612806 267887 470
469757 677340 470
870632 313261 525
280165 95152 443
195659 185960 360
642188 640672 416
603390 331350 470
831592 818664 450
344226 987073 525
913405 441507 525
111093 239887 443
890750 873381 432
822488 340431 470
290385 703493 470
415207 857287 525
983958 258555 525
79590 15046 351
890675 576492 525
634438 226989 470
536377 134607 470
325782 666113 470
185328 898603 525
794684 795344 331
510324 810473 470
865736 742589 525
825262 877256 525
234275 969946 525
596839 170210 470
238402 192072 443
440363 333179 449
188806 501728 449
75543 675502 470
546995 9887 470
258129 835511 470
759749 112094 470
47763 359114 443
513092 963592 525
575746 193668 470
271480 580461 470
101245 586793 470
337831 83643 443
957383 778403 525
495278 277724 449
467534 237316 449
92948 496535 449
520356 409785 470
886219 75029 525
712335 434918 470
438475 245939 449
397135 364360 436
515629 883475 525
324371 959544 525
94945 113466 354
781017 657482 468
846137 708045 525
439232 810122 470
382481 710169 470
612812 186615 470
685167 42004 470
423944 258776 449
470491 379811 449
482690 966033 525
195398 898931 525
478234 754169 470
393202 982634 525
468557 773587 470
558668 593816 434
174734 968342 525
687804 729737 442
215055 353160 443
372205 663726 470
920552 635007 525
508574 990140 525
669850 30666 470
433316 893875 525
745139 554611 447
477211 125768 449
632763 106315 470
33615 482391 449
803947 813924 415
502256 957139 525
993485 455281 525
300141 575897 470
841177 418348 525
598030 958161 525
582291 968819 525
701407 518602 452
769727 649467 468
737249 664556 442
597355 314751 470
803549 959513 525
877446 356056 525
629495 134627 470
554025 146618 470
882466 946339 476
647050 9362 470
998873 111224 525
686643 130517 470
925186 462848 525
611896 962906 525
261635 648144 470
682304 335405 470
844558 109737 525
397819 65260 443
153223 675366 470
882728 274676 525
64367 295180 443
938347 132893 525
592148 949607 525
608658 76992 470
553058 613754 434
183674 116745 383
679016 551450 447
488917 947495 525
898873 144330 525
9101 844392 525
728217 363990 470
719594 173390 470
318769 864964 525
958334 771807 525
982653 290028 525
703153 466193 470
871663 214614 525
968869 342890 525
265237 639289 470
189667 189085 316
384722 270040 441
234784 313775 416
943262 105290 525
654974 908715 525
549133 430447 470
571097 369631 470
340808 63301 443
490021 323716 449
756575 598929 447
272806 190149 443
699090 964940 525
539441 813668 468
308929 133034 443
269566 862473 525
651018 20531 470
5451 78768 351
213774 608012 470
196426 54647 383
516405 240800 470
417379 52598 449
616305 87431 470
686496 595384 447
655314 440556 470
937108 875943 476
532948 200979 470
468532 654205 470
232529 358010 441
153151 978097 525
237936 78361 443
296416 697834 470
437948 483821 444
777785 837123 468
899098 664503 525
663666 821291 468
324878 883578 525
17687 154565 375
147471 649451 470
435993 893138 525
5087 656853 470
453267 422099 418
364868 518895 470
394889 630312 470
540922 983650 525
229387 594348 470
128038 459579 449
300417 323317 384
721467 585667 447
394918 572177 470
789763 861803 525
160831 506241 449
176682 595606 470
761764 891498 525
37111 660064 470
621567 316167 470
98219 384506 443
775261 412985 470
516513 301339 470
377155 57871 443
585009 692650 447
967743 820295 525
915647 336629 525
439144 533968 470
614574 707457 447
117509 479707 449
134469 908892 525
609842 163609 470
554396 453561 470
941922 161808 525
813736 252638 470
941962 90728 525
23221 445298 449
870738 43688 525
374380 181195 443
699372 389749 470
234008 779684 470
552159 260749 470
263854 952268 525
690419 851051 525
733727 464238 470
376167 67198 443
859927 819680 525
787924 250201 470
25203 349369 443
528020 492838 470
851193 611423 525
952917 386525 525
441422 984543 525
341786 78020 443
269949 258129 407
19880 2869 279
555723 472346 470
221462 177975 386
913437 26313 525
473381 882404 525
884431 222170 525
184337 401607 443
26493 712931 470
841185 13192 525
385012 293263 441
405502 102565 443
40599 888645 525
72553 952819 525
284918 99605 443
980525 389769 525
723482 645697 442
555324 740225 447
836069 174073 470
108990 461521 449
223992 804615 470
251805 72584 443
172240 762934 470
935160 243250 525
297701 427369 449
736440 420430 470
422161 213525 449
110573 247631 443
412675 611903 470
310019 785631 470
452397 143208 449
838177 3240 525
667002 709431 442
637877 485341 470
646171 292342 470
778347 186460 470
538607 986558 525
482766 299662 449
142836 467653 449
513766 644530 452
790189 501600 470
608582 273588 470
698768 909302 525
414619 399309 449
271619 264691 416
944288 116809 525
659257 920797 525
705942 55941 470
435727 994698 525
188723 586656 470
108549 876670 525
606671 538569 452
964939 600911 525
995381 643656 525
71675 99495 351
604317 401649 470
23654 262970 443
246900 683118 470
581590 617249 447
262183 200949 443
254250 30344 443
548922 62759 470
384412 587578 470
360466 830598 470
869447 392560 525
188992 368558 443
591790 622105 447
819418 867708 525
156653 939258 525
714017 96794 470
552706 699568 447
164163 984166 525
875169 768036 525
326123 913073 525
676085 466196 470
999071 834991 525
212674 663370 470
898902 929597 476
874724 873406 388
87370 774166 470
979504 892668 476
78362 15331 351
525236 698929 452
981486 225819 525
592858 263295 470
498384 662061 470
228146 159160 386
449487 659842 470
870023 238859 525
185807 770372 470
597989 766661 447
108640 831145 470
778973 721404 468
221070 606306 470
258517 324238 416
586142 132875 470
171666 119983 383
329827 71704 443
675796 538354 452
971567 330963 525
322889 425729 449
732372 528291 452
645683 397542 470
502351 11098 449
341935 381432 441
930951 907537 476
663127 966734 525
414024 417642 387
507422 373285 449
306895 386342 441
118181 823976 470
253974 758468 470
841906 14116 525
55194 891678 525
628125 609505 447
98363 266678 443
33692 249354 443
513293 768074 468
523781 756210 452
811377 917704 525
515422 374958 470
961180 797461 525
90342 76391 351
372276 645282 470
552793 832737 468
942455 443525 525
782199 426651 470
540745 189148 470
718075 46386 470
702589 499933 470
582124 935965 525
887681 904405 401
249509 7458 443
828346 68513 470
146826 891134 525
207112 418717 449
768906 183242 470
367229 438541 449
587510 893733 525
737564 736481 380
24680 353362 443
823114 559225 468
839983 542150 525
420676 205017 449
812295 309325 470
720935 410158 470
119327 759793 470
295532 922604 525
463211 611524 470
508014 130592 449
583148 830913 468
216709 587841 470
628849 299225 470
97599 289214 443
256595 461897 449
881344 531271 525
882626 36596 525
588934 367098 470
237307 387524 441
992405 333287 525
668490 276425 470
3581 163416 383
777464 110269 470
86189 896905 525
930079 93012 525
550969 302772 470
116100 437367 449
929568 345750 525
557713 118398 470
975900 568683 525
787416 859431 525
834537 316099 470
111457 376741 443
987918 305303 525
142304 435434 449
587574 563862 434
501895 197561 449
237824 392900 441
573767 243007 470
395759 787018 470
948897 598203 525
489802 301698 449
312856 970256 525
210773 647608 470
203561 387971 443
186463 552739 470
549630 291607 470
877276 169221 525
475919 272421 449
709369 30317 470
46608 439555 449
931008 843881 476
149779 395142 443
694817 33271 470
26774 232641 443
75704 588067 470
990426 937445 458
213952 288201 443
975288 964133 458
815875 94875 470
174109 34051 383
741910 388402 470
102422 998291 525
525392 585108 452
110622 713339 470
500587 189568 449
230332 677592 470
726173 82909 470
346180 946942 525
581658 470434 470
96130 217243 386
304804 903833 525
84641 999452 525
800957 174335 470
496522 194505 449
366965 397522 436
584085 756860 447
986044 51448 525
193325 572830 470
168555 591806 470
433233 168934 449
287543 980057 525
655743 337292 470
338615 479600 449
93864 295068 443
916481 982763 476
867561 670483 525
612585 728536 447
534075 767760 452
5062 633627 470
11912 190327 383
527310 810703 468
11814 384931 443
667735 925226 525
382754 560873 470
257069 147766 443
304559 762839 470
288742 362846 441
784517 684645 468
462669 535262 470
205649 319184 443
176827 312316 443
211626 785453 470
543121 578910 452
896037 505684 525
691418 216859 470
737340 188041 470
811859 528131 468
761254 595767 447
255156 696792 470
18670 218603 386
690753 731136 442
143799 921905 525
952734 568858 525
614648 601709 412
927037 126371 525
711535 493216 470
510142 679162 470
729663 752041 424
34445 147190 375
465857 371181 449
112585 931356 525
332392 842607 525
252197 737736 470
444939 859747 525
836513 300733 470
388582 852131 525
314128 553008 470
57619 912476 525
656316 747239 442
209313 309578 443
51965 285689 443
666446 135877 470
785868 975369 525
519989 673407 452
128531 704495 470
505943 156022 449
558022 114331 470
109987 470416 449
200399 791144 470
829426 341381 470
273906 9671 443
367655 228432 443
874096 975865 476
