584473 281793 470
323485 252521 407
569951 800201 468
20763 815983 470
136547 706685 470
248045 350224 441
708369 600763 447
114365 862916 470
150396 711256 470
280917 422943 449
483945 805912 470
765728 796955 468
8459 942791 476
98876 298336 443
478084 230717 449
594405 621794 447
974661 548262 476
138862 484654 449
643188 734244 442
561430 225032 470
511457 107443 449
346927 117417 443
202492 299183 443
180451 57791 383
466573 289716 449
571286 443267 470
109056 227748 386
593673 525335 452
70842 82232 351
603381 251142 470
130295 426508 449
641522 623845 416
938535 687073 476
120861 910935 476
874473 2800 470
304914 608500 470
511612 435078 444
36380 929794 476
325550 645385 470
149062 728031 470
639280 313992 470
6131 186216 383
702808 511995 452
647712 310895 470
234272 958583 476
102007 252087 443
711640 596441 447
516714 738228 452
197261 200399 342
901317 462844 470
501929 797928 470
435839 88741 449
50800 524804 470
497932 645883 470
900408 165231 470
787751 490696 470
974202 32961 476
188800 667407 470
733414 38398 470
293031 466143 449
180773 756421 470
839712 207829 470
306445 60633 443
670167 802555 468
828791 421958 470
184241 425929 449
356916 283006 441
699413 737024 424
907648 14324 470
559748 421886 470
46533 834660 470
319424 488177 449
790549 734568 468
834370 659360 468
809685 881165 450
635571 420964 470
395197 201589 443
528895 756778 452
124251 843669 470
968849 379476 476
143837 994555 476
387425 307972 441
521251 101517 470
324277 972950 476
164102 883877 470
900736 642339 468
399725 650979 470
907697 850114 432
422032 348363 449
536248 684661 452
463256 442754 444
569883 247030 470
728703 226230 470
678499 324765 470
844546 370898 470
306861 343599 384
811850 597619 468
534040 957153 476
234444 135842 443
195355 213868 373
893903 246274 470
504648 100780 449
581838 454149 470
392246 405308 405
467835 298040 449
782771 259122 470
180813 337662 443
76978 432216 449
212232 883832 470
173111 430701 449
211486 414715 449
465791 718398 470
236994 924744 476
394243 930210 476
50917 516044 470
276707 774284 470
101063 386937 443
364182 430411 449
920513 998074 458
274158 643637 470
293597 603975 470
223812 384950 443
686323 526217 452
772179 905015 468
119987 514260 470
102065 242244 443
878626 290856 470
225063 763131 470
184126 911226 476
876771 110607 470
247233 878661 470
284381 15277 443
908342 53937 470
435083 784764 470
418901 271894 449
951281 927967 445
782387 235770 470
187378 293909 443
473254 698364 470
702972 308948 470
282904 158803 443
838542 381464 470
503643 304686 449
722289 309752 470
654770 211603 470
670551 576699 447
479325 875492 470
609263 743917 447
995724 998036 365
840245 768361 468
975388 71268 476
203580 956067 476
335677 714785 470
446212 440483 356
586807 907455 468
396857 526983 470
652132 225206 470
368673 980504 476
93066 447484 449
63623 349825 443
13093 927195 476
136293 719891 470
689719 932390 476
489932 862672 470
288892 762724 470
323810 617383 470
853325 819670 450
928486 472528 476
124324 966684 476
234394 745041 470
656141 454039 470
159201 455946 449
112511 402711 443
870639 987247 476
597000 342737 470
184110 871441 470
361885 583643 470
448099 612809 470
264762 258046 407
435507 268829 449
897710 724258 468
955275 630330 476
400752 639672 470
126245 230667 443
589544 423969 470
513947 87004 470
176597 19649 383
621089 30935 470
546045 827101 468
543774 720978 452
753853 442427 470
958036 946127 414
168530 358445 443
985060 627456 476
441848 102784 449
898500 3902 470
304693 381702 441
83587 848688 470
20129 674236 470
135273 204450 383
193887 378520 443
491431 48002 449
41929 50593 314
537176 499736 470
145381 495732 449
687668 678048 398
185063 473319 449
559287 65766 470
140990 558498 470
972860 303384 476
966646 267343 476
197671 653052 470
803488 896966 450
541250 987590 476
388054 658003 470
117509 50405 354
422216 584136 470
384553 905047 470
326528 391743 441
833537 947235 476
977285 932576 458
31263 587540 470
739825 133251 470
71690 729506 470
353774 347639 379
375375 465852 449
325 861674 470
690874 994496 476
187348 884842 470
98423 616484 470
924999 738583 476
793762 819530 468
32684 109073 354
438760 873688 470
317649 170323 443
905521 69836 470
796117 103259 470
311961 716933 470
89818 37424 351
349373 280676 441
623920 724177 442
36276 593993 470
276782 313722 389
197914 898922 470
687612 453051 470
167025 589795 470
515030 547840 452
429065 919213 476
557706 438583 470
193848 601182 470
797636 929698 476
165598 199867 365
107310 580100 470
104722 427761 449
573927 914692 476
127114 993702 476
136969 748441 470
70633 438979 449
509867 628219 470
673394 478908 470
162176 492271 449
754832 727587 424
475538 523186 470
68027 325144 443
54943 827453 470
559 909656 470
576151 13163 470
841219 580004 468
480846 957151 476
901165 981286 476
292978 53845 443
380690 411017 449
322941 20312 443
506512 892181 470
50611 895473 470
129569 488329 449
533974 216187 470
669583 746231 442
776961 478867 470
20182 43230 324
108271 902544 470
787185 789269 406
272401 197735 443
22656 887677 470
114730 515235 470
438672 594154 470
454456 999907 476
937233 929978 414
982315 406764 476
176579 103338 383
794451 50154 470
809198 971774 476
479455 951520 476
973078 439065 476
512514 427253 470
595346 821506 468
78763 515330 470
76167 641377 470
347361 577938 470
960866 9490 476
648472 136987 470
279490 744063 470
967238 500417 476
335576 639779 470
662002 19407 470
859703 848717 388
338458 880087 470
608394 163963 470
367056 178075 443
685284 107063 470
617917 650126 416
88962 112055 354
605663 844437 468
250699 771702 470
386004 699593 470
615333 65629 470
226557 471888 449
639827 725426 442
286314 701723 470
936612 408367 476
281322 442018 449
672553 149279 470
388563 285039 441
749475 639156 442
445681 818774 470
738431 239495 470
841114 19972 470
17455 282914 443
357362 748183 470
71330 133486 354
629525 943611 476
451922 684283 470
811926 351311 470
468962 455036 444
507519 595270 470
283639 219353 443
7983 208090 383
711205 138845 470
416784 785509 470
703819 710571 380
283177 779698 470
181117 444591 449
962010 571267 476
603586 79997 470
32377 367117 443
442561 320665 449
757571 159774 470
490735 526052 470
749452 453554 470
778340 527728 468
712256 713888 411
712712 758927 424
384054 528363 470
942740 182254 476
568451 281514 470
364711 79795 443
454810 740124 470
632409 630208 385
262189 321767 407
511796 339001 449
610326 976555 476
429453 811028 470
920464 550534 476
603956 58365 470
579414 218885 470
220674 522047 470
562224 78082 470
213002 252774 443
701946 268365 470
346847 243534 441
819435 61383 470
470200 736201 470
481744 192567 449
985946 434493 476
244645 343798 407
833566 947324 476
852905 89125 470
524224 459380 470
21429 804794 470
63708 579891 470
100977 14575 351
919051 555906 476
144142 392320 443
537136 552985 452
630385 175955 470
307422 504063 449
383372 60542 443
275944 106359 443
19514 732816 470
364036 906544 470
603507 85545 470
322764 55981 443
54864 807298 470
162851 240711 443
248821 481700 449
339900 494956 449
685667 549939 447
546030 92256 470
64481 491325 449
561559 474975 470
90387 358857 443
254176 230730 381
368892 370305 392
478068 453454 444
296504 599974 470
321763 437080 449
443767 942337 476
880996 541514 468
44983 425937 449
491674 243355 449
858350 644432 468
148083 837955 470
840847 541380 468
652744 994748 476
794186 36358 470
896879 384392 470
381243 12202 443
554229 894107 468
686844 996665 476
386010 526696 470
802426 466499 470
301086 939098 476
751003 77943 470
292961 717907 470
437052 284826 449
383995 912157 476
205310 743989 470
747297 47768 470
23193 627420 470
248002 833394 470
263402 461515 449
748221 34036 470
556483 396065 470
653714 536603 452
207522 869076 470
345377 460736 449
226791 478241 449
334940 278544 389
111112 495856 449
211799 298503 443
130841 871217 470
706682 541637 452
26804 752982 470
487928 992171 476
702175 533745 452
627391 440236 470
706204 170010 470
25580 650769 470
49865 63007 340
469383 390637 449
167894 99251 383
410793 925081 476
647393 544480 452
1338 954971 476
680030 360585 470
394445 607915 470
63085 172364 383
836768 19151 470
973970 549421 476
609553 242254 470
673526 488241 470
452376 715008 470
755323 980466 476
704168 272434 470
551342 335612 470
30202 746796 470
828826 489944 470
268755 523505 470
968778 877968 476
627473 32208 470
403461 568939 470
186978 43939 383
208454 278064 443
428054 818059 470
394210 550504 470
288798 596831 470
622726 886036 468
79403 680798 470
786870 823206 468
434771 334762 449
133045 34025 354
368956 72004 443
382311 293745 441
410479 443468 418
610726 784966 468
743821 319021 470
486604 571323 470
259978 789473 470
830531 233197 470
427710 240888 449
363413 596406 470
937185 856858 476
938475 204534 476
139002 789715 470
515064 686537 452
404096 508293 449
625256 453494 470
663851 377681 470
108693 221862 386
554755 355523 470
446726 705286 470
788238 799778 468
113881 443024 449
593869 774427 468
982791 140263 476
342876 912493 476
968184 84069 476
748986 849842 468
776167 168461 470
364884 478553 449
836958 813045 450
445127 785287 470
242385 591907 470
630115 837910 468
783893 702918 468
320800 562738 470
992450 502324 476
60067 315113 443
418660 205497 449
714280 887637 468
259575 511922 449
757268 523227 452
838071 350992 470
499072 704263 470
371375 164898 443
673047 974452 476
927169 145880 476
397471 816635 470
458948 627331 470
161597 657601 470
336642 391733 441
151106 400103 443
844234 3106 470
924236 492589 476
702985 397660 470
177387 438782 449
797066 873534 450
97772 822099 470
927790 309015 476
590769 373978 470
603316 908322 468
490875 350566 449
582598 25047 470
717716 498780 470
135542 645553 470
222373 190655 386
755700 928118 476
484291 883951 470
367552 788322 470
265362 927366 476
907300 897177 401
305274 870295 470
524271 615697 452
651051 859940 468
549453 328116 470
353705 412645 449
808337 355648 470
336241 831724 470
817164 133694 470
339777 810626 470
894823 617617 468
988344 308128 476
247084 945662 476
177957 611365 470
635492 232369 470
191848 612859 470
330176 991752 476
171277 719280 470
663989 96785 470
830146 482572 470
654791 370192 470
591665 998128 476
843388 871262 419
646608 350095 470
706524 694403 411
785250 900453 468
747482 627363 442
238839 16392 443
641299 330521 470
181534 909596 470
617233 793385 468
989992 621407 476
598041 700415 447
835340 829422 419
483795 995490 476
691075 73962 470
367386 372855 392
380437 206919 443
399499 642067 470
858130 350854 470
482804 915475 476
523764 422832 470
968219 348968 476
998217 325306 476
50559 730206 470
459136 235479 449
616524 553294 447
328081 34936 443
884899 344814 470
829365 812905 450
297013 913359 476
699437 549397 447
764894 883215 468
115674 538546 470
565255 342516 470
734755 847842 468
879324 687224 468
583332 125538 470
221726 774484 470
427468 366372 449
776020 312376 470
162411 824840 470
960157 7841 476
710498 125620 470
382066 370499 423
892564 762324 468
713691 227333 470
747014 598639 447
911273 941675 445
810732 689992 468
640274 49655 470
947325 729235 476
725323 528262 452
410702 686465 470
938657 191376 476
965814 760905 476
464997 773624 470
53393 591919 470
936446 106633 476
181820 786550 470
17889 418217 449
956809 212601 476
141585 192285 383
418369 179096 449
139007 215714 383
644535 580103 447
198684 408162 443
902678 313203 470
790688 781791 406
981710 800539 476
941605 410062 476
722313 238196 470
518202 598264 452
177353 278776 443
983702 543175 476
280921 212394 443
427476 645197 470
381986 352895 423
537124 293565 470
507452 258981 449
581338 383680 470
759417 624010 442
402600 45382 443
822751 153578 470
880682 61891 470
161629 516633 470
321086 241453 407
117455 503672 449
746961 567125 447
785652 854713 468
128710 294913 443
245076 830063 470
172423 296441 443
441345 488521 444
406398 849529 470
784198 810479 468
954486 768581 476
308976 257535 407
565597 236370 470
73679 95517 351
180664 949807 476
315524 824481 470
561506 224491 470
774770 357066 470
280445 516337 470
508591 165679 449
675208 413273 470
464057 479375 413
210538 526012 470
56853 752860 470
56127 864088 470
11131 52910 340
589880 221866 470
755929 711612 424
966192 818930 476
744899 581164 447
850823 940241 476
168600 491592 449
917142 603688 476
662427 60577 470
722898 346121 470
778262 833692 468
142359 63697 354
184239 843718 470
615571 468324 470
784542 69278 470
94640 129241 354
209964 945893 476
716383 257224 470
419959 36694 449
911315 358653 476
478250 205317 449
870900 637642 468
916557 150164 476
38121 556664 470
484835 957034 476
560860 279577 470
501404 406248 449
453231 815681 470
462701 130716 449
546936 559429 421
49866 363032 443
182853 577616 470
178202 932510 476
992519 434365 476
275569 377175 441
49790 563954 470
547074 521091 452
134916 202490 383
585939 633995 447
846391 671691 468
324243 338064 384
820394 371475 470
982247 755739 476
373273 182821 443
371327 2889 443
469443 108310 449
633049 23194 470
35243 885009 470
255742 932472 476
288698 992815 476
999933 495798 476
935810 951115 445
185321 95582 383
795900 47590 470
644487 565405 447
661702 675224 398
532346 562252 452
974315 267043 476
95371 728864 470
198789 412846 449
450905 758324 470
623020 118166 470
404434 614556 470
670826 322923 470
341475 585279 470
719447 735700 424
270748 548070 470
842412 759321 468
166647 815528 470
860611 784358 468
861488 192142 470
577580 409447 470
871884 423306 470
99416 210754 383
708554 46043 470
695418 527657 452
415233 761332 470
742441 357703 470
309843 839551 470
914133 861107 476
159888 743389 470
925630 163540 476
314085 106679 443
824956 115703 470
633515 442981 470
34272 419113 449
418132 474299 444
87306 59810 351
908241 768222 468
283692 305119 389
355621 450833 449
286611 613370 470
105219 123115 354
27055 682424 470
605920 750163 447
146187 520094 470
777667 215377 470
606680 858033 468
702241 435906 470
34599 450370 449
176302 420962 449
815287 799363 406
267857 421229 449
959891 632565 476
651053 365448 470
283570 19473 443
159304 109343 383
492103 360352 449
692980 632433 442
360509 605914 470
345486 209841 443
305481 973742 476
370295 759103 470
302824 115848 443
401588 16038 443
281776 161456 443
162394 929131 476
839977 310095 470
746705 678458 442
366050 682310 470
445803 23046 449
431132 948766 476
4082 259643 443
616394 853262 468
135948 936261 476
780476 121136 470
112891 605417 470
138950 401774 443
238657 324876 407
427308 832414 470
70431 317784 443
849670 530154 468
315291 189448 443
477300 820067 470
433673 364600 449
254185 289526 407
115426 956860 476
791345 822351 468
959044 111183 476
687222 611086 447
880967 970460 476
198382 771712 470
9366 809014 470
702953 592312 447
75638 548613 470
548625 635704 447
606853 826688 468
557695 885756 468
543709 21839 470
673582 878090 468
261062 158269 443
976355 288113 476
351909 408676 436
569285 762773 447
950731 994206 458
644044 877183 468
818399 640438 468
369132 973219 476
888373 389967 470
114246 294421 443
482728 495010 426
922741 270033 476
946568 317545 476
74968 20695 340
20679 649860 470
47238 159327 383
874833 634996 468
164257 742934 470
357896 514389 470
767365 794558 468
685995 759160 442
776508 159318 470
486221 751813 470
110836 584474 470
840956 76730 470
550960 820647 468
736624 650703 442
275323 229837 443
110775 378811 443
483789 855578 470
512651 756359 452
233505 161572 443
244952 854139 470
855201 677353 468
738285 422165 470
92562 603003 470
824844 426115 470
412933 19702 449
524131 191080 470
774538 728823 468
931095 468797 476
503577 899554 470
805827 167429 470
833963 643469 468
504008 187021 449
93115 354231 443
958595 789142 476
479165 151547 449
525750 195803 470
868084 50770 470
641833 660606 429
113642 542965 470
403300 84175 443
858783 115034 470
377646 356273 423
963939 865434 476
181056 998610 476
275907 778265 470
617247 355195 470
610408 406987 470
461989 531202 470
502036 688735 470
299102 516637 470
487271 361186 449
166267 447749 449
429373 986165 476
152753 756915 470
668386 897649 468
506247 40891 449
