4345 7229 262
9133 2519 262
1810 4361 238
7258 9685 260
2835 3046 217
6389 8280 257
4039 1267 238
6425 8236 257
5360 8287 262
7614 5775 262
8929 7013 252
1959 8838 262
6385 4724 262
7180 9722 260
2583 5049 238
805 8 171
3912 1561 238
7694 7553 177
8626 8867 216
639 4786 238
8610 1563 262
6636 9451 260
4568 4371 215
6517 5755 262
1369 6880 262
2376 738 183
738 4910 238
7407 4129 262
1973 1065 182
5464 3130 238
2790 7229 262
2675 6693 262
1321 816 182
456 4720 238
9057 7219 252
5137 7535 262
1332 3686 217
6351 3270 262
3981 3141 238
3324 4490 238
6460 7736 257
4997 8546 262
4542 1820 238
8759 6271 257
5669 4967 236
5379 6320 262
6422 9429 260
7035 3341 262
4223 6814 262
3229 7668 262
4183 7543 262
3303 9973 262
5518 4993 192
9015 8437 247
7812 1758 262
1188 7580 262
6192 6941 244
7652 8920 252
7867 1396 262
5735 1867 238
5307 2767 238
460 5189 238
5253 7643 262
9763 1569 262
5963 6998 262
4497 3985 215
4748 6973 262
4833 4041 215
5322 4397 210
7398 3993 262
293 2990 217
6050 2692 238
8834 3381 262
5720 992 238
2560 1874 209
912 2122 182
7469 79 262
2695 1107 209
7724 1373 262
1651 7446 262
8753 1352 262
1154 2598 209
1114 5467 238
5489 7595 262
4610 8549 262
9894 6331 260
196 5842 238
6759 1536 262
7206 3510 262
1996 1887 175
2227 7393 262
4535 295 238
6772 1485 262
6565 9532 260
5604 9763 262
9036 5130 262
1587 4147 238
8656 2077 262
9901 6717 260
1880 9374 262
6172 4066 262
4722 539 238
1638 4320 238
3767 6709 262
5045 1550 238
6863 2309 262
1807 2850 209
2401 8733 262
8533 8423 203
7496 8535 252
7033 2893 262
1053 4303 238
2527 1888 209
2587 3537 217
404 9174 262
5986 8730 262
2382 2957 217
4372 7493 262
597 5616 238
7626 6964 239
4377 9760 262
8824 4893 262
1748 5791 238
5319 7839 262
7589 3575 262
5305 8147 262
9240 2465 262
5112 9580 262
1406 7838 262
6027 3939 236
3276 9003 262
4652 8824 262
3263 6421 262
4219 851 238
5963 563 238
6980 8249 252
7104 7330 195
1428 2986 217
7906 472 262
2989 2188 217
9927 2904 262
2837 4581 238
6059 4484 236
9678 9158 260
6842 5246 262
581 2992 217
2796 7593 262
5583 31 238
8000 6519 257
1893 8223 262
9937 761 262
4302 2239 238
5198 447 238
2428 9770 262
6522 8524 257
9008 9407 260
9464 7495 260
7761 8804 252
8898 4078 262
5843 2937 238
1704 9863 262
2603 3415 217
3812 8562 262
9919 8987 260
5515 636 238
2634 234 209
5931 6853 262
1603 8672 262
8618 9035 247
7166 3321 262
2570 6373 262
8250 2272 262
9419 1346 262
8655 8249 234
5800 8863 262
2808 3742 238
3828 5969 236
5998 126 238
443 539 142
9242 7356 252
7155 537 262
2176 9044 262
3992 1163 238
1909 1029 182
6355 1153 262
8600 3816 262
7247 2615 262
9881 9304 211
9175 669 262
5153 9917 262
6911 7158 257
9690 743 262
5323 5030 192
4197 1002 238
8417 9599 260
7930 9223 252
8056 4559 262
8321 5155 262
4009 4335 202
7165 3295 262
9132 5192 262
9406 2720 262
3644 124 217
4830 5578 236
8862 4023 262
5053 8350 262
5104 4417 210
4544 3977 215
7702 5307 262
4456 1013 238
7293 6662 257
2568 3170 217
9902 3132 262
279 1972 182
1339 6253 262
944 7789 262
3787 4490 215
2526 9520 262
2775 5723 238
6904 2251 262
8536 8794 216
5660 3662 238
4593 573 238
7835 5412 262
3366 6482 262
4 1836 182
7704 811 262
6224 2646 262
3459 9027 262
1115 4814 238
7352 3298 262
835 9123 262
2937 9183 262
8827 7817 252
9001 4303 262
445 170 144
4588 2461 238
5324 9970 262
2098 5818 238
4554 3119 238
788 3376 217
8416 4379 262
814 5523 238
4228 6416 262
1125 8391 262
4282 8643 262
7121 4203 262
9992 4378 262
5849 7397 262
4181 9229 262
2137 357 182
1692 3776 238
7247 7571 239
2493 4221 238
3771 7060 262
1165 6520 262
1543 9763 262
2800 8503 262
385 4986 238
8196 7308 252
5099 8883 262
1984 8674 262
2342 3848 238
2033 2130 170
1118 7370 262
6486 6842 244
4729 8011 262
4094 1335 238
6661 3444 262
9336 9864 211
8387 4470 262
7982 3311 262
9359 2923 262
608 7678 262
6504 9742 260
9430 140 262
5557 196 238
6551 9290 260
796 1688 182
5192 1670 238
2364 3358 217
8242 411 262
3872 1865 238
5484 9093 262
9652 4758 262
4918 6074 236
5578 8287 262
4060 582 238
3243 4265 238
9987 4928 262
4436 1153 238
1730 4216 238
80 1077 179
3610 3924 238
9310 6557 260
2246 8759 262
9392 856 262
8913 429 262
695 2513 209
2149 2368 183
639 1110 179
6307 9722 260
5367 6350 262
4622 7101 262
595 2186 182
342 7273 262
312 2053 182
9799 4123 262
8354 8634 203
3694 720 217
8125 2163 262
4909 5755 236
9954 2689 262
5921 5370 236
1103 1561 182
6784 3650 262
9659 3971 262
1508 5270 238
1418 860 182
8516 609 262
1241 692 182
5596 5583 130
684 4380 238
6842 102 262
8720 7015 252
291 6204 262
778 8786 262
6060 4922 236
2159 3948 238
7891 7143 239
7643 8205 252
5463 6674 262
6065 2130 238
295 7808 262
243 5027 238
7714 6690 257
916 1011 174
4559 1195 238
7280 5857 262
2367 773 183
7737 9898 260
8043 7034 252
5279 3481 238
8173 4379 262
331 1407 182
131 4525 238
2999 7562 262
1850 8989 262
9880 2105 262
8447 7948 252
1456 2432 183
5882 2594 238
6100 8199 262
2580 3959 238
7867 7999 252
3508 9033 262
6746 2697 262
8334 9985 260
9211 5077 262
7827 9202 252
2408 5019 238
6178 7899 257
7736 6686 257
4944 8599 262
1529 1948 180
1199 8020 262
1334 9374 262
7907 8889 252
6571 634 262
5475 9479 262
1180 1753 180
4029 9626 262
5085 7855 262
146 8235 262
2839 5892 238
8294 7264 252
9177 9763 260
9448 462 262
8971 843 262
4016 6539 262
6648 6738 182
9051 3425 262
6837 4668 262
8649 7096 252
6463 6220 200
8613 8942 216
3323 478 217
6032 6298 262
1782 2160 175
4554 7548 262
1622 1476 167
3596 3804 238
8427 7416 252
7722 692 262
9128 5750 262
7266 8499 252
9657 2184 262
3952 8348 262
9596 6305 260
8694 4256 262
4805 4663 197
1535 9652 262
615 6658 262
542 8127 262
468 299 144
9824 3105 262
5573 7146 262
7947 7108 239
3229 1772 217
1210 1386 177
7720 4578 262
5603 6772 262
9292 9032 260
2916 4440 238
5641 6476 262
5269 3535 238
3806 60 238
3049 9883 262
8227 7983 190
935 543 179
8016 1272 262
1377 2085 180
9947 6544 260
4033 5439 215
9290 1277 262
4812 8479 262
914 2006 182
8670 8127 234
9356 6354 260
6029 6503 262
674 7985 262
3157 2383 217
6760 5805 262
814 6251 262
9244 3526 262
4016 6015 236
2593 3934 238
9690 420 262
6383 4996 262
7630 8187 252
5754 9603 262
803 4741 238
7501 2649 262
9790 4823 262
209 4520 238
9187 7252 252
9920 318 262
6180 1644 262
7038 9739 260
6174 5703 262
9724 1207 262
9598 4903 262
4391 6245 262
4748 6796 262
4800 6384 262
4917 3431 238
1946 198 182
9968 8475 260
2303 7706 262
7218 2664 262
4601 1322 238
106 8337 262
5472 1903 238
1918 9654 262
1621 8814 262
7114 6510 257
1516 7335 262
7092 9740 260
3075 7536 262
9572 4008 262
5755 7538 262
6421 4871 262
6709 9009 257
8082 340 262
3633 6339 262
8072 8938 234
1217 9774 262
9964 8869 260
8161 5174 262
6990 2094 262
9797 718 262
4370 8441 262
906 3467 217
7753 3983 262
2838 8661 262
9848 150 262
1513 3936 238
3390 3841 238
3442 753 217
7317 7371 195
808 8902 262
3546 1071 217
3236 9826 262
1342 6611 262
782 742 153
6807 8967 257
2195 8643 262
9312 274 262
9907 5479 262
7650 6839 257
7239 5407 262
181 7421 262
1163 7899 262
7496 2325 262
7938 1645 262
888 1518 182
8754 941 262
6422 4482 262
8268 8536 234
2510 158 209
527 6273 262
7375 1627 262
3923 5955 236
9597 5303 262
8523 6497 257
9023 6562 257
7951 7787 190
6252 4324 262
9710 1246 262
3672 5150 238
6413 69 262
6774 6647 182
8853 5331 262
1671 3359 217
1651 6307 262
6498 3610 262
2363 5018 238
3203 969 217
7262 7169 164
7580 9394 260
253 4455 238
2990 8472 262
6071 7020 262
252 2602 209
3274 7949 262
5631 9570 262
7452 2069 262
4791 2673 238
2742 3731 238
4244 5055 215
1238 4109 238
9580 2273 262
9631 714 262
2279 8441 262
2155 3991 238
3747 3347 238
4010 6578 262
8757 7609 252
6930 9787 260
2207 149 182
8226 6334 257
6652 142 262
3023 8463 262
9114 2642 262
4127 6062 236
2354 2702 209
4408 7611 262
5979 4759 236
8951 5393 262
4226 4096 189
4829 415 238
3860 9033 262
7480 3029 262
9775 5083 262
4580 2683 238
408 1308 182
267 1286 182
7898 6083 262
2408 2953 217
4491 9837 262
7489 8343 252
2035 1354 180
8324 2874 262
8560 9073 247
2894 7593 262
7447 5303 262
5404 9582 262
5918 6480 262
5477 8352 262
1056 8963 262
8295 2878 262
4914 1285 238
6254 6311 156
7163 7387 195
9496 3941 262
9620 5760 262
1129 5880 238
1285 5848 238
7934 6529 257
313 7573 262
3963 5189 215
7965 8149 190
7369 7400 208
5167 9421 262
6264 1945 262
8138 3136 262
8839 8457 216
750 1872 182
8519 7123 252
1247 8025 262
4762 1512 238
26 3854 238
6388 3968 262
3705 2966 207
579 3507 217
646 7246 262
7169 5316 262
3 2689 209
7274 21 262
2627 2071 209
3477 2358 217
9772 895 262
4254 9391 262
5948 2710 238
5424 8929 262
228 6532 262
4850 2932 238
278 1929 182
2394 4304 238
4882 276 238
8429 3794 262
4367 6916 262
8278 4743 262
1884 4077 238
9938 7651 260
2364 9067 262
3924 5276 215
2425 3508 217
6679 4339 262
2858 2603 191
6223 3059 262
4789 7689 262
4714 6676 262
4471 5124 210
8122 4984 262
9403 1742 262
1026 9064 262
8506 6655 257
4130 5402 215
8972 7863 252
5266 3404 238
6165 2703 238
8588 5695 262
8751 2851 262
2117 5514 238
2822 8304 262
6080 9225 262
7368 6213 257
8835 4841 262
6343 5075 262
4097 8501 262
6939 6807 226
8390 3043 262
9061 974 262
127 7514 262
949 5914 238
7776 6767 257
4274 566 238
5336 1595 238
140 5723 238
581 4395 238
2929 647 217
8838 5518 262
426 5229 238
9000 9328 260
184 8153 262
7293 2058 262
4195 7653 262
3468 9021 262
9278 1736 262
587 4390 238
2471 9580 262
7488 1683 262
3744 3287 238
8933 4571 262
430 881 179
9995 3961 262
3440 3957 238
5329 8155 262
330 8384 262
1123 597 179
3610 2634 217
3803 2745 238
4277 1145 238
3196 1561 217
1039 2060 182
2861 8218 262
152 7956 262
5078 9277 262
166 6978 262
3680 4905 238
9063 4492 262
3831 1736 238
9358 7648 260
7269 8783 252
3295 5929 238
2831 6164 238
5766 8754 262
8534 3809 262
404 4577 238
935 3396 217
252 1163 182
5371 475 238
1925 4724 238
7319 7198 195
5873 1707 238
5514 6622 262
3705 3366 207
9860 8089 260
9627 1715 262
1390 2877 209
59 2641 209
45 3254 217
361 6813 262
2725 700 209
8052 4183 262
1861 9974 262
3038 4679 238
1869 8215 262
5663 5331 236
4962 4073 215
5496 9406 262
5239 2690 238
1842 9478 262
6458 6052 262
1942 1552 180
8359 4796 262
2445 9657 262
8478 9338 260
1591 8591 262
1898 6514 262
8419 4702 262
8788 7118 252
6471 8503 257
3294 8008 262
4857 3643 238
2939 7444 262
6038 4534 236
9887 7960 260
3799 2119 238
4896 2668 238
5924 9637 262
4290 9347 262
3168 7077 262
590 5535 238
7884 3335 262
1235 9656 262
6029 9458 262
2781 6078 238
9770 9872 211
7013 529 262
7577 7073 239
6368 161 262
9505 650 262
2027 8153 262
1559 1838 180
2285 7577 262
1217 2263 183
5658 2467 238
7780 2986 262
951 4644 238
6351 4041 262
2437 5056 238
9147 9241 229
9834 5847 262
1388 5799 238
3804 6301 262
1643 8595 262
7573 2769 262
5947 7512 262
226 6195 262
4169 6613 262
4619 2359 238
6976 1137 262
6012 8097 262
3480 9343 262
3601 3434 194
6936 7627 257
3332 4626 238
4080 56 238
5881 995 238
9108 6450 257
3227 5596 238
3447 4645 238
6503 948 262
43 2644 209
2936 8700 262
5673 9392 262
3158 8321 262
8001 4507 262
6807 5334 262
8392 5103 262
8505 7272 252
8273 5406 262
4836 3128 238
951 4219 238
6093 1109 238
2947 3146 186
801 5729 238
9287 5335 262
6006 5587 218
5521 5028 192
8321 3705 262
1531 6620 262
9777 9862 211
4331 6095 236
8199 5976 262
2813 6198 262
1425 4729 238
7284 8098 252
8202 1468 262
8357 9192 247
3676 9764 262
311 2665 209
1365 1319 159
360 1871 182
5202 9116 262
7246 2945 262
8494 7856 252
3463 8116 262
4996 6955 262
9863 233 262
4056 3599 238
2014 3235 217
6503 697 262
9629 1881 262
1443 4224 238
6980 8711 252
594 17 144
4292 8013 262
3468 9924 262
3518 6479 262
6549 6969 257
6552 4426 262
8364 4331 262
1030 3608 217
8797 7781 252
9478 5249 262
5097 4055 215
9163 9873 260
7495 1088 262
3705 7320 262
4531 7653 262
2517 5612 238
4727 1108 238
8561 4215 262
6203 4071 262
924 9310 262
9501 3562 262
5209 8951 262
5382 3443 238
8809 5991 262
6505 7370 257
2031 5271 238
9591 952 262
6989 5465 262
9533 91 262
9369 8570 260
1675 8082 262
6072 2644 238
5107 6236 262
6478 1207 262
2940 6807 262
7730 9561 260
8643 8071 234
163 2552 209
6230 5578 262
3897 2088 238
2122 1004 182
4418 345 238
4549 6674 262
1636 2254 183
386 7471 262
9781 7320 260
6475 8953 257
7227 2923 262
3592 4792 238
2881 99 209
4366 5940 236
4982 4063 215
9766 339 262
3569 9050 262
6600 4870 262
4786 5995 236
2129 6205 262
3700 6439 262
5859 7034 262
1737 8497 262
525 8022 262
626 5976 238
7231 5251 262
6506 3921 262
1256 6614 262
9512 56 262
9069 9784 260
2515 4842 238
8773 2302 262
264 6268 262
7688 4929 262
4307 6837 262
8575 7571 252
4302 8213 262
3049 6978 262
9611 3318 262
1979 3880 238
798 6222 262
7333 5266 262
7819 2825 262
4802 2676 238
8588 9365 260
8461 1998 262
1825 5261 238
4942 678 238
8198 4025 262
4715 8602 262
4839 357 238
3126 3108 155
8938 4930 262
8849 8743 216
6518 4442 262
3234 5175 238
341 8533 262
5567 9920 262
3197 5694 238
7940 9025 252
5401 2632 238
6764 6050 262
6566 1204 262
2470 250 209
645 5005 238
5935 9418 262
819 3856 238
2104 1800 175
9669 6927 260
9114 7748 252
2963 3110 186
7112 4795 262
3264 6431 262
7204 5261 262
8892 5326 262
196 1432 182
6694 9025 257
4013 8086 262
3601 5355 238
8023 2181 262
948 6166 238
832 6052 238
9972 7054 260
6514 6680 244
7872 2372 262
6930 9652 260
4489 1080 238
5416 1865 238
5754 3262 238
6514 8958 257
6987 6991 151
5513 8866 262
5253 455 238
1445 7900 262
9850 2929 262
5139 4358 215
2469 1111 209
6651 8785 257
5038 1709 238
3373 7957 262
1929 4537 238
4766 5067 210
7762 375 262
7135 9157 252
5653 7112 262
5384 4340 215
1995 4393 238
5723 4749 236
8366 2790 262
2358 1951 183
939 1840 182
9872 7594 260
1848 4966 238
6933 8262 257
4643 7799 262
5970 276 238
9892 8231 260
4378 3424 238
4526 4221 215
1502 3397 217
8525 3947 262
1870 1016 182
3856 1497 238
7200 7263 164
4967 8667 262
1419 5809 238
8060 9851 260
1196 902 182
3915 4820 215
7354 9023 252
4405 9141 262
7555 6489 257
362 6175 262
1073 8637 262
6213 1961 262
