1 10 20
100 200 125
201 210 89
900 1000 174
1 999999 525
200 100 125
9384 39356 324
76261 31840 340
15291 84107 351
55362 32740 340
14747 52817 340
44388 26641 324
18302 26961 308
37492 36023 262
11676 89763 351
58041 43569 340
12542 9656 268
7176 42098 324
18678 85939 351
70403 23816 340
7897 47701 324
43473 26270 324
14916 12897 276
68534 27848 340
9296 75128 340
50651 14806 324
11424 60801 340
22717 10742 279
3761 83967 351
40489 31361 324
10891 91713 351
14029 5340 276
6684 70107 340
56609 18095 340
19094 91006 351
32665 38224 324
8445 79936 351
38989 6025 324
18266 78197 351
5764 38288 324
8599 63477 340
44140 28360 324
11450 24216 282
64179 44323 340
11912 10153 268
1016 17672 279
11057 6435 268
10367 25363 282
11171 33942 308
15110 14822 271
9903 55933 340
29347 1271 308
4874 32561 308
50852 38790 314
12062 29092 308
64125 40961 340
1558 79934 351
3493 7682 262
518 64278 340
36642 40889 306
2132 16815 276
72526 10181 340
12856 76207 340
10475 40642 324
10534 11250 268
75499 26126 340
5897 37462 324
55313 17509 340
11179 84526 351
55274 42906 340
15304 71323 340
37549 25882 324
359 91982 351
70126 21531 340
13065 93547 351
10581 39005 324
9157 11541 268
55105 15097 340
14200 56451 340
53110 28420 340
1321 58456 340
44868 23019 324
637 71150 340
26756 10374 308
17307 60962 340
32672 5611 308
2446 36845 324
3430 29458 308
16167 99826 351
77046 3426 351
13573 37059 324
37583 42527 306
8250 84006 351
10886 39345 324
14291 98985 351
77365 18604 351
4390 92679 351
42992 35238 324
14791 20332 279
38981 32938 324
10568 51950 324
69420 24077 340
9693 32155 308
1776 27585 308
203 14011 276
13741 2158 276
13914 1580 276
35547 39538 324
10499 47814 324
61031 6303 340
2079 31428 308
28713 20824 308
16681 12850 276
53140 34558 340
7399 13632 276
63805 34464 340
14880 90001 351
68835 13810 340
1179 6649 262
6390 30813 308
13578 45452 324
20768 20484 225
1136 26986 308
71922 38269 340
10906 4251 262
24670 27070 308
1107 11041 268
65183 29592 340
13475 80139 351
12523 12885 263
13516 4965 276
17479 43124 324
1097 80211 351
42516 2229 324
8514 83520 351
69133 31855 340
9176 45059 324
56451 3611 340
9040 41818 324
9802 24824 282
16779 22818 279
13641 34221 308
1790 93043 351
14569 3181 276
12513 37126 324
27014 1565 308
10069 25597 282
48654 13336 324
5407 10737 262
56002 44312 340
1873 92359 351
32124 32600 267
13175 29921 308
29441 36364 324
15508 77383 351
47710 40846 314
674 77555 351
75562 22847 340
15731 72735 340
60313 32371 340
10065 26879 308
39650 9254 324
4420 64271 340
64967 35003 340
10116 66555 340
57093 33075 340
19005 15958 279
42831 32760 324
6136 26665 308
71326 13298 340
16498 27727 308
50192 17311 324
10278 18612 279
33677 41749 324
16692 40557 324
58266 4226 340
6223 59906 340
38416 27229 324
17520 12059 276
70153 37146 340
5618 53944 340
70918 35839 340
7330 4199 262
40892 12156 324
8012 79707 351
50201 14765 324
5336 99395 351
75851 25734 340
3804 26021 282
40267 37150 306
13199 90308 351
18839 40365 324
738 78044 351
22970 33432 308
17601 65703 340
39052 20936 324
19202 33878 308
21068 4572 279
14415 54100 340
73458 40521 340
622 8600 262
75627 38420 340
19573 8307 279
53074 31170 340
1241 17421 276
14869 19837 279
11467 45406 324
73483 38862 340
18787 59334 340
25466 40819 324
8290 91408 351
72464 4897 340
11376 47180 324
28373 31325 272
18824 45161 324
38434 36797 306
17690 20835 274
25046 18184 282
16662 90129 351
53741 37548 340
14341 23428 279
76313 954 340
5573 80278 351
12090 40414 324
3057 93133 351
47514 2880 324
5862 24558 282
22322 44258 324
17464 36976 324
40458 24578 324
8696 10201 260
30446 41209 324
1524 51067 324
30213 19527 308
13280 30298 308
32513 14062 308
10858 95734 351
23734 20433 282
3551 83330 351
67867 8487 340
12865 76305 340
69439 29534 340
9330 44024 324
29731 29493 241
13434 9046 276
44958 31736 324
7001 27518 308
37613 32704 324
7011 7283 195
25533 30513 308
19394 17943 261
68012 7783 340
13647 91523 351
3229 3334 181
3403 55798 340
76119 15036 340
5882 99896 351
54367 34987 340
15347 10458 276
9631 13706 276
4792 5955 236
21295 14162 279
18141 804 279
43479 8760 324
6142 39644 324
61066 42800 340
13475 8245 276
62139 9161 340
7485 69644 340
5003 38679 324
13876 42986 324
76913 39670 340
16332 40075 324
49049 27976 324
615 33356 308
21102 16712 279
6138 81555 351
76688 21998 340
16247 75643 340
13260 37667 324
11629 20701 279
49796 23615 324
4276 73309 340
21331 12318 279
17661 13371 279
49724 30976 324
4197 63454 340
39239 2241 324
2606 2911 191
48981 19827 324
409 94394 351
12347 8695 268
19411 21028 274
2058 38398 324
13589 89681 351
46798 8412 324
5618 70513 340
68116 9512 340
12484 1497 268
70461 34543 340
7068 84149 351
64515 25575 340
5702 23808 282
11013 43169 324
484 26484 282
7125 42076 324
3519 58268 340
56181 18561 340
10752 64288 340
11773 21916 279
8746 23646 282
9802 38999 324
10105 20875 279
34167 39124 324
2397 90495 351
69054 7526 340
1121 66530 340
38315 13842 324
14754 40919 324
38107 7331 324
3416 43732 324
23087 32267 308
17639 10066 276
7996 36018 324
12258 5439 268
59023 16945 340
3758 71402 340
61362 6689 340
1592 31372 308
27790 24542 308
2939 67189 340
71497 5760 340
17853 36349 324
7739 31081 308
1852 44298 324
63133 1168 340
16015 35999 324
70377 11990 340
19998 9539 279
64954 18142 340
10209 86052 351
9297 8827 260
13140 76974 340
69213 32499 340
14727 72180 340
3281 39264 324
14619 60226 340
48055 9337 324
19876 13729 279
65588 22477 340
1097 7927 262
42626 35665 306
16579 40326 324
49587 13781 324
12841 99934 351
52555 22074 340
6547 16257 276
66407 9497 340
19483 36738 324
32074 39539 324
1065 78306 351
8696 14913 276
5994 99707 351
46608 11130 324
10618 27236 308
67763 40704 340
14584 95846 351
44202 15965 324
5074 3980 215
70231 8730 340
12843 63397 340
10031 12148 268
7156 74613 340
8367 5185 262
388 12783 268
65889 21969 340
9054 20942 279
12544 11452 263
7707 32806 308
76912 37495 340
6470 97295 351
1622 44269 324
11584 6305 268
76720 44220 340
17183 37639 324
38658 2342 324
16308 2642 276
17212 7849 276
19363 99741 351
61897 19183 340
18053 6230 279
36734 12027 324
15969 88578 351
49806 24966 324
16415 84550 351
24264 32974 308
18847 63340 340
63558 37230 340
15709 57070 340
71494 33278 340
3718 77707 351
64053 15076 340
5644 77645 351
73148 38331 340
10604 55660 340
21162 503 279
12951 63856 340
20486 44348 324
17373 25978 282
31817 4830 308
14633 40637 324
47617 37843 314
8009 22144 279
13548 30692 308
1744 60395 340
67071 20863 340
14505 8943 276
72903 27469 340
13446 39768 324
27524 6837 308
7985 49272 324
35890 22477 324
3673 37386 324
57595 1637 340
10016 59496 340
7745 8111 252
1591 80875 351
21304 32609 308
19700 51136 324
3208 12289 268
9908 72198 340
2914 12818 268
2355 23108 279
56079 8177 340
19449 29810 308
65770 24268 340
3294 70761 340
13579 15490 271
11513 50553 324
33648 40685 324
15655 88707 351
8225 10123 260
642 81066 351
47356 8096 324
15095 61127 340
59341 7172 340
8877 45845 324
33676 29602 285
18091 5158 279
15474 25618 282
216 46231 324
4911 20266 279
19988 89081 351
45692 15918 324
11765 16520 276
2930 9719 262
11092 18134 279
18968 11825 279
3048 34942 311
11956 13228 263
13271 25260 282
20139 2329 279
2803 28053 308
24294 22303 282
8385 29412 308
62128 12175 340
8150 75603 340
75293 34648 340
12004 1699 268
27665 13247 308
11494 96772 351
77433 13700 351
12940 85194 351
27929 13821 308
16096 47245 324
63678 6050 340
6105 32653 308
32614 2875 308
77 55819 340
12410 11990 263
584 19512 279
63202 41668 340
9766 71185 340
70599 26464 340
14470 18628 279
76488 4340 340
19725 32143 308
62237 13635 340
17868 96374 351
23043 43097 324
9160 66999 340
63200 11368 340
3449 28902 308
43962 8680 324
7637 58599 340
54315 12609 340
13116 89925 351
3050 16734 276
6177 51433 324
30041 26507 308
7055 92901 351
62348 32757 340
17388 73058 340
40046 22830 324
16523 86546 351
1351 428 182
16645 16160 266
50224 36235 314
3563 56784 340
44854 544 324
322 94022 351
13189 12449 263
3086 24122 282
7670 29681 308
6783 10720 260
64239 18320 340
1904 88945 351
33421 19437 308
8896 6146 262
20556 17355 279
5438 91614 351
32578 1778 308
389 94278 351
13474 39387 324
13284 12386 276
32853 19273 308
10084 49962 324
61264 27072 340
2396 81607 351
12388 17768 279
14194 15789 271
29443 16540 308
7759 95068 351
41193 12569 324
11140 85513 351
39570 31290 324
13449 70310 340
6904 2934 262
6379 11301 268
65227 25035 340
8656 71031 340
48066 36151 314
8829 98845 351
61711 44311 340
18948 14580 279
35002 13074 311
11246 38173 324
69885 5908 340
19678 30326 308
62116 43473 340
12394 80911 351
8843 37318 324
567 18256 279
65895 3279 340
5831 39812 324
29774 35952 324
2743 66747 340
25253 43261 324
4629 78658 351
65611 13612 340
5887 48520 324
20559 3454 279
19731 25892 282
56499 18560 340
17299 13193 276
9022 41173 324
2711 73992 340
8171 25119 282
58 47498 324
36821 36647 218
17586 40352 324
16560 22683 279
19393 45659 324
17332 14169 271
3381 62234 340
35986 35529 324
1056 11036 268
52582 14966 340
6083 64744 340
67461 24590 340
1877 99448 351
24032 15914 282
18141 43674 324
41337 34897 324
9345 2121 262
8208 34896 311
14746 37176 324
53733 21157 340
17886 51103 324
35379 38242 324
5462 78568 351
64868 15363 340
13887 83840 351
478 183 144
19136 34494 311
8679 19617 279
7619 55585 340
13892 40335 324
2888 86335 351
54746 24303 340
14479 66632 340
54870 11762 340
2585 31946 308
47005 2877 324
18754 84216 351
12160 21176 279
9094 1040 262
25394 140 282
7983 95461 351
679 10364 262
18066 26084 282
32301 34596 311
477 19107 279
71427 22383 340
1204 61406 340
35333 9081 311
9017 7715 252
54283 20428 340
2926 46988 324
44265 1533 324
3337 53772 340
67559 7503 340
12736 39128 324
15004 20987 279
15516 92459 351
46544 11507 324
6122 76819 340
51334 30431 324
7570 76569 340
52040 26618 324
13157 11551 263
24993 22278 282
18139 81299 351
8937 18496 279
9937 12047 268
45320 7470 324
18830 98026 351
72642 33582 340
8411 3811 262
8392 5678 262
4480 93359 351
2628 37212 324
14942 39132 324
53798 13572 340
15151 7726 276
14050 8024 276
5353 70257 340
6712 42206 324
5361 14923 276
41315 23799 324
16886 62799 340
2322 32363 308
3701 88042 351
55866 3020 340
17385 36085 324
68342 41738 340
19503 94633 351
22176 38328 324
1409 41643 324
4538 8072 262
16170 81848 351
3602 40310 324
7861 28867 308
29766 28237 272
7342 6192 257
35612 37847 324
12222 68668 340
66506 38015 340
16216 93690 351
72950 42557 340
557 38707 324
28844 19857 308
9877 52006 324
31229 3469 308
12847 7106 268
6384 416 262
15317 85133 351
3252 16922 276
3224 94066 351
4965 37983 324
8863 49471 324
76830 27268 340
6444 56166 340
33906 22333 308
8424 1080 262
45188 29459 324
3476 25294 282
73548 2349 340
12437 21619 279
30703 8414 308
19054 25597 282
8366 13307 276
4929 70629 340
13333 24471 282
4202 19594 279
4587 20497 279
19339 11977 279
54709 24107 340
10717 20369 279
3870 25777 282
10854 14191 276
76900 1248 340
17167 62126 340
48159 9824 324
7549 58523 340
64284 5855 340
17294 70627 340
57327 31077 340
11876 14866 276
73402 33847 340
12018 45369 324
62582 21737 340
4734 6222 262
59174 21847 340
2051 84763 351
5914 17649 279
19095 77279 351
42935 28971 324
18093 9011 279
16133 5611 276
9617 69553 340
45592 33978 324
19621 99822 351
77745 10022 351
17056 53722 340
45392 16429 324
18709 63750 340
8091 34954 311
12072 98275 351
36970 21683 324
12954 24893 282
54977 4987 340
6098 75736 340
11445 10164 268
6602 23242 279
11367 26 268
13030 87346 351
25396 9120 282
15792 64477 340
13241 34519 311
18832 333 279
7100 5719 262
7776 62034 340
34822 18590 311
16223 58577 340
952 5353 238
5532 87916 351
55763 12874 340
8716 77066 351
54340 24686 340
7192 30418 308
5441 29077 308
11625 61205 340
17135 2388 276
12965 95811 351
26177 32638 308
8197 44105 324
63493 36380 340
1764 88144 351
40961 15898 324
11477 58577 340
62379 10218 340
19395 47964 324
31729 37496 324
14270 95165 351
27098 12677 308
2892 35059 311
37892 15267 324
5365 72417 340
8557 5746 262
86 37394 324
43408 24760 324
6841 58771 340
13519 20294 279
9440 1949 262
37520 37200 306
7400 5576 262
16277 30104 308
3433 9356 262
64791 2471 340
10178 21404 279
6867 1983 262
8767 55569 340
10079 22800 279
18254 70519 340
66303 12767 340
14972 74440 340
71416 38779 340
8157 17486 276
5311 37408 324
14428 75509 340
12426 19184 279
12029 7053 268
42858 6402 324
10356 29810 308
27619 39369 324
12707 95720 351
67466 4184 340
10931 9270 255
24311 27704 308
15658 58618 340
14566 15733 271
19724 79204 351
45974 31739 324
16096 41173 324
33578 37371 324
10729 64358 340
18326 25120 282
17550 91391 351
34645 19507 311
5895 61291 340
64947 21175 340
19417 22599 274
3376 5122 238
5833 95004 351
13646 35682 324
10479 29932 308
64718 31316 340
10966 11081 268
35799 11737 324
406 89613 351
12371 9267 268
13594 38600 324
18637 38369 324
17138 34978 311
42261 42170 288
18706 10712 279
54241 2379 340
14811 60728 340
49301 19892 324
6587 7357 257
68556 29878 340
4433 50573 324
64941 9262 340
1216 45556 324
35020 33342 311
13534 83190 351
31500 43545 324
7267 95137 351
69584 1790 340
9558 66036 340
73262 37576 340
2563 13437 276
74029 44137 340
16077 64142 340
3224 39716 324
14096 60691 340
73578 18275 340
5091 37601 324
1272 18156 279
5112 35596 311
3235 11842 268
3297 71786 340
13791 11345 276
5357 17312 276
14870 5617 276
9311 48217 324
30607 22322 308
14100 65576 340
24525 36118 324
5526 19669 279
59477 6770 340
9097 53930 340
62050 30183 340
8074 45235 324
46639 846 324
14060 34597 311
55170 25968 340
5344 77146 351
8047 39969 324
8345 37001 324
49329 29207 324
1844 94907 351
41184 17619 324
12091 24741 282
40751 21518 324
8703 67771 340
77083 653 351
10640 36455 324
33599 42262 324
4194 9591 262
8944 14359 276
2476 81475 351
33406 9450 308
15995 51663 324
12278 7707 268
4835 52411 324
69902 17778 340
5481 26684 308
74524 18583 340
94 37380 324
6003 11960 268
3307 5825 238
75899 20850 340
9955 85971 351
30355 36262 324
6054 54575 340
23655 8385 282
10125 63732 340
77143 28417 351
814 53701 340
19508 27206 308
4078 25902 282
20998 39388 324
18627 19810 274
55743 32878 340
3403 20158 279
17898 15352 279
853 77482 351
31220 26454 308
11554 17549 276
54077 42947 340
16838 44078 324
18162 28395 308
6059 43355 324
47168 15467 324
5232 71410 340
71979 31914 340
9323 75924 340
35733 36433 249
17602 12125 276
42768 6281 324
6985 13796 276
44051 2814 324
16675 96606 351
19260 31547 308
17277 57831 340
40457 29624 324
6984 24165 282
35003 29631 311
13176 80229 351
33663 24440 308
11856 24983 282
32990 25268 308
12250 83071 351
45185 28632 324
6476 50377 324
66637 972 340
5875 191 238
42441 1998 324
13072 94452 351
66505 17703 340
17878 27274 308
53521 34304 340
14419 38786 324
32171 31642 285
2828 91575 351
26512 29490 308
15576 12030 276
19803 35578 311
14673 92755 351
5000 27031 308
12002 84885 351
48862 39797 314
2415 93647 351
61795 9422 340
4406 23759 282
8773 16776 276
10478 6705 260
36922 9518 324
17718 11246 279
1035 19563 279
16059 99929 351
20101 29134 308
4515 16720 276
29039 23246 308
11169 850 268
19052 43359 324
7187 1399 262
49773 41227 314
17270 87580 351
62897 22094 340
6279 29603 308
57033 32273 340
10364 53539 340
8513 12545 268
4106 87264 351
62344 37712 340
7960 32108 308
7567 39069 324
1508 48686 324
60592 41231 340
9273 43055 324
35845 10137 324
9030 26223 282
236 26969 308
19025 11436 279
6417 4740 262
5179 3218 238
21850 22916 269
3685 22887 279
54911 4655 340
1875 93132 351
5226 13594 276
4825 23517 279
29380 19844 308
12169 86967 351
23389 42238 324
16421 73511 340
35945 7580 324
309 24468 282
50405 42088 314
19203 64755 340
37633 3620 324
10399 23122 279
61600 6751 340
