257177 914579 525
578700 835199 468
716736 992063 525
25747 165857 383
884175 321451 525
97961 133536 354
483650 157921 449
331861 804227 470
316722 837265 470
916629 683757 525
464375 616599 470
322559 882467 525
540885 832641 468
649223 44114 470
519080 881795 525
758785 408490 470
22518 280440 443
732326 340752 470
504444 516911 470
19366 349894 443
894613 993129 476
453308 55922 449
725860 45876 470
768982 142566 470
563470 236938 470
71998 50888 340
559882 116020 470
503900 371764 449
27550 240790 443
220732 111822 386
496118 667281 470
969983 64375 525
422234 113759 449
907275 628500 525
881830 526447 525
49967 964687 525
663141 682373 398
24558 470308 449
637570 256568 470
640222 846388 525
801025 579518 468
899349 255286 525
304409 74595 443
390399 279701 441
426083 142086 449
577946 502238 470
453372 42162 449
850214 983459 476
297352 665418 470
374898 624821 470
512187 941431 525
950902 707264 525
665512 982831 525
526543 614270 452
709483 614823 447
446040 766963 470
21278 939273 525
215186 315250 443
499616 791277 470
274611 678801 470
684940 470982 470
180229 440334 449
821550 746967 468
908195 475997 525
826416 68785 470
501777 58446 449
577535 524254 452
406609 97592 443
671080 428474 470
873156 443515 525
821714 441414 470
947412 229732 525
149161 684805 470
313500 319754 353
566673 728856 447
509986 552317 470
29444 552735 470
195995 826142 470
753445 617257 442
898535 123096 525
384240 651289 470
9030 789931 470
209879 649943 470
101104 870230 525
357527 94062 443
862889 324633 525
568730 569435 359
280050 555206 470
439486 345852 449
562453 801378 468
835521 582228 468
984001 993082 427
170632 917322 525
969133 59498 525
730271 554764 447
552752 312579 470
337189 791612 470
543896 773431 468
495049 461304 426
977585 568997 525
357972 374988 392
892693 721694 525
738579 569262 447
633348 256221 470
513274 129601 470
63273 104958 351
172960 729578 470
430860 939440 525
296297 854717 525
646365 892011 525
655332 772355 468
562665 792785 468
649346 372191 470
256449 338827 407
579113 95532 470
982992 186575 525
620369 771300 468
546079 228270 470
69162 591311 470
89931 685146 470
541140 207020 470
805991 867101 525
922967 261431 525
721760 923479 525
536384 285038 470
857516 229049 525
330749 993438 525
497414 306566 449
603951 746980 447
290488 146447 443
775062 410697 470
4257 799155 470
752650 359703 470
177211 702978 470
536510 680999 452
969787 569534 525
879670 260754 525
148264 864234 525
778527 401670 470
76128 24013 340
275527 31519 443
663923 337567 470
956942 568520 525
362751 947687 525
24445 305618 443
958750 122995 525
721110 676484 442
928518 571748 525
17739 532641 470
776870 286165 470
355187 922841 525
402874 703503 470
414490 606244 470
189090 905563 525
74426 595892 470
662052 698194 442
301133 19146 443
56882 170708 383
258859 311490 407
878603 409461 525
185665 981776 525
914293 271568 525
640579 742995 442
84456 219899 386
638016 255 470
358345 489148 449
14034 946302 525
263706 420088 449
853469 158556 525
582597 678970 447
571244 226799 470
664048 287778 470
117482 363319 443
707337 985707 525
883485 278006 525
485399 23598 449
757690 490533 470
878053 884746 370
257788 134702 443
518751 164240 470
984762 525964 525
791686 241611 470
772845 561011 468
634093 50074 470
937064 36763 525
221773 13439 386
351084 206875 443
441602 312945 449
615692 572281 447
660811 17411 470
358310 185721 443
803166 529570 468
602643 438849 470
157202 538897 470
584494 277985 470
587053 647437 447
509443 685300 470
927765 115487 525
275316 507794 449
378509 190584 443
856278 736189 525
63997 792303 470
984658 525964 525
868825 851360 388
121064 476340 449
924257 576503 525
136945 621285 470
820329 547461 468
655230 58157 470
6966 918356 525
113692 823266 470
579087 804597 468
528278 184456 470
961725 252136 525
909340 836720 525
105555 587593 470
593803 391002 470
937935 666490 525
571741 197637 470
870101 654348 525
788981 228134 470
735650 959621 525
106678 475353 449
139846 436595 449
631071 934751 525
351420 17121 443
740100 400563 470
191799 396450 443
530895 656541 452
117699 237915 443
702713 708850 380
960796 911926 476
429067 95131 449
626274 851019 525
401497 130703 443
383926 91018 443
882790 422413 525
925665 776543 525
893064 108471 525
31446 596400 470
50246 687438 470
995069 561496 525
995824 727914 525
537513 993016 525
440073 635579 470
659064 339383 470
268640 564287 470
156253 312392 443
911820 726726 525
275154 517872 470
659608 410668 470
666517 487286 470
186386 121246 383
505724 166484 449
639506 631973 416
4252 904375 525
452024 796773 470
106974 666948 470
152989 787566 470
790226 13735 470
205319 937100 525
797527 242858 470
441945 505323 444
60744 146953 375
139117 274702 443
352953 608109 470
104131 441688 449
690703 534211 452
366560 113768 443
639428 978045 525
332775 334186 335
572002 933578 525
433026 63540 449
990519 757063 525
526030 819912 468
570290 30895 470
721627 878282 525
948057 264330 525
700945 183493 470
860874 500163 525
24100 680397 470
695834 853832 525
483843 250034 449
375337 121559 443
985259 326590 525
231908 404842 441
640318 831478 468
704710 85456 470
307507 122202 443
478400 913761 525
633549 849697 525
135991 422632 449
655410 499656 470
118283 333769 443
409880 851961 525
90143 110088 354
386045 210264 443
742651 52528 470
786398 548145 468
61672 809013 470
428224 670450 470
553979 366374 470
463614 635454 470
437921 429017 387
75913 827601 470
523455 27571 470
37529 298113 443
6757 436757 449
421929 530099 470
630183 120773 470
23370 882477 525
709531 406926 470
134377 67949 354
86012 950496 525
204100 447765 449
75552 468741 449
90355 304814 443
588188 182270 470
378700 159050 443
708478 165344 470
385134 172424 443
830277 797632 450
164084 93441 383
264958 44689 443
857214 299175 525
328689 760623 470
60604 980988 525
929272 161320 525
296890 60791 443
706194 114963 470
100661 919133 525
986327 810893 525
638752 802409 468
527018 207319 470
455992 858216 525
185678 320686 443
544978 398062 470
245355 997987 525
879290 616660 525
320330 234153 407
27759 183349 383
148212 544611 470
892977 142767 525
70723 793044 470
419637 284023 449
146355 396769 443
264168 314265 389
296484 840103 525
93297 16117 351
939 262864 443
492893 656467 470
980455 282875 525
134739 737203 470
542991 667868 452
645259 581475 447
528404 683512 452
449974 476875 444
706569 849705 525
92742 146239 375
283735 471121 449
259317 491733 449
834171 762107 468
476553 921664 525
838124 391021 525
471964 315237 449
42830 835931 470
566838 288069 470
771981 197131 470
675027 443584 470
687274 999379 525
904904 2271 525
155155 513647 470
560130 201404 470
766410 750643 424
561379 878162 525
967491 946840 414
519512 445635 470
523834 473716 470
645858 352742 470
176017 515206 470
355251 863037 525
314022 932573 525
813391 946027 525
382358 829607 470
566328 526519 452
935904 757355 525
892018 543734 525
267176 322939 389
264868 194347 443
304032 931590 525
124256 451774 449
804174 145262 470
191887 645290 470
808900 476227 470
567896 551538 421
359642 362588 366
522147 138161 470
986807 200202 525
564401 793786 468
92438 16519 351
651713 977479 525
36009 53160 340
484608 13554 449
466908 711580 470
809885 533449 468
111701 826080 470
268352 230085 443
707769 420478 470
792282 141521 470
198603 503543 449
601014 705981 447
864638 579668 525
499002 735348 470
954429 715487 525
878188 834461 525
431218 378925 449
117426 762509 470
857399 65812 525
816514 410299 470
719249 242078 470
879503 858222 432
152094 831067 470
146822 431155 449
78460 640192 470
347984 346638 348
280649 17623 443
124798 537155 470
285082 406106 441
347071 703387 470
724031 113280 470
155732 987387 525
488601 10518 449
360364 614479 470
401605 153814 443
62931 821621 470
569311 524330 452
745966 43054 470
877383 759420 525
397316 583933 470
79544 931157 525
947293 206985 525
684944 684650 261
392396 537960 470
585894 198522 470
475285 958284 525
279705 72899 443
53638 332447 443
62900 874012 525
609629 17717 470
413277 411135 343
757776 991245 525
282015 296591 389
850549 119774 525
521083 120915 470
580700 866900 525
568451 319654 470
888730 257503 525
92657 939595 525
789176 619418 468
433683 609619 470
656799 454030 470
325018 198770 443
457783 934830 525
599835 455117 470
885196 976251 476
202273 199587 342
729401 714042 411
32234 162376 383
610397 892660 525
222181 975270 525
195990 14535 383
83064 168847 383
704397 998006 525
978331 905080 476
139176 949782 525
81707 792594 470
447016 930139 525
673320 998838 525
692927 218432 470
721937 325036 470
349157 708504 470
770650 524670 468
976240 633780 525
424286 816594 470
882676 849398 432
793426 702329 468
66484 803190 470
887280 377942 525
823625 959269 525
604684 239344 470
117104 956320 525
439945 88482 449
381201 99161 443
363818 84714 443
627299 127344 470
577816 125687 470
379937 353105 423
127085 22719 354
694608 342204 470
840080 739418 525
685435 764942 442
152433 295234 443
54806 912920 525
545307 266540 470
694598 849216 525
206556 475793 449
656268 546152 452
999506 447386 525
717135 403310 470
885410 628440 525
320623 206905 443
496647 639145 470
907942 560470 525
211202 636936 470
249870 63051 443
995024 916164 476
589583 108406 470
898044 521729 525
925591 430647 525
504199 744573 470
986563 449064 525
924074 207577 525
898410 713269 525
203618 770032 470
251102 573109 470
116459 989793 525
525994 688332 452
822922 203030 470
824342 226065 470
992919 618406 525
67118 36473 340
599452 435929 470
749825 106419 470
682720 980875 525
161372 494744 449
936682 587046 525
835096 691673 468
511380 447640 444
661344 434409 470
467271 662357 470
119516 722483 470
332584 355623 441
250107 256693 363
15878 756495 470
60149 348673 443
352741 478877 449
406541 256798 441
223611 478491 449
525116 511957 439
284223 47922 443
747701 826599 468
102886 258760 443
806130 861580 525
204840 360370 443
743978 86069 470
961100 861241 476
973358 796199 525
372 904595 525
429714 754069 470
950890 711343 525
965925 667989 525
149093 597681 470
848644 979795 476
103513 616160 470
255727 208648 443
796358 83775 470
629962 967414 525
795535 726202 468
748561 929606 525
763869 14559 470
595201 907940 525
42383 955213 525
544014 744331 452
61177 691521 470
920526 795504 525
875395 629534 525
897185 646348 525
735198 110955 470
44404 193692 383
199191 485833 449
143080 379617 443
762008 438781 470
479958 278737 449
954757 463216 525
216127 146474 383
10925 708912 470
502471 726460 470
263958 753682 470
91732 300406 443
139491 455866 449
416073 856899 525
994882 510421 525
833900 249085 470
896901 343313 525
168788 434755 449
882808 949806 476
648851 734095 442
642035 800638 468
287028 827531 470
92911 122499 354
350019 74115 443
138939 888780 525
831929 261824 470
750186 326570 470
506026 893215 525
147673 426537 449
968755 802443 525
251138 77766 443
844537 129774 525
679065 820926 468
721421 533027 452
846728 207083 525
912996 900500 476
918559 723201 525
213901 792693 470
728634 379741 470
966343 337943 525
724752 720734 411
499659 647021 470
430970 882557 525
578337 902623 525
819398 225127 470
384357 612864 470
352277 200420 443
839122 600156 525
971130 691616 525
775327 518877 468
171584 86932 383
955105 41419 525
346509 537736 470
933450 531305 525
198844 907368 525
988782 897376 476
352417 198892 443
447104 617474 470
812409 643544 468
868841 73950 525
187628 580214 470
331092 124079 443
996891 586095 525
73660 421890 449
111829 904527 525
816784 603336 468
213866 214113 373
162394 44787 383
782379 697707 468
791330 979295 525
908660 411664 525
325387 855871 525
548399 133645 470
562241 418357 470
157147 200085 370
797390 488037 470
86007 262195 443
549861 562359 421
520774 278160 470
402307 479823 449
910778 657374 525
286701 861395 525
155779 643263 470
285760 351511 441
741177 248079 470
900234 711439 525
850725 867558 388
700798 357384 470
47239 601313 470
274014 484498 449
44426 393409 443
967650 978543 458
624948 662279 429
936169 174035 525
611291 104634 470
52339 961915 525
73180 450533 449
21689 923623 525
551682 884416 525
679455 99939 470
83197 843928 525
11844 245967 443
957083 852738 476
532413 214036 470
545272 261858 470
374491 463631 449
806255 358727 470
228884 886925 525
583009 657424 447
690017 22019 470
674496 419599 470
542472 188385 470
200563 914642 525
159346 564739 470
150279 639354 470
793556 692855 468
186230 550260 470
539143 102832 470
740922 649122 442
268839 179386 443
953071 634017 525
466722 913383 525
114321 510359 449
52952 727164 470
679049 91198 470
780952 816240 468
939113 553543 525
700680 910131 525
390386 410178 449
496615 910785 525
181138 643273 470
719485 879427 525
970762 509145 525
185649 915671 525
154959 419659 449
301059 199775 443
438985 724807 470
572747 470554 470
816347 618185 468
524105 982726 525
899806 429625 525
82824 778565 470
158791 430416 449
49754 286718 443
580598 743459 447
287376 353492 441
594554 864054 525
36292 822401 470
278788 235030 407
406628 892154 525
538829 739991 452
169944 571664 470
449127 714368 470
598172 873962 525
144184 807489 470
309949 465143 449
673682 224186 470
395628 291437 441
446976 642261 470
685709 576443 447
666337 730149 442
625741 428017 470
277261 515426 470
68066 304561 443
249496 948125 525
923058 905053 476
298858 871351 525
948090 746714 525
119960 723839 470
660382 813182 468
545754 885344 525
37968 281779 443
560150 764668 447
391701 262271 441
779672 901804 525
210644 274349 443
434089 298738 449
732971 798037 468
252397 388889 441
393451 699610 470
910693 662374 525
949806 592221 525
703944 838406 525
237718 802899 470
303136 993493 525
900760 331844 525
446656 244694 449
434532 326396 449
84430 154096 375
335129 539495 470
345773 10397 443
207539 489778 449
952277 986037 458
194429 194980 298
686274 319062 470
569827 393735 470
217718 931563 525
832924 645618 468
68493 36526 340
211822 778552 470
176509 206018 365
758089 151569 470
847913 49739 525
751490 447661 470
954189 481781 525
319820 748973 470
454333 764272 470
480317 507201 426
879034 833723 525
954520 267010 525
584410 588847 359
940314 375310 525
821715 802748 450
748223 401837 470
818692 763832 468
383568 541450 470
134208 831253 470
763046 133584 470
745361 691223 442
474156 749605 470
867689 403011 525
878501 210213 525
837559 826868 419
46897 188851 383
927602 685856 525
114131 16751 354
81806 113577 354
970728 985932 427
417900 833136 470
145244 17520 375
10615 662073 470
144617 70884 375
188657 296330 443
680298 372648 470
104025 682965 470
375679 433954 449
915419 147287 525
137879 448883 449
271452 515947 470
71776 257669 443
795450 252566 470
760897 19183 470
60860 673740 470
725481 412262 470
242408 384319 441
494802 875163 525
28029 100896 351
503815 643884 470
417820 506265 444
928658 955038 445
210175 918208 525
477991 359196 449
359009 394837 436
597825 965156 525
347658 930090 525
607687 815135 468
994620 254363 525
558030 946564 525
363660 112589 443
206747 382549 443
549327 529230 452
610070 155126 470
303986 115697 443
302811 823540 470
375702 142975 443
922548 517487 525
553456 491464 470
608242 776642 468
70572 778790 470
311931 912210 525
788728 258530 470
27222 833141 470
399704 535938 470
373466 601566 470
267168 239426 407
335207 590755 470
345260 920255 525
71487 708181 470
693746 715740 411
28240 108939 354
382135 879036 525
901257 552885 525
15353 410838 449
659154 221493 470
223540 621824 470
390440 939899 525
132434 563004 470
899546 87045 525
895888 706011 525
821645 652956 468
207061 44220 383
28632 893337 525
900176 973021 476
215125 803540 470
273881 219432 443
665375 741505 442
263306 430011 449
701830 920815 525
257946 563859 470
149519 289250 443
262498 860903 525
371811 635737 470
94139 785886 470
153212 142497 375
817521 657648 468
699444 403490 470
705736 414537 470
990328 947130 458
655712 403774 470
381953 1534 443
854678 966056 476
658247 857961 525
983879 261596 525
881826 770673 525
457623 890693 525
36701 741193 470
335808 657437 470
824009 935709 525
991796 7855 525
952414 946380 414
900863 284937 525
289018 191931 443
72286 312235 443
388470 77222 443
711597 742935 424
99292 31000 351
266067 428904 449
117662 881466 525
840574 414325 525
753196 486812 470
174858 227521 386
794374 680900 468
764437 290697 470
495774 384119 449
906639 573902 525
576495 629202 447
552389 661779 447
730161 537069 452
739563 610711 447
458418 288405 449
48035 174148 383
18846 810497 470
948321 273030 525
255554 279006 407
415364 728124 470
688098 384331 470
601091 950853 525
814953 760259 468
721415 114441 470
148074 953934 525
982234 574969 525
540004 560814 452
617941 566419 447
186483 884855 525
619786 839557 525
660194 911883 525
141538 852771 525
349123 166679 443
391074 324502 441
950771 332489 525
745607 469781 470
496172 222765 449
917571 164250 525
642441 962490 525
898265 798483 525
684854 168800 470
727869 652587 442
931484 569123 525
951481 880842 476
61481 979755 525
345565 363241 441
369186 445164 449
414528 217788 449
289504 817942 470
807272 720422 468
813995 809383 406
707823 914228 525
552368 229991 470
762304 227301 470
470302 537117 470
757691 296239 470
368006 885841 525
552603 430960 470
817687 699980 468
401644 768058 470
671903 775105 468
25334 608862 470
740594 611258 447
77108 905555 525
482517 262532 449
26602 476793 449
961722 262839 525
217349 156896 386
637074 651467 416
370704 58758 443
821610 859950 525
364225 921401 525
597264 773576 468
38736 454796 449
582848 946790 525
7837 707666 470
456829 356577 449
361625 890795 525
408281 545348 470
447250 909572 525
453755 117388 449
175193 179370 347
69228 666040 470
268680 414523 449
169018 191463 365
236495 91174 443
631403 799696 468
290130 995366 525
467905 637895 470
47504 806715 470
916759 88527 525
86287 924390 525
207055 973426 525
475351 654056 470
847777 944885 476
908875 231737 525
287712 6875 443
765151 247915 470
