1 11 20
13155 13165 214
75564 75574 245
45867 45877 208
53279 53289 185
21897 21907 163
4705 4715 153
67890 67900 206
67933 67943 206
93473 93483 116
38352 38362 200
51944 51954 247
83100 83110 152
3458 3468 150
5347 5357 192
52973 52983 172
67118 67128 118
770 780 153
38344 38354 200
6685 6695 138
41751 41761 138
68680 68690 175
58900 58910 136
93048 93058 178
84620 84630 108
52695 52705 172
9197 9207 154
65395 65405 162
41602 41612 182
70122 70132 144
91036 91046 178
76223 76233 276
26247 26257 140
4747 4757 166
73612 73622 157
32825 32835 161
63267 63277 149
75644 75654 188
99108 99118 191
36536 36546 156
24705 24715 145
98259 98269 266
72269 72279 250
75339 75349 139
65155 65165 224
7269 7279 177
63166 63176 224
88475 88485 165
27273 27283 140
43643 43653 195
76653 76663 157
47776 47786 252
23779 23789 220
27492 27502 215
35928 35938 187
16652 16662 191
48654 48664 190
89770 89780 165
90925 90935 209
6057 6067 187
90469 90479 116
50455 50465 115
51632 51642 110
31905 31915 161
98669 98679 160
49400 49410 159
26616 26626 308
9074 9084 185
94781 94791 191
7376 7386 102
50073 50083 128
38416 38426 169
27710 27720 153
91386 91396 209
52977 52987 172
46447 46457 159
94102 94112 116
5009 5019 135
76155 76165 108
77024 77034 351
82785 82795 214
12538 12548 139
1587 1597 123
68849 68859 175
86829 86839 227
62957 62967 131
73626 73636 157
72545 72555 188
99950 99960 204
88861 88871 165
23321 23331 158
30634 30644 179
35103 35113 174
51330 51340 172
59114 59124 242
84602 84612 183
41210 41220 213
84155 84165 227
26933 26943 140
41542 41552 151
53733 53743 216
46794 46804 208
28723 28733 197
17834 17844 217
15373 15383 147
57168 57178 198
80244 80254 258
3306 3316 168
53448 53458 141
49850 49860 190
95540 95550 191
74833 74843 201
55461 55471 229
89078 89088 240
62488 62498 255
84208 84218 196
15978 15988 147
21276 21286 101
71474 71484 144
13044 13054 201
9100 9110 185
27460 27470 153
300 310 87
41431 41441 182
2688 2698 160
70985 70995 312
93794 93804 134
23993 24003 189
18091 18101 142
31756 31766 148
88703 88713 209
65209 65219 193
15035 15045 271
68138 68148 206
38583 38593 231
38775 38785 169
49977 49987 190
14754 14764 134
58721 58731 198
84561 84571 227
59014 59024 167
95545 95555 147
55617 55627 198
14816 14826 165
98335 98345 129
40879 40889 182
14183 14193 152
56493 56503 136
25214 25224 189
48854 48864 203
46405 46415 208
96114 96124 116
12604 12614 157
19977 19987 181
31927 31937 223
62930 62940 180
12672 12682 126
65128 65138 206
62166 62176 180
80311 80321 152
24786 24796 189
47646 47656 146
38933 38943 244
20326 20336 243
2838 2848 173
90171 90181 209
42652 42662 195
14203 14213 152
94753 94763 222
41033 41043 182
13120 13130 77
88569 88579 240
9218 9228 229
16221 16231 191
7107 7117 151
36536 36546 156
25307 25317 158
13512 13522 90
78319 78329 214
45533 45543 177
34954 34964 174
45232 45242 115
80898 80908 183
93172 93182 160
65168 65178 162
21526 21536 119
67962 67972 131
90896 90906 209
25014 25024 158
86090 86100 165
47129 47139 283
50598 50608 97
60042 60052 180
81760 81770 258
75588 75598 126
46227 46237 208
95141 95151 222
63277 63287 180
43935 43945 164
82473 82483 214
68901 68911 175
70224 70234 175
98719 98729 191
95446 95456 222
85131 85141 152
28933 28943 166
53745 53755 216
51446 51456 234
10344 10354 149
41405 41415 226
57674 57684 167
87660 87670 196
44006 44016 177
72978 72988 219
86930 86940 196
71568 71578 126
80076 80086 170
70657 70667 82
74175 74185 157
1910 1920 175
88607 88617 271
52501 52511 278
46335 46345 164
6520 6530 200
71346 71356 219
48897 48907 190
66771 66781 131
68208 68218 206
19957 19967 168
91667 91677 178
86592 86602 90
89006 89016 121
54397 54407 216
13921 13931 165
45037 45047 200
98941 98951 160
21555 21565 150
44605 44615 164
31575 31585 192
51468 51478 172
88154 88164 196
43975 43985 164
46755 46765 107
80669 80679 183
36518 36528 187
21153 21163 150
99916 99926 204
15362 15372 178
63052 63062 224
61638 61648 211
60 70 108
88 98 119
77339 77349 201
72737 72747 144
31920 31930 99
41774 41784 63
68253 68263 175
68059 68069 206
20527 20537 212
83646 83656 183
70895 70905 175
82875 82885 121
9456 9466 92
8175 8185 146
76404 76414 139
62960 62970 131
21387 21397 194
21356 21366 150
8107 8117 159
38884 38894 231
95220 95230 222
94759 94769 222
38987 38997 169
26923 26933 171
69220 69230 175
28405 28415 228
77690 77700 232
78390 78400 201
42248 42258 288
28217 28227 153
19398 19408 168
1132 1142 107
19184 19194 124
98328 98338 116
24407 24417 158
81976 81986 170
13647 13657 183
39816 39826 94
60104 60114 118
17689 17699 155
82839 82849 165
15774 15784 178
98798 98808 160
25718 25728 233
23361 23371 83
10165 10175 180
21942 21952 269
63475 63485 131
69604 69614 206
79481 79491 170
69627 69637 175
75297 75307 157
66955 66965 144
63346 63356 224
5645 5655 130
59824 59834 118
22702 22712 163
31880 31890 179
69987 69997 144
11745 11755 157
76261 76271 219
52615 52625 141
55394 55404 154
58802 58812 167
32968 32978 161
70302 70312 250
14306 14316 103
16170 16180 147
48535 48545 252
86026 86036 103
81330 81340 183
55686 55696 185
73903 73913 232
31602 31612 192
13534 13544 183
52857 52867 203
31076 31086 179
58815 58825 167
51811 51821 172
43087 43097 195
25886 25896 171
37025 37035 262
39304 39314 138
44689 44699 164
47592 47602 146
38785 38795 200
27931 27941 153
7827 7837 146
36976 36986 187
25394 25404 202
67182 67192 162
67627 67637 206
51396 51406 172
72864 72874 175
72080 72090 43
94479 94489 147
46072 46082 252
94020 94030 253
32158 32168 192
46046 46056 177
51717 51727 203
66139 66149 193
40185 40195 244
60567 60577 211
98655 98665 222
15040 15050 134
67013 67023 162
34384 34394 81
54174 54184 185
52283 52293 172
82928 82938 152
1496 1506 141
27423 27433 184
64301 64311 193
54616 54626 185
91789 91799 209
26663 26673 184
97013 97023 160
24675 24685 264
84401 84411 183
69406 69416 162
45577 45587 133
81714 81724 183
2209 2219 139
16076 16086 191
70698 70708 105
70786 70796 100
43666 43676 177
58245 58255 167
75174 75184 232
99158 99168 191
69571 69581 206
27953 27963 153
75390 75400 232
17119 17129 165
426 436 116
49572 49582 296
7992 8002 190
16309 16319 129
90334 90344 284
78303 78313 170
74671 74681 139
43645 43655 195
635 645 132
58481 58491 136
51850 51860 172
6686 6696 138
54405 54415 185
38975 38985 200
21584 21594 163
38579 38589 169
62689 62699 162
65908 65918 268
70935 70945 219
53869 53879 141
28030 28040 184
81597 81607 214
37193 37203 262
68613 68623 219
31019 31029 148
935 945 174
10381 10391 149
52099 52109 110
77592 77602 201
22070 22080 163
5529 5539 130
7064 7074 151
16029 16039 160
72380 72390 188
29704 29714 135
5061 5071 135
47783 47793 252
45718 45728 177
52001 52011 278
44651 44661 177
15032 15042 271
28596 28606 104
83372 83382 139
69567 69577 206
57780 57790 159
68120 68130 162
33119 33129 161
5748 5758 130
98693 98703 191
54242 54252 185
166 176 125
85623 85633 196
2936 2946 173
37757 37767 112
48968 48978 177
57620 57630 273
73899 73909 232
67936 67946 206
53629 53639 123
3559 3569 194
12252 12262 157
97340 97350 160
18829 18839 106
35134 35144 174
61415 61425 167
60764 60774 172
12594 12604 157
55289 55299 154
95407 95417 129
35694 35704 143
83814 83824 227
97430 97440 160
25903 25913 171
25154 25164 158
42436 42446 151
81308 81318 245
89795 89805 240
24460 24470 158
76065 76075 201
69489 69499 113
45187 45197 115
26364 26374 246
66553 66563 206
11658 11668 113
20958 20968 163
11369 11379 175
54700 54710 185
608 618 132
17599 17609 142
59939 59949 203
43193 43203 164
8251 8261 190
68745 68755 175
37533 37543 231
83624 83634 152
12365 12375 157
97339 97349 160
2964 2974 142
8036 8046 190
49427 49437 265
76947 76957 232
93407 93417 253
25017 25027 158
35968 35978 218
76915 76925 170
49998 50008 128
74929 74939 201
67193 67203 74
68170 68180 206
75680 75690 201
3637 3647 163
23059 23069 176
22168 22178 207
56263 56273 185
65265 65275 162
61664 61674 167
37149 37159 187
22481 22491 163
23371 23381 101
65304 65314 224
16594 16604 160
74414 74424 188
15977 15987 147
4765 4775 104
66202 66212 162
12495 12505 188
94920 94930 222
48420 48430 190
62107 62117 224
91407 91417 178
1795 1805 162
59357 59367 123
72190 72200 144
49661 49671 141
5370 5380 130
44165 44175 164
51920 51930 172
77198 77208 170
6536 6546 169
44281 44291 164
97722 97732 222
46776 46786 221
32907 32917 267
44595 44605 164
74331 74341 188
20535 20545 150
17139 17149 173
37254 37264 156
93977 93987 209
96489 96499 191
25497 25507 202
7034 7044 151
12386 12396 188
52636 52646 216
16009 16019 147
51773 51783 172
10519 10529 193
84161 84171 183
36858 36868 156
42391 42401 164
32725 32735 192
71358 71368 219
57680 57690 167
87192 87202 165
75828 75838 201
83664 83674 183
69982 69992 144
38908 38918 169
93528 93538 222
60563 60573 211
36210 36220 42
53953 53963 216
45510 45520 177
40171 40181 120
24045 24055 145
8309 8319 203
42160 42170 195
47240 47250 146
28978 28988 179
10498 10508 149
21640 21650 194
80205 80215 276
52746 52756 128
66885 66895 144
86368 86378 152
24376 24386 189
71160 71170 175
26368 26378 140
38284 38294 200
8101 8111 190
45979 45989 208
23288 23298 145
79539 79549 121
49137 49147 172
323 333 144
26613 26623 308
66472 66482 100
42521 42531 151
18684 18694 186
96352 96362 147
13405 13415 152
79589 79599 121
94609 94619 147
17117 17127 165
60603 60613 273
6381 6391 200
34751 34761 161
29248 29258 272
50968 50978 203
82587 82597 183
83438 83448 183
72648 72658 219
32945 32955 122
80212 80222 258
63179 63189 87
4535 4545 184
4143 4153 127
15333 15343 240
76710 76720 307
6174 6184 156
51933 51943 172
92919 92929 209
22053 22063 194
20458 20468 181
8900 8910 141
69972 69982 144
70649 70659 175
49466 49476 159
26179 26189 140
71160 71170 175
37839 37849 107
20066 20076 155
23262 23272 176
43612 43622 164
46952 46962 146
86123 86133 165
97728 97738 222
44454 44464 164
3425 3435 150
52380 52390 128
3165 3175 199
75321 75331 139
59162 59172 97
82293 82303 289
32960 32970 130
23209 23219 176
53655 53665 154
43064 43074 195
40360 40370 169
98737 98747 266
96695 96705 222
85057 85067 152
86755 86765 183
31162 31172 148
14840 14850 240
99764 99774 191
63955 63965 193
46810 46820 177
93196 93206 147
69080 69090 175
81544 81554 183
54156 54166 185
57283 57293 198
15923 15933 253
94529 94539 129
82137 82147 214
15542 15552 147
4108 4118 127
34363 34373 143
11003 11013 193
9655 9665 185
51880 51890 172
2241 2251 77
56151 56161 198
85691 85701 196
51693 51703 172
67456 67466 87
73721 73731 157
69849 69859 144
2281 2291 152
19200 19210 199
67102 67112 268
34589 34599 174
6630 6640 138
14072 14082 152
92116 92126 134
22167 22177 207
38013 38023 200
58604 58614 167
16732 16742 160
2635 2645 147
69116 69126 250
76238 76248 108
71373 71383 144
7733 7743 177
58984 58994 167
92554 92564 147
92974 92984 209
43047 43057 195
50599 50609 159
83129 83139 152
91928 91938 178
60167 60177 317
72387 72397 206
51936 51946 247
49084 49094 159
16143 16153 191
97616 97626 152
57439 57449 198
27327 27337 171
53145 53155 141
69859 69869 144
66708 66718 162
9744 9754 136
54876 54886 92
61077 61087 198
66800 66810 237
49515 49525 71
57161 57171 198
58892 58902 136
44134 44144 164
15123 15133 222
50230 50240 159
73140 73150 188
3166 3176 199
5162 5172 179
52209 52219 203
32066 32076 161
3507 3517 150
24516 24526 158
10719 10729 193
38299 38309 213
55186 55196 154
59720 59730 92
61114 61124 180
93529 93539 222
77207 77217 232
51317 51327 190
48671 48681 159
65016 65026 193
69703 69713 144
40756 40766 200
48687 48697 190
47981 47991 221
71048 71058 188
53422 53432 216
27666 27676 228
60557 60567 167
28012 28022 153
70340 70350 144
53052 53062 141
93830 93840 253
23542 23552 176
41352 41362 182
59750 59760 198
78304 78314 170
92029 92039 240
68152 68162 162
82121 82131 152
52744 52754 128
23028 23038 132
14369 14379 152
89956 89966 240
25144 25154 158
65154 65164 224
482 492 142
93598 93608 222
27537 27547 122
85880 85890 103
27894 27904 259
95247 95257 103
50684 50694 203
12296 12306 157
41650 41660 257
70250 70260 175
43651 43661 133
10775 10785 149
76621 76631 157
9987 9997 180
44129 44139 151
34459 34469 174
29708 29718 135
75766 75776 232
33853 33863 112
33078 33088 143
5561 5571 236
57321 57331 198
48531 48541 252
20249 20259 212
11448 11458 144
97439 97449 178
86465 86475 196
49186 49196 159
36741 36751 187
80495 80505 139
16222 16232 191
15959 15969 191
5773 5783 143
14926 14936 90
46812 46822 177
38063 38073 94
88374 88384 196
42416 42426 226
41227 41237 213
65132 65142 206
30834 30844 166
6015 6025 187
81445 81455 183
89770 89780 165
91953 91963 209
90126 90136 134
77008 77018 77
17081 17091 204
57247 57257 105
3141 3151 124
80330 80340 95
52224 52234 172
86166 86176 302
27721 27731 153
86953 86963 196
58689 58699 180
38919 38929 169
81193 81203 152
52570 52580 216
93991 94001 147
42006 42016 182
57989 57999 180
74918 74928 201
88082 88092 196
33810 33820 205
18956 18966 199
74316 74326 188
71895 71905 219
87920 87930 165
7288 7298 164
71015 71025 219
87910 87920 165
35940 35950 187
8986 8996 141
16104 16114 147
41682 41692 138
9644 9654 167
67472 67482 162
56264 56274 154
81308 81318 245
87823 87833 165
76940 76950 201
63524 63534 149
89656 89666 116
87845 87855 152
48649 48659 190
11308 11318 131
37750 37760 262
38264 38274 200
68761 68771 144
12175 12185 157
7683 7693 146
14331 14341 196
47766 47776 190
70862 70872 144
23803 23813 127
39099 39109 156
97592 97602 204
62880 62890 149
68123 68133 162
90873 90883 165
36242 36252 187
85925 85935 196
79431 79441 152
42890 42900 151
7352 7362 164
49865 49875 234
48390 48400 177
45076 45086 115
49968 49978 190
74079 74089 157
93288 93298 209
30014 30024 179
14621 14631 165
11003 11013 193
8033 8043 190
97252 97262 266
40820 40830 169
23842 23852 158
96320 96330 191
83351 83361 139
19809 19819 137
12949 12959 170
19632 19642 137
33914 33924 130
57571 57581 185
44029 44039 195
58570 58580 136
43290 43300 226
36822 36832 187
38234 38244 125
60016 60026 180
42949 42959 195
14880 14890 134
67023 67033 162
99544 99554 142
69810 69820 144
40276 40286 138
84932 84942 258
81956 81966 183
79342 79352 152
37427 37437 200
961 971 143
47980 47990 221
63909 63919 193
64653 64663 149
64493 64503 193
79907 79917 170
37738 37748 156
35769 35779 156
38952 38962 244
33432 33442 143
69362 69372 175
14491 14501 183
29154 29164 241
66689 66699 237
85440 85450 152
31472 31482 148
14415 14425 165
60228 60238 286
559 569 106
92087 92097 134
38197 38207 138
51656 51666 172
34447 34457 130
26415 26425 140
29102 29112 166
83369 83379 152
12440 12450 188
63465 63475 131
4870 4880 135
45807 45817 239
37684 37694 169
15588 15598 222
75589 75599 126
66600 66610 100
1154 1164 182
79492 79502 245
56094 56104 322
28867 28877 73
41558 41568 151
32063 32073 161
51462 51472 216
71919 71929 188
84208 84218 196
23191 23201 207
46503 46513 177
37338 37348 187
5005 5015 135
7386 7396 208
20246 20256 212
56621 56631 260
83156 83166 152
42257 42267 120
83959 83969 196
29306 29316 166
18121 18131 186
35754 35764 125
93415 93425 222
58945 58955 123
36906 36916 231
46308 46318 115
62786 62796 180
94449 94459 191
40581 40591 174
5049 5059 179
44487 44497 239
59596 59606 123
74835 74845 201
86421 86431 165
13103 13113 170
10459 10469 180
66534 66544 206
83342 83352 139
58131 58141 167
65862 65872 162
98208 98218 173
1892 1902 175
92151 92161 284
19469 19479 168
96777 96787 178
52310 52320 172
27881 27891 184
71983 71993 250
59049 59059 136
83712 83722 183
83473 83483 152
65992 66002 193
73048 73058 188
64306 64316 193
34955 34965 174
53490 53500 260
66418 66428 237
32345 32355 148
86923 86933 165
44239 44249 164
91801 91811 178
27668 27678 228
95180 95190 129
11725 11735 131
41603 41613 182
83641 83651 183
96258 96268 147
33295 33305 205
52621 52631 141
53598 53608 141
81814 81824 183
92993 93003 315
66292 66302 193
24324 24334 189
