1 10 20
100 200 125
201 210 89
900 1000 174
255547 54861 443
738397 762525 424
332569 100475 443
40304 547755 470
97344 600754 470
736905 533003 452
890467 760109 468
280445 14873 443
864863 589137 468
847604 308636 470
365105 203385 443
475163 750342 470
507528 281912 449
69177 560846 470
737438 460224 470
507751 200304 449
503942 179210 449
999955 291916 476
963426 915046 445
711983 800115 468
799511 774584 468
426615 911117 476
830260 156591 470
663104 982689 476
62725 551230 470
252046 5167 443
250398 578548 470
833395 247224 470
810890 51264 470
125674 147583 375
169188 187993 365
100576 57800 351
206080 100098 383
389517 141437 443
511850 328699 449
347338 591424 470
572108 517924 452
203259 340051 443
845619 276316 470
640277 605022 447
933274 900365 476
961625 940174 414
682808 912487 476
726521 940919 476
125696 300300 443
367322 392154 436
600589 934901 476
836325 440343 470
281984 892908 470
772857 321652 470
603264 310332 470
29912 284482 443
740053 955959 476
654481 607422 447
402808 927687 476
576855 32615 470
676843 747382 442
331566 509685 449
543474 658105 452
106260 876867 470
17748 112145 354
294677 993637 476
546224 279122 470
516054 883103 468
422507 900468 470
755639 642616 442
498789 969946 476
879646 237496 470
398363 529413 470
282859 805461 470
767119 334868 470
838234 768312 468
841261 269881 470
635204 872594 468
754018 161846 470
217071 262424 443
555859 91033 470
157703 825355 470
880738 373280 470
853927 346100 470
555154 144183 470
352358 453127 449
217319 876025 470
878069 949594 476
190478 218187 386
487355 882772 470
437446 267666 449
928016 625066 476
412666 748357 470
357932 314920 441
23622 606081 470
46355 237366 443
715172 210937 470
562217 111634 470
898416 699334 468
239903 797220 470
559904 985171 476
905288 629989 468
907587 622923 468
943500 456331 476
336573 14984 443
794755 446090 470
830852 421413 470
875698 933944 476
156332 852328 470
741141 864064 468
846089 201490 470
24646 894402 470
30480 914201 476
326338 854557 470
622744 73461 470
752443 45217 470
235029 35389 443
253423 817266 470
470238 648243 470
256239 975193 476
911889 648949 476
341118 812039 470
217145 46851 386
874371 2138 470
207483 176477 373
576168 153069 470
746924 629444 442
975808 549676 476
499547 460176 444
586928 510727 470
365989 900938 470
421193 822721 470
512912 318772 470
151430 915542 476
429899 300219 449
833763 801113 450
375043 559296 470
603221 308887 470
903440 830010 432
168416 820972 470
912118 26775 476
248241 534875 470
780393 734390 468
317230 263282 389
736426 523849 452
156038 918020 476
538763 681021 452
739690 119251 470
925872 682363 476
938588 821178 476
57248 155104 375
355920 451971 449
346357 118944 443
380004 828308 470
668737 22098 470
191196 23909 383
917830 456619 476
30427 446577 449
276602 466231 449
510022 609764 470
374786 44480 443
127357 472345 449
709593 761837 424
428050 764216 470
321982 457448 449
457733 415570 418
741086 584549 447
240130 64104 443
636172 108151 470
24013 627139 470
448487 819378 470
952754 94559 476
514627 552966 452
627571 23685 470
838565 72710 470
759207 698632 424
721223 324231 470
732653 554405 447
914497 345258 476
445666 259930 449
830887 370685 470
224208 804406 470
610405 572986 434
966571 37817 476
523173 438143 470
922849 379134 476
269163 993052 476
677509 824688 468
225749 972461 476
970247 964383 365
589271 541794 452
963921 444861 476
658588 376802 470
448219 206447 449
216548 741787 470
253904 864612 470
79630 705240 470
844804 806926 450
406460 785010 470
653384 932887 476
282705 124748 443
230611 476725 449
432833 769146 470
691947 22223 470
648491 727574 442
258703 643780 470
668759 294055 470
917606 89407 476
799302 526059 468
351321 59028 443
515448 875443 468
328798 925400 476
658466 711921 442
686710 695177 442
604840 882766 468
881862 614073 468
965097 512033 476
849341 582782 468
951726 958391 414
562321 469264 470
545027 222730 470
256801 478175 449
981185 125053 476
758206 969708 476
888681 254673 470
726640 507767 470
607097 38639 470
923742 461356 476
836685 270305 470
796452 183273 470
787537 93327 470
771647 646621 468
423980 745931 470
660472 432365 470
232805 336105 407
482344 130087 449
183220 540446 470
835969 539311 468
191894 397720 443
668360 540198 452
458252 302750 449
922720 140107 476
493164 897071 470
82192 996475 476
528436 799878 468
68843 666652 470
265017 26079 443
305925 941778 476
594608 497876 470
6270 884487 470
12337 272078 443
910886 609157 476
927454 977457 458
769142 418636 470
974489 484743 476
825600 642810 468
729076 16461 470
458413 412069 418
940656 744593 476
900354 642691 468
508539 421161 444
665928 711333 442
948289 740104 476
906623 652291 468
22180 938437 476
421281 223868 449
540463 610455 452
459666 859131 470
79447 830856 470
774710 341557 470
507905 460945 444
602547 27486 470
765067 946680 476
379320 575014 470
291490 8109 443
39885 432888 449
878314 366849 470
685926 793176 468
470977 61563 449
259603 317923 407
640156 960950 476
613778 712697 447
15767 799616 470
30951 138869 354
969072 434222 476
810459 531698 468
223472 45669 386
17102 122683 354
876315 697614 468
864243 852395 388
522062 2447 470
490587 903903 470
781396 642941 468
82180 287137 443
561389 151076 470
389856 260956 441
798581 655150 468
697201 392384 470
269850 272059 363
205248 221440 386
295181 443754 449
617523 825162 468
801993 795161 468
432645 55886 449
272401 25435 443
81626 866522 470
552819 935248 476
583097 929539 476
369556 939870 476
832097 706528 468
664588 321110 470
986700 231698 476
542407 30806 470
671608 135324 470
701897 74288 470
879004 852132 432
716421 374407 470
514323 534786 439
420810 544951 470
508231 924107 476
965723 186914 476
296003 315313 384
807826 161847 470
251591 803570 470
18523 793641 470
356101 192275 443
814463 103357 470
978975 303998 476
139806 991349 476
155119 946652 476
463248 746689 470
152296 456456 449
692057 386018 470
440516 564398 470
250876 102239 443
398782 314401 441
924812 538054 476
224438 899058 470
24340 690153 470
546474 572749 452
793804 996961 476
186568 252173 443
755799 566118 447
360233 20743 443
860498 557512 468
365358 515999 470
891969 453417 470
466529 98158 449
572792 319446 470
250938 773075 470
203824 188276 360
205284 74371 383
477655 382723 449
642977 497171 470
312379 935538 476
397075 619816 470
166501 260372 443
886781 750147 468
316344 881689 470
263944 789375 470
4068 340956 443
350902 19253 443
197420 362278 443
992131 687226 476
941586 982700 458
259552 589403 470
929037 630745 476
674984 332674 470
965015 71286 476
243090 594952 470
464292 725711 470
624344 496505 470
979138 123384 476
219869 145507 386
28886 143738 375
288679 527395 470
178287 267909 443
472725 170316 449
394832 274610 441
266248 437894 449
204477 687074 470
33392 875734 470
60723 806148 470
151581 769530 470
643749 349239 470
738117 960342 476
514328 555611 452
203549 6555 383
661474 115607 470
567755 982210 476
3316 434695 449
73316 557871 470
827429 552791 468
135642 522858 470
489867 505168 426
80442 576654 470
431403 33279 449
436507 42441 449
714977 332184 470
775426 137231 470
840132 955839 476
219710 570685 470
548210 92282 470
776966 538714 468
696328 167888 470
600101 628113 447
48704 143126 375
122227 754944 470
10597 921856 476
769759 22083 470
913198 12008 476
618381 300263 470
447019 947576 476
923907 412180 476
236859 10137 443
933714 30648 476
353174 472740 449
764286 789480 468
762700 929758 476
416580 649749 470
335398 273436 389
193254 264233 443
45367 531126 470
880479 939342 476
430041 86816 449
61911 806478 470
205073 776366 470
843537 983749 476
171520 967910 476
85511 834145 470
197460 17255 383
960681 907738 476
107943 422624 449
289464 793144 470
775174 593949 468
636778 897451 468
565081 398962 470
599189 124005 470
566938 551692 421
59027 523880 470
709475 468482 470
437113 259577 449
949888 432542 476
136885 638421 470
211460 780040 470
440087 548326 470
640974 349133 470
87800 360053 443
58882 617837 470
660515 247765 470
183193 797518 470
657041 923649 476
322293 645809 470
864456 982540 476
752439 916113 476
209909 408972 443
922402 170391 476
790003 311715 470
960757 147785 476
184592 619876 470
700573 3675 470
479203 299770 449
581768 512097 452
643973 633247 416
343133 759015 470
46806 235865 443
374066 944768 476
914647 787209 476
960290 661084 476
499125 895883 470
428350 411350 418
551441 128139 470
370433 202439 443
466290 991787 476
714082 752174 424
115715 586006 470
390594 228605 443
961170 702833 476
751452 465589 470
505731 397585 449
683855 283724 470
528246 433155 470
584430 886526 468
827359 547051 468
964490 298792 476
395732 190269 443
480678 467418 413
43415 243516 443
611606 954518 476
494195 229009 449
34123 118500 354
889898 705007 468
992075 300833 476
454983 855443 470
595950 814543 468
797424 768448 468
43545 465089 449
951732 535291 476
209812 925021 476
806124 95150 470
918290 530969 476
998224 701382 476
477030 974770 476
712292 991360 476
738706 920145 476
65898 904670 470
27570 792154 470
935065 113386 476
765213 858710 468
134276 203355 383
522569 251777 470
841422 576846 468
527357 760428 452
37590 934636 476
364205 68770 443
517767 239547 470
718886 608814 447
720902 263613 470
538682 351679 470
226396 177557 386
907588 670096 468
268987 153893 443
268110 870999 470
35116 623969 470
360664 119066 443
821257 654412 468
397069 250367 441
358305 889918 470
536427 409883 470
736025 647015 442
689636 537460 452
397687 37355 443
43100 473823 449
617370 449319 470
462649 861624 470
721114 323130 470
115495 76040 354
67895 917395 476
231002 135267 443
467623 683910 470
910364 913346 401
280660 942798 476
290739 6036 443
917061 781449 476
171186 285056 443
833567 488472 470
415736 516831 470
412552 377769 449
63190 418919 449
299479 558077 470
93755 180667 383
874086 59750 470
229379 784169 470
535356 743240 452
977643 427428 476
391524 582696 470
368352 973737 476
763689 243298 470
477457 629533 470
635284 352371 470
884686 987641 476
809511 502033 470
669310 163560 470
72994 815071 470
412679 999588 476
106271 855946 470
946705 214841 476
230403 775238 470
264222 938833 476
333841 838600 470
90139 282084 443
484820 910157 476
101590 469306 449
801961 35559 470
680769 589021 447
129362 1273 354
385918 198052 443
942367 634455 476
33910 860141 470
696306 651643 442
402171 195012 443
522924 64722 470
78153 167531 383
777804 509078 470
911355 156174 476
447009 371512 449
855879 805845 450
832268 264475 470
730779 792131 468
251453 218342 443
570958 402451 470
714681 944908 476
793134 274063 470
666303 662994 398
359403 719771 470
919135 270967 476
485174 819198 470
849701 101199 470
208775 856853 470
771868 97920 470
316779 747756 470
161149 22636 383
702101 807213 468
63079 210189 383
221186 593434 470
586448 473785 470
512109 579954 452
855812 988704 476
37165 99438 351
177591 372155 443
821541 341229 470
460179 720641 470
973916 182114 476
120892 66421 354
95336 283047 443
811209 571094 468
109484 194197 383
296627 787012 470
880463 176467 470
738611 486204 470
223459 69712 386
443479 881657 470
559185 816219 468
866713 547267 468
514741 182560 470
291053 980451 476
231531 813765 470
132880 545378 470
5169 822 238
273759 484948 449
152763 445847 449
162676 796113 470
679774 868807 468
689333 25820 470
401616 515544 470
990066 463798 476
664449 498873 470
415276 783619 470
705097 432875 470
860921 914894 476
991816 5070 476
546506 817167 468
595610 971974 476
108122 870025 470
756070 560610 447
567485 794105 468
326216 411874 449
336543 374181 441
707581 11215 470
922121 768134 476
219773 17923 386
406184 854631 470
588031 26368 470
94708 897478 470
377768 70878 443
951747 786075 476
756883 620497 442
565205 249110 470
924609 900688 476
426927 732559 470
909938 126123 470
252114 83248 443
213155 632013 470
911708 785703 476
940788 951006 414
306260 262684 407
667276 598506 447
170940 668755 470
245924 701321 470
368733 681450 470
187213 632890 470
702473 26005 470
24296 502889 449
656292 857369 468
293526 689851 470
763145 667103 442
372096 602498 470
487501 83014 449
435413 508798 444
610886 785793 468
223552 581352 470
112876 779611 470
139172 273503 443
451237 422616 418
438511 762666 470
962338 948412 414
922600 475663 476
826548 691093 468
587592 645448 447
673240 864077 468
151097 439408 449
436157 536930 470
235691 446497 449
512254 404586 470
261263 213796 443
625806 49777 470
774619 82644 470
54398 662226 470
27779 790313 470
34602 597066 470
105659 175275 383
232489 730164 470
799329 852422 450
137779 299464 443
722809 909164 468
120297 809163 470
879365 514184 468
673562 617475 429
997515 827639 476
62682 28947 340
477495 754986 470
192405 68709 383
715650 896126 468
16005 628767 470
907259 507407 470
216884 345370 443
167540 416097 449
212074 391686 443
956093 605248 476
750530 351473 470
341809 621445 470
508931 477113 426
603253 48767 470
123879 929335 476
23826 39332 324
41739 46136 314
511479 294146 449
416023 294871 449
849536 947529 476
37069 324159 443
968185 524212 476
939946 451214 476
615450 510284 470
903849 995394 476
201957 107460 383
529919 100207 470
395593 424751 449
964279 73729 476
250130 702395 470
619240 821285 468
266165 160009 443
437969 644511 470
803238 714234 468
346601 537285 470
688721 120701 470
542600 121768 470
702116 60995 470
179361 536713 470
852633 317329 470
824382 915399 476
13423 456000 449
792007 572000 468
527629 375227 470
81589 652882 470
859384 663831 468
188083 803282 470
227181 964256 476
494451 350003 449
427522 436769 387
303873 607220 470
733524 981243 476
824694 175161 470
836163 88740 470
582108 520416 452
285096 67197 443
798000 701768 468
781502 913812 476
254000 836935 470
977166 291335 476
32664 793276 470
141993 906254 470
317853 629472 470
176445 83948 383
127745 515375 470
965870 489216 476
452563 213699 449
455 750137 470
773978 719866 468
517562 209039 470
354269 325319 441
162432 146457 383
734 194774 383
308783 602228 470
234441 529351 470
732556 352489 470
922314 525201 476
290092 692136 470
467691 631199 470
616279 419381 470
596839 59479 470
628690 822371 468
627582 109010 470
800541 527384 468
861050 625126 468
748243 783967 468
398719 836868 470
668643 134416 470
254264 889162 470
556507 443351 470
103404 618358 470
934577 947686 445
394792 507292 449
36549 328129 443
831132 300015 470
997567 800408 476
422092 456515 418
627322 877738 468
409218 484206 449
767638 765635 331
367933 195659 443
69399 315971 443
702827 110969 470
262955 89251 443
569862 548402 421
641633 352434 470
982692 428336 476
529749 774137 468
490247 453288 444
964529 169945 476
348801 120683 443
685584 897564 468
554178 975287 476
796112 404916 470
448338 614625 470
136761 993823 476
869512 223413 470
496062 77748 449
976150 831997 476
270642 84143 443
942343 68948 476
83910 680267 470
696033 909451 468
173659 185904 365
751165 808790 468
67068 877238 470
971109 654189 476
175807 383206 443
793035 168465 470
464480 528982 470
41577 755385 470
272398 790796 470
964987 289330 476
701665 992133 476
538124 20801 470
723845 993408 476
394005 594497 470
302947 905559 470
969272 158155 476
384276 792531 470
578818 678016 447
556643 918491 476
170945 870749 470
559745 342645 470
456809 611837 470
578993 67872 470
956539 286901 476
446831 8950 449
259310 315096 407
452620 761976 470
455765 992713 476
452391 528632 470
268576 880246 470
365286 577319 470
880567 187700 470
945275 307675 476
839704 562 470
924739 325895 476
706375 732813 411
240753 935274 476
300798 893571 470
75433 99763 351
506988 110388 449
868458 247863 470
594639 364906 470
292883 250028 407
931362 565557 476
424618 524802 470
775160 907147 468
981467 507240 476
560588 948643 476
559358 647741 447
721997 978159 476
251427 700233 470
633334 28079 470
899853 305706 470
686397 853471 468
500867 780459 470
878046 293371 470
960113 577925 476
531775 697215 452
478526 108827 449
940173 517655 476
338190 476439 449
782182 746170 468
753104 212081 470
142707 599354 470
751572 280515 470
841990 751429 468
764926 465762 470
568324 452497 470
711556 744905 424
47 72236 340
885722 410772 470
701386 965193 476
887386 513974 468
81614 66503 351
162309 660572 470
118116 295835 443
460920 323731 449
861334 672557 468
669951 606051 447
963199 26524 476
22628 823794 470
600542 326646 470
651176 375100 470
201108 943276 476
809682 101318 470
322177 610717 470
865848 753905 468
880430 462521 470
336941 238928 407
686589 275025 470
828248 27014 470
899472 973442 476
721589 488669 470
581517 530082 452
856973 943193 476
11431 615674 470
252225 894022 470
789521 752489 468
113412 264101 443
57406 261896 443
3180 442008 449
346148 999173 476
54594 602833 470
665542 724854 442
544843 77414 470
452116 974576 476
976187 509337 476
904575 458341 470
50769 161172 383
52791 345307 443
571421 9762 470
630061 271659 470
352370 204922 443
448252 546805 470
681729 56746 470
511589 827110 470
741949 963789 476
547204 476534 470
664877 597689 447
979225 940034 458
574868 219408 470
628038 718245 442
56365 218037 386
577507 950927 476
971639 835230 476
720318 191842 470
449894 566614 470
465236 689181 470
170694 916128 476
969960 373366 476
772656 20021 470
49375 797958 470
332654 154355 443
601410 479653 470
381249 293145 441
991314 439748 476
846835 693861 468
340074 262173 407
653993 952810 476
73796 652135 470
440809 95027 449
408305 304598 441
5418 41584 324
666781 873295 468
643779 231818 470
458216 968622 476
498724 268799 449
780527 406770 470
404554 203416 443
54604 382568 443
481974 475797 382
944175 845043 476
914916 592336 476
571259 117312 470
923815 332430 476
398112 721443 470
939140 651081 476
613954 444053 470
374509 471870 449
338398 909912 470
200470 249348 443
333383 318465 384
728037 520728 452
201543 542175 470
625317 663831 429
241338 485758 449
211090 731541 470
227896 461827 449
495962 542639 470
393394 351182 436
274688 174636 443
791956 484884 470
