1 2 2
2 1 2
1 1 1
2 2 2
2 3 8
3 2 8
3 3 8
9961 491 262
2995 11942 268
4827 5436 210
32391 14604 308
3902 153 238
292 12382 268
17421 18716 279
19718 19895 274
5447 21726 279
14771 11538 276
1869 19912 279
25667 26299 246
17035 9894 276
28703 23811 308
31322 30333 254
17673 4664 279
15141 7711 276
28253 6868 308
25547 27644 308
32662 32757 192
20037 12859 279
8723 9741 260
27529 778 308
12316 3035 268
22190 1842 279
288 30106 308
9040 8942 247
19264 22648 274
27446 23805 308
15890 6729 276
24370 15350 282
15006 31101 308
24393 3548 282
19629 12623 279
24084 19954 282
18756 11840 279
4966 7376 262
13931 26308 282
16944 32439 308
24626 11323 282
5537 21538 279
16118 2082 276
22929 16541 279
4833 31115 308
4639 29658 308
22704 9930 279
13977 2306 276
31673 22386 308
5021 28745 308
26924 19072 308
6270 5829 262
26777 15573 308
5097 16512 276
23986 13290 282
9161 18636 279
22355 24767 282
23655 15574 282
4031 12052 268
27350 1150 308
16941 21724 279
13966 3430 276
31107 30191 254
18007 11337 279
15457 12287 276
27753 10383 308
14945 8909 276
32209 9758 308
24221 18588 282
6422 24946 282
27506 13030 308
16413 29168 308
900 32591 308
18762 1655 279
17410 6359 276
27624 20537 308
21548 6483 279
27595 4041 308
3602 24350 282
10291 30836 308
9374 11020 268
4596 24021 282
27348 23199 308
19668 24484 282
8281 4734 262
53 1999 182
26418 27938 308
6900 3788 262
18127 467 279
3728 14893 276
24648 22483 282
17807 2421 279
14310 6617 276
22813 9514 279
14309 7616 276
18935 17451 279
20600 5249 279
16519 31556 308
22798 30303 308
6224 11008 268
5844 32609 308
14989 32702 308
3195 20485 279
3093 14343 276
30523 1587 308
29314 9503 308
7448 25200 282
13458 6618 276
20580 19796 274
14798 15281 271
19589 20798 274
28009 27157 259
20472 23622 282
18538 12292 279
6038 24179 282
18190 29657 308
7958 6191 257
19815 22888 274
19156 11511 279
16202 2634 276
24272 20055 282
20328 22646 269
26362 4886 282
18875 28433 308
29869 20142 308
23844 1416 282
21881 31998 308
10322 18651 279
10021 5699 262
3557 28476 308
27892 24389 308
5075 10712 262
2600 2510 178
21003 26869 308
17861 14688 279
13401 9789 276
15255 16423 253
5002 10585 262
24182 10285 282
27088 31426 285
28617 23757 308
9832 30932 308
4169 2154 238
25721 17189 282
19976 31329 308
2368 28692 308
21425 10555 279
3434 16549 276
7441 9512 260
30145 18060 308
21718 3753 279
16139 12423 276
16279 25996 282
16687 12529 276
22549 17437 279
19866 12949 279
193 23195 279
3297 20416 279
28286 16105 308
24488 16282 282
12455 25734 282
18114 11701 279
31316 20671 308
5786 12263 268
4313 24355 282
31185 20053 308
912 10808 262
1832 20945 279
4313 27756 308
28321 19558 308
23646 27982 308
481 4144 238
23196 20222 269
7129 2161 262
5535 20450 279
11173 10466 268
12044 21659 279
26292 26439 246
17253 20024 279
26154 29510 308
4745 20649 279
13186 8313 268
4474 28022 308
2168 14018 276
18787 9905 279
17958 7391 279
10202 3625 262
26477 4414 282
9314 25824 282
29334 25874 308
24372 20159 282
11833 28070 308
7487 28297 308
7518 8177 252
17773 32270 308
1763 2668 209
17192 13985 271
3102 8480 262
29213 7627 308
4802 4099 215
30527 2625 308
1543 1924 180
11023 29972 308
13061 14181 276
31003 27432 272
17505 27593 308
22725 13031 279
8492 142 262
17222 31286 308
13064 7900 268
19187 8360 279
22413 30974 308
14270 29170 308
235 30833 308
19711 25760 282
18896 4667 279
7285 12550 268
140 13694 276
2695 21624 279
28019 2125 308
26576 21694 282
22658 26302 282
17371 22466 279
4678 22593 279
23851 25484 264
1018 28464 308
21119 23152 269
2800 18087 279
31060 1926 308
9010 4757 262
32170 20315 308
9576 30227 308
12043 22758 279
7164 5109 262
7882 17086 276
29565 3487 308
29577 14474 308
2625 25627 282
5629 31928 308
25423 28520 308
6902 14962 276
123 24596 282
3737 13261 276
10195 32525 308
1264 8260 262
6202 8116 257
5030 20326 279
29011 30771 272
6411 25547 282
21153 21520 256
29790 14924 308
30188 21763 308
4940 20851 279
18662 13829 279
30900 17713 308
18958 17578 279
8365 13007 268
11477 1200 268
26058 6439 282
2303 12760 268
19357 2324 279
6477 5108 262
21113 14887 279
19801 22850 274
14460 22428 279
12993 27384 308
19405 6540 279
31111 28704 272
12835 32356 308
6072 29350 308
18823 14485 279
20556 23216 269
1626 9357 262
8526 13357 276
29337 23271 308
23869 29361 308
12896 13022 201
29617 10112 308
12717 18696 279
11585 24041 282
24423 24129 251
24229 4565 282
6559 8932 257
22296 29855 308
12053 16962 276
3584 29734 308
6654 16972 276
21457 14369 279
22532 2963 279
2607 2483 178
911 11635 268
10067 22848 279
4675 12938 268
2223 22142 279
23754 6511 282
22741 20175 269
21459 17825 274
3221 17870 279
1626 31934 308
15205 31783 308
23850 17398 282
22279 22701 269
12193 12734 263
1637 26534 282
5556 1993 238
10176 25705 282
6962 10548 260
15881 300 276
14413 16641 271
19855 24855 282
13142 11462 263
27611 30877 272
20424 32678 308
1752 18443 279
28296 12673 308
10040 9313 242
875 20072 279
12818 610 268
1017 14932 276
28112 30695 272
13169 23831 282
20040 26488 282
28685 19090 308
19497 2589 279
25990 15145 282
19353 19314 186
18651 26740 308
22044 11258 279
335 8759 262
11192 7605 268
25264 12181 282
28503 3829 308
23775 20608 282
29292 5997 308
17549 29556 308
25561 31627 308
6467 29541 308
26129 31240 308
27813 29174 259
20601 6077 279
20215 8683 279
8213 23992 282
25824 5601 282
23392 15759 279
2670 26428 282
28027 4084 308
10075 18786 279
15498 24970 282
6287 23847 282
32604 503 308
21221 22663 269
5706 2363 238
9010 22171 279
27489 18240 308
12164 25542 282
7619 20913 279
7591 6704 257
31818 9232 308
750 25205 282
4975 1539 238
303 11422 268
21098 11247 279
13584 13648 183
2971 17864 279
22913 11075 279
21545 28712 308
17546 18678 279
1769 15262 276
8519 13985 276
28289 15944 308
2865 18540 279
23245 25508 282
28318 27870 259
9601 28323 308
21132 24472 282
27152 25087 308
28570 29763 272
29901 17103 308
14423 3527 276
11600 26969 308
14015 5565 276
28 21543 279
25347 2088 282
2943 12637 268
22409 26463 282
5049 4681 210
1588 11342 268
608 32060 308
21221 1758 279
29954 20888 308
14146 690 276
7949 12843 268
21430 25620 282
748 27067 308
4536 20783 279
18035 32226 308
15185 7038 276
9853 25629 282
11224 15748 276
19923 3359 279
32257 24766 308
4944 14955 276
23318 32726 308
25411 21025 282
20355 31001 308
22549 9496 279
18584 9515 279
17964 23342 274
8075 17913 279
16142 31196 308
21948 25072 282
20426 14606 279
26173 24429 264
32404 6705 308
20626 29812 308
19375 30093 308
16565 16036 266
14736 29141 308
30814 5994 308
8256 6652 257
23936 30838 308
20482 1355 279
21015 1131 279
18230 17841 248
14625 2011 276
32637 4186 308
19690 1650 279
5662 21634 279
10893 10353 255
21416 13452 279
14008 7262 276
22233 5454 279
16303 16634 266
26303 14256 282
148 11124 268
12317 4213 268
27109 24028 308
29200 21080 308
21318 16858 279
24050 24155 251
31361 15264 308
11903 3676 268
29643 26909 272
14902 3561 276
28489 24948 308
1282 13653 276
30674 2220 308
5402 6923 262
3831 19369 279
3878 20259 279
19008 22619 274
23971 30003 308
21945 9781 279
26504 12392 282
32685 25313 308
6698 5589 262
12722 5938 268
19037 6410 279
31461 6234 308
12508 9961 268
3959 6493 262
1515 25269 282
24937 28869 308
58 14700 276
13971 26264 282
15117 16215 253
24555 7815 282
18330 3039 279
30212 29288 272
28082 1954 308
16085 20710 279
24484 24774 264
8380 29815 308
25951 6541 282
18115 1679 279
17110 25898 282
23073 788 279
23977 18132 282
29956 28689 272
26113 10008 282
12941 15790 276
1723 21363 279
28 25184 282
24778 7200 282
5071 1885 238
21974 1071 279
11333 22867 279
26153 14295 282
32168 20825 308
9676 15629 276
28650 2598 308
3309 4693 238
4686 30080 308
10116 12249 268
26667 1528 308
26679 7864 308
29421 8405 308
8826 6816 257
7516 27726 308
28666 29087 228
27681 19964 308
1340 5686 238
6021 11662 268
14721 6064 276
29309 20415 308
17902 29873 308
17124 23941 282
32745 31762 267
28423 27531 259
4806 12268 268
9318 5602 262
31907 24307 308
23481 1012 279
21136 26630 308
24114 26809 308
4084 23556 282
12290 21293 279
29996 29152 272
1054 25345 282
14708 248 276
7491 13712 276
5131 30114 308
16439 7958 276
24722 29704 308
6995 1052 262
25269 7479 282
18238 26423 282
27918 10866 308
17659 32498 308
28486 21196 308
7462 26633 308
12158 12022 250
1146 18392 279
13037 3925 268
10647 29458 308
6602 30807 308
4098 27830 308
29292 14600 308
7278 20799 279
18352 20448 274
13882 540 276
28315 4575 308
8762 9567 260
22336 18397 274
31418 19897 308
25828 13851 282
26816 24230 308
4449 16925 276
658 229 145
24520 10940 282
29560 15147 308
25162 1655 282
20675 792 279
22361 31754 308
16398 23146 279
8714 26946 308
21188 19569 274
8638 27663 308
15075 24515 282
11521 475 268
15615 20528 279
13234 12570 263
905 9464 262
19557 28962 308
14161 30524 308
12549 17469 276
330 31923 308
28350 14333 308
22925 10910 279
19737 16336 279
18337 1278 279
12393 7636 268
30714 28164 272
31591 19949 308
19135 2505 279
13337 10004 276
16337 2623 276
28664 9970 308
25608 30568 308
19281 7085 279
9152 18373 279
28652 8194 308
9876 23826 282
28396 7572 308
6249 14640 276
29174 18819 308
943 32611 308
1941 20289 279
8419 5565 262
3805 7585 262
16216 31450 308
1615 2609 209
11064 9166 268
16893 16074 266
13509 30300 308
19695 9573 279
15589 13161 276
31172 17968 308
27358 26031 308
26268 19426 282
28510 10422 308
30774 8779 308
30910 23552 308
4182 25391 282
15495 5764 276
874 1364 182
14902 28255 308
4460 474 238
6972 26821 308
26122 25547 233
21577 9789 279
25605 30195 308
27594 7950 308
16343 754 276
2481 1012 209
11672 23439 279
13428 5912 276
9762 5967 262
24408 4415 282
1908 17223 276
11759 26434 282
5204 29486 308
4319 958 238
5945 26806 308
8166 18700 279
11367 17692 279
21787 28532 308
30556 30974 254
3447 5021 238
18283 26222 282
29331 2376 308
28583 26948 259
12723 17982 279
22018 14776 279
9220 31111 308
32182 23856 308
19490 8925 279
4324 6486 262
19677 15969 279
11643 7534 268
15677 22668 279
31068 21991 308
32196 7783 308
16828 7727 276
29426 15871 308
10697 17612 276
18703 11027 279
11408 5545 268
9508 7185 260
30238 24237 308
26443 21313 282
22501 8850 279
25128 2111 282
23650 28149 308
11192 1454 268
15869 681 276
27465 20267 308
17713 19793 274
18634 25472 282
20972 22830 269
24901 28442 308
5177 13877 276
25770 702 282
14364 1381 276
16590 8823 276
2237 8023 262
32179 16595 308
20169 2327 279
12042 31310 308
28182 11058 308
7926 9487 260
1670 32528 308
5651 2258 238
7213 9860 260
25783 21286 282
2742 8610 262
4472 7128 262
18434 5841 279
20718 3503 279
14867 24865 282
10938 1881 262
9257 22750 279
28614 18598 308
28458 2661 308
26063 32756 308
20807 20278 243
19489 19435 199
6365 32075 308
7586 1386 262
7833 8360 252
13330 26048 282
8928 29492 308
12433 23840 282
6766 1735 262
19810 11599 279
11837 21892 279
31982 7328 308
29352 11369 308
31244 21794 308
6608 9252 257
11647 17432 276
9535 7208 260
3264 3497 181
23243 27649 308
22015 26841 308
189 16100 276
19812 30648 308
9523 19851 279
24474 28633 308
29891 27200 272
19854 9990 279
25697 4919 282
17780 22578 274
12931 32544 308
3340 13487 276
899 22525 279
8483 5538 262
7492 6193 257
28252 25011 308
1560 15834 276
1840 31497 308
2785 18529 279
31540 18805 308
28791 13392 308
13210 13549 276
21578 26979 308
30971 9277 308
73 20193 279
1620 21497 279
13826 31276 308
19790 6582 279
13578 11159 276
20418 26489 282
159 3449 217
12924 9072 268
10380 27008 308
27967 10208 308
6477 18503 279
15370 32607 308
14196 12074 276
13722 12611 276
19019 28761 308
11056 12890 263
31163 16683 308
13716 19932 279
25452 2741 282
4954 6813 262
2862 10396 262
15460 20615 279
10904 2599 262
20136 4680 279
9198 27032 308
14387 32584 308
7240 3517 262
17006 8670 276
241 18882 279
25249 3523 282
31758 12105 308
29621 17095 308
7296 9916 260
15678 10178 276
13579 25058 282
27577 12750 308
14007 23729 282
24081 2995 282
2678 24676 282
27753 20899 308
11784 15565 276
3093 13608 276
6172 11243 268
29929 7514 308
10168 5055 262
11191 5973 268
8922 6748 257
5651 10986 268
2144 16446 276
31577 26517 308
14629 29916 308
5874 15791 276
15469 22912 279
8146 30693 308
9091 9815 260
26949 26857 246
20640 26052 282
236 8551 262
9487 31226 308
28162 16955 308
23183 8394 279
30180 16097 308
3065 27065 308
2513 9261 262
12578 21078 279
16878 14140 271
4611 31947 308
2445 170 183
29975 13489 308
24750 6149 282
3333 13865 276
22214 17282 279
27007 27432 259
8896 16367 276
28522 4882 308
31810 17641 308
7231 2187 262
6705 6479 244
6321 6538 200
31351 19447 308
24208 9646 282
22276 25759 282
30189 30422 241
27666 8486 308
3455 2028 217
29614 4860 308
29253 11777 308
31348 12503 308
10861 22431 279
29082 12455 308
14197 22106 279
8752 15821 276
17296 26281 282
26021 24455 264
15947 27124 308
18318 9135 279
11376 1774 268
29859 24998 308
12074 9253 268
6922 10635 260
1643 28888 308
8153 13232 268
4747 28680 308
19926 25678 282
6450 14801 276
24961 14199 282
20855 26363 282
5716 10573 262
31561 23245 308
6473 28274 308
1550 24353 282
1181 4287 238
2699 18110 279
18643 17465 279
7172 2529 262
9981 2112 262
13476 4381 276
8247 26890 308
16671 8805 276
32372 30032 285
3989 9320 262
23165 15431 279
9658 11293 268
17206 26578 282
16948 2206 276
27171 18166 308
3396 16697 276
31020 23694 308
15529 14788 271
30109 17984 308
11969 28978 308
21617 4015 279
16626 3684 276
9168 17906 279
25928 12097 282
28118 24390 308
15199 11785 276
14486 19199 279
12420 20710 279
18271 15813 279
27415 6085 308
318 3580 217
1331 7267 262
8387 13444 276
23186 14507 279
4360 17827 279
28074 26431 308
7152 30271 308
10268 4693 262
19885 337 279
31311 17604 308
12677 406 268
7768 29022 308
19413 5000 279
542 17537 276
30038 21388 308
7355 13289 276
31647 3181 308
13093 16584 276
10987 10761 268
20493 8217 279
9501 17482 276
29447 15665 308
10753 22104 279
15084 19095 279
13525 30221 308
3964 21781 279
4872 8106 262
3656 3343 194
22593 27080 308
16080 14868 271
21411 13713 279
20968 3251 279
27216 12079 308
28768 17040 308
31531 12933 308
23779 20663 282
12259 26653 308
27936 2095 308
24365 11874 282
7720 26835 308
25680 8976 282
18455 5725 279
4071 24808 282
13559 9156 276
5602 17832 279
7905 10440 260
7375 21562 279
22885 21962 269
21080 1836 279
10797 31202 308
10508 10080 255
5340 12076 268
9058 31493 308
7740 8546 252
20474 24773 282
19097 8880 279
23335 11072 279
23400 707 279
22955 20666 269
4141 23588 282
12481 17168 276
28315 19396 308
16225 1009 276
22012 18136 274
11455 18762 279
25043 742 282
21 17922 279
24512 9248 282
26018 27368 308
23717 9714 282
17650 13290 279
3335 12759 268
3169 21895 279
5303 22640 279
21979 24199 282
29105 24791 308
18661 8681 279
3652 8753 262
24033 32029 308
15987 7042 276
26253 20083 282
11420 15814 276
32718 12244 308
31063 7229 308
20652 18864 274
4769 30470 308
15005 21047 279
1594 21487 279
24326 3276 282
21323 6540 279
7679 23990 282
32588 24710 308
29271 17945 308
29221 28470 241
20183 23589 282
23955 4978 282
24779 5006 282
13262 20135 279
23487 27196 308
29033 2088 308
12935 19779 279
15993 14790 271
24962 18965 282
11001 19105 279
11807 24567 282
2669 3134 217
32671 1457 308
12998 3545 268
13597 14218 258
8838 14844 276
7372 8563 252
21028 29264 308
28801 14723 308
13490 7604 276
31601 24227 308
11197 23692 282
19771 20363 274
29301 22363 308
7721 3565 262
17421 23445 279
18610 495 279
16741 15022 271
31812 29151 285
23015 8055 279
3393 8738 262
15279 19882 279
