4738 4823 197
8953 8651 216
6921 7527 257
8286 8354 234
5255 5681 236
2913 3255 217
3019 3371 199
5094 5258 179
6755 7739 257
3529 4401 238
640 826 171
6997 7873 239
6394 7248 257
8571 9063 247
6491 6987 257
266 320 131
6851 7721 257
6836 7469 257
2118 2159 170
930 1498 182
7126 8046 252
970 1636 182
7793 8566 252
7185 7439 239
8906 9511 260
5659 5991 218
2582 3567 217
1435 1660 172
338 639 142
7578 8454 252
7143 7813 239
6085 6166 187
4789 5425 210
6795 7161 257
4100 4216 189
2308 2801 209
2567 3114 217
400 1057 179
3395 3733 238
3938 4717 215
382 1120 179
3850 4285 202
7308 7976 252
8966 9877 260
3318 3749 238
2502 3322 217
446 513 142
512 855 171
6564 6880 244
170 900 179
6031 6376 262
6946 7411 208
2781 3513 217
960 1874 182
8985 9720 260
6506 7221 257
8549 9054 247
359 905 179
696 1208 182
8559 9402 260
1927 2521 209
8529 8923 216
1732 1998 180
7606 8320 252
7348 7496 239
4017 4029 96
7280 7296 164
1007 1094 169
6337 6639 244
1294 1462 177
918 1665 182
748 1256 182
3211 3241 168
1382 2156 180
7458 8320 252
4946 5782 236
31 1013 179
8783 9250 247
4518 4835 197
7086 7915 239
224 550 144
4274 4581 215
1095 1115 138
8647 9087 247
4273 4721 215
1785 2142 175
2796 3284 217
2686 3130 217
665 1286 182
913 1675 182
5008 5193 179
2563 2852 191
7362 7540 239
857 1622 182
3794 4784 215
2775 3084 217
4101 4238 202
2603 2962 217
3330 4042 238
3628 4105 238
221 977 179
823 1528 182
1999 2399 183
6050 6866 262
7575 8292 252
4841 5695 236
6877 7403 257
8704 9474 260
835 1435 182
5149 5697 236
5531 6362 262
2700 2955 217
5973 6147 187
2856 3331 217
4581 4696 184
4935 5683 236
5951 6086 187
1874 2691 209
6292 7243 257
4668 4926 210
8941 9502 260
2508 2779 191
1970 2927 217
89 229 125
5829 6756 262
4459 4956 210
1189 1787 180
22 98 119
6515 6936 244
4494 5206 210
3415 4267 238
955 1712 182
242 504 144
2372 2595 209
4806 5363 210
8429 8660 203
1605 2549 209
5623 6177 262
4232 5125 215
433 593 142
5003 5438 192
451 731 171
6104 6216 262
1383 1890 180
6402 7010 257
8772 9190 247
361 389 121
7211 8007 252
3637 3737 238
4162 4366 202
1678 1880 180
7246 8019 252
5611 5898 218
912 1661 182
665 1388 182
1906 2608 209
3263 4179 238
8887 9428 260
8853 8892 185
4071 4333 202
1202 1818 180
7074 7530 239
7625 7831 221
8189 8824 234
8923 9247 247
7732 8692 252
1000 1624 182
1912 1934 175
934 1696 182
7454 8246 252
4168 4198 158
4293 5285 215
8743 8920 216
7880 8204 252
2479 2761 191
2883 3447 217
3823 4791 215
2269 2512 209
299 1272 182
1739 2568 209
1839 1906 175
7851 8025 252
508 732 171
6475 6778 244
615 932 179
3038 3858 238
8346 9285 260
3296 3938 238
8539 8586 172
1745 1779 149
2157 2411 183
2727 3656 217
2613 2933 217
5456 6202 262
3482 4234 238
6188 7128 257
4694 5408 210
5185 5396 192
8858 9518 260
6641 6915 182
1648 2607 209
5338 6011 236
2067 2676 209
3140 3855 238
7837 8468 252
654 693 145
6540 6941 244
4002 4458 215
5404 6247 262
6119 6482 262
1708 1835 180
2235 2351 183
2404 2523 209
8630 9111 247
4136 4327 202
5791 5896 218
1009 1561 182
833 1582 182
7790 8233 252
1709 2227 183
2913 3180 217
1679 2339 183
8797 9673 260
6633 7371 257
194 214 120
2116 2131 126
4090 4196 189
5330 6019 236
5825 6633 262
2812 3166 217
8262 8890 234
6827 7029 257
4787 5726 236
374 1064 179
5687 6451 262
4261 5066 215
1472 1587 167
54 102 119
5674 5957 218
527 586 137
7468 7705 208
1824 2623 209
1048 1603 182
6079 6997 262
6170 6530 262
7916 8331 252
5521 5955 236
8758 9275 260
1432 1997 180
7940 8045 252
8241 9006 247
775 837 153
3197 3274 168
2066 2287 183
1571 1817 180
8793 9453 260
2262 2966 217
8624 8800 216
2827 3475 217
4237 4561 215
2624 2692 191
8485 9183 247
2953 3307 199
3509 3734 238
5405 6177 262
5559 5862 236
8706 9647 260
5442 6209 262
4189 4366 202
5831 6206 262
1101 1718 182
2826 3082 217
1299 1494 177
727 1658 182
5183 6059 236
7176 8082 252
2173 2517 209
1007 1803 182
2936 3105 186
6538 6858 244
7047 7099 151
7042 7222 195
6458 7147 257
3714 4427 215
8020 8304 190
1463 2103 180
6253 7078 257
6537 7462 257
3767 4093 189
5731 6648 262
257 717 171
1812 2307 183
4626 5403 210
4582 5435 210
7415 8076 252
958 1547 182
2246 2391 183
247 655 145
5539 5605 236
4408 4458 184
4588 5498 210
7735 8689 252
1160 1744 182
3448 3905 238
567 651 145
7931 8392 252
7141 7336 195
6305 6355 200
6617 7214 257
1412 2031 180
1037 1814 182
1498 1523 154
4423 4751 184
6042 6148 187
5785 6040 218
8577 9375 260
7320 7516 239
6269 6519 200
617 949 179
7462 7853 221
6923 7001 257
8031 8693 234
4166 4675 215
1889 2835 209
4253 4570 215
6817 6883 182
2697 2821 173
2628 2994 217
4113 4986 215
2139 2686 209
1121 2098 182
5327 5969 236
3086 3533 199
1977 2279 183
3315 3911 238
7938 8483 252
3862 4756 215
3332 3981 238
6363 6984 257
6839 7346 257
8521 9032 247
962 1343 182
1000 1013 143
3394 3830 238
3259 3475 181
66 429 144
4277 4955 215
6875 7591 257
5017 5264 192
5120 6023 236
6319 7028 257
6597 7465 257
8057 8414 234
6236 6241 125
3179 3993 238
4065 4682 215
5760 6547 262
7973 8634 234
5643 6386 262
5926 6314 262
7900 8330 252
7336 7838 239
5439 5545 205
1624 2207 180
8119 8706 234
3843 4390 215
1803 2439 183
3648 3897 238
8398 9031 247
337 361 126
8015 8835 234
8332 8806 234
6456 7092 257
8563 8671 172
676 1258 182
6057 6745 262
5537 5782 236
2837 3307 217
3662 3772 238
6488 6542 200
8230 8471 234
5248 5943 236
8800 9165 247
4949 5520 192
864 1764 182
4832 4980 210
3743 3976 189
4655 5331 210
8498 9253 247
7353 8303 252
6737 7015 257
2807 3506 217
5834 6363 262
5334 5909 236
4159 5083 215
307 345 144
7210 7790 239
1452 1843 180
8505 8532 203
6293 6939 244
5742 6648 262
249 893 179
3318 4083 238
7711 8420 252
6150 6603 262
6046 6254 262
7504 8502 252
7244 7847 239
8551 9329 260
1864 2381 183
459 969 179
4128 4344 202
4751 5741 236
8734 8823 216
6036 6306 262
1654 2595 209
8153 9031 247
292 308 118
861 1115 179
8342 8856 234
8122 8208 190
4953 5741 236
2271 2601 209
7994 8603 234
833 1456 182
2561 3072 217
56 791 171
8958 9883 260
6324 7007 257
3119 3210 199
2750 2849 173
3167 3645 199
730 1696 182
7429 8399 252
8487 9408 260
2655 3283 217
3164 3719 238
2267 2707 209
4861 5722 236
1313 1656 172
5175 5404 192
4012 4979 215
4617 4900 197
4093 4131 189
6720 6975 257
8356 8977 247
6039 6549 262
8401 8730 203
3009 3304 199
2414 2811 209
4605 4738 184
4163 4735 215
705 1200 182
4286 5209 215
1747 2511 209
8286 8476 234
6498 7321 257
6208 6515 200
1325 1371 159
7112 7534 239
5540 6012 236
5543 5548 205
6021 6866 262
3405 4213 238
2777 3111 217
2610 3316 217
1888 2172 175
6233 6386 200
4285 5277 215
5185 5670 236
4145 4837 215
982 1081 169
7852 8033 252
789 1760 182
5518 5618 236
5250 6128 236
8425 8563 203
7694 7950 221
3766 4332 202
8533 9358 260
7917 8887 252
5008 5725 236
8998 9508 260
6453 7189 257
790 1437 182
7342 8302 252
1167 1765 180
3606 4162 238
570 736 171
3252 3608 194
6350 6972 257
2203 2391 183
7323 7789 239
8251 9048 247
6051 6908 262
2689 3322 217
1013 1515 182
8829 8965 247
6965 7534 239
2323 2891 209
5950 6744 262
6744 7650 257
73 714 171
7217 7738 239
8799 9490 260
3758 4182 189
974 1434 182
5981 6755 262
6939 7697 257
4442 5101 210
4102 4644 215
3015 3159 186
8881 9873 260
3153 3911 238
6156 6657 262
8657 9136 247
6223 6779 244
1306 1695 180
4781 5330 210
3965 4320 202
995 1131 169
4786 5688 236
7737 8477 252
1347 1922 180
4029 4978 215
6695 7158 257
6974 7202 195
1274 2159 180
585 1174 182
1734 2216 180
985 1655 182
931 1018 174
4822 4870 166
1532 1658 167
7786 7874 177
5266 5804 236
1248 1857 180
4803 5325 210
8846 9664 260
8717 9266 260
5994 6027 187
6063 6318 262
1180 1500 177
7853 8331 252
5818 6654 262
2560 3261 217
5034 5658 236
2039 2474 209
2753 3719 238
4514 5485 210
68 811 171
7348 7977 252
7859 8158 252
7326 7728 239
3358 4308 238
5638 6519 262
7513 8177 252
1349 1943 180
7066 7396 208
7484 8079 252
3845 4580 215
7715 7737 177
1562 1700 180
6762 7494 257
1353 2072 180
5854 6362 262
85 647 144
5788 6303 262
1412 1754 180
3679 4006 238
5215 5785 236
2149 3126 217
3020 3065 155
3423 3992 238
3782 4128 189
1999 2242 183
8978 9492 260
1562 2351 183
4525 4949 210
2882 2987 217
7628 8202 252
1353 1660 172
969 1421 182
3685 4031 238
2339 2780 209
1204 1992 180
4709 4939 210
8310 8906 234
6930 7616 257
5842 6194 262
1669 2051 180
3396 3858 238
2611 3172 217
6242 6787 244
4282 4756 215
1042 1872 182
5889 6503 262
4680 5565 210
617 1277 182
3292 3854 238
3757 4010 189
1511 2326 183
1902 2366 183
7194 7653 239
584 861 171
4600 5484 210
5932 6039 187
3982 4887 215
3954 4253 202
3707 3710 132
7376 7826 239
5202 5724 236
7223 7542 239
5178 5362 192
249 588 144
7823 8606 252
7019 7464 239
499 923 179
4210 4568 215
2809 2922 217
5784 5828 205
7127 7770 239
6405 6451 169
5315 5485 192
362 710 171
3650 4470 238
4853 4857 166
33 949 179
6762 7213 257
4973 4977 91
1709 1904 180
5070 5802 236
7185 7567 239
2705 2955 217
1289 1326 177
7271 7995 252
951 1014 143
873 1456 182
4536 4801 197
5742 5897 218
266 541 144
664 777 171
3300 3319 168
2252 2556 209
2935 3413 199
5101 6062 236
8048 8493 234
7426 8088 252
3768 3967 189
8711 9628 260
701 1678 182
3212 3231 168
411 1121 179
7 857 171
7299 8003 252
6871 7161 257
197 879 179
712 1320 182
5258 5391 192
1587 2459 183
7214 8136 252
6891 7876 257
1916 2144 175
3580 4123 238
506 767 171
4795 4808 166
7303 7754 239
2857 3189 217
3092 4076 238
689 1527 182
2667 3204 217
5984 6001 187
3123 3356 199
415 1037 179
6686 6925 226
7574 8253 252
2744 2774 173
5220 6097 236
4839 5500 210
7370 8053 252
121 999 179
6551 7413 257
8200 8277 190
195 387 144
6326 7051 257
6739 6838 182
5470 5978 236
5911 6095 187
4475 4566 184
5001 5459 192
5354 5356 99
1118 1311 182
3097 3248 199
786 1074 179
3166 4007 238
1310 1746 180
8348 8716 234
4765 5515 210
2324 2517 209
3899 4403 215
5842 6163 187
5672 6555 262
8417 8485 203
4960 5881 236
2965 3539 199
110 654 145
7592 7809 221
4444 5402 210
1620 1777 180
6653 7184 257
1413 2331 183
2126 2545 209
3851 4466 215
5340 5421 192
2851 3663 217
2854 2930 217
7904 8441 252
2088 2752 209
2192 2919 217
8242 8708 234
5037 5702 236
1503 2435 183
6606 6703 182
2347 2596 209
5231 6069 236
1039 1993 182
4991 5087 179
4434 4826 197
7082 7325 195
74 591 144
7040 7447 239
3682 4571 238
2535 2789 191
4269 4519 215
846 1334 182
884 1220 182
8891 8967 247
3567 3953 238
2388 2896 209
2752 3529 217
8969 9085 185
2292 2743 209
1009 1814 182
7858 8779 252
7499 8164 252
6053 6857 262
1941 2673 209
8512 9229 247
3533 4129 238
203 872 179
1350 1384 159
7288 8228 252
6525 6796 244
4767 5048 210
4798 5460 210
4561 5035 210
8335 8825 234
3784 4771 215
4578 4696 184
5463 6155 236
1658 1705 180
2673 3230 217
281 819 171
8073 8892 234
24 615 144
5219 6140 236
3416 4259 238
5668 6401 262
8419 9307 260
6883 7477 257
5981 6754 262
3041 3718 238
298 1288 182
2689 3596 217
3523 3797 238
8034 8627 234
7696 8492 252
8779 8933 185
6947 7720 239
5845 6663 262
1186 1997 180
2398 2737 209
8627 8928 216
2571 2688 191
6528 7315 257
294 382 144
8925 9053 247
5854 6026 187
7186 7669 239
5180 6108 236
1752 2131 175
3918 4697 215
2950 2970 142
2481 2988 217
5607 5864 218
1924 2432 183
7417 7831 239
5448 5520 192
6442 6711 244
3122 3376 199
2529 2779 191
4509 5475 210
805 966 179
5733 6579 262
3963 4530 215
3756 4506 215
6129 6774 262
3190 3661 194
5427 5591 236
7005 7814 239
4996 5000 179
2882 3721 238
1279 1440 177
4516 4999 210
1405 1502 172
8720 9556 260
5108 5240 179
3417 3844 238
8648 8937 216
7958 8244 252
8091 8488 234
6353 6505 200
1472 2387 183
8356 8766 216
6214 7164 257
2988 3838 238
347 880 179
8680 9402 260
2227 3176 217
3402 3580 194
5889 6884 262
4593 4688 184
1408 1573 172
4939 5709 236
2215 2359 183
7723 8383 252
6695 7137 257
6611 7249 257
2650 2786 173
121 906 179
3413 3677 194
2158 2547 209
6004 6029 187
8438 8982 247
91 460 144
5917 6287 262
19 752 171
7978 8819 234
3575 3911 238
5538 5592 236
7897 7913 190
1153 1228 182
3395 4270 238
7814 8626 252
7786 8544 252
8963 9761 260
2043 2329 183
2986 3506 199
7015 8015 252
1334 1617 172
2294 3078 217
1114 1197 182
5789 6608 262
6793 6910 182
7064 7948 239
3182 3519 181
1649 1883 180
5611 5967 218
6152 6275 262
8115 8936 234
3362 4181 238
7138 7391 208
4257 4413 215
7506 7921 221
579 1414 182
6405 7279 257
4119 4172 189
8238 9077 247
4639 5221 210
1273 1650 177
3419 3544 181
2723 3087 217
2844 2967 217
7139 7309 195
789 1730 182
4936 5765 236
8390 8998 247
639 1503 182
1229 1433 177
2948 3569 199
5013 5691 236
1706 2067 180
4900 5054 210
1041 1994 182
4005 4510 215
6299 6851 244
3795 4188 189
6547 7238 257
5383 5720 236
3664 4128 238
7969 8818 234
4378 4766 215
8702 8778 216
5063 5337 192
1189 1421 177
8764 8785 172
5392 6132 236
3361 3704 207
8443 8726 203
7859 8190 252
770 1097 179
4928 5696 236
2209 2357 183
5258 6196 262
4190 4507 215
1793 2258 183
8522 8918 216
4576 4901 197
8213 8668 234
3213 3666 194
5678 6522 262
6604 6903 182
7503 8061 252
392 571 142
8421 9061 247
4452 5080 210
1439 2182 180
1783 2172 175
8883 9736 260
8266 8696 234
6963 7745 239
1290 1976 180
1285 1383 177
5795 6146 218
562 875 179
6928 7221 257
6040 7021 262
5338 5429 192
8552 9137 247
8519 8897 216
2008 2490 209
5193 5439 192
1381 2133 180
1149 1320 182
2046 2062 157
8392 8868 216
4530 5376 210
6578 7256 257
6631 7507 257
369 919 179
410 946 179
7486 8181 252
8856 9641 260
8021 8074 190
3609 4367 238
4413 4710 184
8541 8680 172
6090 6257 262
4610 5490 210
5241 5438 192
1710 2647 209
3693 4386 238
2346 2532 209
6108 6184 262
1673 1775 180
4197 5149 215
4773 5591 236
2586 3090 217
565 1348 182
1069 1392 182
234 925 179
791 921 179
3115 3628 199
3753 3824 176
8174 9159 247
2409 2696 209
4629 4920 197
4151 4205 158
4400 4453 184
1007 1599 182
4764 5221 210
2209 2352 183
1943 2484 209
2196 2425 183
6485 7039 257
3707 4273 238
2800 3322 217
3521 3946 238
2462 3157 217
7695 7824 221
7268 7733 239
5576 6528 262
4234 4332 202
956 1243 182
8014 8204 190
8761 8769 141
1221 1994 180
1346 1619 172
821 968 179
8723 9062 247
861 1264 182
2052 2700 209
1984 2935 217
658 967 179
875 1145 174
3110 3138 155
6485 7042 257
2124 2318 183
6440 7129 257
7380 7888 239
2068 2778 209
6263 7139 257
3169 3185 199
6532 7327 257
8176 9176 247
8322 9240 247
6715 7104 257
6752 7430 257
1003 1992 182
7199 7887 239
3791 3919 176
4075 4772 215
4050 4448 215
24 713 171
278 351 144
1002 1318 182
8601 9311 260
8687 9304 260
2901 3592 217
3787 4730 215
506 1402 182
5170 5966 236
4567 5344 210
7002 7329 195
4388 4552 184
4474 5202 210
3539 4324 238
6482 6808 244
2776 3145 217
3134 3754 238
4991 5201 179
8453 9380 260
8427 8904 216
1419 1767 180
8417 8723 203
7462 8375 252
8397 9250 247
7226 7415 208
612 1497 182
6562 7309 257
1432 2017 180
1206 1896 180
4641 5594 236
6613 7164 257
5275 5656 236
4526 5343 210
1912 2720 209
8914 9774 260
6176 6462 200
697 852 171
3567 4119 238
8573 8717 203
5847 6325 262
3958 3992 145
59 610 144
8484 9246 247
6612 6921 226
6542 7398 257
8459 8629 203
6698 7335 257
7958 8589 252
57 196 125
260 456 144
8237 8959 247
7332 7593 239
6086 6862 262
2149 2795 209
7919 8488 252
6515 7470 257
8508 8993 247
1427 1864 180
2119 2463 209
2739 3141 217
7320 8029 252
845 1506 182
989 1462 182
1300 1449 177
3729 3810 176
7043 7708 239
2050 2228 183
5956 6337 262
1331 1421 172
1824 2400 183
7182 7683 239
3130 4093 238
2941 3679 199
2713 3648 217
6650 7145 257
1748 2733 209
1705 1964 180
4045 4944 215
5451 6091 236
6791 6836 182
959 1702 182
6202 6428 200
4266 4901 215
8171 8748 234
5318 6302 262
5848 5933 187
3390 4071 238
1193 2014 180
7588 8385 252
5445 5648 236
3411 3854 238
7237 8082 252
3841 4377 202
7889 8672 252
1683 2176 180
3527 4126 238
4572 5108 210
8703 9210 247
916 1699 182
5435 6032 236
2926 3512 199
6761 7011 257
5316 5747 236
6702 7090 257
5913 6089 187
146 1015 179
4396 4525 184
8493 9163 247
6694 6853 182
2584 3478 217
7120 8103 252
5073 5960 236
896 1213 182
8557 8949 216
681 861 171
5072 5288 192
1333 1706 180
3977 4360 202
7815 8053 252
1556 1938 180
1856 2567 209
8108 8843 234
3139 3454 199
2517 2723 191
43 603 144
6238 6362 200
5266 6210 262
856 1620 182
1144 1899 182
5001 5063 179
2436 3282 217
8483 8533 203
936 1030 174
7444 8169 252
2169 2722 209
7536 7984 252
1784 2139 175
1277 2083 180
8303 9242 247
5756 6250 262
5920 6383 262
6509 6605 244
5388 6367 262
5377 5746 236
1835 2200 175
5382 5752 236
8478 8536 203
2093 2225 183
2383 2586 209
3222 3408 181
3593 3906 238
8575 8945 216
5431 5598 236
7326 7366 195
7699 8238 252
4083 4742 215
1133 1634 182
864 974 179
3013 3977 238
1080 1995 182
1674 2285 183
3172 3765 238
5382 6085 236
7594 8117 252
2831 3762 238
346 357 126
603 1295 182
5855 6821 262
857 1117 179
7797 8464 252
5292 6181 262
7231 7733 239
7527 7957 221
973 1193 182
8389 8533 203
444 868 171
2568 3338 217
5271 6044 236
5908 6000 187
6797 7525 257
2711 3065 217
218 539 144
1120 1942 182
3402 4010 238
7281 7923 239
7558 7788 221
8134 8437 234
7025 7296 195
1914 2311 183
8286 9115 247
1132 1459 182
8394 9039 247
6400 7372 257
5704 6623 262
5560 5976 236
6102 6244 262
7672 8408 252
2666 3185 217
6447 6547 200
7794 8432 252
5295 5398 192
5331 5954 236
173 475 144
2177 3018 217
5410 5496 192
419 1361 182
4248 5224 215
7268 8128 252
7534 7593 177
1986 2053 157
1531 2307 183
3448 4396 238
8463 8836 216
6022 6089 187
210 857 171
7668 8585 252
8197 8472 234
1019 1877 182
4386 4521 184
7484 7813 221
1686 1756 180
4366 4701 215
7797 8357 252
7582 7630 177
664 988 179
4482 4926 210
2713 2738 160
8423 9032 247
2072 2632 209
5115 5688 236
7290 7373 195
1841 2148 175
4813 5544 210
8914 9550 260
3081 3294 199
7022 7458 239
6384 6970 257
1701 1731 149
8079 8395 234
8542 9304 260
935 1478 182
7964 8053 190
6010 6310 262
2851 3168 217
864 940 179
4417 5186 210
8778 9508 260
8697 8915 216
3172 3762 238
1819 2144 175
7094 7614 239
8046 8833 234
5285 5519 192
6689 7290 257
4086 4332 202
7163 7703 239
4312 4584 215
5695 6402 262
1545 1574 154
6431 6565 200
4540 4804 197
4617 5582 236
2163 2492 209
8910 9714 260
6983 7721 239
8614 9038 247
4626 5218 210
559 1273 182
2465 3196 217
8331 9057 247
7534 7915 221
5626 6093 218
6678 7276 257
1198 2124 180
7894 8442 252
7658 8092 252
3533 4199 238
7754 7909 221
4618 5550 210
8057 8673 234
3451 3889 238
4708 5634 236
391 1345 182
6016 6222 262
6568 6874 244
3461 3472 150
5898 6446 262
7949 8638 252
8435 8437 84
8826 9301 260
4804 5181 210
1768 1832 162
7788 8093 252
2061 2153 170
5216 6097 236
3037 3942 238
8872 9322 260
4772 5471 210
7065 7238 195
6174 6260 187
7218 7404 208
738 1253 182
6750 7675 257
4721 5303 210
2890 3411 217
4518 4697 184
63 1026 179
4059 5054 215
3836 4353 202
5314 6169 236
1293 1437 177
5747 5813 205
1152 1797 182
7456 8452 252
6363 6734 244
3852 4499 215
2295 2824 209
5727 6721 262
7331 7399 208
3259 3990 238
3026 4009 238
5943 6483 262
2091 2298 183
4994 5910 236
1177 2148 180
3007 3478 199
3715 4300 202
663 1371 182
4329 4333 140
1111 1157 151
6805 6941 226
3304 3939 238
3607 4163 238
6172 6641 244
7507 8413 252
189 1103 179
5236 6048 236
7676 8213 252
4162 4853 215
1282 2023 180
8034 8312 190
4835 4963 210
7097 7196 195
1671 1762 180
4699 4940 210
4120 4301 202
4771 5302 210
8631 9376 260
4483 4629 184
7343 7404 208
3263 3379 181
1553 2548 209
1693 2177 180
883 1179 182
6954 7640 239
8220 8407 234
3480 4431 238
8820 8998 247
3609 4461 238
1032 1887 182
1301 2057 180
7839 8012 252
6630 6831 182
2477 3201 217
1304 1489 177
2133 2586 209
5380 5843 236
7121 7699 239
6968 7297 195
956 1427 182
7194 7807 239
1996 2677 209
7287 7962 239
6306 6622 244
3309 3435 181
4260 5231 215
6545 6750 244
7707 8225 252
7599 7714 177
346 1153 179
5059 5789 236
7525 8476 252
218 275 128
2568 3057 217
1679 1784 180
3191 3941 238
728 1048 179
7575 8559 252
7003 7643 239
6939 7812 257
249 718 171
2949 3298 199
2329 3018 217
5025 5158 179
5895 6707 262
3887 4340 202
4875 5424 210
6449 6533 200
2115 2398 183
6332 6673 244
569 1451 182
6721 7529 257
2738 3611 217
6338 6886 244
4234 4676 215
8080 9061 247
3506 4120 238
5331 5969 236
6740 7287 257
819 1275 182
3754 4463 215
5672 5922 218
1174 1189 151
1749 1963 175
169 425 144
4109 4496 215
5632 6629 262
8059 8102 190
4155 4845 215
6138 6222 262
6703 7064 257
900 1645 182
1304 2049 180
1100 1727 182
4615 4767 197
2762 3115 217
3651 4344 238
5026 5848 236
8583 8870 216
5139 5494 192
8910 9851 260
3544 3575 194
8105 8393 234
7967 8828 234
2057 2719 209
8677 9136 247
4380 4740 184
4025 4372 202
6890 7827 257
1755 1854 162
1098 1504 182
4931 5583 236
3951 4003 189
573 730 171
4760 5620 236
6342 7222 257
2988 3241 199
4270 5063 215
6544 6879 244
8409 9277 260
5372 6321 262
2416 3138 217
2721 2954 217
3464 3580 194
5621 6014 218
6172 6780 244
6762 7426 257
8494 9094 247
3062 3146 186
8303 8708 234
2807 3427 217
6548 7347 257
588 1486 182
1945 2060 175
2086 2329 183
6732 7015 257
6470 6481 169
5238 6090 236
645 1069 179
3857 4268 202
1950 2483 209
1013 1682 182
162 1144 179
4481 4744 184
6601 6978 257
5100 5164 179
3486 4141 238
260 479 144
7522 8326 252
2205 2692 209
586 1252 182
5094 5683 236
3140 3265 199
7328 7599 239
4090 4201 189
7077 7144 195
6271 6674 244
2780 3618 217
5624 5980 218
3711 4512 238
5100 5220 179
664 743 171
5514 5591 236
6713 6743 182
6180 7161 257
1674 2599 209
2910 3547 217
7876 7901 190
2156 2165 139
917 930 130
2447 2775 209
3286 3399 181
4112 4279 202
207 673 145
7380 8135 252
992 1597 182
756 1237 182
6121 6472 262
5631 5962 218
1308 1744 180
781 1029 179
6604 6616 138
6776 7705 257
822 1171 182
5742 5777 174
6178 6586 213
6760 7553 257
1963 2758 209
6611 7434 257
5664 6496 262
3113 3990 238
2528 2682 191
2365 3187 217
1138 1403 182
6538 6774 244
7834 8352 252
8481 8893 216
2091 2513 209
7948 8216 252
247 876 179
1678 2514 209
6935 7302 257
944 1501 182
4366 4656 215
8093 8218 190
6601 7260 257
7768 8028 252
3102 3812 238
5805 5824 143
3185 4121 238
6766 6792 182
4717 5157 210
4487 4820 197
6562 7043 257
6746 7082 257
2183 2789 209
1261 1758 180
4890 5040 210
3071 3908 238
3813 3948 189
4342 5253 215
1399 2066 180
7570 8230 252
1272 2226 183
2795 2849 173
1775 2059 175
6476 6817 244
3838 4058 189
1327 1616 172
8454 9430 260
5236 5397 192
7497 7643 208
4811 5716 236
2755 2817 173
673 1110 179
7074 7832 239
5009 5054 179
5152 5372 192
7028 7180 195
2011 2393 183
7907 7968 252
1386 2374 183
7303 8044 252
1404 2181 180
3651 3910 238
7702 8058 252
5551 6236 262
3411 3487 181
3645 4144 238
6273 6658 244
761 797 153
3387 4020 238
850 1416 182
3404 4188 238
2991 3367 199
5729 6707 262
6226 6408 200
1339 1527 172
366 538 142
1188 1194 102
6655 6722 182
931 1132 174
3119 3332 199
1598 1641 167
7533 7649 177
5136 5485 192
3220 3790 238
5145 5728 236
5089 5625 236
6002 6910 262
8017 8252 190
4035 4381 215
6874 7723 257
6801 7195 257
5143 5343 192
5311 5466 192
4907 5019 210
3033 3754 238
4638 4973 210
8844 9583 260
3502 3693 194
5521 6474 262
4504 5276 210
1874 2120 175
7243 7848 239
2729 2947 217
7635 8024 252
8533 8844 216
166 966 179
6806 7120 257
2353 2807 209
5134 6103 236
3415 3941 238
3314 3555 181
826 1631 182
8253 8915 234
5167 5936 236
2132 2886 209
3470 4323 238
7291 7490 239
8908 9116 247
5004 5356 192
4812 4846 166
7110 7295 195
7901 8266 252
4340 4876 215
5063 5732 236
2570 3305 217
2697 3594 217
4559 4613 171
3097 3754 238
1905 2600 209
2644 2677 147
5962 6631 262
5069 5572 236
4855 4901 179
8330 8668 234
552 857 171
8452 8863 216
6148 6704 262
608 1299 182
2665 3611 217
7990 8937 234
5230 6136 236
8145 8504 234
2237 2781 209
7657 8035 252
7534 8326 252
5206 5596 236
7415 8061 252
5780 5811 205
3282 3883 238
7185 7978 252
6281 7021 257
5549 5999 236
2021 2351 183
7973 8359 234
2909 3113 217
6948 7607 239
2707 3233 217
5957 6376 262
5365 5396 161
3140 3151 124
2945 3502 199
5426 6413 262
6649 7292 257
7685 8283 252
4345 4730 215
7818 8021 252
538 1482 182
5139 5910 236
4580 5077 210
4272 5172 215
5132 5323 192
6628 7140 257
5342 6268 262
6836 7677 257
2257 2335 183
2637 3120 217
3378 4332 238
617 805 171
4324 5161 215
5013 5555 205
2202 2728 209
4350 4399 215
2256 2708 209
2325 2420 165
1630 2308 183
2352 2703 209
5844 6748 262
8654 8942 216
3649 4441 238
924 1413 182
1525 1855 180
8133 8987 247
2705 2848 173
2958 3540 199
8052 8230 190
3725 4630 215
5858 6428 262
1021 1546 182
5592 6068 218
5 326 131
6969 7933 239
5066 5439 192
2419 3304 217
3030 3430 199
8240 8731 234
2974 3222 199
7594 7805 221
5668 6474 262
7885 8380 252
8327 8363 234
7678 8539 252
2248 2327 183
8154 8399 234
6705 6860 182
670 1243 182
3052 3924 238
3121 3972 238
8480 8587 203
3839 4446 215
8634 8749 203
519 913 179
874 1494 182
1746 2561 209
413 1073 179
6249 6412 200
4598 5283 210
5847 6834 262
6493 6650 244
4169 4887 215
3805 4755 215
4964 5454 192
506 684 145
5974 6743 262
7679 8106 252
8524 9314 260
6949 7125 195
6951 7205 195
8156 8998 247
8419 8991 247
3384 3465 181
2365 2914 209
7625 7734 177
2855 3735 238
1243 1361 177
3375 3655 194
8889 9127 247
2905 3497 217
7506 7967 252
3437 3841 238
3749 4189 189
7555 8334 252
33 113 119
3576 3690 163
8259 8711 234
1814 1940 175
2721 3493 217
1626 2275 183
6444 7005 257
6548 7397 257
5560 6388 262
764 860 153
3318 3566 181
5928 6113 187
6602 7354 257
2066 3012 217
355 487 142
6104 6613 262
6129 6237 262
5603 6439 262
705 1365 182
5061 5504 192
2677 3664 217
4854 4868 166
5223 5546 205
7808 8384 252
355 1048 179
7315 7883 239
269 331 144
8550 8902 216
1637 1976 180
5250 5309 192
2238 2611 209
8404 8437 203
64 606 144
7812 8555 252
3507 4335 238
7247 7582 239
4616 5596 236
6304 6368 200
2533 3095 217
2705 3510 217
7740 7754 177
614 1160 179
2293 2416 183
8934 9878 260
1781 2328 183
8974 9256 229
1595 2516 209
3468 3571 194
7442 7975 252
5481 5847 236
3183 3564 181
5160 6038 236
887 1287 182
2694 2709 160
7661 7945 221
3333 4251 238
6419 6609 244
5494 5570 236
1138 1203 182
6697 7173 257
1697 1717 149
991 1224 182
3081 3504 199
1977 2731 209
3767 4650 215
6528 6899 244
8214 8385 234
8803 9131 247
5236 6130 236
548 1134 179
7895 8407 252
4356 5182 215
4853 5524 210
8083 8151 190
335 606 142
2963 3660 199
482 1133 179
2349 2931 217
2467 3435 217
5168 5900 236
8810 8969 247
7238 7407 208
5467 5521 192
2182 2785 209
541 1082 179
8656 8780 216
3636 4031 238
1781 2589 209
7917 8118 252
8533 8684 172
701 1470 182
4337 4449 215
506 986 179
4826 5670 236
8039 8772 234
6233 6585 213
719 1100 179
933 1856 182
2516 2884 191
1945 2678 209
2871 3288 217
5548 6212 262
2643 3151 217
3024 3252 199
2248 2946 217
896 1074 174
8109 9038 247
7183 7421 208
8946 9632 260
8613 9171 247
4004 4364 202
893 1553 182
4376 4509 215
4963 5840 236
7993 8452 234
4003 4116 189
5537 6353 262
8370 8760 216
1935 2534 209
3797 4179 189
5035 5381 192
4157 4624 215
6952 7504 239
6814 7199 257
2379 2515 209
2914 2921 217
6331 6886 244
5160 6098 236
2659 3611 217
2655 3194 217
2087 2510 209
545 1534 182
4237 4368 202
860 1477 182
5365 5711 236
7381 8110 252
6376 6637 244
8599 9268 260
7934 8832 252
8256 9009 247
872 1571 182
4725 5605 236
3005 3133 186
2966 3610 199
5064 5696 236
4344 4538 215
306 843 171
2802 3150 217
7859 8475 252
4769 5516 210
2373 2688 209
8680 9036 247
8743 9413 260
1107 1846 182
2724 2858 173
8993 9946 260
8560 9161 247
4852 5641 236
2632 2633 54
2286 3149 217
1466 2431 183
8900 9290 260
5573 5867 218
369 536 142
421 474 129
5686 5907 218
5315 5704 236
8569 8863 216
1676 2333 183
768 1097 179
4094 4968 215
5021 5994 236
8534 9351 260
277 534 144
5719 5911 218
3918 4071 189
6219 6746 244
8956 8965 247
3550 4180 238
4254 4982 215
2491 2932 217
6763 7516 257
363 592 142
3948 4890 215
1065 1846 182
3465 4139 238
8530 8785 216
5840 6671 262
3415 3822 238
4288 4880 215
5706 5913 218
7320 7778 239
3025 3662 199
8773 9678 260
1658 2652 209
7572 8224 252
5050 5982 236
6009 6975 262
5724 5878 218
4477 4873 197
2701 3230 217
8973 9913 260
1484 1551 154
4353 4911 215
5987 6845 262
2061 2835 209
4874 5118 210
8674 9174 247
1714 2116 180
8528 9026 247
6531 6919 244
4547 4727 184
3521 4130 238
