16807 75249 340
50073 43658 314
8930 11272 268
27544 50878 324
77923 37709 351
64440 38165 340
84492 43042 351
7987 22503 279
82327 31729 351
78840 42612 351
44303 33169 324
17709 97157 351
29560 70933 340
93099 80278 333
51816 95335 351
99097 7826 351
13512 29267 308
23810 77633 351
80979 79149 320
36579 58821 340
11967 10672 268
1393 19336 279
25485 91745 351
25228 94091 351
40194 86357 351
35001 21153 311
16708 57944 340
15668 71490 340
88124 2196 351
9530 60903 340
27722 54666 340
28549 18024 308
97801 6853 351
40977 47408 314
8228 74933 340
60298 38981 340
28635 8013 308
23865 89814 351
39063 54536 340
39425 1669 324
24115 20094 282
75629 46501 340
46517 34195 324
30105 10404 308
19451 94298 351
82188 21123 351
99505 46882 351
6752 31566 308
36716 30337 324
54438 53144 322
51501 44897 314
83871 55828 351
11137 19358 279
53177 82397 351
22294 77904 351
21609 46231 324
59745 44175 340
53635 66298 335
98142 80399 333
27968 90412 351
260 73557 340
41594 88008 351
16395 25968 282
19113 4530 279
71006 10962 340
97942 85365 333
42082 79852 351
30767 33821 285
85695 24712 351
73671 59901 335
48590 24831 324
14738 53057 340
31616 19790 308
55640 10679 340
37335 77006 340
97972 36098 351
49095 75319 340
83454 45223 351
12289 56760 340
48905 86126 351
36123 29506 324
45813 76770 340
35238 29094 311
96220 87844 333
12366 40534 324
25226 15394 282
41363 18738 324
7844 59590 340
36550 45159 314
8623 64947 340
97385 7217 351
95272 55539 351
99247 42385 351
13496 94885 351
40623 82420 351
28144 31968 285
35735 99915 351
61625 63534 330
46042 96011 351
54679 24152 340
75244 77295 351
78818 90396 333
87692 1815 351
12991 40033 324
22669 19397 274
89553 10547 351
75825 21210 340
29662 30211 272
33808 73377 340
22761 625 279
37335 1868 324
77995 2776 351
62767 97439 351
29874 89331 351
40556 56301 340
68872 560 340
20094 18984 274
13755 39789 324
51407 28015 324
30193 22769 308
15680 3455 276
16855 67506 340
70963 33502 340
86676 63108 351
63249 2331 340
77844 87638 338
60808 39997 340
28651 54849 340
45203 95731 351
96531 98014 297
95419 36775 351
42009 30180 324
87929 95223 333
44054 88260 351
76737 91545 351
47317 37525 314
4200 34256 311
21564 60597 340
6648 37704 324
25550 25150 264
41976 1412 324
38554 82797 351
2504 48381 324
34748 7065 311
59378 47699 340
78209 25129 351
78553 65483 351
50447 64607 340
80773 45322 351
64305 55176 335
70053 27224 340
84630 80366 320
5400 60444 340
95370 70285 351
83016 93898 333
8155 41133 324
15557 96576 351
53178 58266 322
87357 21711 351
27878 20614 308
74819 95737 351
83133 20591 351
23720 48762 324
6633 76197 340
76031 38588 340
60589 54873 322
98877 37304 351
79358 61200 351
77254 68960 351
14915 93947 351
45480 7730 324
69955 74546 325
37107 41238 306
40000 84926 351
45035 74857 340
61113 50114 340
29593 1360 308
98354 68418 351
25357 42585 324
13729 21015 279
76563 6102 340
60917 86643 351
19419 62967 340
47747 45269 314
55395 23303 340
4473 19103 279
11748 24385 282
5658 63459 340
45406 73930 340
39824 85132 351
973 59603 340
46897 7920 324
3950 35231 311
88480 20203 351
13900 24520 282
62533 81258 351
17003 18676 279
20950 23934 282
58780 79879 351
41832 82574 351
33549 74542 340
6249 52771 340
66310 15879 340
983 69970 340
92040 82723 333
73650 2971 340
53229 90318 351
17746 10299 279
87230 85621 333
70776 50124 340
68244 76958 325
47696 66771 340
29064 91560 351
56598 18751 340
69940 64503 312
89551 92801 333
27205 15080 308
80418 59274 351
59649 40413 340
83320 19025 351
22012 1783 279
54788 24117 340
24008 81550 351
65324 19195 340
51257 24511 324
35690 38666 306
62410 60593 335
90553 9565 351
90960 28742 351
51403 54352 340
7307 56141 340
44910 13200 324
92799 43127 351
20171 57787 340
34414 31625 311
16641 19517 279
55348 1842 340
14315 15974 271
81445 11373 351
72220 39911 340
9239 45054 324
41305 56929 340
82253 54189 351
15166 4356 276
59304 59860 273
45898 5592 324
1720 66116 340
51580 98867 351
49352 26939 324
78698 94901 338
60811 16616 340
56891 48671 340
31728 26671 285
51661 77045 351
3120 20240 279
17158 99453 351
69627 85350 351
53711 35563 340
29594 7533 308
1727 7827 262
98795 19531 351
37442 51516 314
85006 78515 338
66924 42601 340
27097 68661 340
67103 34324 340
80108 44936 351
2281 17015 276
43710 63216 340
1905 75973 340
67781 82720 351
70791 81169 351
97865 15827 351
29536 16728 308
57125 20384 340
80167 89949 333
476 16046 276
21576 68666 340
77467 60520 351
27384 41991 324
25210 33258 308
28211 68744 340
19518 85718 351
21934 66825 340
80767 58689 351
49818 73014 340
11825 2918 268
58028 33029 340
78034 6727 351
51240 33754 324
86540 8396 351
90935 3083 351
48048 46865 314
87011 15252 351
53064 77876 351
17237 32675 308
70245 82710 351
70415 28192 340
24710 54747 340
63037 1299 340
68447 49715 340
41693 59579 340
67129 95164 351
33979 53501 340
95525 10289 351
74958 14033 340
11800 65089 340
87670 35217 351
80846 21038 351
9543 40338 324
85936 3321 351
97719 36496 351
91247 43788 351
28359 25987 308
45035 65235 340
83912 85684 320
45989 83784 351
63734 22667 340
519 72615 340
67045 65976 268
26661 65825 340
82819 71631 351
22903 72698 340
36798 92639 351
14004 9503 276
679 48765 324
7391 4107 262
64924 14365 340
57121 14454 340
77106 27450 351
51703 30832 324
71032 32141 340
61654 81977 351
42217 53900 340
57289 73465 335
84747 3622 351
89879 59317 351
1516 64048 340
82762 21029 351
49039 52708 340
5903 2657 238
10761 75752 340
61466 8621 340
44557 6996 324
26955 66930 340
21494 45555 324
92221 29312 351
2293 31427 308
42232 77444 351
34791 2198 311
49152 44856 314
73570 64303 325
27439 12914 308
35799 26766 324
91835 81921 333
46043 22752 324
74086 89719 351
39150 68410 340
18623 44669 324
9605 49943 324
37311 22431 324
77992 39816 351
38699 86971 351
80639 1370 351
25836 79891 351
82857 94833 333
83328 18177 351
74410 17683 340
85176 23489 351
72091 70434 325
84711 26904 351
91026 64891 351
10790 522 262
59364 6890 340
24884 16813 282
41441 7127 324
16179 85784 351
94537 29870 351
87561 32581 351
74165 45802 340
57732 67332 335
47854 59759 340
9847 72377 340
40462 79010 351
43819 98150 351
13377 941 276
43836 26720 324
32299 96112 351
34759 19956 311
74390 36152 340
30048 95014 351
59044 14918 340
40150 50101 314
41295 19821 324
95731 44501 351
28245 54961 340
46057 3510 324
93928 50805 351
62173 82137 351
9669 39096 324
4503 47421 324
18675 78518 351
24300 76489 340
40262 32054 324
68263 58643 335
24889 45250 324
76735 69415 325
31364 52494 324
50963 67758 340
85652 85092 289
57316 66714 335
61420 58060 335
7450 63368 340
78741 91847 338
99196 4787 351
2501 88234 351
93128 70571 351
77448 87875 338
17253 41871 324
69329 62293 330
33719 73471 340
38820 25764 324
81079 42630 351
94410 88080 333
66113 63342 330
98138 48382 351
46044 98828 351
98393 63575 351
980 9000 262
45596 5947 324
67370 66087 268
6543 52733 340
62852 90261 351
76824 54400 335
82380 70778 351
71857 73423 294
59498 67014 335
52845 61662 335
68509 26610 340
96849 9218 351
19290 75055 340
85743 18555 351
36385 6534 324
86275 77321 338
11151 21226 279
75251 94459 351
32783 16714 308
66437 37879 340
7698 14100 276
83137 94285 333
45878 18284 324
70342 64915 312
45960 63067 340
35140 10707 311
43566 20728 324
562 66363 340
41969 42890 288
12623 22278 279
17313 45761 324
27010 34840 311
76978 46000 340
7394 34507 311
87656 66551 351
61786 93431 351
54544 80739 351
8776 7584 252
74252 74108 263
75514 91454 351
95019 83028 333
66671 92370 351
56663 67947 335
84024 24543 351
16854 6008 276
14981 80552 351
86288 68163 351
8359 11019 268
55379 95356 351
19461 8487 279
8353 43899 324
85788 94244 333
69880 82466 351
38283 65274 340
236 18909 279
98567 21834 351
47939 69684 340
69651 89549 351
9266 47467 324
110 19589 279
86327 97773 333
25581 89295 351
7936 37874 324
45435 58231 340
66972 83028 351
19798 39070 324
74587 66297 325
69089 2646 340
29090 58111 340
66612 57463 335
72112 23781 340
51951 29230 324
3321 53213 340
55128 71950 335
28600 88959 351
49754 89992 351
55194 3330 340
48632 53559 340
58777 67779 335
18632 63272 340
86383 39081 351
37153 32622 324
98521 97956 266
9818 75591 340
66900 196 340
74120 62704 330
33599 7129 308
27144 59175 340
40870 18416 324
4599 47080 324
74618 64288 325
79452 48128 351
52800 87662 351
44840 79149 351
86385 66583 351
24515 30659 308
14878 45959 324
18561 68382 340
28048 84054 351
49440 51381 309
18770 2028 279
40251 67544 340
5869 17595 276
72469 22710 340
8172 5923 262
52125 56219 340
98850 61431 351
11243 47846 324
25869 66670 340
41394 94610 351
26392 31064 308
9524 59361 340
39519 93620 351
81562 71661 351
3725 79434 351
5949 22090 279
37322 86260 351
60093 59928 286
85122 16381 351
26366 66468 340
71023 12722 340
66639 63517 299
8793 69364 340
59178 61956 335
56771 88341 351
51355 60836 340
68489 79728 351
67120 74902 325
10312 39616 324
33347 53946 340
32851 2672 308
25811 46523 324
91736 82605 333
29607 80633 351
87866 91553 333
41412 97925 351
14040 59153 340
34257 21733 311
88295 88139 271
42251 61258 340
92694 94160 315
51138 49929 278
19875 4598 279
94292 25633 351
14562 43276 324
93236 90646 333
83873 29464 351
27484 42192 324
54119 33842 340
99328 78859 333
262 44145 324
5716 27127 308
92172 8748 351
44000 74370 340
61398 61292 242
89545 8928 351
12300 92143 351
52192 73563 340
14783 44272 324
69801 84009 351
46221 14486 324
24513 15769 282
32531 45357 324
45819 49486 314
46856 39816 314
64254 9754 340
49814 62615 340
66537 62966 330
47297 58877 340
25760 77412 351
80191 38231 351
54174 12463 340
14877 80324 351
94784 27833 351
6750 59527 340
44999 77429 351
99609 12144 351
55364 72451 335
32812 51979 324
24134 32407 308
93583 67600 351
14259 88310 351
753 15891 276
79321 73225 351
65253 13929 340
36096 30553 324
30661 84858 351
27491 22963 308
42920 40768 288
81687 16526 351
55472 35219 340
55641 38204 340
82951 88092 333
58445 81370 351
49474 41962 314
96176 25317 351
25826 58413 340
23344 62571 340
85979 51035 351
68129 57288 335
59848 978 340
5617 17723 279
47838 19508 324
88929 94926 333
29968 71806 340
25199 32255 308
59829 23276 340
3488 27896 308
2819 61864 340
91137 92416 333
80318 4491 351
80683 18398 351
91120 19748 351
89961 5651 351
11018 75977 340
79946 18661 351
31478 12228 308
25063 25235 264
71506 91308 351
78968 55679 351
4119 7323 262
49677 79392 351
78953 56978 351
51853 89295 351
8271 48475 324
40204 66962 340
28032 8819 308
83531 34035 351
9468 52468 324
52610 50234 340
67270 6778 340
6265 69045 340
43279 89075 351
75327 12687 340
25363 59037 340
75766 74534 325
3083 18675 279
26184 59555 340
44156 17399 324
63664 52093 340
57886 20633 340
44924 88047 351
194 71330 340
36767 25665 324
6910 31682 308
56805 96314 351
79652 76241 351
73585 37591 340
97806 64760 351
17960 912 279
10403 63430 340
1085 14200 276
48585 84467 351
30484 3988 308
55200 95686 351
80100 45495 351
28199 61102 340
4428 67183 340
93917 7136 351
87802 74489 351
56578 39725 340
20789 46722 324
60595 40605 340
42319 38691 306
20721 17774 274
98514 69862 351
75706 71283 325
34626 16419 311
23801 94330 351
97644 52375 351
23258 1462 279
3131 46736 324
60720 8308 340
61024 86947 351
80508 88411 333
19397 56000 340
78314 61896 351
33999 95645 351
92533 14962 351
80539 13754 351
58821 94286 351
76536 10 340
14662 78173 351
14493 6635 276
74988 84571 351
6838 4821 262
64891 98413 351
50560 89957 351
44092 58743 340
89775 32768 351
30413 415 308
16636 19891 279
23347 54369 340
54832 24134 340
28928 95143 351
40879 10906 324
39054 25807 324
32537 35203 311
4421 27447 308
51034 51949 309
19416 67759 340
81938 78550 338
35183 52186 324
81096 59685 351
70524 97922 351
60363 29181 340
73012 33251 340
72202 35495 340
61536 33454 340
2208 46980 324
8031 20830 279
32095 66714 340
13112 12136 263
29937 22009 308
15685 42919 324
84381 69610 351
99908 11609 351
99439 32867 351
96119 11266 351
74999 44520 340
74515 42577 340
59922 97142 351
3980 35881 324
26885 10030 308
56325 12436 340
46994 43945 314
52602 23233 340
28480 63456 340
92834 76517 351
98881 8781 351
33458 62805 340
74992 74160 325
48651 16201 324
8542 53944 340
49635 7555 324
21872 57443 340
47322 37013 314
78441 84781 338
85779 69518 351
47160 61729 340
64955 59082 335
29364 3032 308
19313 59195 340
34328 22504 311
19855 37711 324
3881 11610 268
99904 92551 328
77616 96761 338
48864 45405 314
32122 65113 340
4943 48636 324
85118 52994 351
52188 53743 340
17639 74502 340
70343 55070 335
36219 48212 314
3317 9932 262
27782 74097 340
47859 47073 314
35590 44819 324
44010 80911 351
53015 34978 340
28542 96045 351
48270 60562 340
3008 73983 340
31099 40709 324
38213 18550 324
42951 54665 340
3502 51617 324
14953 35299 311
17916 7584 279
11869 67442 340
23503 41515 324
74329 7257 340
13382 90264 351
9352 5154 262
32526 16027 308
78755 49259 351
2952 7386 262
67422 59129 335
43786 95549 351
41879 29198 324
78890 98603 333
14686 32443 308
68827 93585 351
198 88587 351
70817 34031 340
73476 67461 325
31563 50214 324
6383 86832 351
29722 25511 308
32791 82871 351
6142 64733 340
31553 78030 351
22380 78704 351
64915 98887 351
37110 66681 340
11558 48786 324
11433 4040 268
62659 21936 340
17562 76938 340
49754 54526 340
33526 29712 285
27595 98621 351
81177 10341 351
69158 83054 351
6020 77197 351
64727 32451 340
59462 10332 340
22937 804 279
46057 54405 340
907 99943 351
94258 56539 351
17343 83697 351
22281 32965 308
81457 75605 351
90117 68412 351
85624 90184 333
61459 20299 340
42216 14740 324
96851 87846 333
92922 76893 351
38615 58049 340
51361 93649 351
17231 57796 340
26123 50696 324
87444 95250 333
96238 72431 351
59359 15935 340
21265 77801 351
18387 32437 308
63948 15120 340
15424 23894 282
42775 27903 324
34989 16286 311
90845 34143 351
57257 16332 340
13261 85578 351
57104 84202 351
57031 78220 351
84686 78630 338
38643 62367 340
5648 3844 236
97317 29749 351
70125 41273 340
7863 45416 324
46680 15348 324
60979 50957 340
86814 52705 351
72189 33307 340
94905 74527 351
13614 83715 351
79308 98897 333
69449 97495 351
56029 9026 340
87866 84398 333
58985 46662 340
77518 98853 338
70579 16203 340
13383 10723 276
30559 53221 340
21174 79034 351
22675 40702 324
89436 63279 351
42915 94750 351
13013 88850 351
72492 2948 340
84083 82981 289
25847 43208 324
32706 10178 308
42306 58267 340
4114 33910 308
84470 27358 351
28617 24946 308
22304 77656 351
49663 33637 324
49898 91734 351
48656 68508 340
53012 59113 322
96280 76724 351
79104 84613 320
52073 39962 314
92979 64377 351
48269 91147 351
5631 19753 279
25633 38739 324
52520 51194 309
77597 89424 338
36871 84958 351
93320 88948 333
28018 37401 324
20517 6392 279
12613 23580 282
91356 87940 333
88594 3868 351
35670 82463 351
21649 65134 340
76425 39871 340
91891 85650 333
81217 30010 351
42654 16525 324
63901 5494 340
96392 98034 297
24970 92546 351
56187 36121 340
31565 83589 351
12971 54865 340
71160 12110 340
40775 28109 324
69694 23323 340
31534 18474 308
34414 55494 340
40423 46875 314
73077 21357 340
25627 5222 282
85574 90172 333
98839 24039 351
68183 54417 335
50530 33890 324
82606 94896 333
2012 85895 351
31938 17516 308
5321 69684 340
39227 95578 351
24460 61972 340
43487 43635 195
11581 50526 324
39194 62030 340
51295 69258 340
33419 82212 351
63443 92312 351
68706 26628 340
26593 63926 340
31226 82726 351
42733 72981 340
95296 29392 351
18061 59009 340
21377 96124 351
50522 14240 324
1052 17815 279
55180 71292 335
57151 6052 340
94973 24677 351
30417 47626 324
12465 26261 282
22739 20849 269
25007 17719 282
52430 10376 324
37825 93581 351
8327 18659 279
13497 1193 276
58225 64829 335
98822 51348 351
32553 60879 340
69468 56227 335
37424 76431 340
74277 76406 325
80500 21272 351
31601 53930 340
30698 99077 351
14549 27294 308
77127 23652 351
59 19577 279
54670 38151 340
7224 97084 351
5020 75015 340
5219 54177 340
38695 86895 351
25664 85600 351
95118 5117 351
13723 81617 351
43754 99568 351