1 10 20
100 200 125
201 210 89
900 1000 174
1 1 1
2 2 2
1 2 2
2 1 2
291188 931733 476
694459 638630 442
749751 238760 470
886106 762142 468
517246 642611 452
203388 491378 449
369474 521162 470
899808 515894 468
181906 384967 443
89477 457040 449
5247 595890 470
702862 958156 476
466119 22392 449
723141 665357 442
176213 703604 470
515031 981604 476
635338 723694 442
134439 899293 470
962453 20546 476
175640 479699 449
177361 379027 443
485281 546834 470
414393 899294 470
576933 596298 434
798465 666409 468
567543 803711 468
776504 270405 470
761868 242623 470
807000 999213 476
907979 497417 470
702817 423010 470
479022 338155 449
660909 127665 470
751652 623362 442
662414 927291 476
617266 353980 470
820522 102547 470
900813 234916 470
516045 991950 476
345418 314511 384
172565 427165 449
118222 949068 476
697569 394294 470
705895 504570 470
393507 613874 470
1987 96325 351
551088 995212 476
948683 211997 476
637082 700336 442
349564 299496 441
141832 481034 449
653475 962354 476
97785 68494 351
711474 613830 447
574648 571096 372
928340 261417 476
998261 560766 476
724689 210035 470
955060 430584 476
228809 348567 443
558662 745000 447
959095 109751 476
740212 907779 468
835951 891498 432
122320 699719 470
705199 778355 468
180753 872878 470
254914 278538 407
455576 966387 476
406572 30225 443
51689 334912 443
805845 49950 470
409882 530535 470
259984 364942 441
961118 488793 476
227714 519781 470
747997 701013 424
143736 2414 375
122997 493891 449
893912 245316 470
193611 599111 470
537876 888567 468
471989 792789 470
167105 441770 449
759177 87881 470
471994 325070 449
936996 277839 476
375019 346879 392
322578 149207 443
711820 283697 470
152204 453738 449
317682 900200 470
154752 975621 476
902614 277748 470
469512 796526 470
37269 663122 470
909841 575144 468
65895 896034 470
367933 232999 441
337804 641314 470
320880 324002 353
966383 257876 476
116046 855606 470
118959 438623 449
4814 344984 443
236524 671221 470
798721 68410 470
571422 467677 470
44031 988240 476
259630 513543 470
298971 296898 371
690869 208812 470
386246 756763 470
619050 268383 470
503967 471059 426
909697 339051 470
309265 390285 441
111131 939514 476
760096 230090 470
378138 279114 441
575073 128866 470
950334 887998 476
197276 35961 383
355676 755510 470
24201 615305 470
269053 323171 389
426407 474127 444
46187 812652 470
230890 179442 443
81035 249061 443
650500 504936 470
588111 473969 470
409426 213447 443
413484 169522 449
443536 305826 449
962839 532813 476
434691 913173 476
420811 146171 449
949134 290691 476
901681 487539 470
905995 684938 468
810710 846606 450
159065 371101 443
659258 389955 470
550542 254498 470
153220 715246 470
273638 741331 470
189216 683063 470
954777 116904 476
366789 912517 476
422729 329628 449
445330 857419 470
757006 380345 470
517795 220345 470
671036 419476 470
707883 91236 470
104414 32798 351
452047 263479 449
403899 625509 470
167638 468645 449
880006 320857 470
698096 667849 442
576392 401516 470
865116 45374 470
518419 231906 470
957890 941147 414
75738 917424 476
312771 346948 441
811974 830565 450
567292 997214 476
764245 789380 468
602654 868659 468
822177 54701 470
646342 740280 442
680210 813979 468
208926 74421 383
649040 907021 468
742269 739637 393
308537 607386 470
785010 341160 470
353496 257106 441
282307 943437 476
688734 109282 470
290386 500708 449
939847 371882 476
497922 218297 449
161262 614781 470
86956 983439 476
669481 247502 470
723719 349691 470
575685 446849 470
424112 224726 449
868074 680585 468
964362 690815 476
802175 263577 470
31975 155671 375
520682 828485 468
613313 723621 447
937767 903698 476
224329 391819 443
789784 236456 470
610115 951046 476
851236 211276 470
448690 520717 470
458777 686613 470
384613 34463 443
133463 322929 443
773392 1537 470
517718 251959 470
692352 319894 470
515535 238531 470
475564 550422 470
67017 88877 351
274043 4784 443
506779 12576 449
910806 296564 476
249031 520921 470
761814 614471 447
246401 210504 443
649393 705178 442
897116 34006 470
253845 544783 470
871138 27237 470
60525 388856 443
279195 267081 389
708749 308934 470
505611 698518 470
859355 572627 468
301599 133398 443
91615 808378 470
145974 2421 375
619146 909208 468
37547 895164 470
523680 283947 470
105668 173073 383
503329 516988 470
721282 757173 424
61772 592420 470
298614 636500 470
495480 577808 470
903580 204230 470
886742 409191 470
416952 260302 449
496023 718550 470
393700 587637 470
41133 53878 340
104263 660278 470
963085 656013 476
555442 970 470
454164 175314 449
174042 957493 476
692302 409528 470
228871 268278 443
1948 527485 470
904777 497428 470
619497 808357 468
215862 506239 449
731752 632813 442
766541 227775 470
351363 674445 470
329617 392496 441
728322 948083 476
566978 205612 470
604096 636625 447
206582 58260 383
326143 894827 470
529957 532649 346
304356 758828 470
800926 820507 450
800517 219908 470
832139 420014 470
542469 562205 452
440458 788426 470
195018 721203 470
16201 60586 340
909852 860021 432
967285 152379 476
808104 48468 470
357990 926404 476
199297 78776 383
498869 525440 470
487808 28826 449
58089 792163 470
301858 373220 441
126875 102375 354
107332 473219 449
36594 649801 470
35424 991255 476
438227 230442 449
712458 968631 476
805231 622310 468
828653 772516 468
774688 150962 470
335188 646882 470
591571 534485 452
725658 90440 470
59925 213466 383
633469 632217 354
519833 935327 476
5437 160912 383
551906 112769 470
634130 102704 470
276774 669554 470
93959 229205 386
414200 320621 449
197836 219431 386
457135 540693 470
506151 746027 470
205860 355543 443
392910 797430 470
890027 632772 468
402074 464156 449
360442 35543 443
610578 394479 470
485074 616014 470
555390 36981 470
242987 189521 443
653888 33965 470
373279 747847 470
263169 787478 470
582672 975209 476
521113 39808 470
515902 541468 439
785834 235966 470
897010 692948 468
33396 301243 443
325720 435469 449
279603 200366 443
985216 890180 476
594844 470290 470
20400 664439 470
507270 777590 470
368164 675363 470
811555 741442 468
423210 588928 470
43125 520086 470
564137 78442 470
559893 594244 434
134114 345728 443
830209 545328 468
552880 377810 470
846570 878600 432
327483 126174 443
593170 312699 470
530558 188015 470
782989 550957 468
852453 804463 450
328548 734821 470
479826 140103 449
476263 417240 444
729030 33592 470
937326 807372 476
112033 11424 354
401616 760350 470
871355 746029 468
305678 424236 449
123839 666453 470
302836 451322 449
306831 896005 470
278225 837388 470
598224 575418 434
388346 964881 476
379882 716893 470
699702 373912 470
371200 690169 470
305357 614434 470
723760 756887 424
421806 349997 449
768310 337626 470
110347 639666 470
83656 416025 449
63902 721698 470
82478 880941 470
687224 389308 470
291151 965449 476
740900 889375 468
540867 129246 470
368461 434953 449
360343 68164 443
272537 245747 407
628426 860181 468
996297 385313 476
796191 346294 470
153623 648022 470
970845 307493 476
245882 901074 470
371394 967579 476
983551 252335 476
654804 887063 468
57691 134458 354
627963 947065 476
189529 271414 443
829730 624482 468
631756 412098 470
947551 877503 476
684635 90182 470
251889 680932 470
989698 562284 476
541430 143321 470
210306 26480 383
450814 456187 369
927553 336412 476
937971 911104 445
102952 592775 470
312372 160642 443
727232 940335 476
621911 916760 476
211749 451641 449
55447 357709 443
863739 517202 468
749416 548374 447
121588 515509 470
743510 111286 470
77794 799144 470
254607 802303 470
825624 219625 470
772695 753177 468
556036 710666 447
178487 173192 347
817645 490858 470
333833 59082 443
945397 955743 414
490046 671350 470
407385 59698 443
29060 785328 470
576899 778475 468
333702 698487 470
293985 591416 470
323977 885982 470
390560 578583 470
202490 216184 373
312412 975184 476
969361 382653 476
200055 147848 383
555844 17700 470
152910 889677 470
590985 98308 470
359625 81032 443
769657 767009 468
140729 798716 470
552337 231832 470
91397 400243 443
444523 899585 470
991658 768500 476
299772 382219 441
861287 502261 470
112607 687904 470
477446 81968 449
70557 191705 383
744019 140605 470
723609 896929 468
544486 314594 470
509441 904111 470
909829 279098 470
671120 564762 447
592019 737662 447
796594 197620 470
652109 755321 442
97205 643768 470
38026 396976 443
540191 899313 468
899236 652797 468
101422 890886 470
248970 171978 443
82592 507193 449
826786 806200 450
918326 371273 476
634998 427767 470
275384 544828 470
221070 460708 449
109590 813088 470
712574 420388 470
10708 364684 443
689914 622116 429
522656 727939 452
533296 62847 470
141457 432532 449
229848 242878 443
837623 993021 476
929059 434419 476
500215 755846 470
754823 418541 470
127119 389821 443
360513 402502 436
448853 581582 470
377414 72648 443
394670 89989 443
493035 919581 476
454672 697153 470
55902 977327 476
425093 589197 470
554378 80754 470
21729 298430 443
323632 373556 441
291452 252691 407
807974 305871 470
522741 562797 452
238616 649859 470
466823 599128 470
566565 915675 476
180710 943979 476
988322 89584 476
548172 995562 476
523369 2844 470
692715 579270 447
494375 632012 470
168467 562957 470
712766 704400 411
375591 550602 470
77956 667042 470
803292 400135 470
487117 840238 470
477136 725733 470
490097 943958 476
324861 570867 470
373839 19776 443
29051 362161 443
109359 577222 470
357723 146933 443
580065 564643 421
726202 588644 447
196655 894669 470
151601 909420 470
113274 41396 354
974226 191229 476
708438 291724 470
105568 709759 470
131962 582704 470
435492 136263 449
40867 274558 443
707129 414705 470
294333 736179 470
291071 917895 476
313401 162998 443
64828 407670 443
727640 305235 470
996313 924295 458
714108 662118 442
347920 827381 470
703514 322147 470
532814 926156 476
613870 638382 447
150120 260036 443
735290 585612 447
396298 776156 470
374374 103428 443
705066 668706 442
353811 996136 476
100806 667212 470
159134 679838 470
589086 400979 470
985072 99605 476
325274 213385 443
275927 187398 443
40766 493645 449
23749 573579 470
934005 151823 476
211961 84126 383
411858 461455 444
669737 322361 470
237612 44111 443
425788 456882 400
227021 293803 443
453018 842030 470
475219 126356 449
521868 64306 470
527334 21145 470
163910 366812 443
234529 954040 476
68415 789498 470
447686 92163 449
363078 381691 423
758190 89243 470
465816 684252 470
550698 649757 447
6613 302514 443
693867 946604 476
759395 435092 470
240408 726617 470
277123 715626 470
367177 313195 441
294136 894511 470
848544 972249 476
775527 597277 468
926290 843941 476
386776 373976 423
450309 264058 449
269871 208499 443
353300 735687 470
406955 418202 449
385444 413568 449
720715 593516 447
874376 994314 476
28608 628988 470
235136 305730 407
344615 602313 470
133130 152955 375
11029 981673 476
125205 786555 470
578950 51495 470
630497 965725 476
939674 80806 476
229783 209545 386
803508 97288 470
459436 210463 449
515489 844880 468
138235 750409 470
952600 12612 476
258928 981207 476
155804 494064 449
801142 500418 470
610581 934271 476
167578 621609 470
430149 292782 449
922368 9099 476
858480 552865 468
489029 312359 449
147875 233016 443
521903 951382 476
844507 495544 470
676050 874201 468
854628 814284 450
624610 807228 468
341100 883537 470
788435 496904 470
891805 103782 470
511526 16591 449
552257 679103 447
638199 982405 476
486089 560568 470
505709 344569 449
627637 994737 476
656927 775512 468
741957 693035 424
241099 100670 443
702783 917148 476
974870 557411 476
245638 599480 470
364639 586737 470
997221 667278 476
597845 403232 470
771060 623576 468
419822 323317 449
302679 572226 470
305723 302973 340
646998 325636 470
161746 274635 443
834577 332878 470
564351 576534 421
25913 805450 470
677203 242900 470
722598 652073 442
800310 968235 476
765757 164949 470
69178 277184 443
346431 667022 470
680415 117491 470
290598 100237 443
955012 107482 476
186667 774939 470
410454 833664 470
100575 86404 341
108300 935151 476
419281 186855 449
25890 959397 476
992304 217298 476
202297 714903 470
869370 2607 470
197343 149333 383
681759 266520 470
426516 28191 449
447747 106931 449
659885 252549 470
721371 614897 447
874234 908038 432
904040 798892 450
255907 4615 443
885296 364206 470
453970 304577 449
65266 479860 449
263975 57570 443
697157 466271 470
286677 80732 443
983082 484020 476
744268 664841 442
264744 170784 443
207236 226695 386
791918 867121 468
479244 513290 470
996222 353478 476
935532 900263 476
152371 191439 383
419082 37667 449
69850 387257 443
342243 135115 443
867116 120422 470
192684 78478 383
586693 993565 476
673413 569775 447
477585 417682 444
748820 256533 470
588465 470261 470
483228 380384 449
337382 962471 476
407878 847808 470
830153 343410 470
262276 982523 476
49053 195563 383
534394 118902 470
582819 390842 470
254016 964139 476
511263 960904 476
42617 97956 351
954469 716029 476
181935 946258 476
133711 444960 449
202791 722176 470
915220 200223 476
616764 766806 442
676898 24642 470
614614 507052 470
882255 391095 470
3780 931307 476
586657 52379 470
564414 683680 447
443220 818429 470
647819 954482 476
293538 690435 470
566643 762211 447
920668 262782 476
222674 568584 470
707741 939669 476
804964 622961 468
139892 421728 449
389767 816790 470
960573 518586 476
838046 842828 388
423885 841825 470
288340 524746 470
894203 852753 432
208426 851627 470
185388 856244 470
806110 993129 476
60884 886957 470
755341 495756 470
149739 978014 476
64340 857480 470
917683 869303 476
994645 571780 476
805235 384413 470
388570 765808 470
417203 226616 449
122841 841087 470
582645 411181 470
365833 991053 476
263934 574258 470
842680 963525 476
944706 162995 476
956655 519794 476
49952 711996 470
529754 713895 452
204215 594094 470
571375 636103 447
977601 566020 476
207883 782837 470
464637 110657 449
548645 881839 468
851476 185691 470
722926 434121 470
596871 602963 403
939378 375009 476
691425 296264 470
852739 636131 468
459258 809394 470
670129 23415 470
35595 199884 383
737309 239809 470
308182 308684 309
390116 799987 470
388908 597998 470
582824 367750 470
222859 645674 470
249589 74335 443
831364 486720 470
22661 942439 476
603887 962038 476
831652 295313 470
258302 684391 470
931443 231765 476
493785 115778 449
255179 43584 443
829865 506692 470
797597 652251 468
329580 187713 443
452238 718487 470
299916 35063 443
86237 522774 470
194941 850030 470
597109 540509 452
850954 619769 468
482948 454841 444
96012 828804 470
750153 354314 470
513196 195802 470
100283 521185 470
825783 869665 419
564769 655648 447
376357 362366 392
307899 705936 470
64283 274341 443
938627 364198 476
823607 24865 470
886972 18548 470
389099 484081 449
559056 754257 447
103850 556208 470
209098 199861 373
899217 473456 470
68379 926617 476
183462 682865 470
447802 9245 449
552530 526775 452
664892 928886 476
403345 486995 449
634822 467628 470
275540 573450 470
831825 99148 470
112519 718797 470
117695 15822 354
717082 190956 470
770078 335136 470
261368 493380 449
49202 674789 470
966835 117580 476
601406 150297 470
314650 563413 470
673745 867179 468
90188 852841 470
310271 7738 443
339836 459297 449
475365 615376 470
546951 821394 468
228728 659469 470
54397 860626 470
189495 771478 470
51582 473777 449
106615 827154 470
967157 155816 476
501943 448197 444
787599 617554 468
112699 616453 470
180967 786443 470
483633 785358 470
639285 308108 470
793095 493325 470
767404 782664 468
622905 314356 470
604059 851632 468
488029 172660 449
712259 191729 470
458342 278045 449
665505 564956 447
619403 632662 385
234976 121347 443
80860 536780 470
738900 707762 424
667437 434071 470
494205 665274 470
219429 647694 470
973381 12525 476
141020 740786 470
795188 278129 470
569346 913451 476
129762 57375 354
86111 356225 443
249103 544453 470
634269 428813 470
623613 253673 470
61475 372794 443
889223 656538 468
423778 142328 449
364300 91215 443
576398 372710 470
756489 795826 468
20404 244075 443
322555 675627 470
984860 631948 476
953756 68411 476
545399 597722 452
639990 145715 470
953946 403297 476
204372 102420 383
832109 342189 470
870296 893584 432
714982 273724 470
64327 652964 470
416051 942831 476
258384 506653 449
829745 529077 468
816684 364353 470
773151 139239 470
39981 272217 443
771186 507941 470
340627 830790 470
105663 980616 476
976504 573813 476
383914 180876 443
190437 216023 373
523064 60734 470
623811 752251 442
334457 202343 443
919419 264713 476
145174 177803 383
771365 489123 470
706879 102254 470
853475 480031 470
241493 407660 441
266452 526883 470
915600 607078 476
357673 535467 470
587695 848381 468
623484 485813 470
29257 813921 470
701835 66526 470
874654 839851 432
332981 723315 470
42194 252400 443
988027 701571 476
944407 273598 476
190694 165491 365
375851 44169 443
645521 131548 470
451829 426177 400
172636 881633 470
33256 530308 470
417101 135155 449
378690 40585 443
620967 922150 476
368710 837006 470
502880 243364 449
676857 835860 468
480884 233255 449
602465 468911 470
934825 546872 476
256713 639723 470
712362 146769 470
683892 872088 468
792520 649925 468
298265 965155 476
45763 845724 470
495464 977067 476
980878 388358 476
531857 601845 452
310508 900566 470
438852 327593 449
658135 629913 429
163453 139019 383
863168 280122 470
122134 797993 470
341198 378847 441
437717 53561 449
39820 635813 470
439853 832339 470
799942 252322 470
311700 845704 470
98047 321368 443
336977 78925 443
709725 868833 468
194975 534437 470
769399 633826 468
376234 427534 449
263739 539687 470
566552 126907 470
334013 688686 470
439105 675211 470
581737 391026 470
242976 135761 443
26839 682828 470
482304 340985 449
449354 794003 470
700893 547400 447
115371 37870 354
140530 339300 443
906702 335504 470
387942 676102 470
969329 764175 476
617840 747272 442
818066 184393 470
388384 152080 443
387283 827488 470
341495 483224 449
218514 584470 470
618984 759556 442
267298 101288 443
614745 716651 447
409496 315638 441
778256 39071 470
353508 918785 476
892575 260210 470
254289 794721 470
