1 10 20
100 200 125
201 210 89
900 1000 174
8436 4144 262
5571 10164 262
7920 6939 257
14078 7032 276
3492 10135 262
4448 6371 262
2794 4811 238
5180 4085 215
13416 1345 276
10506 12200 268
4874 5164 210
8239 2971 262
444 3612 217
1995 7774 262
2241 5781 238
12894 12406 263
4050 4123 158
6391 8075 257
5910 5263 236
1019 6756 262
12378 7469 268
2543 11935 268
4366 7624 262
12642 12253 263
4732 3581 238
11673 11221 237
13734 1211 276
14392 8101 276
12538 5190 268
5706 3352 238
3988 302 238
6062 7738 262
11664 2993 268
9182 9668 260
171 5661 238
3324 6723 262
5718 12017 268
4316 9307 262
10229 6774 260
3656 6625 262
4058 5460 215
8948 3018 262
4440 11667 268
4095 6516 262
4647 6256 262
5538 1548 238
14356 12391 276
3288 8449 262
4002 4112 189
7882 9092 252
9121 5423 262
12310 1452 268
7273 8802 252
3259 2107 217
12691 1132 268
4388 10262 262
8404 8252 234
3470 4405 238
7639 11696 268
6744 11614 268
6390 8408 257
15110 7542 276
11221 1994 268
10386 5498 262
6171 7207 262
11696 2180 268
14029 7864 276
348 11325 268
7881 11071 268
13890 970 276
10556 8733 260
3689 4430 238
801 12012 268
3325 8977 262
374 10931 262
5367 4128 215
10204 3448 262
11755 9349 268
14155 761 276
7343 5262 262
4367 6528 262
14147 5931 276
11332 5430 268
9409 667 262
1385 10128 262
13539 960 276
8612 9749 260
3531 3596 194
3058 11829 268
4530 2674 238
4745 6152 236
2769 9880 262
5228 553 238
2469 10910 262
11530 12123 250
9699 12611 268
1171 4857 238
12984 4540 268
632 9831 262
13051 11581 263
6110 9475 262
12946 4526 268
9919 3264 262
11902 7352 268
4381 9639 262
6212 9791 260
10179 5698 262
632 3014 217
2458 1672 183
4648 1419 238
6309 1223 262
9058 10752 260
10202 3178 262
3427 1280 217
11966 11380 250
11965 12335 250
12827 6711 268
4388 10420 262
10784 11376 268
630 11705 268
10390 1234 262
3397 12366 268
1242 9663 262
7618 11208 268
11003 9488 268
13223 2198 268
5138 555 238
13728 2915 276
15097 9237 276
4311 9562 262
14634 2737 276
6492 12137 268
13525 7699 276
2573 10271 262
1117 1284 182
10344 12583 268
5327 5517 192
234 11972 268
15040 369 276
1954 6865 262
8355 4113 262
5623 12026 268
12643 723 268
10034 3520 262
8835 6018 262
10666 9303 255
4976 2975 238
3786 7251 262
5023 12141 268
11425 11048 237
1928 8921 262
486 5467 238
13855 12165 276
3462 9135 262
8427 2209 262
7276 6650 257
4068 2967 238
5067 4737 210
3630 7526 262
12747 7514 268
9708 11830 268
1197 2009 180
10307 5428 262
11101 10325 268
4333 10910 262
14707 500 276
12823 5361 268
1350 5724 238
4215 3164 238
12846 11490 263
2189 8089 262
8308 7511 252
756 10284 262
12920 9889 268
13829 874 276
4222 5303 215
12585 11718 263
10455 4287 262
13273 106 276
4359 5831 236
2836 2167 209
1432 1639 172
10524 4182 262
27 6654 262
3021 3195 199
246 5340 238
5947 2104 238
5998 1632 238
2887 984 209
6450 12197 268
10941 3326 262
5633 12496 268
3949 1188 238
12698 2671 268
10789 9926 255
14014 6095 276
1511 3386 217
8420 7055 252
3884 7899 262
10969 7163 260
4245 283 238
1617 8078 262
3177 6749 262
13391 10944 276
8592 7287 252
1804 1823 162
14090 2994 276
1000 6037 238
3309 5336 238
12746 4794 268
12666 2563 268
1045 9699 262
9627 3343 262
8298 8527 234
7195 7611 239
2068 781 182
9761 7362 260
9748 5009 262
9803 534 262
14057 11118 276
4995 12334 268
2747 10764 262
4576 5046 210
2885 9430 262
9564 1940 262
6589 4578 262
13261 8697 276
2369 551 183
14019 10955 276
2431 9140 262
7869 4708 262
13600 1264 276
3784 11480 268
6259 3404 262
2261 8467 262
2258 3044 217
6037 4957 236
6355 1822 262
6419 3869 262
5485 8657 262
12399 6266 268
14917 12058 276
10515 5344 262
8212 2408 262
14163 4579 276
13398 4384 276
2982 8398 262
82 8934 262
4731 766 238
4257 4096 202
14522 3118 276
3613 5301 238
10873 4041 262
7688 4056 262
6423 1783 262
7573 4376 262
5336 4494 210
14070 2070 276
14526 10429 276
12196 9871 268
4256 9881 262
4485 2641 238
9482 11329 268
12797 973 268
6960 589 262
9203 6647 257
14704 578 276
14366 7900 276
10275 7373 260
4941 9268 262
6816 6807 182
12592 5536 268
11406 4775 268
7654 1735 262
1443 752 182
4867 3336 238
8637 7040 252
11102 6692 268
10652 8642 260
3029 7747 262
9499 9143 260
9821 10965 255
5929 53 238
9737 4855 262
744 7717 262
11702 7667 268
11362 8998 268
10162 4385 262
3938 6331 262
5127 11527 268
8758 4911 262
11399 2974 268
14559 2789 276
9877 4584 262
6098 3194 238
4622 7776 262
2383 8415 262
1874 8255 262
13179 11129 263
4787 639 238
2332 9343 262
13081 10298 268
4368 784 238
12175 9802 268
3114 2439 217
7149 5219 262
5963 729 238
3555 9251 262
5209 7580 262
14879 5288 276
14494 5207 276
796 3601 217
13792 5711 276
6087 7999 262
5592 5208 236
654 10202 262
2674 2856 173
6376 678 262
1536 2463 209
9499 481 262
4090 10460 262
12558 11176 263
2006 3307 217
6635 4700 262
3424 2473 217
2704 4798 238
3094 11725 268
4531 2899 238
11011 2154 268
13840 8413 276
3254 1818 217
9520 9231 260
1438 8189 262
7639 5770 262
14820 11857 276
10794 2624 262
11685 9462 268
5756 8995 262
12362 6671 268
3124 57 217
102 11517 268
10844 11073 268
6252 5855 262
1416 11760 268
13003 2741 268
1696 12344 268
583 5003 238
7788 2748 262
3124 1923 217
4668 3099 238
3441 9647 262
9009 3928 262
10431 9062 260
5963 3695 238
10013 667 262
12048 10597 268
6530 4413 262
9622 9019 260
6261 5235 262
12109 2705 268
9644 5516 262
5004 2578 238
9216 9936 260
5334 4348 215
14889 988 276
9929 3994 262
12635 8806 268
3651 1567 217
13405 2207 276
8304 3663 262
2818 7258 262
5141 10554 262
13669 4193 276
12275 1687 268
12902 7111 268
14520 9878 276
7003 5428 262
8743 3528 262
4629 6231 262
5634 10707 262
13553 10278 276
5938 9248 262
15126 5014 276
10100 1574 262
11954 4837 268
6143 4172 236
2156 7461 262
8277 5582 262
4741 1442 238
8518 909 262
561 28 144
4860 1839 238
3627 1035 217
5287 10793 262
7322 4272 262
5957 5153 236
8702 3476 262
4460 5202 210
9526 7447 260
12920 7109 268
4210 8162 262
7596 8744 252
5936 9046 262
13638 5991 276
7510 11990 268
4836 7358 262
13803 6405 276
1485 7821 262
7185 49 262
6206 8702 257
5762 2982 238
4529 5404 210
5927 10897 262
5099 4319 215
6607 8537 257
8291 761 262
8754 6519 257
11562 2426 268
11235 315 268
14779 5879 276
10507 9060 260
8545 7949 252
4711 3696 238
2335 8874 262
7008 937 262
2688 7199 262
4067 5774 236
732 4672 238
9533 669 262
10979 3016 268
4405 7133 262
12713 8710 268
14758 5835 276
5582 4038 236
6711 6664 182
7305 6716 257
4664 391 238
2480 8427 262
251 9191 262
15015 415 276
13197 1758 268
8418 12118 268
8144 1678 262
7897 8879 252
1398 5674 238
11559 1271 268
12892 3874 268
447 9170 262
4288 1980 238
3532 10219 262
6977 1692 262
8802 1052 262
7730 3567 262
262 5907 238
11226 5423 268
10199 9120 260
7467 824 262
13848 10036 276
15100 4146 276
2396 10065 262
6214 6122 262
12844 7569 268
9431 4186 262
631 4637 238
5175 1074 238
10935 4291 262
4629 13 238
2844 8653 262
2604 10012 262
13431 4576 276
5911 5569 218
2853 3367 217
6158 952 238
4982 3246 238
5981 9266 262
12441 11562 263
12703 7265 268
7206 2884 262
10108 4506 262
1671 6321 262
3100 6734 262
6788 2217 262
8519 6124 262
14281 4675 276
9146 9763 260
5206 6009 236
2408 571 183
5668 10612 262
5899 10279 262
2575 8868 262
12261 445 268
14756 9873 276
1944 3811 238
1480 5185 238
5533 5038 192
13858 10404 276
10053 5023 262
3558 711 217
13450 6248 276
7711 4629 262
6353 11271 268
2073 4757 238
10239 291 262
8104 2021 262
21 5559 238
2968 3906 238
4585 608 238
15122 1626 276
8546 6891 257
1319 6272 262
1520 7430 262
11068 1578 268
1701 12541 268
4850 8210 262
9076 8620 247
9745 1875 262
7269 1952 262
8145 7549 252
7730 10232 260
5861 7680 262
673 12055 268
4196 11183 268
14333 8097 276
12789 8684 268
5651 276 238
8342 10660 260
1543 12025 268
1737 5291 238
13873 5509 276
4028 9616 262
10104 6805 260
4788 6648 262
904 8035 262
9749 884 262
7635 7522 177
3407 2289 217
12706 5453 268
40 9744 262
12309 11708 250
11971 411 268
10687 6536 260
5131 2066 238
8375 8009 234
14814 9539 276
7068 11412 268
10232 12290 268
11049 5816 268
4826 758 238
10993 11394 237
3831 639 238
1047 10283 262
9019 11939 268
13388 6071 276
11000 302 268
997 12598 268
2895 7870 262
5369 11511 268
8439 2439 262
13236 12029 263
14637 10959 276
14427 4250 276
6329 561 262
14717 9041 276
14328 4834 276
10609 448 262
7435 5910 262
2002 5822 238
6940 3904 262
13748 12459 276
8648 2455 262
10433 11567 268
10637 2519 262
3093 8029 262
7921 4944 262
3986 9699 262
4396 7856 262
2561 1852 209
6068 4714 236
12870 1598 268
6147 9206 262
7614 7558 177
3879 7990 262
7704 10097 260
11813 3981 268
2701 2603 191
9515 9704 198
10461 1775 262
4369 7867 262
5255 6946 262
715 7370 262
3685 2537 217
12910 836 268
12962 6292 268
316 4144 238
13113 384 268
3886 1571 238
5227 5682 236
9661 1495 262
5469 3280 238
9164 12604 268
1899 1879 175
7062 937 262
7277 5662 262
1488 10381 262
2757 6490 262
6938 3154 262
6721 11266 268
7399 11292 268
9331 12106 268
2502 350 209
2634 12142 268
9517 264 262
10509 6330 260
13089 1622 268
372 12461 268
4357 7863 262
8867 3882 262
4124 10655 262
9188 11520 268
12892 10185 268
12800 6114 268
2705 8159 262
1785 31 182
7467 1718 262
1543 9162 262
2534 4623 238
13453 1336 276
5620 1215 238
7735 8891 252
1801 495 182
13619 5784 276
11458 4749 268
2505 2169 209
10546 6382 260
8152 1729 262
3371 6824 262
13070 8760 268
1381 3950 238
14147 7868 276
11727 6557 268
10771 9262 255
11535 2896 268
7126 9148 252
3223 1750 217
4574 4260 215
11367 8561 268
8972 3029 262
8280 7190 252
12336 2795 268
12876 12563 263
6107 10005 262
16 4779 238
8034 10759 260
5194 9982 262
8082 6891 257
13733 5431 276
298 8826 262
10998 7454 268
505 4522 238
12395 7199 268
10005 5330 262
9775 4977 262
13845 2487 276
6780 3505 262
6924 12056 268
8573 626 262
8610 11434 268
8447 10920 260
14513 11750 276
244 12364 268
697 5813 238
3267 9941 262
11104 643 268
2447 436 183
9514 9397 198
258 11982 268
6288 637 262
4790 7888 262
12256 2630 268
4065 12567 268
9169 4842 262
5466 3497 238
12162 12070 250
9324 4343 262
1294 4363 238
11094 7198 268
13 4684 238
9884 5003 262
4618 2238 238
9742 11677 268
1916 9646 262
2514 12407 268
5988 1065 238
13520 1566 276
4802 9098 262
12731 4624 268
4436 2561 238
1463 8805 262
11373 2763 268
5867 8666 262
3661 2725 217
9413 7985 260
10690 8731 260
14532 2813 276
12443 11663 263
6566 12563 268
13509 1363 276
1454 3348 217
2276 9887 262
6033 5571 218
14640 11710 276
14654 3708 276
2313 630 183
6823 11889 268
8088 10065 260
3857 4053 189
8003 11405 268
9428 11213 268
3565 10328 262
5519 1765 238
11336 8392 268
13419 11931 276
5207 4330 215
202 11383 268
13861 2110 276
11116 7026 268
10332 6714 260
10750 10939 206
11491 690 268
8031 6922 257
1687 9771 262
12240 8075 268
7396 7931 239
6296 267 262
2624 4699 238
6193 1121 262
68 55 113
9203 9297 260
10792 874 262
11258 9252 268
12186 7114 268
14998 9674 276
12411 8138 268
2447 8665 262
14838 7678 276
10131 6795 260
7549 589 262
13438 947 276
13730 2967 276
4581 8557 262
1744 11745 268
10847 6003 262
8835 10002 260
9680 12621 268
10218 4574 262
11955 958 268
5495 9625 262
12515 12413 201
2145 4869 238
4134 9420 262
11031 8546 268
4150 4252 202
96 3681 217
2734 3853 238
14131 5230 276
13998 9302 276
9872 5209 262
6859 4381 262
12058 283 268
14262 3320 276
9330 3740 262
807 3852 238
14737 6019 276
10310 6613 260
13889 12526 276
10901 7378 260
12089 7386 268
12861 9259 268
11091 4498 268
13876 1722 276
139 917 179
15112 10016 276
10358 1135 262
5963 11777 268
5917 11685 268
13403 7048 276
11028 1694 268
12396 12114 263
10171 8388 260
5460 5673 236
6321 8000 257
5522 3208 238
10768 2600 262
11964 11687 250
12969 8227 268
7908 9511 260
4605 11468 268
8263 6601 257
245 9507 262
5682 4303 236
5790 10236 262
3857 12195 268
3492 2766 217
9333 11799 268
6474 5198 262
7328 6450 257
9764 3046 262
3536 2169 217
14449 4894 276
7046 10807 260
14040 1346 276
2419 326 183
11005 4877 268
10430 4816 262
8704 10910 260
15060 4598 276
9523 9271 198
3628 9814 262
8374 8291 234
11862 2549 268
5329 550 238
5887 6589 262
13613 9840 276
5091 8509 262
14287 376 276
10736 8098 260
7890 3051 262
1907 772 182
11584 2139 268
1282 5640 238
3469 1680 217
3749 5668 236
7696 2125 262
1666 10908 262
13438 10554 276
7843 1455 262
14885 5290 276
5413 10602 262
9826 5246 262
5472 4101 215
5663 4885 236
2926 8272 262
4684 5417 210
12378 765 268
13657 10371 276
6375 7382 257
2830 11933 268
5146 11264 268
6632 2980 262
8132 9830 260
1200 2811 209
11920 9329 268
7896 7493 221
14214 6568 276
9877 6408 260
9209 8480 247
4692 2081 238
3987 8962 262
2363 11408 268
11803 569 268
9725 10623 255
5312 3407 238
14968 10524 276
581 2568 209
4591 2607 238
13097 10231 268
15199 11092 276
5970 6508 262
3777 9784 262
9973 4237 262
3675 2974 199
6052 4896 236
1379 8957 262
2644 1864 209
5265 10424 262
11754 11216 237
7775 2838 262
11522 10664 268
5952 7090 262
5916 7262 262
2714 11741 268
4387 5096 210
12897 3154 268
9339 1096 262
5073 11381 268
4871 1112 238
1096 2277 183
7252 4538 262
5534 9240 262
2213 8215 262
10179 4414 262
7163 7454 239
2995 12335 268
3201 7034 262
10072 4743 262
2738 1663 209
5052 3502 238
8519 3564 262
10408 10187 242
12417 11971 263
12126 6549 268
4687 9931 262
11280 6829 268
10557 3564 262
4444 8050 262
3129 941 217
3909 7895 262
3491 1401 217
12686 9772 268
8048 8497 234
3637 2941 199
9851 8483 260
6441 8212 257
5641 726 238
12426 8857 268
8279 6315 257
6940 8201 257
4258 4635 215
6535 8566 257
1939 5754 238
7790 6488 257
2949 9759 262
12650 5281 268
9332 2443 262
9731 1073 262
3140 1365 217
6667 8935 257
11691 8674 268
8118 9442 260
5788 11491 268
601 346 142
3633 2482 217
30 4257 238
13588 2001 276
7713 5345 262
13258 8991 276
11275 12197 250
9949 5458 262
14952 2150 276
4228 3160 238
3399 8705 262
4497 8081 262
13037 10985 263
2262 9384 262
5974 11259 268
3221 6595 262
1290 1294 102
7683 7356 239
14648 8567 276
5656 8004 262
4946 8931 262
5174 5241 179
3204 6231 262
5268 4921 210
14194 8565 276
11462 1348 268
10573 1847 262
2314 7970 262
11729 1167 268
6161 6624 262
1054 12589 268
5063 7257 262
8657 7419 252
290 5377 238
13823 2044 276
9667 8305 260
10989 1066 268
3596 10635 262
11375 5818 268
2783 1385 209
13563 10546 276
7822 2391 262
11177 8497 268
68 2681 209
7914 1076 262
14766 1303 276
6145 1220 238
12584 1459 268
13474 5043 276
14848 11011 276
7974 7865 252
1513 3515 217
14792 5714 276
11711 6589 268
7903 12395 268
13361 3103 276
7993 10996 268
8976 2461 262
6832 9054 257
1618 4568 238
5163 10725 262
7363 6345 257
1364 1635 172
906 4718 238
4689 11980 268
11123 3950 268
257 10926 262
10174 7963 260
1366 8352 262
15171 11883 276
4777 5110 210
447 6260 262
3070 3431 199
12384 11990 263
7093 7081 120
