13 98 119
70 4 113
77 39 116
88 1 116
20 93 116
84 47 116
96 44 116
59 94 116
88 37 116
6 7 17
31 13 112
71 60 108
54 38 113
68 25 113
40 91 116
78 69 116
51 50 25
64 47 113
55 55 113
34 98 119
19 89 116
17 47 112
20 81 116
45 2 112
66 94 116
70 35 113
70 49 113
82 92 111
6 40 112
99 81 119
29 94 116
9 55 113
15 52 112
42 57 113
28 59 113
62 1 113
29 35 107
40 92 116
27 51 112
98 10 119
93 30 116
5 13 20
18 2 21
100 44 119
55 99 119
39 75 116
51 84 116
1 26 24
48 11 112
87 76 111
60 19 113
4 46 112
78 8 116
65 45 113
46 6 112
86 97 119
71 94 116
16 64 113
50 85 116
10 20 21
65 31 113
31 96 116
60 33 113
34 10 112
40 100 119
52 18 112
78 43 116
79 66 116
38 71 113
60 31 113
29 94 116
17 43 112
1 73 116
85 42 116
43 47 105
100 40 119
24 39 112
79 100 119
65 29 113
11 75 116
86 34 116
31 43 110
11 3 20
69 12 113
17 85 116
26 2 24
10 71 113
38 45 110
12 23 21
94 29 116
81 30 116
78 76 36
28 67 113
91 50 116
89 16 116
9 62 113
22 22 16
83 76 111
70 14 113
80 59 116
71 9 113
82 49 116
96 56 116
70 29 113
62 69 108
50 97 119
39 83 116
59 72 108
49 92 116
68 64 28
29 10 112
80 33 116
64 7 113
44 17 112
80 94 111
52 81 116
44 83 116
88 49 116
89 87 31
17 25 24
69 14 113
34 87 116
45 30 110
4 37 112
31 53 110
77 99 119
92 66 116
32 86 116
64 25 113
91 30 116
48 89 116
91 2 116
20 44 112
53 1 112
49 34 110
50 44 105
55 78 116
45 3 112
20 99 119
33 82 116
75 14 116
14 10 18
19 82 116
33 24 112
82 53 116
43 22 112
63 69 108
71 44 113
95 83 111
96 47 116
34 59 113
47 42 105
50 38 110
19 77 116
56 2 113
90 91 93
39 28 107
23 71 113
49 32 110
22 11 21
78 26 116
32 82 116
20 48 112
14 40 112
82 81 111
69 16 113
53 80 116
30 63 113
16 50 112
96 100 119
12 78 116
31 72 113
60 87 116
37 38 22
28 97 119
56 19 113
96 36 116
43 29 110
88 59 116
37 23 112
15 33 112
84 95 106
44 26 112
72 11 113
23 68 113
49 33 110
1 93 116
63 85 116
6 49 112
67 69 28
64 86 116
7 56 113
48 72 113
70 12 113
78 70 116
99 72 119
51 19 112
78 78 36
47 66 113
97 86 119
69 11 113
72 11 113
2 37 112
11 26 24
61 17 113
81 82 111
38 29 107
38 7 112
75 70 116
15 67 113
95 97 119
95 47 116
66 80 116
2 10 20
9 2 20
92 21 116
56 8 113
36 95 116
48 52 25
27 16 112
58 72 108
40 29 107
73 83 116
99 27 119
99 48 119
82 26 116
31 12 112
80 84 111
41 15 112
92 27 116
7 7 17
79 19 116
27 41 112
90 17 116
2 36 112
90 45 116
63 100 119
35 8 112
2 56 113
88 67 116
29 41 110
65 36 113
21 47 112
43 63 113
98 89 119
21 56 113
8 28 112
88 96 106
74 85 111
88 56 116
61 30 113
86 43 116
37 8 112
58 17 113
29 31 107
34 9 112
81 22 116
94 86 106
53 77 116
20 4 21
38 37 22
16 90 116
89 7 116
44 20 112
48 81 116
57 90 116
28 46 110
73 81 116
33 9 112
46 76 116
65 74 116
45 9 112
59 53 113
8 31 112
64 36 113
10 24 21
66 51 113
25 52 112
37 99 119
90 15 116
19 8 21
89 88 31
84 68 116
12 15 18
65 26 113
53 91 116
54 80 116
32 57 113
12 70 113
56 32 113
38 22 112
7 18 21
56 100 119
36 51 110
17 95 116
56 9 113
22 83 116
97 53 119
24 40 112
35 1 112
79 80 36
33 8 112
82 60 116
41 66 113
90 75 111
60 93 116
34 57 113
97 77 119
30 88 116
54 75 116
24 89 116
36 23 112
37 25 112
100 15 119
29 26 112
1 56 113
93 82 111
14 79 116
34 16 112
66 57 108
34 3 112
6 5 9
21 91 116
49 95 116
62 97 119
74 3 116
3 99 119
7 43 112
40 38 35
62 91 116
22 74 116
60 47 113
29 20 112
82 74 111
20 98 119
72 17 113
53 3 112
54 5 113
90 81 111
67 84 116
50 69 113
12 40 112
86 95 106
93 11 116
71 7 113
7 72 113
40 92 116
66 9 113
57 3 113
7 83 116
52 15 112
38 30 107
41 69 113
70 77 116
70 3 113
74 26 116
4 64 113
96 98 119
12 15 18
85 98 119
54 8 113
52 19 112
3 59 113
20 64 113
63 30 113
60 34 113
41 68 113
82 4 116
48 37 110
44 16 112
28 21 112
19 78 116
10 57 113
91 93 93
69 96 116
13 52 112
60 91 116
8 96 116
2 85 116
61 51 113
53 90 116
2 52 112
56 75 116
78 87 111
56 5 113
51 99 119
21 19 21
6 73 116
70 28 113
48 64 113
54 46 113
83 70 116
31 30 107
35 34 14
65 24 113
35 54 113
73 26 116
51 5 112
84 49 116
75 27 116
139 716 171
608 610 132
628 777 171
911 758 179
94 434 144
948 139 179
519 521 124
368 514 142
859 229 171
794 862 148
221 1 125
908 666 179
502 626 137
497 681 145
262 141 128
549 553 137
223 611 144
901 316 179
242 891 179
350 589 142
33 50 110
889 636 179
771 801 153
803 278 171
38 762 171
691 956 179
166 896 179
461 21 144
315 635 144
348 875 179
370 293 144
12 735 171
410 276 144
172 610 144
230 380 144
250 874 179
770 577 171
953 85 179
567 573 106
534 61 144
169 108 122
289 903 179
831 978 179
134 833 171
914 348 179
826 512 171
766 460 171
507 235 144
775 819 153
489 640 142
357 554 142
624 393 142
239 353 144
895 811 179
566 707 171
131 290 128
560 676 145
469 292 144
21 305 128
490 793 171
942 858 179
353 787 171
217 390 144
447 48 144
769 107 171
78 73 116
347 855 171
788 647 171
203 825 171
704 537 171
164 86 122
751 100 171
279 824 171
517 959 179
283 369 144
983 721 179
227 896 179
772 842 153
301 278 118
748 83 171
646 504 137
345 730 171
675 417 145
634 710 171
570 483 142
271 532 144
599 337 142
62 708 171
666 20 145
948 419 179
462 728 171
807 245 171
381 979 179
456 294 144
310 217 128
958 830 179
385 527 142
749 559 171
817 994 179
246 76 128
312 955 179
440 448 116
32 169 122
324 551 144
373 635 142
470 37 144
521 889 179
31 153 122
791 141 171
31 910 179
225 180 120
984 230 179
5 683 145
6 91 116
386 311 144
979 964 143
816 965 179
183 328 144
102 747 171
812 218 171
405 689 145
471 865 171
913 672 179
971 2 179
847 741 153
351 452 134
394 641 142
600 720 171
568 880 179
673 315 145
202 436 144
126 986 179
552 438 142
673 73 145
794 81 171
971 127 179
644 795 171
100 178 125
513 656 145
710 930 179
384 268 144
660 333 145
772 501 171
712 527 171
909 131 179
937 843 179
772 213 171
43 858 171
811 290 171
496 830 171
899 816 179
909 188 179
143 364 144
280 613 144
934 751 179
589 87 144
294 456 144
240 212 128
572 828 171
412 743 171
528 824 171
146 606 144
244 726 171
214 760 171
61 843 171
291 973 179
435 860 171
694 268 145
771 888 179
208 237 128
387 311 144
356 964 179
725 637 171
265 854 171
693 898 179
626 108 144
397 121 144
841 681 171
175 523 144
186 337 144
730 696 171
571 520 137
190 225 120
329 756 171
42 948 179
726 815 153
53 677 145
527 989 179
849 94 171
530 231 144
523 227 144
53 810 171
31 100 119
576 231 144
361 816 171
924 456 179
950 554 179
462 739 171
705 67 171
252 398 144
721 604 171
704 231 171
648 797 171
762 31 171
502 671 145
575 419 142
748 139 171
952 997 143
372 13 144
14 918 179
541 552 137
200 736 171
789 823 135
87 788 171
304 821 171
25 303 128
957 794 179
177 121 125
903 27 179
208 748 171
944 909 174
157 741 171
873 861 179
872 658 179
687 415 145
812 384 171
520 297 144
810 119 171
979 811 179
506 636 137
926 893 130
149 92 122
592 421 142
790 648 171
838 539 171
342 673 145
123 659 145
751 985 179
713 383 171
32 564 144
932 406 179
127 81 119
749 37 171
438 329 134
485 32 144
612 42 144
951 254 179
419 856 171
200 262 128
58 561 144
818 809 135
944 435 179
412 765 171
761 589 171
581 75 144
726 527 171
79 863 171
508 878 179
793 322 171
495 376 142
381 549 142
976 744 179
992 75 179
345 455 134
991 211 179
281 911 179
767 105 171
514 189 144
621 168 144
888 187 179
396 319 144
244 479 144
660 725 171
519 427 142
384 746 171
682 185 145
760 227 171
546 355 142
805 329 171
169 141 117
563 711 171
575 648 132
392 239 144
120 123 96
11 184 125
830 768 153
952 5 179
527 160 144
519 93 144
338 300 144
228 122 125
763 273 171
2 560 144
54 479 144
521 181 144
360 110 144
407 271 144
609 165 144
810 262 171
389 705 171
818 911 179
745 615 171
285 98 128
411 166 144
837 730 153
331 956 179
652 814 171
398 715 171
15 296 128
921 687 179
224 825 171
186 567 144
254 646 144
993 845 179
768 892 179
286 596 144
238 596 144
813 853 135
32 554 144
876 774 179
360 560 142
237 1000 179
226 698 145
502 283 144
308 270 118
814 208 171
624 346 142
866 402 171
950 281 179
438 674 145
902 411 179
327 526 144
764 688 171
780 894 179
812 761 153
781 178 171
557 628 132
684 451 145
810 586 171
240 941 179
563 814 171
465 61 144
418 908 179
166 349 144
746 475 171
425 137 144
202 712 171
228 325 131
678 457 145
972 837 179
150 987 179
547 880 179
624 809 171
677 418 145
417 514 142
729 677 171
697 956 179
87 891 179
525 443 142
912 915 130
69 456 144
24 317 131
77 168 122
752 556 171
721 186 171
752 607 171
346 996 179
378 763 171
469 171 144
699 729 171
427 717 171
426 455 116
643 606 132
986 966 143
290 122 128
493 256 144
533 885 179
630 971 179
238 581 144
232 119 128
42 88 116
325 800 171
603 728 171
486 967 179
145 255 128
146 611 144
35 361 144
650 816 171
979 709 179
896 282 179
568 583 119
40 200 125
357 205 144
359 223 144
222 268 128
936 410 179
779 342 171
822 83 171
981 330 179
451 233 144
6014 6833 262
3430 4445 238
869 3192 217
6659 2339 262
3167 8975 262
8501 4946 262
9425 8749 260
4591 5431 210
1217 4429 238
4448 2413 238
6740 2089 262
5924 977 238
5234 3905 215
2135 677 182
4198 776 238
5876 2611 238
4961 9644 262
7596 2043 262
7262 3472 262
3218 5883 238
7217 8935 252
5508 91 238
9305 8111 260
340 418 134
3732 232 238
468 4792 238
6146 2032 238
1935 1256 180
5665 6556 262
6740 2257 262
5895 2420 238
3294 8539 262
8335 6428 257
1775 9873 262
1098 9659 262
5083 7582 262
8263 5146 262
3440 5640 238
7405 6554 257
3652 7204 262
7972 7314 252
6551 8148 257
7300 8100 252
4119 7748 262
3030 1435 217
4562 6941 262
4822 740 238
1605 3331 217
5338 5 238
7747 8290 252
1372 4430 238
2370 7648 262
5027 1323 238
2976 9550 262
2624 7043 262
2387 3536 217
8836 4128 262
7965 391 262
8511 3035 262
8846 2216 262
1587 691 182
8771 7579 252
7719 7418 239
7229 4225 262
3399 7821 262
3933 6530 262
3977 7213 262
3035 4131 238
2731 8910 262
8773 3441 262
1383 5980 238
6516 5324 262
6216 1573 262
2811 4467 238
2743 9000 262
73 8328 262
3262 2023 217
6686 2895 262
8221 3019 262
3865 1064 238
7691 533 262
304 9303 262
1252 1884 180
345 3836 238
1249 4584 238
9429 164 262
2070 9066 262
7821 4556 262
9684 4358 262
5124 3021 238
6671 510 262
7675 6024 262
1465 7468 262
4004 6286 262
3069 491 217
5247 9773 262
8328 4371 262
7024 3139 262
4242 9503 262
113 128 109
9115 1245 262
3219 5708 238
1168 1361 177
3168 66 217
7308 7030 195
5580 2904 238
651 1554 182
7274 4380 262
2618 1429 209
8331 3644 262
4682 2718 238
5089 7010 262
4372 4474 215
6193 6346 200
9478 8042 260
5863 18 238
7067 9295 260
9443 2797 262
3145 4325 238
7410 1475 262
4884 1913 238
4072 7721 262
5888 5081 236
4312 7496 262
2596 470 209
3798 3661 238
41 2552 209
4867 8781 262
97 111 119
840 1426 182
1989 9857 262
9166 2486 262
8391 7893 252
7194 5306 262
9318 2346 262
1494 1636 167
5520 8884 262
3530 2932 199
7106 1269 262
9754 5361 262
3706 3300 207
2265 4452 238
2286 9597 262
5019 224 238
9829 1829 262
5256 8381 262
6611 615 262
2508 8096 262
562 5408 238
4443 5192 210
6699 836 262
5858 8344 262
3412 3531 181
5625 5468 236
532 1691 182
980 2074 182
114 882 179
8329 6310 257
2268 7713 262
5851 2193 238
8691 1424 262
2581 6847 262
6466 2450 262
1779 3364 217
5568 2694 238
5370 6587 262
7707 2998 262
4312 8339 262
6085 8912 262
406 5782 238
8331 8607 234
8762 2822 262
5679 5541 236
8200 9830 260
2823 215 209
8233 8883 234
2862 4661 238
4548 9118 262
2329 9380 262
4136 7367 262
9652 8266 260
8956 7942 252
7163 5334 262
6989 1513 262
1765 7465 262
663 8054 262
2938 7573 262
383 8219 262
8485 8560 203
2396 3002 217
3940 133 238
1286 4138 238
7516 9639 260
7783 1980 262
1034 5203 238
8191 3099 262
5380 8993 262
3923 5806 236
3790 8166 262
8245 1870 262
