993 9320 262
2467 318 209
2785 2184 209
4621 8272 262
449 1164 182
4494 4654 184
8977 794 262
5154 8565 262
2877 2996 217
9779 9214 260
5678 2867 238
5100 748 238
2540 208 209
1375 3570 217
4065 6750 262
8145 4142 262
7673 9976 260
9475 4742 262
2246 579 183
2236 5758 238
9104 1055 262
4146 7554 262
2137 3135 217
9016 2774 262
734 4339 238
6913 1192 262
3225 254 217
1411 8687 262
2979 3641 199
5830 8962 262
7608 5251 262
4811 9111 262
2003 6691 262
330 6758 262
3144 5100 238
5827 4842 236
240 4027 238
9030 4004 262
4559 2336 238
527 6651 262
5585 8823 262
2185 4308 238
1299 2834 209
3091 3289 199
5535 5189 192
7967 2473 262
3695 4429 238
4519 6733 262
3250 9373 262
2427 4786 238
380 487 142
8117 6088 262
4839 2324 238
7166 7302 195
856 7552 262
6457 215 262
3517 6309 262
4652 6213 262
4818 2274 238
4288 7712 262
7186 4279 262
7566 1579 262
8394 1840 262
7881 5988 262
7514 5900 262
3706 2238 217
2805 6088 238
7670 8669 252
9176 1437 262
4317 4877 215
4471 7075 262
5787 8239 262
5763 4320 236
3745 9760 262
3560 2386 217
1694 9800 262
9442 4420 262
9526 6012 262
575 8816 262
4645 7489 262
3360 9473 262
8205 9390 260
8297 5524 262
6218 1596 262
6552 6731 244
1719 4845 238
5090 6557 262
1786 7397 262
6281 2750 262
1578 9258 262
8889 9382 260
209 1044 179
9730 6560 260
1564 6400 262
2336 1633 183
2719 7815 262
2182 9587 262
8837 6838 257
410 1166 182
4597 6874 262
5561 4466 210
1905 361 182
1195 1218 164
4504 2368 238
6849 1872 262
5307 6517 262
6619 4210 262
8253 6616 257
2950 462 217
915 3371 217
3747 1096 238
3243 5722 238
2434 8276 262
4648 2233 238
3853 1737 238
5467 4506 210
4033 6213 262
5390 5479 192
6087 3863 236
1867 4961 238
7634 2237 262
7561 4614 262
4192 7162 262
3350 873 217
5955 2275 238
2000 1905 175
3706 2487 217
2333 415 183
5880 7961 262
9066 9293 260
9654 5547 262
4640 9424 262
3156 5097 238
5587 5962 218
8106 2159 262
4949 3151 238
9997 5159 262
6904 6721 182
7534 8083 252
3712 5690 236
9484 2947 262
8502 3317 262
4169 5828 236
3337 6970 262
5818 8358 262
9790 4676 262
9272 6023 262
9193 2161 262
9972 8129 260
932 7141 262
4312 1853 238
6188 8539 257
2072 3203 217
9083 8314 247
2343 5200 238
9279 3455 262
4917 8242 262
58 6141 238
9558 8258 260
3059 9229 262
2878 1326 209
9689 6324 260
6521 5586 262
6888 4144 262
1015 8482 262
5108 8622 262
8372 2903 262
1906 1019 182
2806 2212 209
1142 7972 262
1279 9684 262
5927 1005 238
5651 1363 238
7951 1931 262
4115 4021 158
4847 111 238
3591 3846 238
1215 6831 262
7483 6286 257
1570 4850 238
5248 3040 238
3672 359 217
9203 2353 262
477 3634 217
7003 6032 262
8078 613 262
188 9526 262
4668 6456 262
1528 6362 262
2586 1732 209
7157 1985 262
4833 1825 238
3834 9873 262
4530 5578 236
4723 8913 262
7035 2762 262
724 4351 238
7955 4901 262
169 5661 238
3855 2053 238
8028 8312 190
8583 9440 260
5744 5735 174
2131 1442 180
5195 3213 238
4686 9356 262
1808 9002 262
8557 6345 257
7882 2084 262
7273 6841 257
3012 622 217
5111 9948 262
1621 2450 183
9705 4524 262
7146 3840 262
6638 9527 260
8668 4179 262
7236 7496 239
8368 6796 257
4270 4497 215
3261 6366 262
9904 8968 260
7848 6213 257
8039 5915 262
2203 8035 262
9910 6656 260
6644 9145 257
7627 1389 262
7113 4734 262
9487 8176 260
1866 1743 180
2013 8349 262
2367 3571 217
8362 8883 216
3984 6394 262
418 777 171
3043 2273 217
1748 9354 262
3584 3077 199
7475 4489 262
4865 4322 215
7325 4723 262
3797 5654 236
7177 4272 262
612 1110 179
5001 1557 238
5756 4045 236
2655 2330 209
6393 4445 262
7148 2275 262
7268 7619 239
1507 7389 262
5058 6748 262
5341 6278 262
1837 8813 262
7493 4761 262
9809 2452 262
4931 4118 215
9660 9609 167
5430 1098 238
5432 7200 262
1146 5935 238
7301 1437 262
2042 7410 262
7007 4948 262
8095 5997 262
1983 4925 238
4038 9665 262
6494 4929 262
7487 578 262
1299 5219 238
6274 2591 262
253 7309 262
4780 6172 262
7549 9430 260
1047 990 156
4363 5645 236
5543 4002 215
6377 2629 262
5297 1658 238
1284 861 182
598 9861 262
7398 8091 252
1869 4794 238
8681 4740 262
9455 2449 262
2950 2426 217
1932 6894 262
620 4499 238
9851 331 262
7020 9874 260
8910 3872 262
9424 4404 262
2276 7858 262
2796 6681 262
3159 1509 217
2700 2012 209
4566 8559 262
845 161 171
1998 3819 238
1897 9307 262
4305 663 238
8074 6855 257
3528 6938 262
5823 9464 262
9156 5525 262
8092 2399 262
7904 6501 257
3643 5975 238
19 3218 217
3841 8315 262
9138 4568 262
3244 8549 262
594 4655 238
8120 9411 260
5323 2633 238
7681 968 262
1400 3383 217
642 3052 217
7114 6984 195
3548 9137 262
4669 2064 238
8818 5891 262
4722 7713 262
9377 4555 262
5691 3992 236
1421 9105 262
7077 8902 252
4007 3483 238
863 297 171
7323 2454 262
586 6871 262
501 4383 238
2761 7559 262
7523 431 262
6631 91 262
374 8881 262
7303 4094 262
7202 3073 262
2438 5526 238
9589 3059 262
6254 6598 244
8084 3389 262
8260 4051 262
5953 4018 236
5665 8529 262
1609 5836 238
2349 1337 183
2218 6645 262
8487 1673 262
8465 9427 260
4433 2920 238
753 1149 179
4728 692 238
112 2814 209
7010 4410 262
4731 6436 262
4976 193 238
1018 5477 238
1635 6900 262
9854 4816 262
4299 1562 238
1479 8907 262
5802 8612 262
2371 7294 262
1190 3554 217
1328 3371 217
4910 4290 215
8082 9433 260
3636 358 217
6415 3532 262
7593 3457 262
824 2962 217
3142 5694 238
8435 2652 262
9926 204 262
2067 9911 262
5121 5946 236
7049 7878 239
7363 5963 262
6676 9118 257
6796 9654 260
3315 7086 262
8544 7438 252
5915 3928 236
190 4136 238
5477 7904 262
8430 3774 262
7599 6289 257
2692 8943 262
3938 5686 236
9809 7616 260
3123 220 217
904 7267 262
7155 1153 262
7646 7795 221
401 6968 262
8938 2089 262
3936 2125 238
957 4142 238
3987 607 238
6827 8366 257
2452 6911 262
3751 5973 236
6084 1956 238
8781 9849 260
8812 6104 262
2568 2435 209
6498 6178 200
5236 6475 262
8312 3024 262
5629 6271 262
1839 65 182
9735 8095 260
4777 7805 262
4151 793 238
4363 242 238
5342 7132 262
3537 8828 262
4918 8635 262
9899 6415 260
1381 1200 177
405 3652 217
9631 970 262
2213 2062 170
584 3844 238
9693 5112 262
9782 5843 262
6065 3261 238
9557 7244 260
1010 5235 238
980 4560 238
1465 2724 209
4572 2454 238
7199 2971 262
6257 9571 260
4105 7816 262
577 6152 238
2081 9712 262
4938 4215 215
6015 7588 262
7272 9971 260
8902 7115 252
7564 3124 262
9739 2735 262
6824 8372 257
3489 2657 217
8166 2329 262
6816 5674 262
3417 3231 181
6996 1088 262
4891 3601 238
2353 9297 262
2661 5396 238
5619 8078 262
2317 3201 217
8804 119 262
8841 6300 257
935 7887 262
8355 2421 262
7954 2412 262
6805 8731 257
552 973 179
7955 7032 239
4948 1304 238
8455 173 262
498 3631 217
72 3946 238
6183 9454 260
8036 298 262
3425 2628 217
508 4409 238
2584 4028 238
8191 5379 262
1588 2295 183
4766 4043 215
4008 3863 189
8671 8388 203
3261 7866 262
5614 7680 262
9449 1089 262
557 9474 262
7102 7196 195
3947 7426 262
9791 3557 262
6403 3821 262
7645 3301 262
8603 8997 247
9360 5511 262
1997 4300 238
4176 1111 238
9011 9081 185
6644 709 262
9675 5909 262
1281 8588 262
3802 8565 262
2868 4106 238
5133 5188 179
6412 3196 262
6282 6107 262
2478 8280 262
1861 5664 238
8283 726 262
9263 6553 260
4799 1595 238
5912 5979 187
576 2099 182
1557 3315 217
7495 2730 262
285 224 128
6667 3336 262
3613 396 217
1352 1543 172
4219 5749 236
2799 3234 217
2376 8044 262
1975 6251 262
8943 9784 260
9041 105 262
6810 9944 260
6601 8253 257
6147 6452 262
9224 6959 252
1064 7598 262
1415 9066 262
9272 8251 260
5582 2352 238
7066 3304 262
3146 4619 238
1132 2026 182
1484 8418 262
1417 8230 262
6398 7764 257
2212 5994 238
9441 3748 262
2161 1062 182
3043 3776 238
7379 5418 262
5676 5696 174
4720 190 238
6199 5720 262
576 584 119
3453 5738 238
868 1789 182
8172 9755 260
8020 1287 262
5255 3488 238
9793 415 262
7080 1477 262
9497 9480 154
3873 153 238
56 6712 262
7295 6538 257
5147 1859 238
1887 3320 217
929 5445 238
9643 7561 260
5658 7532 262
7949 7337 239
7857 1536 262
8772 5387 262
9510 5392 262
2836 5008 238
4836 4539 197
8136 7570 252
3281 1703 217
5843 8910 262
7460 4577 262
1796 9901 262
7408 1137 262
9943 9389 242
2271 1753 183
6007 7328 262
7498 8507 252
9026 8865 247
8068 3572 262
8694 4014 262
6551 8553 257
2359 4246 238
3526 9740 262
7042 2721 262
7489 4619 262
2923 5926 238
1687 4741 238
3795 2461 238
6806 6234 244
2614 8930 262
9054 1358 262
5344 2786 238
211 6473 262
4223 1638 238
65 3134 217
7012 617 262
2826 1206 209
4595 2359 238
5275 6392 262
8170 6708 257
3372 8984 262
9615 8933 260
6054 3049 238
9330 9903 242
1280 6816 262
2017 1739 180
434 6599 262
5753 67 238
3018 1162 217
4554 9484 262
2844 3985 238
3012 7119 262
5700 7915 262
9662 7557 260
9671 1123 262
165 4239 238
791 7874 262
4417 6976 262
3366 4609 238
3651 7719 262
9042 4328 262
6043 4828 236
9647 3576 262
4039 5974 236
4290 6402 262
6453 9383 260
7177 146 262
9513 6870 260
6216 1387 262
5114 6342 262
7358 6400 257
5334 4071 215
7654 636 262
8598 169 262
7865 1967 262
7373 953 262
6353 9382 260
5594 6890 262
5177 7638 262
2940 8241 262
2784 5268 238
9989 4924 262
3756 8612 262
7287 7055 195
6458 9708 260
347 5901 238
5060 9203 262
8289 2400 262
284 5580 238
9170 742 262
1381 7769 262
145 1160 179
8849 2462 262
528 2263 183
4020 9940 262
2174 2165 139
6119 6774 262
302 9374 262
9961 299 262
9683 1009 262
7600 8608 252
9687 6798 260
3613 7217 262
5787 7070 262
9117 8756 247
2489 3402 217
7116 2211 262
741 4985 238
2837 6932 262
9938 5161 262
4660 5830 236
1456 6969 262
9276 2010 262
6115 7104 262
6132 220 238
8336 2222 262
2604 8028 262
4352 2366 238
4733 6814 262
279 9828 262
7214 3114 262
6782 633 262
212 9568 262
204 5359 238
2977 892 217
5859 6915 262
1197 4305 238
1111 5695 238
3042 1958 217
9850 857 262
7761 6826 257
34 6363 262
690 9125 262
1484 7567 262
4568 1132 238
1961 4807 238
4099 9280 262
710 5559 238
7839 5748 262
4234 8912 262
8986 1209 262
1177 905 182
5299 233 238
8182 2251 262
6942 1100 262
1973 2890 209
708 6809 262
1021 3115 217
2679 3677 217
9212 6199 257
5731 7377 262
69 6811 262
527 363 142
6261 9608 260
659 7748 262
4868 5053 210
1428 2753 209
1910 6735 262
9435 2112 262
1073 7411 262
3059 2577 217
6009 6568 262
705 142 171
3270 3444 181
798 4889 238
8791 9449 260
7184 561 262
1600 4067 238
7767 6496 257
2271 576 183
8275 6835 257
5981 1277 238
5586 9111 262
7343 7626 239
5095 844 238
6988 7353 195
822 8457 262
3321 9000 262
9404 2333 262
2912 7495 262
4908 9773 262
1008 6568 262
7204 3630 262
4813 4436 197
3214 8929 262
4040 5492 215
7938 7286 239
1737 3778 238
7257 8254 252
7240 4348 262
3244 4977 238
6956 7521 239
4315 3176 238
1259 4108 238
6473 4089 262
512 635 137
3189 9149 262
4122 6651 262
3123 5935 238
9344 6081 262
4169 6579 262
5459 8343 262
9014 3312 262
6156 4289 236
8380 5227 262
8789 8603 216
6110 4130 236
3652 9153 262
7973 9394 260
6481 538 262
3901 2918 238
9848 6594 260
8300 3820 262
1626 1827 180
7922 2661 262
8270 6063 262
3355 4825 238
8181 9085 247
5282 4373 215
2795 3181 217
944 2611 209
3209 4953 238
2146 787 182
456 987 179
2920 4443 238
9888 6213 260
7034 248 262
5966 385 238
4357 3904 202
9636 8741 260
8067 3430 262
2186 1634 180
4489 9465 262
4930 3738 215
8409 7738 252
6617 2299 262
728 7880 262
458 3836 238
5034 4857 210
8844 7299 252
7097 823 262
3084 5025 238
3365 8596 262
2421 347 183
5733 4204 236
5995 7798 262
5499 102 238
8072 1341 262
2294 8454 262
1870 5890 238
209 8482 262
2202 4191 238
9321 5839 262
762 9608 262
2220 3767 238
1349 3951 238
9804 1881 262
1848 8418 262
9938 5198 262
8866 7125 252
5856 1923 238
773 7160 262
5455 6440 262
6524 2358 262
1623 563 182
524 4697 238
653 8626 262
6035 1068 238
1510 8892 262
6013 6959 262
7482 9922 260
2166 3329 217
9908 8023 260
9386 1805 262
9318 4873 262
7831 4483 262
9593 9483 198
2116 8865 262
6545 4288 262
5531 5854 236
5615 5478 236
8625 2404 262
3601 4525 238
4183 2744 238
4468 9682 262
5417 1302 238
3978 45 238
499 6493 262
3062 7971 262
228 7637 262
7827 4761 262
9018 5288 262
7396 9670 260
797 5348 238
327 4307 238
3560 7660 262
5667 6209 262
8881 2133 262
6657 6231 244
7706 1716 262
5959 9687 262
9104 2242 262
7678 124 262
7905 5161 262
8933 563 262
1083 7901 262
590 866 171
7375 2986 262
3975 5897 236
116 9845 262
5011 2276 238
2839 1554 209
4087 378 238
192 5074 238
6849 8629 257
8992 7239 252
7169 6526 257
4119 2774 238
9388 1300 262
6611 8054 257
9333 8073 260
7874 8811 252
4252 2137 238
3272 9994 262
8851 4792 262
9900 729 262
9483 87 262
61 1493 182
8558 5443 262
7730 9822 260
4901 3722 215
158 6403 262
9033 7354 252
3906 6982 262
9990 2168 262
6301 6283 156
2588 9946 262
1615 194 182
9199 9058 198
9179 1599 262
5791 247 238
3162 9842 262
8754 4881 262
4700 9992 262
7404 4689 262
8170 4765 262
5457 9291 262
5335 7036 262
8577 4497 262
7461 8054 252
3330 5805 238
1059 7546 262
1628 6298 262
5748 9910 262
1357 7760 262
3835 5947 236
588 1690 182
9682 4774 262
1611 4758 238
7338 2864 262
438 9048 262
8381 3444 262
4953 5739 236
8543 4920 262
6189 805 262
5507 4794 210
4082 3206 238
3834 312 238
5625 6413 262
9750 7564 260
5240 4311 215
6573 5762 262
5969 8277 262
9288 9592 198
7820 7224 239
8299 4577 262
5072 4140 215
8319 5781 262
9905 5918 262
5451 2681 238
8195 4556 262
7410 5750 262
6092 9431 262
9173 8713 247
5224 3239 238
1369 6758 262
7526 7228 239
4675 6298 262
2832 6364 262
8672 7756 252
3864 7741 262
6545 2670 262
2477 449 209
6436 1350 262
8381 5849 262
4366 6787 262
4116 1368 238
388 1711 182
9219 6421 257
3608 8224 262
2380 3004 217
4304 5834 236
4585 3682 238
6291 6757 244
1565 6674 262
6829 6198 244
6482 185 262
6754 1980 262
1025 1418 182
2127 1210 180
5537 47 238
4764 684 238
3718 8366 262
9597 7831 260
8539 4739 262
7832 5714 262
3674 4479 238
2641 5259 238
6887 5821 262
9904 7015 260
5933 9213 262
8628 1578 262
7456 3759 262
7714 1439 262
5058 6573 262
1509 5429 238
7745 8821 252
5993 3318 238
5085 770 238
9571 356 262
9351 1990 262
1112 7570 262
1877 3238 217
8014 9037 247
1955 1730 180
1375 3350 217
2435 6927 262
9833 2300 262
7941 8179 252
4435 7162 262
9169 3373 262
3883 2827 238
9841 2878 262
