1 1 1
47418 5029 324
15221 73230 340
66159 13499 340
89495 74593 351
18268 56375 340
33968 70026 340
37175 48012 314
92693 26691 351
51672 67314 340
85924 6608 351
95786 26090 351
43726 10538 324
89429 97968 333
3706 91499 351
21795 25108 282
30116 42098 324
24806 374 282
53060 77724 351
66290 84417 351
17462 71557 340
59396 23960 340
50631 32805 324
8357 95522 351
95660 10293 351
54445 22140 340
84499 43811 351
96578 72089 351
76599 94904 351
24192 43591 324
15124 38213 324
44215 80559 351
46105 79349 351
28507 24246 308
84020 34363 351
23556 26858 308
84539 22397 351
20413 26406 282
75932 33704 340
38062 21666 324
95954 58320 351
90459 54309 351
49662 21108 324
13816 89495 351
91261 97347 333
21085 68570 340
12707 43035 324
70752 683 340
51228 68207 340
98868 23046 351
13937 1770 276
7356 41413 324
66416 22147 340
20368 41390 324
77201 99939 338
14766 41875 324
86573 5516 351
50793 62111 340
99067 20520 351
81936 86618 320
2249 23621 282
84442 13466 351
9453 10028 242
92033 56578 351
81754 22704 351
6644 34154 308
56057 82678 351
80247 32676 351
27987 56897 340
91840 38774 351
46380 73722 340
34650 73124 340
39528 83292 351
38457 91641 351
6964 57476 340
90233 91873 333
87820 58995 351
28556 12478 308
41448 18074 324
93693 78296 338
59002 33440 340
51359 5016 324
76316 17601 340
43691 41221 288
82684 41023 351
58527 78034 351
20779 70562 340
96344 51927 351
64835 85013 351
41116 82628 351
67810 65774 312
5081 1179 238
57513 17221 340
7094 23120 279
42991 78371 351
14646 47617 324
85661 42376 351
1124 37313 324
60028 13494 340
98665 79418 333
40170 40227 244
68076 65919 312
78101 39731 351
13989 43444 324
98680 41690 351
59768 7447 340
31446 66066 340
35240 85411 351
15618 68294 340
20221 29748 308
81320 85123 320
36540 35720 249
65455 78895 351
19231 13883 279
94987 38156 351
38754 4645 324
66986 90598 351
77248 55644 351
77076 4671 351
5015 13746 276
81200 73017 351
70622 98217 351
50580 41407 314
49355 30446 324
49723 60101 340
38530 94004 351
16642 74197 340
83340 69649 351
99365 59406 351
87983 78595 338
24763 71910 340
98982 54087 351
45349 41452 314
49056 83273 351
83166 58026 351
3189 72881 340
34550 95580 351
82688 12440 351
47148 96741 351
49092 32195 324
59024 32248 340
5057 24183 282
14129 1594 276
81325 64023 351
88817 72276 351
95880 32050 351
85694 8553 351
29893 16170 308
25843 29711 308
7931 69978 340
54234 42948 340
48903 7901 324
3686 61367 340
82343 75511 351
84260 81149 320
28638 83158 351
14315 21046 279
34864 73700 340
44167 12484 324
99822 42048 351
4768 57743 340
61239 54166 335
83832 37565 351
62043 15768 340
68179 28433 340
93628 25720 351
47984 19236 324
89266 98547 333
56894 12926 340
70774 12903 340
5489 62937 340
2738 87207 351
93077 6347 351
77251 66045 351
82052 78658 338
30702 51979 324
86961 1543 351
67430 7913 340
4683 88467 351
49636 19508 324
1361 54359 340
51050 77990 351
19257 21404 274
95342 45045 351
40025 32398 324
54161 1983 340
99539 24752 351
76574 46663 340
40072 42387 288
47633 16084 324
78331 17282 351
72830 52727 335
45765 26595 324
60122 20562 340
27539 41370 324
66229 22975 340
31875 80629 351
99961 36259 351
91162 24724 351
80841 78567 338
92407 3549 351
66730 65986 268
81724 18124 351
16704 36944 324
75780 5395 340
56561 63523 335
75673 39134 340
84794 67641 351
4619 17646 276
97300 3865 351
72843 2028 340
77925 50825 351
29449 21395 308
44336 33997 324
40291 68690 340
29224 2799 308
94636 45083 351
17608 72794 340
26242 41186 324
26033 25405 233
79093 19098 351
11080 48798 324
3658 61506 340
67210 78406 351
85440 93304 333
28546 40975 324
97346 22009 351
54491 85253 351
68852 73115 325
79685 45677 351
62625 93199 351
12243 60021 340
97348 34560 351
1056 81425 351
53654 98575 351
21966 7733 279
56581 35758 340
9406 13136 268
50067 87027 351
53325 92654 351
71860 68362 325
27120 68967 340
80429 39413 351
58571 30674 340
51750 36983 314
14725 28042 308
19430 25644 282
95080 41323 351
32526 40951 324
64189 30214 340
31175 74971 340
25293 41951 324
7074 8857 252
98341 18038 351
28726 61159 340
9584 45515 324
71746 26894 340
79906 92877 333
31795 69674 340
98533 56325 351
68812 55694 335
65862 33754 340
30687 4055 308
79351 84447 320
53635 97285 351
50941 99600 351
98744 82941 333
90889 16217 351
19452 17045 279
8107 28537 308
16703 91654 351
23023 84456 351
94955 83774 333
86004 83465 320
27610 89956 351
4776 73671 340
43192 39701 306
36017 1809 324
30959 47900 324
11820 24530 282
53068 61285 335
80516 54134 351
61261 89817 351
37903 5696 324
16143 83053 351
27394 41516 324
29458 21553 308
54953 13493 340
18678 4998 279
50001 13799 324
76898 25254 340
51025 37825 314
61818 21136 340
23119 58818 340
26249 37192 324
60824 61886 335
34922 71278 340
7327 94023 351
58425 84156 351
35019 38469 324
49997 88501 351
43683 33295 324
53023 20239 340
96603 37789 351
95155 6292 351
60431 14073 340
68230 93109 351
65290 3711 340
41951 35075 324
78655 93658 338
4832 35135 311
78692 35747 351
85521 93477 333
67729 43639 340
79990 95739 333
87997 18247 351
9939 50013 324
7827 55421 340
265 58268 340
37297 49685 314
3990 20122 279
97656 37848 351
96826 30915 351
48996 60902 340
36248 69589 340
59944 74473 335
52880 33645 340
46215 47453 314
68084 84302 351
98809 42038 351
17855 87313 351
74561 21876 340
85195 24304 351
72818 16006 340
66245 3550 340
45475 34577 324
89311 80376 333
88031 4928 351
29125 72807 340
3805 56697 340
83482 51263 351
22183 57306 340
61513 92351 351
98956 14896 351
44882 58653 340
87607 54287 351
85575 86454 302
32993 28211 285
76743 30878 340
33511 83425 351
35846 45148 314
42894 34076 324
43507 98568 351
57085 94506 351
8158 97378 351
89724 61507 351
3057 93638 351
49011 69200 340
44310 79922 351
46020 43226 314
39529 8883 324
3399 22534 279
97880 69967 351
72322 31179 340
51870 47412 309
3931 71091 340
28632 79482 351
69940 18878 340
998 59482 340
63983 69508 312
34198 61774 340
14837 73042 340
96058 47003 351
24314 9753 282
9568 16616 276
35108 43793 324
86419 93426 333
90117 89873 284
22921 17963 274
1567 78110 351
77818 19493 351
30652 32012 285
9559 68066 340
31792 96162 351
10034 1543 262
24334 50730 324
48641 99883 351
15222 49383 324
1668 10963 262
32136 62971 340
34640 84632 351
64114 98018 351
86898 82076 320
78875 89448 333
20087 72869 340
89530 77612 338
68476 85678 351
51188 26853 324
217 83917 351
9112 55996 340
41929 11794 324
48860 10906 324
88782 60865 351
63550 34977 340
91756 5518 351
15953 68639 340
57715 3647 340
8745 26554 282
53278 61211 335
85899 49626 351
68048 93614 351
71899 88500 351
28999 16005 308
57732 22901 340
83488 69531 351
3955 99489 351
95835 58743 351
96671 10068 351
42431 1185 324
79517 30162 351
7471 86205 351
91251 48731 351
77247 95626 338
16226 23989 282
13828 63135 340
89378 1281 351
3897 74456 340
11907 19791 279
67868 79394 351
11896 92218 351
23764 41501 324
86755 92712 333
27185 66709 340
43038 22985 324
63032 75907 330
78174 41251 351
89141 40917 351
87499 57147 351
96274 84518 333
25000 67555 340
78044 40321 351
86847 40954 351
83934 43970 351
11892 98684 351
1819 23312 279
86921 92310 333
38053 54553 340
11641 44109 324
37257 81369 351
76164 97717 351
68141 6260 340
95662 84028 333
49380 54665 340
14438 61021 340
43886 62326 340
60093 44272 340
88096 15624 351
22558 96792 351
68249 28857 340
13319 32862 308
88137 12217 351
96625 59767 351
21205 18221 274
80816 9028 351
92986 63747 351
95144 65873 351
24306 43690 324
19387 16619 279
70119 75825 325
45162 63631 340
98082 91276 333
87777 21700 351
75215 62287 330
92097 19907 351
80706 12087 351
66935 62682 330
32266 30270 285
78593 5324 351
39737 50769 314
59423 90825 351
4699 28476 308
92422 16482 351
57036 2118 340
26540 84837 351
84820 46885 351
10502 36912 324
21053 18807 274
42810 19632 324
24770 78876 351
25919 20560 282
99258 88489 333
56000 73898 335
25510 49300 324
82512 88433 333
11883 16864 276
75902 6919 340
47007 82472 351
92607 41495 351
81558 94478 333
28271 37998 324
95840 52125 351
86849 78556 338
11771 47560 324
83982 10723 351
67346 34988 340
65201 80410 351
97194 75846 351
31605 4288 308
74028 24545 340
6045 21780 279
44823 43686 270
44285 47424 314
28115 87144 351
75190 81139 351
43458 19482 324
75721 61561 330
87709 69423 351
48227 34481 324
12438 62005 340
38359 17838 324
56205 72853 335
96659 43153 351
93093 36241 351
95688 77705 338
29814 67271 340
63251 51398 340
35259 96497 351
47554 38486 314
34556 49076 324
96435 38622 351
16033 44577 324
58830 8958 340
26015 50644 324
58046 80815 351
33924 33154 267
24727 89452 351
30926 10373 308
28221 25283 308
96745 33402 351
32102 86232 351
8983 6748 257
92388 64787 351
21824 97404 351
45383 53579 340
58018 9650 340
1469 76886 340
47359 30998 324
36357 95544 351
80686 42954 351
72680 28146 340
96594 44740 351
89000 51878 351
82315 31958 351
68992 27845 340
23627 42428 324
30994 62014 340
26952 18880 308
81493 84736 320
34208 88528 351
97334 34341 351
36815 31642 324
79814 91428 333
16479 53247 340
13100 67562 340
10143 34176 308
78270 60261 351
31193 24520 308
80917 54732 351
54657 23769 340
28840 20386 308
13584 47617 324
23229 66424 340
89564 51673 351
22751 68141 340
39691 44023 306
23350 50261 324
70613 90837 351
35329 14699 311
78817 52264 351
76485 55866 335
3914 54236 340
16617 10899 276
61262 41600 340
96307 99576 328
88211 52760 351
62085 17131 340
36206 79221 351
93699 79935 333
35666 27062 324
78664 21943 351
37639 52644 340
25587 79658 351
58573 76616 335
79057 11103 351
82728 47521 351
455 80145 351
28262 97769 351
40107 52472 314
12249 67095 340
2430 27962 308
90454 14721 351
99815 73117 351
5877 20836 279
22421 76974 340
16129 98980 351
28225 21395 308
25736 79454 351
66338 21270 340
67220 42759 340
34234 4282 308
51625 52417 278
49672 32459 324
65348 81339 351
16054 14794 271
62594 94314 351
3631 59753 340
83920 68030 351
47854 81421 351
35944 64436 340
70335 87780 351
36357 92317 351
14634 8083 276
43632 32437 324
70948 61349 330
9837 23087 279
18531 64156 340
39014 30212 324
43617 73932 340
26851 59475 340
69198 51668 340
49188 3449 324
30008 19729 308
86575 12948 351
55019 36030 340
94037 41594 351
64965 73332 325
32491 11584 308
47136 49606 314
10496 68655 340
61116 46536 340
51856 88610 351
97238 79496 333
50236 47691 296
39377 13756 324
30545 31001 254
66859 94350 351
36364 63931 340
95110 40447 351
12115 61695 340
3624 47661 324
35090 11122 311
24957 98808 351
5513 7467 262
21526 81072 351
14244 57096 340
59619 32678 340
85739 99339 333
31624 78746 351
83857 19262 351
28524 23774 308
29634 11277 308
52534 90676 351
83779 21354 351
90980 11735 351
5297 1258 238
81029 5245 351
70359 44012 340
42849 76181 340
40233 98948 351
8401 83019 351
30485 35205 311
4972 82684 351
13625 59872 340
46774 32352 324
4264 14735 276
54697 52968 322
33322 51173 324
5928 47748 324
7353 8682 252
32638 23170 308
76307 45948 340
27540 78813 351
98237 35807 351
44235 87280 351
73175 74926 325
98641 69741 351
77585 61258 351
27830 19709 308
47878 68100 340
79158 98260 333
86368 87094 333
48179 28134 324
81423 42214 351
88307 92455 333
90128 53485 351
494 14175 276
40960 27001 324
78782 744 351
41695 84068 351
21028 71136 340
3128 5214 238
1814 64039 340
62198 65203 330
49014 51414 309
40533 94243 351
59514 63448 335
6864 58320 340
85994 81347 320
32217 23858 308
66558 91840 351
47806 38976 314
83594 59494 351
15378 63337 340
7694 49580 324
32541 31054 285
77420 41058 351
36381 17705 324
19362 51509 324
3479 38764 324
89612 42275 351
12581 87957 351
38528 63069 340
94961 91899 315
35060 6847 311
18612 53823 340
80900 14910 351
92660 47347 351
79081 99588 333
79008 62796 351
49658 91730 351
84012 565 351
10541 481 262
18411 76739 340
28613 48074 324
57162 86074 351
73083 41652 340
36580 91994 351
60462 31073 340
78116 20283 351
92128 93190 315
703 7318 262
61227 2748 340
98436 1319 351
81291 40523 351
27965 40617 324
17341 45951 324
25592 59450 340
64302 92819 351
76548 73532 325
74258 2276 340
26052 14264 282
58531 14953 340
63984 44884 340
13171 78502 351
82036 732 351
93441 45435 351
36868 68801 340
838 40271 324
42327 46515 314
45730 74343 340
4724 93674 351
57059 47364 340
20611 86180 351
17246 89547 351
64651 12396 340
33128 18837 308
35551 75271 340
66334 55955 335
21239 85261 351
92393 80620 333
10462 83702 351
82536 24330 351
2756 14554 276
42276 33442 324
18075 73647 340
9592 51145 324
25387 97544 351
46495 82586 351
76525 10790 340
97698 66155 351
42171 88916 351
91138 73530 351
61605 6211 340
51988 31012 324
71349 68988 325
76215 53404 335
47370 76091 340
50979 79754 351
17599 48358 324
30618 11246 308
12156 64206 340
64482 57110 335
38621 1312 324
84354 36867 351
57963 28718 340
25391 20327 282
19004 66130 340
98198 9217 351
4390 35928 324
73642 24211 340
53398 15608 340
62443 16561 340
13652 79013 351
31594 74248 340
20290 87335 351
66395 40228 340
61788 38808 340
85499 30512 351
65745 41806 340
97233 59465 351
21554 20587 256
28117 49566 324
72951 56575 335
68473 32608 340
47135 13012 324
48648 59271 340
45859 27134 324
93458 45497 351
21258 7912 279
81742 65340 351
5929 37409 324
72362 22405 340
79556 29437 351
80187 18832 351
58065 16963 340
43217 71847 340
75379 67254 325
20635 3632 279
28767 73366 340
61172 96121 351
79972 8619 351
91250 55932 351
45850 1904 324
98644 61218 351
77200 17239 351
9881 41704 324
32836 51765 324
5900 11868 268
23185 65181 340
2669 76971 340
34017 31490 285
8479 42523 324
41030 86025 351
26537 58494 340
61428 80122 351
75821 58394 335
1111 71381 340
75183 71673 325
4391 90593 351
81027 23236 351
26502 89937 351
57552 57894 273
70265 36733 340
99729 27486 351
25254 1833 282
1097 18446 279
20337 48793 324
31423 75100 340
51884 79604 351
39740 22537 324
15273 47057 324
47069 29131 324
44133 77677 351
99318 28732 351
81886 44778 351
52060 54118 340
70199 61036 330
35398 32737 311
85248 83012 320
81876 38404 351
11729 50909 324
4559 37960 324
1553 87013 351
17598 75569 340
58096 6896 340
78491 7736 351
69438 46473 340
55909 13872 340
28055 59290 340
35511 91022 351
77449 86415 338
90020 99541 333
56562 58758 304
22781 33758 308
30561 98009 351
71068 64786 312
9976 68227 340
17652 29817 308
21695 28229 308
38377 59058 340
81551 49102 351
16048 9046 276
30738 80633 351
26185 73318 340
72940 17431 340
63504 99469 351
86232 85422 302
48767 47105 314
70241 72694 325
63966 56123 335
81701 79186 320
25464 46802 324
99089 47413 351
25779 4633 282
32847 99272 351
89401 32272 351
39900 36102 306
19628 80268 351
94650 95662 328
74744 54785 335
1044 40126 324
74138 78681 351
67309 88680 351
32022 10392 308
19149 45682 324
9263 96205 351
61363 61572 286
73894 9571 340
26124 634 282
81799 79860 320
59449 60745 317
53460 20549 340
68219 76088 325
58905 65695 335
22383 68696 340
68005 92281 351
49997 66230 340
48392 69727 340
75039 71595 325
82119 44743 351
72893 85527 351
22844 60250 340
92442 4838 351
83222 25653 351
2033 94657 351
24160 54599 340
75385 44544 340
15495 6778 276
43168 63150 340
9257 42775 324
11439 93294 351
24905 59253 340
35004 8118 311
19308 67957 340
32367 73424 340
90556 69336 351
45705 37284 314
10647 52547 340
87453 88789 333
70425 41834 340
41526 8900 324
77400 19541 351
79380 94732 333
65501 29173 340
81269 13966 351
34211 8190 308
52744 15066 340
46740 41807 314
75625 75948 294
79040 35373 351
32366 76367 340
27902 65348 340
31180 95907 351
6674 16719 276
43896 58208 340
96716 27044 351
94761 37979 351
3433 38689 324
17706 65353 340
47899 7334 324
34421 54210 340
8240 3771 262
84444 47819 351
47033 42456 314
34072 48110 324
21688 76461 340
22966 61741 340
90877 83105 333
67398 6621 340
74275 41446 340
96310 55559 351
11121 82911 351
42164 20831 324
89887 68604 351
19172 78846 351
48136 2529 324
21584 83443 351
69823 80978 351
35876 61053 340
78863 84298 320
33981 39238 324
29840 16466 308
67388 3471 340
84574 78323 338
62103 26858 340
50364 10859 324
93467 29260 351
5488 8405 262
28719 25886 308
999990 999999 259
