6 1 9
9 2 20
2 8 17
9 7 20
3 7 17
8 3 17
1 9 20
3 7 17
2 6 9
1 3 8
16 69 113
38 56 113
41 81 116
77 12 116
74 19 116
95 61 116
78 63 116
98 73 119
81 35 116
33 36 27
84 28 116
54 89 116
74 73 116
88 52 116
89 55 116
72 82 116
58 54 113
88 15 116
84 29 116
64 60 108
94 85 106
35 81 116
11 94 116
61 20 113
59 97 119
34 17 112
47 14 112
67 14 113
65 84 116
22 89 116
79 62 116
82 69 116
66 63 108
33 20 112
86 97 119
45 79 116
75 70 116
97 24 119
15 39 112
23 69 113
56 21 113
26 12 24
82 78 111
62 82 116
19 45 112
19 68 113
78 50 116
47 79 116
36 68 113
72 27 113
67 37 113
86 81 111
11 21 21
61 65 108
84 81 111
15 13 18
26 34 112
96 10 116
92 75 111
77 98 119
23 93 116
32 56 113
49 89 116
70 27 113
27 73 116
75 84 111
16 39 112
66 48 113
94 31 116
83 41 116
92 42 116
29 35 107
72 81 116
52 98 119
87 62 116
17 30 112
68 66 28
75 40 116
38 49 110
14 46 112
81 73 116
60 75 116
10 59 113
55 66 113
65 74 116
94 14 116
63 83 116
84 81 111
87 84 31
91 22 116
71 10 113
67 32 113
36 97 119
48 35 110
40 95 116
36 27 112
34 43 110
16 26 24
48 83 116
74 40 116
92 87 93
38 75 116
56 11 113
37 24 112
78 23 116
55 46 113
45 76 116
55 29 113
26 65 113
10 45 112
65 21 113
12 26 24
67 11 113
73 50 116
63 27 113
13 96 116
45 31 110
32 98 119
16 76 116
24 14 21
93 57 116
61 14 113
43 76 116
31 65 113
75 13 116
80 15 116
49 44 105
40 91 116
88 25 116
50 97 119
82 91 111
55 70 113
53 40 110
38 24 112
26 13 24
72 94 116
47 72 113
36 23 112
97 50 119
15 73 116
60 81 116
19 83 116
97 69 119
40 84 116
69 23 113
62 99 119
33 48 110
35 10 112
94 28 116
32 51 110
84 39 116
94 59 116
58 96 116
84 25 116
43 62 113
73 48 116
70 47 113
78 54 116
39 41 110
94 86 106
80 81 23
27 20 112
26 54 113
97 14 119
20 49 112
13 17 18
20 52 112
10 88 116
41 64 113
37 63 113
25 24 24
75 56 116
38 29 107
28 54 113
80 21 116
72 42 113
68 41 113
20 19 21
45 77 116
83 78 111
46 74 116
85 34 116
46 17 112
42 87 116
29 41 110
95 71 116
82 12 116
75 88 111
87 26 116
31 84 116
62 99 119
46 21 112
28 85 116
81 23 116
45 82 116
61 29 113
47 51 105
86 17 116
39 56 113
97 87 119
56 43 113
21 41 112
82 33 116
56 57 33
41 83 116
12 54 113
36 40 35
57 17 113
25 68 113
42 92 116
63 41 113
23 94 116
85 41 116
61 81 116
60 97 119
98 64 119
89 32 116
15 93 116
25 81 116
83 62 116
37 91 116
49 32 110
81 61 116
94 69 116
47 85 116
28 34 107
35 18 112
12 25 24
20 18 21
84 58 116
76 72 116
90 99 119
80 41 116
38 79 116
47 83 116
91 20 116
35 63 113
31 87 116
21 14 21
94 19 116
95 22 116
98 97 119
93 94 106
17 30 112
72 87 116
49 28 110
40 17 112
52 23 112
27 65 113
15 88 116
13 56 113
63 15 113
86 39 116
34 90 116
66 17 113
94 96 106
95 97 119
83 17 116
16 15 18
17 43 112
57 17 113
26 77 116
55 63 113
11 47 112
10 94 116
42 46 30
41 33 110
52 65 113
60 71 108
35 46 110
72 10 113
52 60 113
23 28 112
91 59 116
20 91 116
71 60 108
67 17 113
30 16 112
22 65 113
64 68 28
78 45 116
31 27 112
53 69 113
74 68 116
88 60 116
25 59 113
10 99 119
83 38 116
19 63 113
30 82 116
74 61 116
92 13 116
42 11 112
70 89 116
35 40 35
77 66 116
38 85 116
22 33 112
96 59 116
27 42 112
582 862 171
220 841 171
551 172 144
344 851 171
411 816 171
124 648 144
816 662 171
211 569 144
604 738 171
332 909 179
590 621 132
806 396 171
420 922 179
237 829 171
234 786 171
546 711 171
240 897 179
792 189 171
809 606 171
782 762 153
109 292 128
413 843 171
479 190 144
695 624 145
535 348 142
841 592 171
990 963 143
553 605 137
910 872 148
345 934 179
205 778 171
208 152 125
442 971 179
378 968 179
118 841 171
706 327 171
806 249 171
482 282 144
866 798 148
495 370 142
808 671 171
149 703 171
997 586 179
280 788 171
913 771 179
924 330 179
992 325 179
636 875 179
652 633 145
913 552 179
251 332 144
434 655 145
338 944 179
565 416 142
876 333 179
753 903 179
433 355 134
616 575 132
958 740 179
742 588 171
850 707 153
389 560 142
322 513 144
418 575 142
860 524 171
196 639 144
920 427 179
981 541 179
649 752 171
441 737 171
100 777 171
530 586 137
388 790 171
548 836 171
658 313 145
180 445 144
652 364 145
552 695 145
831 281 171
110 429 144
336 829 171
999 344 179
117 706 171
804 214 171
755 530 171
795 230 171
918 843 179
878 995 174
869 469 171
404 658 145
436 710 171
357 765 171
545 828 171
862 636 171
575 366 142
196 594 144
547 988 179
268 445 144
112 891 179
299 693 145
270 864 171
250 238 110
534 298 144
918 922 130
657 407 145
108 180 125
477 633 142
252 654 145
198 205 120
893 391 179
657 596 145
982 367 179
940 367 179
629 729 171
470 437 129
319 501 144
743 295 171
712 812 153
836 573 171
111 647 144
425 979 179
477 315 144
350 835 171
619 323 144
498 499 49
452 128 144
210 320 131
588 107 144
436 314 144
733 152 171
155 664 145
933 962 174
798 125 171
818 721 153
822 957 179
754 264 171
875 199 179
789 743 153
442 758 171
414 925 179
860 231 171
374 798 171
793 739 153
512 824 171
968 651 179
203 300 128
224 324 131
890 894 99
828 313 171
304 663 145
979 342 179
507 673 145
131 268 128
232 640 144
367 710 171
880 747 179
734 741 140
915 435 179
304 465 144
283 990 179
173 474 144
504 986 179
325 613 144
238 492 144
300 939 179
665 527 145
513 359 142
865 228 171
634 513 137
226 893 179
656 899 179
714 843 153
758 350 171
288 504 144
373 191 144
985 818 179
465 617 142
894 638 179
280 478 144
392 680 145
832 835 135
484 136 144
566 989 179
138 810 171
306 668 145
317 548 144
589 775 171
941 284 179
230 301 128
219 938 179
548 409 142
847 682 171
284 578 144
399 588 142
963 252 179
733 926 179
576 991 179
917 186 179
511 197 144
313 231 131
9265 4045 262
5828 3153 238
7338 2562 262
4397 1017 238
6529 5571 262
8131 5587 262
4956 8792 262
5053 1669 238
2347 8255 262
6834 3329 262
6679 4518 262
6289 3027 262
9740 9883 211
3343 4177 238
5696 2189 238
3556 6892 262
8557 4161 262
9517 1540 262
4724 6087 236
2003 8798 262
7521 2761 262
6332 4343 262
7769 9213 252
5824 2543 238
6231 8242 257
8290 3313 262
3181 8610 262
6785 5091 262
7009 9983 260
8341 5333 262
5388 7395 262
6420 1758 262
2666 9459 262
2543 3557 217
3780 5065 215
3279 6774 262
8750 8288 234
7364 2846 262
2253 4600 238
1123 4933 238
9638 7874 260
4202 6582 262
9496 1974 262
2847 9830 262
5740 2307 238
8870 6473 257
5099 1794 238
2619 4065 238
5027 8132 262
2656 2303 209
3491 6809 262
7864 7898 190
8285 6756 257
5157 5046 179
5283 3731 215
8968 3404 262
7688 4312 262
9337 1750 262
7102 6498 257
3003 9132 262
8203 9093 247
3872 2720 238
8002 1658 262
1339 2910 209
2508 1965 209
9422 9314 198
2044 6337 262
4584 9227 262
7947 2224 262
9168 5176 262
6128 8194 262
7935 3142 262
8195 9813 260
6740 3089 262
1045 7698 262
8622 4528 262
7433 7179 239
6206 7587 257
5217 5379 192
4883 9531 262
3086 8154 262
4845 5365 210
1093 6758 262
2245 5784 238
1678 4813 238
3662 5544 238
5889 7642 262
4686 4423 184
8296 7110 252
2031 5253 238
2954 5114 238
6116 4054 236
3023 9822 262
9457 7428 260
2586 8293 262
8993 6136 262
1080 7624 262
2930 3808 238
5727 6492 262
2838 1433 209
5920 5225 236
7937 3946 262
8087 5368 262
1359 3270 217
3123 8312 262
5507 8959 262
5909 8622 262
7125 2761 262
3513 2062 217
5702 4762 236
3218 9372 262
8256 9022 247
3814 4916 215
2147 5154 238
2777 9907 262
3181 3161 199
4669 5283 210
3809 4554 215
7452 5969 262
1705 2876 209
9744 8310 260
8740 9359 260
2759 7602 262
2829 3091 217
3351 1116 217
7814 4011 262
3080 9776 262
3950 1468 238
7695 3203 262
1396 5741 238
2573 5140 238
8211 1870 262
1983 4466 238
2559 3377 217
3243 7699 262
9706 1853 262
7465 5287 262
6481 2037 262
8816 1762 262
7670 1142 262
9844 1848 262
2878 8243 262
3035 4933 238
9359 3765 262
2361 5041 238
5898 5983 187
8535 3505 262
8146 1498 262
1223 9702 262
3851 1424 238
6347 8643 257
4506 3175 238
2494 4131 238
1691 8503 262
3533 5739 238
7827 9886 260
6565 8521 257
9440 1301 262
1995 1724 180
3882 3673 238
1426 6779 262
6741 9364 260
3590 3485 194
6618 6011 262
4581 9207 262
8882 4033 262
6726 9562 260
2755 3204 217
6562 6063 262
2244 4861 238
5130 1685 238
7130 2953 262
5379 9955 262
6616 4987 262
4167 5027 215
8152 6358 257
8732 2963 262
9629 9986 242
6004 3018 238
8052 7519 252
6013 5415 236
1699 1606 180
8682 6538 257
7725 8995 252
4872 7234 262
7432 8081 252
4223 3100 238
3882 2629 238
3787 7756 262
9353 1323 262
3312 1666 217
6886 7060 257
3072 4656 238
3290 5061 238
7587 3716 262
4932 5063 197
6564 4153 262
5067 7828 262
9839 7202 260
7183 3949 262
47538 44371 314
67578 48059 340
92348 22976 351
33584 37592 324
24673 52621 340
72313 31913 340
58154 92918 351
35089 36865 324
53074 35314 340
44198 41376 288
12578 66902 340
26967 84990 351
36437 57441 340
65113 88223 351
81161 21692 351
29050 49368 324
96362 42339 351
56222 72185 335
45391 82901 351
45961 88724 351
60615 59131 317
49251 91695 351
86587 58360 351
93821 10084 351
56133 99265 351
44660 92762 351
55571 56002 260
41298 14078 324
21550 98664 351
78967 87890 333
21824 10743 279
33542 99190 351
99699 59819 351
44438 10279 324
25106 93286 351
47954 55701 340
26389 66084 340
30246 48650 324
12319 10864 268
88975 91246 315
45071 31987 324
81586 50886 351
53334 17517 340
98930 94252 328
17132 69766 340
40184 18354 324
46720 47137 283
78495 83643 338
12227 87018 351
26521 55637 340
37351 89089 351
77177 58854 351
99082 29728 351
15910 30910 308
28206 97254 351
24057 32953 308
19455 88713 351
81804 90880 333
17831 50429 324
74810 88908 351
42885 18218 324
18844 29120 308
40327 73818 340
94448 94177 284
20658 99790 351
72594 76718 325
60550 56242 317
92983 40804 351
99762 78882 333
60925 86984 351
66567 36187 340
29027 41124 324
85154 44770 351
63180 27483 340
59389 61522 335
32103 20845 308
97298 94522 328
16331 84475 351
64910 39387 340
48060 77592 351
76646 53516 335
21945 37049 324
49248 85351 351
65238 10359 340
39629 95390 351
92353 72060 351
95653 31699 351
24703 95901 351
54757 89160 351
60658 96471 351
37462 73189 340
78408 26611 351
89697 35368 351
39243 38358 275
32253 14522 308
98333 14774 351
54057 30802 340
56175 30085 340
89347 28771 351
60949 82364 351
17106 85414 351
21642 72458 340
34877 84318 351
45537 10735 324
93290 92923 315
42128 40491 288
83792 61196 351
17807 35566 311
58513 58053 273
43908 88163 351
63637 36711 340
39501 67167 340
48343 32326 324
76885 33513 340
11756 91290 351
51686 54589 340
72018 96610 351
59389 60835 317
38842 57842 340
65790 28710 340
99426 92480 328
13739 62617 340
94819 20840 351
83375 70455 351
17181 49861 324
48266 84005 351
60948 71832 335
42637 13041 324
39663 67342 340
22001 87491 351
38786 48636 314
36389 91032 351
80845 87678 333
35768 33651 324
41633 94416 351
19958 64485 340
71413 99880 351
71095 35694 340
75316 62624 330
69624 28304 340
30253 62202 340
90796 94609 333
93647 57166 351
59619 98339 351
37717 64965 340
82546 25910 351
42791 84553 351
56884 30030 340
14455 66164 340
40513 55477 340
94369 33611 351
87397 80022 333
68300 23625 340
94806 66540 351
36551 65115 340
12541 53834 340
45416 16041 324
55732 85181 351
26996 98846 351
13382 11965 276
43458 99500 351
27242 49119 324
22299 14918 279
61978 35002 340
61249 44967 340
86640 94235 333
77553 80224 338
34834 37783 324
31028 79835 351
95880 97530 297
37610 76361 340
22326 53412 340
66703 98935 351
47473 15451 324
35287 52136 324
61136 82217 351
59349 15676 340
84483 80354 320
22426 80117 351
62213 88587 351
63327 99164 351
77047 37631 351
70639 24813 340
93899 72582 351
72092 61437 330
73639 63519 325
57862 38668 340
68593 42309 340
33899 97702 351
89758 71576 351
30616 55960 340
51091 75789 340
47375 34411 324
91285 32605 351
80600 54851 351
21534 84389 351
57305 39759 340
41587 67002 340
40653 88738 351
89795 35566 351
24427 27547 308
48756 32311 324
48429 60796 340
99091 38630 351
38277 47076 314
13515 98152 351
68174 28275 340
28830 67646 340
54089 97230 351
27420 12202 308
46297 59820 340
23692 33589 308
18938 20049 274
87855 54390 351
48766 87786 351
78161 98376 338
93926 65108 351
81315 39074 351
24192 44903 324
94960 45165 351
58131 28010 340
11922 35893 324
22060 79196 351
25084 21229 282
80359 33929 351
28829 43625 324
83115 93038 333
82293 42240 351
33733 63495 340
83608 71052 351
56872 50485 340
95005 79634 333
96807 96900 222
98625 11317 351
11623 78296 351
51601 77355 351
88041 10211 351
51532 91791 351
97194 11055 351
29947 30003 210
75376 34962 340
47277 63391 340
29556 79929 351
91511 12374 351
64616 35799 340
69117 45071 340
83089 29390 351
64602 43137 340
60536 79933 351
31135 20072 308
43713 47966 314
34133 43263 324
71475 63545 325
36327 83632 351
50312 24024 324
74297 25686 340
14394 11052 276
59711 33038 340
58685 59285 273
15796 39264 324
78382 19896 351
58410 75441 335
16092 36429 324
91520 86433 333
60634 84653 351
40599 97646 351
10928 23083 279
60674 35943 340
29867 15865 308
60824 76149 335
58511 99620 351
60691 91204 351
81998 51822 351
59069 33631 340
16030 87644 351
40438 38970 306
32715 60169 340
60887 70747 335
88204 30069 351
39822 67087 340
48937 92368 351
19487 32575 308
43377 13666 324
74194 92045 351
69715 42187 340
61664 97444 351
24996 49702 324
70268 91359 351
21357 25096 282
78969 29860 351
85495 77970 338
68971 40390 340
56150 51224 340
20470 38638 324
21397 87753 351
69815 32034 340
43209 60384 340
53931 30358 340
25393 92422 351
26529 10816 282
