1 10 20
200 210 89
100 200 125
900 1000 174
522504 807988 468
531730 282328 470
542613 378841 470
833170 544304 468
97158 817710 470
570934 129561 470
280279 493100 449
795336 351817 470
807827 899098 450
929268 613513 476
877634 723811 468
379150 580980 470
558822 236580 470
10673 511968 470
819337 901394 450
91746 125486 354
894092 425229 470
186358 640195 470
921154 35002 476
357945 616709 470
571491 515669 452
702197 788125 468
60904 509531 449
454667 727723 470
118025 728550 470
806854 797802 406
847409 540978 468
374934 308229 441
938982 260299 476
408014 28636 443
389815 623866 470
554537 739064 447
1670 339426 443
220095 724116 470
446502 75630 449
934196 546518 476
810405 30106 470
194299 319452 443
821124 782189 468
246883 799506 470
731567 406753 470
130338 936717 476
53145 354439 443
844898 851502 419
955829 783872 476
619359 111138 470
982398 153178 476
477905 722295 470
946232 621610 476
844176 959746 476
266299 853636 470
880400 98143 470
90413 827969 470
673558 400261 470
688009 441595 470
325969 716396 470
204531 119114 383
910963 471007 476
285366 797943 470
179853 842083 470
633822 530768 452
824713 185696 470
859902 973672 476
724832 248591 470
153058 314739 443
819791 631617 468
110680 555641 470
77007 437336 449
936099 497973 476
975320 649096 476
345224 583455 470
556761 112290 470
586127 948906 476
129507 236124 443
476771 45814 449
329095 935239 476
987845 896221 476
140535 712367 470
915395 725227 476
318739 941364 476
559591 607845 434
145160 436551 449
764948 808624 468
307218 597386 470
755540 195273 470
242386 399248 441
894886 413497 470
682421 140624 470
531969 28145 470
699916 335736 470
663535 161626 470
796012 46043 470
24153 454680 449
977296 575245 476
590397 878819 468
301816 87693 443
740034 112992 470
119398 122670 336
410548 489554 444
121211 975826 476
830212 729663 468
273378 533809 470
626 822762 470
401869 737336 470
2777 977996 476
997440 62768 476
689332 829875 468
456302 540557 470
300561 468873 449
918985 120095 476
639790 113756 470
828016 851408 419
222770 30194 386
303456 15681 443
267507 16856 443
233503 170964 443
863109 586677 468
602332 963250 476
887639 277845 470
939998 760809 476
54850 428652 449
495732 645204 470
198015 796532 470
636776 395420 470
530181 42010 470
995224 687930 476
588261 244055 470
991546 76738 476
837526 747318 468
134257 204201 383
960598 421565 476
337705 306649 384
925151 225551 476
301413 541977 470
482798 938555 476
348382 102505 443
7066 34749 311
847700 659379 468
725130 878210 468
265484 578554 470
264608 650448 470
45323 180774 383
755177 664306 442
927225 170054 476
280367 784631 470
660445 205401 470
570286 495371 470
193899 883017 470
841134 608156 468
696577 515558 452
658267 953179 476
221712 187358 386
320615 227879 443
795738 474820 470
620592 983134 476
48763 623721 470
976198 306634 476
238589 576032 470
54874 860590 470
637305 998878 476
861201 979359 476
68961 777255 470
293948 14916 443
207731 645481 470
674547 669956 367
841239 837108 388
984927 340001 476
774858 545036 468
250115 561114 470
601361 929594 476
968419 498355 476
342586 25358 443
721016 313730 470
106103 776564 470
786644 860918 468
62968 819420 470
245270 547748 470
423304 855396 470
719104 404474 470
424386 711749 470
163460 205659 365
673931 45407 470
285133 739825 470
959604 300974 476
907921 246898 470
135232 603951 470
620204 488481 470
824521 213901 470
481259 462534 413
618677 217004 470
423935 820951 470
279880 558781 470
482575 941833 476
174543 433550 449
252772 306250 407
915880 766311 476
669971 200984 470
82724 392041 443
902972 73651 470
190319 753230 470
710300 917747 476
185622 687231 470
850125 270777 470
76959 668245 470
666772 747697 442
791561 829065 468
318752 56599 443
764504 869941 468
192802 789552 470
315081 427206 449
559275 780419 468
40414 659650 470
519026 783321 468
901784 322013 470
624118 854789 468
81551 424009 449
319196 265325 389
824512 451258 470
438667 835691 470
760594 262411 470
809566 490554 470
228743 190961 386
254353 151404 443
256142 7308 443
413201 244911 449
343128 192800 443
157788 120172 383
31626 334415 443
619518 116642 470
901843 55349 470
515975 114316 470
211374 181446 373
739912 972221 476
245055 509240 449
556930 641306 447
354190 382254 423
204357 815167 470
659861 359305 470
5593 645899 470
866117 901721 432
98868 151581 375
26940 149353 375
494902 178699 449
716617 160812 470
848672 756892 468
326672 331729 353
77046 951662 476
620241 303121 470
299454 317159 384
685351 769628 468
535564 853712 468
207534 629595 470
307828 401728 441
919532 398796 476
351517 737443 470
478516 885007 470
642602 466925 470
168662 627098 470
34325 967104 476
44937 980109 476
517016 2282 470
963217 43711 476
775974 301906 470
882721 767782 468
481170 270792 449
715828 297866 470
616729 329537 470
320385 357126 441
789950 580168 468
416047 500477 444
568667 521577 452
260521 577468 470
341992 627385 470
333259 425211 449
268745 428212 449
685719 419519 470
666826 321935 470
658690 280768 470
73015 449819 449
102919 211826 383
333030 958029 476
6728 78035 351
933755 151241 476
408397 486541 449
203084 90936 383
846866 48049 470
615253 87012 470
377877 553065 470
232676 17238 443
482711 70246 449
728193 470416 470
454748 24711 449
701300 463038 470
949716 368448 476
259580 241694 363
195165 567130 470
553502 333980 470
110290 295526 443
114034 574959 470
165090 211801 373
535218 87671 470
521039 880847 468
240339 509544 449
603322 385937 470
536497 597720 452
943789 791248 476
425988 428360 374
765236 145036 470
185685 383913 443
683785 745990 442
422668 263735 449
972616 500520 476
665977 167046 470
365826 326662 441
271632 182820 443
72699 422904 449
92640 936799 476
909504 914005 476
748766 800680 468
904108 207392 470
314366 264925 389
114455 57122 354
127451 777107 470
530833 51704 470
932142 71033 476
281978 961655 476
753901 942218 476
173466 357290 443
3623 84748 351
459318 289880 449
564049 301517 470
121030 182763 383
52709 649040 470
502658 605904 470
375753 510762 449
108622 561467 470
6997 44558 324
266931 426956 449
645556 21495 470
429313 192222 449
231428 802294 470
477445 142233 449
402199 234792 441
444857 549153 470
464304 273571 449
712915 627440 442
626767 735800 442
981922 591836 476
122753 846044 470
289720 574087 470
168411 439151 449
44670 418624 449
349944 409606 436
922432 437312 476
139817 977993 476
786972 138700 470
501371 180640 449
679892 325837 470
94834 182858 383
518178 383329 470
217684 474411 449
523490 885177 468
70435 972092 476
226905 484712 449
464892 491027 413
500523 610791 470
706891 559365 447
116814 924885 476
907128 341442 470
185785 316180 443
329871 994538 476
32582 387562 443
545803 374166 470
367333 357733 379
459760 347855 449
972378 609848 476
979011 940463 458
298151 943820 476
900942 413378 470
826721 143837 470
396113 832300 470
219957 734760 470
536153 974391 476
695015 330049 470
514919 959045 476
350102 240151 441
819822 741296 468
644502 295732 470
154962 128246 375
703511 946058 476
350806 593929 470
782138 662174 468
439097 309670 449
447422 4504 449
278519 318676 389
276490 224301 443
532055 740263 452
358644 868264 470
245251 24890 443
469416 776736 470
52495 31365 324
867759 850964 388
485093 985653 476
766715 957317 476
958061 761421 476
63369 807451 470
891848 78742 470
4788 199197 383
188235 902502 470
270572 93129 443
687876 377449 470
641872 817254 468
562294 669330 447
973472 433720 476
725765 738821 424
142631 681080 470
688081 594411 447
863343 266114 470
248383 398139 441
698829 146045 470
863576 998394 476
109001 800981 470
5948 945597 476
266088 767371 470
952734 506544 476
490262 262853 449
554401 376825 470
370779 982381 476
373424 871858 470
567015 59499 470
261663 252846 363
726611 468510 470
709219 596850 447
775056 19291 470
518556 285744 470
606535 236386 470
877322 86276 470
921227 811152 476
694460 775252 468
316715 632784 470
337880 366438 441
914101 907699 476
94286 383138 443
918285 445879 476
164916 470343 449
63068 45961 340
810708 735141 468
320729 543567 470
466364 563 449
242891 241970 319
222279 712624 470
245762 917314 476
834841 127011 470
646001 576979 447
734508 207395 470
166552 187657 365
993432 761787 476
880740 554545 468
507585 408777 449
374109 74253 443
991455 275515 476
783029 595020 468
592371 466672 470
867948 756664 468
424544 684025 470
306009 916855 476
780553 114982 470
768164 986289 476
411020 508360 444
195357 255380 443
408488 419462 449
743900 308354 470
794245 985789 476
582467 369881 470
665275 738284 442
318910 300237 384
621835 898568 468
69685 847940 470
289550 169652 443
747468 709267 424
619590 111 470
97774 486328 449
889296 625582 468
637875 607937 447
558232 245436 470
983029 566973 476
139071 319799 443
766298 874588 468
102647 369090 443
958112 29091 476
957464 966613 414
923782 872113 476
329231 551952 470
453214 703322 470
371951 655129 470
288960 228601 443
289993 949755 476
403331 655195 470
353560 48633 443
67780 858778 470
263273 118633 443
839082 86384 470
132623 237154 443
297957 398522 441
275592 609819 470
400197 366901 436
762705 874121 468
207130 733600 470
859176 527145 468
818417 140871 470
947081 204600 476
764289 874619 468
648129 279453 470
87663 552801 470
279150 744841 470
66584 486386 449
630660 924516 476
245960 114879 443
668383 918562 476
884055 728049 468
351382 49441 443
702029 218771 470
367545 340252 441
117596 405870 443
722711 872470 468
605924 508173 470
256220 552126 470
461432 298851 449
447847 111244 449
766671 725870 424
94611 841395 470
731065 26393 470
559362 109525 470
693621 439520 470
171662 681563 470
479435 303726 449
622091 5950 470
486261 137323 449
159929 260094 443
716382 385123 470
766469 226367 470
112723 171024 383
463518 966640 476
769365 608794 468
61957 359179 443
988342 356772 476
160837 751356 470
979729 768490 476
474903 467121 413
439617 910313 476
853947 633348 468
702673 32852 470
846524 725812 468
482606 191737 449
380634 29608 443
391554 587867 470
997926 941413 458
59154 814041 470
221734 634258 470
988140 588296 476
961259 42252 476
194161 292695 443
949930 251139 476
804599 919876 476
225634 794293 470
443277 814563 470
590647 193237 470
929465 783874 476
742193 627485 442
333843 54120 443
78860 499329 449
44146 800263 470
127128 205717 383
908749 292173 470
174371 344001 443
961293 261399 476
808929 589546 468
792144 612301 468
973564 652193 476
344273 314784 384
384010 69802 443
614487 246222 470
415770 624514 470
245358 432532 449
649487 345820 470
739817 546857 447
509755 364255 449
962616 549815 476
762967 166538 470
458878 647298 470
77413 625761 470
638232 580192 447
412464 754175 470
180325 814878 470
527834 494785 470
759528 306751 470
377430 45000 443
412145 199610 449
372452 155365 443
651980 32813 470
132408 124135 344
567601 793584 468
388311 614260 470
115892 900754 470
673226 379322 470
613930 965254 476
730554 236097 470
784859 530662 468
822964 827492 375
40769 542921 470
816527 181688 470
835220 455473 470
138205 655642 470
288093 382952 441
181371 458446 449
741963 449475 470
225318 996177 476
958414 525827 476
662572 223345 470
551036 485980 470
657289 468130 470
700979 959849 476
417724 505618 444
619509 447839 470
194927 888930 470
471807 829969 470
332256 825200 470
323277 559830 470
527897 703489 452
161865 102820 383
192417 91138 383
904492 580319 468
918399 180684 476
119749 991121 476
705652 689962 442
275978 311019 389
518662 379947 470
112229 931479 476
225236 225064 231
591309 971507 476
955680 178969 476
7324 304120 443
79393 349678 443
356979 378954 423
889296 151854 470
548476 708272 447
966963 140205 476
708820 128033 470
534036 483532 470
152469 609469 470
350235 652611 470
706779 67271 470
969046 506266 476
289076 143280 443
712688 675328 442
659038 225364 470
974535 375767 476
818676 803084 406
559556 926185 476
517400 44157 470
852094 963665 476
120634 757887 470
888048 244925 470
971331 400195 476
825666 336768 470
631683 106911 470
396315 56806 443
176242 579653 470
637592 973586 476
64761 897807 470
200913 517961 470
463431 710404 470
214201 101086 383
984468 48586 476
3989 230485 386
495687 955201 476
145496 380101 443
161103 328200 443
367184 804429 470
507137 793918 470
74490 687803 470
239726 456579 449
446723 20790 449
340606 860596 470
638692 842320 468
617775 420722 470
469863 898515 470
671284 575707 447
916420 334627 476
194331 723802 470
452376 897645 470
101463 423259 449
46737 103132 351
808309 760721 468
86948 161025 383
188412 380509 443
556001 19398 470
361897 278315 441
695646 534000 452
514963 592534 452
813755 280540 470
694287 558822 447
200011 976537 476
578174 614663 434
106636 314494 443
284572 374989 441
804822 506839 470
98414 964892 476
889958 250561 470
258744 344093 407
832769 889776 432
900416 330414 470
519892 816637 468
254370 223348 443
24135 654833 470
195144 828929 470
510907 240880 449
425808 39055 449
535204 132538 470
927448 604422 476
351950 951035 476
767760 119417 470
778551 81939 470
352187 635184 470
959686 581097 476
697923 470525 470
229182 260364 443
233252 173013 443
635496 472203 470
933455 61537 476
446981 302209 449
220831 608032 470
566715 632096 447
612137 913113 476
122010 629938 470
842920 215686 470
869611 884382 432
211610 899909 470
532868 899440 468
811267 996120 476
444521 75000 449
242578 974516 476
197143 459923 449
335882 203981 443
910031 826886 432
812437 756326 468
343946 146995 443
923234 452603 476
963457 628481 476
676518 292835 470
708782 198882 470
362806 433459 449
574161 174993 470
616202 848652 468
953945 708543 476
207556 49636 383
57444 321873 443
637014 947323 476
284782 378442 441
669519 885780 468
861730 547161 468
459083 864956 470
903033 729365 468
459196 819314 470
22505 434329 449
437712 619856 470
811611 403882 470
392552 99905 443
996762 177617 476
645406 948865 476
965114 432123 476
48637 4944 324
52995 585119 470
253744 952189 476
274503 517640 470
655071 70344 470
848213 336220 470
209933 703318 470
274098 427783 449
447074 47860 449
244820 335591 407
780912 344011 470
934979 853016 476
996046 228543 476
560563 48271 470
273984 903009 470
440710 531100 470
18551 838214 470
254666 642952 470
251618 3503 443
135300 614954 470
707585 17917 470
367443 911870 476
41516 823504 470
507258 74330 449
90265 713383 470
605155 109353 470
116028 532527 470
449260 378756 449
707387 2953 470
559130 267423 470
595550 243787 470
229199 741880 470
498604 278891 449
632444 414687 470
293586 568828 470
488588 300199 449
134032 470818 449
867462 173477 470
550215 131564 470
386833 906384 470
325512 329723 353
682872 132792 470
164734 506143 449
378031 431554 449
478705 222381 449
798888 864916 450
66682 837111 470
848787 411559 470
304041 111434 443
521937 862660 468
676939 617563 429
154527 949755 476
929713 233527 476
898622 227596 470
810342 581178 468
783055 369159 470
77198 606021 470
832452 864728 419
610333 659463 447
900805 22938 470
454406 446058 387
799944 200908 470
256540 294259 407
383698 217344 443
332966 222282 443
875606 181458 470
68413 490118 449
190185 485625 449
320300 861460 470
614741 242217 470
387847 796852 470
376894 892923 470
358050 138616 443
493650 251362 449
657797 717232 442
50697 326124 443
995251 487445 476
472432 596239 470
715936 59360 470
577802 821266 468
632438 718388 442
215121 563949 470
423895 815425 470
127904 542776 470
116287 934990 476
634144 990846 476
216333 657258 470
385579 313262 441
384203 157105 443
978221 157032 476
878631 884687 370
262368 938644 476
103845 205649 383
829750 497318 470
941274 70126 476
845417 607864 468
415349 246681 449
50958 360980 443
52706 986815 476
233308 72190 443
874528 794906 468
483716 613615 470
398898 179309 443
997496 369450 476
409027 456030 449
984399 487867 476
946663 458986 476
98854 677519 470
616204 70580 470
810724 113384 470
53222 830560 470
979035 421175 476
240703 422676 449
63280 89437 351
594751 542916 452
788851 813014 468
502949 172493 449
182982 84084 383
543209 225848 470
710179 232707 470
158268 442307 449
633911 804115 468
127359 984471 476
124947 428618 449
977657 222305 476
733638 949664 476
191735 449899 449
168509 348657 443
259114 153013 443
276725 96281 443
684614 779105 468
739963 252074 470
464378 292980 449
291148 948270 476
719754 805632 468
338740 325634 366
451195 552521 470
889425 677598 468
984959 836872 476
488949 93321 449
437402 628019 470
406393 320518 441
423581 512614 470
587941 691357 447
903869 988595 476
282464 535671 470
965135 521650 476
439872 176426 449
985651 891892 476
630011 981218 476
916526 342655 476
905495 863902 432
98035 396393 443
192547 24971 383
836122 456188 470
483590 831566 470
954866 412972 476
512111 871161 468
928110 40776 476
623324 269695 470
118475 31535 354
155495 634415 470
846876 440424 470
421358 673078 470
705223 825628 468
490173 485575 382
24040 198840 383
554418 168184 470
633891 350531 470
594897 82607 470
885896 502013 470
517517 831939 468
869685 505322 470
295579 839228 470
861973 24461 470
243636 443488 449
750527 111582 470
162031 439195 449
669259 251296 470
82213 933420 476
492313 863444 470
326629 368707 441
963927 526594 476
482727 431227 444
972982 842734 476
429393 195297 449
559010 618062 447
596125 721378 447
814241 150523 470
717816 701053 411
871293 455181 470
606053 957152 476
524678 94974 470
647627 930418 476
26262 412466 449
820850 622740 468
517720 25008 470
210377 452431 449
393582 837826 470
118660 208328 383
801194 513498 468
164830 658226 470
551349 698823 447
360880 332554 441
556228 469469 470
876432 337425 470
776407 174278 470
21273 580501 470
353931 631602 470
899078 530699 468
427295 414550 418
423653 377128 449
919578 100060 476
138152 154671 375
697085 607225 447
975016 505021 476
854178 5220 470
86896 238696 443
985601 925665 458
405118 595119 470
581618 313724 470
