524440 258652 470
483405 23735 449
395797 50539 443
163342 631419 470
104961 713628 470
186136 225416 386
624776 91771 470
458708 854373 525
965110 32674 525
235287 328480 407
316209 611187 470
860682 216306 525
298991 353488 441
915308 524682 525
531299 486863 470
557406 911014 525
149788 959482 525
929195 262802 525
889046 475586 525
596221 745675 447
812692 73674 470
122955 969185 525
815641 838811 525
52752 748626 470
572356 184866 470
756533 51551 470
692843 768477 468
842144 109240 525
466299 503772 426
75082 346221 443
721747 335351 470
51352 735050 470
15643 396742 443
184500 418924 449
568358 932552 525
921395 961270 476
114616 894739 525
485134 379336 449
107361 436900 449
858484 197890 525
520204 625236 452
167550 119503 383
830513 560768 468
102918 549475 470
633373 764678 442
524288 136319 470
736047 117067 470
934671 692848 525
513259 859169 525
81501 348196 443
765498 170052 470
544559 547797 452
315739 611038 470
804386 566098 468
104369 294568 443
949910 525973 525
597783 978950 525
880308 529088 525
913023 416426 525
583627 393119 470
178997 189199 365
833537 664540 468
304227 956546 525
435562 29816 449
501759 505869 426
975484 983192 427
633738 251526 470
875104 625864 525
681367 857478 525
444367 769161 470
420348 473300 444
533887 93489 470
687581 667808 398
338185 975117 525
461795 520536 470
877518 734509 525
348993 488535 449
694933 482739 470
962933 604423 525
345248 446629 449
121614 281348 443
323944 638630 470
742583 501524 470
186469 4009 383
813083 447188 470
742281 725836 424
835461 696332 468
372965 197275 443
703917 950286 525
720067 281131 470
55599 886188 525
215811 868117 525
757201 134632 470
188676 418224 449
337649 571227 470
565825 123641 470
858114 80558 525
515682 567037 452
922497 702001 525
726492 265619 470
274724 599065 470
400475 289222 441
703571 607433 447
458249 219805 449
781424 211571 470
894448 80063 525
300275 675770 470
703050 500469 470
136449 712721 470
299664 316927 384
674928 511168 470
908115 995298 476
854850 163933 525
949912 764416 525
359632 538598 470
77763 105836 341
468357 415310 444
128047 296370 443
609475 279699 470
932241 28602 525
713519 503602 470
623535 744897 442
48467 772252 470
802458 212054 470
339536 523858 470
684094 36561 470
624613 855923 525
139517 274553 443
477185 822427 470
365359 25904 443
940550 296938 525
767974 918478 525
760256 608966 447
532444 686448 452
276124 974339 525
261700 625653 470
640883 335110 470
17346 569341 470
869339 600481 525
71285 169246 383
590205 437461 470
686063 689786 398
272072 698432 470
281860 227282 443
125737 292557 443
419360 251440 449
846955 808913 525
130272 632949 470
856877 481462 525
261063 868902 525
721854 149465 470
660488 46825 470
989936 711655 525
237814 198482 443
768314 198466 470
146161 86209 375
984120 993851 427
604170 137376 470
420415 926677 525
159252 196695 370
299851 921436 525
516968 1428 470
400416 648971 470
413609 801155 470
430838 150147 449
392855 341621 441
667610 718883 442
762422 511275 470
661317 425666 470
452888 309456 449
156790 538666 470
978450 436817 525
239846 756790 470
208118 731378 470
122730 607483 470
195934 877752 525
911074 581819 525
890055 302403 525
157094 580406 470
143096 934417 525
996891 25830 525
79926 559104 470
194176 560878 470
544128 820868 468
468355 596481 470
40635 542112 470
71872 99284 351
319596 916569 525
699819 916020 525
505315 308282 449
464300 620295 470
464130 841575 525
846639 337137 525
926406 702691 525
252468 251650 319
730350 90386 470
37902 540321 470
439137 50621 449
649395 277008 470
497893 9591 449
825552 460384 470
43338 679672 470
646096 685551 429
456478 154496 449
581327 139804 470
757476 432179 470
594839 540978 452
981899 309867 525
782933 356537 470
748830 578078 447
996065 142558 525
333851 709956 470
380828 123969 443
693707 788377 468
805403 200889 470
54511 242962 443
687052 410647 470
871604 79398 525
827160 501019 470
196765 675082 470
477488 677461 470
747224 887930 525
10710 775597 470
260987 179318 443
248980 79923 443
44256 687468 470
716182 760699 424
969290 704179 525
822690 433200 470
564814 805678 468
265852 656984 470
256142 967449 525
735124 287565 470
258460 353256 441
347644 468847 449
104259 110177 354
108223 711910 470
294693 424327 449
87159 944214 525
104678 296028 443
939913 632994 525
142834 978554 525
854617 87646 525
869922 791178 525
6551 828060 470
913197 65094 525
123135 469397 449
679158 309885 470
818638 918499 525
463457 298579 449
944742 803092 525
984254 660907 525
321232 962206 525
24128 747259 470
860536 514669 525
655647 979914 525
280454 492282 449
347042 643476 470
311390 275262 389
96918 83063 333
547496 99747 470
630757 576623 447
865616 720657 525
606998 726877 447
641537 907913 525
726771 78732 470
829985 829997 238
618886 809592 468
342976 536078 470
380485 762874 470
60523 686376 470
693808 799127 468
238389 400192 441
510781 424491 444
39476 591991 470
399714 922844 525
408604 448157 449
782158 765855 468
534855 760508 452
453016 904225 525
701316 677413 442
973306 653777 525
408971 59282 443
752480 281659 470
279648 32472 443
896038 70744 525
392364 524108 470
184170 594468 470
388044 530041 470
868480 169629 525
889526 619150 525
326366 971342 525
526925 709419 452
996431 92136 525
132833 464700 449
433338 906330 525
477503 755788 470
766792 461133 470
251088 505429 449
326908 257555 407
868152 894086 432
706974 707032 230
69087 341789 443
74686 753797 470
223762 901099 525
114198 638367 470
704598 697212 411
583897 544109 452
689462 833437 468
108573 916734 525
279181 743775 470
489706 575617 470
870126 319045 525
513890 346246 470
309244 258975 407
966937 834664 525
477078 9912 449
320001 137650 443
593732 336278 470
344104 736452 470
723381 43623 470
730723 557283 447
664879 622099 429
648656 198338 470
659139 611426 447
51151 620999 470
118407 301861 443
462338 181941 449
888201 980454 476
918293 743246 525
389589 307801 441
715581 739217 424
357682 567774 470
628944 501428 470
791578 471166 470
299821 847661 525
161709 913901 525
568678 925728 525
882417 591471 525
626661 569778 447
550784 653452 447
995898 974531 427
477120 645456 470
512773 322004 470
588197 830581 468
684827 105619 470
871247 608417 525
19453 288210 443
144859 156867 383
181348 103277 383
92371 610557 470
125733 262954 443
173999 59290 383
675616 571487 447
245842 401013 441
363957 459648 449
457105 615973 470
745324 753343 424
271256 342218 389
796725 68771 470
262522 727331 470
473551 586864 470
676039 407256 470
964116 601312 525
608120 120295 470
695084 157351 470
62548 902862 525
680085 302582 470
69431 33252 340
375129 956441 525
515097 890726 525
806963 171551 470
324662 679375 470
374308 608021 470
163308 529757 470
386936 370880 423
877994 835986 525
103861 971162 525
488209 811959 470
759435 62789 470
652571 157613 470
824944 780215 468
187464 414586 449
543327 955926 525
394582 60398 443
595943 232235 470
666162 641216 429
612828 98389 470
79848 275516 443
121707 181897 383
469553 674422 470
446025 702060 470
764321 419243 470
8591 854038 525
224155 612669 470
474928 33409 449
569888 177361 470
179245 234003 443
903620 14118 525
315961 655915 470
746907 951523 525
451025 545940 470
485780 919982 525
9779 559275 470
4866 65256 340
531951 479204 470
317273 580090 470
649340 960542 525
552574 877255 525
938114 73023 525
752150 353313 470
25120 812358 470
539292 399610 470
586434 419589 470
880889 505519 525
166395 303437 443
838215 268645 525
66679 595716 470
416189 877705 525
907474 886451 401
363702 166008 443
846650 483244 525
51986 646954 470
857811 618476 525
363666 37668 443
914444 388324 525
862073 652897 525
404891 849159 525
378528 708495 470
611685 619746 447
554741 12315 470
628794 541756 452
808142 740050 468
661653 436478 470
649839 994537 525
257353 762196 470
278103 629266 470
646194 24554 470
894672 380315 525
40802 121342 354
246829 695663 470
435336 413481 418
485133 776795 470
174829 205581 365
544841 254757 470
323501 492314 449
908472 611278 525
650931 280922 470
787634 925322 525
876236 535560 525
474128 776393 470
662990 805746 468
853555 168151 525
741352 899065 525
849000 149368 525
448959 537366 470
868089 403990 525
928391 796035 525
163595 458033 449
196581 267552 443
385951 308282 441
310320 313358 384
505430 216224 449
892040 472190 525
712416 130389 470
351365 78378 443
866123 701236 525
240445 410205 449
555259 134949 470
314877 236271 407
858553 195995 525
37065 456933 449
448742 513014 470
455153 648193 470
770509 968584 525
618208 707080 442
641033 360638 470
947111 470341 525
771239 711795 468
270666 132430 443
386475 572560 470
557721 524094 452
337289 415368 449
728616 829458 468
834105 748647 468
313106 117391 443
214053 893549 525
136891 142003 344
953834 460748 525
665216 227490 470
479436 440651 444
109532 694159 470
191690 477618 449
911977 205278 525
526029 337254 470
762518 618544 442
795534 795563 225
874831 411281 525
28213 179719 383
849587 515089 525
2653 572475 470
87561 443532 449
210594 255646 443
380045 925522 525
530633 312894 470
320 867453 525
984174 437962 525
347489 358689 379
62930 901773 525
952761 607909 525
766661 320270 470
448319 151878 449
670527 334585 470
920175 413586 525
53334 566136 470
918984 703292 525
361105 241444 441
286552 53854 443
54862 694955 470
870829 860840 388
197110 552884 470
148457 158265 383
968483 777056 525
751481 502387 470
674144 904958 525
903640 858858 432
698953 760706 424
811659 592636 468
301079 631311 470
128282 645396 470
95666 403672 443
706325 251786 470
573286 439886 470
996778 93735 525
22363 31984 308
609085 621120 447
780411 121917 470
747969 377432 470
825814 598571 468
468730 560701 470
340084 890867 525
951734 722796 525
19907 764413 470
286844 464297 449
598979 198963 470
579834 217500 470
251529 974874 525
545370 726727 452
292616 128990 443
134927 632934 470
864653 753873 525
163047 648758 470
105337 708997 470
341652 170442 443
629035 688538 429
609624 814726 468
21835 747572 470
153702 291611 443
449939 827015 470
56753 228024 386
411658 37340 449
80767 42754 351
125271 462074 449
694476 739626 424
38091 24347 324
89280 533756 470
466559 523177 470
592198 554791 434
432822 290976 449
580858 481434 470
350156 49663 443
733073 853117 525
327796 450063 449
202347 977566 525
515097 467701 470
100684 807084 470
85668 297854 443
491372 891743 525
173997 643679 470
946943 534261 525
320256 323482 371
611312 569214 434
753413 936664 525
620116 768316 468
148403 922589 525
679594 733859 442
330059 722621 470
581860 284002 470
764653 912787 525
443215 756465 470
579297 113011 470
492206 361257 449
280155 198574 443
305397 698450 470
302294 840453 525
491373 823590 470
17184 683398 470
957292 791195 525
848270 534095 525
57326 435902 449
700702 776496 468
118625 261145 443
998221 857344 476
67990 696899 470
238359 92188 443
141199 660820 470
126544 230626 386
947016 311253 525
30337 189260 383
479151 115915 449
706961 111818 470
22015 876666 525
451 448113 449
279887 148625 443
479141 57019 449
474155 571002 470
789903 433318 470
599577 987361 525
842440 34310 525
508044 874626 525
805107 339244 470
997139 523010 525
293161 713158 470
620783 613124 447
60980 366405 443
510601 321902 449
971731 702130 525
99119 855553 525
11113 126201 354
269760 355629 441
636216 957559 525
123581 453372 449
806225 421680 470
249034 357880 441
628567 835831 468
108531 255218 443
672311 2007 470
914423 968448 476
650013 511941 452
157007 282682 443
349876 138274 443
768476 74561 470
412001 736980 470
759289 402237 470
785682 118328 470
47175 9699 324
479094 157203 449
114085 278481 443
518401 8247 470
72646 520048 470
870227 667343 525
701237 643841 442
449577 278142 449
15593 658747 470
234736 520813 470
984862 169906 525
941318 139942 525
71370 18095 340
669557 169472 470
375833 475540 449
432106 694794 470
303599 959858 525
494005 55592 449
832503 56925 470
12154 237762 443
659226 753839 442
548548 828696 468
728580 174704 470
649685 317469 470
908938 784878 525
833964 709915 468
867058 983365 476
9577 398334 443
516841 238421 470
557299 976523 525
769115 438038 470
55740 223069 386
693299 924819 525
901041 789310 525
616876 763846 442
878672 223091 525
134852 152528 375
81888 835442 470
478956 522976 470
439562 574495 470
205105 810341 470
515551 509470 470
697682 564624 447
172379 747261 470
560513 68834 470
153974 605141 470
566904 392971 470
635326 645336 416
474948 361156 449
311378 740670 470
679304 738338 442
653088 685255 429
366969 553349 470
545558 990123 525
572099 366697 470
641260 410961 470
283693 464325 449
410805 443581 418
550058 412663 470
54383 492466 449
345179 145675 443
148893 668726 470
814732 771158 468
148971 206025 383
403225 581465 470
634509 296507 470
278795 332870 389
502953 743473 470
418494 718164 470
141554 203561 383
694423 98695 470
982931 948375 458
309861 984870 525
746708 14013 470
974594 458290 525
100652 326655 443
279901 713991 470
436666 893346 525
836239 167912 470
950117 429359 525
870416 122526 525
235463 856967 525
144120 812691 470
166716 955202 525
251912 764122 470
918281 66149 525
584381 788497 468
599807 170555 470
500924 612039 470
128144 833987 470
546635 88553 470
640138 494542 470
869114 183200 525
961923 314038 525
343526 429955 449
393528 346886 436
298017 363471 441
342038 94292 443
146661 505252 449
142198 606171 470
683379 844327 525
740277 169137 470
267815 394245 441
785172 276165 470
642958 331074 470
70129 11965 340
664312 421156 470
199150 207885 373
791723 932758 525
814044 721089 468
797510 992328 525
711255 975023 525
778333 393943 470
702023 461613 470
223264 199616 386
125067 250425 443
586826 78500 470
507944 675923 470
543302 224612 470
991342 281258 525
857399 865563 388
780034 785444 362
596399 828874 468
64837 310525 443
230209 367817 443
571883 356329 470
18272 465311 449
138622 42590 354
966084 132267 525
490426 951738 525
549091 795872 468
697320 500364 470
348061 733643 470
627272 143341 470
717515 650710 442
80642 871811 525
617648 920605 525
189812 404738 443
780160 713966 468
98661 193428 383
449729 224896 449
898499 859419 432
45411 471331 449
290198 968356 525
220001 693608 470
466704 105938 449
960471 204550 525
265755 66778 443
568865 654705 447
729565 592950 447
590566 68010 470
826379 506266 470
15670 675972 470
238227 266776 407
369201 532586 470
799875 959721 525
627218 127540 470
385874 464140 449
248392 731880 470
785772 88572 470
994432 8137 525
381983 272742 441
627752 496035 470
250449 48890 443
21099 945245 525
641172 832325 468
691362 108255 470
663821 768069 468
278595 529278 470
403076 298884 441
31325 69203 340
619000 839731 525
930488 391985 525
649650 444681 470
686902 404428 470
126336 134513 344
480941 689197 470
636290 116722 470
978151 299982 525
523235 474393 470
850805 898093 432
603205 26343 470
762957 101370 470
691172 968209 525
535322 89133 470
483422 592575 470
996378 961010 458
521299 856026 525
847334 82825 525
673848 811930 468
721199 669337 442
820053 960016 525
499912 151464 449
185778 377282 443
868609 454727 525
96177 89489 333
32305 176021 383
741275 518475 452
497901 787382 470
920553 997755 476
833119 418320 470
631815 287342 470
354105 472342 449
800257 738455 468
764632 318673 470
405597 259763 441
872462 566775 525
758241 519021 452
642148 979112 525
699950 877449 525
8638 906705 525
60049 398931 443
72305 242399 443
785214 902074 525
523592 278329 470
778973 430402 470
404225 526949 470
636518 704443 442
602001 519086 452
141056 89182 354
797441 827825 450
599861 361331 470
933148 83630 525
841346 93107 525
660474 543978 452
968890 782660 525
633177 859861 525
772809 956058 525
963993 41867 525
38799 341661 443
637630 270177 470
859308 874999 432
182451 115623 383
453742 730692 470
443161 943099 525
934051 797730 525
868107 753927 525
914166 15351 525
327337 490424 449
854919 769032 525
111337 873728 525
560486 109553 470
425440 175065 449
298078 902835 525
391146 930991 525
599485 144221 470
293167 504733 449
921277 578098 525
569782 568608 359
989860 452248 525
834132 36619 470
838245 706020 525
35362 711635 470
253325 142394 443
721089 928228 525
595592 166275 470
246411 770014 470
727660 484755 470
689771 19527 470
93614 759896 470
182228 858935 525
828125 580484 468
334257 481559 449
142420 276488 443
452979 196990 449
133645 38404 354
282765 316680 389
594771 523404 452
73426 92283 351
364165 631175 470
882791 245574 525
247056 414570 449
154194 176647 383
565589 153671 470
774491 766211 468
949792 466577 525
14491 798117 470
68702 956221 525
981209 419888 525
619074 299735 470
470180 731841 470
38490 875374 525
396066 549527 470
90364 991714 525
301110 619545 470
680255 534841 452
793514 85372 470
6036 381450 443
151613 797754 470
418937 239273 449
744755 143246 470
178075 670960 470
368079 424882 449
618051 933528 525
65941 470534 449
117347 922722 525
527501 67385 470
654635 950085 525
678050 25031 470
670839 300291 470
660916 155097 470
416629 517261 470
7358 221821 386
958270 149784 525
425626 965945 525
539081 250891 470
305398 633345 470
49497 269908 443
730128 50158 470
945591 102119 525
517326 177811 470
74098 968188 525
565639 254161 470
511398 483965 426
577588 81099 470
704564 751032 424
48138 754287 470
914519 549314 525
261809 147325 443
204483 745313 470
924818 760479 525
991333 842998 476
973792 123215 525
483136 199109 449
48867 800124 470
163044 800612 470
96549 191441 383
847913 659264 525
576473 742186 447
749396 816732 468
786263 878091 525
395946 673423 470
889968 971793 476
236073 855179 525
338088 909408 525
236363 114194 443
501011 375425 449
812172 824002 450
502692 802973 470
984590 473110 525
437722 46875 449
744169 187819 470
382455 228476 443
220080 722017 470
869664 874122 432
402775 540182 470
786218 423235 470
848896 589582 525
974590 417289 525
9090 108625 354
171503 197624 365
562542 350538 470
300859 737825 470
416467 415037 387
553094 315560 470

