1 1 1
1000000 1000000 153
1 1000000 476
468775 462124 413
716408 71773 470
800992 70434 470
151470 959636 476
629019 482055 470
980329 56429 476
100105 651607 470
137217 334758 443
364099 696650 470
18006 637288 470
586950 73503 470
714415 7320 470
637791 836577 468
849172 579721 468
107342 872644 470
560990 740492 447
230421 580495 470
493892 857967 470
231635 326846 407
482309 264644 449
590869 150941 470
991565 325856 476
733958 613129 447
272749 369966 441
694010 386827 470
621663 974507 476
360081 178601 443
93445 603657 470
32489 827728 470
517595 874662 468
137825 984432 476
682621 794315 468
121741 595096 470
115097 151298 375
733924 533105 452
964904 876194 476
147165 105576 375
126573 588193 470
611236 839078 468
876030 735986 468
632350 901560 468
982774 710089 476
990212 753030 476
469352 54780 449
257274 134160 443
933235 440106 476
868540 299831 470
620555 367847 470
205357 483722 449
246865 680076 470
602853 940414 476
896976 814934 450
668305 553080 447
204105 411444 449
806421 917679 476
407954 303688 441
387632 18667 443
822059 164386 470
566729 96609 470
702590 58887 470
361761 74659 443
504003 952823 476
236842 958733 476
31348 780140 470
97633 955311 476
54668 22962 340
304470 661123 470
537889 880691 468
35711 570634 470
752725 13030 470
92639 320032 443
197550 530001 470
27288 540560 470
421862 371868 449
295870 929385 476
568866 472754 470
993011 162776 476
691861 134021 470
605776 574242 434
674559 846954 468
141534 99361 354
891086 398994 470
929978 849397 476
578377 473760 470
377173 817391 470
261787 112331 443
958256 643280 476
474209 341711 449
775522 68673 470
439618 996160 476
79830 697305 470
353872 258017 441
255886 943747 476
388798 726885 470
905684 600830 468
569973 889546 468
829468 285340 470
234285 707641 470
899842 131876 470
860270 666191 468
52207 496395 449
682408 33221 470
873489 103772 470
649918 269245 470
561166 27865 470
971337 495081 476
345864 127873 443
698008 677463 442
823394 81401 470
542804 724114 452
25806 952511 476
404829 993457 476
476150 312102 449
876485 818830 450
917883 288343 476
346224 523080 470
887404 566487 468
178450 56611 383
807001 280225 470
851475 830457 419
815524 940839 476
865077 535678 468
125388 35813 354
691113 741320 442
297046 695074 470
33854 845463 470
455876 870999 470
191046 517306 470
141440 807303 470
362449 112994 443
175385 182384 365
339438 673860 470
661783 204231 470
127489 22983 354
992501 106891 476
702727 164425 470
520230 952557 476
284420 659274 470
383077 378739 379
217187 903547 470
817204 946530 476
799873 265282 470
177732 43876 383
172450 851574 470
803204 876813 450
677949 271101 470
805192 942054 476
953393 133586 476
842139 515816 468
371800 184936 443
945353 116719 476
356787 915233 476
505095 604650 470
521949 196500 470
595973 562817 434
549118 8120 470
923437 876866 476
212728 590049 470
806910 972746 476
982001 427397 476
780163 4130 470
188251 314705 443
585817 390547 470
831571 374227 470
568399 498977 470
719328 309719 470
729170 934519 476
778265 365765 470
995960 859834 476
62729 432336 449
582580 998427 476
193412 485320 449
664868 493434 470
704188 85919 470
984253 591417 476
49020 975350 476
404744 199793 443
826583 895975 432
895533 726844 468
117183 645952 470
888971 254908 470
694666 31773 470
472419 20130 449
275499 821488 470
412551 376328 449
897774 21155 470
581971 905827 468
984916 798028 476
960527 106748 476
641912 156254 470
17505 134049 354
256411 34246 443
945929 400799 476
532619 837742 468
916485 456397 476
672893 548425 447
246098 450176 449
540032 455269 470
135024 661576 470
282771 244250 407
416324 32260 449
87537 651750 470
582886 370822 470
431549 138012 449
209705 917401 476
455422 69168 449
772916 253324 470
847893 709910 468
782114 120015 470
940952 923530 445
88785 571778 470
550551 852086 468
211203 28632 383
466245 6648 449
524963 218238 470
392542 136059 443
208322 700088 470
575369 962388 476
902833 650419 468
309021 372209 441
152301 852986 470
12078 935064 476
816846 388612 470
585228 683983 447
823954 345593 470
319572 937601 476
814614 983349 476
710915 569447 447
470249 173329 449
153702 537157 470
564875 614015 434
637676 672879 429
77024 271012 443
251014 705839 470
17196 728502 470
505567 239025 449
979176 654996 476
243057 934172 476
807361 384130 470
155439 472701 449
187214 690383 470
758338 954993 476
412330 199929 449
993377 276378 476
59087 518436 470
503352 675396 470
808657 80487 470
23668 88420 351
196199 929386 476
264072 164416 443
638325 121489 470
116670 794617 470
692508 215751 470
19329 794091 470
135842 357113 443
828044 935689 476
115626 791348 470
607463 881558 468
320558 259449 407
335694 683395 470
848805 611150 468
637680 429846 470
208070 150081 383
310865 307919 371
672752 677136 385
587484 815019 468
44651 933993 476
789788 109184 470
716138 165304 470
277632 517323 470
818577 815970 344
362282 34750 443
153737 958978 476
165984 244001 443
552302 909626 468
243707 456952 449
281086 623608 470
151674 41417 375
129336 899232 470
46701 831937 470
844584 108171 470
831002 244169 470
659775 164498 470
319083 213255 443
755922 708356 424
396451 358818 436
638372 28457 470
164336 842648 470
569759 76704 470
620238 229919 470
399043 38622 443
511074 290727 449
353551 314809 441
613808 85983 470
619740 441553 470
847916 870147 388
828436 432794 470
304671 313049 384
881582 261010 470
490142 293980 449
910088 711178 468
821993 53509 470
536147 639831 452
694560 801907 468
28427 750311 470
232345 977840 476
384839 355706 423
188998 226913 386
855116 242518 470
317017 826919 470
924237 670991 476
932789 725117 476
317745 752125 470
332302 572544 470
161332 926729 476
174708 141419 383
29581 38514 324
944163 293852 476
252538 541023 470
124713 233594 443
513841 707353 452
778678 117268 470
470427 321925 449
805945 227508 470
851347 225188 470
279670 817649 470
252049 255000 363
903359 426106 470
630490 582510 447
814949 928279 476
332764 175714 443
675406 844828 468
328418 140501 443
222544 457366 449
219501 986796 476
245173 96105 443
502329 446569 444
238343 558708 470
507329 330760 449
837379 995600 476
419802 53869 449
496554 754173 470
793263 877696 468
777654 612851 468
7055 629930 470
44390 555658 470
191203 638537 470
320471 738952 470
244040 889581 470
562367 584173 434
701910 963915 476
622173 993961 476
385286 137292 443
731653 533721 452
941945 138798 476
425486 46663 449
635389 454125 470
439845 577616 470
985442 733029 476
271919 669353 470
158066 814426 470
766595 64903 470
322655 117960 443
308468 600311 470
547662 667419 447
940495 604532 476
189165 809304 470
5026 436596 449
142036 768868 470
708610 884951 468
769665 546388 468
348896 29837 443
805719 297950 470
810083 826760 450
30221 267940 443
332838 107672 443
62254 544504 470
495211 916093 476
182914 394589 443
803028 93493 470
704624 701813 380
281394 816385 470
36784 78214 351
983346 347140 476
262678 550068 470
387374 606173 470
738959 328311 470
242417 299224 407
956451 65673 476
537155 240589 470
659903 175532 470
919767 201710 476
14301 241552 443
75034 84206 351
426658 282546 449
277566 467435 449
484747 653609 470
583113 612892 434
358011 662388 470
894286 821214 432
920940 558503 476
442744 632325 470
805490 414443 470
66756 735176 470
566652 557884 421
31268 610822 470
154076 638228 470
36958 871002 470
922692 114255 476
495486 974150 476
486555 935125 476
110014 501724 449
822677 453614 470
293259 459969 449
165421 158223 370
979752 135719 476
397030 640036 470
944635 879550 476
836208 320417 470
828249 815581 450
554139 857339 468
683920 884458 468
606196 820940 468
15778 814509 470
857570 183008 470
954092 585815 476
402364 400466 387
427543 702874 470
928244 389513 476
934973 123829 476
762509 484935 470
793635 7620 470
750485 558197 447
546555 535237 377
563452 828287 468
548587 937156 476
510839 540880 470
618891 516312 452
440205 614230 470
46950 894403 470
848582 554332 468
169960 929097 476
900032 427205 470
201293 750624 470
646809 442781 470
982909 148523 476
385308 752721 470
859041 102740 470
743027 393599 470
924075 598056 476
789057 917197 476
484540 986733 476
188137 141344 383
693203 71553 470
177120 627474 470
962767 769854 476
932735 945285 445
947250 688950 476
720804 520154 452
591096 194224 470
69618 875597 470
989207 583474 476
93974 380930 443
575510 794546 468
11411 193350 383
463317 668000 470
838450 944038 476
597684 162550 470
232227 859479 470
748107 78245 470
451642 432027 400
269327 780824 470
452247 457879 369
988657 140418 476
200316 245954 443
540207 398719 470
394149 67761 443
959473 961021 352
914401 466215 476
376250 172944 443
490278 870466 470
199418 986424 476
264753 74119 443
274132 45537 443
169463 525864 470
110060 129885 349
278756 54388 443
428753 81856 449
602395 603489 297
958885 313675 476
97700 788742 470
620026 741249 442
34473 603601 470
978754 523958 476
229816 400710 443
135360 303058 443
85008 353291 443
5017 726083 470
802885 961820 476
294255 920608 476
641713 812810 468
341692 237945 407
570330 719361 447
391423 25856 443
229372 577275 470
798124 409065 470
674689 755818 442
124829 57328 354
981594 608897 476
87514 703065 470
422379 740183 470
825053 734026 468
594567 984900 476
28725 531171 470
573665 681274 447
52412 347953 443
891711 696287 468
242793 434405 449
901720 843225 432
378199 797891 470
878134 782588 468
285528 462142 449
24713 233305 443
416488 337137 449
413810 337785 449
407610 844659 470
764791 322210 470
422892 257792 449
884366 172528 470
383604 307359 441
537911 907013 468
26677 984318 476
498405 167832 449
101286 624298 470
528371 276892 470
912646 298975 476
90256 605392 470
852686 258707 470
652003 91813 470
519208 671814 452
557059 9680 470
518272 188126 470
561891 634331 447
69008 917884 476
309104 286967 389
85646 261839 443
200543 344643 443
498559 654305 470
362311 196462 443
194200 688248 470
652413 799070 468
103268 279855 443
951776 438671 476
647109 499849 470
300693 542107 470
964241 449743 476
795272 896181 468
82077 93457 333
542255 432217 470
473328 268216 449
385625 811995 470
242244 193355 443
564684 411504 470
522741 671651 452
940864 940591 277
538652 835004 468
939273 859435 476
175725 724801 470
891057 956845 476
845693 216982 470
33922 940770 476
884625 802839 450
30727 657995 470
720925 518797 452
499806 607837 470
572806 881864 468
715769 743783 424
490672 32252 449
335763 167334 443
146794 410523 449
733770 209944 470
892820 203987 470
284268 571789 470
255068 485400 449
726629 640187 442
218210 436885 449
562933 845863 468
359899 302845 441
294395 931843 476
142017 747975 470
185407 307618 443
438646 109871 449
159223 240309 443
686562 630503 429
375613 494934 449
880909 126807 470
18357 177468 383
6924 717820 470
829208 957224 476
397961 164340 443
965047 549236 476
940770 96742 476
826176 322594 470
10839 907610 470
606298 167379 470
513829 368049 470
448467 300609 449
433528 90018 449
256370 520771 470
842380 801762 450
406579 530835 470
417627 29394 449
834926 341250 470
124193 184877 383
229002 437291 449
874908 249199 470
348739 349207 291
659313 209181 470
818412 498978 470
844178 157390 470
85857 714098 470
92096 496839 449
628541 596648 447
618836 5626 470
901147 15009 470
315901 611392 470
965610 345955 476
601557 601472 266
222106 736427 470
731852 651815 442
168253 577154 470
702481 496238 470
653859 584409 447
803070 277310 470
669810 371504 470
347337 621126 470
312243 158261 443
95776 260474 443
196935 314525 443
411886 594342 470
263889 762906 470
248686 916506 476
608372 876268 468
649111 171814 470
702199 397104 470
562095 6115 470
127865 78768 354
425545 564185 470
738138 202662 470
148052 959760 476
975052 860800 476
833149 592745 468
934731 909795 476
833038 520922 468
648301 800144 468
493149 906927 470
964185 63816 476
254563 156012 443
363339 103471 443
618225 736064 442
16540 68267 340
843059 828619 419
401642 24031 443
149484 898029 470
838737 329701 470
630519 985723 476
372435 117292 443
34587 37437 324
533049 39220 470
77235 853537 470
642244 994690 476
963479 316044 476
493731 375965 449
358095 390645 436
435902 485638 444
128091 28035 354
110839 167694 383
799804 496078 470
362891 367953 361
822429 862807 419
120097 293601 443
410461 319990 449
372965 76874 443
949488 787949 476
727731 364553 470
692877 774595 468
394924 52793 443
751344 775047 468
889174 465878 470
183066 593011 470
162466 637894 470
328874 840985 470
370541 997871 476
405287 533676 470
981022 681822 476
767487 127391 470
471789 899185 470
185072 577989 470
439472 266566 449
935283 990880 458
540470 788230 468
511612 218830 449
320651 210687 443
270044 326776 389
654975 807780 468
390949 187623 443
214554 263075 443
121452 598919 470
106174 207912 383
381340 217583 443
588150 146366 470
464962 298278 449
556370 952440 476
752225 690827 442
315701 860184 470
53724 802961 470
4467 884014 470
458200 266979 449
923494 904380 476
324943 862335 470
936249 233022 476
369390 840939 470
52909 332393 443
627128 177870 470
288699 505460 449
449645 427486 400
895696 794912 468
584586 803383 468
107232 34930 354
823956 820328 375
605414 984002 476
665602 337348 470
24782 733914 470
926491 123315 476
938879 137819 476
270697 129894 443
941626 829486 476
170679 501410 449
631591 516097 452
907371 977186 476
534866 618613 452
832715 749131 468
260993 6563 443
267744 25824 443
476452 528210 470
89931 524073 470
601499 272415 470
275488 859909 470
488688 15094 449
405404 343191 441
725192 101045 470
418476 993466 476
616096 91004 470
700230 689505 442
352088 864142 470
933530 240832 476
342560 507833 449
4865 826863 470
203878 249346 443
659697 687710 398
432646 888241 470
530929 170434 470
365064 673600 470
626446 235521 470
626023 336791 470
354894 310578 441
905378 38368 470
693194 941706 476
563863 316770 470
155056 37762 375
267406 736849 470
806568 628663 468
576156 827860 468
693190 966162 476
173305 73389 383
691818 483936 470
208822 169807 373
982314 603619 476
54542 505189 449
44770 624344 470
619539 827227 468
331941 965599 476
258546 366522 441
540734 846693 468
221199 260755 443
712243 80819 470
536179 985572 476
226788 37724 386
201873 639629 470
128546 986183 476
563937 354079 470
113810 965964 476
800225 800918 318
947520 58712 476
504792 759924 470
34700 428127 449
465255 970526 476
366518 782079 470
861566 42838 470
85175 972722 476
279289 31123 443
467435 295459 449
126767 383361 443
213554 673534 470
273117 372178 441
546519 322298 470
982754 785226 476
775932 675619 468
512196 607241 452
661515 326702 470
56200 661326 470
123159 486484 449
82808 693623 470
587571 995070 476
480678 183400 449
536018 235094 470
357090 239638 441
623301 390645 470
771356 305622 470
75026 371378 443
165844 34569 383
938408 378631 476
765653 622231 442
161234 528876 470
758021 86500 470
404287 169537 443
633781 469357 470
954472 523191 476
675805 703183 442
98996 78403 338
213083 931211 476
845415 708903 468
924179 401088 476
928015 847563 476
170068 660790 470
627879 167593 470
63901 677797 470
52200 130599 354
744046 675245 442
167775 449644 449
106780 932893 476
64320 985148 476
76283 536087 470
635100 842470 468
342175 72512 443
105613 472217 449
378556 574364 470
615391 387826 470
473604 582692 470
363736 709656 470
445049 70985 449
667036 120860 470
694384 106708 470
643541 977452 476
261466 552336 470
140855 253565 443
581200 811513 468
952063 722501 476
715282 611354 447
328357 275282 389
934518 78471 476
289144 560507 470
661039 914193 476
255075 192911 443
944736 303515 476
85080 622667 470
844583 302678 470
685388 383490 470
312989 841910 470
976724 844811 476
440166 152653 449
155238 781793 470
205512 382755 443
863418 46628 470
204292 398430 443
99144 375613 443
170463 288394 443
434189 898653 470
500246 883452 470
387924 231370 441
396123 683884 470
607597 124677 470
697188 947359 476
843526 522717 468
939361 331688 476
575654 537206 452
697722 409589 470
547380 284791 470
803290 576731 468
393207 753666 470
597859 359685 470
8673 866764 470
993009 896997 476
304207 690971 470
733266 414466 470
508950 305361 449
928336 844802 476
246253 186143 443
615715 352197 470
189465 91984 383
842447 413918 470
224831 340617 443
513634 283945 470
697657 56114 470
45320 117687 354
498652 435902 444
680667 772253 468
459193 337643 449
180889 313295 443
767483 518240 452
486161 557302 470
891948 670785 468
856828 557361 468
803895 999937 476
951456 800702 476
128371 452231 449
275848 27983 443
220325 875011 470
445927 7096 449
62590 316202 443
747431 298413 470
312853 396806 441
546640 33693 470
788718 189048 470
208910 997515 476
173115 315250 443
315569 847933 470
746722 46069 470
134779 142156 344
509744 21391 449
498241 943399 476
142287 843190 470
463168 176683 449
870752 196885 470
397754 574152 470
457070 346168 449
418367 4662 449
208262 816075 470
428040 217653 449
115754 829961 470
358312 548011 470
976982 598336 476
600306 926400 476
626308 870957 468
25951 618697 470
207855 258324 443
446540 478478 444
759861 704668 424
833371 138152 470
248253 151798 443
133995 487128 449
586586 871585 468
57623 989560 476
110162 164667 383
774571 879536 468
434021 123838 449
77119 38177 351
617729 942921 476
182971 404978 443
84207 815302 470
27539 104831 351
795604 811092 468
587566 82471 470
776071 247837 470
506128 927773 476
189465 976917 476
47864 748097 470
829456 696281 468
203305 398022 443
60140 869843 470
582480 112165 470
957187 84892 476
590486 603359 403
642733 711051 442
261538 986336 476
581604 537850 452
43022 466144 449
912162 662624 476
767376 590905 447
721953 276524 470
27167 10090 308
546505 153555 470
177501 102368 383
269046 586120 470
229979 541165 470
29569 230209 386
973659 851443 476
713588 824386 468
761055 277778 470
84092 28937 351
530967 831706 468
644604 695031 442
805014 215388 470
876971 718459 468
590973 428976 470
584327 258503 470
353630 260721 441
687940 509705 470
472584 531637 470
975998 402795 476
