1 10 20
100 200 125
201 210 89
900 1000 174
1 1 1
2 2 2
3 3 8
4 4 3
5 5 6
6 6 9
7 7 17
8 8 4
9 9 20
10 10 7
127183 190619 383
551443 846297 525
139838 330395 443
527341 923375 525
155566 635714 470
32804 503300 449
132497 525725 470
129526 759314 470
63558 118273 354
861463 917522 476
394844 502391 449
133189 991410 525
568231 670162 447
829854 943632 525
61986 890487 525
405753 775464 470
105715 424201 449
778678 812497 468
59616 84380 351
24887 411027 449
414811 853912 525
909106 994586 476
817050 956299 525
432371 881804 525
348786 597562 470
242165 966510 525
198265 675375 470
457629 982592 525
39923 596655 470
489111 911526 525
257893 740192 470
695 945173 525
325055 808636 470
375323 767804 470
71570 469782 449
35144 628342 470
300772 460197 449
461008 652651 470
81234 700953 470
47675 869369 525
131585 571978 470
65669 889594 525
509897 797127 470
28894 573337 470
350799 616028 470
646971 977671 525
37300 509846 449
882770 978702 476
327172 491516 449
417062 471694 444
480242 557377 470
915550 968948 476
656481 758953 442
893875 905946 401
669213 898680 525
660081 841355 525
463540 616262 470
193564 630134 470
160853 487439 449
611774 841629 525
360352 526667 470
257526 514847 470
571663 725553 447
488071 631086 470
557980 561924 359
705083 798458 468
135697 186468 383
274084 301562 389
816674 968364 525
343021 710187 470
226066 314091 443
930171 983416 458
292566 588605 470
106107 592379 470
431787 949265 525
135886 900886 525
347365 890323 525
255976 953191 525
21357 678548 470
138165 843119 525
250416 819333 470
379702 937979 525
216196 222021 386
759934 951162 525
654141 848495 525
533432 618557 452
595912 782708 468
863228 905267 432
502631 613956 470
533304 541385 377
269406 303377 389
253144 967758 525
331939 447498 449
280697 843725 525
878568 930875 476
55178 481784 449
534795 800908 468
340083 862158 525
461030 702749 470
15638 962211 525
380024 444933 449
151093 635464 470
451634 533237 470
406552 956977 525
906788 923320 476
316602 791572 470
719956 880194 525
466690 716794 470
110808 143432 375
48285 597111 470
25360 219822 386
777084 994927 525
281944 430918 449
639639 796200 468
743564 859313 525
843051 853199 419
854794 936526 476
164402 451861 449
650976 835449 468
173747 180196 347
23307 908531 525
632227 952207 525
263518 889963 525
191087 477839 449
61713 708952 470
465157 919051 525
453328 683867 470
374199 611838 470
169202 998383 525
645305 736135 442
92756 377978 443
381933 671269 470
236010 695725 470
172766 403277 443
360530 539671 470
626481 995905 525
292445 643788 470
215767 707247 470
46642 48621 314
558251 996951 525
222744 224842 324
224010 605384 470
206743 560812 470
537604 633524 452
132189 489372 449
616581 788761 468
712410 942262 525
74000 417481 449
670261 886811 525
500145 563600 470
655506 676124 429
932278 978045 458
147576 518716 470
211815 274235 443
189084 565333 470
109183 987427 525
617483 829719 468
31268 296015 443
118964 239272 443
96138 674243 470
177571 207514 373
442074 484309 444
170626 331030 443
522889 568735 452
91450 958113 525
594388 897422 525
134255 313489 443
167435 534502 470
505034 712942 470
645554 956717 525
121356 698508 470
759945 813932 468
238709 962442 525
279612 504397 449
210439 278855 443
133293 199326 383
47126 218225 386
761004 782817 468
1822 863395 525
129611 751370 470
112128 139601 349
138650 933834 525
312903 493106 449
594597 635103 447
789878 878615 525
3699 629793 470
73368 145552 375
554003 869952 525
503835 940345 525
35572 307322 443
388772 464206 449
53688 493266 449
22948 301001 443
647057 687998 429
545925 816733 468
59057 821577 470
839741 950477 476
209144 307305 443
280158 340496 389
81111 167661 383
95785 720097 470
750316 816941 468
11520 354558 443
75553 577716 470
509567 709304 470
12231 574001 470
382465 713503 470
434198 739339 470
562231 910673 525
238142 437903 449
292019 615966 470
429241 937653 525
384515 760731 470
529443 566349 452
353858 965496 525
5865 763681 470
809198 885978 525
408694 530704 470
217512 826246 470
470961 932640 525
129434 780519 470
117035 406103 443
447332 968459 525
118909 718893 470
468015 924864 525
223870 334753 443
401022 505066 449
526075 893646 525
686150 936094 525
78061 378812 443
133 471855 449
737928 821093 468
100190 672833 470
166032 665764 470
667824 952932 525
41174 309323 443
97047 218035 386
480777 490200 382
446526 890043 525
141468 226592 386
466221 601678 470
341467 892803 525
133050 622279 470
187004 694951 470
291435 614154 470
805226 894203 525
19436 621127 470
288904 925884 525
775519 979848 525
367385 799969 470
618884 832832 468
275571 593193 470
215512 660497 470
107628 451715 449
576331 604105 434
99964 184051 383
277290 881306 525
571744 881153 525
267428 874763 525
16989 326839 443
54180 140229 354
633856 898746 525
242818 293005 407
174139 833710 470
804490 818156 406
298294 363641 441
606778 974813 525
122606 326123 443
527003 739356 452
630883 758367 442
97235 522949 470
370546 523499 470
270219 492823 449
671389 971171 525
564925 817809 468
226036 828609 470
267439 554920 470
35025 498672 449
755494 790460 468
29176 621691 470
519391 791368 468
484420 687210 470
179267 321060 443
504399 989668 525
25848 277460 443
104353 596051 470
318146 511325 449
545530 645024 452
226823 338340 443
668539 786712 468
772767 946837 525
601015 971302 525
384815 689129 470
583745 769299 468
489143 631883 470
128276 354151 443
230429 389108 443
79885 224638 386
627712 869130 525
434431 707009 470
540563 544493 364
395389 765599 470
340 681194 470
509867 615318 470
395504 753226 470
361214 506869 449
809284 856567 525
100900 173760 383
811049 993883 525
222629 380707 443
111480 934416 525
591131 952892 525
517067 668160 452
14937 256265 443
308627 460294 449
657394 902437 525
36541 932013 525
692780 989095 525
6656 767760 470
586616 742642 447
594705 842581 525
657964 992586 525
36594 267719 443
2680 827882 470
253779 652704 470
460133 463889 444
295043 855560 525
185132 789813 470
546392 748566 452
417471 647689 470
335265 444299 449
29724 536310 470
190700 196791 360
421458 497309 444
69025 723082 470
24066 189993 383
337083 380811 441
417732 485809 444
127251 441139 449
470510 971202 525
222372 351000 443
374590 995832 525
8905 573275 470
83207 380201 443
231307 952135 525
338518 667330 470
44590 291948 443
769111 943793 525
126462 769604 470
386995 846359 525
675410 951382 525
656378 761891 442
279759 805413 470
944442 954576 414
83809 427290 449
372496 893716 525
621078 729442 442
170063 487698 449
201317 221446 386
241961 642803 470
149617 603804 470
483695 520375 470
63 983741 525
149541 838572 525
267127 334953 389
39293 303101 443
810967 934856 525
393934 855755 525
816471 940078 525
119288 519313 470
171261 900595 525
275649 402519 441
14364 354786 443
473226 838468 525
438578 783366 470
41887 503135 449
195100 419743 449
532081 912669 525
630742 903636 525
760856 839277 525
386716 922745 525
265012 677157 470
175539 620980 470
315075 609970 470
451838 970453 525
342946 624620 470
925998 938254 476
96716 259607 443
704695 918192 525
195676 765497 470
462274 667872 470
538175 589613 452
104358 574218 470
377319 865662 525
493767 839541 525
450043 532225 470
154352 346696 443
191967 861599 525
827438 922604 525
2289 220059 386
442596 893330 525
727748 810794 468
611202 752246 447
208034 706300 470
287670 662166 470
251092 966587 525
101930 269464 443
356349 857475 525
361642 903453 525
180154 246090 443
419620 536804 470
56197 736522 470
401592 727339 470
389726 920099 525
464009 884484 525
336247 758588 470
525183 528710 408
55870 987333 525
167919 495694 449
62413 108370 354
182130 349200 443
694458 904216 525
27582 962481 525
422541 565123 470
745301 950081 525
378570 504442 449
283687 995778 525
653143 734270 442
226997 501687 449
396260 986903 525
895003 934464 476
216571 899145 525
345666 537240 470
381543 552381 470
470077 779364 470
310910 904641 525
120356 663103 470
306702 828842 470
70384 481106 449
142227 440036 449
602578 899236 525
136530 762602 470
122549 540288 470
34394 319884 443
451131 824625 470
195198 355077 443
700406 998691 525
371040 898998 525
540978 886489 525
563907 914918 525
136665 874019 525
58162 221285 386
399061 973746 525
418549 960035 525
760826 937497 525
166038 961013 525
475933 834657 470
332085 561231 470
434065 785268 470
136590 449101 449
545296 853162 525
461674 804230 470
642992 976051 525
232759 573513 470
224 459345 449
781390 819740 468
503526 774145 470
640660 694121 442
183591 506782 449
192951 540690 470
714224 782986 468
377267 925935 525
829234 998549 525
309469 951063 525
347975 875306 525
819276 945918 525
376712 440038 449
77944 215588 383
20402 485083 449
84736 252188 443
866669 956471 476
172420 617852 470
774218 835056 468
675356 725744 442
712536 802591 468
689674 826268 468
814742 891897 525
804052 830980 450
750026 975839 525
85853 557576 470
458365 922260 525
759818 763395 380
595370 607672 403
711564 779731 468
364108 599973 470
834246 968380 525
176137 837361 470
28545 219712 386
867066 931026 476
699869 725373 411
351475 620736 470
32644 629952 470
67447 382129 443
107960 311435 443
407852 415312 449
254787 795243 470
576666 794595 468
229051 745280 470
29689 173683 383
497566 690161 470
500880 763095 470
351052 693948 470
141485 395362 443
279631 991672 525
56452 735154 470
132051 276650 443
55108 370958 443
35555 250649 443
284145 326896 389
662574 663245 292
119772 789307 470
152450 508644 449
646497 795114 468
936538 987026 458
169806 227160 386
342910 706312 470
458192 575095 470
693973 803762 468
30338 979828 525
454620 477516 444
102114 917742 525
14456 807449 470
371406 649629 470
192175 793081 470
22181 749096 470
361932 723660 470
137332 659486 470
422189 898043 525
274903 288895 389
89094 783347 470
659977 723484 442
90646 93829 333
334429 963019 525
700049 819079 468
7476 994072 525
742818 960412 525
5553 862464 525
339247 573694 470
336981 754499 470
815322 990978 525
278828 585053 470
382069 953150 525
6864 884215 525
308393 921632 525
254080 580277 470
415344 893192 525
147410 759218 470
746395 798027 468
1543 15452 276
482061 975238 525
539009 693285 452
763779 845854 525
281268 692478 470
597259 993371 525
122301 293297 443
737944 832539 468
86159 701595 470
9485 121109 354
263530 432290 449
415805 464165 444
174815 526367 470
75597 202869 383
323319 749730 470
93759 661632 470
77591 243449 443
502346 625604 470
626415 664110 429
820293 986083 525
5114 664305 470
511842 788341 470
43740 582443 470
686118 747487 442
285606 523810 470
507704 558791 470
724923 981246 525
716812 914560 525
291922 621754 470
298826 912806 525
182906 228163 386
269669 592538 470
878391 910863 476
837686 932396 525
318713 707983 470
491797 579221 470
228074 988361 525
38887 787121 470
198665 946291 525
181024 243976 443
546501 856311 525
19610 112583 354
597551 675577 447
321315 794491 470
342419 762466 470
204840 757169 470
417825 450278 418
702460 827840 468
66202 297924 443
385425 963414 525
790137 964807 525
74728 874969 525
146047 169188 383
70322 762062 470
418024 757691 470
37458 280612 443
48448 281950 443
670282 887639 525
840009 946983 476
77613 147522 375
50607 242467 443
242653 472504 449
601583 817698 468
318795 780485 470
31114 411429 449
361262 844232 525
484991 938781 525
728403 730161 362
791793 935715 525
97196 135994 354
278070 361246 441
570599 581982 390
262555 546347 470
624211 871362 525
147163 333581 443
200402 616583 470
229993 589074 470
631250 998378 525
353032 745064 470
361578 635816 470
226421 691358 470
542551 642831 452
44416 646261 470
335397 914022 525
87851 700720 470
801105 851219 525
153982 307818 443
852827 948372 476
90586 178609 383
390244 750962 470
41279 412777 449
821997 902343 525
12616 968383 525
409972 770100 470
349521 903342 525
151230 725404 470
322675 757997 470
206170 390453 443
698355 784112 468
593463 639160 447
595347 985663 525
355803 553590 470
147679 362328 443
762175 974669 525
791393 893093 525
436261 739160 470
36132 150309 375
154709 744129 470
105019 836308 470
423888 974365 525
591719 633453 447
610923 628630 447
371015 453032 449
55133 591660 470
89731 755323 470
207517 940329 525
143844 625709 470
69368 879565 525
606151 757842 447
836141 844613 525
286971 918227 525
466089 728504 470
205951 973860 525
249642 994095 525
4897 195530 383
245787 988235 525
355072 866376 525
272521 899732 525
839063 998080 476
713057 866508 525
594435 815322 468
271521 353289 441
93406 298130 443
352543 605882 470
153488 361429 443
201482 897073 525
122615 396166 443
125449 367249 443
16660 33914 308
222858 488522 449
370416 684610 470
880800 966090 476
226895 699748 470
505821 677738 470
392241 547520 470
169628 832246 470
689238 878083 525
270274 758064 470
398229 714161 470
115105 200259 383
41141 227775 386
367876 529273 470
75101 800844 470
268188 500388 449
148328 511610 449
762374 811610 468
369585 737293 470
161538 372368 443
56732 548624 470
705003 896301 525
161897 924396 525
424144 905152 525
10136 830066 470
42737 110406 354
329868 655905 470
62694 627736 470
135266 777660 470
401908 862047 525
37818 91440 351
402789 650182 470
471288 640702 470
73042 853185 525
160596 464848 449
104609 352723 443
382701 496991 449
144518 995682 525
213395 263368 443
620524 703315 442
406195 941909 525
455569 920318 525
415625 779441 470
772306 789165 437
142546 574760 470
641055 738866 442
270517 651301 470
30537 890219 525
264072 846042 525
452383 843367 525
436691 556845 470
225849 495345 449
447333 867334 525
317413 964136 525
676824 915651 525
11220 869539 525
647822 889372 525
317196 790727 470
227681 588198 470
132773 718106 470
627006 704227 442
133342 337781 443
685424 882719 525
771311 791874 437
355135 989568 525
213893 467788 449
339690 347131 441
247638 901876 525
658167 669353 398
193160 474776 449
119839 127628 336
645604 680428 429
397720 637553 470
187558 491958 449
233065 261444 381
655429 900113 525
545898 789121 468
91648 126127 354
646077 661093 429
858438 966775 476
251057 988149 525
528663 976183 525
256864 817807 470
108895 657360 470
25500 813672 470
115937 546649 470
130402 558084 470
630056 849147 525
451142 737718 470
518270 999555 525
567411 612686 434
761383 993526 525
268853 883643 525
166952 720405 470
125143 998419 525
725896 893285 525
818161 876604 525
622136 912921 525
104146 814243 470
321316 917258 525
522594 890509 525
294608 400161 441
964709 974973 458
100989 674954 470
144300 163696 383
62354 308488 443
639444 682378 429
318653 620014 470
462750 853800 525
271322 750074 470
250508 298165 407
216764 890590 525
8601 119187 354
181161 647053 470
191111 983303 525
227513 630759 470
285312 654841 470
514367 746081 452
58668 169868 383
562909 593078 434
193954 300895 443
432326 654394 470
765856 804858 468
653693 829915 468
62209 901704 525
665971 951451 525
203974 538422 470
208071 412502 449
316113 771756 470
768121 806937 468
103283 777184 470
136401 866509 525
17721 243968 443
67932 699520 470
688250 706630 442
408356 987966 525
275216 551987 470
389251 755462 470
218666 727843 470
687714 860506 525
282540 786080 470
526319 567188 452
302764 317321 384
56322 380619 443
276111 892519 525
201374 627553 470
142850 916378 525
80991 635872 470
607095 993233 525
369247 797472 470
217684 326973 443
321270 470227 449
466174 528762 470
33518 806112 470
270280 689801 470
116488 967271 525
70250 677890 470
421721 580977 470
379626 684507 470
276276 281997 389
699679 799248 468
440811 965992 525
140096 335936 443
357786 734400 470
481649 800204 470
358505 749429 470
369222 481086 449
895505 900048 370
6897 833547 470
96318 637931 470
647983 683725 429
492092 672847 470
735272 794901 468
817981 940989 525
450115 828606 470
877122 953106 476
510084 918781 525
430582 526195 470
493800 567472 470
184982 362419 443
552302 646978 447
73461 578849 470
131381 170172 383
180457 379674 443
337516 949111 525
636829 677458 429
102476 980699 525
578684 636392 447
424578 620376 470
255660 308352 407
180344 565261 470
286669 642702 470
72326 854654 525
152112 628453 470
809636 860823 525
178500 433248 449
468988 680895 470
124242 450921 449
355410 861853 525
386675 883987 525
24340 275315 443
157865 204432 370
81691 144015 375
374722 430867 449
302789 447765 449
190644 409606 443
147610 208138 383
505458 802942 470
240829 866003 525
94179 793680 470
98930 795601 470
132526 671060 470
706172 757241 424
58113 167525 383
111363 727188 470
58050 967873 525
190155 500086 449
146797 256498 443
306444 482576 449
422457 443836 418
424355 619696 470
439730 893767 525
684159 876091 525
126580 816309 470
83366 930454 525
677713 866376 525
31084 922010 525
113976 900290 525
412458 927308 525
244538 829813 470
210068 243949 443
446054 455145 387
29615 338295 443
111389 437789 449
436 478497 449
239696 361164 441
50503 420633 449
112105 642714 470
74448 589966 470
22666 627990 470
555868 887430 525
75218 432653 449
560551 783030 468
858336 898886 432
484114 673603 470
757324 962723 525
434953 785723 470
82446 119544 354
547387 951830 525
426964 536973 470
201576 572616 470
636222 980645 525
762900 885699 525
431374 431456 219
88225 150982 375
353830 662598 470
79928 455327 449
25746 761930 470
86455 134056 354
811554 921660 525
933557 977782 458
749758 769023 468
446438 652372 470
779946 990548 525
411900 739739 470
391527 623557 470
482746 521927 470
61989 960636 525
195550 344435 443
164942 920262 525
543686 713960 452
701802 867196 525
543934 568951 452
439198 845196 525
148977 963445 525
372474 724798 470
268472 799959 470
328756 990524 525
599946 784430 468
560350 889584 525
1975 290396 443
753358 874277 525
153919 263971 443
532779 558659 452
130649 182669 383
631732 792536 468
497171 557048 470
431077 550847 470
244995 709330 470
440690 774063 470
216358 923617 525
678301 847152 525
729468 892573 525
349651 922127 525
383795 938854 525
481362 931007 525
180123 543617 470
397224 574247 470
458506 801056 470
292786 952688 525
15674 379699 443
115121 459389 449
284252 986618 525
482789 527578 470
