1 1 1
999999 999999 259
42556 2028 324
102385 35430 351
105333 35876 351
949478 947069 383
47398 14800 324
57190 34858 340
78883 108613 354
477371 477225 276
104239 88233 341
13714 72509 340
87072 31420 351
53735 42382 340
264430 265600 332
16439 228 276
68879 107832 354
82348 34635 351
880128 878267 357
105435 95159 341
107890 73512 354
68983 77454 351
238280 229725 443
476932 469735 382
102626 73745 351
77021 85586 351
48963 101515 351
216819 224679 355
5573 85349 351
26556 6325 282
93296 40427 351
223113 219990 355
533924 531192 377
554015 558353 421
73913 78162 351
4424 84128 351
27788 35015 311
55857 98587 351
58072 46584 340
108481 91062 354
108053 74783 354
108175 105241 354
672974 674345 367
599815 593430 372
346769 348459 335
111451 61853 354
50823 2239 324
95216 81770 333
54594 113072 354
78366 103724 341
21453 69723 340
874880 881398 432
68018 29704 340
635229 635419 279
256151 256173 226
40441 82093 351
348042 351858 379
112580 63049 354
20274 112499 354
46870 36719 314
802677 803824 300
20483 64791 340
45908 79409 351
14110 45371 324
19546 101713 351
36638 45073 306
77082 1579 351
633351 636285 416
55219 90751 351
452782 446812 387
268664 265760 345
177565 181448 365
4191 28191 308
30883 7650 308
45558 104383 351
2728 46870 324
63347 94029 351
48459 70900 340
45671 63340 340
83754 6335 351
97061 996 351
37058 18095 324
66582 29739 340
112792 82676 354
18097 10587 279
62161 80889 351
107017 70683 354
47367 102117 351
67770 34760 340
10284 40978 324
26809 17976 308
83444 76767 351
54963 77741 351
670629 670998 323
79509 962 351
57429 74344 335
9772 42078 324
3454 104891 351
35786 109730 354
114801 126303 349
53446 42753 340
424677 421280 418
73155 13996 340
5166 36663 324
298678 291807 358
41822 29608 324
32428 55077 340
98937 106228 341
79186 47936 351
632712 636312 416
686852 681282 380
85953 34465 351
42067 98880 351
79201 80202 307
533670 535016 346
94843 35351 351
614186 620332 447
508754 505735 382
447906 451226 387
671681 672861 367
86955 97609 333
9270 14399 276
78052 40579 351
28423 101373 351
125662 131102 344
109285 92220 354
92742 11109 351
54460 48626 340
118606 132522 344
232042 235446 381
70768 64835 312
91440 44340 351
100253 70250 351
516080 511778 470
323947 335502 384
217493 224440 355
595937 601553 403
70820 1565 340
56719 93753 351
84944 5600 351
449932 445577 369
41861 82630 351
100396 20710 351
108149 43621 354
52319 79155 351
801040 798369 375
26455 26280 246
56497 89865 351
110325 98058 354
82751 102630 341
278918 276895 389
27280 40028 324
452258 452854 294
88701 3569 351
75778 9968 340
27076 23902 308
773 48056 324
889926 893275 339
921197 922284 339
21639 4517 279
86124 38391 351
70372 88204 351
34393 109535 354
101585 28198 351
81709 87923 333
62649 37089 340
109015 95279 354
59431 59699 273
35944 54904 340
102932 16752 351
69293 6530 340
11641 46357 324
221086 215452 386
92963 63808 351
789045 796645 468
311498 314850 384
60335 63116 335
38688 106311 354
323530 335948 384
789652 795968 437
70420 10933 340
86684 74656 351
58519 31245 340
84742 41795 351
36724 86612 351
85659 61563 351
299278 291254 371
20163 43546 324
67372 94298 351
104653 49815 351
62456 18444 340
550179 545781 452
72549 5552 340
875446 877551 432
4613 47105 324
279855 280276 345
111541 94628 354
491442 489453 320
26209 67241 340
25729 58939 340
100229 108669 354
58097 9500 340
180952 182455 316
91122 89628 315
85917 75668 351
297621 300825 371
536482 532199 377
1908 24490 282
85317 109111 354
74872 61756 330
590347 604319 403
106081 44665 351
114791 121459 349
106841 29421 354
113218 81766 354
101853 16885 351
71032 4495 340
61661 96814 351
4984 76805 340
142238 148432 375
36832 86841 351
45911 109329 354
674863 672256 367
617644 619337 372
397782 396579 330
58075 75859 335
294768 294923 265
896873 895917 370
375525 370995 361
345926 356823 441
469853 471224 307
68243 108525 354
369458 372480 392
8153 72915 340
546765 548380 377
17090 54839 340
27746 14797 308
3794 108648 354
9602 33559 308
880862 879544 357
89317 71952 351
102251 40728 351
112605 18203 354
9277 56461 340
38196 91927 351
27825 70728 340
48065 111966 354
485551 484741 320
195637 191815 360
6823 98572 351
83121 108297 354
443352 442162 356
40069 47698 314
34682 92653 351
56956 65249 335
94381 4534 351
94528 98652 328
42071 71236 340
20725 40203 324
21785 47194 324
101168 49054 351
59228 70234 335
30038 67935 340
373509 374748 348
113288 65102 354
64275 57750 335
349783 345056 441
614256 616156 447
346721 348230 322
177725 172982 347
393627 402718 405
75269 16913 340
350842 351681 379
17661 17111 279
101161 81369 341
2687 53972 340
111118 58884 354
177526 176541 334
256821 257679 345
46469 12988 324
90667 25153 351
895232 897622 370
65569 87131 351
103652 37659 351
225627 214261 386
329582 336386 366
74899 45799 340
320120 321006 371
45576 71765 340
535984 532246 377
144584 145158 264
802272 800194 406
89308 19837 351
964229 966063 352
82777 65699 351
87212 5935 351
80430 65356 351
55604 112675 354
41048 74156 340
317648 313375 353
310296 308830 371
86745 2748 351
460709 465039 444
1655 8722 262
35609 101412 351
275246 271575 358
887594 889595 401
38625 7494 324
11863 46446 324
65346 66964 268
13698 16732 271
53804 27184 340
21093 52367 324
218821 224235 355
151168 141595 375
30781 29043 272
89183 3140 351
700642 702358 411
134015 129172 344
43640 100985 351
78955 35291 351
451168 441960 387
65539 27654 340
99732 86347 333
312376 313949 353
112087 39116 354
82850 92876 333
17562 27212 308
263630 259838 407
81131 65296 351
573434 569496 377
35931 64794 340
25884 10510 282
32510 32683 223
89167 44091 351
7506 4020 262
736076 734483 424
95201 73296 351
514893 513722 364
128238 117376 336
111333 7618 354
53363 83435 351
74845 113299 354
789766 793121 437
604177 604665 372
30574 63914 340
230348 230358 200
327152 336243 366
73125 30235 340
42266 78822 351
3612 50284 324
13148 72239 340
42719 103283 351
322581 321230 291
102880 92584 341
55193 57510 322
56729 84889 351
20282 109091 354
45640 90147 351
710237 708521 349
64568 14360 340
953848 952418 414
74343 89201 351
97841 87283 333
52410 3836 324
263684 265893 332
38437 99757 351
54473 30283 340
19691 40804 324
745270 742962 318
88976 7247 351
898345 898416 295
716 105606 351
525967 525185 408
77612 10750 351
102107 41165 351
445477 439224 356
9924 62070 340
44855 30084 324
345279 346370 441
449985 444833 369
60677 66251 335
583315 588103 434
122660 122758 243
843631 843376 282
34278 33824 311
301810 294060 371
130978 122319 344
85644 83627 320
76226 66996 325
53503 102962 351
63483 32782 340
341802 340612 335
76005 97011 351
119591 120803 318
84290 31665 351
895219 897348 370
740008 742014 393
41326 18971 324
68628 34706 340
93286 29395 351
95396 103731 341
255302 256458 288
499783 500709 364
78355 81376 338
33789 15195 308
14490 24958 282
42096 54590 340
43023 36720 306
54810 25312 340
85758 94547 333
419715 417866 343
366579 363823 361
73517 108559 354
213118 220434 386
57872 89000 351
978354 976450 383
821115 820425 313
96482 112870 354
310589 308520 371
219570 213603 386
95527 18520 351
29695 100414 351
85195 54292 351
65887 90614 351
111398 41670 354
28365 42802 324
46105 87522 351
63345 14795 340
9400 44385 324
40032 96686 351
43375 18742 324
103745 55485 351
55671 36860 340
893037 900492 370
536041 534749 302
97609 10174 351
59258 99438 351
324808 337719 366
34930 69040 340
39621 3115 324
750021 749577 287
8379 89537 351
112770 54984 354
47298 17202 324
134127 134061 238
22064 86428 351
64664 92663 351
220185 218359 355
272210 272115 239
681697 684073 380
103200 29177 351
202714 202272 342
141079 142939 375
107785 45589 354
740866 747196 362
591184 590330 359
199594 191761 360
90056 24718 351
11007 70823 340
34339 19992 311
213113 218849 386
107101 65630 354
58568 13423 340
78601 74032 351
114521 126464 349
23060 42579 324
12568 102121 351
13888 112226 354
73513 78331 351
41446 96183 351
125337 114810 349
220521 214844 386
997002 994985 365
79094 48944 351
64018 3790 340
58342 43568 340
733538 734835 349
8671 74304 340
75582 89503 351
5696 112975 354
393574 393090 361
106184 30904 351
173657 183997 365
11552 91918 351
445435 446207 325
11139 12156 250
48436 97564 351
77051 64882 351
112012 111106 323
70555 83428 351
66328 24129 340
72911 66273 325
66923 77491 351
35907 106337 354
29273 49845 324
55077 57181 322
521573 520699 364
324080 329343 384
315505 311941 384
758378 760333 362
634766 635057 310
495613 497888 320
104126 62017 351
20663 78753 351
326988 334159 353
71995 28229 340
444364 446959 338
112168 62128 354
403239 403528 237
78670 71947 351
60226 33429 340
42040 108802 354
300997 295891 371
306998 307987 309
179992 177635 347
743748 745604 318
533424 532853 377
7906 86509 351
66257 81662 351
812483 812628 344
69631 95656 351
102886 25483 351
424497 421754 418
104152 28915 351
101073 12615 351
24086 24785 264
506536 505261 364
52040 94858 351
37818 76610 340
25652 73281 340
43622 2674 324
512302 510900 470
101407 51880 351
101063 85549 341
17550 107038 354
48790 68441 340
55762 33001 340
33555 9649 308
58289 7454 340
795776 792225 437
449233 439184 369
49653 28213 324
26295 74615 340
70134 111392 354
24929 73026 340
58075 52932 322
746020 742296 349
67905 41272 340
88376 55895 351
164486 162008 339
39364 55434 340
704931 705251 380
265522 263994 332
104307 49839 351
14056 21741 279
332959 331902 353
41305 47883 314
95754 18667 351
235364 227502 443
260732 260203 319
96694 42126 351
790951 789646 375
72411 69880 325
766526 766038 331
83068 43485 351
898208 900844 401
830905 833568 419
715171 716142 380
93173 110350 354
115663 131534 344
103746 94383 341
85590 14818 351
60382 60043 317
825298 824745 313
342246 343264 353
49553 95331 351
146502 145158 295
60828 4388 340
65434 8168 340
451216 444790 387
109954 93704 354
58240 100715 351
108482 69397 354
42101 83531 351
71621 73223 294
61753 29757 340
108386 85016 354
55743 26635 340
140222 148018 375
79200 82798 320
799885 802856 406
833992 835318 344
3493 62715 340
68328 7490 340
61327 28956 340
40791 41782 288
921170 923589 445
228124 235848 443
512244 510708 470
634763 636705 416
218555 213823 386
180803 173498 365
22107 6655 279
471600 469721 307
93634 89808 333
60077 58232 304
29084 47047 324
35466 48940 324
63329 16578 340
6506 86418 351
81754 69785 351
34253 45861 324
106019 31806 351
87415 89509 333
178052 183936 365
890698 898606 370
26334 63295 340
346219 356218 379
43676 95585 351
10146 105996 351
63996 26554 340
59530 39608 340
16748 94802 351
338607 334648 366
23247 14021 279
318034 314112 353
89209 95591 333
12652 111029 354
57206 20741 340
71784 111138 354
456289 455456 338
75028 79519 351
14741 31163 308
103101 43464 351
40102 27212 324
17305 14525 271
109738 76856 354
31923 49931 324
82367 14769 351
95774 92962 328
94695 53989 351
47079 28801 324
112273 74664 354
50249 50026 234
68528 37883 340
86064 108175 354
296868 293911 358
40780 22206 324
29684 12467 308
79526 39705 351
38054 32139 324
108960 53981 354
132874 127534 344
132000 120934 344
177968 171333 347
371715 373098 317
61947 13680 340
265857 260522 407
386409 383030 348
43324 11963 324
217585 214221 386
85798 113207 354
29591 41844 324
595384 596964 372
21650 98606 351
51934 18597 324
4933 3928 215
126494 118486 336
691801 692803 442
245505 244667 275
32862 24197 308
10134 14520 276
52065 23881 324
95805 25734 351
31961 3625 308
106132 58488 351
440510 440739 294
192982 200255 360
112882 22147 354
111454 6827 354
92102 31549 351
22882 113291 354
60961 94470 351
150890 150562 295
60783 81601 351
64737 74000 325
88177 98513 333
5505 89030 351
20045 85633 351
94670 111611 354
109146 106164 354
397606 401436 387
624540 623659 341
62669 111931 354
78673 67749 351
26793 24715 308
89483 25200 351
98231 42966 351
8593 102210 351
123288 117286 336
86545 66301 351
46561 79928 351
88904 78045 338
184228 182524 334
89663 27701 351
98738 107896 354
151937 156405 383
19349 55691 340
830278 833252 419
53056 31762 340
86338 92509 333
101746 35595 351
6036 91039 351
5036 94950 351
33388 23018 308
83027 98650 333
5568 13633 276
130229 133591 331
178252 181212 365
51072 89745 351
7762 80810 351
221429 223322 337
349309 355366 379
67277 86810 351
490174 489006 351
62205 96252 351
974232 974507 321
31540 112968 354
100252 46890 351
94319 6630 351
48031 64519 340
124543 132424 344
515867 515639 258
41613 109742 354
24231 30646 308
10566 66777 340
43199 101036 351
351206 341065 441
406494 407767 343
65953 7145 340
813494 812513 375
238185 233263 381
4272 91432 351
173867 183804 365
16956 73045 340
570709 573395 372
148661 145688 357
62425 10872 340
78852 79212 307
93707 100388 341
763067 761802 362
6302 97791 351
236933 227598 443
67577 86117 351
25533 4706 282
798791 797765 331
447911 450887 387
51503 38652 314
120697 130302 344
24629 30738 308
88295 2554 351
96057 73777 351
77195 31551 351
98288 55512 351
36595 93136 351
93559 6536 351
53303 89309 351
24133 54533 340
85205 22762 351
268472 258559 407
63630 79361 351
351185 347286 366
450525 443218 369
412473 411061 330
98050 38350 351
898251 891090 370
45237 87357 351
63328 48302 340
21212 20240 256
2615 95093 351
78339 10826 351
184940 186487 329
738815 740165 424
147916 146639 295
898905 899868 370
28877 51364 324
634577 632481 354
93489 36639 351
254968 251119 363
376245 369322 392
69892 96312 351
615481 620835 372
73705 106508 354
10028 84841 351
892931 894989 370
101190 69455 351
81746 56471 351
498638 496103 351
414793 410746 374
195689 200243 329
191195 185355 360
46014 62256 340
429307 429069 263
44924 13647 324
74825 75827 307
28987 37776 324
98923 4905 351
109643 58904 354
28221 60674 340
50597 39773 314
25795 17902 282
851 28841 308
21589 108005 354
28855 88919 351
17381 9336 276
711972 705045 380
85286 106321 354
1878 20094 279
221536 222645 337
735008 732306 349
510617 512746 470
83761 104753 341
10059 82235 351
172910 179855 347
30726 20388 308
68395 2300 340
522455 518075 439
81235 95341 333
72427 105411 351
440610 439070 356
497663 492945 395
131480 124169 344
686536 686551 212
55489 13011 340
596618 601962 403
337613 326857 366
67571 52292 340
79793 65776 351
710473 710674 292
60838 93652 351
35441 10868 311
76764 58395 335
87641 16120 351
250991 255093 363
28147 81253 351
98591 16867 351
60036 83570 351
45598 20994 324
19278 53407 340
19772 7814 279
99240 61453 351
13094 61619 340
470561 474760 382
116196 126059 336
42396 50863 314
48517 31103 324
83606 50360 351
60847 70737 335
469826 471336 307
297473 297779 265
66982 15427 340
394802 402083 387
199119 197169 329
32798 28724 285
107117 31319 354
87 2599 209
69448 14003 340
101127 2118 351
108194 101303 354
9828 2747 262
17020 67117 340
64145 21773 340
39509 99679 351
73316 54384 335
48559 88201 351
515391 510852 470
464778 460896 444
91863 81042 333
16980 11439 276
76922 37034 340
252618 252153 319
73846 80103 351
94004 105222 341
110989 93881 354
88944 55542 351
309936 308767 340
338883 331087 366
62891 93565 351
21185 106416 354
235305 232332 381
9820 76144 340
126169 133815 344
13507 87560 351
109001 56539 354
473391 470336 338
108903 87950 354
105352 73589 351
90046 80126 333
30291 24237 308
99845 37998 351
55751 21348 340
76612 38937 340
41151 66270 340
148722 138515 375
53509 88411 351
34484 41478 324
109548 81997 354
333077 334897 335
99547 48359 351
354156 345004 441
94014 15279 351
22410 35127 311
19409 68051 340
80756 97523 333
592710 598401 372
82803 106493 354
21455 68813 340
95842 64755 351
35107 52939 340
13126 15719 276
670896 679717 385
36519 547 324
23067 3194 279
10509 48735 324
36326 58399 340
443443 444976 338
73198 110368 354
466835 466256 369
96471 107503 354
423643 424431 418
39843 80430 351
341585 354958 441
339669 335756 366
58982 33944 340
43488 93145 351
106555 26614 354
90648 19282 351
335429 327769 353
449371 446478 369
70044 9282 340
169426 165317 352
84237 31069 351
53357 3825 340
93331 78652 338
40454 76263 340
42822 40984 288
803841 800706 406
174180 177908 334
77142 9771 351
49364 10551 324
40682 5078 324
33382 41154 324
27889 93148 351
43929 65192 340
63521 98084 351
343895 351794 441
17597 25385 282
97589 112197 354
71851 25628 340
62650 97371 351
346354 354530 379
111424 54215 354
112855 85422 354
21368 70194 340
291845 300142 371
80329 23105 351
86103 77710 338
44066 97866 351
618643 615954 372
12039 40071 324
40393 14232 324
401479 398885 387
77086 24166 351
5915 77065 351
291338 296702 358
91351 25645 351
458968 458546 263
788234 788244 101
155679 152083 352
333459 334001 335
110799 95605 354
101346 81990 341
5557 16935 276
35214 56108 340
68133 106568 354
51529 49498 309
301654 294435 371
283273 282076 314
74150 5841 340
18858 107438 354
29331 34965 311
27931 107973 354
343319 344292 304
874715 876082 432
23984 34305 311
347751 341609 441
50730 25177 324
109148 2181 354
56290 64306 335
53205 16470 340
55621 71151 335
