474 839 171
649 399 145
6 302 128
732 503 171
256 265 123
50 61 113
612 378 142
496 150 144
332 313 144
533 688 145
787 448 171
210 77 125
225 463 144
527 672 145
583 287 144
905 408 179
477 905 179
806 834 135
206 889 179
337 813 171
153 738 171
874 116 179
115 721 171
265 798 171
34 149 122
485 820 171
597 46 144
248 821 171
860 774 153
492 795 171
413 748 171
202 889 179
4 360 144
75 210 125
248 411 144
374 753 171
148 599 144
868 614 171
320 485 144
411 353 134
633 247 144
524 581 137
292 771 171
753 503 171
897 597 179
297 309 118
696 851 171
549 700 145
210 623 144
261 809 171
385 634 142
913 532 179
233 133 128
145 552 144
617 907 179
256 601 144
153 779 171
182 796 171
549 286 144
299 445 144
882 947 174
105 578 144
149 6 122
629 358 142
628 889 179
519 365 142
522 431 142
896 106 179
563 393 142
657 179 145
651 264 145
132 804 171
42 665 145
951 943 37
950 601 179
739 184 171
900 844 179
113 48 119
201 741 171
406 180 144
629 276 144
544 502 137
706 440 171
608 269 144
184 616 144
799 834 135
880 282 179
989 921 174
946 940 130
863 896 179
540 954 179
79 791 171
797 543 171
839 997 179
283 596 144
528 263 144
871 72 179
764 928 179
511 723 171
196 46 125
339 347 126
879 570 179
628 868 171
842 574 171
159 57 122
821 50 171
10 251 128
841 158 171
793 679 171
154 427 144
626 33 144
689 496 145
104 452 144
423 966 179
175 971 179
11 865 171
669 242 145
434 648 142
109 275 128
573 619 132
683 393 145
668 692 127
995 860 179
849 139 171
538 354 142
565 515 137
387 253 144
362 490 142
57 137 122
456 583 142
107 818 171
799 127 171
59 232 128
774 519 171
858 347 171
137 541 144
91 157 122
232 438 144
16 433 144
576 906 179
786 141 171
420 172 144
745 782 153
14 153 122
918 821 179
735 376 171
638 533 137
854 49 171
116 627 144
567 326 144
325 56 131
218 416 144
212 449 144
205 227 115
233 780 171
484 19 144
272 904 179
542 369 142
37 555 144
521 306 144
375 608 142
33 365 144
492 886 179
413 608 142
512 979 179
933 189 179
386 150 144
956 597 179
950 160 179
176 183 94
939 659 179
553 211 144
914 94 179
931 950 174
1 451 144
255 727 171
58 287 128
91 550 144
524 855 171
509 36 144
186 793 171
224 571 144
294 179 128
168 595 144
338 695 145
129 628 144
353 681 145
190 619 144
127 120 109
568 479 142
923 175 179
205 332 144
813 648 171
233 337 144
502 741 171
724 687 171
533 299 144
258 178 128
829 777 135
773 518 171
823 901 179
145 527 144
582 687 145
145 60 122
806 65 171
538 80 144
591 94 144
412 403 134
741 644 171
91 243 128
385 166 144
281 269 92
464 890 179
447 292 144
18 571 144
161 840 171
471 306 144
367 404 121
344 863 171
463 501 142
927 352 179
581 517 137
446 992 179
272 538 144
635 362 142
132 371 144
528 413 142
992 343 179
302 790 171
987 672 179
360 147 144
511 830 171
804 229 171
586 147 144
92 400 144
648 18 144
752 580 171
887 549 179
571 158 144
86 557 144
519 218 144
280 398 144
982 271 179
93 635 144
60 79 116
306 419 144
577 817 171
600 381 142
397 185 144
879 488 179
937 878 174
858 40 171
457 744 171
588 379 142
901 25 179
288 771 171
594 567 119
521 575 137
189 613 144
210 248 128
43 867 171
18 619 144
35 969 179
999 432 179
506 230 144
919 442 179
459 776 171
481 916 179
519 420 142
646 419 142
444 933 179
542 390 142
851 62 171
964 39 179
674 525 145
638 716 171
392 7 144
334 426 134
976 685 179
209 833 171
266 128 128
626 724 171
903 106 179
991 774 179
877 989 174
544 672 145
273 85 128
61 124 119
146 25 122
514 171 144
901 152 179
886 644 179
510 572 137
422 837 171
608 630 132
669 225 145
757 294 171
948 12 179
751 291 171
137 979 179
279 680 145
651 551 145
117 711 171
674 262 145
735 540 171
785 988 179
43 670 145
631 552 137
593 52 144
389 552 142
682 409 145
776 790 122
703 76 171
153 805 171
366 289 144
784 644 171
969 434 179
194 85 125
144 220 125
698 231 145
759 482 171
218 153 125
504 200 144
704 448 171
604 92 144
352 285 144
501 127 144
426 555 142
554 579 106
711 919 179
867 846 148
914 187 179
631 460 142
623 775 171
679 673 114
357 789 171
506 926 179
941 9 179
477 996 179
809 80 171
88 160 122
716 940 179
286 142 128
846 840 42
720 556 171
110 938 179
402 24 144
477 384 134
483 451 129
510 513 62
123 866 171
653 629 145
143 945 179
989 620 179
940 797 179
51 379 144
956 767 179
318 594 144
908 515 179
785 979 179
71 894 179
268 824 171
269 744 171
207 751 171
547 717 171
615 669 145
934 267 179
649 429 145
563 638 132
400 503 142
786 450 171
881 742 179
216 551 144
687 123 145
65 471 144
453 487 142
716 721 52
662 985 179
816 221 171
87 362 144
289 54 128
31 222 125
320 31 131
2 235 128
20 401 144
737 806 153
851 969 179
899 66 179
871 937 179
541 288 144
407 993 179
774 474 171
713 436 171
458 881 179
8 897 179
242 296 123
950 624 179
869 621 171
655 871 179
855 674 171
271 943 179
831 121 171
264 81 128
539 134 144
17 79 116
421 775 171
423 547 142
249 488 144
334 58 144
368 341 126
954 609 179
636 255 144
233 504 144
876 239 179
726 82 171
264 997 179
25 447 144
469 288 144
527 7 144
773 544 171
437 546 142
318 212 131
444 918 179
699 777 171
976 418 179
469 281 144
378 456 134
536 962 179
311 411 144
200 37 125
492 816 171
33 868 171
262 501 144
507 788 171
860 632 171
683 648 145
177 353 144
859 620 171
270 909 179
748 597 171
678 216 145
878 56 179
671 413 145
17 981 179
175 569 144
17 18 21
384 401 121
886 645 179
254 744 171
784 465 171
375 467 134
112 903 179
819 323 171
522 440 142
583 621 132
37 261 128
836 914 179
668 858 171
678 684 127
839 852 86
252 207 128
221 635 144
608 106 144
631 213 144
202 415 144
677 576 145
233 140 128
479 51 144
462 352 134
842 397 171
325 878 179
657 160 145
143 676 145
370 820 171
359 560 142
23 963 179
766 244 171
949 725 179
701 580 145
289 902 179
346 965 179
830 578 171
105 660 145
628 918 179
363 469 134
314 687 145
699 322 145
199 193 120
997 568 179
365 356 95
479 387 134
670 596 145
982 618 179
321 35 131
197 961 179
288 542 144
926 117 179
119 30 119
776 98 171
299 491 144
919 613 179
177 969 179
934 727 179
161 283 128
294 525 144
990 124 179
264 659 145
720 245 171
276 392 144
631 825 171
352 919 179
718 277 171
35 189 125
658 163 145
638 957 179
653 556 145
921 181 179
876 854 179
908 37 179
488 553 142
913 477 179
677 176 145
487 396 142
773 763 153
787 403 171
939 138 179
321 656 145
767 356 171
196 424 144
870 834 148
732 522 171
741 652 171
54 617 144
858 313 171
5 345 144
866 917 179
174 894 179
93 660 145
641 865 171
774 779 153
267 712 171
268 588 144
720 34 171
295 915 179
810 164 171
100 541 144
37 841 171
193 90 125
809 50 171
755 813 153
746 972 179
729 919 179
865 173 171
931 857 179
37 704 171
635 656 145
768 902 179
595 487 142
288 889 179
753 97 171
404 853 171
637 440 142
45 181 125
881 853 179
582 635 132
665 328 145
606 745 171
598 822 171
918 528 179
678 306 145
232 664 145
313 351 144
566 907 179
837 205 171
147 941 179
301 550 144
145 289 128
341 189 144
822 574 171
41 403 144
560 57 144
82 518 144
802 32 171
339 71 144
559 369 142
728 142 171
32 41 110
492 949 179
299 680 145
153 798 171
621 805 171
347 765 171
94 40 116
306 267 118
613 346 142
669 172 145
755 103 171
689 908 179
134 380 144
978 44 179
748 57 171
186 131 125
449 29 144
80 100 119
709 584 171
897 681 179
389 243 144
797 834 135
634 102 144
100 246 128
800 120 171
418 554 142
574 458 142
461 707 171
837 790 135
751 936 179
198 288 128
67 647 144
316 498 144
746 376 171
81 642 144
56 821 171
236 853 171
6 870 171
306 457 144
467 457 129
577 236 144
10 502 144
694 822 171
561 882 179
963 663 179
818 161 171
950 884 174
159 617 144
381 904 179
993 813 179
897 400 179
634 484 142
604 991 179
705 262 171
448 172 144
718 376 171
759 80 171
877 804 179
901 437 179
686 216 145
99 855 171
728 400 171
90 238 128
369 470 134
493 713 171
634 389 142
112 619 144
224 716 171
610 929 179
977 57 179
452 46 144
432 562 142
125 660 145
366 378 108
449 403 134
593 899 179
257 672 145
299 346 144
909 667 179
167 401 144
379 800 171
141 842 171
419 364 134
909 380 179
644 237 144
436 95 144
283 219 128
657 407 145
878 374 179
784 678 171
776 728 153
577 384 142
751 875 179
729 659 171
893 247 179
411 623 142
398 551 142
816 816 29
267 725 171
547 910 179
961 982 143
357 595 142
552 365 142
354 782 171
738 137 171
459 865 171
217 35 125
248 967 179
261 328 144
978 153 179
574 388 142
127 971 179
291 943 179
139 557 144
19 685 145
466 331 134
19 822 171
926 570 179
186 279 128
351 275 144
767 810 153
139 335 144
196 386 144
654 457 145
713 631 171
961 638 179
18 88 116
609 308 144
382 747 171
216 400 144
783 682 171
730 801 153
855 7 171
371 393 121
637 73 144
667 756 171
234 158 128
90 430 144
895 743 179
886 608 179
725 846 153
597 95 144
285 205 128
402 666 145
303 970 179
417 86 144
651 499 145
238 505 144
505 960 179
249 494 144
33 916 179
249 266 123
425 690 145
47 319 131
433 932 179
926 157 179
778 523 171
603 62 144
79 357 144
80 734 171
326 496 144
819 976 179
994 408 179
832 851 135
368 81 144
344 400 126
348 944 179
17 772 171
633 64 144
90 417 144
995 368 179
926 124 179
242 528 144
538 672 145
884 617 179
405 209 144
464 223 144
536 810 171
631 720 171
12 350 144
800 355 171
749 499 171
650 117 145
270 634 144
180 711 171
51 527 144
78 328 144
2 671 145
207 539 144
343 91 144
507 747 171
651 323 145
322 187 131
132 304 128
906 143 179
653 57 145
849 753 153
555 850 171
869 176 171
483 401 134
886 885 117
927 316 179
212 928 179
338 419 134
819 680 171
861 677 171
779 511 171
999 100 179
49 482 144
755 306 171
976 407 179
362 824 171
511 268 144
25 379 144
443 508 142
131 681 145
392 57 144
348 956 179
337 685 145
726 507 171
717 586 171
183 495 144
448 534 142
946 497 179
367 52 144
802 343 171
810 516 171
518 320 144
783 543 171
50 578 144
50 181 125
610 793 171
589 957 179
748 277 171
993 473 179
783 61 171
410 318 144
907 858 179
851 852 60
706 217 171
903 859 179
911 712 179
374 429 134
383 157 144
971 433 179
86 20 116
613 695 145
164 553 144
3 912 179
830 347 171
736 612 171
408 498 142
281 314 131
707 131 171
518 412 142
700 420 145
270 962 179
484 644 142
390 866 171
152 360 144
650 237 145
731 614 171
283 895 179
167 285 128
158 996 179
631 245 144
959 38 179
742 240 171
704 448 171
722 221 171
211 773 171
992 481 179
735 827 153
476 124 144
45 979 179
836 694 171
215 566 144
308 497 144
812 826 135
133 969 179
821 115 171
214 131 125
153 307 128
370 208 144
755 444 171
428 317 144
216 771 171
797 302 171
598 624 132
778 642 171
602 613 132
335 168 144
530 994 179
16 342 144
819 148 171
662 991 179
263 227 128
474 767 171
534 195 144
974 640 179
638 753 171
956 206 179
875 105 179
507 472 142
80 284 128
465 682 145
248 152 128
849 778 135
145 865 171
471 316 144
364 484 134
658 978 179
711 131 171
744 596 171
326 69 131
587 315 144
173 542 144
520 48 144
998 27 179
871 78 179
662 336 145
111 910 179
487 311 144
39 983 179
527 509 124
298 891 179
344 308 144
220 54 125
790 316 171
1 467 144
384 587 142
782 909 179
481 653 145
308 830 171
679 530 145
907 693 179
865 369 171
602 351 142
680 640 145
686 206 145
500 335 142
448 843 171
642 668 145
249 432 144
983 249 179
250 718 171
188 31 125
978 668 179
684 285 145
497 714 171
815 756 153
406 31 144
476 7 144
734 155 171
998 419 179
713 497 171
753 160 171
692 747 171
827 940 179
178 161 125
540 427 142
879 727 179
810 856 135
746 845 153
493 595 137
558 659 145
350 316 144
689 825 171
674 774 171
332 672 145
192 44 125
520 297 144
203 563 144
43 382 144
502 572 137
542 394 142
350 772 171
120 511 144
980 218 179
355 472 134
812 265 171
482 161 144
932 522 179
337 605 142
296 668 145
628 839 171
63 500 144
487 266 144
62 881 179
999 564 179
452 892 179
309 802 171
16 780 171
664 995 179
997 19 179
818 808 135
635 299 144
320 566 144
172 657 145
170 467 144
676 798 171
658 739 171
649 496 145
356 710 171
377 706 171
625 828 171
597 933 179
981 612 179
713 645 171
606 709 171
15 775 171
869 649 171
73 188 125
214 245 128
