6426 9291 260
9931 9949 167
8629 9390 260
9782 9874 211
6408 6659 244
877 1502 182
9946 9982 167
3643 3907 238
1044 4039 238
377 9962 262
1462 8406 262
3054 3832 238
6884 9348 260
7902 8004 252
8044 8171 190
7380 9236 252
5307 9474 262
7586 8797 252
9012 9870 260
1310 4544 238
3524 5938 238
6138 8784 262
5674 6563 262
2303 3262 217
2869 8288 262
555 2756 209
7864 8057 252
8630 9186 247
6671 9439 260
6458 9947 260
6128 7164 262
5088 9404 262
820 3036 217
1413 9541 262
3026 5474 238
5358 6391 262
7577 7868 221
4677 9918 262
3167 6989 262
6083 8449 262
4765 7162 262
1199 5122 238
4099 7845 262
389 828 171
6444 8561 257
961 8868 262
8626 9504 260
6451 6798 244
5999 6452 262
6286 6287 107
3993 9895 262
6367 9155 257
8623 9881 260
8394 9436 260
264 8357 262
4509 8417 262
4247 9289 262
7315 9079 252
9504 9619 198
3315 9964 262
3789 9664 262
7157 8789 252
2531 9136 262
9338 9841 198
8840 9859 260
1899 3460 217
8822 9274 260
9795 9833 167
9988 9998 180
197 6032 238
6602 7871 257
930 1636 182
9134 9455 260
3606 3637 163
210 4760 238
3889 7961 262
7633 7977 252
4073 9995 262
2569 7836 262
3091 7701 262
5093 6476 262
890 4009 238
4356 7929 262
8503 9555 260
2860 4447 238
2286 5724 238
6184 7819 257
4140 8423 262
93 8970 262
9717 9908 242
7220 8059 252
5580 7829 262
6938 8806 257
7440 9740 260
1016 7267 262
8617 9689 260
4314 6991 262
5240 7494 262
5200 8867 262
9193 9388 260
2963 4492 238
617 4416 238
4833 5505 210
5267 6825 262
7548 7744 177
7509 9892 260
9268 9937 242
9719 9899 242
3929 8998 262
8085 8208 190
6011 6510 262
7982 9000 247
9098 9364 260
7566 9659 260
1560 6288 262
297 5785 238
432 1062 179
1495 2175 180
400 7347 262
1202 7125 262
8153 8554 234
3410 6091 238
9672 9932 242
1365 5724 238
1169 4936 238
8291 8930 234
2837 9407 262
3944 4349 202
9193 9647 260
8652 9025 247
1972 9562 262
180 7756 262
1982 4688 238
5740 7634 262
8699 9570 260
6160 9561 262
6882 7950 257
6219 7742 257
6237 6382 200
9296 9987 242
4697 6479 262
1883 6157 238
2126 8108 262
2930 5334 238
2811 6171 262
5379 8680 262
831 1330 182
9752 9840 198
9551 9784 198
4581 9745 262
9849 9971 242
2186 6601 262
6908 9892 260
8699 9710 260
6949 8612 252
7581 9801 260
5335 6979 262
1127 7746 262
8550 9076 247
1192 1204 120
1818 8026 262
1851 5353 238
2503 8253 262
2365 3314 217
4656 6551 262
9733 9848 198
1488 8629 262
5937 9135 262
5940 7307 262
3677 4328 238
1220 5650 238
7419 9344 260
2895 7407 262
5421 9113 262
2798 7355 262
8489 9081 247
6486 9489 260
5684 6270 262
3827 9640 262
8061 8812 234
9353 9970 242
1961 9239 262
1175 4800 238
1083 2106 182
8740 9959 260
2588 9327 262
2301 3776 238
8057 9821 260
5305 8002 262
6780 9177 257
816 9633 262
3200 4888 238
6990 7247 195
6111 8228 262
4944 5472 192
9980 9999 180
9440 9463 154
6024 7059 262
4241 8877 262
5238 9685 262
9634 9699 185
6327 7335 257
8385 9848 260
6908 8262 257
4418 9331 262
5820 7424 262
9095 9776 260
7288 9248 252
7853 8144 252
8045 8554 234
5951 6645 262
7692 8796 252
4859 6962 262
5588 7530 262
9219 9446 260
6696 8062 257
9897 9968 242
8543 8684 172
3800 8373 262
1050 7276 262
8133 9555 260
4089 8950 262
2918 3987 238
5211 8519 262
5730 9677 262
4338 5715 236
2706 7118 262
2312 4864 238
7977 8688 234
5202 6862 262
6659 6878 182
9071 9676 260
5306 5309 148
2531 4284 238
4820 7843 262
347 2421 183
7878 9321 260
6033 9594 262
6817 9458 260
1683 9257 262
3858 8377 262
1337 4542 238
5190 6360 262
851 1567 182
2599 7313 262
8080 9679 260
5647 8354 262
9737 9950 242
6483 7352 257
5170 5252 179
8360 9131 247
5072 5299 192
6587 8224 257
8325 9002 247
4241 7897 262
9113 9573 260
2774 8117 262
6731 7236 257
1167 4096 238
1811 8596 262
980 1086 169
5289 9446 262
7602 9624 260
2928 6555 262
7998 8579 234
3047 8084 262
7829 9426 260
2451 9677 262
8279 8430 234
7334 7846 239
8447 9335 260
3075 6366 262
9281 9756 198
5724 8967 262
9826 9924 242
8658 9024 247
3888 6047 236
9681 9706 180
4217 6658 262
4249 4977 215
9067 9575 260
1094 8537 262
5136 6679 262
2797 7571 262
2083 8693 262
2219 4145 238
8444 8851 216
7949 9737 260
2410 6476 262
8931 9695 260
6130 9942 262
6912 8808 257
4842 6866 262
1569 4840 238
5917 9613 262
5574 5824 205
1351 8010 262
4970 9725 262
5028 8636 262
2565 4328 238
6860 8875 257
6742 7984 257
9360 9477 185
5362 5953 236
4930 7017 262
1898 4420 238
77 4354 238
7456 8418 252
920 2008 182
6444 8798 257
9325 9762 198
9263 9766 198
680 5531 238
1118 6733 262
6840 8561 257
3599 3626 163
9643 9740 185
325 2432 183
4635 4945 210
4643 6252 262
6345 8073 257
1445 9600 262
3544 6375 262
9697 9783 180
1145 4557 238
9841 9938 242
1478 6608 262
5331 9983 262
9108 9453 260
5701 7198 262
5278 8989 262
8875 9883 260
5577 9950 262
9547 9865 211
4341 7907 262
9060 9393 260
2907 8368 262
802 5823 238
7193 8862 252
1516 8837 262
9306 9522 198
4359 9027 262
6101 7577 262
506 2168 182
4238 8470 262
1944 7483 262
8605 8967 247
4041 5635 236
4323 6918 262
7928 9782 260
3290 6085 238
2460 3691 217
5155 8625 262
2318 8926 262
6721 7235 257
1057 2335 183
7507 8381 252
125 9849 262
5959 7280 262
3265 5519 238
1006 6309 262
3469 4456 238
9670 9785 198
3240 6551 262
2506 4143 238
2650 7652 262
108 199 125
8009 9541 260
6671 8681 257
150 1816 182
8119 9670 260
6384 9414 260
9625 9708 185
6699 8747 257
6194 6829 244
4279 4340 171
4077 6947 262
4166 5462 215
5908 6173 262
625 5064 238
6137 7830 262
2092 7102 262
9480 9974 242
2851 3174 217
7761 9484 260
9260 9839 198
9161 9329 260
1600 8447 262
8062 8426 234
3232 6940 262
8129 9591 260
449 7345 262
4478 7822 262
4594 6186 262
8030 8874 234
348 4489 238
8960 9848 260
2725 2932 217
53 2564 209
9662 9952 242
5329 7467 262
852 5400 238
3824 7836 262
8236 8266 190
9229 9501 260
2264 3455 217
9262 9317 185
8104 9049 247
7756 7844 221
7316 9730 260
7456 8386 252
3677 5219 238
465 4357 238
7676 8605 252
1762 8740 262
7482 8535 252
4213 4243 202
9667 9915 242
6986 8781 252
4683 9751 262
3487 7393 262
9752 9823 198
1821 8101 262
2784 8542 262
283 7004 262
6537 9818 260
8826 9701 260
379 3819 238
3107 3723 238
1451 7598 262
8925 9152 247
635 7545 262
9628 9682 185
5792 6253 262
5018 5323 192
1076 8337 262
3540 9484 262
8042 9352 260
7202 8909 252
1051 5078 238
5291 8749 262
6134 7641 262
7372 8840 252
2728 3238 217
1580 8299 262
2048 3031 217
1253 8882 262
7686 7891 221
6577 6767 244
870 4350 238
7422 8196 252
633 2022 182
620 4474 238
6792 7224 257
9580 9599 167
4999 5696 236
8926 9974 260
5351 5577 236
8626 9214 247
6534 9281 260
1896 8132 262
8778 9399 260
4057 5755 236
7873 8267 252
1362 5858 238
7556 8092 252
2343 3389 217
5765 7415 262
8530 8883 216
4592 6933 262
9196 9608 260
7997 8993 247
5893 9161 262
3653 4012 238
6557 7143 257
3162 8779 262
2110 8925 262
5170 6572 262
6002 6339 262
7082 8979 252
9759 9859 211
7519 9124 252
6810 8690 257
7760 8359 252
1400 8891 262
4473 5239 210
3168 3519 199
1345 4809 238
4001 9498 262
1668 7966 262
1235 9856 262
192 5189 238
1691 4760 238
7008 9807 260
6357 9179 257
5906 6882 262
7171 8624 252
1689 6782 262
965 8511 262
1333 6104 238
7418 9556 260
1949 7371 262
6029 7911 262
7209 9960 260
6652 8479 257
6129 6453 262
2723 3140 217
1256 3738 238
6072 9462 262
1130 5089 238
5127 8456 262
9336 9961 242
8010 8542 234
7895 9945 260
4951 7634 262
4397 7665 262
8703 9873 260
4440 9785 262
7621 8994 252
188 5448 238
5288 5981 236
6643 9784 260
7511 8887 252
2287 7349 262
2114 7545 262
8149 9490 260
9788 9801 167
8573 9153 247
6431 8795 257
2895 7124 262
3007 5752 238
6137 8754 262
5365 8699 262
7868 8800 252
6035 6880 262
58 1688 182
357 1166 182
2824 4328 238
8931 9400 260
5316 9092 262
4394 8107 262
3522 7894 262
2620 7003 262
4879 9735 262
4729 6146 236
3143 5493 238
3911 4235 202
2392 4020 238
5813 7937 262
372 5467 238
7482 7868 221
526 7055 262
5881 8965 262
9383 9946 242
6976 9653 260
7883 9396 260
4442 4810 197
7697 8722 252
1241 4064 238
1512 2375 183
8148 8404 234
9720 9728 167
7845 8714 252
2836 3685 217
7156 9969 260
3792 4095 189
726 9943 262
6320 7644 257
8905 9995 260
820 8643 262
5543 7564 262
5387 7726 262
7989 8957 234
1679 5844 238
2690 3754 238
1792 7376 262
2465 8580 262
5680 9445 262
5062 8031 262
3082 8121 262
4331 5669 236
4764 5399 210
4324 9072 262
246 1385 182
6655 8757 257
6508 9027 257
4327 9299 262
927 4719 238
370 4539 238
9505 9731 198
4585 7845 262
9068 9602 260
6378 8648 257
3942 8396 262
8454 8953 216
5093 7147 262
5994 9069 262
1757 6375 262
5897 9890 262
4158 6005 236
7157 7818 239
2964 8234 262
932 6850 262
572 2356 183
2786 8082 262
8241 9515 260
1578 2024 180
7007 8070 252
8682 9145 247
2154 9996 262
2979 7652 262
5700 7307 262
236 894 179
9052 9320 260
8304 9545 260
8736 9172 247
2383 5081 238
9356 9999 242
5072 9479 262
3260 7997 262
2177 8230 262
5405 6037 236
2248 4106 238
4163 9611 262
5795 9974 262
8422 9614 260
434 4957 238
9722 9991 242
5069 9397 262
9937 9969 136
5950 6524 262
3715 4044 189
3060 9775 262
4147 7724 262
7406 8160 252
514 9361 262
2815 8872 262
230 2583 209
889 3854 238
2400 4996 238
4535 5297 210
2280 9767 262
1753 8832 262
3622 4542 238
935 8256 262
3045 4958 238
3390 9150 262
3839 9309 262
6973 9549 260
1959 6204 262
7731 9892 260
5346 5400 192
3312 6842 262
53 8348 262
1452 9433 262
5633 5853 218
7254 9569 260
6247 7242 257
8793 9716 260
3787 6510 262
9846 9996 242
516 2558 209
1796 8341 262
9627 9669 185
9008 9962 260
6559 9630 260
1159 9765 262
3925 9131 262
3714 5711 236
188 7887 262
8536 9653 260
6102 8641 262
8866 9990 260
1313 1360 159
3330 6205 262
8802 9440 260
6113 8195 262
4455 7700 262
7465 8123 252
977 9681 262
3225 9180 262
9035 9691 260
5248 5575 236
3623 7841 262
7411 9566 260
2226 2350 183
4855 6723 262
6888 8766 257
507 9489 262
404 6658 262
8338 9036 247
3234 6386 262
5065 9458 262
5738 6024 218
5327 8786 262
2982 4169 238
1791 1932 175
9128 9497 260
4932 6161 236
3609 3991 238
4581 4964 210
7196 7817 239
5364 6331 262
3989 9410 262
805 7730 262
4426 8421 262
6224 8365 257
6608 8893 257
5487 6220 262
5888 8479 262
4329 6207 262
1308 4507 238
1083 3857 238
7787 8255 252
1002 4200 238
5271 9793 262
8318 8996 247
5889 9703 262
4291 8074 262
8169 8291 190
2295 6456 262
4145 6385 262
9480 9958 242
4916 8811 262
3429 6971 262
5257 6484 262
3181 4145 238
7863 7982 252
6460 7165 257
1892 8334 262
2145 4349 238
6747 7103 257
5020 5271 192
9542 9987 242
7517 9254 252
4302 7949 262
329 4479 238
2531 7908 262
4154 8701 262
4541 6877 262
9248 9937 260
2030 8246 262
6387 6485 169
7462 7622 208
1176 3774 238
355 6672 262
5793 9394 262
9965 9994 180
6592 9632 260
2913 4342 238
9227 9400 260
1471 7263 262
1029 1847 182
100 8723 262
4183 8116 262
3013 3706 207
3549 5070 238
8823 9523 260
4732 5374 210
6921 8257 257
7302 8363 252
9008 9545 260
5483 6701 262
2152 4414 238
7713 9331 260
9533 9702 198
4067 8230 262
3098 5573 238
4440 6941 262
8179 8914 234
2885 9442 262
2722 9023 262
3469 3522 181
416 8700 262
5020 6674 262
3646 6322 262
8102 8479 234
60 8978 262
5578 9103 262
4359 8760 262
9134 9935 260
9281 9708 198
5483 9896 262
3857 4541 215
5292 5766 236
8109 8525 234
9581 9922 242
6924 8370 257
3465 6391 262
9602 9868 211
2507 7167 262
3094 5058 238
9956 9973 136
5022 7303 262
9272 9447 198
3198 7539 262
6684 8715 257
6058 7302 262
3513 8794 262
7379 7676 239
7369 7937 239
9243 9915 260
7834 8825 252
6317 6703 244
4581 6245 262
7244 9161 252
4354 9961 262
4264 4590 215
9867 9884 198
1135 1452 182
8394 9140 247
6861 9313 260
3766 5680 236
6535 8102 257
1041 1463 182
7109 7381 195
5570 8318 262
1373 6138 238
8722 9569 260
3068 4819 238
4773 5060 210
6051 8142 262
37 1030 179
7596 8983 252
1267 5351 238
8722 9936 260
6081 8762 262
9541 9673 198
409 7810 262
7500 9172 252
4281 9635 262
8725 8993 247
852 9032 262
8854 9709 260
8654 9990 260
1724 4622 238
3295 4809 238
3884 7469 262
9584 9919 242
4700 6115 236
201 455 144
692 5940 238
114 4367 238
3955 5724 236
8300 9975 260
4522 7253 262
1479 7922 262
3892 6811 262
1624 6019 238
3966 5854 236
8282 9371 260
2444 6849 262
8087 9923 260
2760 5148 238
695 761 171
7339 8342 252
2583 9283 262
2174 4764 238
7896 8838 252
2719 7199 262
6592 9639 260
7504 9037 252
4421 8078 262
422 4550 238
9706 9917 242
1854 6408 262
687 8571 262
281 6048 238
1039 7432 262
3950 7848 262
1903 3662 217
1362 5689 238
4015 9622 262
314 3962 238
1001 8603 262
4566 7765 262
9443 9598 198
1581 5158 238
2261 4095 238
6717 7286 257
1901 4217 238
8743 9287 260
9535 9782 198
872 4487 238
5159 5702 236
3632 8085 262
9438 9981 242
9755 9942 242
7274 7330 195
7412 9192 252
8883 9706 260
7508 7732 208
786 7597 262
7812 9843 260
5687 8318 262
5326 9485 262
7507 9612 260
7810 9392 260
2779 5223 238
6934 7837 257
8809 9898 260
5758 6683 262
8047 8491 234
4497 6781 262
8543 9863 260
1465 6319 262
5384 9476 262
2764 5927 238
5332 8983 262
9096 9869 260
5749 5923 218
6996 7757 239
8120 8573 234
4130 6943 262
1373 1595 172
7727 7930 221
2168 5453 238
3896 5840 236
6142 7521 262
1325 3404 217
8469 8836 216
4120 6802 262
3706 6154 238
1985 4757 238
3120 5110 238
7069 9656 260
9635 9865 211
3356 5681 238
4053 9278 262
2971 4524 238
5005 8562 262
5958 8772 262
4209 5063 215
5743 7147 262
5655 9566 262
2361 4816 238
4191 8123 262
7934 8481 252
2552 9637 262
1020 3662 217
720 9587 262
9253 9368 260
8534 9689 260
5555 7393 262
6511 7588 257
7732 8118 252
3479 7444 262
1918 5775 238
8667 8724 203
1814 2940 217
4018 5008 215
8112 8665 234
6993 8905 252
7098 9777 260
4901 7705 262
9136 9390 260
525 651 145
5049 8411 262
6731 8655 257
6293 8260 257
7125 8175 252
7929 8275 252
2243 2811 209
9634 9947 242
8608 9537 260
6030 9217 262
6449 9026 257
7299 9608 260
6753 9849 260
8274 9654 260
696 4483 238
5458 5524 192
2796 3807 238
3392 8685 262
9486 9657 198
561 5797 238
9167 9200 185
7190 9288 260
6877 8729 257
4186 9549 262
3603 7423 262
5003 5040 179
2378 8223 262
5070 5719 236
2039 4362 238
6324 9583 260
940 1260 182
7456 7735 208
9497 9658 198
8080 9184 247
6841 9294 260
7326 7417 208
9627 9785 198
5062 9127 262
6167 7671 262
8416 8850 216
6885 7937 257
4970 9688 262
6594 9372 260
2996 6958 262
