597701 88426 470
951574 250249 525
289795 808177 470
465026 281132 449
76339 622753 470
749050 930805 525
237534 404539 441
12038 585795 470
257380 276955 416
384946 855669 525
166175 812229 470
940700 733220 525
368529 110453 443
294163 936169 525
210686 176062 373
870940 716173 525
936511 36245 525
406948 652398 470
483190 730339 470
620559 334576 470
775747 640087 468
285231 384443 441
793727 627708 468
122974 964630 525
703890 102047 470
37581 780534 470
779526 442650 470
211466 593382 470
660025 177427 470
501077 431660 444
743560 931614 525
383232 13261 443
151285 444118 449
428360 372164 449
753178 881836 525
906515 321128 525
203689 273401 443
668159 175869 470
799590 130879 470
884093 116346 525
242962 231222 381
577561 667243 447
68974 88912 351
136406 42435 354
581142 866988 525
154322 517158 470
626016 345774 470
17612 566810 470
434730 96903 449
627485 242752 470
60629 194838 383
527842 143158 470
650182 638878 425
494590 380946 449
898657 155728 525
334941 150968 443
562522 206046 470
243768 855130 525
827337 827895 419
568975 256764 470
662845 415922 470
248981 804562 470
36299 657101 470
502782 91546 449
508 622218 470
576710 396001 470
224888 446843 449
481863 389001 449
495780 126369 449
692356 387109 470
76586 696731 470
716867 978988 525
588735 475787 470
304644 461166 449
251320 99870 443
801978 280843 470
900165 805872 525
836306 602599 468
196433 781268 470
72472 191039 383
830305 432826 470
259330 32891 443
327100 109306 443
164726 509714 449
271139 154283 443
283056 476376 449
376975 162289 443
391964 300617 441
858076 964798 476
133387 775466 470
969838 182133 525
799016 828997 450
436776 143227 449
411417 124826 449
713045 597191 447
9378 971959 525
670903 919018 525
769745 444051 470
363531 446271 449
227846 245828 443
966590 174460 525
394754 658353 470
867184 285868 525
12020 845050 525
139400 889903 525
533144 906801 525
322337 912640 525
675931 337158 470
499561 289003 449
550997 947648 525
168183 483166 449
439111 908336 525
281247 890997 525
263651 280269 416
148885 863010 525
684352 304113 470
591709 927062 525
524674 753240 452
854156 287125 525
937456 859717 476
306012 827778 470
312211 678100 470
887110 663633 525
432249 264622 449
583182 738727 447
800984 718318 468
960140 102998 525
374144 955818 525
929519 271256 525
158238 72996 383
469625 504648 426
265531 284334 416
984888 945451 458
51895 724845 470
350235 283049 441
906280 849547 432
457738 32333 449
109222 771964 470
259620 565280 470
932630 645810 525
884652 752316 525
814272 112947 470
394267 442138 449
7753 915927 525
140207 36966 354
582385 4854 470
487295 104803 449
27275 856004 525
872906 311074 525
45 263585 443
788988 949085 525
953026 566219 525
292993 2094 443
468351 126167 449
80823 979304 525
138308 892021 525
987907 733967 525
738400 44511 470
23801 93813 351
257966 50316 443
691173 412357 470
76858 930150 525
391841 84212 443
206524 185150 360
180496 658343 470
50001 619499 470
991025 430274 525
577700 247426 470
730856 297590 470
164501 579170 470
315482 222618 443
588543 843193 525
798373 862032 525
853251 120863 525
240682 795159 470
561505 945031 525
860727 311101 525
544499 645375 452
304927 899370 525
327714 611063 470
589918 429523 470
802576 685253 468
379821 502382 449
164728 106131 383
783135 608731 468
778503 765625 468
780494 540955 468
132057 69663 354
727535 968906 525
458747 352735 449
116372 213354 383
917736 624765 525
924696 28693 525
450426 409718 449
433259 641157 470
559221 573060 421
350529 379609 423
291225 329148 384
447532 983032 525
651900 69821 470
676441 72193 470
522312 261884 470
923206 332503 525
908489 423919 525
127514 670907 470
12544 111749 354
492678 981752 525
182608 917117 525
903491 184836 525
272229 715572 470
471906 883477 525
319805 787241 470
338354 331214 366
744729 978130 525
470819 392841 449
449313 769771 470
224258 838803 525
314200 981508 525
849735 621536 525
579834 842363 525
975631 748160 525
517728 338424 470
322570 986014 525
612605 66850 470
559185 915824 525
200160 309041 443
257616 781886 470
135057 673249 470
365652 179447 443
599899 450793 470
476668 866548 525
608322 780298 468
449011 890917 525
103951 820771 470
603292 782051 468
811891 397064 470
808980 774482 468
160508 186 383
261005 900242 525
658686 600148 447
642574 316922 470
87337 460449 449
672140 422225 470
743845 31021 470
740495 146799 470
764269 40393 470
458208 314152 449
240478 108017 443
454137 109806 449
448060 554172 470
692500 511395 470
5706 597520 470
908997 997258 476
197913 799371 470
505740 973113 525
10234 438876 449
390254 134753 443
649928 484847 470
795553 419257 470
454757 967556 525
76328 288025 443
128787 847852 525
840535 832040 525
186480 931106 525
546159 593038 452
334925 979943 525
869713 53902 525
279021 942417 525
736032 467334 470
95488 131237 354
888162 64008 525
888997 264835 525
271690 709677 470
917358 512522 525
309569 765295 470
752548 73662 470
351546 245028 441
330518 364766 441
196528 364120 443
935115 588556 525
606750 221863 470
260041 315552 416
159339 674524 470
697717 721379 420
613918 418889 470
914988 291971 525
214101 929148 525
593038 134022 470
986285 168177 525
932496 509502 525
150870 928838 525
154585 850723 525
219063 251738 443
765333 306413 470
212673 612959 470
792207 819432 468
714808 478590 470
551200 843215 525
136159 382463 443
757257 66736 470
664543 899326 525
952074 936696 445
854652 757726 525
290680 340886 384
710448 865237 525
701853 548068 447
414415 203202 449
317292 387450 441
565883 389000 470
850605 694763 525
904882 200911 525
299561 252131 416
18526 513977 470
943683 805404 525
453646 904808 525
114137 255272 443
992417 649151 525
624008 787478 468
586997 958041 525
64446 532586 470
594671 76731 470
395779 327257 441
506773 305153 449
392596 286644 441
322666 89451 443
537908 191482 470
84311 81251 320
903908 143642 525
857460 464608 525
405457 550351 470
622288 910163 525
567327 259992 470
119245 231857 443
607349 591337 403
685225 193626 470
205010 73253 383
510594 941802 525
798655 943377 525
549432 223542 470
634371 841950 525
523304 892410 525
75710 680944 470
73184 199308 383
875851 368799 525
134602 20280 354
212366 927560 525
37907 482281 449
289715 551872 470
668498 413806 470
225647 328251 443
261150 669390 470
755140 658240 442
48077 655246 470
9092 910504 525
32125 317935 443
254883 464617 449
614489 448754 470
22068 103235 351
670612 403597 470
478809 659541 470
938446 241384 525
273335 933313 525
259980 843698 525
309559 151623 443
299981 794111 470
87139 669167 470
855133 667740 525
303644 178387 443
762268 909892 525
390121 431001 449
716153 667246 442
531240 360255 470
15282 775804 470
507322 537162 470
368414 606954 470
387964 94172 443
415065 626286 470
705555 606178 447
539956 329368 470
241924 931443 525
894403 684523 525
972444 684005 525
276903 334721 398
29314 834276 470
670679 588991 447
769397 916018 525
787697 668373 468
161829 455592 449
926684 762208 525
746795 533263 452
816932 197667 470
359205 836615 470
890174 428713 525
659686 172515 470
599582 610288 412
270136 166780 443
987951 239308 525
972260 799671 525
696378 716148 411
994873 500486 525
250 708593 470
889383 756005 525
261146 884826 525
872771 575234 525
391209 922824 525
803483 696812 468
540862 700609 452
148075 125674 375
241207 225135 443
395050 441988 449
659218 167141 470
377218 338088 441
456857 835135 470
875057 8061 525
984480 43735 525
690918 339857 470
184424 609930 470
107556 341215 443
632414 145364 470
274357 868421 525
602449 403601 470
600753 520828 452
905063 688371 525
678714 514285 452
519382 732146 452
604824 453069 470
716162 13921 470
827342 182582 470
451969 700953 470
804773 324069 470
303963 271233 398
829869 667742 468
110212 401805 443
346596 332216 441
782260 892626 525
967501 485786 525
464651 236462 449
185040 469084 449
330384 942396 525
462806 358784 449
821774 873848 525
991240 368547 525
72964 671568 470
897273 996001 476
583321 797882 468
108512 493596 449
950227 860560 476
389912 66269 443
615270 652968 425
294582 180395 443
129609 781764 470
900179 506112 525
402280 844189 525
238537 309111 416
759482 864108 525
268524 558156 470
413386 99236 449
90774 621037 470
115755 391604 443
857814 184362 525
354706 949088 525
494232 951557 525
442142 817932 470
908942 748596 525
234965 334501 416
855189 898471 432
34874 529074 470
973880 113088 525
419596 795306 470
841896 695210 525
372646 136050 443
39474 543296 470
99215 949575 525
349348 308486 441
342560 629761 470
205248 65718 383
848241 219669 525
418451 29892 449
862866 979999 476
28512 173170 383
199445 12201 383
847883 80998 525
453273 10634 449
900047 22071 525
410220 808957 470
486921 1459 449
553610 633013 447
63643 516267 470
846330 875791 432
447522 839681 525
641619 769616 468
142789 921918 525
658943 546539 452
723933 415567 470
450667 549978 470
287780 907984 525
680713 288964 470
958115 174873 525
838151 610929 525
306524 156842 443
716706 9793 470
339260 404718 441
105379 583171 470
392341 939558 525
655934 305846 470
875687 829760 525
819712 96225 470
312024 300363 371
79295 618308 470
527387 858588 525
439744 883783 525
167446 744838 470
289692 497167 449
937518 999848 458
294302 821493 470
94001 576361 470
940110 432857 525
751108 217639 470
716050 979213 525
509150 275341 449
685439 962126 525
759265 245714 470
380477 19754 443
774358 565764 468
533821 5168 470
357163 130007 443
151044 526159 470
383707 63590 443
823301 641049 468
54101 519034 470
981285 89534 525
42462 651530 470
999562 778460 525
23895 471676 449
674627 239475 470
248866 974729 525
620536 428820 470
933902 801900 525
552726 549114 377
242461 701901 470
263650 538773 470
540947 229929 470
333085 496817 449
432197 446423 400
261520 589097 470
792446 859410 525
766749 916570 525
667624 491946 470
441837 417069 418
420985 750087 470
836847 119073 470
966447 717036 525
297264 969307 525
270662 605546 470
568773 15588 470
561713 363379 470
261092 942123 525
843455 845521 401
752777 826564 468
381931 542094 470
14464 516426 470
803899 582330 468
129750 207063 383
327389 622662 470
921 644189 470
430369 270948 449
840996 871037 428
955954 899028 476
574081 593535 434
251227 52260 443
192749 46473 383
441647 177388 449
454206 709449 470
354128 59017 443
36238 343435 443
919257 180197 525
419453 597163 470
106772 204033 383
314075 867049 525
578285 910943 525
407587 185244 443
277365 220157 443
573733 657445 447
119503 374192 443
453935 375406 449
793085 971539 525
498922 788705 470
437398 295457 449
141368 236089 443
624831 305729 470
759621 708831 424
641792 735421 442
488079 946831 525
536533 966148 525
731555 652773 442
781913 743025 468
448960 950462 525
687306 334442 470
885906 210551 525
886205 441982 525
456334 20159 449
324732 22272 443
900022 382496 525
181146 195219 360
675847 198381 470
57544 582056 470
789927 703646 468
602377 741804 447
903282 814730 525
446003 856205 525
615396 269321 470
961394 450873 525
278091 39757 443
898243 734370 525
558376 743922 447
381111 87085 443
239413 681750 470
110864 338253 443
425555 684964 470
863561 732159 525
400369 183535 443
542059 903486 525
875832 764402 525
103014 756995 470
266415 26319 443
655552 878138 525
923488 719254 525
907809 988935 476
973528 997609 427
923635 7356 525
517838 113570 470
844164 468676 525
472011 30239 449
827574 423688 470
250131 243769 350
965249 441380 525
831692 569525 468
343676 12610 443
488502 769384 470
738816 476509 470
594316 675603 447
653293 572800 447
491736 901238 525
536651 860907 525
348882 317954 441
65045 540668 470
302635 229084 443
299134 659675 470
955734 569169 525
387544 298699 441
471775 520742 470
238198 89358 443
95175 654965 470
240898 337126 416
912416 74769 525
691953 97986 470
66380 67510 268
45279 788463 470
437370 458679 400
494264 296484 449
12399 199059 383
674839 104435 470
778588 714764 468
472573 636006 470
997033 202951 525
15245 894838 525
140256 365523 443
937224 475699 525
609347 38997 470
913124 197848 525
586187 800761 468
275592 935448 525
21627 910280 525
255696 701331 470
812275 878356 525
14294 678122 470
676534 548408 447
168876 684659 470
104806 820751 470
962755 515855 525
29266 54247 340
572129 700588 447
535402 739189 452
301412 484897 449
20479 251170 443
578349 266714 470
693380 367725 470
727849 283559 470
205774 757842 470
477060 86046 449
506303 839053 525
24131 217793 386
717517 237586 470
289208 566216 470
949514 584165 525
658621 48926 470
484775 531352 470
131825 656876 470
695422 687887 442
285566 388092 441
387151 631325 470
880855 274794 525
3334 282315 443
255730 531880 470
268305 702201 470
870413 836196 525
400600 810191 470
501353 883746 525
984924 607161 525
616772 665871 429
955871 240232 525
408728 355703 436
916953 645575 525
805335 302579 470
195227 566471 470
541653 394829 470
614829 459477 470
28907 970297 525
961981 173614 525
329076 529127 470
509539 315819 449
15517 734824 470
770922 900462 525
80177 577261 470
861249 221565 525
334086 115279 443
457788 883420 525
940190 916701 476
372315 578626 470
816229 170030 470
174748 512131 470
650248 454815 470
140429 335697 443
182453 326579 443
32668 79260 351
224513 197433 386
877705 843999 432
611047 474933 470
940956 956464 414
907896 559410 525
571474 873980 525
237947 94000 443
445753 378573 449
27628 811730 470
12569 499996 449
825840 430531 470
617259 168028 470
601978 309677 470
866888 809997 525
90810 151 351
286976 981583 525
819392 396601 470
216007 647264 470
424793 929996 525
185642 911327 525
751333 127814 470
742635 841219 525
2122 912499 525
782645 522040 468
912110 209151 525
986685 634340 525
508459 789855 470
877696 656924 525
528969 794718 468
347738 262211 441
980370 38688 525
245542 593736 470
635735 38361 470
759699 893746 525
493847 674463 470
884492 383355 525
353280 543399 470
213401 388607 443
690048 345160 470
669561 452811 470
970101 105133 525
552966 578859 421
376533 633755 470
460978 804818 470
686292 390677 470
221674 31878 386
692288 839035 525
968875 395829 525
134185 450634 449
883151 501563 525
574807 754272 447
924911 524650 525
38946 207156 383
93637 524868 470
517522 213292 470
361631 313648 441
632405 312910 470
451120 870686 525
855855 423477 525
50324 614577 470
683406 25487 470
897124 798126 525
70178 355215 443
398181 921060 525
257946 991785 525
96925 331208 443
843963 707349 525
355516 119752 443
572402 86899 470
73975 7004 340
865401 218135 525
133842 162219 383
553114 702041 447
524325 804265 468
610764 341260 470
785580 989569 525
965604 126030 525
486819 209553 449
597812 556438 434
946184 291850 525
226730 914881 525
294837 627923 470
847502 834125 525
289459 934266 525
263027 394021 441
985388 595181 525
542295 23870 470
496857 132232 449
28547 687667 470
591308 498738 470
119340 185849 383
791533 707297 468
545462 919900 525
992365 764111 525
286813 135108 443
337940 5974 443
580704 481950 470
251036 714092 470
701693 718038 411
57743 313499 443
321950 510251 449
608758 557608 434
297262 590626 470
662833 844562 525
666204 969769 525
568407 215322 470
498596 518003 470
956234 643030 525
984276 987154 427
738812 938991 525
814349 464830 470
701664 972695 525
474433 328240 449
367069 931616 525
543093 996042 525
612546 31092 470
468500 164416 449
734446 425425 470
582505 757487 447
261245 68393 443
303702 522423 470
841644 924699 476
579676 55999 470
959319 243436 525
623517 62076 470
59225 570499 470
910830 808421 525
909546 798897 525
220826 76472 386
668954 834299 468
228734 379115 443
180541 387650 443
786649 859196 525
471862 997579 525
566067 75502 470
304706 632342 470
177729 833063 470
888798 124392 525
233051 321144 416
550326 250218 470
66269 84931 351
229253 483946 449
997606 775912 525
168574 325216 443
85084 201106 383
54246 630230 470
286322 922768 525
166216 559378 470
831456 547881 468
809038 595714 468
394524 890691 525
404784 585598 470
342983 391736 441
151472 906152 525
943711 533279 525
77021 673742 470
908680 503724 525
651702 373528 470
74654 32564 340
861353 412175 525
328639 142590 443
789113 874168 525
114431 547552 470
305190 196713 443
985516 561131 525
422196 569049 470
705683 677052 442
237824 609050 470
341119 430358 449
157165 273339 443
636364 756291 442
263712 16673 443
721400 825959 468
291102 932209 525
858283 256866 525
636925 976315 525
503107 671622 470
255404 409922 441
432702 809565 470
67542 272957 443
65400 783731 470
735318 49262 470
391276 619573 470
260771 676424 470
119697 911974 525
891342 708307 525
750629 293616 470
239573 747607 470
281034 420394 449
358280 231602 441
168824 348553 443
751590 276330 470
994226 503411 525
947717 562734 525
982031 920959 476
311124 182908 443
178106 81353 383
229716 955373 525
609656 447234 470
676985 965415 525
201124 770018 470
419505 989785 525
566232 333752 470
816966 24703 470
51583 568801 470
244929 351855 441
568325 886605 525
659726 449196 470
815807 161928 470
720473 581664 447
474771 20453 449
184882 91494 383
827500 977310 525
3607 248629 443
48493 516018 470
652068 18816 470
101599 397565 443
759259 260258 470
778201 845761 525
19755 669317 470
915892 767723 525
708177 261532 470
248249 837261 470
854611 296309 525
653678 94167 470
284983 331971 398
794925 693833 468
282182 532407 470
270764 579315 470
581677 437383 470
437464 141921 449
779678 155655 470
63 386594 443
2390 343353 443
322062 724784 470
861633 389636 525
157090 280235 443
305163 947496 525
167167 512023 470
959239 319613 525
159626 34407 383
956522 237496 525
448341 744467 470
44124 256736 443
124840 756238 470
974653 331977 525
310959 183954 443
797352 132329 470
657138 517243 452
686929 311222 470
449034 187541 449
374438 254306 441
690042 937693 525
77597 794792 470
438455 775666 470
67146 7736 340
495346 618461 470
651397 473046 470
262908 213808 443
412864 331595 449
222874 564869 470
988878 49628 525
20764 877158 525
552328 53729 470
584079 997070 525
