54 52 113
1 80 116
72 22 113
3 60 113
36 60 113
87 91 93
89 36 116
39 96 116
90 37 116
8 67 113
7 60 113
51 27 112
92 85 93
24 24 11
8 37 112
88 56 116
24 5 21
44 89 116
69 24 113
72 88 116
67 73 116
4 3 8
54 63 113
34 78 116
46 94 116
48 17 112
16 14 18
40 3 112
24 13 21
73 57 116
99 19 119
96 58 116
50 55 113
98 29 119
29 97 119
64 23 113
66 47 113
35 4 112
74 92 111
77 78 36
94 12 116
63 61 108
78 78 36
13 95 116
92 70 116
27 86 116
11 22 21
46 26 112
65 73 116
90 55 116
52 2 112
100 44 119
1 73 116
31 32 107
82 20 116
61 29 113
92 71 116
3 63 113
69 100 119
16 99 119
17 3 20
25 20 24
83 11 116
26 57 113
97 50 119
8 62 113
24 4 21
33 24 112
75 52 116
76 32 116
89 58 116
66 48 113
97 89 119
77 29 116
92 69 116
62 61 108
38 37 22
39 46 110
86 50 116
14 66 113
59 64 108
17 79 116
29 36 107
38 42 110
71 80 116
12 50 112
93 62 116
6 55 113
3 99 119
87 88 31
85 2 116
99 33 119
75 81 36
77 86 111
100 82 119
56 60 33
79 50 116
87 73 116
40 81 116
38 62 113
261 2660 209
19 2379 183
1581 1038 182
1784 3265 217
2051 3556 217
2278 285 183
890 2913 209
2826 510 209
649 4474 238
1510 4947 238
279 1171 182
1850 3615 217
2611 2069 209
1853 677 182
961 3412 217
79 4581 238
951 668 179
93 2911 209
660 4878 238
3821 487 238
177 2712 209
13 1836 182
1333 4227 238
1617 1240 177
3417 1581 217
1471 3838 238
2160 2993 217
3556 3237 181
2961 2073 217
2606 1565 209
4034 1618 238
1352 4383 238
3416 754 217
4608 3878 215
4268 1188 238
3325 2684 217
4693 2034 238
202 4263 238
3758 4675 215
1696 1567 180
498 212 144
2385 367 183
2657 2678 147
2407 3280 217
4968 4823 210
1318 666 182
3528 1807 217
4548 4190 215
2641 4393 238
4593 1417 238
4707 668 238
2282 4760 238
3294 887 217
497 3267 217
4286 2198 238
226 1428 182
2511 4424 238
1078 113 179
4028 2958 238
2001 3345 217
2136 4968 238
1300 4324 238
3908 499 238
2041 1281 180
4215 542 238
273 2211 182
70 77 116
1703 516 182
2828 1731 209
829 4309 238
4214 1729 238
3702 3796 238
4285 4510 215
1175 387 182
763 177 171
1588 2778 209
4920 4558 197
2897 2739 173
1597 2224 183
3157 3084 186
3755 881 238
3487 2820 217
3182 3265 168
3638 1887 217
3343 3426 181
3977 3549 238
1026 4607 238
4013 567 238
4470 2330 238
3166 2305 217
733 520 171
4827 3393 238
1558 1229 177
2550 108 209
1600 4871 238
310 85 128
944 4635 238
2278 2008 183
1380 1483 172
550 2309 183
4978 3277 238
3218 3731 238
4695 2187 238
2435 3631 217
4494 4446 184
2132 420 182
2558 2048 209
1762 2228 183
140 3175 217
775 3511 217
2800 2804 98
2581 888 209
1265 1587 177
1031 303 179
4339 799 238
181 1391 182
2152 1873 175
4138 4575 215
1641 558 182
4519 3452 238
2803 4179 238
2401 2884 209
311 3590 217
660 3795 238
170 690 145
113 1291 182
148 2508 209
3610 2285 217
3543 335 217
3625 1015 217
4966 1989 238
4551 4423 184
3598 4425 238
1840 4650 238
1100 1073 138
3632 506 217
947 1856 182
1041 3764 238
2798 670 209
2914 1265 209
356 3316 217
1080 4348 238
3564 2512 217
471 1450 182
3209 2317 217
2776 3078 217
4114 268 238
2335 4055 238
2347 2186 183
1420 3228 217
786 4310 238
3164 2392 217
2913 5 209
3847 4306 202
1733 3235 217
1151 1717 182
514 1095 179
136 2377 183
4349 1226 238
3444 1219 217
224 3257 217
4437 104 238
4022 1140 238
4271 1971 238
156 1559 182
44 2925 217
1952 151 182
2042 2163 170
1365 4357 238
3907 847 238
4770 40 238
586 3927 238
4212 2023 238
3780 870 238
1517 1293 177
1914 970 182
771 4705 238
602 1465 182
1759 3003 217
1512 236 182
4002 3300 238
4340 3906 202
2058 4936 238
3126 2575 217
45 431 144
4465 158 238
1262 4506 238
2621 4285 238
3817 398 238
2153 3762 238
3363 1301 217
3575 3210 194
35 824 171
2339 429 183
1469 3191 217
1324 251 182
1061 3844 238
2685 4494 238
3187 1930 217
1961 17 182
1549 433 182
1174 127 182
3472 970 217
1671 2727 209
4050 2958 238
763 2484 209
4786 801 238
1842 148 182
4480 4640 184
1744 2543 209
2140 4819 238
4625 3332 238
3673 398 217
2096 872 182
702 1191 182
1288 3850 238
3059 3533 199
3202 961 217
727 4476 238
3835 4063 189
2938 3663 199
789 4885 238
813 3869 238
4357 3867 202
2369 4820 238
3622 2255 217
2549 1049 209
1083 3199 217
3803 2983 238
400 3537 217
3386 549 217
2669 1021 209
2889 4359 238
1556 687 182
550 2680 209
4129 1619 238
3009 3441 199
1674 2799 209
432 95 144
3893 1948 238
1787 2375 183
4590 1934 238
3883 3686 238
2054 762 182
2169 1396 180
3160 4762 238
2735 1889 209
2929 1693 217
2538 122 209
4431 2798 238
123 3943 238
4511 3534 238
4953 679 238
670 3144 217
625 1545 182
4872 4960 210
4464 4455 96
547 3451 217
1804 4772 238
60 3867 238
727 3589 217
4146 4675 215
558 2366 183
3684 1661 217
4955 3915 215
3935 2134 238
4964 558 238
606 3656 217
1851 2228 183
2115 1768 175
3158 322 217
2698 808 209
1530 511 182
4297 3495 238
1417 4953 238
4159 2482 238
2576 813 209
1061 1721 182
4084 4763 215
1019 4604 238
127 1173 182
704 3723 238
461 1614 182
2804 1688 209
4632 2955 238
2248 1065 183
4031 874 238
4451 2310 238
4194 450 238
2489 1345 209
2910 688 209
1077 2913 209
32 2250 183
4299 4044 202
4752 3461 238
3368 4741 238
2041 1552 180
2228 1818 183
2591 4910 238
2276 3380 217
2854 2708 173
620 3433 217
858 349 171
4734 2139 238
4067 3118 238
3559 4880 238
4935 1004 238
398 3221 217
732 3652 217
1126 2680 209
767 1609 182
1510 4561 238
1925 250 182
2821 2238 209
2152 3161 217
1150 374 179
4052 4005 189
1819 4426 238
4933 1731 238
3575 3600 150
611 4869 238
3099 4577 238
4944 3021 238
628 4199 238
1959 3336 217
604 3664 217
2541 2022 209
3846 3205 238
2236 3728 238
4369 2332 238
1010 1489 182
3278 965 217
2676 4251 238
1186 4241 238
2228 4329 238
1646 3309 217
4597 2885 238
2634 2897 173
4018 4094 158
391 2866 209
2998 4248 238
3418 386 217
2006 3397 217
4249 1294 238
1739 1589 180
3496 1821 217
1414 4950 238
1368 1329 159
2962 2292 217
2013 1769 175
4455 1234 238
1011 3432 217
3198 2002 217
1205 4518 238
808 1400 182
70 3218 217
4050 3850 189
2972 3143 186
2371 2471 209
1766 386 182
3452 4556 238
3405 1983 217
2456 2308 183
609 2509 209
4758 2096 238
1038 1768 182
963 242 179
398 3731 238
3088 276 217
1502 397 182
3962 3564 238
3705 2342 217
1142 4995 238
2588 4346 238
3634 1621 217
4936 2499 238
3153 4695 238
1909 3473 217
4385 1913 238
488 3996 238
1996 2370 183
4475 4638 184
15 2378 183
166 4258 238
2700 632 209
2228 364 183
3821 3982 189
4063 4833 215
3670 3573 163
4215 570 238
2416 555 183
1186 1577 177
1344 3780 238
2396 3386 217
2870 2571 191
3424 4196 238
4780 2401 238
3971 3527 238
599 4879 238
4641 4538 184
7008 9027 252
8732 5712 262
3401 6792 262
3556 9688 262
5661 1498 238
3765 5113 215
7947 6527 257
9329 8604 260
2069 4878 238
1215 9828 262
9797 9209 260
6445 8000 257
3072 7086 262
3538 9544 262
8859 7523 252
4208 4361 202
8489 7304 252
9172 4615 262
7123 9326 260
9253 4288 262
1682 1150 182
1062 1967 182
7418 1047 262
3068 8534 262
8427 8280 234
3635 2785 217
3893 7535 262
9941 7060 260
3001 5623 238
6401 7179 257
5665 5042 236
5142 8294 262
4682 4955 210
1395 3305 217
4875 9785 262
5762 7121 262
2338 9533 262
4314 8929 262
5963 1382 238
8023 6070 262
1183 5260 238
2706 1709 209
5652 6841 262
9079 6464 257
1746 8070 262
4622 5348 210
6595 8036 257
6117 9792 262
1845 1338 180
8284 9061 247
4193 4134 158
4717 8311 262
5499 9252 262
7757 6136 262
9838 9518 198
2096 3145 217
8925 4053 262
6823 5635 262
8404 3826 262
7161 3756 262
1902 1132 182
5858 4719 236
8493 9534 260
4986 4912 210
8205 1427 262
6515 4217 262
4992 8197 262
9933 1234 262
1470 5947 238
2005 9523 262
3357 8630 262
1843 8789 262
2257 8705 262
9918 7208 260
6582 9699 260
3261 3648 194
4366 8803 262
2649 7608 262
9874 5769 262
1090 7038 262
8149 3808 262
6642 2765 262
7709 9658 260
3157 8632 262
5531 3747 215
8504 8459 203
2799 1572 209
9809 7962 260
7578 1301 262
2003 2302 183
7102 3637 262
8937 9831 260
2248 5236 238
3776 4704 215
6226 4543 262
2398 1471 183
5407 5152 192
4788 3449 238
9977 10000 180
7264 8235 252
9079 8465 247
1009 8367 262
5965 2387 238
1530 4501 238
5774 4968 236
5617 1376 238
3268 4916 238
1595 2361 183
9897 3804 262
5167 9283 262
4979 9712 262
7695 4427 262
7540 4462 262
1260 2114 180
8315 6074 262
9464 9955 242
2834 9477 262
6102 8938 262
3609 4706 238
7811 8634 252
6320 2628 262
9181 4835 262
1477 6115 238
8479 3372 262
2018 3262 217
1389 4203 238
8705 6684 257
1953 3306 217
8924 5838 262
4212 4071 189
2578 4764 238
6212 4457 262
3692 1122 217
3670 9162 262
7525 5855 262
3908 3199 238
4512 8727 262
9146 1335 262
8187 4400 262
4201 2115 238
9920 7806 260
8348 5646 262
3892 4393 215
7883 2779 262
8059 7282 252
3057 1311 217
9252 8221 247
5090 7950 262
6345 7792 257
7011 3937 262
1104 2234 183
3351 2095 217
5596 8052 262
7046 1219 262
4402 8482 262
3084 8939 262
5288 3311 238
1419 9600 262
2464 3803 238
7855 1099 262
7623 1069 262
4614 2609 238
6214 3986 262
3456 3907 238
6922 6295 244
2853 1443 209
3388 2402 217
1525 3685 217
6392 9686 260
9482 6683 260
1251 3132 217
8972 6331 257
3274 7099 262
1504 6455 262
9392 3807 262
7669 1301 262
3873 6466 262
6531 5394 262
5316 3318 238
6846 7705 257
5962 5862 187
9535 8654 260
3488 7635 262
2366 9136 262
7235 4094 262
9736 5672 262
2324 1977 183
2354 7230 262
2680 6317 262
6745 8939 257
6257 4369 262
1605 5967 238
5781 6022 218
5517 5841 236
7583 3641 262
4634 2055 238
1840 5520 238
7671 8038 252
5469 1373 238
8291 7391 252
11329 65999 340
94057 31792 351
55072 67489 335
34543 98930 351
55047 14566 340
76845 40737 340
32472 24950 308
50807 52167 309
94320 68180 351
98033 15208 351
60486 69008 335
62064 87069 351
60392 29176 340
83306 34332 351
90626 84823 333
56138 61833 335
26802 75060 340
84979 57659 351
70194 59485 335
64412 20642 340
13113 24508 282
55787 25504 340
45491 27990 324
65083 92186 351
13543 46126 324
56117 77775 351
96988 31991 351
68811 39317 340
80673 68240 351
79213 17767 351
20249 62551 340
53861 89156 351
61957 44360 340
94255 27115 351
51521 12643 324
28475 16713 308
57028 69784 335
62489 31908 340
73561 52017 340
27224 42385 324
34555 89031 351
87639 19374 351
58234 42807 340
11196 81422 351
16514 63920 340
83418 57319 351
79776 48958 351
78912 63335 351
37233 74017 340
77971 92953 338
97425 29504 351
96526 78284 338
62942 88706 351
75874 89577 351
60636 51430 340
79366 61863 351
65534 11208 340
33546 48424 324
25616 43953 324
85865 35109 351
19706 81180 351
55622 91276 351
10397 47098 324
55478 67707 335
71329 14302 340
20838 75256 340
77003 78796 351
22011 14603 279
57992 97370 351
82260 55256 351
18872 11292 279
47978 40737 314
32376 65936 340
55758 99760 351
85822 80907 320
63330 10028 340
67913 87254 351
18392 61103 340
31549 11389 308
38243 67318 340
81806 86327 320
31885 72268 340
99025 60735 351
32289 75805 340
60431 89134 351
71740 36613 340
32638 47238 324
56236 89650 351
95954 21057 351
60151 47872 340
24778 81434 351
12467 29385 308
84587 27086 351
37047 51728 314
91304 61561 351
96934 49050 351
63753 62402 330
86592 30435 351
15930 79847 351
26391 52773 340
90025 77260 338
73718 92640 351
62527 59749 335
39193 95566 351
15391 40606 324
42777 10207 324
60578 81313 351
78263 99820 338
59911 79520 351
45878 83121 351
79494 32265 351
11692 88994 351
83716 17012 351
23805 73786 340
76965 73161 325
80763 23660 351
53327 50170 340
14680 28777 308
28809 41109 324
64448 21759 340
42060 25206 324
93307 44355 351
78877 38295 351
25408 70576 340
80144 86652 320
62362 46493 340
16974 78396 351
52598 40802 340
89645 82419 333
25621 88442 351
54818 22650 340
98815 27288 351
26088 64817 340
45371 66494 340
72925 70062 325
34403 87673 351
92871 64725 351
39977 10365 324
15062 49340 324
64602 60471 335
21219 90643 351
97168 73743 351
32924 58056 340
24150 15344 282
33775 74666 340
75463 92492 351
12849 93717 351
56050 31964 340
49159 39844 314
28590 69843 340
76815 63700 325
98933 67628 351
94682 33039 351
75297 90626 351
10174 97684 351
59709 46815 340
77099 93911 338
92261 57197 351
39903 44916 306
41408 13397 324
42297 15628 324
20495 50968 324
40958 39720 306
65795 10890 340
30503 23534 308
76373 94563 351
46412 82234 351
25539 96200 351
30832 16884 308
93178 72452 351
97769 56733 351
22511 92285 351
16410 99680 351
17200 11634 276
12832 71399 340
94404 15987 351
74107 84825 351
79493 53085 351
84898 71906 351
28740 66651 340
33433 84005 351
33803 43356 324
94295 51029 351
50853 24596 324
51848 94685 351
36280 91872 351
17410 73434 340
43604 83035 351
50539 22314 324
51807 57258 340
55188 81520 351
49188 20111 324
22507 61207 340
55921 35729 340
66166 88479 351
50860 17525 324
39518 17950 324
34941 42832 324
79150 43402 351
70591 53740 335
630184 253500 470
999738 184076 525
562527 606762 434
267348 840061 525
350161 915986 525
374690 653966 470
519132 958035 525
307697 691313 470
37816 487964 449
645052 242599 470
567322 633257 447
281100 775577 470
459973 176779 449
459295 5596 449
42680 231564 443
769324 496500 470
376163 716049 470
623492 896629 525
210904 883481 525
942431 103267 525
470468 90192 449
34723 832892 470
854389 77427 525
122772 88669 354
905046 834253 525
358954 619554 470
929321 938832 445
547560 724656 447
234460 266584 407
720101 414845 470
520317 90631 470
889733 914428 476
463252 352592 449
378423 19103 443
853689 870549 428
800826 490597 470
981069 989078 427
468832 925780 525
965515 156276 525
599567 174106 470
835494 682165 468
563358 855622 525
970326 562109 525
457924 15181 449
886603 301308 525
120263 555123 470
397836 208468 443
904500 253606 525
427603 585373 470
521884 602374 452
562336 403951 470
542929 36610 470
879676 838315 432
506721 113490 449
969467 156018 525
310427 584812 470
723274 756472 424
829316 868746 525
526801 843684 525
273725 588087 470
269414 892153 525
64572 781326 470
13442 389278 443
629622 115318 470
487159 775372 470
650443 194414 470
153476 794526 470
171296 786450 470
524668 76479 470
770855 385575 470
425821 654839 470
382448 643431 470
740731 907767 525
721668 469989 470
41812 811382 470
571030 235714 470
733243 99158 470
845469 484853 525
237300 894818 525
416353 324696 449
106970 83277 354
73369 113388 354
517720 425475 470
185362 518472 470
867189 726120 525
256343 743508 470
584674 853329 525
959219 251331 525
514525 334947 470
13998 694570 470
786302 689731 468
719534 829224 468
920545 77451 525
430524 63617 449
245751 495940 449
330093 614137 470
766913 858875 525
546026 913215 525
697399 897677 525
112239 456151 449
1 999999 525
