1 10 20
100 200 125
201 210 89
900 1000 174
9384 887 262
2778 6916 262
7794 8336 252
5387 493 238
6650 1422 262
2363 28 183
8691 60 262
7764 3927 262
541 3427 217
9173 5737 262
5212 5369 192
2568 6430 262
5783 1531 238
2863 5124 238
4068 3136 238
25140 33695 308
87006 38015 351
74783 80283 351
1394 8457 262
5012 8043 262
6230 7374 257
4422 4920 197
3785 8538 262
5199 4325 215
8316 4371 262
6414 3527 262
82782 16440 351
83959 18018 351
57807 65376 335
6997 7282 195
2306 926 183
7085 6328 257
337 6506 262
847 1730 182
1314 5858 238
6125 3896 236
9583 546 262
8815 3368 262
5435 365 238
4044 3751 189
1088 6809 262
7277 7179 164
5789 3585 238
5404 2652 238
2755 2400 209
9933 5061 262
9677 3369 262
7740 13 262
6227 8587 257
8095 7540 252
796 571 171
1435 379 182
7468 6602 257
98 2903 209
3318 493 217
6653 757 262
7302 281 262
4287 9442 262
3866 9690 262
8445 6620 257
8441 4730 262
8032 8118 190
8098 5772 262
4482 676 238
710 8928 262
4568 7857 262
9498 2354 262
4587 6966 262
5307 4684 210
6220 8625 257
1529 2872 209
5733 8830 262
9504 20 262
8271 3369 262
9709 6716 260
6341 8150 257
7797 724 262
2619 2246 209
2847 3452 217
2922 3556 199
2380 7489 262
7765 8229 252
9842 2351 262
5194 1501 238
7035 7765 239
125 4915 238
6988 5857 262
3744 6492 262
2228 8366 262
9860 1937 262
1433 2552 209
6438 9229 257
3276 5408 238
1475 6122 238
8859 4396 262
6030 1238 238
8236 3794 262
5819 4429 236
6144 1012 238
5929 9530 262
8777 2405 262
4444 5764 236
4614 4539 184
8607 6841 257
2905 4819 238
5129 689 238
7370 7918 239
9918 6997 260
3325 7744 262
9471 2184 262
8491 5500 262
9773 6726 260
5645 5591 174
7506 8140 252
2955 9787 262
7670 8083 252
8543 8465 203
198 9508 262
9356 8805 260
6349 8612 257
3623 7829 262
9300 7344 260
5747 5569 205
4341 5423 215
3312 3811 238
7606 1802 262
5662 3731 236
4879 1306 238
9321 8737 260
9445 8627 260
8523 3466 262
6709 3417 262
8283 3259 262
2925 7638 262
2063 5625 238
2601 2037 209
3453 1900 217
9380 5551 262
7469 72 262
974 7132 262
3882 4931 215
8934 5895 262
8661 164 262
7200 7982 252
8900 2997 262
2960 3774 238
2814 9669 262
7191 1096 262
2927 6467 262
5085 1341 238
2091 7685 262
3377 5543 238
5937 9108 262
7446 9757 260
9180 8419 247
6888 9413 260
3349 2173 217
1660 2010 180
2337 5211 238
6343 7588 257
8207 9302 260
7714 7373 239
5322 1256 238
4820 4600 197
7722 9905 260
5940 9812 262
3941 5668 236
1706 6229 262
1128 9151 262
5985 6659 262
3921 9225 262
2423 7270 262
1397 4082 238
5631 85 238
9293 1973 262
7673 3851 262
7626 5386 262
1223 9300 262
6641 6043 262
3899 714 238
2299 6191 262
525 2591 209
8210 8582 234
8820 9337 260
7733 1156 262
5995 8005 262
380 4770 238
5274 1777 238
8851 7256 252
1861 8143 262
5580 5885 218
1994 3206 217
7622 9568 260
2505 614 209
1962 2755 209
1327 4260 238
8945 8203 234
3203 3507 181
6785 2022 262
2843 869 209
9529 5190 262
8873 9909 260
9959 499 262
8037 8809 234
7754 6249 257
3304 3334 181
2134 1649 180
2891 9755 262
7568 1747 262
369 9530 262
4501 8047 262
3789 9798 262
6250 6991 257
3304 3034 199
5364 2498 238
254 4893 238
7687 9126 252
1153 3997 238
5976 9189 262
9158 3730 262
5437 2461 238
3415 3922 238
461 6305 262
29 8028 262
8051 6749 257
7557 8903 252
4795 7698 262
8700 1044 262
1040 2003 182
429 6404 262
4501 682 238
7648 8539 252
6160 5152 236
2536 2135 209
4340 1693 238
2216 6128 238
505 5630 238
50 965 179
8286 6430 257
5344 6336 262
3178 2901 217
5239 7972 262
6950 290 262
5368 7989 262
2293 5796 238
744 3145 217
2830 8391 262
1683 5341 238
3542 570 217
3827 4233 202
2262 6043 238
361 9118 262
8024 6762 257
82 6310 262
3191 5426 238
8997 6368 257
4678 4235 215
691 1627 182
4525 6058 236
9615 3169 262
8206 359 262
6313 7387 257
5101 4347 215
2727 4995 238
4917 6553 262
5579 3530 238
8947 2291 262
2648 6971 262
9052 9081 185
9632 8594 260
858 8628 262
1313 1887 180
9215 8356 247
3513 91 217
4413 9480 262
9611 8970 260
6190 2275 262
6356 7642 257
6621 5434 262
8988 7889 252
8339 4567 262
7771 7285 239
6857 418 262
607 2261 183
5850 238 238
7206 3060 262
5218 8519 262
4946 784 238
6874 8459 257
874 7638 262
4290 484 238
6608 479 262
2758 9315 262
4472 5730 236
1101 3460 217
3619 9439 262
8026 1389 262
3075 1234 217
8158 3682 262
3494 359 217
271 700 145
3418 1840 217
5570 8364 262
2623 8795 262
3174 9848 262
6432 7463 257
6683 9391 260
4293 5792 236
5058 5116 179
1522 6158 238
8575 1492 262
1948 2952 217
9232 5022 262
538 3741 238
5055 4031 215
4099 5326 215
1082 7517 262
3517 3003 199
2232 6140 238
1797 5405 238
2339 4581 238
9219 9022 198
3971 9863 262
4813 5380 210
4978 2686 238
1537 9905 262
4177 3484 238
9208 9760 260
4858 9745 262
3500 9912 262
128 3951 238
5237 7561 262
7819 5106 262
564 50 144
1245 8712 262
1806 9935 262
3292 7376 262
8956 3615 262
3590 3769 238
8994 4919 262
2806 6883 262
4823 6983 262
6718 4031 262
3094 1575 217
127 6594 262
1487 254 182
544 3075 217
7815 4714 262
8180 8378 234
4763 5776 236
7089 2920 262
5711 6733 262
295 1018 179
347 236 144
1138 5692 238
5154 3944 215
2574 6329 262
926 9292 262
6711 4019 262
7218 6837 257
6964 5056 262
7091 3859 262
8131 4905 262
8572 2662 262
9634 9686 185
4790 3074 238
2605 6852 262
9806 9251 260
7869 6504 257
9486 9007 260
2196 4640 238
2950 1121 217
968 227 179
6764 7678 257
597 3982 238
866 7561 262
9037 7956 252
7771 3519 262
9212 6343 257
2533 5197 238
2380 7322 262
8271 4985 262
4173 4428 215
4235 2041 238
7284 73 262
7399 5831 262
1064 348 179
6951 2031 262
574 3715 238
6060 7523 262
4048 6925 262
5083 9436 262
1233 9205 262
2955 444 217
1899 5487 238
5641 4279 236
9160 263 262
9263 9684 198
1042 9849 262
1724 8325 262
6273 9123 257
4155 7336 262
5822 7458 262
9366 2748 262
1172 1777 180
270 5219 238
8702 1704 262
4654 9934 262
908 3960 238
6729 2807 262
5798 8721 262
7085 1309 262
5335 2699 238
992 6377 262
8899 2716 262
1053 5172 238
8190 1560 262
2507 4011 238
9017 8225 247
3110 6540 262
1 3379 217
8110 5054 262
5082 9115 262
1339 5990 238
9427 8068 260
5148 5224 179
6788 2232 262
6533 2123 262
1282 3876 238
4851 180 238
6591 2255 262
5351 1132 238
3814 7858 262
1495 9182 262
6082 4604 236
5721 2434 238
7983 182 262
7488 9416 260
9297 8826 260
5405 8723 262
6893 552 262
298 33 128
9135 3182 262
8507 416 262
7058 9709 260
596 10000 262
1963 2298 183
7484 5777 262
155 8978 262
1310 2588 209
9933 3383 262
5022 4267 215
3564 8861 262
3683 9212 262
7686 9087 252
4286 931 238
5991 4584 236
7315 1477 262
4117 5821 236
1893 7526 262
5529 8840 262
7526 7491 208
1137 1361 182
9619 7644 260
338 929 179
6583 6622 244
4311 7956 262
889 4226 238
6816 4571 262
3438 854 217
9 7723 262
1784 2351 183
8658 9098 247
3828 9127 262
1270 2072 180
6652 3150 262
911 529 179
640 8399 262
1889 6611 262
2394 8578 262
3891 8977 262
5200 4553 210
6932 6088 262
8778 100 262
658 8567 262
953 7018 262
2642 2736 160
9369 1299 262
8185 3196 262
6777 5806 262
5267 3429 238
8955 2529 262
309 9594 262
7279 2198 262
2556 9673 262
775 6446 262
5001 2326 238
998 8284 262
8413 6128 262
8383 5422 262
4694 9335 262
2440 7335 262
8422 8160 234
4986 2958 238
1355 1762 180
8763 2973 262
1542 7717 262
1853 1851 131
3663 5483 238
400 6218 262
5155 1174 238
9016 6507 257
9852 6365 260
4791 8264 262
2492 3173 217
38 3538 217
8860 8829 172
872 7281 262
6988 5857 262
6591 8342 257
3971 5353 215
7666 5512 262
3070 9518 262
7362 3084 262
1352 4113 238
9301 6507 260
1639 4668 238
9365 1490 262
1033 4155 238
6105 9876 262
3680 6142 238
3413 2539 217
4970 637 238
6171 1957 262
2845 2761 173
6650 6815 182
4466 4315 215
2327 3887 238
184 6040 238
6970 1536 262
153 2622 209
4394 1791 238
7290 110 262
9632 4674 262
4265 5736 236
4549 4296 215
1878 4314 238
6834 3199 262
4950 9356 262
5156 7794 262
8469 8157 234
961 2934 217
8824 3287 262
3172 5359 238
5678 141 238
3246 2182 217
2762 3991 238
324 51 131
4101 9955 262
1076 8365 262
2043 5625 238
2660 3920 238
6290 5845 262
3470 1239 217
1552 4977 238
5384 20 238
3134 6344 262
9305 1957 262
5982 2476 238
3667 8012 262
8968 6913 257
193 1730 182
903 6869 262
8132 5003 262
3175 9208 262
9719 5217 262
1184 2378 183
5488 7473 262
4574 8958 262
5063 6126 236
3934 6798 262
2497 3419 217
3142 8154 262
1727 5475 238
6981 5394 262
3486 5949 238
2306 31 183
4030 9560 262
6899 2161 262
4563 6425 262
7720 4281 262
1642 8903 262
3011 3481 199
2727 7584 262
8790 4141 262
3709 2724 217
939 2558 209
2494 432 209
711 4221 238
5906 7691 262
9614 9392 198
3639 8271 262
9422 7668 260
7830 2672 262
6181 8744 257
9096 3900 262
3025 7089 262
9155 2387 262
570 8233 262
9970 5711 262
2374 31 183
8434 9664 260
2588 7280 262
95 9650 262
1500 2352 183
7340 7465 239
1743 7331 262
2087 7516 262
1350 9916 262
187 3882 238
5012 5635 236
4134 4388 215
2723 3288 217
6774 9644 260
1520 6743 262
5355 245 238
3125 140 217
6260 2064 262
7419 6354 257
1713 5270 238
8706 5405 262
2734 6800 262
65819 94429 351
66144 31012 340
1088 854 179
670 2451 183
6488 4803 262
6838 5563 262
8090 3611 262
5206 5961 236
6705 6912 182
2558 9830 262
3404 8817 262
1893 822 182
1523 3606 217
2444 6580 262
5362 1529 238
3379 4448 238
2701 4046 238
4883 3788 215
4900 5552 210
2590 1387 209
354 9427 262
6949 4795 262
3037 8507 262
7108 6093 262
5418 9665 262
5922 8821 262
8481 4167 262
5995 6355 262
4124 8438 262
2934 9485 262
6318 6313 156
3932 9018 262
6710 5166 262
9157 1609 262
7070 1746 262
2996 7423 262
1172 6296 262
8570 560 262
4802 5677 236
6653 6572 244
5341 8926 262
1744 173 182
3092 4090 238
6528 3567 262
8879 5813 262
3051 5197 238
2125 3334 217
4214 5187 215
8500 3371 262
6795 5569 262
5116 6142 236
9343 2640 262
2438 4264 238
3199 3591 194
9940 6203 260
6514 1632 262
5129 8258 262
1805 4572 238
2347 4684 238
8139 1226 262
496 7541 262
6422 8973 257
7227 635 262
4159 5726 236
357 953 179
7646 5473 262
3447 3340 181
8112 5884 262
7604 7662 177
5826 7543 262
217 2340 183
9175 5345 262
597 7331 262
6268 9295 260
2014 758 182
520 8861 262
4651 3293 238
7833 1877 262
280 1991 182
3954 636 238
9296 1599 262
6108 2742 238
4938 571 238
4977 2541 238
4585 802 238
84 4801 238
9493 5610 262
6497 6441 169
2940 2764 217
5736 1305 238
9874 2607 262
165 4524 238
2252 4350 238
2752 2531 191
6340 6705 244
3166 1987 217
8303 5626 262
1080 9592 262
2548 2408 209
8485 7132 252
9562 4920 262
1932 9054 262
529 8428 262
5495 9820 262
7544 7582 177
1124 3769 238
188 7640 262
4644 2439 238
1989 7395 262
1321 4681 238
4099 4487 215
3019 8753 262
6464 4099 262
4696 9011 262
6506 3180 262
6143 6067 187
8099 4426 262
1473 4979 238
2854 6967 262
4798 6749 262
4548 2273 238
517 1087 179
9913 5160 262
9878 1901 262
2554 1198 209
2933 3004 173
2036 5952 238
8108 8499 234
50 9155 262
3862 2907 238
2335 4 183
5326 6785 262
4429 6798 262
1764 3634 217
116 6561 262
382 1015 179
5186 898 238
2101 5098 238
2409 8330 262
3350 1314 217
5880 2635 238
4317 7915 262
8586 8776 216
2766 4987 238
7931 6627 257
7893 6617 257
6630 9570 260
9753 7410 260
6367 1516 262
7396 2834 262
4429 7777 262
3848 9614 262
5027 2301 238
1063 3787 238
630 764 171
5101 6509 262
3398 9417 262
776 1983 182
4545 3541 238
3321 8827 262
6519 7566 257
1795 9500 262
7135 1547 262
6909 9854 260
3063 4304 238
2687 3843 238
8433 6535 257
9808 9811 167
8835 870 262
3597 5816 238
7985 8697 234
2325 1383 183
4466 9452 262
9717 5362 262
9344 3038 262
4188 5862 236
603 5982 238
5361 4089 215
3880 8621 262
3942 3294 238
2925 6629 262
7136 7709 239
3163 6943 262
3871 1997 238
4164 7467 262
7812 8501 252
2516 6488 262
6235 3333 262
2291 5951 238
8694 1634 262
5340 2881 238
7495 2294 262
5214 2855 238
6383 5445 262
1476 324 182
8739 752 262
6952 5874 262
4812 6466 262
9169 8682 247
4814 9684 262
2500 8978 262
4536 5015 210
5465 770 238
8347 4108 262
3073 3392 199
5741 8412 262
2624 9588 262
7058 7837 239
8794 3440 262
3282 6621 262
115 8372 262
7372 3419 262
597 8535 262
9884 9765 211
3568 4698 238
5801 6068 218
3675 336 217
7434 5491 262
7458 2133 262
5950 530 238
5524 1691 238
5293 8148 262
7630 2350 262
2336 6423 262
2141 1969 170
3044 2256 217
340 6767 262
2026 937 182
1654 8261 262
7053 5221 262
2958 9205 262
1288 2984 217
9541 8722 260
4827 6998 262
7206 7128 195
3879 2729 238
5170 9171 262
7228 2799 262
1521 9564 262
9222 3661 262
7884 8617 252
2268 8224 262
5383 4293 215
5512 7036 262
2554 2564 147
8609 1863 262
1769 9896 262
1199 7661 262
4969 2377 238
1010 2174 182
9504 4888 262
1255 4674 238
4058 8482 262
3824 1930 238
4397 3045 238
1943 2281 183
8013 4210 262
6856 9748 260
4855 2367 238
3135 3760 238
1282 1743 180
1974 9402 262
1639 3172 217
3414 2959 199
1900 4423 238
1485 7756 262
5662 9091 262
8781 6072 262
3924 2604 238
8001 8321 203
2001 9943 262
6953 13 262
505 3808 238
9760 5359 262
2526 2895 191
9118 159 262
4637 1091 238
9561 2627 262
615 2974 217
1938 8866 262
3749 3422 238
6621 9410 260
8864 5401 262
1833 2787 209
8005 9834 260
7459 6357 257
6128 4411 236
6369 6632 244
4570 6129 236
8342 3447 262
5375 7459 262
3606 11 217
4902 3166 238
8990 1868 262
2491 927 209
733 6239 262
700 3706 217
2001 9563 262
5458 3833 215
2349 3462 217
18 9808 262
6170 2498 238
570 2539 209
9129 5140 262
5019 7471 262
8586 393 262
1281 8543 262
6755 2534 262
1708 5744 238
4401 551 238
3022 1486 217
6789 3721 262
5191 5141 179
9635 648 262
5326 1984 238
462 1695 182
8143 6631 257
4192 5064 215
5521 3321 238
6555 539 262
7143 1493 262
931 8423 262
35 7686 262
7309 8095 252
9781 1709 262
8645 2803 262
9546 1785 262
6523 1088 262
6926 6158 262
1736 8603 262
4493 8549 262
297 8987 262
1531 841 182
4050 7052 262
513 6957 262
7590 7655 177
8449 4873 262
2429 8483 262
2558 6089 238
6577 2338 262
7798 5221 262
5140 3695 238
7006 8015 252
4783 283 238
524 2870 209
5237 5016 179
1418 1885 180
354 9300 262
2725 755 209
6351 3237 262
7711 293 262
7243 6159 262
5165 6024 236
4642 7722 262
2112 7570 262
6411 6261 200
2791 7903 262
9956 6148 262
5917 1090 238
2782 6440 262
3959 8018 262
7807 5376 262
9902 4512 262
4675 8979 262
5266 7378 262
8567 2977 262
7670 2162 262
