84537 46654 351
73582 86792 351
324 90043 351
84178 22019 351
85321 73686 351
93185 38070 351
22469 32880 308
66126 2479 340
29612 13891 308
11385 18542 279
64524 67564 268
90248 30057 351
52560 58678 322
8072 16252 276
53912 36156 340
44726 70835 340
83929 70522 351
82882 1791 351
64842 47498 340
55235 27931 340
8753 49382 324
12701 8106 268
1730 28822 308
87774 83083 333
43644 22619 324
18943 2535 279
92853 85718 333
27863 75979 340
62263 50145 340
1619 51368 324
24192 29331 308
60998 76345 330
99203 37086 351
60414 33329 340
67786 59046 335
95353 69812 351
97539 72952 351
24727 39803 324
75839 33304 340
25009 41910 324
79848 32585 351
40005 58934 340
8623 71763 340
93321 86464 333
60467 31715 340
32573 89598 351
12378 45719 324
48942 99751 351
94020 20721 351
81168 90011 333
67197 9139 340
56063 10294 340
9965 85105 351
57692 62709 335
36233 11338 324
59077 89026 351
18180 52885 340
89360 75528 351
18715 67975 340
19227 9800 279
45705 30052 324
50953 93646 351
35765 4458 324
19370 48752 324
11543 93859 351
50600 63813 340
51316 23937 324
17138 34966 311
87117 10123 351
70748 87195 351
22105 74390 340
38928 64493 340
83775 98413 333
23321 90747 351
39820 17765 324
83067 58607 351
10395 95583 351
68395 44822 340
77965 7391 351
1752 43826 324
82878 19613 351
44392 45087 283
38061 83622 351
53122 2555 340
26799 42690 324
24193 74955 340
76920 72651 325
90704 44306 351
64526 79588 351
88652 10183 351
28025 73272 340
53217 28748 340
78366 64973 351
8936 29136 308
94643 7610 351
19130 11643 279
44712 34022 324
39393 55286 340
11336 87437 351
70510 73821 325
21080 53513 340
47227 91008 351
5657 4957 236
57935 56595 304
77649 58180 351
82006 26603 351
30720 54640 340
43438 79471 351
34961 44213 324
95042 51260 351
65875 94652 351
64538 4365 340
74005 95168 351
63295 21763 340
91990 34377 351
24649 84658 351
88822 74535 351
70486 13144 340
58221 19712 340
74101 61183 330
21849 16046 279
35107 31333 311
12081 80837 351
8110 19714 279
16467 63493 340
54704 77655 351
6385 52017 324
89783 85836 333
5252 36983 324
71322 27253 340
46123 79297 351
61480 54440 335
65741 53314 335
58718 44486 340
28205 49140 324
92937 86409 333
74156 42742 340
80174 82453 320
55271 70478 335
30731 60514 340
60638 16708 340
50705 21414 324
82131 44616 351
11492 30682 308
31773 83279 351
23410 55652 340
96003 57865 351
53166 43534 340
85941 76835 351
11683 72719 340
45637 43752 314
90403 44249 351
52660 95476 351
84997 23193 351
93530 73283 351
40107 83238 351
44226 81683 351
7627 93424 351
67310 29038 340
58555 28352 340
12540 14505 276
31025 85131 351
17178 12583 276
19540 97532 351
66764 97474 351
5428 53607 340
31955 30678 285
35503 62507 340
16278 15206 253
80166 74649 351
52501 66464 340
57323 37166 340
85697 42527 351
85302 90699 333
50862 28904 324
95085 64071 351
99185 15858 351
94451 96638 328
72991 90709 351
92133 47590 351
23609 55202 340
96638 51008 351
64116 36300 340
49547 26471 324
79167 57891 351
83245 64131 351
14906 25429 282
53667 57245 322
47391 78347 351
42456 47467 314
70316 850 340
7219 34732 311
29153 76687 340
79208 7999 351
13506 34831 311
58084 73901 335
10027 67474 340
56241 2241 340
50746 68467 340
51324 81055 351
79188 25752 351
89506 82985 333
9615 20576 279
59349 63291 335
9533 74007 340
7475 29913 308
78762 23000 351
76204 9331 340
20802 52938 340
81316 42921 351
63313 37506 340
65230 6306 340
91904 76218 351
16252 97358 351
32858 20592 308
73733 94702 351
87227 7726 351
82980 68642 351
26024 88961 351
67065 51307 340
2569 40469 324
25278 66034 340
96359 60169 351
41073 83297 351
51509 13480 324
82986 56816 351
8270 68242 340
32366 48448 324
49933 39216 314
19009 38554 324
51107 68662 340
46826 5445 324
15982 6476 276
67789 18292 340
75097 91231 351
65319 5298 340
9857 19619 279
24445 24760 264
12671 71783 340
58119 74782 335
4302 25423 282
94892 10764 351
63661 88133 351
76577 86461 351
86846 3651 351
75763 48419 340
86764 73550 351
49642 12417 324
90973 55377 351
31379 43070 324
66752 20718 340
30731 57372 340
49057 36518 314
14888 39013 324
64451 22069 340
45693 61333 340
60400 7959 340
10649 41559 324
81409 21963 351
1454 6305 262
51065 16808 324
5069 49017 324
53416 82425 351
33780 11125 308
61889 25072 340
90576 39469 351
70928 66907 312
5022 33047 308
13308 55483 340
4481 85143 351
36958 396 324
23926 69800 340
38092 45672 314
26059 99552 351
42814 70593 340
24400 33439 308
51404 96907 351
59785 59620 273
52433 80737 351
2997 6062 238
10193 46809 324
3445 31800 308
64181 16661 340
74036 75802 325
74416 31779 340
46430 27351 324
21647 85730 351
41971 58723 340
11471 30850 308
44818 51774 314
94944 20144 351
59652 90329 351
86396 46396 351
17804 43979 324
28477 84742 351
14385 19649 279
8626 43089 324
85159 67333 351
21950 14244 279
36997 36757 231
56430 55774 322
12015 67557 340
77263 6372 351
90597 98775 333
1799 61423 340
9249 91608 351
30090 52316 324
7201 49043 324
48162 73194 340
5947 73607 340
8533 71102 340
21284 54190 340
43813 70544 340
36529 12561 324
46465 60526 340
88792 96353 333
27710 22628 308
17634 24360 282
51518 10115 324
4225 58786 340
88381 67923 351
7839 77634 351
31384 68282 340
43374 6775 324
46900 14595 324
36582 36536 187
93085 10556 351
3575 54267 340
76183 71523 325
32061 79196 351
36497 15960 324
2395 86390 351
61744 71547 330
29996 21522 308
78023 48668 351
66230 77466 351
81148 2102 351
10022 6794 260
98465 6524 351
16847 51469 324
32343 32128 254
35359 14090 311
81757 53940 351
36378 21949 324
4462 68976 340
49548 8407 324
76308 17036 340
97709 45855 351
43492 58499 340
4329 21949 279
85307 16685 351
34231 17800 308
92665 93373 315
96635 93026 328
55153 14891 340
29857 63515 340
14584 97007 351
66370 4618 340
9632 59455 340
90036 61155 351
69203 55648 335
75406 76807 307
76109 83821 351
52539 12881 340
57631 53769 322
99981 46057 351
62494 53468 335
65657 92520 351
85291 52104 351
19715 37774 324
4489 69581 340
61976 42924 340
29714 50334 324
78907 48844 351
12579 15131 276
78613 93680 338
6526 47188 324
85112 46861 351
40122 88671 351
41054 73990 340
80296 94070 333
89984 83457 333
36082 9175 324
69090 10293 340
94322 73614 351
22110 58429 340
89644 45500 351
82196 52013 351
73712 69068 325
27650 86149 351
21309 97872 351
356 97918 351
42874 54554 340
75117 93311 351
54559 55356 260
42528 27500 324
11611 16784 276
80425 60702 351
24830 43482 324
7164 37180 324
59600 21669 340
91173 80215 333
83683 70242 351
10719 63879 340
72537 88538 351
80923 90441 333
52154 338 324
10319 34424 311
29293 43773 324
48228 61923 340
67845 77464 351
74772 52479 340
82697 30970 351
3969 18424 279
73266 12422 340
63741 85150 351
85978 47007 351
85820 69608 351
52693 15323 340
4064 76150 340
70588 80176 351
53963 78688 351
3598 96996 351
86828 82092 320
82552 16001 351
61151 82223 351
80276 92283 333
30270 25402 308
46527 8339 324
41753 55924 340
27021 18400 308
61508 61743 286
87759 62854 351
24666 83808 351
29218 28471 241
74636 97199 351
77999 47706 351
94286 7099 351
87475 60537 351
54747 22872 340
15968 39906 324
10815 86871 351
23830 5785 282
45279 44652 314
47978 47791 234
311 50159 324
63648 96051 351
73550 64574 325
88814 20003 351
70195 44798 340
79945 83824 320
87755 11655 351
20086 62462 340
28715 41059 324
18352 15920 279
23705 33450 308
35049 16156 311
23873 94970 351
95103 2510 351
81572 98635 333
68759 47574 340
528 47084 324
4266 88608 351
27295 21864 308
16505 16545 191
61924 87545 351
44017 56717 340
68178 35648 340
97766 40691 351
40661 80953 351
90207 85274 333
72889 84501 351
94995 83142 333
28620 24180 308
58879 81287 351
35950 87427 351
54665 61143 335
418 76680 340
99622 12333 351
81537 39100 351
78554 39850 351
25373 48578 324
79940 26936 351
25514 89213 351
34628 61689 340
34712 43405 324
90918 17123 351
83030 35098 351
82919 11030 351
38325 63578 340
56950 98370 351
40865 33794 324
291 27813 308
10748 60692 340
58144 67526 335
6304 2052 262
14830 26009 282
59024 54635 322
51137 31712 324
81216 14229 351
7264 19136 279
51982 61575 340
34637 91685 351
829 25345 282
82256 11462 351
87576 2466 351
80441 15669 351
73857 92005 351
35612 94495 351
52317 44641 314
16431 89186 351
71878 91432 351
56983 85684 351
3470 1277 217
32592 63760 340
99818 50285 351
6756 9799 260
14894 47599 324
4217 48635 324
15453 53419 340
42826 36887 306
14149 7803 276
74432 51996 340
6213 90255 351
23859 71390 340
99314 51254 351
27991 49738 324
76426 85667 351
54848 44681 340
27036 1178 308
17686 98062 351
97378 82053 333
27706 90621 351
45509 88342 351
38715 22295 324
6089 98916 351
58653 71628 335
68394 50760 340
9544 84587 351
68738 84812 351
99561 49274 351
37370 17775 324
64907 98420 351
6213 43361 324
20805 16765 279
42226 79677 351
96572 95461 297
98668 54511 351
1520 39842 324
64382 82061 351
39268 94627 351
3931 81066 351
80645 44603 351
77044 42770 351
49240 42045 314
67691 16866 340
22577 78083 351
29349 66389 340
7060 73504 340
53551 35136 340
48614 25820 324
94478 26527 351
78561 10322 351
15501 30414 308
49584 6480 324
3780 96376 351
55741 14212 340
54148 88384 351
42791 12228 324
63417 31566 340
71673 16974 340
56657 97581 351
36636 67486 340
48285 8603 324
33131 60571 340
46724 12076 324
33181 27644 285
64867 19059 340
14353 41616 324
72533 22086 340
74662 11138 340
43570 13999 324
50327 83340 351
9447 82125 351
40767 84415 351
15222 15807 253
80640 14129 351
62223 79658 351
12701 31574 308
54243 10869 340
31205 29982 272
52401 18613 324
8381 60130 340
23642 25922 264
80030 24743 351
70385 71556 325
54598 48170 340
27060 85242 351
4944 11205 268
55561 97921 351
30115 86035 351
40139 12824 324
63363 65636 330
48305 99312 351
44022 42825 270
10472 55980 340
1443 10729 262
50966 52081 309
81473 24000 351
50563 31601 324
49490 33721 324
47699 91006 351
47536 60901 340
84351 17691 351
72918 88155 351
6809 9526 260
24785 89624 351
94656 88313 333
29283 54119 340
9790 72054 340
56630 22217 340
5658 68523 340
88166 47823 351
2643 67276 340
33125 20841 308
56621 32161 340
38436 58372 340
44902 39466 306
3048 13539 276
28650 17720 308
96949 58301 351
72731 53252 335
1730 70380 340
21073 39051 324
81449 93911 333
19470 99948 351
59104 13613 340
9042 27636 308
63437 39472 340
57695 61798 335
51207 8423 324
68523 28431 340
16273 30676 308
16843 19674 279
27640 61789 340
57652 94453 351
16530 87209 351
58693 65372 335
44542 33605 324
87913 30682 351
2245 59544 340
33135 467 308
47222 61707 340
29600 88816 351
8680 1943 262
5259 82380 351
61329 11714 340
61883 12607 340
47008 9577 324
74761 7579 340
76727 35092 340
51773 97001 351
50255 10268 324
29236 23207 308
47656 21506 324
25463 39315 324
69368 31105 340
57515 77887 351
83652 56787 351
1441 52335 324
96297 62439 351
9409 22994 279
78668 58839 351
45317 22684 324
60081 3779 340
48163 75253 340
65519 80674 351
66572 88504 351
45407 58467 340
97350 35971 351
98860 47568 351
75532 62327 330
30008 14056 308
55771 43034 340
12186 95615 351
86758 92527 333
58604 68849 335
35278 28671 311
79393 30775 351
85006 66650 351
76414 62270 330
25270 91332 351
88831 17333 351
12596 93981 351
83583 33070 351
75759 59802 335
31200 40961 324
41373 65677 340
63716 27866 340
94637 47714 351
14675 241 276
74858 88261 351
18104 12097 279
30030 91890 351
2623 97265 351
11457 12529 263
30093 59406 340
36733 85357 351
3340 61128 340
55168 38584 340
17193 49699 324
29783 77536 351
56420 8932 340
12965 73871 340
2844 29392 308
83985 6314 351
37702 92342 351
59932 49177 340
55730 59168 322
33429 36837 324
98166 89949 333
78066 71547 351
10236 20707 279
57912 90058 351
86190 37663 351
20649 15564 279
22659 5740 279
40622 50621 314
29905 84104 351
40578 71683 340
24116 29251 308
67007 56344 335
7655 71430 340
70770 51788 340
5035 53661 340
24912 47036 324
299 56790 340
14134 37281 324
744 572 171
62776 4073 340
85057 40530 351
50792 34085 324
23293 21920 269
24195 28735 308
28072 79984 351
32578 65954 340
91245 85925 333
40401 94796 351
12742 39073 324
83559 87105 333
12259 92222 351
97687 5763 351
35265 722 311
1773 67620 340
93851 28077 351
82689 81837 320
32386 8171 308
36281 36535 249
92511 73335 351
58972 49384 340
59006 44479 340
53856 28174 340
7281 84773 351
50575 13452 324
30821 92449 351
73383 8078 340
86101 60926 351
20160 74241 340
47828 40118 314
87769 39818 351
79228 39156 351
45996 87168 351
69827 15467 340
39971 13104 324
67444 6399 340
12315 35755 324
76193 66091 325
34619 88702 351
21291 84930 351
79589 41011 351
54531 1193 340
90059 72608 351
33761 66187 340
61250 87263 351
19777 78841 351
16130 57953 340
28989 90541 351
21958 22376 269
7406 38465 324
89858 56031 351
367 85423 351
25399 27831 308
73055 5656 340
29013 8467 308
97667 76464 351
87817 73023 351
44757 60016 340
31706 77421 351
59832 77751 351
77894 13728 351
83793 9556 351
56752 39557 340
42664 85550 351
71505 63618 325
68625 69464 281
11935 81695 351
91766 26798 351
56524 54335 322
88387 35206 351
63728 49843 340
51147 85276 351
7542 27778 308
12141 60882 340
1059 8192 262
87449 68833 351
36689 28800 324
93338 33841 351
44389 58913 340
61484 50611 340
67419 48341 340
67304 57174 335
17468 43501 324
77342 39926 351
69951 75858 325
58656 53903 322
98310 86750 333
73087 92317 351
94603 89575 333
36611 14822 324
73395 13345 340
65540 92769 351
19270 88135 351
58326 4527 340
64551 89910 351
86962 59783 351
63178 93923 351
34835 55242 340
5651 10605 262
18710 10226 279
36302 50479 314
16759 83278 351
81439 95522 333
59773 29395 340
66931 33467 340
91550 56839 351
40441 18287 324
97440 74938 351
37657 75089 340
6867 40445 324
58201 96953 351
31739 43892 324
18408 21947 274
52941 58131 322
42767 63557 340
55867 16046 340
22417 70474 340
44659 19567 324
76887 25510 340
33210 91320 351
97654 67185 351
16909 12421 276
5418 15548 276
40363 42818 288
54392 89967 351
38311 58032 340
96792 6556 351
32374 66910 340
42928 77128 351
63336 49250 340
57217 89115 351
44511 9175 324
15729 11592 276
73719 45530 340
81026 27753 351
37460 69962 340
37482 15031 324
80628 12074 351
4956 86594 351
26869 27013 246
27519 63679 340
92847 32980 351
30144 8145 308
29817 14138 308
68725 89173 351
81760 53886 351
17824 99741 351
98455 29086 351
73481 69615 325
82378 19399 351
25113 69124 340
62077 69232 330
29915 54640 340
19965 31286 308
86438 59656 351
67522 21342 340
80926 17238 351
47697 75740 340
53596 98480 351
16282 15676 253
17346 33438 308
39943 85579 351
8732 39341 324
18615 12699 279
34362 80038 351
43470 49805 314
27373 79885 351
39636 4078 324
31977 10414 308
88681 7775 351
81757 36677 351
12642 26763 308
88536 53376 351
32971 6213 308
32645 20506 308
93324 5042 351
10556 1852 262
62913 93007 351
4022 76945 340
12540 10940 268
28999 21482 308
35436 64057 340
48369 84924 351
65182 56627 335
38181 77029 340
20826 10679 279
64605 34879 340
3865 69752 340
30230 98210 351
72314 87249 351
60361 6756 340
1866 80565 351
25199 28632 308
99442 74064 351
94728 52506 351
21344 93003 351
5824 67872 340
44982 45932 314
55723 19671 340
8856 39574 324
2085 60986 340
42395 80254 351
44670 50923 314
15521 40958 324
66501 25837 340
39832 10098 324
94427 59591 351
21657 7969 279
59276 99353 351
47880 27028 324
34673 15043 311
71688 86076 351
83493 3128 351
10715 35880 324
40613 44796 288
45404 22834 324
37126 80337 351
95848 28895 351
14346 80832 351
39324 75689 340
35657 89383 351
77459 85891 338
9216 69558 340
26278 26984 308
30612 25124 308
3231 77052 351
7392 58025 340
76793 72162 325
37677 85020 351
25538 59261 340
48851 36318 314
37162 18904 324
35871 38722 306
78425 8468 351
92781 92541 302
48161 4965 324
83249 26515 351
91753 60925 351
41301 6500 324
65249 57087 335
95171 22896 351
49079 61349 340
39254 85420 351
41839 66846 340
39137 73937 340
70591 7142 340
38050 15157 324
29960 79376 351
85690 10535 351
74926 14743 340
41601 3399 324
81827 28457 351
19660 48932 324
87131 9126 351
73383 84402 351
24515 92013 351
91546 82533 333
14454 65888 340
88404 78846 333
50972 24469 324
92278 10993 351
