763649 389875 509
646167 26158 509
476901 974297 525
342776 873597 525
456572 795267 509
865129 828599 525
694387 378074 509
85027 425201 449
36064 8619 324
411847 39766 449
535539 418826 470
221496 468083 449
338653 457463 449
872278 909592 445
778949 986308 525
653692 175596 509
238640 891613 525
201922 681612 509
742126 708452 424
707417 987070 525
827398 479238 509
264132 774833 509
661053 788465 504
951582 166220 525
355119 248745 441
849964 378135 525
577163 446400 470
334392 342927 366
181581 667974 509
339815 808241 509
608508 665888 509
354679 538912 470
681210 110392 509
361692 48665 443
463194 52074 449
151928 166437 383
7032 743866 509
326329 879691 525
344821 254316 407
35705 36372 249
346456 837745 509
572838 778037 509
211805 673597 509
890793 281843 525
751038 175178 509
156523 434169 449
105536 409270 443
735926 378647 509
127542 563494 470
714886 635052 504
50198 571546 470
115147 189031 383
169498 86039 383
3641 833389 509
983066 652288 525
847956 821865 525
120054 180135 383
902663 726992 525
193317 922676 525
156293 777157 509
853386 690380 525
995194 106545 525
537041 323428 470
178175 442742 449
187291 793682 509
605426 966108 525
3515 693439 509
858238 962049 507
971416 775919 525
144680 876876 525
973126 298305 525
117439 620654 470
467607 287060 449
258891 724928 509
932433 817624 525
815071 757154 468
714545 434694 509
266214 764204 509
951148 939708 414
788970 606004 509
289279 940738 525
621017 712825 509
342492 357745 441
447107 184888 449
114856 477425 449
596703 315620 470
440550 197437 449
900680 673651 525
57074 469408 449
544652 135667 470
176785 482505 449
793265 823660 468
95220 385857 443
605102 220441 470
713821 127265 509
985859 921993 507
290447 449241 449
168970 330326 443
286442 512419 470
424868 654521 509
679339 812806 504
942050 93171 525
979745 570805 525
473998 416774 444
805121 410731 509
746851 619138 509
357276 495181 449
44398 688796 509
418891 567881 470
809195 948455 525
862166 839615 419
561183 139348 470
932463 27606 525
622937 577498 447
501846 533024 470
87745 297751 443
767060 128424 509
614811 53773 470
426397 686505 509
607316 982499 525
454470 419725 418
180334 688366 509
428954 467129 444
465944 582191 470
169690 870740 525
82815 398893 443
216070 380416 443
229916 166917 386
633189 115510 509
13600 603875 470
658683 455257 509
593060 332300 470
860439 832480 525
137771 236339 443
316486 566970 470
649860 7481 509
900145 576737 525
431533 276161 449
321413 77476 443
777958 743732 468
874058 628791 525
674724 649173 442
706969 988154 525
88088 116965 354
611585 602591 403
804460 889251 525
10353 618383 470
957596 97957 525
549700 791905 509
824817 542139 509
433901 886720 525
539935 832854 509
121207 59809 354
88241 398170 443
912089 619502 525
990216 915186 507
267062 470714 449
480353 383203 449
408151 53691 443
667873 155133 509
804865 225984 509
296816 693735 509
796924 206782 509
515881 559180 452
373359 301183 441
376356 206578 443
416806 374400 449
112356 67425 354
975016 850558 507
998387 854050 507
9677 543983 470
916657 917350 383
985683 271934 525
408462 32426 443
438428 476 449
332250 584723 470
175906 506055 449
406779 874739 525
271423 88756 443
754635 477747 509
113965 280801 443
738471 758313 424
623052 748942 509
187934 944119 525
540167 48577 470
857565 167042 525
488262 972369 525
650487 740293 504
159829 977992 525
712557 275668 509
882683 397043 525
752118 109909 509
841319 446208 525
327148 757022 509
864767 96072 525
578751 827888 509
178333 362973 443
656240 325092 509
940722 759460 525
187879 610326 470
836158 221900 509
925005 305978 525
860562 263639 525
143413 747517 509
331446 473586 449
629382 242934 509
727846 760589 424
265607 875867 525
18758 370322 443
390875 398077 405
544779 629170 509
981829 711018 525
433039 749601 509
519202 284868 470
829298 816079 450
445027 211511 449
549108 280778 470
468847 844565 525
516092 36776 470
288142 793788 509
785568 322555 509
496353 450151 444
273108 450789 449
805628 258871 509
309077 811184 509
362003 849746 525
941679 217310 525
662451 112375 509
695426 42746 509
500404 377284 449
933798 582447 525
926363 422928 525
705247 788090 468
882486 846282 432
912621 704300 525
133427 27917 354
894128 124553 525
119252 150936 375
498763 882520 525
195422 348069 443
769332 221226 509
956601 244180 525
497207 804959 509
959791 756689 525
481007 705269 509
817161 188844 509
358531 216016 443
765984 231985 509
322033 477709 449
987601 101312 525
889967 4062 525
431919 666006 509
616010 629040 509
218298 706246 509
966105 314641 525
97567 663024 509
491086 705831 509
734353 560654 509
437035 592543 470
820185 92701 509
605248 692869 509
427428 13207 449
428581 112600 449
209371 111886 383
436025 638487 509
522456 716944 509
508090 499444 426
948404 821825 525
208743 551189 470
468228 513098 470
732765 929258 525
646334 591352 509
256475 951114 525
362194 46293 443
309424 546619 470
597241 547150 434
555941 489015 470
333678 542579 470
767158 812920 468
368104 644798 509
736220 649382 504
930525 31604 525
436499 163073 449
643473 336057 509
982787 602479 525
758796 894338 525
142856 458636 449
389752 147337 443
728001 316318 509
507116 917084 525
318776 549646 470
283482 365008 441
492700 939098 525
237180 76266 443
261257 757177 509
357464 309024 441
488928 865995 525
621326 339722 470
382176 815299 509
18128 318916 443
295879 308452 371
478262 490684 413
774599 131010 509
915004 337017 525
429157 606470 470
271482 684382 509
625978 77125 470
146548 633955 509
730108 58520 509
913403 531897 525
399987 400459 374
645056 857730 525
96502 828704 509
673611 911832 525
639819 759822 504
362237 978570 525
189399 870693 525
559919 812666 509
234358 184126 443
872657 460464 525
896030 771712 525
219097 185131 386
113774 796932 509
37142 305366 443
926923 824198 525
317588 415994 449
576763 38003 470
861693 433418 525
165958 553392 470
910745 595387 525
188858 678138 509
219766 65929 386
958019 494776 525
553369 966104 525
375461 638244 509
979486 662607 525
660630 231068 509
40792 291381 443
139680 688683 509
648149 458577 509
241024 507911 449
663006 884780 525
195434 168079 365
701559 787798 504
333367 618068 470
60323 351959 443
299643 536491 470
670286 636681 442
84513 649908 509
146300 191379 383
403881 983716 525
608631 628621 509
388784 73760 443
716639 292988 509
699242 938009 525
110491 768560 509
410959 720484 509
839787 641309 525
271444 615426 470
408767 693913 509
590578 263223 470
238735 879916 525
723123 522053 509
792954 452722 509
689469 95574 509
711893 609001 509
126313 718399 509
713919 393274 509
558511 760434 509
627327 557104 509
696341 202686 509
688854 172887 509
772640 840290 525
213020 12476 383
202867 214869 373
356565 228089 443
785532 798718 468
739110 746835 424
92931 696926 509
510714 649257 509
517286 53330 470
592901 767897 509
1191 396637 443
420670 141965 449
522909 997138 525
214976 915122 525
672859 765727 504
332720 643435 509
343615 52352 443
182068 537309 470
953212 801941 525
771276 795018 437
433319 995857 525
568287 343278 470
68596 111124 354
945643 645871 525
213456 137013 383
250003 341719 407
755869 577561 509
772551 111027 509
246428 171458 443
140625 617429 470
898667 307711 525
583317 746184 509
751738 682663 504
94528 403613 443
452543 198337 449
721500 292259 509
517191 821230 509
870348 230919 525
785986 359017 509
585832 829702 509
479017 987446 525
459371 448728 387
993903 568925 525
799407 450721 509
120550 761561 509
980548 54656 525
331315 769721 509
893526 856522 445
678971 968152 525
478479 886542 525
875047 722291 525
785516 364559 509
669406 412659 509
274625 529181 470
418232 126268 449
137210 967310 525
211009 271037 443
157388 416101 449
635453 311640 509
362020 793840 509
431312 344591 449
775322 559349 509
500832 475967 426
475777 287189 449
477967 834696 509
134242 588838 470
678011 338966 509
710829 7964 509
960587 185001 525
624161 253751 470
678073 839476 525
289029 684708 509
87742 557884 470
644140 46882 509
905313 545640 525
576360 244390 470
448848 663173 509
89308 30971 351
721615 318621 509
420839 14935 449
732765 767014 424
229096 26759 386
488827 849960 525
408168 121705 443
182552 178050 365
858765 406675 525
774442 306315 509
135906 247104 443
540638 649016 509
61904 845550 525
182480 715884 509
128401 671308 509
310813 777071 509
493912 612897 470
658399 145503 509
887229 862417 445
620126 30385 470
137854 74481 354
781817 808055 468
767165 665554 504
225448 48510 386
420561 390487 449
509352 401540 449
56109 207940 383
398162 697905 509
5128 859883 525
312106 503425 449
253663 851255 525
357368 815583 509
75469 564911 470
847164 866237 419
18905 278812 443
186548 69458 383
314814 410450 449
860484 329042 525
349115 594499 470
891544 304055 525
870954 173926 525
144337 314532 443
703800 70719 509
774275 724296 468
547458 339392 470
321611 210263 443
380043 402216 436
745864 158821 509
224853 386562 443
484896 619218 470
532988 61463 470
826502 258889 509
911570 594926 525
200591 256616 443
415608 884683 525
260720 238288 368
288611 866904 525
549252 785895 509
971741 249102 525
57964 92766 351
971291 495828 525
656001 283475 509
205252 594592 470
744338 904392 525
593759 22370 470
231096 657036 509
464768 162035 449
733173 260051 509
426195 748914 509
527644 653342 509
405266 393491 405
205663 451528 449
677149 961846 525
63819 476589 449
96340 411947 449
775119 755750 468
229696 222331 368
217911 607883 470
724478 524136 509
105848 163547 383
790098 346314 509
192922 920556 525
96934 433712 449
635633 871604 525
612488 864281 525
226808 158889 386
604312 381904 470
717304 757166 424
11804 498476 449
584691 698301 509
218964 811281 509
94117 947111 525
224504 343615 443
497870 938015 525
292098 506107 449
579015 671118 509
240058 242379 368
950485 703628 525
503467 576538 470
394887 344114 441
906389 286291 525
629262 702733 442
836265 728976 468
465183 560206 470
210573 923383 525
21532 904179 525
518586 995222 525
519085 753795 509
816778 711149 468
480893 240650 449
605183 944923 525
184058 224933 386
303491 822324 509
365214 520637 470
363003 310720 441
857951 216921 525
55644 685277 509
31550 55736 340
916492 322777 525
767471 621369 509
857968 387255 525
293950 512398 470
914317 276550 525
312097 567011 470
110827 28267 354
100680 6180 351
749476 910825 525
539807 896413 525
984944 552013 525
857346 664123 525
330020 432745 449
255459 675880 509
380266 229135 443
48771 736183 509
469623 313898 449
625491 864421 525
881664 194254 525
811073 433272 509
825068 813495 450
759303 840479 525
13205 949214 525
612171 41609 470
167173 163618 352
899391 641656 525
497437 230887 449
838647 851614 419
189714 528439 470
686834 433366 509
207847 387010 443
271778 726287 509
196500 346578 443
795717 26435 509
924931 146461 525
977794 14421 525
871268 360972 525
396103 898655 525
8459 794517 509
883894 260761 525
573511 397642 470
779527 655304 504
822460 879988 525
841535 619333 525
84902 997805 525
177415 43896 383
826023 277548 509
800829 628389 504
305119 223413 443
897871 322874 525
100942 696716 509
126820 547447 470
261537 690829 509
732509 395778 509
266662 139711 443
551832 899302 525
536667 419611 470
355286 582273 470
236360 253017 368
746609 290919 509
927172 935677 414
365755 313062 441
780245 219362 509
427009 88996 449
47347 90287 351
503685 469815 426
584908 854468 525
133641 905725 525
607227 83112 470
965949 395903 525
967701 77190 525
291940 783807 509
208153 118700 383
391651 529097 470
290316 486049 449
965105 207229 525
107345 125285 349
248666 142074 443
32453 255042 443
860542 119912 525
391236 26486 443
290153 320424 384
17072 900026 525
201646 544845 470
421909 514762 470
80642 132176 354
928945 294637 525
326368 454597 449
457993 741667 509
369533 933130 525
157291 941312 525
89079 988536 525
620288 430247 470
70645 437199 449
578692 505227 470
7449 687205 509
685469 612427 509
744491 202316 509
686703 451261 509
14794 233589 443
420883 32959 449
19615 301874 443
907041 198699 525
19902 456275 449
589395 73854 470
319029 660334 509
517790 789062 509
297649 143042 443
173709 413119 449
214224 454817 449
870824 925186 476
835718 825110 419
629855 902559 525
876760 925990 476
669000 796083 504
631449 661783 429
218715 655443 509
214908 583289 470
288332 54120 443
795339 797366 468
344549 354198 441
219294 531950 470
412021 613045 470
659945 79936 509
654474 724519 504
263121 725572 509
697163 806240 504
775605 361513 509
638534 517921 509
913163 36772 525
115157 548962 470
975915 693446 525
656328 54920 509
704617 716785 504
967601 168124 525
596479 776520 509
146174 124540 375
134067 108168 349
460425 924526 525
850370 610819 525
36294 718816 509
665730 442558 509
952442 850154 507
110017 710978 509
966605 1839 525
139074 766215 509
552145 488005 470
269971 582034 470
97155 798842 509
65504 836116 509
473392 834559 509
155838 406790 443
573383 383956 470
942221 301249 525
564792 614686 434
217944 742044 509
244375 525047 470
886766 343359 525
696252 360515 509
154707 364602 443
885721 724253 525
609085 599198 403
335675 160 443
633129 288381 509
923859 773853 525
989264 193463 525
423703 121611 449
352588 92849 443
587486 21141 470
232951 759844 509
119810 287155 443
239557 498021 449
861994 546108 525
758679 655570 504
242857 521295 470
172876 362176 443
938453 790658 525
35200 568873 470
541833 422884 470
367235 274932 441
291053 222423 443
645964 819381 504
199846 762996 509
346820 105138 443
878489 122838 525
395397 224817 443
591551 557333 434
756294 120672 509
336665 154651 443
920648 479348 525
539478 391833 470
679012 946955 525
355244 329220 441
655691 851963 525
668161 22356 509
94425 860062 525
763245 506751 509
691128 548069 509
351249 921160 525
289821 679110 509
131976 159750 383
787698 943188 525
634805 802872 504
764108 586787 509
542417 760430 509
201669 205027 342
462315 875355 525
505549 231169 449
64344 754093 509
540612 836252 509
145569 95417 375
93638 704935 509
208783 885448 525
574191 321291 470
903078 596564 525
353287 883006 525
359871 934863 525
671504 224046 509
520535 795722 509
388130 214598 443
841680 474934 525
861104 481413 525
514682 918128 525
201941 615149 470
750702 34771 509
591048 630446 509
117065 966580 525
862652 576357 525
8000 588488 470
433800 113298 449
224361 281114 443
791945 224352 509
580564 380841 470
683287 481550 509
701605 271117 509
382934 503020 449
418051 289497 449
117086 619705 470
386057 224762 443
767577 131966 509
649886 884795 525
946614 532034 525
683580 194008 509
506508 983650 525
488946 390743 449
893901 421346 525
341525 970777 525
353513 453964 449
105530 747673 509
528511 391496 470
688634 920753 525
359040 31699 443
736498 708661 424
18160 491276 449
427443 746754 509
575078 974671 525
791512 413900 509
458853 909106 525
845590 184737 525
237816 605730 470
734156 483790 509
389863 434030 449
383475 166647 443
722064 137102 509
746325 525754 509
812031 134409 509
922073 379730 525
535382 136352 470
246051 67474 443
287457 59945 443
501864 545148 470
826286 176322 509
6124 699518 509
172296 68590 383
826596 18895 509
302891 336503 384
671805 332095 509
338559 336225 366
901058 490863 525
251923 365294 441
542860 273429 470
34535 610133 470
582258 524024 452
732205 673316 504
96284 133576 354
254417 237653 368
236955 540064 470
84999 787937 509
867380 449549 525
442472 24225 449
748647 626339 504
19776 890372 525
395851 370082 436
980540 692415 525
346474 120545 443
362803 292130 441
841030 836214 525
210996 881021 525
424084 761749 509
347326 445756 449
238332 478451 449
872674 917249 476
138485 605927 470
257177 666635 509
426094 470859 444
862700 765167 525
33492 285918 443
585824 426631 470
398426 569938 470
924126 80284 525
427074 808168 509
597624 838147 525
661492 186391 509
197803 529789 470
436025 319602 449
87024 804301 509
968677 647675 525
967549 385498 525
77568 67788 351
875166 503180 525
936398 143822 525
998278 310706 525
755184 849321 525
167642 162929 352
974380 20768 525
418386 660626 509
562290 947215 525
855796 620240 525
105313 395758 443
585066 646534 509
552185 810016 509
708697 994573 525
829063 71922 509
342422 313754 384
780850 514918 509
602121 689817 509
174901 929859 525
872657 35476 525
775148 372772 509
274789 121272 443
967058 779042 525
899074 596956 525
842794 425983 525
860184 621192 525
221215 143529 386
897037 929293 476
759713 336127 509
3962 966082 525
577016 748543 509
171527 214098 373
552342 987097 525
182479 597978 470
950832 771381 525
746790 982496 525
115623 444907 449
759586 834682 468
885088 645178 525
607211 897242 525
464936 782348 509
285349 569520 470
423902 786359 509
215668 271711 443
202435 448459 449
250879 70046 443
370441 720742 509
879480 902115 445
998218 620221 525
584238 696265 509
694975 382688 509
650471 102968 509
286019 379879 441
185913 615376 470
675742 924474 525
136855 619536 470
210044 976232 525
576852 59454 470
231927 648183 509
225901 978451 525
194050 153637 383
477669 246989 449
22845 327314 443
193592 567174 470
554298 465724 470
502062 907864 525
69134 688947 509
263675 26488 443
390278 248697 441
366720 840409 525
897733 972132 507
941884 414501 525
427393 34040 449
917632 923827 445
269711 673319 509
198325 38757 383
199140 203794 342
652932 503846 509
157279 136334 383
682893 650487 442
16488 340363 443
680012 492886 509
367450 14099 443
493054 16556 449
530886 91124 470
213724 855661 525
149995 694234 509
857211 545472 525
62049 339216 443
942260 719271 525
361842 898805 525
251504 371479 441
780559 381177 509
173141 423446 449
717835 334088 509
469973 387498 449
331283 534466 470
509892 627524 509
796217 931021 525
827426 340030 509
50710 51049 278
755803 755252 362
814682 403812 509
493768 674391 509
129558 709550 509
569859 63752 470
547763 775813 509
179510 869746 525
972021 719711 525
847680 963496 507
950903 198510 525
28944 356902 443
360834 752247 509
534448 451327 470
545543 346439 470
