184717 315606 443
957689 791114 525
250828 632996 509
436983 881222 525
620889 989250 525
400681 190889 443
525686 477251 470
727115 319215 509
618150 340596 470
172690 279932 443
146801 85935 375
858829 172361 525
982166 732245 525
157896 636318 509
825284 567659 509
329836 185989 443
196308 925787 525
199770 253048 443
594725 54702 470
70301 892410 525
741089 300050 509
289232 534609 470
487076 687581 509
116258 84379 354
590070 105870 470
303165 783661 509
843922 197942 525
27476 853173 525
815130 694289 504
579450 509608 470
578280 896069 525
487839 517308 470
703397 217604 509
257415 927588 525
455411 348128 449
198439 700094 509
127412 532237 470
105069 209214 383
722918 134633 509
198672 278460 443
146655 189579 383
158414 978592 525
387694 898446 525
280525 598955 470
47413 836980 509
847520 986105 507
640852 468253 509
561176 906793 525
332445 481597 449
295052 591790 470
873678 896423 445
202645 785230 509
229347 131578 386
737498 291097 509
165094 242171 443
37472 230044 386
562752 261551 470
1640 737649 509
119880 166788 383
830404 894321 525
829558 109804 509
715172 825764 468
798471 440253 509
446868 422088 418
730108 454121 509
662954 630851 429
346498 637409 509
805744 666685 504
92251 681866 509
88969 747259 509
87074 29592 351
767590 732464 424
976480 764451 525
737051 721998 424
801872 353989 509
545937 658124 509
968721 975331 458
972218 970479 458
773153 937540 525
682112 241615 509
567099 995342 525
606383 550779 434
910508 165680 525
977065 259539 525
99868 735587 509
736969 695748 504
757327 677220 504
727024 881557 525
302724 780338 509
695947 280091 509
257267 636059 509
896454 960957 507
946414 125840 525
466965 778313 509
465793 925795 525
812767 323553 509
587805 288645 470
934379 772041 525
833715 889983 525
193064 383662 443
212654 572198 470
482411 546132 470
120430 161997 383
762952 800378 468
392809 178897 443
338470 957161 525
570145 238793 470
928538 335160 525
471043 237249 449
198076 931495 525
195762 931492 525
421453 102230 449
358858 877588 525
14410 673546 509
357408 323055 441
9444 511416 449
879070 745904 525
382478 801130 509
670651 743100 504
187208 422447 449
764620 105490 509
515019 466410 470
364203 421674 449
102175 882206 525
413088 131879 449
847371 701137 525
412505 176360 449
253993 693207 509
906515 852656 445
341478 487753 449
74636 782540 509
122263 322237 443
708525 415444 509
690108 154089 509
248046 428756 449
161732 586444 470
322262 645862 509
537914 893677 525
18086 143027 375
525341 775074 509
700813 558358 509
807355 423275 509
323102 257079 407
522550 95101 470
438665 476752 444
208929 95786 383
491399 596781 470
881679 55304 525
68636 18974 340
939562 769442 525
271412 36582 443
462199 26156 449
87702 102002 341
817840 693916 504
255515 752297 509
705078 892371 525
898291 167758 525
11463 87697 351
919283 296923 525
984303 539885 525
534527 336874 470
118630 640962 509
768833 761717 468
819994 804626 450
730980 393085 509
145990 113542 375
281137 27633 443
446169 269590 449
763113 774652 468
966634 935453 507
800547 149393 509
721639 905924 525
147374 876956 525
649345 299117 509
593532 156109 470
825145 67842 509
193243 644645 509
981997 97460 525
315081 319804 353
556809 841228 525
541614 115786 470
725411 709628 411
223450 586362 470
92697 317852 443
442058 398047 449
748662 622120 509
903230 524826 525
694458 525504 509
971376 42334 525
862287 118487 525
326116 806726 509
785754 871576 525
989236 541138 525
16674 832991 509
710566 851825 525
640427 775746 504
32488 918495 525
346875 300361 441
624772 24724 470
287095 445634 449
227598 969046 525
924729 660275 525
677842 434425 509
120862 545068 470
740057 354979 509
821911 353948 509
329956 519023 470
700271 996436 525
482793 264085 449
653257 654409 385
15548 416691 449
652909 610533 509
227452 930735 525
37174 770248 509
379041 128723 443
834477 636384 504
275840 956186 525
824276 135101 509
194681 694861 509
399683 177519 443
558062 313056 470
933665 353414 525
81579 242987 443
624545 229674 470
180972 452726 449
120959 435183 449
41960 899931 525
485346 845106 525
337992 750201 509
514634 762056 509
661043 545437 509
917644 518398 525
933769 332304 525
170373 238887 443
960290 842813 507
987303 785177 525
599884 205759 470
227526 385181 443
59262 128485 354
909963 240798 525
309748 353349 441
535061 146822 470
884380 707305 525
518928 617708 452
562415 474188 470
116127 391622 443
11571 464576 449
113263 747372 509
55586 375515 443
98034 160337 383
962726 500192 525
516730 215541 470
412311 242966 449
181573 56564 383
142396 389709 443
200950 778395 509
456513 182745 449
535483 960466 525
664887 119622 509
724005 464349 509
170229 379937 443
229288 861004 525
123496 460547 449
503648 598338 470
648339 373408 509
292294 659662 509
558621 9702 470
570661 893218 525
230305 728918 509
809949 299838 509
999456 603800 525
826480 286318 509
356348 945906 525
331851 794993 509
639851 655437 416
803930 4012 509
156397 872316 525
15975 360053 443
517667 825087 509
991761 962186 458
389781 822054 509
185445 230706 443
95793 107429 354
494668 926367 525
509534 385739 449
672925 843557 525
459803 359382 449
15291 980024 525
444256 583979 470
919289 64399 525
244642 283822 407
447798 656819 509
182517 546021 470
855997 111011 525
820244 217195 509
831538 463450 509
482921 595510 470
536896 913967 525
780174 581695 509
401919 823875 509
323897 480558 449
343824 999075 525
276278 834279 509
558851 581595 421
133369 719907 509
952117 700722 525
226402 241270 443
988804 885909 507
438151 362281 449
445871 821806 509
289532 401256 441
931691 827931 525
769171 810166 468
80822 381531 443
394448 67234 443
788437 638713 504
666457 499386 509
402746 748649 509
817913 82896 509
93175 544691 470
933205 914994 476
596385 683873 509
598077 420119 470
55687 204602 383
168377 175514 347
18870 580583 470
329537 813104 509
949648 619975 525
639005 316543 509
804454 343240 509
942288 55787 525
201629 256288 443
28037 937022 525
324512 258461 407
878410 486731 525
119125 619362 470
591721 331467 470
473855 245088 449
212771 46962 383
498925 418983 444
194398 896811 525
242538 782236 509
922799 451781 525
653542 165515 509
925812 345188 525
267633 370007 441
118528 763630 509
128973 50788 354
147192 827972 509
935792 766628 525
261577 104255 443
271371 768233 509
882798 230379 525
563554 534264 452
463815 51625 449
110716 746189 509
986002 112851 525
160019 891287 525
725174 532052 509
946382 453990 525
898175 711281 525
155707 263049 443
260259 664034 509
53351 703450 509
356948 546524 470
271284 487876 449
187738 690566 509
373895 440576 449
71030 671119 509
514727 145105 470
926212 496761 525
214719 775279 509
136345 586758 470
336722 184053 443
445592 770338 509
780463 224852 509
925081 706817 525
93314 673248 509
697257 810638 504
889800 350863 525
177164 307293 443
922685 260084 525
609190 478614 470
314754 962418 525
248028 837747 509
27461 849068 525
118145 926697 525
378894 180646 443
658810 678567 442
542893 566276 452
68578 527857 470
82679 268922 443
317591 9681 443
266276 842376 525
328529 363261 441
568801 277945 470
380292 395994 436
652332 163813 509
60403 483092 449
365668 160537 443
11902 246405 443
412523 827775 509
876081 622080 525
81283 989343 525
60691 637263 509
401428 348247 436
292972 402312 441
29307 292318 443
849414 482895 525
467851 512974 470
27154 90017 351
872567 566627 525
188420 753519 509
91416 175036 383
113262 152344 375
695800 966939 525
732341 220652 509
832127 649901 504
760053 18067 509
437265 124975 449
197404 677298 509
919682 108700 525
342592 967746 525
28266 688540 509
429718 648818 509
595831 141264 470
222175 370472 443
894508 924441 476
92981 976017 525
22918 143749 375
77753 536993 470
501401 639828 509
514632 712117 509
673790 663255 442
386834 291111 441
633639 872222 525
753183 257884 509
417161 380892 449
795562 539674 509
247324 201699 443
706215 486060 509
124988 765360 509
691072 625898 509
435619 339243 449
643646 719907 504
623188 918650 525
144025 465766 449
599869 322381 470
951971 416494 525
751133 693550 504
375913 996834 525
747764 29018 509
514173 366192 470
495389 912615 525
679488 342863 509
92151 1838 351
607305 661817 509
657557 83657 509
449358 174877 449
715152 196218 509
928319 736819 525
470973 236443 449
142772 678811 509
884940 254736 525
470292 718665 509
518658 419188 470
933519 429326 525
568400 503689 470
788132 651599 504
681527 449306 509
138952 106884 349
693787 367052 509
575696 34934 470
307492 129794 443
734689 766033 424
550264 165841 470
448844 984661 525
863113 405288 525
993590 450452 525
249876 126267 443
565650 304643 470
896248 508577 525
637892 661826 429
820943 50504 509
958898 540884 525
913222 148908 525
903542 65806 525
368035 350329 410
499830 428233 444
111129 134805 349
220666 191859 386
574705 736375 509
215537 750527 509
381548 11149 443
118160 98032 354
242918 425174 449
125882 68515 354
958483 171761 525
579743 28549 470
285584 236289 407
305763 516498 470
568031 594048 434
646503 134753 509
944766 37663 525
813561 259112 509
657553 962662 525
305239 223836 443
447936 647837 509
737620 559083 509
311477 396537 441
306480 564891 470
262985 399778 441
864950 661403 525
98704 334233 443
649504 636128 416
129503 609742 470
906277 807844 525
153541 749633 509
997883 429282 525
604694 484110 470
677176 19800 509
92518 277992 443
250100 65036 443
19588 510228 449
98596 270581 443
453883 350481 449
360236 793459 509
113002 416301 449
470104 352118 449
970641 829618 525
882380 471116 525
629537 659709 429
569235 834247 509
128925 104772 354
766011 837405 468
64997 101134 351
49273 697615 509
113245 289069 443
837081 723835 468
755461 743098 424
654128 324185 509
468461 83090 449
350582 746314 509
693550 492478 509
195188 562445 470
36555 753905 509
896683 146751 525
756781 261039 509
486235 548018 470
70922 444272 449
940949 134501 525
702024 52942 509
939817 401388 525
176487 891848 525
558970 14385 470
191716 897056 525
973361 519912 525
845767 630259 525
165565 530675 470
659091 36462 509
95292 822822 509
107501 359560 443
769732 786350 437
492604 196874 449
431327 363773 449
668818 883030 525
987013 710870 525
673444 869363 525
512206 884881 525
300294 982983 525
186015 265390 443
44879 549904 470
637185 445440 509
930968 395111 525
523700 809095 509
249865 539992 470
683759 858215 525
616203 341038 470
142754 872370 525
356840 120246 443
28810 300927 443
792169 602013 509
102081 508403 449
803443 601545 509
18076 533736 470
108523 567685 470
419047 148017 449
200832 709160 509
933007 918255 476
246965 997637 525
800996 372118 509
111113 799991 509
555684 127180 470
772753 530519 509
496354 233015 449
289338 532508 470
778559 772536 437
193953 279604 443
353855 287953 441
560042 835730 509
480502 527608 470
908951 556835 525
539642 894618 525
284231 367213 441
825965 712713 468
247884 471530 449
690209 219698 509
153960 51103 375
806266 484736 509
252257 664166 509
179746 609804 470
418084 196474 449
745560 6494 509
525392 393863 470
394196 994782 525
70987 540090 470
695295 805340 504
444611 650132 509
319951 317018 353
111341 415068 449
933547 588543 525
131665 929375 525
895317 411991 525
859544 375343 525
115724 460033 449
556025 370077 470
542769 607170 452
88786 774885 509
714586 406170 509
265288 109835 443
244643 333090 407
681527 389697 509
18424 97943 351
55922 711089 509
105680 518364 470
953363 542759 525
853072 356663 525
112031 26432 354
234959 434259 449
910322 948076 507
282535 870877 525
332274 844275 525
814765 541215 509
488061 527604 470
513438 245880 470
9175 74762 340
168866 559724 470
949152 332870 525
928614 610459 525
422012 648116 509
916408 211138 525
490791 719373 509
39821 979128 525
886484 996014 507
604033 717241 509
659088 660673 354
452918 78113 449
133907 975537 525
383559 370736 423
598434 749170 509
230159 775210 509
652591 658230 429
29182 264145 443
891608 143422 525
212880 929523 525
810904 754914 468
581127 459263 470
900569 23871 525
122860 594352 470
309535 817846 509
19595 738033 509
171694 207360 373
367226 596119 470
211023 944825 525
96462 245093 443
928466 444330 525
396452 297146 441
46211 193118 383
723586 58219 509
922866 340628 525
606175 529890 452
596146 463054 470
877139 999304 507
670444 16077 509
397034 571853 470
923941 759359 525
190335 989112 525
469414 124270 449
462983 823944 509
715975 816953 468
416488 402449 449
50771 221744 386
972923 396526 525
260636 974576 525
173885 986543 525
957499 440680 525
256619 404569 441
2250 379283 443
610871 564471 434
398662 379652 436
131453 8429 354
128513 502656 449
558508 351440 470
675327 988679 525
199243 661259 509
476516 404293 449
201840 417678 449
342718 117248 443
266768 935978 525
603659 808406 509
820049 537596 509
888666 345228 525
750167 473380 509
916676 409082 525
208836 597572 470
552825 17442 470
219662 834616 509
108559 291850 443
316090 33289 443
319898 30649 443
404032 21459 443
265395 762796 509
491078 56547 449
85221 677039 509
326178 997638 525
922052 641108 525
449540 20477 449
107797 632466 509
363083 602238 470
90042 698753 509
722171 349647 509
969495 769440 525
374806 975965 525
571038 386855 470
403867 998580 525
308896 484405 449
18434 961856 525
929810 833147 525
541487 768581 509
294975 511883 449
817645 446715 509
376570 936740 525
914756 902666 476
366856 222500 443
57509 355672 443
421497 736217 509
646606 910718 525
436559 633422 509
3825 948263 525
14354 570530 470
916668 249032 525
584689 892646 525
191292 947732 525
759848 815017 468
796176 721038 468
420522 601614 470
20764 172262 383
813665 879774 525
891137 100093 525
576582 11647 470
212473 6902 383
413974 992071 525
906430 879745 445
815738 483386 509
128139 292375 443
369064 167820 443
557910 241664 470
503251 356305 449
166949 401553 443
71701 932928 525
148691 875855 525
750914 944112 525
924150 454637 525
68664 954649 525
245926 413818 449
190317 734107 509
167149 486493 449
531646 737835 509
948749 344268 525
331866 244860 407
689597 251521 509
395651 769611 509
845013 680918 525
345180 454832 449
952258 21304 525
637768 512307 509
965753 903095 507
253649 557679 470
491285 643693 509
341372 173207 443
833463 981244 525
281529 890126 525
963117 861582 507
526842 619630 452
365991 510469 449
644233 620978 509
626565 774429 504
259461 787450 509
674978 205852 509
862440 766235 525
812196 848994 525
934336 470792 525
447776 118680 449
56055 145509 375
986478 403252 525
671491 413547 509
862578 290161 525
504143 550775 470
547210 538152 452
578945 538773 452
82603 697098 509
699916 768381 504
999856 370148 525
682700 249106 509
975574 607376 525
592018 421379 470
552157 420339 470
821941 879477 525
876105 216692 525
356700 338988 441
943012 523154 525
650204 755076 504
142592 70292 375
155906 89064 375
608075 892911 525
88109 70972 351
213536 973967 525
335067 168217 443
773305 60103 509
649645 17501 509
642201 619605 509
585043 373663 470
882016 299098 525
468089 161484 449
178350 832961 509
357233 771063 509
179036 283020 443
380582 561675 470
18162 62552 340
233208 323725 407
619336 673945 509
593396 551283 434
918782 709795 525
1806 706291 509
219736 505903 449
633159 475316 509
675959 951560 525
33259 387804 443
43579 792000 509
276399 743115 509
712667 225396 509
433892 343630 449
357748 600059 470
296589 337704 384
354450 44067 443
751894 262828 509
377881 700378 509
64157 30320 340
598861 948831 525
496292 70146 449
951885 462924 525
679306 163596 509
308467 90978 443
548661 37648 470
8477 887606 525
931486 3900 525
889492 375853 525
65022 241568 443
419990 323108 449
433504 924114 525
655122 981123 525
149286 828321 509
227830 462500 449
544218 955200 525
924164 799469 525
287158 868962 525
694344 306365 509
633680 785116 504
78031 69252 351
657705 729657 504
752420 109925 509
752076 20600 509
140576 284953 443
768594 223241 509
779268 552614 509
17563 877342 525
784232 325158 509
305383 920562 525
483455 180999 449
784492 301143 509
779343 958814 525
635085 829602 504
429156 235237 449
86230 963163 525
145631 64990 375
259673 163291 443
851570 615786 525
880736 318244 525
379527 749890 509
632018 666629 442
71883 972109 525
41615 201014 383
750192 606110 509
572472 910149 525
333128 357221 441
484494 24844 449
593946 653913 509
344475 968771 525
999965 931336 507
625930 741035 509
915763 492215 525
918919 840363 476
47191 619968 470
954836 993276 458
14973 984331 525
927508 798708 525
944493 473621 525
80759 466482 449
852192 740231 525
292492 485609 449
888750 166234 525
867449 22787 525
239869 498615 449
550582 362187 470
532272 311514 470
80918 392195 443
136823 771743 509
663054 826838 504
957804 575113 525
552363 819632 509
460204 561940 470
137646 353707 443
893021 457132 525
898193 108275 525
75262 164890 383
404006 404815 330
304195 267233 407
957847 891192 507
915891 470500 525
381321 317452 441
679974 190304 509
613765 947013 525
507317 863960 525
969526 756276 525
751264 273139 509
435895 336318 449
979490 718328 525
966846 398868 525
937483 813594 525
608035 573655 434
691362 141393 509
330725 259788 407
205755 455171 449
76799 313331 443
658129 956136 525
306410 796147 509
294800 567256 470
291626 393972 441
216009 651724 509
44103 421592 449
147087 362171 443
858539 966830 507
191492 409930 443
334536 935612 525
835319 506192 509
986421 764996 525
715009 575190 509
941785 833651 525
151168 728222 509
486436 546742 470
772478 10250 509
743505 221563 509
381346 520082 470
461973 100251 449
381838 47841 443
411028 351562 449
500349 100421 449
596706 356309 470
905247 265121 525
198196 511713 449
601869 212468 470
584430 289444 470
767899 667221 504
9146 783536 509
759239 927723 525
997435 702569 525
223895 945077 525
62470 829323 509
793208 678328 504
708550 596587 509
792838 647136 504
206980 987576 525
642500 166305 509
90271 62250 351
863379 787165 525
617516 524905 452
747612 640640 504
720382 510445 509
771956 533415 509
783469 90044 509
