1 10 20
100 200 125
201 210 89
900 1000 174
10 1 20
12189 14501 276
29525 31790 285
11310 12528 263
4569 5959 236
31066 31144 223
2228 3489 217
21098 21980 269
4 2285 183
26008 26284 246
26221 26585 277
31186 32120 285
30317 31885 285
23897 24679 251
30667 31526 285
16417 18191 279
22437 24302 282
31593 32658 285
1736 4218 238
19617 19944 274
22414 22853 269
23466 24776 282
8654 9374 260
2539 4274 238
24748 27016 308
7247 7477 239
11938 12215 250
5716 6850 262
31356 32802 285
32569 34010 267
16401 17665 279
6584 9026 257
29057 29978 272
30883 32588 285
29509 29949 272
31905 34367 311
23726 25418 264
12509 13152 263
29474 31866 285
16623 17719 279
21322 22591 269
19073 20612 274
8926 10126 260
5828 8145 262
30892 33002 285
27177 27487 246
30478 32482 285
19743 22091 274
9213 10066 260
22299 22555 269
18414 18642 261
6058 7963 262
28906 30960 272
12363 14526 276
23232 25246 282
4512 5845 236
19034 19449 212
11505 12086 250
25495 25711 233
5536 7323 262
24257 25214 264
9292 9656 198
31887 33701 267
32589 32740 192
25630 27526 308
16673 18316 279
592 1764 182
26080 26190 202
32520 34497 311
5362 7051 262
27851 29460 272
18317 20765 274
23111 25276 282
30713 32597 285
21352 23744 282
3122 3150 155
4831 6658 262
8885 9521 260
15023 17267 271
21912 22959 269
32608 32891 236
187 1871 182
11737 11835 175
30069 30918 272
17785 19366 261
11615 11641 175
2321 4796 238
29757 31476 285
11446 12211 250
16784 17728 279
18183 20623 274
11897 13683 276
7206 9360 260
11035 11957 250
3704 6026 238
17930 19183 261
11079 11950 250
13843 14689 258
29612 29663 241
24904 25785 264
27677 29634 272
8565 10501 260
5670 6967 262
22519 23175 269
19014 20423 274
16974 17842 279
5361 5574 236
8630 9663 260
31252 32860 285
15810 17230 266
3262 5335 238
26808 27765 259
25931 27255 308
26312 28454 308
438 472 129
22580 22763 220
16521 18161 279
22835 24783 282
13799 15371 271
7936 8422 252
8678 10663 260
22932 23015 238
18685 19717 274
23026 25190 282
2789 3698 217
24224 25327 264
11380 11709 237
31530 32251 285
1579 1987 180
18415 19462 261
6592 8666 257
22249 24015 282
17839 20050 274
17828 19358 261
21039 21301 256
7595 9155 252
27946 29304 272
25133 26665 308
31729 32990 267
3013 4748 238
31393 32383 285
9266 10766 255
6241 8504 257
31051 32530 285
14898 15671 271
3321 3700 207
14118 15996 271
21195 21292 256
20981 22332 269
10235 11841 268
15317 17086 266
25327 27278 308
31030 33203 285
12353 12835 263
5077 6557 262
23043 25314 282
29520 31670 285
12470 13249 263
17859 18050 248
24424 26047 264
28554 30564 272
30770 32446 285
5015 6028 236
2648 4186 238
10448 10497 180
24202 25438 264
16848 19340 279
2632 2885 173
3194 3967 238
22906 24657 282
9662 11749 268
9167 9377 260
11759 14019 276
24900 25526 264
30364 32038 285
27206 29413 272
26381 27830 308
20121 22358 269
1862 2205 175
8329 10040 260
4768 6755 262
581 770 171
5957 6998 262
23410 24989 282
24230 25322 264
26390 27193 308
19656 20076 274
30404 32251 285
1084 2924 217
31186 31933 285
28801 30067 272
13747 15191 271
17906 20278 274
10352 12806 268
13019 14769 276
23684 23696 189
22998 23297 238
26881 28720 259
32551 33576 267
1399 2390 183
10911 11473 268
8615 10981 268
5393 7131 262
12474 14268 276
26149 26388 246
29651 31542 285
1532 2845 209
19034 21169 274
28190 30069 272
22441 24280 282
30688 32201 285
18098 18312 248
4855 6627 262
26834 27407 259
23901 24682 251
27253 28433 259
30928 31170 223
23461 25492 282
13508 14566 258
4889 5655 236
27430 28182 259
32723 33293 267
4240 4646 215
5999 6183 262
31735 32083 254
14247 16497 271
13487 13533 183
22641 22798 238
27749 29662 272
20893 22605 269
28025 28763 259
1049 2394 183
6145 8235 262
29870 30686 272
2246 2342 183
23885 24195 251
23892 25183 264
4289 6590 262
32382 34106 267
29121 30430 272
26468 27878 308
29516 31081 272
10116 11977 268
27637 28948 259
26602 27943 308
16747 16862 266
13735 15723 271
21996 23129 269
16155 18620 279
12355 13208 263
3474 4945 238
3052 5512 238
5696 8160 262
890 1408 182
7864 10130 260
30761 30932 210
7734 8513 252
24603 25111 264
28280 28471 259
25879 27447 308
24300 24675 233
30050 32043 285
7280 9276 260
14178 14816 271
1278 2582 209
8554 9897 260
30401 31868 285
24608 26084 264
15598 17812 279
4464 4523 184
6288 6676 244
171 973 179
21633 24111 282
15054 15077 152
18477 20465 274
11334 12940 263
17716 19159 261
26197 27154 308
2490 3568 217
12950 13290 276
19470 20348 274
32436 34664 311
16003 16959 266
28755 29332 272
29781 30878 272
26158 27262 308
18433 19205 261
7427 7844 221
4261 4887 215
13871 16323 271
30280 30687 241
5441 7023 262
28952 29677 272
16948 18630 279
19802 21657 274
20257 20924 256
21478 22273 269
17232 17325 235
9246 10503 260
32466 34732 311
11598 12067 250
29294 31286 272
7165 8010 252
17890 18446 248
25513 26790 308
31331 32911 285
7673 8532 252
28405 30311 272
25703 26229 233
3091 4047 238
1639 1891 180
28251 29878 272
26228 28512 308
3268 4241 238
5839 8302 262
8273 8818 234
31150 33539 285
30553 31735 285
1469 2206 180
31217 32002 285
20197 21533 256
8194 9700 260
5808 7320 262
22978 23882 282
5523 6204 262
20813 20891 256
1561 2080 180
14661 14773 271
4040 6452 262
27703 27830 259
27934 30210 272
8180 8860 234
18472 19636 274
17223 18352 279
16282 17881 279
6071 7362 262
27228 27291 246
10482 12580 268
31459 33842 285
28179 29460 272
18525 20820 274
19116 20369 274
11759 12744 263
15657 16257 253
9124 10041 260
14136 15703 271
32570 34079 267
31557 33140 285
3245 5567 238
14702 15272 271
18695 19481 261
27577 29011 259
4329 5751 236
25390 27257 308
8518 10881 260
31876 34081 267
13982 15835 271
13842 16188 271
23652 25843 264
13804 15215 271
26519 28212 308
1253 1440 177
14941 15766 271
27570 29216 259
21108 21508 256
18281 19919 274
31379 31793 285
4339 6790 262
17203 17826 279
11124 11998 250
543 1070 179
20255 20262 173
30212 31649 285
2630 3187 217
2311 3848 238
13441 15827 271
1074 2210 182
28178 29202 259
29791 30573 272
26116 26580 277
15617 16474 266
2367 4859 238
4568 4715 184
28716 30216 272
7573 8526 252
18985 20416 274
9127 10970 260
3800 5804 236
1414 2475 209
31556 31727 285
18522 20515 274
25631 27066 308
4967 6360 262
4940 6661 262
11688 12451 263
9587 11000 268
18037 19292 261
20092 21439 256
17888 18532 261
16065 18386 279
10573 11701 268
15090 17404 266
25360 26228 246
18972 20770 274
3030 3897 238
18622 20798 274
22068 23331 269
23271 24543 282
25975 27567 308
4057 4151 189
29687 31135 272
31627 33419 285
4611 6274 262
3671 3680 163
28227 30351 272
8391 8431 203
4502 6710 262
27315 27577 215
11830 12734 263
1642 3782 238
28501 30315 272
6717 6953 257
20059 22418 269
22136 23206 269
21442 22037 269
21233 23513 269
7652 9754 260
31391 32754 285
25929 28307 308
29030 29424 272
21506 21741 207
16900 19110 279
517 1165 182
17856 19616 274
17738 17836 186
31427 32364 285
30379 32475 285
19692 21906 274
32475 34889 311
1125 1239 182
24984 26071 264
5491 7132 262
7027 8986 252
23370 24921 282
12935 15223 276
31230 31246 254
7163 9107 252
32021 33124 267
2281 3410 217
23265 23649 282
483 2495 209
4069 4208 189
27021 28700 259
27676 28160 259
29984 31738 285
6115 7588 262
264 2531 209
8213 10226 260
17740 18747 261
12120 14045 276
13230 15159 276
3354 5717 238
27093 29201 259
31809 33005 267
33 1259 182
4671 5860 236
29954 30968 272
20686 21868 256
1656 3723 238
8482 10223 260
6837 6896 182
24162 24163 70
1764 2926 217
11720 13404 276
3248 4879 238
3822 4057 189
7044 8931 252
29924 31667 285
26999 27957 259
23189 23511 251
30899 33055 285
9440 9641 198
13003 14015 276
15704 18100 279
21673 23461 269
19455 19465 168
12644 13972 276
9720 10704 255
8125 8920 234
19155 21021 274
30 1577 182
5099 5728 236
116 1777 182
29939 30812 272
12170 13168 263
10814 12472 268
20156 21728 256
11021 11986 250
19333 20553 274
31864 33274 267
15619 16314 253
30320 30812 254
6625 8831 257
4004 4147 189
26853 28070 259
28751 31019 272
27830 29979 272
26703 27160 259
28407 29929 272
1135 3109 217
6607 6756 182
14245 16585 271
27326 29072 259
16231 16241 191
1427 3194 217
29849 31849 285
26327 27242 308
7532 8348 252
31096 31730 285
31818 32850 267
6297 7147 257
4438 4502 184
14318 15327 271
31025 33481 285
5612 6382 262
20603 22077 269
29679 30528 272
283 335 144
31769 33203 267
6851 7030 257
31598 32017 285
21245 22096 269
26109 27224 308
9068 9361 260
8336 8831 234
11482 11508 237
27206 27348 246
15906 17668 279
25765 25906 233
15036 15922 271
14226 16709 271
3017 3338 199
292 1466 182
28460 29909 272
21319 22049 269
29068 31511 285
12874 14245 276
12253 13637 276
21905 22955 269
7690 9921 260
14952 17190 271
6921 6989 257
22366 24259 282
15135 15409 240
19132 20503 274
155 1217 182
11312 12548 263
29166 30668 272
22628 24946 282
13936 15148 271
21000 22262 269
6550 7455 257
27270 29668 272
8691 9741 260
5498 7023 262
27122 27357 259
14571 16717 271
13122 14581 276
27721 29285 272
23206 23210 114
19238 20020 274
29513 31665 285
22179 23769 282
22321 24513 282
26846 28317 259
5219 6021 236
25450 26904 308
26616 28671 308
4888 6603 262
10679 12884 268
26401 26406 140
11404 12902 263
28744 28982 228
30768 31580 285
2303 2451 183
3390 4472 238
29258 31733 285
32256 33756 267
32440 33132 267
30384 32399 285
4778 5735 236
4733 6679 262
19601 20629 274
19234 20448 274
8423 10202 260
29864 29991 241
28635 30683 272
2482 4700 238
8127 9736 260
6385 8439 257
10433 10564 193
13865 15049 271
32129 32862 267
2589 2893 191
29703 31397 272
15688 17593 266
26085 26828 308
13055 13318 276
14658 16851 271
15910 17590 266
9004 10176 260
6385 6877 244
19086 20591 274
20583 20905 256
4207 5417 215
8537 10303 260
15229 16856 266
8363 10733 260
7706 9586 260
967 3283 217
21021 22951 269
16572 18575 279
15171 16442 253
22809 23948 282
2055 4158 238
13495 13995 258
19278 20597 274
17212 17454 235
23808 26256 264
7701 9342 260
30073 32507 285
12923 13467 276
23858 24395 251
7887 9763 260
26780 27360 259
6394 6952 257
5164 5261 179
13309 13312 170
23413 25497 282
18163 18222 248
26512 26818 308
3271 3306 137
1545 2999 217
1015 2011 182
15910 18039 279
16881 19041 279
13881 14028 258
20337 22621 269
28849 30091 272
9910 12048 268
2959 3277 199
4792 6276 262
10877 11566 268
27628 27840 259
2512 4402 238
5859 8102 262
26086 27473 308
24881 26050 264
28101 29237 259
113 520 144
10831 11062 268
21864 22345 269
17126 17625 248
20614 22293 269
11950 13291 276
30432 30478 210
6641 8284 257
1369 2550 209
4326 6645 262
9840 10910 255
25940 26823 308
12481 13892 276
6051 8152 262
8796 10575 260
21439 23758 282
20757 21976 269
32183 34623 311
25409 25868 233
21255 22855 269
16382 18499 279
26605 26680 308
7931 9534 260
1539 1977 180
11553 12176 250
23009 25423 282
24093 25595 264
6285 6624 244
3729 4194 189
23836 26264 264
4209 5790 236
23103 24838 282
22723 25017 282
12460 14554 276
26632 27837 259
32120 34040 267
4735 4833 197
31078 32572 285
27908 28394 259
15185 15418 240
15843 16475 266
28459 28900 228
17124 18368 279
25848 26878 308
25847 25975 233
25717 28204 308
29839 31367 272
26421 26970 308
15828 17538 266
11800 13499 276
8048 8677 234
10672 10710 193
18086 19308 261
31085 31218 223
14889 14977 209
2377 4700 238
25739 25793 189
27415 28952 259
8981 11276 268
2424 3715 238
21906 22343 269
15340 17261 266
5875 7102 262
25619 27955 308
15592 15780 253
7592 8019 252
10578 11426 268
18019 20493 274
15921 16255 253
24432 25435 264
22230 23783 282
590 1990 182
22235 23611 282
32417 32973 267
10533 12418 268
6339 6377 200
17822 18024 248
13380 15538 271
3467 4998 238
15579 16645 266
2369 4802 238
22249 23031 269
29062 30762 272
27790 28173 259
12164 14166 276
13100 13447 276
30025 31958 285
12090 12309 250
12630 14917 276
7600 9467 260
19513 19820 274
6176 7162 257
12188 14011 276
12223 13564 276
5333 7463 262
9057 10287 260
15970 18183 279
15765 16725 266
9920 11536 268
23422 23888 282
27344 28675 259
20291 21435 256
15887 18114 279
11623 12626 263
16379 17171 266
15304 15407 240
12460 13519 276
16990 19257 279
5567 5963 236
15483 17273 266
28699 29642 272
4540 5696 236
5240 5898 236
95 1916 182
18454 19887 274
17834 18729 261
7755 8114 252
32168 32797 267
8633 10331 260
24788 27030 308
1553 2204 180
19359 21214 274
23068 25246 282
3095 4372 238
5080 7220 262
13582 13862 227
14739 15214 271
21769 23308 269
23170 24710 282
19068 19435 212
9619 10473 255
20671 20887 256
9332 10676 255
104 2566 209
27393 28297 259
27628 29818 272
5469 7610 262
29632 29833 272
26214 27163 308
22818 24354 282
12163 14421 276
23604 25338 264
31698 33946 267
6877 7338 257
26703 29194 259
885 2290 183
3991 5723 236
19514 21962 274
13136 14655 276
29971 30046 210
106 2524 209
10512 10735 255
16950 17048 217
26116 27835 308
13104 14810 276
15823 17216 266
8659 9955 260
27579 28930 259
17184 19040 279
8890 10658 260
13535 15481 271
12666 14471 276
19157 19547 212
9427 10513 255
31553 32968 285
23695 24804 264
29783 32123 285
18681 20391 274
21775 22746 269
266 1914 182
24316 24759 264
25609 26947 308
6362 7653 257
4204 5693 236
7886 10018 260
16141 16734 266
26214 26646 308
2480 4629 238
1256 2430 183
10554 11247 268
13664 14804 271
3059 3276 199
31604 34051 285
10547 11343 268
8813 10637 260
6358 7258 257
10305 10740 255
22128 24400 282
32692 34041 267
348 714 171
25194 26374 246
3713 5435 215
25098 25501 264
26188 27460 308
3196 4587 238
20642 21171 256
19673 20714 274
5504 5667 236
1061 2107 182
13274 14568 258
16568 16892 266
15107 15270 222
5430 5560 205
20042 21570 256
13122 13589 276
1895 3899 238
21282 21917 256
21396 23207 269
1702 2132 180
9330 11039 268
18962 20454 274
3092 3957 238
9140 9751 260
2 2260 183
8732 11169 268
23341 24759 282
13026 13599 276
21141 22814 269
32424 33620 267
22020 23294 269
24804 25105 233
15648 17898 279
16170 18246 279
3182 4758 238
27997 29360 272
15908 16162 253
31027 33122 285
32664 33277 267
3187 5037 238
18312 20566 274
23609 24277 251
30061 30969 272
28231 28298 228
24227 24773 264
26638 27363 259
24689 25731 264
5749 6934 262
20204 20689 243
15345 15598 240
23563 25478 264
7117 8035 252
8540 10673 260
75 1200 182
2333 3243 217
8101 8452 234
17499 19862 279
17709 19440 261
6581 6778 244
9871 11039 268
19173 20751 274
25405 27173 308
25746 28221 308
127 1739 182
16436 17264 266
16674 16983 266
10840 12270 268
8452 9240 247
15751 17336 266
21424 22670 269
11203 11483 206
9834 11703 268
22614 24935 282
13193 14323 276
21805 22068 269
1069 2929 217
20303 20510 243
24533 25067 264
10996 12650 263
13743 16173 271
15898 17871 279
2546 3169 217
12127 14620 276
15517 16131 253
16382 18685 279
23576 23648 176
6330 8004 257
16516 17946 279
22921 25181 282
2351 2516 209
15495 15938 253
16874 16907 204
27024 28815 259
16451 17092 266
12260 14165 276
10954 12144 268
1383 1976 180
4264 4423 215
13671 14081 258
26505 26959 308
7901 9531 260
5087 5779 236
22697 23452 251
1554 2002 180
6325 7732 257
20668 23167 269
11814 13026 263
9400 11497 268
24569 25566 264
31372 33434 285
23488 24142 282
19391 20487 274
1208 3065 217
31626 32800 285
25211 26051 246
3680 5577 238
32660 33612 267
20430 20700 243
23480 24637 282
17944 19422 261
23674 24028 251
23339 25340 282
32448 34539 311
17331 17447 204
3373 4719 238
30343 32785 285
32682 34946 311
10814 10972 268
18998 20249 274
2491 3100 217
16615 16879 266
24914 25797 264
9697 11450 268
28872 30667 272
31890 34208 267
13468 15142 271
28473 30138 272
215 429 144
18014 18406 248
18065 19251 261
11044 13522 276
13526 14061 258
21249 21699 256
12753 14031 276
17520 18055 279
18992 21039 274
689 2500 209
10565 10601 162
22434 24469 282
17156 18101 279
26888 26938 228
22429 24075 282
15146 15255 209
