5384 3887 215
6778 1916 262
4794 5336 210
2387 6493 262
5650 3422 238
3363 4028 238
8691 2060 262
7764 5927 262
6541 6427 200
6173 3737 262
4212 369 238
6568 430 262
783 531 171
1863 7124 262
6068 1136 238
3930 8803 262
5023 8059 262
8070 7168 252
4394 1457 238
2012 1043 182
2230 5374 238
2422 1920 183
4785 7538 262
5199 2325 238
2316 2371 183
3414 6527 262
92 981 179
6957 874 262
7863 6171 262
7997 2282 262
7306 2926 262
2085 3328 217
8337 7506 252
7847 3730 262
6314 858 262
2125 5896 238
3583 4546 238
7815 8368 252
435 1365 182
8044 2751 262
1088 8809 262
277 1179 182
789 4585 238
8404 8652 203
1755 7400 262
1933 61 182
7677 1369 262
740 7013 262
6227 8587 257
8095 3540 262
6796 7571 257
435 1379 182
468 5602 238
7098 903 262
4318 3493 238
3653 2757 217
3302 1281 217
1287 1442 177
5866 690 238
7445 7620 208
5441 6730 262
5032 4118 215
8098 5772 262
8482 2676 262
2710 4928 238
3568 6857 262
3498 1354 217
5587 3966 236
4307 3684 238
2220 8625 262
4529 5872 236
8733 7830 252
4504 1020 238
271 1369 182
1709 7716 262
6341 7150 257
2797 8724 262
8619 8246 234
2847 5452 238
1922 5556 238
1380 5489 238
765 2229 183
6842 6351 244
6194 8501 257
1035 5765 238
8125 2915 262
8988 7857 252
1744 4492 238
6228 8366 257
5860 7937 262
4433 552 238
3438 7229 262
276 408 144
6475 3122 262
5859 8396 262
6030 7238 262
2236 6794 262
6819 6429 244
4144 4012 189
5929 2530 238
777 2405 183
5444 764 238
7614 4539 262
2607 4841 238
3905 5819 236
1129 5689 238
6370 1918 262
3918 3997 189
2325 7744 262
4471 8184 262
4491 1500 238
3773 6726 262
5645 1591 238
1506 7140 262
2955 4787 238
670 1083 179
4543 3465 238
8198 508 262
5356 1805 238
5349 6612 262
7623 3829 262
3300 2344 217
5747 4569 236
6341 5423 262
3312 1811 217
4606 7802 262
662 5731 238
2879 6306 262
7321 1737 262
4445 7627 262
6523 2466 262
8709 8417 203
3283 5259 238
8925 8638 216
7063 2625 262
3601 3037 199
6453 6900 244
5380 551 238
2469 72 209
5974 3132 238
1882 7931 262
1934 8895 262
4661 2164 238
6200 2982 262
3900 7997 262
7960 7774 221
7814 7669 221
7191 2096 262
3927 4467 215
8085 8341 203
7091 2685 262
2377 4543 238
6937 5108 262
2446 6757 262
5180 8419 262
888 4413 238
7349 173 262
1660 3010 217
2337 5211 238
3343 3588 194
4207 2302 238
8714 373 262
7322 4256 262
8820 8600 216
8722 7905 252
7940 6812 257
7941 7668 221
8706 3229 262
1128 2151 182
985 3659 217
7921 8225 252
5423 6270 262
8397 7082 252
6631 8085 257
3293 973 217
2673 4851 238
626 2386 183
5223 5300 192
6641 5043 262
4899 3714 215
1299 1191 177
1525 6591 262
6210 7582 257
820 7337 262
733 8156 262
1995 6005 238
7380 4770 262
3274 6777 262
2851 7256 262
5861 6143 187
5580 5885 218
1994 6206 262
5622 4568 236
2505 614 209
6962 4755 262
4327 8260 262
5945 3203 238
3203 507 217
1785 4022 238
7843 8869 252
529 7190 262
5873 7909 262
2959 6499 262
3037 5809 238
4754 6249 262
304 1334 182
3134 8649 262
4891 8755 262
1568 4747 238
369 8530 262
501 2047 182
7789 3798 262
5250 1991 238
4304 7034 262
3364 498 217
4254 3893 202
7687 1126 262
153 7997 262
4976 3189 238
2158 730 182
437 2461 183
8415 922 262
8461 4305 262
7029 1028 262
51 4749 238
557 6903 262
6795 5698 262
1700 3044 217
5040 6003 236
7429 8404 252
6501 2682 262
648 2539 209
1160 7152 262
1536 6135 238
1340 3693 217
4216 8128 262
3505 3630 194
50 2965 217
5286 4430 210
1344 5336 238
178 1901 182
3239 6972 262
4950 2290 238
7368 989 262
8293 5796 262
6744 3145 262
5830 7391 262
5683 4341 236
5542 4570 210
7827 4233 262
8262 3043 262
3361 118 217
4024 762 238
3082 310 217
5191 4426 210
2997 5368 238
3678 6235 262
691 8627 262
8525 8058 234
615 5169 238
2206 7359 262
8313 5387 262
3101 2347 217
727 5995 238
6917 8553 257
7579 3530 262
8947 8291 234
3648 3971 238
52 4081 238
1632 2594 209
5858 4628 236
5313 6887 262
8215 3356 262
6513 5091 262
2413 4480 238
7611 1970 262
190 4275 238
7356 642 262
6621 5434 262
3988 1889 238
2339 2567 209
2771 2285 209
1857 6418 262
3607 8261 262
7850 5238 262
8206 2060 262
7218 4519 262
8946 3784 262
7874 6459 257
8874 7638 252
8290 7484 252
608 8479 262
2758 5315 238
6472 6730 244
8101 1460 262
8619 1439 262
4026 2389 238
1075 3234 217
6158 4682 236
2494 2359 209
7271 1700 262
4418 2840 238
3570 4364 238
6623 8795 257
8174 3848 262
7432 7463 164
8683 5391 262
4293 8792 262
8058 8116 190
6522 7158 257
575 3492 217
5948 1952 238
3232 7022 262
2538 6741 262
55 5031 238
99 7326 262
4082 4517 215
7517 5003 262
6232 5140 262
4797 5405 210
6339 581 262
1219 6022 238
5971 2863 238
5813 2380 238
1978 686 182
537 8905 262
4177 6484 262
8208 4760 262
1858 1745 162
2500 1912 209
4128 8951 262
237 5561 238
1819 5106 238
1564 8050 262
1245 3712 238
1806 4935 238
4292 376 238
1956 7615 262
590 7769 262
994 8919 262
5806 7883 262
8823 983 262
2718 8031 262
3094 4575 238
7127 5594 262
6487 2254 262
5544 4075 215
7815 4714 262
180 378 144
3763 7776 262
4089 2920 238
3711 5733 238
3295 3018 199
4347 1236 238
8138 2692 262
1154 4944 238
1574 7329 262
5926 4292 236
3711 19 238
6218 1837 262
2964 1056 217
4091 5859 236
5131 2905 238
1572 2662 209
634 2686 209
7790 2074 262
5605 8852 262
7806 6251 257
2869 504 209
7486 2007 262
3196 8640 262
6950 2121 262
6968 1227 262
3764 1678 238
7597 982 262
866 1561 182
2037 4956 238
4771 4519 197
5212 6343 262
4533 3197 238
6380 3322 262
5271 2985 238
3173 1428 217
235 6041 238
8284 5073 262
5399 8831 262
2064 3348 217
1951 31 182
4574 5715 236
8060 523 262
4048 8925 262
2083 3436 217
2233 4205 238
7955 7444 221
7899 3487 262
1641 5279 238
4160 4263 202
8263 4684 262
3042 5849 238
1724 2325 183
8273 7123 252
2155 1336 180
7822 1458 262
1366 748 182
7172 6777 257
1270 2219 180
6702 704 262
5654 8934 262
4908 1960 238
4729 3807 215
2798 3721 238
85 4309 238
5335 5699 236
8992 8377 247
8899 1716 262
8053 8172 190
6190 7560 257
507 5011 238
17 8225 262
3110 4540 238
6001 4379 236
4110 1054 238
5082 7115 262
7339 990 262
6427 3068 262
2148 224 182
6788 2232 262
4533 3123 238
5282 1876 238
8851 5180 262
3591 5255 238
4351 7132 262
3814 4858 215
495 1182 182
4082 3604 238
5721 7434 262
7983 7182 252
8488 1416 262
5297 6826 262
2405 2723 209
893 4552 238
298 5033 238
4135 2182 238
5507 416 238
4058 2709 238
5596 5000 236
7963 7298 252
484 2777 209
3155 978 217
1310 4588 238
1933 4383 238
3022 7267 262
2564 8861 262
8683 5212 262
6686 2087 262
5286 4931 197
3991 5584 236
7315 5477 262
5117 3821 215
5893 6526 262
6529 8840 257
2526 5491 238
7137 361 262
5619 7644 262
1338 6929 262
583 622 132
2311 956 183
7889 2226 262
816 7571 262
7438 4854 262
7009 3723 262
784 8351 262
6658 8098 257
4828 127 238
270 8072 262
6652 4150 262
7911 6529 257
640 3399 217
6889 3611 262
8394 5578 262
7891 8977 252
6200 7553 257
932 5088 238
778 8100 262
3658 5567 238
3953 8018 262
6642 4736 262
7369 4299 262
1185 3196 217
1777 7806 262
2267 8429 262
2955 7529 262
3309 3594 194
8279 1198 262
4556 7673 262
6775 3446 262
5001 1326 238
1998 3284 217
6413 128 262
2383 7422 262
5694 6335 262
6440 3335 262
8422 2160 262
4986 6958 262
5355 6762 262
5763 4973 236
3542 8717 262
853 6851 262
663 6483 262
5400 5218 192
5155 3174 238
6016 7507 262
1852 5365 238
1791 8264 262
5492 4173 215
4038 8538 262
7860 7829 177
2872 7281 262
988 7857 262
2591 6342 262
2971 8353 262
8666 6512 257
8070 518 262
4362 6084 236
4352 7113 262
2301 507 183
7639 5668 262
5365 490 238
2033 7155 262
6105 4876 236
8680 1142 262
4413 7539 262
8970 4637 262
3171 957 217
845 5761 238
4650 3815 215
2466 4315 238
1327 7887 262
2184 3040 217
4970 6536 262
1153 4622 238
4394 8791 262
1290 7110 262
6632 674 262
5265 3736 215
5549 2296 238
4878 7314 262
834 2199 182
2950 1356 217
3156 3794 238
4469 5157 210
4961 6934 262
6824 6287 244
3172 6359 262
6678 8141 257
1246 5182 238
3762 2991 238
2324 5051 238
1101 8955 262
3076 6365 262
1043 8625 262
8660 5920 262
4290 6845 262
5470 7239 262
5552 5977 236
8384 1020 262
2134 4344 238
5305 8957 262
7982 8476 234
3667 3012 199
4968 4913 210
8193 8730 234
7903 7869 190
2132 3 182
5175 5208 179
3719 6217 262
2184 3378 217
488 6473 262
7574 5958 262
2063 4126 238
2934 7798 262
2497 2419 209
3142 5154 238
8727 8475 203
1981 3394 217
2486 6949 262
8306 8031 190
4030 4560 215
6899 6161 262
4563 425 238
8720 8281 234
6642 1903 262
11 4481 238
5727 7584 262
7790 5141 262
2709 1724 209
3939 2558 238
1494 4432 238
7711 1221 262
3906 691 238
4614 6392 262
7639 1271 262
5422 2668 238
5830 672 238
6181 7744 257
1096 5900 238
7025 5089 262
5155 4387 210
570 8233 262
2970 5711 238
4374 3031 238
7434 5664 262
5588 6280 262
1095 1650 182
7500 2352 262
2340 465 183
8743 7331 252
8087 2516 262
7350 4916 262
3187 1882 217
1012 1635 182
5134 5388 192
6723 1288 262
774 4644 238
520 3743 238
1355 2245 183
4125 6140 236
5260 7064 262
3419 6354 262
8713 8270 234
8706 8405 203
8734 5800 262
6735 7820 257
8316 2436 262
1088 8854 262
1670 8451 262
1488 6803 262
4838 5563 210
8090 5611 262
1206 5961 238
6705 8912 257
5558 1830 238
3404 1817 217
8893 6822 257
5523 8606 262
3444 2580 217
5362 529 238
8379 448 262
5701 5046 236
2883 6788 262
4900 4552 197
3590 6387 262
2354 8427 262
2949 7795 262
5037 1507 238
2108 93 182
1418 7665 262
1922 4821 238
481 8167 262
8995 3355 262
5124 3438 238
5934 1485 238
1318 5313 238
1932 7018 262
7710 2166 262
2157 3609 217
4070 5746 236
996 6423 262
5172 1296 238
2570 7560 262
2802 4677 238
7653 1572 262
3341 6926 262
3744 1173 238
6092 1090 238
4528 8567 262
1879 7813 262
1051 3197 217
4125 334 238
1214 187 182
2500 3371 217
3795 6569 262
116 2142 182
1343 2640 209
3438 1264 217
1199 3591 217
5940 6203 262
2514 6632 262
4129 6258 262
7805 7572 221
7347 684 262
7139 226 262
8496 5541 262
3422 973 217
3227 4635 238
1159 5726 238
5357 4953 192
646 5473 238
4447 8340 262
8112 7884 252
604 6662 262
8826 6543 257
1217 2340 183
4175 5345 215
8597 331 262
1268 4295 238
1014 5758 238
4520 6861 262
8651 5293 262
7833 2877 262
7280 8991 252
5954 3636 238
2296 6599 262
108 6742 262
5938 5571 218
2977 6541 262
585 2802 209
4084 1801 238
2493 5610 238
4497 8441 262
5940 5764 218
3736 4305 202
8874 5607 262
2165 8524 262
8252 7350 252
8752 6531 257
7340 5705 262
1166 6987 262
3303 7626 262
2080 6592 262
1548 2408 183
1485 2132 180
2562 2920 217
3932 5054 215
8529 8428 203
4495 2820 238
2544 5582 238
7124 8769 252
2188 6640 262
5644 1439 238
4989 5395 192
5321 681 238
2099 6487 262
5019 2753 238
2464 7099 262
6696 4011 262
506 8180 262
6143 3067 238
2099 7426 262
5473 7979 262
6854 967 262
1798 6749 262
6548 6273 200
6517 6087 262
3913 3160 238
4878 8901 262
8554 1198 262
6933 8004 257
5036 2952 238
8108 7499 252
1050 3155 217
8862 7907 252
2335 6004 238
8326 1785 262
4429 4798 197
764 8634 262
3116 2561 217
6382 7015 257
6186 3898 262
4101 1098 238
4409 6330 262
7350 1314 262
4880 2635 238
317 915 179
5586 5776 205
5766 3987 236
8931 5627 262
2893 8617 262
2630 8570 262
7753 4410 262
4367 8516 262
1396 4834 238
8429 7777 252
2848 5614 238
27 4301 238
4063 1787 238
1630 8764 262
3101 6509 262
2398 3417 217
4776 7983 262
6545 1541 262
321 3827 238
4519 566 238
795 4500 238
135 8547 262
8909 1854 262
8063 1304 262
6687 4843 262
6433 535 262
7808 3811 262
4835 2870 238
5597 3816 236
8985 8697 247
1325 2383 183
466 3452 217
7717 4362 262
2344 8038 262
8188 6862 257
8603 8982 247
2361 6089 238
5880 8621 262
7942 2294 262
925 5629 238
7136 4709 262
6163 5943 187
5871 1997 238
6164 2467 238
5812 3501 238
8516 4488 262
3235 6333 262
5291 1951 238
1694 7634 262
7340 881 262
5495 4294 215
7214 7855 239
1383 1445 172
7476 324 262
3739 5752 236
5952 1874 238
7812 466 262
5169 4682 210
8814 8684 216
4500 2978 238
536 4015 238
7465 3770 262
1347 1108 182
3073 392 217
8741 1412 262
7624 2588 262
3058 5837 238
7794 4440 262
7282 3621 262
2115 8372 262
372 5419 238
7597 5535 262
5884 3765 236
7568 5698 262
801 3068 217
8675 1336 262
4434 4491 184
2458 3133 217
2950 5530 238
3524 2691 217
4293 2148 238
2630 7350 262
5336 1423 238
141 969 179
5044 2256 238
340 2767 209
5026 7937 262
5654 8261 262
53 4221 238
4958 7205 262
7288 1984 262
8541 2722 262
3827 1998 238
3206 4128 238
4879 6729 262
4170 171 238
6228 6799 244
7521 2564 262
8222 7661 252
884 1617 182
7268 1224 262
4383 3293 238
6512 1036 262
2554 6564 262
2609 4863 238
4769 896 238
4199 1661 238
969 5377 238
1010 4174 238
504 5888 238
8255 4674 262
6058 5482 236
8824 1930 262
5397 8045 262
6943 6281 257
7013 5210 262
4856 8748 262
5855 2367 238
7135 5760 262
6282 743 262
7974 8402 234
1639 3172 217
7414 8959 252
5900 8423 262
1485 3756 238
2662 7091 262
5781 6072 218
924 5604 238
8001 6321 257
2001 5943 238
953 13 179
8505 5808 262
8760 5359 262
5526 6895 262
2118 159 182
7637 1091 262
8561 6627 257
1615 6974 262
3938 4866 215
3749 5422 215
8621 6410 257
864 5401 238
833 1787 182
2005 8834 262
5459 1357 238
3128 6411 262
1369 2632 209
570 1129 179
5342 3447 238
5375 7459 262
3606 4011 238
5902 3166 238
7990 4868 262
7491 2927 262
733 2239 183
5700 6706 262
6001 6563 262
458 6833 262
8349 2462 262
4018 4808 215
1170 4498 238
8570 2539 262
7129 140 262
1019 3471 217
3586 6393 262
8281 4543 262
7755 2534 262
7708 6744 257
7401 3551 262
7022 5486 262
5789 3721 236
3191 141 217
7635 3648 262
4326 6984 262
3462 5695 238
143 4631 238
1192 6064 238
4521 8321 262
3555 5539 238
143 4493 238
2931 8423 262
35 1686 182
8309 5095 262
5781 6709 262
8645 3803 262
546 2785 209
7523 1088 262
2926 6158 238
4736 4603 184
1493 5549 238
1297 7987 262
7531 8841 252
5050 3052 238
5513 5957 236
8590 5655 262
1449 8873 262
2429 1483 183
1558 8089 262
6577 7338 257
5798 6221 262
2140 3695 217
6 7015 262
4783 283 238
1524 6870 262
2237 3016 217
3418 885 217
8354 8300 234
725 1755 182
2351 6237 262
7711 8293 252
243 159 128
8165 24 262
1642 722 182
8112 5570 262
5411 2261 238
2791 4903 238
5956 148 238
2917 8090 262
6782 4440 262
5959 18 238
4807 376 238
902 1512 182
8675 7979 234
3266 8378 262
2567 1977 209
7670 162 262
2135 6834 262
