1 1 1
1 1000000 525
1000000 1000000 153
10 20 21
20 10 21
356508 561112 470
662446 517101 509
971672 80293 525
409849 479460 449
799253 182774 509
605023 683399 509
416951 843379 525
759086 386594 509
385715 234128 443
819068 989431 525
863579 78677 525
617754 844066 525
688444 327331 509
747641 232944 509
292398 266534 440
895647 999401 515
90748 307201 443
135805 344289 443
930322 239287 525
205159 947904 525
841914 188730 525
281381 508036 449
276844 610273 470
447656 768328 509
90655 664761 509
248705 346159 441
228829 455144 449
439901 262572 449
22387 990778 525
576722 379513 470
814245 52550 509
268071 560164 470
789965 53160 509
103449 376478 443
743799 41733 509
151994 156577 383
555915 62525 470
266312 895483 525
956047 545296 525
489541 905828 525
110434 56634 354
512499 128014 470
798901 286792 509
152515 30465 375
181126 307486 443
191268 216966 386
494930 764446 509
80003 350847 443
764680 128925 509
181495 440484 449
193347 839465 525
648544 134877 509
554199 219909 470
726819 256127 509
469911 484269 446
869817 849746 452
906551 997446 515
245095 865912 525
818753 641984 507
498282 437419 446
242507 77840 443
458239 521012 470
198710 957420 525
938726 938357 295
73003 496260 449
171414 977999 525
218550 673889 509
971527 238587 525
101945 842716 525
523742 451697 470
275014 951405 525
668158 992527 525
236063 579265 470
966091 316585 525
246521 311768 440
401400 307141 443
414747 389586 449
939082 338147 525
253600 808984 509
154953 941977 525
161427 470632 449
275053 858243 525
956009 252185 525
359485 73893 443
35395 704138 509
791883 381687 509
736904 842180 525
252934 933525 525
546837 694996 509
102367 315345 443
367644 46705 443
338091 212821 443
602996 492806 470
827197 996361 525
89677 57175 351
10847 611934 470
442687 531689 470
729236 375979 509
742371 67462 509
605088 630131 509
339871 499970 449
702744 326911 509
249665 685442 509
850860 376656 525
931200 201436 525
543638 978531 525
399766 480019 449
197890 543601 470
956241 501450 525
521032 366685 470
733705 354042 509
699777 574839 509
254808 391791 443
849107 748096 525
985608 136489 525
116968 933515 525
919724 607385 525
120007 786693 509
707605 154218 509
180731 827192 520
145286 702730 509
716996 797310 507
197358 514405 470
530190 476494 470
805197 405741 509
771392 324232 509
915731 389924 525
964980 712887 525
564787 452595 470
32926 232659 443
114897 747676 509
23045 932626 525
568384 975104 525
162369 976565 525
761448 363664 509
921747 748508 525
554035 756462 509
304752 741121 509
402690 307828 443
596781 812180 509
287358 162160 443
418982 227501 449
335788 273705 422
689438 766736 504
983559 590372 525
784800 22607 509
792053 645797 507
109237 133132 349
719086 635468 504
90962 952642 525
511393 616534 470
40535 615749 470
348415 795912 509
392451 134584 443
240683 715943 509
861289 751047 525
804941 915657 525
639756 536208 509
584205 153026 470
628264 117333 509
500997 927941 525
334933 818776 509
875930 129075 525
935753 854489 515
529509 334526 470
549498 642059 509
702813 576688 509
234070 855238 525
826931 589648 520
203557 141680 383
261676 432563 449
741365 695948 504
662605 624125 509
364590 417156 449
806361 448761 509
105202 707584 509
892752 988668 515
426480 415215 418
587970 828649 520
527670 925650 525
108772 622178 470
170891 153618 383
689234 707521 504
136810 302268 443
363717 456474 449
572903 492985 470
224316 159343 386
536860 744693 509
921792 651448 525
334378 599097 470
627837 31478 509
209462 860594 525
968176 352442 525
601671 8052 470
981625 828070 525
392193 643271 509
642135 551537 509
553949 854949 525
522535 439695 470
567649 156833 470
509807 122883 449
95175 542229 470
219685 911983 525
502274 60115 449
357813 829393 520
566880 573591 377
677040 432545 509
216627 481738 449
612863 199908 470
646322 549522 509
182186 83411 383
478331 631404 509
413 316932 443
29819 585453 470
397329 936653 525
133407 646688 509
813876 557938 509
376273 118402 443
889784 534808 525
24855 259908 443
183699 786774 509
753941 241242 509
611690 140074 470
246160 597622 470
485693 740340 509
38760 902619 525
918379 384260 525
878152 616934 525
462179 408291 449
913307 925962 515
433932 285200 449
541045 754635 509
398836 496699 449
670884 288670 509
297770 277734 422
600841 255171 470
643957 162693 509
268586 258621 407
642357 957625 525
924196 950484 515
600630 570238 434
235 341127 443
385003 507684 449
993143 966878 458
39256 861016 525
401273 400474 387
675684 503516 509
111334 196563 383
604416 117598 470
920061 243606 525
159588 875697 525
392131 335763 443
661742 87984 509
798841 518146 509
688765 520904 509
497404 774945 509
682226 570228 509
333821 396243 443
775253 628826 504
498493 748104 509
336583 652467 509
955469 73153 525
75787 358017 443
950672 795361 525
733764 270292 509
208022 929322 525
324529 170923 443
442836 51619 449
584905 39632 470
987215 599258 525
359039 676480 509
866570 924853 476
443842 763028 509
995546 770816 525
833716 642917 520
996529 612360 525
847081 916141 476
410386 4513 449
277216 35293 443
729977 644173 504
185265 35600 383
369327 363055 361
983534 384943 525
70292 776458 509
183987 407960 443
88107 603034 470
698398 715433 504
95741 550368 470
146043 299501 443
468483 336696 449
316469 358044 441
464140 173564 449
391247 734497 509
386509 941356 525
281695 193688 443
401149 947255 525
839810 319629 525
428707 300924 449
282332 649650 509
557128 842311 525
921294 869610 476
64916 216251 383
257257 999170 525
65268 672926 509
173227 856934 525
787778 777801 507
492745 928015 525
387389 322763 443
115358 643741 509
631113 40873 509
727982 794436 507
901795 68547 525
12320 725963 509
83810 186242 383
408587 801817 509
898522 311861 525
413790 386670 449
161133 604499 470
851634 595740 525
485711 874030 525
125742 392962 443
964692 42551 525
965032 840238 515
749681 490178 509
258202 456322 449
734096 979524 525
582743 727556 509
830446 555354 520
396912 27230 443
647557 760482 504
492776 587418 470
535517 827168 520
613159 404600 470
166766 702049 509
647929 602220 509
368190 246359 443
244502 355719 441
359791 343972 441
771677 483691 509
369782 686862 509
481361 674722 509
482752 800433 509
40655 308596 443
861075 580718 525
54851 948043 525
21957 288955 443
964843 517390 525
399596 223492 443
709890 403994 509
74715 599526 470
26125 176486 383
857714 120652 525
439062 985143 525
874011 194765 525
315272 915169 525
457504 857650 525
109398 457777 449
755304 694078 504
998622 439726 525
718445 972565 525
220394 717928 509
869468 78508 525
525105 523505 364
547869 166845 470
375323 613792 470
545144 191923 470
125858 376892 443
466038 658000 509
393700 435600 449
619570 815845 509
814114 442417 509
949829 607325 525
795509 532941 509
900758 765538 525
987322 62396 525
185321 90913 383
703728 588483 509
949646 553369 525
935800 310187 525
142266 688244 509
458426 761684 509
953117 906865 515
519568 86350 470
52713 339512 443
144320 742400 509
417590 144146 449
820304 122642 509
230601 305700 443
769568 790179 507
974159 800570 525
966707 104778 525
321120 896613 525
971673 707148 525
931048 899492 515
368943 445141 449
162564 182259 365
485512 539640 470
495294 365447 449
632011 930512 525
752534 439164 509
985994 773818 525
12076 872415 525
295418 825857 520
179130 663031 509
469039 242322 449
561978 42289 470
966712 876862 515
466156 739440 509
980193 280472 525
174640 642163 509
112038 986761 525
975562 630681 525
228612 889421 525
918926 127862 525
675346 810552 507
685957 140848 509
360256 112802 443
971126 790572 525
959404 130372 525
642933 322290 509
384845 640760 509
499280 788917 509
491170 427092 446
791332 299767 509
213402 706847 509
917574 879699 476
26718 504881 449
201716 112463 383
550469 238649 470
604410 322399 470
343368 876233 525
206825 57475 383
333075 963280 525
257263 464002 449
714725 622666 509
877944 621840 525
638762 709751 504
743069 52538 509
325908 55557 443
337488 320873 384
505861 884715 525
348932 589294 470
290484 401042 443
694196 222217 509
373235 948555 525
56779 898967 525
65423 638946 509
581145 460865 470
920434 114436 525
12048 215590 383
698874 61914 509
263042 322490 440
424953 601881 470
635567 521211 509
181415 42536 383
600340 315578 470
626904 662740 449
187355 905548 525
479969 168516 449
964260 807374 525
300103 901383 525
748702 302907 509
130388 128514 344
903420 361421 525
297383 373606 443
288409 884528 525
733498 620105 509
332412 120741 443
637445 314117 509
31409 256206 443
251159 785626 509
834711 580326 520
144668 879033 525
408493 652473 509
584727 77921 470
191329 183376 360
296174 990757 525
625322 638786 509
441242 24011 449
639222 666683 449
169659 531183 470
672927 41775 509
416447 492240 446
930501 632321 525
889828 631071 525
393495 72135 443
588394 164596 470
745889 247391 509
826956 785725 520
19310 977969 525
871022 5639 525
665295 386954 509
189775 81915 383
68903 667364 509
505108 981760 525
889107 965940 515
626058 532480 452
64252 597612 470
279986 955558 525
306239 538026 470
146502 518345 470
341229 388498 443
289294 273454 422
722516 164534 509
981731 475190 525
824777 466245 520
129623 149258 375
175799 68340 383
568646 502634 470
822235 975260 525
508960 643341 509
311927 806635 509
768613 610639 509
389772 350509 443
850416 547364 525
770530 416715 509
710515 772186 468
120862 792191 509
552017 927948 525
502882 196591 449
741099 39019 509
548057 824737 520
160522 737021 509
171034 152758 383
235198 783629 509
985594 694968 525
801709 976175 525
710602 678940 504
964827 104630 525
587420 64820 470
55270 744084 509
421898 477324 444
50267 131815 354
560064 457711 470
834243 657809 520
418434 644874 509
716128 285966 509
841697 250976 525
137332 295376 443
587753 350452 470
676059 671036 385
223476 22206 386
240108 870402 525
28971 426863 449
423242 274461 449
754616 69878 509
179690 541633 470
228980 746983 509
276012 827273 520
838597 484475 525
842397 620225 525
839167 440104 525
948290 590985 525
366542 884253 525
443276 18921 449
637794 554068 509
93011 585678 470
356715 793290 509
439912 246626 449
142387 337783 443
511186 208846 449
635951 72950 509
248018 577653 470
532454 747136 509
875499 372269 525
887247 466440 525
148466 230882 443
115675 139954 344
215578 344374 443
465667 152715 449
989090 505693 525
497818 991682 525
104375 232379 443
376022 393664 436
479878 524074 470
832003 626432 520
261456 279640 440
10480 804851 509
856272 942285 515
364383 777777 509
892180 114566 525
961218 820933 525
371122 15894 443
215041 735915 509
441588 480117 444
658271 96184 509
809610 838741 525
566007 155154 470
648512 503922 509
633042 294247 509
87771 458581 449
531067 132326 470
303186 360267 441
779736 563483 509
313616 48076 443
485174 160726 449
600091 719583 509
410384 281458 449
910694 37794 525
858535 53742 525
151763 348304 443
275908 82450 443
893499 848606 452
928807 218888 525
611207 694189 509
19296 360850 443
799234 626905 507
76121 519171 470
714894 774475 468
359726 705112 509
254218 945783 525
244547 209246 443
964724 257630 525
691233 570491 509
228926 698494 509
711148 710956 274
419715 935047 525
128553 887110 525
745049 661274 504
58316 585028 470
891845 715496 525
71084 321943 443
791372 41350 509
187141 310358 443
300701 501509 449
295953 486946 449
104348 501413 449
219215 520925 470
435023 68252 449
388146 966485 525
142812 582884 470
896931 504816 525
620598 865557 525
451916 490449 446
975925 645199 525
654681 334555 509
557091 281630 470
103397 987671 525
534729 66352 470
672624 576588 509
289112 674808 509
687899 363709 509
2695 30958 308
20922 417217 449
383767 925632 525
113483 449182 449
445306 828869 520
37233 790891 509
190820 143279 383
83331 268353 443
222715 789113 509
920881 725732 525
390034 199824 443
626501 104856 509
858 923598 525
686815 55166 509
594408 786536 509
491231 863336 525
663881 218055 509
456538 613241 470
10774 338408 443
426730 176678 449
358980 672198 509
171590 40282 383
14220 948159 525
294973 271982 422
7782 278101 443
869684 2262 525
45790 207115 383
797998 994692 525
742723 78556 509
559145 144557 470
908070 450108 525
535345 233466 470
555850 478501 470
594394 636073 509
980844 301828 525
786959 743842 507
351368 465706 449
925482 488852 525
737541 923755 525
245334 233126 381
401092 842354 525
683188 169779 509
351225 204968 443
337558 344903 366
968366 110985 525
739141 148709 509
368457 338922 443
279059 635113 509
827032 573088 520
178615 66341 383
132791 546701 470
776891 283190 509
557880 972785 525
541394 56425 470
123023 631113 509
171679 181889 365
934655 71827 525
7972 28228 308
827464 368308 520
136214 302861 443
862277 90832 525
366267 480428 449
417572 988106 525
455438 746422 509
205949 612177 470
314387 942296 525
485907 329429 449
592221 7716 470
861012 162839 525
415860 613658 470
660162 268506 509
582323 653669 509
882647 116277 525
580807 869426 525
469886 495122 446
717571 334762 509
550271 433418 470
696397 243704 509
542202 590894 452
446230 599435 470
949619 359881 525
925044 294327 525
492045 516984 470
264178 829152 520
527177 949299 525
427864 484133 446
22835 689762 509
734788 834322 520
882663 569598 525
664580 332981 509
183436 376509 443
27847 503776 449
755342 741815 424
491689 146245 449
402155 418846 449
63243 653835 509
211593 619470 470
23730 974063 525
640756 885901 525
292184 545789 470
629039 691505 449
608780 722160 509
216468 160189 386
536384 516093 439
835019 743085 520
891897 433128 525
213746 33057 383
148961 568926 470
768113 357394 509
436775 657921 509
992050 439524 525
70190 736414 509
667249 491483 509
602253 598231 403
268918 481450 449
130991 774373 509
915200 162236 525
511425 453831 446
442257 281010 449
363492 437521 449
153387 992804 525
802854 214945 509
25804 265940 443
649312 657572 429
708590 644168 504
889269 700423 525
225600 104176 386
559690 365482 470
588340 319957 470
964277 591831 525
586114 912507 525
954164 595809 525
690342 688757 336
980393 530685 525
739202 682735 504
804666 958980 525
919591 561628 525
399452 298162 443
618287 872571 525
100209 775060 509
457635 873176 525
392470 645069 509
515147 299084 470
941369 165416 525
30233 963565 525
371534 605072 470
324072 316588 371
518595 571695 452
315250 852709 525
959589 901360 515
620178 183970 470
914076 877132 476
387460 17661 443
222098 73591 386
541577 39433 470
842963 598814 525
51572 485578 449
885259 438586 525
351795 164874 443
984684 503598 525
523180 438702 470
531554 257339 470
736963 119886 509
520688 174900 470
30691 750800 509
72106 176366 383
395485 449771 449
191628 961584 525
326381 526439 470
352443 758404 509
812632 339926 509
208582 94950 383
979120 289343 525
354277 647753 509
516051 73156 470
332431 737605 509
939928 359675 525
981821 566236 525
803523 833880 520
37980 427325 449
205648 488014 449
786281 118325 509
175376 222349 386
9776 954425 525
167559 508104 449
367502 252109 443
588709 227022 470
686375 519870 509
119132 996770 525
398508 306759 443
774515 318969 509
607591 427531 470
654764 596113 509
172492 240539 443
890963 615976 525
567159 547179 421
345974 480589 449
70712 2485 340
469048 569280 470
107202 753232 509
380048 653206 509
351358 868346 525
21141 815750 509
219586 632983 509
340120 94856 443
357221 899423 525
507085 17667 449
932679 73446 525
624336 398309 470
132043 513978 470
458939 543285 470
217298 784801 509
927606 758158 525
901229 146290 525
863654 244034 525
514344 195243 470
992190 92078 525
864726 212525 525
553689 241233 470
122328 290762 443
806519 403937 509
553427 28715 470
566598 315522 470
342881 122305 443
880471 93273 525
474642 158015 449
266636 736986 509
338270 561976 470
851362 485593 525
820312 146857 509
17227 474711 449
544375 868428 525
678742 209449 509
565780 276321 470
859935 631049 525
597191 875650 525
525016 321194 470
697223 901191 525
913892 124250 525
363336 307917 443
457794 653027 509
816818 328867 509
351794 733298 509
753361 214195 509
25511 991529 525
271205 280723 389
395878 622485 470
183215 552009 470
29376 240066 443
362466 434552 449
849646 326465 525
541326 367411 470
395852 910456 525
432179 514970 470
898569 414848 525
361113 748908 509
11375 512095 470
875924 861161 432
890827 66866 525
97285 65331 351
244807 163570 443
890703 230595 525
527223 44431 470
723698 150819 509
944979 587560 525
765895 398886 509
464662 917704 525
281304 551043 470
870392 213023 525
12115 800799 509
116422 171858 383
222568 787016 509
529028 39575 470
693770 409599 509
548940 579232 423
133863 996758 525
564893 416455 470
700495 282209 509
428863 914565 525
402918 486561 449
460921 128196 449
984903 387199 525
319480 999573 525
710201 937222 525
434591 170441 449
717796 404051 509
963863 385695 525
264688 333516 440
764229 106993 509
406645 609717 470
306774 940113 525
393008 287366 443
430346 361497 449
320144 502122 449
960727 542212 525
790871 34792 509
873739 819777 525
906978 477829 525
522335 399818 470
119801 18225 354
17819 224199 386
377780 77792 443
661813 439433 509
596468 189347 470
247285 234157 381
224556 203406 386
676695 592206 509
49978 144291 375
758401 868475 525
643138 137434 509
596930 415852 470
786544 73393 509
11224 107865 354
612213 618819 447
761950 529953 509
545865 160353 470
493373 744557 509
744889 820992 507
828201 750012 520
750553 965927 525
838088 157583 525
591741 631705 509
179603 761101 509
452062 328949 449
906373 489777 525
637569 951234 525
174450 990624 525
717564 741886 444
594743 56675 470
843851 541156 525
200126 462263 449
988325 234222 525
422226 820777 509
596727 960452 525
639968 382243 509
641084 108372 509
678220 505388 509
96865 44687 351
801893 562865 509
274697 974738 525
927354 948688 507
4188 907861 525
863742 645823 525
195384 255089 443
113177 372030 443
276773 551609 470
946566 781307 525
111725 341116 443
586426 675551 509
394031 839610 525
863082 571351 525
362783 592087 470
749148 787357 507
39623 303357 443
582345 49005 470
817307 133359 509
321492 980881 525
624893 186322 470
828343 518781 520
509491 585390 470
403007 898964 525
967524 129708 525
299630 131700 443
998382 699117 525
267203 993060 525
651616 31752 509
924949 383943 525
978444 43573 525
306472 446493 449
147186 535015 470
112381 560474 470
635484 242531 509
283898 12555 443
578200 369879 470
522821 451924 470
677014 236798 509
377132 127323 443
89106 619257 470
909945 952078 515
655609 121693 509
705764 55555 509
732341 392050 509
147043 412326 449
490575 269644 449
522155 318967 470
340933 315742 384
877606 161008 525
659600 66407 509
561078 908383 525
447400 210859 449
765345 737774 424
457741 588480 470
905701 933749 515
419538 339988 449
200103 946581 525
914781 862772 476
335015 940795 525
78233 503292 449
698819 459416 509
189544 409090 443
891979 710263 525
625212 37304 470
532980 683972 509
16202 681356 509
4352 74219 340
531325 870112 525
265801 576587 470
493773 652350 509
15066 257895 443
894176 397645 525
362159 879259 525
917243 845147 476
866578 112837 525
603604 788724 509
596141 6602 470
881027 798915 525
315489 123584 443
371910 240659 443
594721 879240 525
662718 467983 509
771337 953696 525
125221 829445 520
888511 670736 525
2345 641848 509
330516 475352 449
659608 638006 449
822189 139141 520
848162 120670 525
953541 4553 525
687603 450236 509
974976 923728 515
732999 645378 504
168562 481442 449
344813 359843 441
473533 597444 470
577196 706434 509
975947 858287 515
52717 766350 509
277299 76919 443
504107 327613 449
460071 403557 449
510066 680256 509
412525 642817 509
278678 16132 443
820842 417430 509
118985 771391 509
527581 707954 509
264103 872355 525
51818 712132 509
834194 320922 520
251039 623630 470
247477 997329 525
790175 232754 509
765298 942279 525
928362 243527 525
619441 102953 470
169694 779838 509
264322 969714 525
65055 374706 443
274504 821594 509
912327 133097 525
125996 612906 470
148811 893271 525
547330 83339 470
917465 146334 525
728746 74142 509
972060 548052 525
318771 606181 470
471984 327202 449
120776 38038 354
58188 443647 449
721497 364164 509
66744 646661 509
685142 880828 525
460090 177689 449
949417 748817 525
405111 585152 470
708245 474654 509
262155 21104 443
591019 967069 525
139389 338511 443
209324 161454 373
243605 817176 509
132938 61939 354
461144 271588 449
126260 896433 525
646876 206229 509
512994 277408 470
407764 693273 509
6924 102473 351
280754 274965 389
237717 713674 509
230441 75542 386
93525 969969 525
415695 560023 470
670299 949489 525
369315 254402 443
107317 456253 449
146318 684765 509
983008 702376 525
730175 507204 509
321622 482045 449
382092 581554 470
814027 822185 520
525016 608988 452
259215 949417 525
128218 385012 443
526531 609913 452
2169 239955 443
949798 970939 458
851742 498017 525
378222 296454 443
891768 484789 525
851004 130147 525
285870 374251 443
240058 1498 443
714956 632517 504
659542 522810 509
811494 44801 509
807894 106241 509
969018 563066 525
971033 827333 525
598115 831956 520
237206 218210 443
388562 11985 443
371196 981226 525
881867 134194 525
152477 213814 383
25268 108783 354
954593 189526 525
872026 107741 525
867107 451740 525
557447 899748 525
136893 813904 509
584156 204822 470
638012 342460 509
320444 914506 525
381943 516381 470
971229 963542 458
445241 976620 525
705216 1366 509
153358 856179 525
727724 529857 509
915862 374524 525
639012 720374 504
146415 374604 443
6176 930888 525
652590 512895 509
576718 415691 470
85117 741395 509
514818 646238 509
245399 50609 443
903347 963103 515
468642 283989 449
163761 597728 470
226559 606696 470
257090 602676 470
29983 661754 509
635344 5308 509
360061 818464 509
590952 325562 470
133117 18027 354
238655 989552 525
63166 802262 509
88134 214834 383
32536 686025 509
956312 200910 525
103280 713663 509
899607 593987 525
308096 366270 443
908672 800661 525
45778 755638 509
130426 199466 383
959060 561534 525
374190 322633 443
998852 21132 525
830600 44210 520
234691 482496 449
971548 582505 525
577988 705248 509
545799 663276 509
253732 33971 443
258715 347440 441
342453 208425 443
897837 444311 525
66348 295156 443
633987 989171 525
309397 808571 509
610476 838267 525
619600 410007 470
23421 469404 449
342913 951182 525
501358 848763 525
50197 551663 470
182635 341334 443
56209 645000 509
393631 185199 443
33858 645459 509
100284 894926 525
401252 961895 525
62480 396043 443
449818 764156 509
359145 705397 509
154900 90477 375
727482 136368 509
855086 15434 525
276321 529252 470
265390 13592 443
852038 805239 525
477417 931376 525
485042 449418 446
156547 68169 383
229417 173260 386
53968 95203 351
661560 860077 525
432014 502473 446
291740 962300 525
333986 179877 443
129179 612351 470
369265 562841 470
200510 651623 509
317478 912940 525
701291 183089 509
763581 802267 507
831738 945742 525
710210 921291 525
467956 710018 509
290360 829249 520
313569 587182 470
231794 493109 449
47701 231696 443
133459 908488 525
267577 993036 525
981048 171104 525
219620 775358 509
452390 707304 509
66139 522934 470
650543 561502 509
865698 83037 525
475212 498948 446
973659 644667 525
174493 621876 470
482142 356654 449
55322 937862 525
306619 42341 443
519823 610957 452
465506 601151 470
716792 820593 507
227428 461374 449
752539 529382 509
834709 562424 520
867449 694530 525
657901 915542 525
45382 360701 443
476390 241376 449
13473 493812 449
590386 99938 470
67309 850533 525
424952 718094 509
198714 94782 383
692432 611235 509
834545 71373 520
812255 747060 507
338167 837693 520
829778 113630 520
889237 719129 525
313969 353147 441
910378 561610 525
579678 377136 470
255669 689358 509
601598 616169 447
684620 481472 509
578816 515659 452
903114 448438 525
575354 79718 470
731901 421302 509
421445 132303 449
315371 584897 470
823340 136529 520
655955 361360 509
459832 272720 449
346392 554544 470
491879 809280 509
686864 335506 509
677722 980764 525
172602 519659 470
576372 567807 377
828748 290934 520
474390 518085 470
364114 234488 443
939453 965168 507
659743 650154 429
678271 184453 509
756299 912297 525
489580 457150 446
514877 549894 452
164955 70472 383
184713 119611 383
651910 57526 509
154599 400069 443
426309 703371 509
825082 622566 520
889655 817670 525
751697 707126 444
375726 22795 443
436469 241577 449
395248 879770 525
67399 660290 509
85358 928793 525
722395 733554 413
342452 645620 509
78156 258940 443
730316 636380 504
226634 757894 509
801997 875041 525
393182 292830 443
730186 905399 525
456716 877947 525
109360 88418 354
253994 939779 525
459277 981820 525
296313 632057 509
699387 920525 525
569779 483047 470
309929 482202 449
15970 586611 470
206110 680315 509
808434 936319 525
252210 597436 470
429826 910365 525
669287 179398 509
880600 133565 525
997958 951343 458
655030 161038 509
510389 637836 509
779652 913409 525
596412 263748 470
912550 168229 525
635950 458363 509
571029 678736 509
352513 991387 525
507743 305354 449
320015 83835 443
438414 990816 525
888590 562382 525
274097 491083 449
803469 888056 525
60949 125769 354
175863 569955 470
1823 282153 443
509709 273087 449
64487 408213 443
393017 393877 361
357031 993111 525
577001 667630 509
470542 783320 509
547668 210247 470
388995 280795 443
611994 729525 509
620203 227329 470
86438 770433 509
529595 921328 525
266497 303794 440
92240 261246 443
925404 30839 525
810112 818907 439
283492 988073 525
585144 352054 470
419955 830936 520
425243 971675 525
702309 311557 509
108176 911619 525
339981 205780 443
454576 178950 449
669992 941496 525
400434 250228 443
950544 225481 525
744159 810706 507
744102 513898 509
399018 745239 509
623776 727211 509
740302 166756 509
645309 583605 509
443772 836885 520
60733 700397 509
798637 160718 509
175433 789045 509
118230 747139 509
593436 757610 509
958781 582441 525
435655 581048 470
794737 66834 509
930360 696742 525
157705 222003 386
744229 861701 525
105889 487126 449
357945 89796 443
511127 190845 449
43602 851793 525
196346 511006 449
235672 839455 525
967829 658531 525
242959 407355 443
789847 59896 509
995339 662219 525
835680 889795 525
230355 840068 525
564174 408465 470
110670 518210 470
917254 549513 525
893852 589995 525
377711 596848 470
411070 43611 449
213168 188212 373
75056 966788 525
552744 624764 447
586269 992460 525
110042 381672 443
97955 255097 443
141265 938966 525
744091 406074 509
927500 293642 525
884010 543797 525
747108 338835 509
19970 799577 509
582850 755544 509
589891 999280 525
631082 823438 520
408211 397273 438
673117 201150 509
926757 541267 525
57909 976698 525
392175 15070 443
859552 40156 525
482319 327503 449
451983 379681 449
419952 585437 470
564651 761668 509
954092 694441 525
205014 540449 470
204386 324206 443
135160 158392 383
861134 549906 525
19219 765153 509
19723 499189 449
929255 194357 525
355485 922698 525
213392 186461 373
947 754401 509
82083 654865 509
803271 440303 509
763170 162778 509
767544 112828 509
802258 575950 509
273907 242970 440
442732 908243 525
362743 696990 509
532359 955474 525
153249 223313 386
116620 534129 470
831734 45708 520
884777 440286 525
997300 307873 525
966950 830260 525
409416 828467 520
670090 514196 509
429252 197773 449
267720 446200 449
76626 725456 509
712433 83301 509
176438 611423 470
296338 741862 509
56851 318472 443
335524 61552 443
629084 662135 449
523023 558141 452
90918 647323 509
170654 991697 525
151734 685141 509
711267 824077 520
300745 616622 470
626946 302569 509
404055 520590 470
712063 470387 509
210537 131593 383
335615 184336 443
975842 12248 525
449214 430884 420
179683 971693 525
203947 415481 449
750110 794658 507
194009 60811 383
912725 946981 515
564833 132311 470
464645 225127 449
602102 820867 509
508215 382121 449
551401 428991 470
755772 796281 507
928238 192311 525
185327 168146 365
300275 492457 449
493602 976291 525
74915 618318 470
388498 19710 443
135020 614079 470
599236 323460 470
522784 474038 470
792595 964946 525
635217 465228 509
984648 691634 525
902430 463144 525
783170 108153 509
557728 663825 509
533766 469333 470
405894 354634 443
177131 329117 443
681052 391099 509
981941 825359 525
396998 939206 525
927234 432728 525
573714 223297 470
36839 436528 449
792123 950800 525
14048 873593 525
727546 907952 525
781927 841940 525
67513 487458 449
705274 692682 504
932644 627614 525
694908 583428 509
142882 867224 525
161358 306931 443
667085 756806 504
185532 804118 509
491307 70434 449
202887 997520 525
456549 772209 509
517006 745726 509
521033 63167 470
885371 934204 515
404155 908346 525
932478 237458 525
184425 810831 509
905125 33847 525
660016 560557 509
73101 792823 509
944846 972573 458
248105 615521 470
225600 792535 509
68156 698527 509
503970 777909 509
603687 996863 525
403046 118989 443
272796 905030 525
669275 683870 385
616225 898986 525
51691 968086 525
339188 6876 443
671149 121936 509
505334 408587 449
469085 635059 509
300172 287513 422
451915 288469 449
148541 198696 383
205506 601807 470
286579 936525 525
398058 579347 470
16785 304896 443
392547 768463 509
184196 544366 470
605169 123316 470
148383 133475 375
365979 325411 443
715690 952682 525
167623 918112 525
423212 810101 509
913655 318167 525
13653 573739 470
785113 1237 509
723701 164854 509
887762 175311 525
253012 460210 449
132387 971781 525
503887 895968 525
387235 351763 443
741589 470400 509
58004 190862 383
690651 736795 504
205525 605241 470
551042 171247 470
724863 426038 509
263062 411776 449
286270 365378 443
95032 105353 341
774033 206563 509
609377 901300 525
976102 471600 525
341713 341484 335
425137 191678 449
303196 177407 443
565076 663291 509
107814 571840 470
8754 421529 449
840966 777471 525
914771 205795 525
192346 292979 443
351254 151947 443
832986 295353 520
322003 707179 509
854605 564075 525
947033 306626 525
747262 578443 509
865878 989974 515
9571 46708 324
858422 88643 525
582913 775748 509
163957 757517 509
675883 959407 525
710888 323568 509
356662 10300 443
455847 254649 449
652309 625323 509
706337 75544 509
710362 55827 509
730029 773616 468
410027 65085 449
506419 889276 525
221553 472368 449
71874 859364 525
967465 631376 525
4541 460096 449
879670 572968 525
435286 530582 470
295755 673436 509
67995 870166 525
752469 422415 509
277344 838992 525
813197 991868 525
214033 692634 509
686794 229652 509
893091 988893 515
418318 504583 446
280159 78111 443
955103 11429 525
663527 601619 509
394447 572703 470
991037 523547 525
277049 121899 443
695268 934340 525
648330 257054 509
334952 881164 525
180918 436933 449
80266 41967 351
905536 279965 525
498531 162801 449
749560 306888 509
726763 278179 509
437593 922346 525
308395 439944 449
229945 867030 525
163509 185282 365
166394 603212 470
810508 930503 525
920868 313642 525
578555 72234 470
963726 902616 515
36473 102759 351
644638 323005 509
818365 742207 507
880348 564176 525
236650 299509 440
471106 319406 449
269364 999674 525
544699 733868 509
707884 406770 509
568921 816405 509
598024 398681 470
773057 138489 509
50583 607130 470
279671 62053 443
333607 625409 470
83811 616232 470
621049 842128 525
480562 382434 449
361335 830241 520
563750 907853 525
29540 504622 449
952491 677692 525
558303 955906 525
887511 695421 525
639880 252363 509
229233 403215 443
363657 508516 449
640777 564312 509
176814 917953 525
970955 473078 525
661420 757892 504
641023 902484 525
487782 190060 449
912241 753779 525
644490 951107 525
304136 737310 509
265356 184612 443
459281 668142 509
772277 38006 509
655107 793001 507
516242 996850 525
502664 965539 525
614944 291260 470
31082 967314 525
912000 883372 476
861683 49856 525
631404 285188 509
475381 506434 446
591694 828411 520
894914 449528 525
683043 833446 520
894767 147849 525
916719 654607 525
905538 330127 525
320413 930566 525
51626 323116 443
875989 9027 525
292916 404904 443
971252 842593 515
98613 733087 509
862999 576450 525
34359 984393 525
527988 242852 470
547570 472384 470
512097 301540 470
133318 176041 383
351575 452273 449
373969 496470 449
314421 292541 384
73645 716565 509
228029 628702 509
319001 600847 470
776086 798529 507
73130 62789 330
703540 669502 442
243344 516196 470
467240 476165 413
700267 616635 509
296340 666780 509
570068 474109 470
143268 671391 509
189861 809434 509
677945 908709 525
603284 433280 470
859772 348179 525
192334 201629 360
688705 608836 509
506603 288407 449
332484 510289 449
299363 489237 449
989994 204613 525
802298 813943 439
443389 976695 525
983007 944036 458
747688 966954 525
781841 381724 509
431187 413135 418
291944 767024 509
679832 681987 336
762150 905611 525
298046 9178 443
887067 524459 525
242622 137868 443
233534 631810 509
478060 709569 509
937705 653175 525
37763 717639 509
292855 271471 422
482623 949620 525
472201 152827 449
233366 835216 520
930264 207414 525
558555 130279 470
867998 496630 525
114770 660349 509
574568 213911 470
70516 914148 525
200347 210575 373
234965 36171 443
363910 621310 470
558182 251208 470
569165 190523 470
873293 582476 525
85643 851082 525
937515 107404 525
560564 524788 452
225600 745017 509
777722 506117 509
210083 383518 443
638223 261331 509
95146 600526 470
502509 694091 509
669165 640788 429
509945 465596 446
568165 939388 525
399975 833989 520
227659 711486 509
990930 25006 525
444399 357404 449
32706 39442 324
830194 226942 520
508944 708981 509
142991 97902 375
176215 101800 383
752258 687485 504
896455 793830 525
833001 752680 520
271534 625830 470
892887 782820 525
446749 510122 446
711881 555355 509
576620 690682 509
2763 79014 351
846443 415277 525
44040 743881 509
520963 941923 525
413443 360475 449
538893 756852 509
608055 250589 470
206658 460796 449
60133 588333 470
54113 20548 340
940929 85048 525
242258 566253 470
433520 65721 449
661966 684219 398
340364 282806 422
781773 718397 507
10575 14758 276
333444 891985 525
158424 306062 443
631852 25227 509
733818 83756 509
338991 26092 443
184557 491566 449
11116 855058 525
76077 580232 470
202528 352466 443
721551 387678 509
357229 840945 525
572906 793538 509
384687 76414 443
147403 659321 509
976375 396966 525
42578 536248 470
700108 122621 509
309397 109348 443
473427 482823 446
78124 740150 509
559872 277068 470
2248 580160 470
23021 718817 509
2236 503858 449
373899 913249 525
982101 283884 525
742706 863419 525
768321 477896 509
813524 722744 507
620698 747202 509
771977 812784 507
343218 859098 525
470389 111817 449
775758 947202 525
614157 431821 470
614197 764497 509
629030 215688 509
633813 424826 509
999371 86620 525
698305 394199 509
678168 226552 509
973654 241086 525
490156 871429 525
69491 827493 520
825046 438600 520
285745 230381 443
270069 789819 509
814588 284990 509
320827 89259 443
899499 53366 525
903826 461633 525
382066 265036 443
170958 381022 443
176885 342240 443
577582 156679 470
361024 735764 509
454132 241369 449
98492 539949 470
214425 116117 383
37094 606072 470
534336 280754 470
810143 42009 509
395870 507295 449
773466 616060 509
348110 789460 509
622417 666103 509
604169 789276 509
305031 209557 443
818000 174801 509
6559 217565 386
207779 280691 443
154292 553946 470
691157 881747 525
872802 625238 525
75339 735511 509
904673 749492 525
894384 578896 525
961854 773153 525
607505 294438 470
172197 522082 470
404883 381033 436
729589 508396 509
72896 467864 449
312786 977839 525
873447 808482 525
62146 309948 443
978743 529375 525
585996 688462 509
811159 609969 509
834909 859930 525
8385 121313 354
480395 236680 449
525372 866627 525
352751 848513 525
17137 464372 449
890457 693289 525
139102 875732 525
804260 305740 509
378152 922163 525
983423 951714 458
668442 648850 429
298011 56772 443
45246 356662 443
779119 901136 525
68419 364427 443
631668 605634 509
545000 960557 525
979675 320367 525
330544 329493 353
521289 127099 470
467363 751553 509
130225 927967 525
434262 445642 400
483849 986956 525
643077 682449 429
355524 332983 441
143556 176971 383
696364 363342 509
988085 580733 525
47328 305955 443
242380 30765 443
135472 210518 383
