160359 3494 383
110700 550271 470
101840 633418 470
668364 275570 470
228795 92623 386
319848 413174 449
217463 196432 386
539391 456683 470
745792 504293 470
355116 205058 443
796158 391522 470
631492 888575 468
462952 401948 449
35022 359232 443
393741 610538 470
614031 485055 470
35326 554099 470
187517 241082 443
33003 653517 470
43089 45880 314
20573 18130 274
40804 90489 351
22676 28843 308
22688 44140 324
82075 44419 351
43159 21187 324
41952 36134 306
61613 63156 317
45705 1440 324
57267 41510 340
17151 85491 351
27036 82210 351
44710 87944 351
23964 44707 324
2490 33790 308
39102 6038 324
9330 1728 262
2243 8640 262
2197 2229 183
7803 227 262
3789 3417 238
5503 4241 215
4915 9518 262
7004 2227 262
5262 4450 210
9421 9466 154
1653 6855 262
822 1 171
8826 817 262
1490 5606 238
6463 8051 257
6525 8196 257
2731 8292 262
3887 9459 262
7715 4708 262
2133 9780 262
9732 232 262
3782 988 238
3796 8909 262
3491 3835 238
4231 3569 238
5038 1697 238
2820 7466 262
7511 6526 257
9759 2842 262
8982 1747 262
7163 3848 262
5531 9487 262
3905 4686 215
4459 6304 262
6165 6442 262
3233 2390 217
231 7640 262
9851 4148 262
2789 4259 238
6067 8961 262
9267 4665 262
2269 4028 238
2586 3730 238
1626 8185 262
3143 8252 262
1601 6791 262
5763 2726 238
2919 4976 238
931 505 179
9617 3775 262
5692 423 238
8985 7056 252
4270 3079 238
6829 4489 262
9672 4156 262
1797 7306 262
5344 4358 215
2295 9078 262
262 6895 262
891 3349 217
1780 3756 238
4071 3585 238
8008 1468 262
9682 8618 260
5535 5522 130
493 8518 262
8894 167 262
9897 1671 262
5355 6934 262
5000 3724 215
2315 872 183
3078 3008 155
4859 8261 262
9684 5089 262
7917 3327 262
603 1148 179
827 4382 238
5255 1061 238
2107 1696 180
6158 2229 238
8765 439 262
7642 9507 260
615418 877496 468
334374 306068 384
683887 124841 470
782392 870695 468
846586 397475 470
660314 421010 470
243745 46401 443
928559 981920 458
804302 229612 470
661939 98019 470
545683 401094 470
755203 258049 470
744839 45441 470
620886 652465 416
84608 978625 476
944875 293108 476
686366 570502 447
444663 374137 449
526468 319628 470
997855 656574 476
828400 687539 468
159115 714164 470
901603 347160 470
858994 905462 432
867960 936920 476
980751 189989 476
121869 353419 443
755129 901187 468
202675 173194 365
625043 912506 476
236821 87084 443
333789 33937 443
17500 490334 449
33933 103019 351
832049 996626 476
813412 146446 470
325250 849764 470
49670 764460 470
610358 937274 476
82503 31948 351
637011 988173 476
920111 532653 476
317142 276030 389
298604 294666 358
709071 435398 470
177148 113090 383
998023 251748 476
456150 251010 449
321600 129073 443
789077 637732 468
575867 559454 421
179622 941624 476
187020 392972 443
972763 650554 476
366018 356583 379
170854 578230 470
328338 237825 407
128912 748868 470
599847 566454 434
326408 833201 470
34093 639774 470
925337 251438 476
36425 977427 476
293094 529530 470
204203 161618 365
611385 244699 470
370907 894061 470
879461 541930 468
109266 682290 470
619686 308957 470
153695 977963 476
780719 279398 470
599805 105286 470
381089 115515 443
244791 82809 443
433327 578389 470
815074 776362 468
465723 254316 449
160109 790946 470
865405 671101 468
332643 124029 443
289558 195269 443
200098 913181 476
461599 996363 476
432888 94447 449
301448 464304 449
926832 98124 476
41506 526997 470
62651 834973 470
826372 826105 269
667154 340665 470
164502 43763 383
404045 820727 470
92946 766995 470
476959 500047 426
105016 102162 310
32212 356359 443
538051 802003 468
186518 664486 470
709322 790657 468
566661 649571 447
129711 766483 470
885981 774060 468
652039 167827 470
976618 224348 476
585921 363293 470
928143 296768 476
217574 562876 470
484943 424198 444
412688 189203 449
79699 700265 470
347165 24342 443
26853 885613 470
678783 663349 398
821235 611141 468
511991 584269 452
348256 698093 470
916892 900762 476
898271 841017 432
151027 827985 470
926620 114827 476
168236 910211 476
517775 37567 470
443577 141840 449
573143 743019 447
484706 276103 449
93793 457400 449
967367 106618 476
839964 121610 470
293532 928521 476
259533 616653 470
837315 924314 476
204082 438506 449
145725 747831 470
846520 859447 419
320631 577590 470
105329 875368 470
778319 538372 468
588422 626543 447
253252 770983 470
3320 429183 449
911982 605739 476
302806 911873 476
471512 461651 413
708798 334483 470
642116 541582 452
864240 117761 470
960870 291574 476
25481 412545 449
779571 150839 470
107298 69986 354
713764 808853 468
438522 543262 470
960003 582240 476
955710 835661 476
163516 374065 443
320865 722142 470
262453 748824 470
978820 555180 476
177481 353284 443
151703 140931 375
829371 99794 470
940698 793991 476
511776 917257 476
570680 126126 470
525448 913198 476
102186 308247 443
597065 889535 468
651274 376764 470
350177 252932 441
744350 721947 424
290772 86579 443
730487 784811 468
439252 29395 449
133003 863809 470
967611 221152 476
151448 339811 443
719527 329896 470
374569 700130 470
669542 617245 429
173514 388868 443
817557 660445 468
942602 669700 476
738227 987121 476
290048 633858 470
196968 436984 449
460124 521191 470
394915 2539 443
805496 542426 468
297168 917773 476
296667 637349 470
452483 227477 449
398906 292727 441
869983 206836 470
379374 583883 470
112392 905553 470
678115 332340 470
263104 128108 443
347756 668821 470
311634 552337 470
546686 935609 476
42718 199746 383
766838 737162 424
552079 129020 470
990130 515443 476
799126 199754 470
825843 688489 468
249695 389187 441
722365 952687 476
559799 944927 476
975041 722466 476
152118 385793 443
405335 933420 476
351438 74899 443
468537 196447 449
458023 444729 387
273949 648345 470
937130 515688 476
859228 666120 468
461087 45620 449
590186 798661 468
25657 532399 470
621049 667269 429
378478 998071 476
808563 658237 468
181448 902743 470
713283 40436 470
626377 981942 476
513157 431800 470
479797 132022 449
32036 461536 449
423817 549731 470
217949 845069 470
155494 226899 386
40350 404818 443
719986 609713 447
318083 639756 470
471981 218768 449
778540 510334 470
642513 814010 468
224088 751739 470
372730 585760 470
980653 428318 476
312517 115197 443
173163 468479 449
702727 544012 452
383220 662593 470
552350 78430 470
426423 884672 470
6731 431019 449
354048 922720 476
74083 832139 470
207112 81700 383
39298 111662 354
208403 341762 443
392937 764276 470
798991 180337 470
148468 904574 470
538994 263846 470
414739 347991 449
148994 433224 449
488768 748612 470
875425 452287 470
108533 589662 470
684415 896809 468
832383 62162 470
38992 98234 351
566872 698189 447
653018 68625 470
601891 208675 470
333621 225907 443
365017 888182 470
289225 541472 470
187513 738114 470
558037 357453 470
682360 541090 452
405827 523975 470
744819 729590 424
345202 111167 443
408416 34035 443
352746 14192 443
458007 967160 476
437452 963423 476
523753 237820 470
529808 509826 470
385728 155565 443
494289 526614 470
312563 663902 470
401403 820359 470
539711 395377 470
850125 733361 468
652223 670657 429
835057 313566 470
392096 994293 476
459786 316031 449
733644 366522 470
660667 937429 476
54624 132570 354
558566 386404 470
260182 324563 407
485779 297022 449
113442 779895 470
483863 454957 444
604703 734251 447
47142 430595 449
895285 954254 476
984421 128955 476
137062 829427 470
534278 527762 377
757635 248125 470
927451 653014 476
433364 903494 470
247836 835456 470
617197 218101 470
644895 273094 470
705009 67917 470
638673 252251 470
651811 867731 468
928143 51336 476
185983 58975 383
133065 693777 470
322734 952023 476
305863 936424 476
822446 983462 476
104573 550455 470
895926 9164 470
309710 1073 443
925256 702680 476
660936 640881 429
906192 38513 470
954375 664636 476
770368 659994 468
800867 314445 470
908965 937499 476
993875 671731 476
443587 218607 449
864972 16966 470
780881 160154 470
43256 4251 324
444409 913748 476
256279 725401 470
349920 383412 423
7577 936226 476
682502 107597 470
980471 524998 476
489906 290198 449
380425 565650 470
311598 755886 470
622869 366583 470
266973 522309 470
50282 74573 340
852175 651469 468
995058 760024 476
362140 39429 443
963822 303693 476
395201 801848 470
745385 20495 470
633038 977149 476
351747 921566 476
404515 605595 470
218385 210887 386
236829 746235 470
824295 590660 468
810483 531899 468
749974 587948 447
48319 214344 383
798123 972955 476
558327 801170 468
934663 980626 458
870779 889891 432
364438 544681 470
477053 579114 470
229581 973492 476
97913 809023 470
69141 864779 470
828292 738291 468
98991 598999 470
916031 455910 476
443130 197835 449
137196 262454 443
231984 597404 470
357072 344377 441
416013 341254 449
95076 574361 470
756414 677980 442
26939 385113 443
433480 506542 444
114614 82459 354
466501 65287 449
508490 366319 449
446672 895315 470
544643 25489 470
301889 382925 441
13608 161509 383
321372 620809 470
331559 657608 470
607656 211889 470
711904 745204 424
838867 78463 470
783200 962159 476
301369 807249 470
996405 724201 476
594753 245510 470
111072 209273 383
520498 339112 470
173417 906478 470
551407 382685 470
375013 420631 449
503978 365704 449
403757 996623 476
378696 87551 443
2822 192446 383
971451 140997 476
889074 938031 476
747733 788516 468
804535 590356 468
280373 749229 470
695459 695818 336
601132 716748 447
921878 325117 476
822160 711402 468
565867 81343 470
711300 348018 470
7576 471120 449
563698 585161 434
787371 365761 470
419026 119616 449
347482 882754 470
901580 546170 468
488148 921678 476
339559 803249 470
848656 3865 470
223482 77164 386
760075 695068 424
145801 308680 443
33897 854762 470
643056 972370 476
132528 235240 443
269933 321604 389
287214 872395 470
876086 999976 476
714612 504137 470
968429 84531 476
505005 204062 449
726072 151217 470
611642 511706 470
368006 347192 379
85960 54754 351
489340 641719 470
325823 832650 470
451230 741481 470
808752 603671 468
236919 59852 443
646300 297982 470
737323 851493 468
792613 913018 476
549539 957605 476
649175 882824 468
544162 117086 470
804471 722311 468
174151 938076 476
621610 783950 468
155913 72732 375
947753 990001 458
35575 969545 476
420777 841504 470
85711 45767 351
168568 970350 476
191038 446480 449
319339 768210 470
779427 953710 476
54576 302112 443
676574 132496 470
267676 7438 443
757897 62125 470
128503 488097 449
815560 152930 470
79074 280866 443
40185 986021 476
931461 392303 476
342068 345532 353
852858 816849 450
583841 239232 470
317066 574554 470
531025 29621 470
984599 512355 476
917566 184165 476
237607 478253 449
631558 289317 470
184702 104135 383
30024 155952 375
442966 356775 449
97652 302154 443
154202 650922 470
954254 287153 476
158717 150394 383
616588 876783 468
58255 640910 470
807608 259645 470
505806 523525 470
89200 214419 383
73600 764172 470
781453 878230 468
250306 288894 407
488250 937292 476
365113 10990 443
561644 983008 476
888535 840467 432
40554 430281 449
287289 29356 443
437540 428455 387
961875 934409 445
914890 860238 476
441092 742453 470
6390 380263 443
447757 608414 470
79154 545766 470
24113 449112 449
73781 559270 470
709192 251561 470
790487 383719 470
884472 19968 470
773597 714369 468
928628 647956 476
621485 79044 470
358335 758279 470
930325 42980 476
500879 293349 449
823024 813107 450
311771 870727 470
464886 515202 470
28843 172233 383
634305 800463 468
470963 340408 449
480927 522279 470
421851 732323 470
426968 197437 449
122771 406067 443
566476 134916 470
570999 772244 468
403887 237778 441
127665 293153 443
212526 362630 443
295996 7715 443
756048 724896 424
137334 509755 449
138022 834597 470
898382 633355 468
629916 729826 442
620665 404433 470
421516 670823 470
766041 613302 447
196723 761210 470
660951 622582 429
98080 29778 351
230953 795393 470
51185 128078 354
217634 126717 386
426132 954668 476
25109 2522 282
771684 483967 470
102394 499193 449
458629 682968 470
241486 96443 443
472697 964379 476
451842 24011 449
7360 581401 470
918406 531871 476
571416 991302 476
383650 956665 476
882085 639662 468
628858 41931 470
619419 442197 470
160464 911944 476
420864 184741 449
247005 526856 470
628901 113287 470
124397 670287 470
987931 21972 476
621619 26200 470
222738 632145 470
277540 172621 443
206809 801924 470
961190 996541 458
483966 340094 449
640839 850071 468
760524 736673 424
806345 470133 470
857276 102828 470
848 662950 470
897027 709242 468
541296 919663 476
300854 571120 470
621914 731563 442
733412 691856 442
403494 261123 441
529599 968919 476
252183 678589 470
652858 678698 429
343415 135638 443
983850 255896 476
876843 809356 450
709860 262147 470
410547 597531 470
584628 691897 447
666129 31024 470
528126 171866 470
693010 811045 468
983077 131003 476
698463 319834 470
646225 48556 470
164779 297669 443
426737 890070 470
48073 891590 470
725820 115594 470
463016 777608 470
41470 656748 470
214944 120493 383
536426 195883 470
38773 259807 443
959225 478871 476
850415 863979 388
383602 668901 470
52452 492123 449
717706 613212 447
616888 410448 470
240605 645711 470
143547 588947 470
541376 447451 470
842981 588371 468
341328 748978 470
178670 308414 443
480605 920841 476
670161 617246 429
753882 30811 470
365246 806946 470
678621 451599 470
695160 93510 470
497927 957133 476
129488 164976 383
791650 292593 470
362397 652328 470
136575 138867 331
332454 25705 443
413155 557800 470
393167 503419 449
215526 104199 383
186901 844533 470
74824 418035 449
833304 286073 470
172697 754142 470
216612 797332 470
326644 870278 470
351415 482317 449
615776 481685 470
350083 965656 476
538913 466399 470
443278 142112 449
93571 847345 470
30001 463631 449
378450 601450 470
215159 834613 470
829867 573847 468
140780 512627 470
179395 73094 383
724260 454653 470
69262 16514 340
727761 719828 411
334989 408747 441
43768 603380 470
397638 548735 470
204525 301277 443
36978 938853 476
215545 38823 383
649247 561153 447
946816 675472 476
268574 360617 441
830940 174974 470
980670 619924 476
649975 241863 470
521272 303652 470
258585 684008 470
113193 50054 354
237006 641485 470
250095 598414 470
220939 185245 386
679001 513205 452
984193 732369 476
688893 687064 367
253258 114118 443
571146 512179 452
804580 699907 468
484257 455801 444
377340 938394 476
25545 633284 470
712166 398205 470
738392 230337 470
12876 116364 354
989110 100697 476
755474 588958 447
394413 214739 443
209998 893807 470
792942 449661 470
162891 282638 443
699257 150725 470
273311 51640 443
82630 204025 383
433805 379545 449
931456 85548 476
527559 558157 452
704155 879253 468
250361 5199 443
553890 207319 470
563303 934634 476
284990 621332 470
538437 638722 452
291927 947838 476
209409 295800 443
127247 158445 383
736580 462335 470
288872 313823 384
756040 287160 470
388573 10970 443
545706 559029 452
921040 5545 476
246602 971379 476
425903 600955 470
154283 293494 443
222843 620237 470
791443 393827 470
115825 202718 383
18229 702794 470
494395 644719 470
324192 66026 443
75351 579559 470
934830 184355 476
925342 467446 476
962481 489185 476
533256 780240 468
798056 915964 476
59659 817980 470
629248 295098 470
63445 627776 470
203134 414869 449
933259 376637 476
61657 329206 443
190378 850539 470
717261 276433 470
212135 593723 470
394455 41820 443
899156 534083 468
311268 952585 476
318058 858728 470
207986 292860 443
740719 307605 470
362020 4167 443
95143 363157 443
411796 985622 476
268088 271826 363
371167 345892 441
555944 676137 447
98552 878808 470
780048 516944 468
818075 131903 470
376902 387963 379
562843 560251 359
309038 774839 470
719468 261520 470
639868 666079 429
980534 178528 476
687823 176821 470
380122 380221 242
235204 235227 200
799748 799909 269
321391 321615 247
592028 592150 284
976059 976258 383
206917 206934 187
881087 881127 202
511891 512086 470
480480 480606 289
913759 913960 352
34875 35044 218
629635 629861 279
433095 433315 268
552881 552950 253
777895 777931 269
315977 316190 322
904471 904749 339
795559 795635 225
398353 398517 374
330400 330491 278
221638 221755 231
834754 835050 344
198581 198748 298
694426 694526 274
979943 980094 246
511125 511175 196
969741 969870 321
189628 189666 192
388342 388522 299
239762 239764 76
966937 967210 290
383709 383961 299
979045 979243 321
238966 239151 350
849403 849448 251
302412 302459 190
53122 53300 309
466455 466480 276
541583 541701 346
997777 998008 277
877991 878120 357
312058 312192 278
387919 388083 330
478293 478399 351
677112 677302 292
624940 625069 341
101747 101795 173
296406 296423 159
956924 957047 246
329804 329840 291
305299 305442 265
748139 748371 287
141548 141697 220
380980 381087 255
841207 841392 251
818402 818531 344
569266 569420 240
48356 48522 252
139214 139410 282
550913 551114 284
240480 240602 244
51903 52140 278
176219 176250 210
988098 988156 197
806751 806827 344
539663 539724 209
408243 408269 237
590752 591045 359
270780 271076 345
616453 616483 310
683202 683372 336
941913 942067 246
803562 803583 145
519428 519637 302
859727 859778 220
870114 870304 251
702430 702641 336
574772 574906 297
28826 29053 228
33682 33958 267
411692 411903 281
891562 891855 326
926292 926370 277
430397 430572 281
261235 261498 332
856022 856058 282
16463 16738 235
775459 775752 300
827457 827715 419
702360 702450 274
379316 379410 242
160650 160901 277
126055 126304 318
778645 778807 225
343602 343753 304
85726 85895 258
972372 972547 246
391105 391260 237
636504 636569 261
1452 1590 172
34344 34493 205
56727 56997 291
805377 805592 269
60597 60624 273
75773 75942 294
339575 339648 291
235190 235439 306
52490 52707 340
140473 140734 326
662149 662395 261
