6579 7034 257
8588 5700 262
7660 3509 262
5332 559 238
6586 6350 213
6539 8572 257
1386 6240 262
3411 7353 262
5810 8368 262
6235 8792 257
7273 3126 262
329 6423 262
3110 7544 262
9011 6762 257
5936 2277 238
3469 2295 217
3620 7435 262
4684 494 238
1861 3638 217
3705 5299 238
494 8054 262
5250 10 238
2707 8507 262
6026 861 238
2358 8144 262
2561 77 209
7573 5217 262
4302 3170 238
3312 8250 262
6536 7425 257
2120 6189 262
2708 5193 238
3235 6576 262
3001 8346 262
4380 3057 238
9871 5555 262
4600 4614 153
7990 454 262
499 5045 238
1139 6026 238
7385 7117 195
3189 3852 238
6384 6064 262
2022 9396 262
2866 8253 262
4829 527 238
3481 3902 238
6304 5358 262
7667 5547 262
9846 4906 262
9142 7480 252
778 7906 262
1196 9106 262
9180 9988 260
4239 7266 262
2978 7492 262
272 7707 262
5532 987 238
2480 8358 262
5941 8910 262
5906 5831 218
4005 9866 262
1816 4699 238
7668 6377 257
137 2912 209
4504 868 238
5349 5442 192
9823 4454 262
3167 6558 262
8440 9368 260
7497 9396 260
5100 1502 238
2014 5374 238
3866 1373 238
152 2439 183
4016 407 238
5457 7850 262
1046 1525 182
5383 2200 238
484 1135 179
3129 1093 217
9635 2939 262
8590 1824 262
3889 9440 262
8325 4157 262
2638 4262 238
1254 1601 177
1828 9837 262
8968 6970 252
9059 2326 262
8284 7976 190
7866 7649 221
4550 8011 262
1602 596 182
7035 5338 262
3332 2484 217
5750 6925 262
1323 6003 238
9557 9560 123
7140 295 262
9089 5749 262
7634 787 262
2171 8669 262
702 3684 217
2801 8082 262
7227 7194 164
9711 4844 262
8343 1345 262
4515 2046 238
782 2811 209
7273 5684 262
4601 4763 197
9157 2812 262
9908 5585 262
6927 1438 262
8413 8557 203
5815 1368 238
2487 5922 238
7770 3387 262
5182 904 238
9678 9740 180
1717 6253 262
7543 4088 262
460 874 179
8796 9815 260
4478 5486 210
4995 4027 215
2902 4217 238
7529 6517 257
2225 2439 183
2446 2084 183
7246 5095 262
7357 940 262
4306 6390 262
105 5359 238
249 6061 238
2946 3162 186
4839 4980 210
1767 1727 180
2076 7697 262
5718 1530 238
5893 5265 236
6015 8834 262
4255 2962 238
2518 606 209
1927 8395 262
6407 2641 262
6221 4392 262
1620 1251 177
8391 4181 262
7146 5454 262
2722 6422 262
4930 5762 236
4803 3794 215
9987 9813 242
8299 4970 262
4052 5467 215
8281 6937 257
4671 3837 215
6537 5497 262
3250 7945 262
2154 6079 238
4511 1014 238
990 2309 183
7826 1682 262
7946 3363 262
8323 5691 262
8253 6265 257
6817 3302 262
2414 1530 183
8575 4111 262
4237 5192 215
1195 4397 238
44 9993 262
7673 7633 177
5159 531 238
5326 379 238
1694 1785 180
9704 6841 260
2147 9954 262
2539 8621 262
5566 9890 262
358 9354 262
5615 791 238
2244 5195 238
9323 6610 260
6063 9840 262
2519 3248 217
495 8918 262
4163 9909 262
223 513 144
1677 6292 262
672 4408 238
2550 1276 209
2584 14 209
1970 6690 262
914 4040 238
7001 1767 262
8201 4656 262
5898 119 238
8975 1365 262
1439 1246 177
599 7693 262
4572 54 238
7539 6792 257
3761 8929 262
5319 6018 236
7967 3039 262
3804 2740 238
2887 5085 238
6769 3096 262
414 3722 238
9020 1943 262
4797 3959 215
2606 2272 209
900 9355 262
5093 2248 238
5791 5920 218
2347 3449 217
448 4429 238
5595 953 238
6460 3457 262
5204 2551 238
2514 5289 238
7990 2851 262
3269 9454 262
9321 8251 260
7611 5870 262
7852 4382 262
3407 133 217
7403 5615 262
7233 3079 262
6122 4008 236
8893 1501 262
9135 440 262
2280 5578 238
9196 5403 262
1222 5417 238
7881 5940 262
5913 8661 262
6896 4249 262
1668 5956 238
6946 8875 252
2110 9457 262
9111 8049 247
6882 101 262
3411 1200 217
9619 6177 260
8420 4185 262
3981 682 238
4215 5743 236
5335 5553 205
5802 9779 262
9524 350 262
1324 8542 262
1192 6313 262
7073 8026 252
1080 1220 182
3602 333 217
1962 152 182
7393 1380 262
8028 187 262
1913 3640 217
8160 3403 262
3492 1615 217
693 1642 182
9975 9217 260
4721 7861 262
7496 6277 257
2538 9346 262
1664 4696 238
9700 8230 260
2267 650 183
5908 1681 238
5771 1749 238
7907 6919 257
493 6826 262
3663 7787 262
451 8026 262
2075 4490 238
480 429 129
7255 8337 252
4835 9795 262
4970 5931 236
6299 4421 262
1819 1371 180
4616 2727 238
1808 1059 182
4930 9228 262
8941 1279 262
4547 8790 262
6702 6865 182
6943 9865 260
656 5082 238
3444 5050 238
6345 9873 260
3084 4681 238
4184 6531 262
2319 152 183
9863 1495 262
3974 7255 262
2365 2252 183
9130 2350 262
1424 1602 172
2267 9942 262
2759 4050 238
8093 1028 262
3710 8907 262
7196 3299 262
6995 2346 262
9728 3645 262
493 6293 262
3835 693 238
492 2932 217
6959 516 262
4187 1884 238
1806 1727 180
3634 9465 262
1433 513 182
7080 3688 262
9593 3482 262
9846 5199 262
6444 8532 257
359 4681 238
151 1005 179
923 6897 262
7755 1638 262
139 2330 183
5522 983 238
582 6424 262
4264 7084 262
5866 7119 262
4870 6849 262
3071 9815 262
5897 2645 238
5885 5880 174
9873 5550 262
7950 6120 262
4806 3977 215
733 6510 262
6165 1435 238
3357 4210 238
6633 9466 260
695 979 179
5364 7665 262
2588 3220 217
4684 516 238
9897 7924 260
1811 4288 238
2056 8568 262
894 2205 182
6882 8088 257
3399 2340 217
5218 1555 238
5534 5751 236
2085 3439 217
9866 7041 260
6478 3041 262
3069 9324 262
6662 1221 262
9174 136 262
7520 6939 257
8128 8222 190
1706 702 182
7224 8498 252
7056 9602 260
4988 7662 262
5387 9017 262
5534 6753 262
5047 1634 238
4152 3875 189
2850 2560 191
2153 7923 262
6543 9890 260
6989 1584 262
1995 9460 262
1787 3312 217
6215 4369 262
4233 4848 215
1635 5202 238
8602 9273 260
1452 1464 141
1895 6699 262
381 642 142
8939 4057 262
8817 6875 257
5815 6913 262
6216 9348 260
7543 3285 262
3831 5577 236
5628 1499 238
7146 4419 262
2072 7181 262
7909 3450 262
2233 1950 183
2232 6564 262
8716 9386 260
9856 2686 262
5651 2441 238
2874 4453 238
6817 6384 244
8467 3601 262
4865 4403 197
380 1408 182
9751 635 262
2201 1291 180
4542 336 238
695 5559 238
2449 7987 262
5789 586 238
5781 5051 236
5852 2631 238
4323 4522 215
2976 3960 238
6436 6091 262
41 2967 217
5925 3162 238
5075 2313 238
361 2175 182
9760 7575 260
8974 5625 262
7544 3099 262
1687 2211 180
2247 2243 77
2857 726 209
4180 8293 262
3586 8011 262
6018 5776 218
5715 1115 238
9696 3210 262
7550 4165 262
5851 187 238
9786 8491 260
4563 8245 262
1059 1289 182
2906 3263 217
2815 9634 262
3289 3100 199
171 889 179
4509 3725 215
5716 2202 238
8111 2304 262
6066 3011 238
5441 7154 262
4479 1906 238
3219 104 217
3861 6732 262
4646 2854 238
1668 1750 180
8472 6763 257
835 6212 262
1486 1977 180
9983 9756 242
8304 7284 252
4079 6742 262
6509 4343 262
1687 2002 180
4511 5229 210
5947 3254 238
6842 66 262
5755 6691 262
6190 4535 262
3293 371 217
3100 9708 262
5881 1505 238
5510 9053 262
1789 5812 238
6654 3084 262
1969 3817 238
9152 9207 198
6613 9213 257
8828 4133 262
3590 8372 262
9451 1570 262
2031 4937 238
5859 3988 236
460 6194 262
5541 3594 238
7898 7422 239
4180 5184 215
4363 6286 262
3696 3601 207
5093 4398 210
7584 1274 262
4922 4159 215
2047 247 182
6850 1202 262
7261 8300 252
4900 1186 238
1589 226 182
1636 2879 209
5119 6636 262
8358 2083 262
7948 1573 262
7152 898 262
7727 1127 262
9710 5027 262
9515 2554 262
5871 2869 238
6423 3096 262
4909 1040 238
9151 2041 262
4090 9898 262
9316 3040 262
9925 8066 260
7075 6465 257
7020 6236 257
8370 1421 262
284 5641 238
551 4812 238
3539 6754 262
6563 8341 257
8087 8018 190
9548 4685 262
4879 3566 238
7176 9785 260
5135 209 238
6341 9266 260
945 1288 182
9141 1045 262
7743 2870 262
9719 2339 262
1421 8005 262
3089 1052 217
5682 3274 238
4041 515 238
4824 5219 210
5699 8989 262
5865 3872 236
4644 4188 215
4217 3468 238
3846 3507 238
6675 1046 262
852 821 135
8619 6656 257
1765 654 182
9571 1107 262
8149 8317 203
3545 1773 217
4207 2876 238
2942 9976 262
9255 7710 252
6849 6904 182
6115 9652 262
6969 657 262
1866 4316 238
7138 963 262
3317 3543 181
3742 4275 202
5794 3254 238
2557 5463 238
231 3872 238
9911 1373 262
3 4433 238
854 6856 262
8896 9426 260
3281 7753 262
725 290 171
1267 7974 262
712 5230 238
9483 9385 198
5441 4962 192
124 2856 209
4793 9548 262
3540 3900 238
4545 9881 262
4057 1968 238
4751 7902 262
2063 5464 238
4035 4293 202
8599 5275 262
6120 9890 262
8258 6463 257
1719 433 182
4611 912 238
5765 6334 262
2962 2620 217
3724 8721 262
5292 9534 262
5863 2852 238
3224 6949 262
2966 2018 217
3204 128 217
8402 1085 262
110 6280 262
4682 6828 262
6576 9690 260
8188 5840 262
5410 6095 236
2848 465 209
9587 8122 260
7262 6457 257
5826 9902 262
3168 1853 217
1542 4841 238
7697 4020 262
9694 5553 262
9605 629 262
1283 7642 262
370 6001 238
8937 1825 262
9132 2794 262
4 6952 262
7071 5999 262
2120 6877 262
4741 6853 262
7720 57 262
3687 3699 207
7232 3827 262
9360 9130 260
8734 2350 262
654 223 145
2027 1430 180
2897 7255 262
9096 1922 262
6566 4142 262
3411 518 217
493 7139 262
8937 6265 257
21 8100 262
2069 813 182
4282 8177 262
2455 9952 262
37 5791 238
3488 9294 262
7778 8172 252
8729 801 262
9007 6154 262
9315 4454 262
8128 4411 262
8425 9805 260
5071 7879 262
9249 9901 260
1584 2460 183
8146 2833 262
4419 7890 262
8160 5523 262
8691 5241 262
9010 1204 262
3691 4274 238
4357 8821 262
664 9432 262
5929 2421 238
3258 4761 238
3977 5527 215
436 6340 262
3032 8238 262
6259 8465 257
3991 7592 262
9419 2919 262
3779 2597 238
4748 2526 238
3435 7875 262
211 9618 262
111 7704 262
6110 5616 218
6739 5610 262
7272 7552 239
5507 5822 236
6162 9631 262
6834 9883 260
9474 3576 262
1867 6826 262
9509 8623 260
1416 1997 180
6656 202 262
5904 4217 236
3268 7468 262
2106 6145 238
1600 6222 262
9408 8704 260
7328 6892 257
944 5395 238
2931 138 217
9372 8945 260
7275 8273 252
3057 5511 238
7406 4331 262
6404 4180 262
4713 4822 197
664 4318 238
1987 6152 238
1469 2144 180
1871 2351 183
1426 1025 182
8444 675 262
9963 7457 260
9799 7595 260
1501 6034 238
9728 2489 262
4278 2241 238
7578 2323 262
1770 9439 262
8427 639 262
1945 8833 262
6611 490 262
7852 320 262
8314 3925 262
3149 2478 217
3298 8476 262
4342 9878 262
9580 8804 260
6642 9918 260
5158 4929 197
8001 3180 262
1410 5153 238
519 6242 262
1665 4185 238
4643 6295 262
8110 3097 262
9404 6660 260
7560 2558 262
2391 5287 238
7143 5829 262
9558 2487 262
3280 6215 262
2315 5126 238
3523 8357 262
5467 9932 262
2098 9953 262
7629 2757 262
9900 1094 262
4513 5849 236
4615 8838 262
1773 7443 262
4267 9406 262
4835 9217 262
6907 7063 257
1343 4136 238
5375 8732 262
8507 3040 262
4877 387 238
2437 4115 238
7335 2730 262
3225 6238 262
5277 2624 238
2328 3153 217
3347 3917 238
1978 6297 262
5469 7358 262
4815 2519 238
4806 6097 236
5665 9533 262
7729 1849 262
1045 3780 238
7366 1567 262
9057 7405 252
2926 149 217
4711 1362 238
810 6904 262
3087 1496 217
3709 7553 262
6707 2468 262
5771 9224 262
2292 9367 262
4457 6679 262
6443 1415 262
2643 2310 209
7369 1515 262
8412 1847 262
559 5250 238
3968 9584 262
7434 2017 262
8662 2257 262
5526 6743 262
4865 8225 262
6979 5839 262
8166 9738 260
2469 5346 238
7303 1757 262
5205 1398 238
3310 4707 238
9765 7847 260
4901 6625 262
641 463 142
786 2407 183
7793 1701 262
369 3413 217
7147 7264 195
121 7898 262
2101 3351 217
5120 5627 236
168 7846 262
7242 9117 252
752 4990 238
3325 9999 262
1567 1418 172
7424 6966 239
434 538 142
4578 8774 262
7100 846 262
1078 1546 182
6494 7937 257
6444 3921 262
3096 9295 262
7995 5733 262
2313 2244 152
747 169 171
7201 9234 252
7039 8750 252
2872 9230 262
2431 3042 217
7224 7560 239
8291 2374 262
7877 1526 262
5548 6170 236
3613 3292 194
4845 1207 238
9579 1369 262
5094 8232 262
4341 1969 238
2801 5670 238
9957 3218 262
2981 367 217
4660 4134 215
5720 5474 236
7234 3653 262
9522 6810 260
4579 9939 262
7084 4181 262
6403 6669 244
9223 2607 262
7994 2619 262
9321 2832 262
5211 1651 238
8371 9790 260
3574 2410 217
6686 736 262
9981 6935 260
8899 2369 262
660 3030 217
1817 1341 180
8962 6902 257
4201 5115 215
2852 8992 262
8382 4519 262
16 2212 182
9961 5435 262
8710 4018 262
7729 3833 262
6387 4577 262
2534 4984 238
4431 4943 210
3590 8744 262
6455 9542 260
2153 8691 262
4821 9527 262
3767 3203 238
2315 9398 262
7946 8314 252
5886 8514 262
3166 6001 238
751 7327 262
3876 3953 189
9621 3090 262
7478 2856 262
8806 6424 257
1029 8408 262
9973 515 262
2414 2994 217
7668 7715 177
6267 7210 257
4987 829 238
4005 1063 238
6641 1642 262
9159 8681 247
7831 6046 262
8430 1383 262
9780 9058 260
6541 3573 262
5083 401 238
2221 3214 217
1305 6204 262
6258 3748 262
9002 731 262
3944 7233 262
7755 5249 262
6652 6824 182
7114 2810 262
9831 109 262
5929 6628 262
2661 4206 238
2722 3367 217
9716 9469 198
2980 4065 238
312 4859 238
3724 2594 238
5915 9730 262
927 1058 174
4818 8703 262
5443 2906 238
795 8842 262
9902 3718 262
1537 7155 262
7446 3396 262
2482 6107 238
4727 2921 238
3288 5452 238
995 5153 238
8372 7190 252
5619 4656 236
3369 4679 238
8940 714 262
7892 5494 262
5149 4156 215
1401 2013 180
965 7973 262
7448 2624 262
5137 4676 210
4447 4782 197
7731 8767 252
6489 4339 262
8606 893 262
276 1911 182
8142 4225 262
4432 6167 236
6916 9859 260
4739 1294 238
767 636 171
7370 6623 257
9558 5742 262
3578 1698 217
6066 9279 262
6021 3641 238
8249 6880 257
6407 813 262
9205 8686 247
9264 2986 262
7219 4083 262
9532 9411 198
3814 8602 262
9774 4500 262
6556 4302 262
9147 2499 262
6361 5165 262
9923 8705 260
6463 1150 262
7962 7282 239
3599 2476 217
7668 4423 262
9273 1406 262
7008 7828 239
8672 8309 234
8955 8979 247
4729 3857 215
8325 7957 252
6849 5024 262
9585 5744 262
8238 2132 262
8789 8649 216
4558 1888 238
7714 415 262
6124 2079 238
9821 4994 262
3457 1841 217
6876 1102 262
230 9890 262
8828 8024 234
520 1001 179
1711 3827 238
133 9994 262
1635 8047 262
9794 1704 262
3165 4064 238
2479 9819 262
3173 502 217
802 8233 262
2763 2350 209
5264 4725 210
9735 1540 262
6858 257 262
3278 6755 262
1076 7152 262
9777 5323 262
145 3037 217
4511 3806 215
2122 2817 209
922 3655 217
173 1061 179
343 6567 262
9282 8325 260
351 5581 238
6153 5805 218
3987 8562 262
3743 5763 236
6284 7214 257
3824 3872 176
2720 8122 262
2790 7756 262
7040 2339 262
4943 5669 236
2815 6343 262
5725 2076 238
7134 7328 195
6790 6284 244
866 1818 182
4396 7944 262
3510 3011 199
4087 6511 262
1724 3310 217
1214 1663 177
