1 10 20
100 200 125
201 210 89
900 1000 174
1 1 1
10 1 20
22 22 16
11652 18990 279
14877 31616 308
5846 29289 308
26706 27700 259
24970 17523 282
3372 29569 308
6825 32661 308
14546 28189 308
13029 27059 308
340 14028 276
6590 3807 262
29393 727 308
6036 9041 262
14465 19452 279
13781 25346 282
22517 21266 269
3679 21107 279
20192 12563 279
2613 22637 279
2032 16745 276
9234 15647 276
32589 21171 308
13337 2527 276
20547 7091 279
19837 32304 308
13959 32452 308
18131 58 279
6241 19480 279
3008 5527 238
15894 20827 279
115 15571 276
7088 3565 262
2193 2132 170
32599 24138 308
6168 7368 262
23777 22101 282
10608 14771 276
26152 4853 282
17271 5752 276
25508 17675 282
82 15967 276
993 22454 279
5677 14221 276
24480 19615 282
2493 2876 191
14952 9767 276
3529 13388 276
16576 7083 276
7472 32118 308
2623 24937 282
3541 19534 279
26454 26421 171
28080 29135 259
2903 13854 276
8804 1697 262
24563 2712 282
16985 13619 271
30719 13281 308
11807 14399 276
31668 980 308
8477 16285 276
6257 22775 279
5728 12050 268
31644 27538 285
6749 8274 257
9164 32274 308
32564 24718 308
19664 4020 279
16321 27356 308
14271 3476 276
6822 22461 279
25774 10688 282
20796 855 279
6072 1335 238
6648 9044 257
12764 5359 268
9142 14564 276
20738 12139 279
15124 28347 308
1320 23775 282
22237 26145 282
14797 28248 308
5930 2144 238
32222 20891 308
15343 162 276
25081 29296 308
16376 1476 276
23208 1507 279
6397 17052 276
11904 3794 268
9675 23393 279
2479 3738 238
23271 5758 279
29742 5298 308
30241 3633 308
26937 30073 272
31953 7697 308
4906 30294 308
10755 26751 308
16373 7551 276
20309 29727 308
16152 5709 276
30286 14587 308
2612 13364 276
1645 2929 217
28474 6963 308
2859 21427 279
22788 24805 282
30671 30533 197
2215 25291 282
13179 32048 308
6010 8306 262
27759 14248 308
9077 4204 262
27659 233 308
6920 20282 279
1720 30613 308
10453 25438 282
1524 8728 262
12901 23330 279
18061 5301 279
11758 4525 268
8656 6860 257
32007 32458 267
23191 10069 279
30002 17372 308
30370 21913 308
26791 1957 308
13759 14644 258
23876 28756 308
21288 11607 279
23162 13093 279
31047 32074 285
13226 14362 276
1499 6308 262
27329 18917 308
3025 26848 308
7460 18912 279
17802 11677 279
27559 19829 308
27930 205 308
18044 13220 279
1667 10949 262
2442 1616 183
4277 9878 262
25571 9353 282
25873 829 282
14850 31759 308
28186 6986 308
17286 19470 279
27605 2986 308
27476 4912 308
3273 13700 276
2457 17530 276
31038 12070 308
13547 20717 279
15190 24324 282
16713 30251 308
20960 2023 279
6078 6154 187
32585 15982 308
21388 23926 282
5779 19731 279
19761 30392 308
24793 8814 282
2526 1043 209
16533 10139 276
23790 13502 282
23145 23467 251
32189 11148 308
10826 32499 308
16867 29771 308
11713 4563 268
23465 31567 308
21179 17689 274
18980 11518 279
9775 11030 268
21908 1352 279
22514 6877 279
19853 7046 279
6587 26453 282
16064 23048 279
25172 16483 282
20247 19724 274
5078 26149 282
22853 30990 308
22421 10069 279
28502 5428 308
12822 790 268
21694 12041 279
8386 25139 282
17169 28142 308
17892 9432 279
12797 6137 268
8205 24982 282
27882 13488 308
14667 7610 276
31409 21093 308
5502 22816 279
32686 18701 308
20992 19148 274
21653 11185 279
12642 29816 308
15175 25674 282
23197 16126 279
25282 26358 246
18116 14272 279
27851 11430 308
31094 21201 308
23627 27180 308
14047 18389 279
14645 782 276
20135 27460 308
3140 7203 262
24872 16956 282
14247 4698 276
32409 4181 308
3194 22211 279
22016 23548 282
20983 21416 256
31471 11962 308
23344 27180 308
11751 20981 279
42 26605 282
22409 1917 279
26585 32318 308
21618 11226 279
5692 25223 282
22753 17510 279
11421 6966 268
17339 25604 282
5020 2665 238
12240 10335 268
13978 25253 282
30609 32542 285
14931 31707 308
13422 29384 308
29107 16476 308
12883 9760 268
18364 14164 279
13631 28785 308
19947 19818 274
9697 1428 262
23898 25553 264
809 13544 276
4511 7154 262
26750 30440 272
16218 28825 308
4573 3473 238
21967 14118 279
20644 25749 282
19722 2579 279
8111 28702 308
7019 21784 279
30009 15806 308
13279 8741 276
26078 32452 308
10015 7385 260
17984 22733 274
19891 25143 282
21760 19789 274
10163 8163 260
17238 4551 276
16600 31506 308
3096 10310 262
10606 19673 279
25248 10426 282
4755 5071 210
14886 20459 279
28951 15090 308
11978 31654 308
28536 29771 272
3505 13234 268
10596 10634 255
31578 31786 285
31566 31625 192
3151 13931 276
2231 20961 279
15471 25036 282
20306 22611 269
24121 14239 282
21487 15872 279
17926 954 279
309 29896 308
14083 31766 308
14846 30254 308
1337 13222 268
31521 25545 308
27712 31779 285
3192 18326 279
9542 19857 279
11911 18350 279
10273 24527 282
12028 25793 282
1636 17150 276
438 8017 262
20900 10539 279
1955 10364 262
14252 18932 279
2658 22095 279
4532 32524 308
11951 1330 268
28451 5216 308
1805 14852 276
7005 8595 252
2711 32401 308
10021 5576 262
7211 8635 252
7306 27315 308
22461 23111 269
10035 22065 279
30949 13027 308
4902 21120 279
8714 29371 308
12381 19986 279
10009 1893 262
11111 8601 268
30428 5044 308
25555 29723 308
21012 28171 308
23837 21579 282
15808 17701 279
15800 13528 271
1852 20057 279
974 26802 308
20264 4388 279
4162 32271 308
26474 13492 282
25981 12190 282
22014 18902 274
10792 28898 308
18854 29073 308
10446 12987 268
14003 23890 282
25733 30371 308
32457 28254 285
555 11843 268
20942 545 279
2291 16175 276
31020 21973 308
23068 7609 279
9439 26260 282
15072 4571 276
27141 11050 308
10760 7997 260
11066 6585 268
24997 16689 282
21689 32466 308
21288 2509 279
13232 9855 268
10947 2001 262
27083 17385 308
10483 4997 262
19776 27561 308
26100 10607 282
25625 840 282
14055 10878 276
24506 30635 308
20447 22653 269
9460 14976 276
26746 18471 308
9049 19491 279
11644 23732 282
1443 21429 279
26677 16559 308
21284 15216 279
24608 11796 282
28362 17791 308
14846 12670 276
28413 25303 308
26268 26104 202
17802 9613 279
31517 32187 285
23553 7536 282
30448 22750 308
6222 32704 308
26107 28101 308
27156 996 308
15561 30123 308
23037 8937 279
15820 15506 253
25564 14781 282
236 10886 262
27153 14668 308
2026 27281 308
1712 20423 279
16079 14821 271
8290 20374 279
10619 5671 262
5834 60 238
13292 2367 276
21737 13065 279
21486 25283 282
15727 25008 282
17412 2316 276
9305 9401 198
16097 21120 279
522 6055 238
2524 31089 308
3984 27672 308
19428 9399 279
5357 8479 262
18777 6223 279
3775 17131 276
80 14590 276
31380 20874 308
1181 8888 262
9898 1027 262
11430 28999 308
16693 14679 271
16138 27900 308
17710 9194 279
13585 15729 271
4451 13693 276
21814 3146 279
6606 28413 308
20040 12555 279
8658 4105 262
27660 15775 308
17455 1870 276
23237 5295 279
15225 23826 282
30383 10088 308
23524 10531 279
23027 16145 279
15181 31675 308
20499 17471 279
16205 11875 276
13571 12282 276
941 3398 217
10120 7486 260
7343 18446 279
13892 19001 279
7544 20089 279
8784 3403 262
22867 8842 279
16668 20824 279
9663 30622 308
32637 11924 308
17047 6857 276
16269 2125 276
8936 22281 279
27953 26497 308
31299 28673 272
12278 5901 268
7224 18144 279
25364 30905 308
31768 12758 308
6013 12200 268
3104 16543 276
17168 30614 308
19415 11938 279
22102 26058 282
30960 7888 308
17213 2926 276
12181 32156 308
24388 7028 282
1992 3701 217
30296 22300 308
7563 17802 279
12673 15425 276
28344 10884 308
6838 18030 279
1004 13228 268
11887 18099 279
26358 16544 282
3569 32418 308
26985 2809 308
13998 11060 276
12739 11198 263
29286 18979 308
49 26113 282
29851 12321 308
5165 20097 279
10734 3174 262
13122 26215 282
6910 21976 279
3346 21916 279
21143 29346 308
4271 28979 308
2186 14605 276
18202 17097 279
22375 26847 308
24121 19970 282
8593 24646 282
15080 10202 276
10136 8698 260
22888 29016 308
31781 14015 308
31388 26773 272
18988 17701 261
19189 26747 308
4472 4333 215
2671 19089 279
11798 328 268
23210 29038 308
5616 607 238
27227 9077 308
7234 3100 262
7852 20353 279
26104 8987 282
26654 25706 308
11228 12379 263
23820 26790 308
13058 1810 268
28326 9709 308
14392 7403 276
21256 25711 282
158 20123 279
21473 31234 308
27464 3842 308
10678 17173 276
16651 22543 279
26144 28203 308
725 16068 276
29418 4013 308
21525 22734 269
2509 8040 262
14738 28178 308
4843 15943 276
30172 31087 254
7051 30379 308
30085 5913 308
8476 23579 282
4844 4967 210
2662 32759 308
3042 24823 282
17598 23023 279
14098 18778 279
26453 15519 282
14701 20254 279
25847 18123 282
24628 9150 282
18619 18060 261
19423 16689 279
19212 23933 282
25200 29237 308
15421 26604 282
793 8667 262
28217 6594 308
27536 4869 308
31823 32055 254
16957 292 276
16136 22422 279
25689 27410 308
2812 25259 282
28722 15272 308
28018 29682 272
23307 21898 269
31797 6463 308
12684 5826 268
17547 9475 276
15446 24491 282
8484 26486 282
9927 9321 242
6915 1796 262
23645 7515 282
4988 27677 308
3446 5895 238
32215 28456 285
30204 17257 308
17403 14897 271
16623 24060 282
29213 10856 308
18811 32370 308
19458 27945 308
21083 595 279
22943 30799 308
10658 8705 260
7235 8398 252
22242 22003 269
1628 23351 279
9544 22256 279
289 31530 308
17939 19234 261
699 31730 308
2939 24911 282
16892 16419 266
22463 25185 282
29446 14970 308
22700 20371 269
23779 2590 282
4833 13984 276
26869 26826 215
22752 5856 279
8894 16605 276
15308 27463 308
21226 12254 279
24930 2842 282
32158 14295 308
21435 30401 308
16350 21985 279
27290 28466 259
2709 3134 217
2683 24090 282
19935 10932 279
12506 1800 268
31624 23598 308
7152 1075 262
20601 26257 282
24437 17999 282
11474 21545 279
27955 27277 259
6634 4616 262
4927 21595 279
19181 24321 282
4615 25617 282
24751 19566 282
5099 30639 308
22280 4656 279
25703 396 282
20919 8719 279
23221 20987 269
26344 26517 277
16574 8430 276
2841 15089 276
26451 19213 282
314 21061 279
20425 23965 282
11424 27233 308
22127 23515 269
15044 28796 308
11541 6196 268
10777 31021 308
11786 19865 279
9202 14161 276
31347 26749 272
13695 28397 308
12641 1240 268
19726 31105 308
22927 27432 308
26420 25032 264
22743 15563 279
27021 28273 259
30828 22000 308
14892 24899 282
17211 13067 276
21664 5510 279
19152 20590 274
2386 10467 262
384 22261 279
11203 25280 282
24931 18588 282
17469 11752 276
7566 12089 268
26607 8435 282
26388 11382 282
5282 16604 276
25118 27473 308
12141 30522 308
16490 9774 276
21018 27018 308
13058 2920 268
5243 18223 279
15630 1394 276
9963 12902 268
4303 19954 279
201 24582 282
28580 17540 308
31260 29689 272
1657 13844 276
3788 9294 262
10333 12113 268
8194 6992 252
19203 29625 308
20457 8828 279
20023 9999 279
29514 11636 308
23393 27697 308
21024 22593 269
16903 7870 276
106 30453 308
10931 11006 268
18314 22084 274
20214 17365 279
3983 13687 276
14506 28239 308
19525 28279 308
2350 23129 279
19189 14808 279
12935 30358 308
20468 19786 274
23434 27784 308
5289 7929 262
17813 2599 279
13163 22457 279
23468 6166 279
1544 8571 262
13355 11752 276
31885 23755 308
20940 18683 274
8386 16973 276
7512 20636 279
21862 14623 279
16747 7853 276
17005 9356 276
9647 10550 255
23295 15226 279
4849 12182 268
32246 20603 308
28821 7635 308
10386 13548 276
4288 24119 282
11711 3603 268
17167 17348 235
8986 21516 279
5303 9136 262
13274 21947 279
17444 25085 282
21067 26292 282
28008 6818 308
22285 19531 274
2073 26019 282
371 27364 308
23090 11100 279
26193 5223 282
21602 6001 279
17429 4976 276
25846 10539 282
30019 16995 308
12010 18298 279
17422 10025 276
6518 18909 279
1007 31746 308
9491 16537 276
21553 9733 279
18579 31839 308
6212 25591 282
10241 2719 262
9006 25941 282
20460 27426 308
14620 8216 276
12919 27455 308
8791 15023 276
4410 21165 279
2971 8348 262
14019 26526 282
26745 7216 308
24258 28025 308
16197 7669 276
660 3309 217
27395 19089 308
21359 15587 279
5358 14607 276
21904 12421 279
18353 32635 308
1055 18886 279
14092 13915 196
17131 1749 276
24781 31074 308
14726 11494 276
22792 18432 274
14439 18626 279
24109 3537 282
27805 2520 308
30011 18865 308
20606 19565 274
19504 5627 279
18378 16365 279
32321 14403 308
284 5179 238
22594 31315 308
4513 32766 308
7608 23635 282
31664 9114 308
5098 11721 268
17430 13248 276
17699 12166 279
22155 30340 308
29330 32194 285
10260 377 262
23536 14305 282
26405 24774 264
13535 29810 308
4505 7222 262
28573 1425 308
6093 25922 282
5451 17190 276
16514 29645 308
23335 5391 279
19736 10157 279
9728 7741 260
31656 28829 285
3358 31689 308
9359 386 262
14681 23605 282
26706 15056 308
29484 8732 308
32334 31643 285
16492 15690 266
2112 27608 308
3333 25059 282
13159 28185 308
25841 15433 282
8187 20123 279
30662 2742 308
30554 332 308
29778 1661 308
5367 2937 238
21868 27585 308
9341 22885 279
7113 28697 308
7888 12498 268
988 2591 209
20184 28971 308
2875 7851 262
17789 13721 279
7243 10227 260
3674 24602 282
30527 2613 308
27968 15386 308
1129 22962 279
21065 23531 282
19975 21192 256
9529 753 262
14994 7632 276
3062 3638 199
11496 31488 308
28022 7221 308
1279 19930 279
28414 3807 308
9242 30060 308
19416 385 279
28670 24062 308
28170 11302 308
15927 24939 282
3201 13694 276
11295 21523 279
24292 1943 282
27304 6140 308
20313 1107 279
6678 25022 282
8369 801 262
3531 15239 276
17327 28422 308
16123 5374 276
30890 7199 308
22887 15053 279
4323 32268 308
27334 7840 308
29775 3342 308
14364 5401 276
29896 19485 308
13707 405 276
6041 3994 236
26727 926 308
6114 15453 276
13702 16610 271
2730 25028 282
12204 3456 268
2026 29088 308
28426 20262 308
4572 10822 262
1292 3215 217
19820 16238 279
793 5160 238
6993 1772 262
8469 2929 262
30253 22615 308
23637 10154 282
16442 22179 279
9323 7089 260
11363 24132 282
24776 5551 282
19334 2629 279
23282 31623 308
1320 17387 276
19610 22666 274
10203 24945 282
25673 12197 282
5856 2662 238
228 16457 276
5939 28545 308
14640 17353 271
32612 13088 308
15211 5576 276
19350 6884 279
17501 21681 279
20458 15778 279
722 22877 279
13172 9231 268
2291 21635 279
16964 8634 276
26999 12434 308
4853 14035 276
5526 1287 238
12279 15727 276
7286 10723 260
13517 14831 271
19977 31158 308
18480 9614 279
25812 25246 246
15782 6634 276
8437 26225 282
21860 18187 274
29771 6384 308
21380 15791 279
24739 6894 282
11436 30967 308
28306 27516 259
15844 3666 276
1626 12983 268
25128 20304 282
16885 1496 276
27239 23907 308
21457 32511 308
22259 3090 279
6591 31484 308
22646 18842 274
28043 26267 308
28362 16142 308
30415 11653 308
21760 4732 279
10879 12905 268
26243 25430 233
24769 27228 308
29830 25715 308
22927 1405 279
9078 27847 308
10249 8578 260
5467 14109 276
29488 32028 285
28090 3669 308
12602 10581 268
12749 13344 276
24709 25884 264
13751 13101 276
31456 9771 308
5329 739 238
9309 2097 262
28050 21489 308
16084 29885 308
19882 1325 279
5924 30287 308
25098 13731 282
13211 24352 282
20321 11441 279
14097 23442 279
31972 31233 285
11686 8351 268
23214 2448 279
126 7340 262
12381 23232 279
10183 16710 276
30554 989 308
16842 21125 279
27835 14450 308
32241 7504 308
16380 586 276
3152 8440 262
13999 26927 308
16390 29079 308
3891 11646 268
25802 13116 282
19404 25079 282
22033 16493 279
3247 3010 199
11218 13694 276
7607 390 262
12491 6938 268
3527 10987 268
2335 9184 262
7936 30968 308
3671 9751 262
32608 9291 308
22840 8156 279
22700 14955 279
1383 31505 308
27285 32145 285
1928 12370 268
3543 15615 276
11847 3060 268
31183 11236 308
19284 13914 279
2681 13932 276
13722 27786 308
4805 28719 308
30134 8230 308
26390 11878 282
30398 2394 308
9016 2515 262
18566 2904 279
1496 27364 308
21527 28803 308
29364 19797 308
16661 2124 276
29133 27169 259
27386 7792 308
7797 23419 279
9656 29836 308
25884 27612 308
29023 22020 308
28809 22907 308
17944 32720 308
756 4832 238
28578 12931 308
27771 14835 308
20593 23878 282
22611 23560 282
16329 20830 279
16359 10472 276
