303279 469752 449
805033 501987 509
437122 651421 509
547033 377418 470
993432 332855 525
731651 741488 424
47697 543207 470
779950 677829 504
486784 767739 509
75725 769293 509
883226 535549 525
222358 363780 443
886248 831229 525
229497 669726 509
234756 108346 443
818071 102523 509
605113 777680 509
768225 63579 509
324170 228346 443
51957 568672 470
911527 755259 525
374549 815719 509
450990 50412 449
419960 256512 449
625164 390510 470
453052 600597 470
438450 739798 509
725629 365841 509
557595 281690 470
987706 19026 525
78613 57505 351
671409 671280 217
276452 545439 470
114313 274738 443
403121 394113 405
318984 295819 384
683995 370719 509
849012 896874 445
343501 670009 509
424732 162010 449
503948 953957 525
220613 108105 386
348341 207152 443
352239 639426 509
809999 456301 509
980166 812217 525
36967 390426 443
227254 28767 386
752700 660798 504
198124 720151 509
546838 586268 434
127462 214488 383
433200 645159 509
950759 157553 525
620117 78769 470
978308 259758 525
497536 682453 509
4586 375067 443
2475 211794 383
959555 30389 525
622697 602112 447
591503 269897 470
136747 783648 509
463215 536173 470
896358 791153 525
200037 188481 360
994314 604552 525
851055 19359 525
593847 442732 470
962791 22033 525
225017 16477 386
145027 644867 509
87963 647674 509
360476 692794 509
816914 387609 509
974912 678152 525
102633 317914 443
714300 74805 509
431686 144606 449
86226 259170 443
669835 395807 509
883825 787746 525
657539 833251 504
598814 433085 470
746489 711761 424
260927 419562 449
234134 745707 509
23085 82857 351
947492 354082 525
315616 437677 449
506423 639471 509
954133 321974 525
963828 506588 525
211614 563850 470
255839 123551 443
483238 821442 509
740397 32859 509
788232 200793 509
859685 754235 525
792703 631674 504
629439 938662 525
965605 47886 525
15857 355001 443
687931 283975 509
135853 862294 525
85667 931032 525
689602 781898 504
143486 125925 375
557807 598773 434
639442 567700 509
865559 571928 525
509425 538535 470
152618 242086 443
381243 638815 509
999294 296176 525
433402 474630 444
437303 991011 525
158416 447538 449
155747 797092 509
521826 241326 470
359747 181132 443
68606 432367 449
162960 596140 470
382994 10143 443
208715 857352 525
772563 111621 509
51880 366622 443
4999 47040 324
15355 662027 509
533972 5680 470
409053 74689 443
714762 938415 525
868938 188767 525
521713 989710 525
146896 403904 443
29599 567301 470
936507 120896 525
869195 305907 525
881984 241144 525
876405 326612 525
464810 866049 525
882706 628107 525
254125 668698 509
972662 643848 525
90219 968611 525
352908 849176 525
204277 686625 509
810553 472595 509
588760 79008 470
26616 165201 383
666722 383325 509
337298 324672 366
716400 970889 525
184488 349706 443
993732 128818 525
354794 799606 509
760885 622537 509
740965 846849 525
777176 202229 509
427391 658398 509
979108 24138 525
240796 315342 407
66121 644036 509
883198 671661 525
712697 933885 525
915731 5959 525
185337 249130 443
34553 120100 354
314019 730093 509
325031 835174 509
527655 558202 452
140405 230355 386
819418 383936 509
773287 89510 509
861842 441618 525
602630 930672 525
810302 731686 468
508206 189853 449
772936 654414 504
746742 252302 509
342979 458744 449
975949 849571 507
292311 475779 449
943083 954152 414
833030 69482 509
225703 259059 443
194885 675023 509
870242 810700 525
481607 20977 449
271925 299817 389
151350 863027 525
255178 484820 449
646381 955681 525
256150 576466 470
802550 527139 509
934503 778529 525
580400 126676 470
831110 388039 509
4999 496198 449
560805 727247 509
322347 127632 443
994009 901227 507
635604 955502 525
209171 475934 449
836110 216325 509
912634 242046 525
8932 561874 470
122623 709938 509
152328 186509 383
419488 184709 449
310136 858828 525
861012 68835 525
584604 806452 509
589250 938890 525
517537 729870 509
537316 664703 509
706610 547446 509
99664 566482 470
903694 604149 525
325034 173188 443
562738 369921 470
883964 459194 525
229560 311845 443
682950 691303 398
404701 866365 525
624865 148432 470
403986 444108 449
533469 281960 470
694908 582062 509
894745 618299 525
166341 564009 470
492071 786786 509
804255 525251 509
412118 982774 525
212073 78369 383
634146 695008 442
619007 257387 470
681606 636411 442
449990 816152 509
666528 169882 509
989958 93244 525
127945 601807 470
384939 453074 449
315259 890616 525
963422 11192 525
398959 549071 470
194868 139105 383
612452 68849 470
406047 582758 470
235052 123759 443
610212 121856 470
785768 572435 509
95592 270706 443
545444 797058 509
863722 392613 525
501320 179313 449
375405 956590 525
743040 691393 504
906486 17476 525
625093 638761 509
491396 392901 449
290354 371536 441
90975 356559 443
108179 762343 509
816845 635330 504
23453 344522 443
77034 394928 443
325282 883756 525
137333 310800 443
606877 72605 470
462756 81944 449
92666 366407 443
696391 607981 509
77977 325961 443
882993 919813 476
220547 251812 443
129692 360951 443
997146 886386 507
672203 364468 509
402135 45295 443
936402 22689 525
956167 757723 525
150506 789633 509
103732 185313 383
817755 164143 509
495119 284319 449
203286 487155 449
306166 763632 509
46448 922369 525
44899 561276 470
817557 678891 504
934545 108167 525
2137 6490 262
89413 939867 525
711471 214472 509
73932 551507 470
208862 906848 525
238325 999854 525
883608 230889 525
776679 314011 509
192847 790707 509
328352 485643 449
457982 809238 509
1807 875727 525
296486 802806 509
723556 46329 509
205677 725016 509
119873 208375 383
167655 636588 509
565677 406142 470
863153 903080 445
102843 683984 509
154021 75888 375
786160 904082 525
512063 633500 509
870415 898619 445
84940 15526 351
16034 679614 509
962903 682133 525
468528 865266 525
624388 134046 470
756607 250237 509
210521 338133 443
254338 67534 443
749834 941009 525
518620 28169 470
704599 609038 509
25190 940361 525
881454 647300 525
166256 105378 383
870007 497740 525
52709 24006 340
901159 221429 525
516221 427962 470
381876 125337 443
782528 705584 468
912739 442215 525
319331 563147 470
337986 868290 525
44608 550157 470
929394 218772 525
299326 793237 509
793901 652697 504
176516 261245 443
618978 802236 509
702966 9509 509
815631 292548 509
151385 565892 470
341388 670505 509
14076 435532 449
343228 584822 470
225674 249705 443
430729 577684 470
957205 820629 525
431541 330185 449
824920 350499 509
920318 951798 507
744196 725429 424
475465 540625 470
670429 5466 509
66567 867451 525
484120 847663 525
224527 440175 449
316899 921621 525
737013 131976 509
315338 296662 384
40774 968399 525
195311 757736 509
353202 181298 443
59948 116735 354
19500 586751 470
672925 76959 509
630273 41445 509
453692 655813 509
593631 359118 470
581111 791578 509
170537 208419 373
76432 351972 443
631978 745099 504
981771 133147 525
697391 324612 509
132646 1794 354
459167 427450 400
920387 862513 476
595489 474281 470
46760 455767 449
862635 955154 507
257434 790963 509
770179 225805 509
461754 363271 449
752508 738331 424
717306 321097 509
758809 283109 509
10892 733023 509
805564 402898 509
242528 642065 509
935909 367270 525
384150 427688 449
278043 425888 449
320105 252688 407
320515 844300 525
997516 976166 427
221062 691278 509
973176 446274 525
829842 801836 450
515167 505936 470
400892 667543 509
208967 579892 470
351924 705234 509
977876 537252 525
974661 186607 525
515415 735146 509
294618 658499 509
370075 122619 443
199071 711712 509
851980 246961 525
409261 239379 441
112918 848413 525
191881 942157 525
449683 978944 525
465077 124470 449
428748 651296 509
449630 448108 369
278269 372239 441
373868 903760 525
5653 574615 470
368618 648557 509
560799 305939 470
975254 459905 525
11086 89502 351
910336 533854 525
603746 760281 509
646680 966665 525
699298 802968 504
289662 610269 470
35532 508642 449
767654 697548 504
806129 249808 509
387336 246516 441
726313 420367 509
150460 988844 525
477248 694162 509
637976 186856 509
133091 560924 470
550624 787355 509
910785 801268 525
622974 845501 525
711201 420472 509
807655 301616 509
474066 849535 525
755867 378555 509
249898 570251 470
376273 787527 509
75617 41217 340
264730 69413 443
676416 714913 504
890318 65656 525
903531 647932 525
685222 508199 509
121774 551209 470
795154 290400 509
744472 168006 509
587477 786757 509
869968 999989 507
817532 6102 509
548345 602372 434
120617 12354 354
333419 469982 449
510855 51907 449
351965 428033 449
150262 436969 449
229664 877373 525
656437 964094 525
264297 66122 443
802442 993482 525
764702 495797 509
23760 490747 449
260133 412467 449
831037 404624 509
684014 330144 509
750385 327425 509
166248 467070 449
343075 621758 470
8845 156463 383
679511 863987 525
507717 226705 449
950990 869138 507
191860 733994 509
245962 748933 509
27835 142564 354
979794 455768 525
276576 479771 449
675412 989754 525
353144 66108 443
862123 976042 507
149031 484134 449
493796 194629 449
334362 836336 509
766645 574419 509
674180 707343 504
83046 57527 351
32155 529157 470
186171 194770 360
249154 998636 525
169878 650393 509
216626 510364 449
258457 76088 443
490453 4004 449
255802 119937 443
508458 291888 449
564524 323052 470
438321 529811 470
758394 221078 509
330624 154596 443
68003 359938 443
201270 360278 443
447452 607275 470
974581 113873 525
295996 584980 470
239757 414618 449
393280 551718 470
901414 921236 476
275971 210987 443
727697 219369 509
573718 38668 470
154558 762500 509
449536 829256 509
455202 460108 356
588214 858355 525
352425 964492 525
549466 2864 470
536669 332768 470
656760 846466 525
815701 470239 509
120089 805027 509
282513 698431 509
342094 978736 525
984700 592732 525
207255 712305 509
895863 394394 525
739136 454017 509
743083 365050 509
317249 578635 470
944356 631270 525
813344 366990 509
957334 667643 525
454997 416533 418
920277 350730 525
164318 955484 525
259843 429802 449
992226 530638 525
787781 714660 468
162090 540004 470
213934 267022 443
279865 591214 470
629540 991648 525
806400 940182 525
929129 417511 525
909375 689859 525
201792 422551 449
412598 510295 444
552327 841265 525
22207 317497 443
570317 925638 525
170324 514747 470
801976 5169 509
411175 674350 509
467033 185150 449
923451 522034 525
203009 62199 383
848567 91626 525
828185 821362 419
54042 562841 470
125089 566356 470
925220 989625 507
195661 994438 525
72962 572956 470
526551 868537 525
233006 52396 443
416730 66424 449
669385 582787 509
912081 638439 525
712166 201346 509
616461 263786 470
678996 629717 442
601614 826318 509
437154 461236 400
62538 239021 443
775614 354504 509
887335 233804 525
923838 17797 525
198315 624818 470
778241 289638 509
334189 438160 449
879741 465785 525
719100 745817 424
316050 976254 525
587210 105582 470
54532 445622 449
551825 959923 525
364005 641855 509
190339 116193 383
341748 155132 443
14156 461564 449
983190 709132 525
104145 228304 386
569921 535658 452
784041 16359 509
988340 950086 458
815847 464926 509
826259 441360 509
978272 768511 525
614741 691918 509
867523 936055 476
323835 793404 509
310419 365730 441
114476 41378 354
699956 728138 504
305789 884267 525
996783 77023 525
938107 326588 525
333923 150248 443
315708 657104 509
70249 596272 470
296599 117205 443
924517 239053 525
906449 553959 525
908105 18266 525
426431 74456 449
738326 864494 525
213749 640442 509
39739 170143 383
653580 291592 509
386134 28207 443
228835 209617 386
670338 341786 509
438813 685228 509
926857 491970 525
545567 781744 509
483843 481914 382
956007 744726 525
590904 472900 470
80929 187644 383
142183 618593 470
490212 818192 509
283182 763254 509
724315 712225 411
152841 322140 443
264595 56929 443
771055 660653 504
199669 177214 365
961275 769370 525
350876 578478 470
319212 848624 525
130122 593566 470
762761 707292 424
941433 140999 525
557304 556382 346
419817 965060 525
536752 682769 509
717994 540815 509
276026 69898 443
570593 334914 470
750087 75822 509
989836 594699 525
483120 778288 509
587011 498325 470
875824 104681 525
417314 832478 509
281768 586754 470
251004 305286 407
568792 816227 509
516051 478651 470
800935 768840 468
736929 961805 525
846010 870619 419
80544 849590 525
350848 888843 525
121222 879085 525
488898 994722 525
604393 187608 470
873202 929716 476
900077 5500 525
528632 101262 470
376771 690849 509
73038 102458 351
653146 518155 509
579485 792613 509
904774 827115 525
844201 385999 525
506315 519892 470
158413 872876 525
714617 151419 509
617085 71256 470
426082 410770 418
574976 966610 525
723729 170269 509
441349 775521 509
27525 782389 509
323857 827560 509
786388 94328 509
422610 126220 449
897663 16855 525
666790 889085 525
826735 182603 509
204093 514633 470
277396 447580 449
947121 681443 525
487011 879260 525
268178 992071 525
618599 821599 509
573055 33682 470
201577 488744 449
6014 913904 525
288560 875690 525
239006 304711 407
590207 889016 525
962951 115934 525
776291 101838 509
213538 938090 525
798619 746605 468
754795 239242 509
125991 746278 509
845777 129594 525
454342 719371 509
248106 672409 509
829454 492990 509
191972 488469 449
830926 634403 504
726109 600459 509
279662 79105 443
331617 420859 449
318659 253653 407
224400 606055 470
171330 686633 509
660660 741883 504
796075 997668 525
144022 935644 525
847083 791642 525
877966 225907 525
204560 186810 360
879911 587457 525
157070 495612 449
704503 958740 525
72343 470641 449
139136 269401 443
738959 497622 509
164205 928545 525
435657 823437 509
308011 624351 470
417477 963564 525
557226 828751 509
358240 314941 441
547512 942449 525
83231 163133 383
31465 74213 340
274039 456881 449
172726 575896 470
883732 778774 525
513548 61144 470
737465 405106 509
501279 276227 449
411708 575540 470
168061 970604 525
915873 700157 525
158407 748872 509
298026 495574 449
152699 586400 470
379821 530205 470
973103 467629 525
192250 713216 509
218765 416807 449
373934 233377 441
765240 433940 509
11365 833507 509
370191 784224 509
555217 522992 452
569564 505744 470
57488 521327 470
871548 969983 507
767818 314397 509
946970 486339 525
313620 60974 443
711950 105472 509
724976 79412 509
804343 454836 509
113682 731067 509
563028 626804 509
4415 211647 383
462147 16016 449
218252 884144 525
315649 958962 525
324252 71527 443
829216 951754 525
959476 260637 525
868910 207002 525
966317 379672 525
721635 658042 504
264118 13419 443
438342 638838 509
17558 743718 509
973995 577772 525
418334 389783 449
241994 337408 407
132392 255293 443
196331 147716 383
431275 131835 449
744605 947043 525
453265 469300 444
787341 928249 525
110122 829260 509
761552 39388 509
156792 770088 509
749155 275185 509
109630 688454 509
895327 413751 525
404509 525259 470
446064 644097 509
974048 711464 525
579037 890176 525
833950 291095 509
680002 734970 504
488782 267524 449
296190 280932 389
665424 48049 509
651238 293053 509
431621 556764 470
135310 380251 443
673790 318405 509
953375 616724 525
75593 556715 470
399137 61473 443
185533 778172 509
978621 769171 525
107384 584194 470
533436 242164 470
797373 32131 509
923107 209916 525
805351 567086 509
333233 28797 443
742087 39850 509
947446 572166 525
510254 13468 449
293446 448471 449
518097 825784 509
245259 462356 449
909615 907645 370
434041 753092 509
741191 960972 525
335382 174226 443
692571 752628 504
186471 363395 443
542880 628668 509
720579 132132 509
657519 18536 509
149385 353431 443
466095 678009 509
384045 968613 525
413258 313671 449
197669 786621 509
252152 701652 509
692816 441460 509
223004 556572 470
182269 706998 509
808857 277534 509
327746 843502 525
6601 367126 443
125948 642104 509
674162 741658 504
853364 676410 525
84205 894357 525
407938 713514 509
397895 800477 509
413743 435201 418
918698 468845 525
85995 979463 525
332875 334332 335
292266 847297 525
112774 822345 509
360860 939562 525
177244 536534 470
119147 630325 509
224170 19221 386
252923 724760 509
567788 33475 470
489163 861399 525
872191 446101 525
7228 52722 340
357197 188444 443
912344 94544 525
688669 870248 525
210276 630844 509
65810 486933 449
28180 4280 308
760280 694379 504
145889 525861 470
401695 7896 443
902226 813292 525
563714 295110 470
181493 323736 443
487427 38330 449
479294 791246 509
335560 139924 443
559742 279181 470
866365 353411 525
695036 183284 509
488414 348636 449
632244 366574 509
32100 171682 383
388654 991062 525
931134 914945 476
874266 99651 525
861969 474524 525
944374 8601 525
194018 598410 470
365463 736056 509
924429 984240 507
625293 605803 447
681189 121385 509
693812 336123 509
486121 536437 470
473129 26990 449
432934 625013 470
234090 306478 407
145480 80995 375
235525 653148 509
189169 820709 509
516977 519544 439
613913 916855 525
573959 147012 470
324847 648438 509
49672 502267 449
824914 45052 509
510113 701015 509
360811 639682 509
824581 696622 504
870272 513653 525
113400 181846 383
403641 610836 470
623567 930412 525
560650 178364 470
342653 430199 449
961783 19325 525
345180 551246 470
879180 203918 525
144071 875750 525
882822 332604 525
824785 10633 509
161337 49276 383
781376 863947 525
182431 601138 470
228890 849103 525
629868 304022 509
280293 755414 509
917591 570276 525
949626 245794 525
216790 24146 386
242125 406063 441
110592 901453 525
143403 504024 449
716520 11792 509
757185 621583 509
825536 178480 509
616207 79176 470
812271 802656 406
17372 207300 383
980576 126106 525
122511 663313 509
595597 77927 470
808069 615049 509
666531 247583 509
637725 262931 509
287507 472383 449
823362 751172 468
454516 113309 449
997816 439801 525
340973 832072 509
386510 179125 443
264479 147771 443
81158 944446 525
631860 177867 509
838909 764843 525
993594 34510 525
784382 156992 509
765167 306776 509
142755 384327 443
943958 581382 525
392342 578491 470
942214 319886 525
583478 385650 470
660153 232562 509
807567 99451 509
380651 802959 509
282762 376950 441
275086 330838 389
869320 394207 525
42705 851117 525
886699 578830 525
623357 472168 470
676847 636722 442
