9973 8841 260
2559 4977 238
445 6629 262
2597 4807 238
2030 9911 262
940 4866 238
327 2187 182
6701 374 262
6249 5971 262
9521 390 262
3975 5277 215
5968 5957 143
7505 3172 262
1199 9361 262
6426 2259 262
2548 4605 238
3309 5905 238
2594 5195 238
452 6326 262
7269 3712 262
2113 5709 238
4687 2780 238
4241 7373 262
5003 2499 238
1246 5058 238
922 5032 238
7078 6840 257
7349 8195 252
5404 5505 192
8822 2577 262
8386 2575 262
3283 3584 194
1768 8653 262
7397 4319 262
2132 5668 238
107 768 171
8233 6834 257
8364 7166 252
9107 1545 262
6326 2084 262
972 4753 238
7082 3868 262
9309 5376 262
4637 2242 238
7864 1637 262
175 7290 262
6391 2707 262
6218 9163 257
9992 160 262
7499 7977 252
5089 688 238
5593 5681 205
100 876 179
6859 3592 262
1571 9734 262
8225 412 262
9675 309 262
3845 1492 238
9308 3600 262
5394 1608 238
2840 1158 209
3435 1294 217
123 8888 262
4325 8029 262
2421 5682 238
8323 2800 262
7147 5702 262
8984 5717 262
3033 1446 217
6447 417 262
7235 4278 262
2308 2485 209
9035 6660 257
8988 1484 262
7878 867 262
3303 5636 238
4185 513 238
8680 9115 247
4891 6049 236
9701 7579 260
8559 5900 262
2288 2378 183
946 8178 262
8475 4838 262
7507 446 262
5717 8534 262
7295 8343 252
6555 2292 262
2197 4629 238
4049 3426 238
5584 6234 262
63 7008 262
1034 2595 209
9092 7799 252
4246 5510 215
5812 1730 238
262 1585 182
1725 5625 238
7446 1342 262
9544 9185 260
5880 160 238
1947 1832 175
2287 596 183
3716 4511 215
3233 9122 262
5183 3413 238
6261 1979 262
4087 9688 262
3209 1660 217
4807 221 238
4948 5134 179
1637 5741 238
3301 8817 262
622 2083 182
4491 8834 262
1351 1161 182
7439 6304 257
6046 6628 262
932 795 179
5220 8019 262
7461 8914 252
4811 1083 238
4736 6730 262
2549 673 209
5766 4413 236
6144 2649 238
7339 8273 252
6347 6896 244
9777 6382 260
9655 560 262
1943 9206 262
8763 892 262
4891 7584 262
7397 9159 252
2513 3412 217
2459 460 183
9951 6852 260
6720 9649 260
9348 6015 262
5177 2003 238
6368 375 262
5390 3906 215
7157 1685 262
2870 5202 238
8795 2537 262
4841 3614 238
4330 4884 215
1605 4624 238
2336 5016 238
2114 2315 183
3660 7232 262
626 8817 262
3001 7231 262
7487 7357 239
8580 4322 262
6713 4752 262
3877 5777 236
2278 9635 262
7558 3211 262
8230 5360 262
6992 4586 262
9738 5291 262
1043 9984 262
1482 3515 217
3718 9635 262
6832 1013 262
6238 843 262
3555 3098 199
4432 1179 238
3104 7945 262
7767 8861 252
2659 9105 262
4870 7568 262
8532 9623 260
2214 486 182
8293 8622 234
9258 7441 260
2814 890 209
3300 2180 217
6561 6460 200
1243 1507 177
2403 1662 183
5832 3201 238
2467 9423 262
2123 9618 262
7447 6780 257
7583 7524 177
2196 546 182
3165 8245 262
2925 4039 238
5470 2504 238
9665 7488 260
8731 3961 262
1540 1035 182
9119 2517 262
5409 6415 262
4334 3277 238
6122 7330 262
6295 8337 257
1702 4088 238
9442 5324 262
9962 6578 260
6133 5002 236
4131 6636 262
4947 9083 262
8006 7187 252
2523 9066 262
5816 1139 238
5220 3137 238
9097 9172 198
9114 7758 252
9025 9917 260
8860 4926 262
3856 1732 238
8493 7715 252
9915 4934 262
9143 1449 262
2627 3972 238
2780 573 209
7285 3838 262
4968 8827 262
9524 4448 262
8993 6261 257
1793 7321 262
6419 3014 262
7187 4256 262
4100 4553 215
4077 3162 238
1786 3176 217
672 234 145
5189 7273 262
7685 8743 252
6530 7282 257
6021 887 238
6971 9560 260
9528 8315 260
6013 8651 262
1977 9716 262
366 7987 262
9982 5540 262
810 2147 182
2423 2575 209
8371 3674 262
5993 3453 238
1633 2997 217
2879 5603 238
4882 4604 197
86 922 179
3194 6174 262
8912 5311 262
5779 7167 262
5393 3430 238
94 6967 262
7468 7643 208
5973 1866 238
3951 8630 262
9842 5052 262
5770 8195 262
4834 9973 262
7200 1264 262
8824 2690 262
5311 5656 236
4321 4073 202
2709 2633 160
7248 3778 262
9916 954 262
6056 3804 236
1472 4596 238
2178 8853 262
1489 3444 217
2960 6495 262
8736 387 262
301 1860 182
4401 8886 262
1954 9278 262
9907 6457 260
2154 275 182
220 1530 182
2287 9497 262
3528 9342 262
3829 4059 189
6732 8449 257
3336 4241 238
1857 2968 217
8973 7393 252
1864 3954 238
7417 9189 252
9677 9800 198
5297 6494 262
7727 3953 262
7732 1568 262
274 8164 262
1160 5989 238
4911 7072 262
6110 6222 262
117 2944 217
5659 6624 262
7548 949 262
9408 6734 260
2451 4847 238
4377 6263 262
9804 4940 262
1237 2574 209
2194 6949 262
727 3404 217
9890 9451 242
9855 6659 260
222 1495 182
7214 957 262
5315 815 238
6100 1663 238
2646 5263 238
6022 4390 236
3335 6655 262
3921 9967 262
9547 1122 262
9627 5332 262
6634 4027 262
1620 712 182
6042 9556 262
9071 3620 262
1488 7503 262
2601 6351 262
8611 9128 247
2684 6058 238
2733 4938 238
2557 5572 238
297 8005 262
9955 7967 260
6441 6832 244
374 8008 262
1519 6264 262
6004 3600 238
7430 6953 239
1136 7332 262
4682 6977 262
8235 6443 257
7627 5133 262
1015 1815 182
2168 5656 238
4739 6397 262
6700 1092 262
406 3954 238
746 2104 182
9043 9406 260
2614 5968 238
7771 828 262
5883 7908 262
7904 8055 252
7358 2347 262
1792 3213 217
6213 2398 262
5312 8554 262
445 9945 262
3911 1649 238
4341 1220 238
4764 8134 262
9592 4071 262
796 336 171
6916 3154 262
8580 7430 252
1545 2027 180
6869 2366 262
2029 412 182
7393 9297 260
1646 562 182
5526 1002 238
6887 1058 262
5328 7878 262
7854 3117 262
2905 3556 217
4240 315 238
6745 7815 257
8726 9884 260
559 5880 238
1141 2497 209
6386 3787 262
4605 2520 238
1589 1415 172
1325 9579 262
3434 6497 262
1185 3867 238
1830 6936 262
3281 4878 238
8527 7599 252
5811 1226 238
6412 3752 262
4495 696 238
6527 1905 262
9418 4751 262
6956 7592 239
4236 4943 215
7400 9358 260
7885 6231 257
9636 2702 262
146 2179 182
9169 6550 257
9960 7359 260
2611 9546 262
255 5160 238
3083 9548 262
5310 7911 262
9418 432 262
969 2730 209
6755 2757 262
7917 5814 262
5283 9596 262
3768 4104 189
463 9932 262
4478 3920 215
1652 535 182
2613 7544 262
911 7634 262
6167 1216 238
5564 2201 238
3354 2586 217
1908 5962 238
4862 4271 215
4604 7822 262
3969 8309 262
9084 5403 262
1756 2712 209
9534 3542 262
2625 9014 262
2581 6416 262
4454 1533 238
1317 5849 238
6541 9977 260
5152 221 238
7802 8378 252
139 133 91
3264 6938 262
791 6505 262
652 3929 238
5561 2737 238
6386 9337 260
163 6952 262
5514 6635 262
5395 152 238
1880 4345 238
2016 7473 262
7715 5588 262
4662 4805 197
5922 3048 238
8193 5063 262
7923 505 262
1026 9846 262
9337 5726 262
6799 3084 262
8146 8668 234
4497 2209 238
2261 1216 183
9021 4483 262
2142 6212 262
4539 4466 184
9843 3430 262
451 3607 217
6703 9518 260
4686 1893 238
5798 5153 236
3349 9951 262
5960 3485 238
622 2617 209
2636 6573 262
5784 1023 238
3641 1754 217
6217 1180 262
7857 8903 252
3975 8711 262
3797 1403 238
9361 8765 260
660 5116 238
3605 7635 262
5277 5798 236
9837 8471 260
5144 5618 236
8063 2589 262
7277 1518 262
5369 5535 192
1459 7075 262
1967 8215 262
6548 6652 244
7855 181 262
5094 6428 262
519 6517 262
4565 8491 262
4513 7206 262
6018 4362 236
4651 1130 238
7189 1458 262
6624 1671 262
1836 788 182
4473 8138 262
5134 8951 262
7075 8936 252
5046 2419 238
8275 1734 262
9298 615 262
7229 1232 262
9009 4135 262
3636 3746 238
7977 2851 262
6930 6044 262
1141 844 179
2235 8978 262
6682 1446 262
4614 1299 238
8489 3043 262
5670 1954 238
938 3511 217
193 7443 262
3767 5551 215
7054 2773 262
8806 3129 262
2789 262 209
1858 8947 262
7670 4789 262
7060 3649 262
6122 2005 238
6739 1101 262
7790 260 262
1359 730 182
5936 6612 262
6590 9514 260
5639 6961 262
527 1492 182
8912 1581 262
9 2124 182
3521 795 217
7358 5091 262
8664 3285 262
6365 8293 257
7876 9110 252
7720 665 262
2616 8910 262
3034 9378 262
7172 6516 257
7618 5802 262
2231 2896 209
2884 723 209
5745 8107 262
908 2211 182
9324 5835 262
9502 3110 262
7543 992 262
9628 1196 262
9235 6776 257
4372 16 238
8975 4979 262
1935 1510 180
5988 7520 262
15 1335 182
1099 8674 262
2628 7288 262
2761 6981 262
7666 6500 257
791 4559 238
7838 545 262
2500 3141 217
989 2562 209
3521 7077 262
2292 7351 262
8261 1397 262
2581 9245 262
4218 3853 189
2747 8506 262
7413 2942 262
6419 2706 262
4727 210 238
5890 8914 262
2035 2172 170
7811 3641 262
5286 6404 262
6929 9566 260
9704 7643 260
5316 3491 238
5974 2356 238
3571 1602 217
4646 1351 238
4290 8767 262
73 6256 262
3740 5599 236
6561 8512 257
2086 7649 262
848 1572 182
595 7731 262
3401 2850 217
1155 3179 217
5284 2125 238
9723 2317 262
6353 9541 260
2779 3435 217
5994 1760 238
6232 6578 213
7665 7366 239
9147 28 262
3911 8062 262
8334 2406 262
9296 4425 262
8994 3475 262
7429 8097 252
5901 4643 236
8979 6297 257
5959 6585 262
7896 8084 252
6762 700 262
9663 8700 260
8569 2486 262
7149 4404 262
3989 3744 189
2769 5405 238
3725 6548 262
6199 724 262
1782 2144 175
4332 8062 262
2046 2696 209
8870 218 262
6260 2035 262
719 2897 209
6420 1925 262
4396 5504 210
687 4539 238
2698 9182 262
3078 8929 262
7250 195 262
7990 4851 262
5586 4412 236
7138 1589 262
7468 3206 262
2083 3598 217
1461 2856 209
8937 8163 234
8473 3627 262
6756 133 262
7063 7846 239
705 3647 217
8818 1451 262
3694 3039 199
3280 3311 168
6386 7026 257
6727 3173 262
5042 6527 262
6445 4378 262
7165 8183 252
592 6387 262
464 2781 209
2566 1454 209
6232 9953 260
7485 3231 262
4024 5272 215
7513 3564 262
8966 8782 247
694 337 145
7285 1908 262
2265 887 183
3289 6418 262
491 6444 262
7139 4186 262
440 9004 262
9170 5253 262
6281 8941 257
6917 6368 244
9040 2740 262
1657 4299 238
2825 331 209
8202 4837 262
7870 4146 262
2184 3270 217
9629 3976 262
8295 1193 262
4402 6140 236
2820 1201 209
2792 764 209
3628 2154 217
9880 8170 260
8788 2790 262
8084 2027 262
8938 8606 216
2556 2516 178
2741 8634 262
6457 5943 262
6921 2897 262
8781 6818 257
3948 322 238
3265 9221 262
5711 7509 262
3547 714 217
5063 2444 238
4702 2442 238
321 408 144
515 5614 238
5680 8940 262
1068 8816 262
2418 3864 238
6367 2400 262
1409 9524 262
4500 6113 236
8743 4572 262
3854 7950 262
4058 396 238
562 4279 238
4732 4806 197
9563 6416 260
8823 9460 260
6940 4097 262
514 7543 262
3480 1748 217
2686 1668 209
4857 2653 238
1204 1937 180
3675 3540 194
7396 69 262
5523 2112 238
8786 626 262
4384 408 238
1357 1747 180
4693 5098 210
4376 2763 238
130 6052 238
6948 2527 262
6390 5543 262
270 2349 183
7000 2990 262
7771 7344 239
8878 3084 262
5756 8042 262
9153 2355 262
4600 8371 262
1301 8111 262
9117 3474 262
7268 8860 252
9462 6026 262
731 5865 238
9902 8444 260
2974 2680 217
6582 9265 260
5779 3278 238
7865 4136 262
4681 7859 262
7429 5526 262
3759 3196 238
3777 7070 262
1763 9628 262
2713 4330 238
1659 4980 238
618 8851 262
1960 9520 262
70 6489 262
3993 9770 262
7972 8532 234
8815 5036 262
6886 9548 260
3585 7640 262
7354 7748 239
3327 9249 262
3697 407 217
3899 2368 238
5465 9705 262
740 9600 262
987 2641 209
9023 5950 262
9171 4637 262
1955 3260 217
2974 1516 217
8656 5401 262
7139 2945 262
885 8861 262
3009 1422 217
528 6092 238
8373 8009 234
1043 5172 238
7981 847 262
7469 2044 262
9167 8371 247
6664 3013 262
3417 9975 262
7736 1779 262
4775 7885 262
3981 3319 238
9840 5558 262
5814 233 238
4082 5026 215
357 4007 238
5229 8827 262
6083 6146 187
6601 2816 262
9304 7903 260
5265 1059 238
8627 5600 262
6149 7719 262
6572 7663 257
4607 3318 238
8795 8753 216
4199 758 238
1302 3190 217
6944 9722 260
3389 3153 199
3733 7305 262
8362 1739 262
4183 2217 238
8085 7298 252
3364 1775 217
4489 8846 262
9359 3210 262
8656 2304 262
6882 3807 262
179 3416 217
333 9195 262
8271 8007 190
9996 5855 262
9592 9431 198
4191 6499 262
2985 5162 238
6052 9386 262
4462 386 238
8078 5023 262
125 7092 262
1928 7325 262
5253 1423 238
4408 5340 210
1707 321 182
9331 6825 260
6918 3620 262
2083 7718 262
6602 4817 262
1170 193 182
6646 456 262
9861 5940 262
4265 8820 262
3772 1555 238
481 7529 262
2597 7151 262
1163 1716 180
1787 6903 262
6252 6594 244
8361 5240 262
6113 2785 238
4264 3962 202
9682 3309 262
8747 8862 216
8034 5083 262
3423 4074 238
3388 3292 181
372 862 171
7746 2818 262
327 4032 238
6497 2603 262
9136 5007 262
4911 4952 210
368 3149 217
6281 791 262
8445 267 262
6428 2228 262
3733 3297 238
7532 7574 133
5979 2966 238
6183 6462 200
2841 8323 262
5023 7099 262
5893 5126 236
8657 3680 262
1619 5480 238
4974 7377 262
1756 4011 238
2042 7511 262
9987 702 262
4586 4919 197
2255 24 183
5124 8728 262
7084 4186 262
1127 9739 262
2738 6222 262
6105 5344 236
927 8044 262
2845 6031 238
4267 8157 262
3160 6133 238
30 5591 238
4967 9272 262
5872 3570 238
5933 5766 218
1120 580 179
9805 7410 260
9230 299 262
136 5536 238
1082 5334 238
8948 4477 262
8060 685 262
1782 1006 182
4136 7093 262
8046 962 262
8197 4746 262
1678 2305 183
3596 3990 238
7020 372 262
2225 4052 238
3946 5988 236
8527 2963 262
6689 3640 262
630 3600 217
5562 7375 262
5355 5096 192
1458 8458 262
3736 8124 262
3650 3401 194
2396 1334 183
4207 4782 215
2204 1491 180
6570 9750 260
5968 366 238
1664 5863 238
187 7655 262
1380 3853 238
8415 5141 262
256 3402 217
1047 4881 238
2862 8260 262
9730 8812 260
161 5719 238
1471 1781 180
3540 6566 262
3601 973 217
6329 3417 262
5607 4204 236
9927 1534 262
3364 1742 217
9673 5172 262
6998 5250 262
8315 1529 262
2254 4973 238
6398 4905 262
5909 9849 262
4923 5257 210
2739 1304 209
1797 9670 262
7837 9383 260
4632 2650 238
5980 9398 262
9813 8797 260
7943 8829 252
8753 517 262
6512 7869 257
5198 1182 238
3567 9935 262
6277 274 262
9171 934 262
7087 391 262
7454 7433 164
5579 9745 262
3142 4281 238
3469 5744 238
7798 3420 262
7881 3677 262
6994 5975 262
4636 9782 262
7457 3236 262
9788 4491 262
4519 354 238
8007 9914 260
1780 4690 238
384 4913 238
734 1347 182
6943 8307 257
9204 2475 262
7009 1909 262
5559 7985 262
406 2209 182
5735 9468 262
22 2046 182
2977 8067 262
2571 1381 209
9429 6261 260
6261 9406 260
2686 6297 262
98 7113 262
3269 8169 262
7628 8811 252
3196 191 217
5888 1315 238
4908 6139 236
3370 7869 262
3214 5573 238
732 416 171
1093 3374 217
5882 5333 236
5139 1900 238
3820 2195 238
1091 3214 217
9180 7237 252
9617 5689 262
8383 4048 262
3900 4512 215
1910 11 182
1274 2038 180
2251 6616 262
9397 5131 262
4876 7710 262
7178 3177 262
5685 4754 236
4902 7624 262
