1 10 20
100 200 125
201 210 89
900 1000 174
44 44 17
7 28 112
48 10 112
52 14 112
18 66 113
5 39 112
97 49 119
8 90 116
59 74 116
27 74 116
73 71 116
82 1 116
19 20 21
6 66 113
54 90 116
77 60 116
47 97 119
49 34 110
43 90 116
44 69 113
71 59 108
40 61 113
50 98 119
31 51 110
48 83 116
19 77 116
42 32 110
20 21 8
30 89 116
26 88 116
34 7 112
20 20 8
13 69 113
16 42 112
16 77 116
88 28 116
77 19 116
25 34 112
38 13 112
49 98 119
14 94 116
10 97 119
29 69 113
9 28 112
76 43 116
50 91 116
39 86 116
11 28 112
78 78 36
94 28 116
89 82 111
6 43 112
63 7 113
18 21 21
29 27 112
80 22 116
89 99 119
55 8 113
13 11 15
3 22 21
79 8 116
45 71 113
10 68 113
78 61 116
27 88 116
4 16 20
18 17 21
81 46 116
35 30 107
30 68 113
81 11 116
90 95 106
10 24 21
35 44 110
1 18 21
70 82 116
75 40 116
13 18 21
63 76 116
94 51 116
1 49 112
30 54 113
76 49 116
6 42 112
59 69 108
73 24 116
12 56 113
4 38 112
52 71 113
85 37 116
92 89 93
19 5 21
29 13 112
35 86 116
64 38 113
2 35 112
12 90 116
63 28 113
20 79 116
21 99 119
145 148 117
383 316 144
675 628 145
372 340 126
329 313 144
721 710 65
668 641 145
817 878 179
51 46 105
845 825 135
670 654 145
752 737 140
245 237 97
182 170 125
558 519 137
30 56 113
238 204 128
299 221 128
610 691 145
244 292 123
478 485 98
671 622 145
280 217 128
469 447 129
228 238 128
765 779 153
242 256 110
311 339 144
551 533 137
265 262 123
300 296 118
746 725 140
792 769 153
325 326 25
816 816 29
260 293 123
108 153 122
219 260 128
605 602 70
103 122 114
364 343 126
137 169 117
900 884 148
433 469 129
135 167 117
541 569 137
210 246 128
856 893 179
648 692 145
472 413 134
390 400 121
563 513 137
620 613 132
890 824 179
44 5 112
781 773 153
484 497 142
156 111 122
539 529 124
4 68 113
863 855 148
806 804 21
276 276 17
310 393 144
479 491 142
205 294 128
319 397 144
87 35 116
121 110 114
368 334 126
799 757 153
622 605 132
309 356 144
36 70 113
559 517 137
490 476 142
565 561 44
794 720 153
452 484 129
35 65 113
4 47 112
759 731 140
437 402 134
579 513 137
69 60 108
377 343 126
368 384 108
363 363 46
567 576 106
12 53 112
635 653 145
348 308 144
593 535 137
292 236 123
10 37 112
578 530 137
222 214 115
248 296 123
570 515 137
587 586 119
336 389 126
345 336 126
620 662 145
135 138 91
808 828 135
183 116 125
382 334 126
570 556 106
406 446 134
277 204 128
851 878 179
386 363 121
405 453 134
345 361 126
303 323 131
475 442 129
435 474 129
245 224 128
471 403 134
242 245 97
631 610 132
136 151 117
655 665 145
884 892 148
812 854 135
671 642 145
365 316 144
376 312 144
217 269 128
167 105 122
305 352 144
388 306 144
295 259 123
258 277 123
69 22 113
581 594 119
548 553 137
447 414 134
18 96 116
102 145 122
306 387 144
373 353 126
496 479 142
404 491 142
169 142 117
271 210 128
229 221 115
31 61 113
624 631 132
454 431 116
126 163 122
168 163 112
642 632 132
264 233 128
699 688 127
341 366 126
842 861 148
516 530 124
755 755 65
38 85 116
430 471 129
636 656 145
165 150 112
660 688 145
419 417 134
553 502 137
482 428 129
709 762 140
283 228 128
824 804 135
789 756 153
755 750 140
171 198 125
104 145 122
32 44 110
150 179 125
845 852 60
896 872 148
777 786 122
495 430 142
312 303 87
830 827 135
52 71 113
271 219 128
496 484 142
98 84 119
480 472 54
546 577 137
787 709 153
444 443 72
817 860 148
417 476 134
712 788 153
484 465 129
105 151 122
503 541 124
381 317 144
530 569 137
452 412 134
117 162 122
637 696 145
875 897 148
394 391 121
308 321 131
513 570 137
670 656 145
348 329 126
98 72 119
282 267 92
117 184 125
256 216 128
667 656 145
23 11 21
309 357 144
42 38 110
530 545 137
263 262 79
309 344 144
134 196 125
611 630 132
274 260 123
741 794 153
519 580 137
315 313 131
605 605 18
431 425 103
397 392 77
156 145 117
806 837 135
192 103 125
570 549 137
531 565 137
270 258 123
580 577 119
279 273 92
113 111 70
69 21 113
433 409 134
704 724 127
809 856 135
876 887 148
580 534 137
514 522 124
618 657 145
102 185 125
512 533 124
83 100 119
62 30 113
765 767 60
799 787 122
360 368 95
766 718 153
821 857 135
485 456 129
836 884 179
97 56 119
72 100 119
275 265 123
193 183 120
759 728 140
445 484 129
806 803 21
275 292 118
776 765 153
253 275 123
682 657 145
42 41 110
576 588 119
188 169 125
350 400 126
398 367 121
749 755 140
149 188 125
116 165 122
111 109 114
438 491 142
180 199 120
535 534 23
223 298 128
25 36 112
509 530 124
734 702 171
40 86 116
165 198 125
531 553 137
672 660 145
137 176 125
103 120 114
740 735 140
699 607 145
202 286 128
420 414 134
760 756 109
114 110 114
620 654 145
507 550 137
614 647 132
871 853 179
20 36 112
748 729 140
5 12 20
766 736 153
570 512 137
273 269 43
216 204 115
111 129 122
589 574 119
31 19 112
143 119 122
482 415 134
610 681 145
355 377 108
726 738 140
328 373 126
186 171 125
21 67 113
296 239 123
738 753 140
632 695 145
650 603 145
740 733 140
826 870 148
896 889 148
539 557 137
496 442 142
346 329 126
66 11 113
695 648 145
564 585 119
157 139 117
499 427 142
706 764 153
263 241 123
659 604 145
562 550 137
35 73 116
290 298 118
4 29 112
406 500 142
718 798 153
304 331 144
105 137 122
205 251 128
12 6 20
368 302 144
699 662 145
467 486 129
826 859 148
454 415 134
599 569 119
450 453 54
834 833 135
465 486 129
812 848 135
349 399 126
641 694 145
176 152 125
281 226 128
180 167 125
216 233 128
527 542 124
283 229 128
114 180 125
68 95 116
647 670 145
316 391 144
89 28 116
242 268 123
65 63 108
461 424 129
231 249 128
404 437 134
645 675 145
881 884 117
450 443 116
536 540 49
132 154 117
392 375 121
172 133 125
515 556 137
326 334 144
63 64 108
873 871 179
623 694 145
43 59 113
676 690 127
702 712 171
468 464 85
349 330 126
105 170 122
755 735 140
477 443 129
39 61 113
125 118 109
546 554 137
585 589 119
442 479 129
581 532 137
100 85 119
760 777 153
2347 2399 165
9428 9427 154
2163 2150 170
6131 6169 156
5616 5666 174
8116 8111 115
8011 8054 190
9848 9817 167
815 886 179
7057 7043 120
4326 4311 171
4884 4825 166
3906 3936 176
8668 8646 172
9193 9127 198
3143 3183 199
7506 7590 208
9372 9311 198
4757 4704 166
9471 9422 154
184 164 125
425 445 116
6843 6870 151
4436 4447 184
536 568 137
1915 1965 175
9750 9706 167
8670 8612 172
8609 8674 172
745 787 153
1922 1995 175
2369 2320 183
3943 3948 189
1092 1038 169
1785 1709 180
520 588 137
8543 8511 203
761 798 153
3081 3009 155
3954 3969 145
9315 9306 154
1583 1580 167
376 363 108
5680 5660 205
5872 5824 218
9004 9088 185
6120 6135 187
8064 8052 128
5185 5131 179
5784 5703 174
2611 2607 85
566 551 137
4527 4579 184
2186 2114 170
4014 4033 114
3564 3510 163
3634 3670 163
592 515 137
2463 2453 209
4203 4260 202
4394 4387 171
6096 6069 156
4599 4538 184
6246 6204 187
4529 4557 184
6416 6489 169
8725 8790 216
2190 2111 170
7633 7626 177
5875 5803 218
2859 2839 173
4356 4338 184
2054 2031 157
9822 9870 211
3120 3193 199
4126 4142 189
3600 3522 194
5551 5526 205
9636 9616 159
3878 3857 145
8503 8542 203
7685 7612 177
3292 3209 168
1997 1969 144
9867 9853 211
740 752 140
2616 2608 178
9012 9023 154
1479 1431 172
3642 3697 207
925 922 130
1367 1338 159
6951 6971 182
2497 2481 134
136 155 117
7508 7510 63
6057 6042 187
2357 2331 152
8876 8822 172
3861 3889 145
3288 3240 168
6693 6641 182
378 339 126
22 11 21
4147 4133 158
5147 5110 148
4081 4067 158
3716 3726 132
2332 2312 183
6108 6137 187
6475 6493 169
6566 6513 200
1983 1956 175
5212 5292 192
2053 2011 157
5946 5920 187
5414 5489 192
7992 7933 252
5063 5025 179
615 624 132
1308 1329 146
5371 5331 192
7497 7457 177
7082 7012 195
3592 3531 194
544 522 137
3102 3164 155
7691 7699 146
9234 9273 260
5495 5425 192
6517 6598 244
4828 4867 166
3980 3999 189
7940 7957 146
9324 9336 136
7328 7390 208
3400 3375 181
3390 3391 181
9559 9568 198
1978 1931 175
8821 8828 172
9418 9416 105
6270 6206 187
9574 9561 198
2275 2295 152
789 720 153
4282 4247 202
4763 4748 197
5946 5916 187
7942 7977 252
7736 7765 177
1086 1096 138
9058 9086 185
4770 4714 197
3799 3737 176
7552 7518 151
3951 3961 145
747 799 153
5261 5231 179
1282 1293 146
1550 1535 154
2822 2862 173
3390 3363 181
1337 1357 159
2488 2456 209
4949 4929 197
394 397 77
7352 7392 208
8947 8920 154
9543 9550 105
6113 6159 187
1671 1646 180
1858 1815 162
4105 4124 158
407 418 134
363 327 144
2568 2528 178
590 593 75
7434 7439 133
5047 5089 179
3879 3859 145
8683 8665 172
8106 8160 190
3570 3532 194
6099 6100 125
1422 1438 79
2832 2816 129
3100 3054 186
792 715 153
1985 1986 95
9575 9514 198
1179 1199 151
3587 3537 194
4246 4213 202
1076 1025 169
3033 3088 155
9857 9873 198
3920 3959 189
5144 5195 179
883 866 179
3219 3240 168
110 132 122
8607 8695 185
448 476 129
163 174 125
3213 3231 168
554 559 88
2072 2083 126
8443 8418 203
4830 4893 179
5711 5713 174
6235 6223 187
5320 5329 117
8277 8203 190
5650 5668 130
1169 1191 151
3928 3938 145
5595 5567 236
1612 1604 167
6341 6323 169
4610 4690 184
1902 1927 175
8993 8960 185
5120 5191 179
3962 3987 145
6161 6185 262
4831 4850 166
9575 9575 198
5521 5592 236
1704 1786 180
2092 2082 126
7835 7855 177
347 388 126
5436 5441 68
3716 3717 132
3889 3870 145
1040 1069 169
9430 9433 105
2711 2768 173
267 228 128
6714 6789 182
4508 4532 184
6645 6657 169
2642 2643 103
7221 7269 164
6721 6751 182
8931 8956 154
7141 7133 195
3451 3425 150
869 840 148
2525 2555 178
1229 1250 177
1987 1924 175
2049 2053 157
6750 6774 182
628 651 145
9152 9112 154
7322 7324 164
513 563 137
6172 6137 262
4466 4431 184
6804 6821 182
3186 3130 199
9194 9173 185
9308 9372 198
3393 3400 119
6374 6337 200
6570 6589 169
5734 5791 174
5625 5662 174
2803 2858 173
5783 5759 174
7690 7694 146
1979 1958 175
8539 8542 172
7627 7694 177
6236 6254 187
3065 3019 155
333 351 126
64 22 113
9255 9206 229
2353 2350 121
3944 3905 176
2042 2070 157
6029 6024 187
3681 3652 163
742 750 96
130 149 117
4367 4345 184
5896 5808 218
1594 1552 167
5451 5454 130
7454 7443 164
1210 1257 177
1840 1894 175
183 128 125
2094 2084 126
8833 8900 185
3283 3275 137
7602 7688 177
6022 6016 187
5385 5389 148
7627 7686 177
9367 9349 198
7543 7579 133
1768 1748 149
1716 1782 180
4283 4229 202
6572 6512 213
7536 7507 208
2567 2593 147
8767 8729 216
9171 9198 185
9048 9051 92
1005 1002 112
3946 3964 189
5683 5605 205
7813 7868 177
1095 1059 169
6097 6092 112
7884 7871 146
8312 8396 234
9733 9771 167
9647 9662 167
3772 3796 176
157 135 117
9244 9218 229
5137 5148 148
5833 5847 218
4396 4350 215
7374 7393 208
3925 3995 189
6614 6609 138
9758 9796 198
5723 5733 174
4310 4326 171
6983 6977 151
6722 6761 182
9497 9450 198
5174 5127 179
3337 3307 181
1011 1025 156
5257 5270 192
1242 1277 177
9008 9021 141
8588 8515 172
5229 5298 192
4686 4683 153
1210 1253 177
8810 8837 172
1437 1407 172
6041 6021 187
7554 7512 208
283 282 61
6136 6137 125
2063 2007 157
2757 2732 173
5412 5473 161
5229 5272 192
8312 8365 234
3023 3096 155
92 20 116
525 590 137
7558 7542 133
9288 9218 260
3776 3737 176
5303 5318 148
1071 1070 169
9260 9292 185
9494 9466 198
3725 3746 163
289 223 128
2573 2565 147
5770 5754 174
3862 3847 145
4809 4815 73
1378 1307 177
8925 8950 154
3899 3844 145
7377 7326 195
1746 1705 180
9344 9350 185
1342 1357 159
6948 6964 151
1040 1094 169
7348 7367 164
6502 6544 200
3902 3909 176
8937 8925 141
7372 7352 164
5108 5145 148
1503 1505 141
3318 3306 168
934 986 174
7525 7577 151
1104 1174 182
4346 4318 171
8304 8396 234
1710 1796 180
8609 8699 203
2441 2495 209
2275 2250 139
9699 9614 185
4947 4922 210
6528 6543 169
6752 6783 182
6612 6669 182
8764 8722 216
412 497 142
1494 1444 172
9112 9110 61
3799 3793 70
9527 9556 198
8290 8265 159
4684 4700 153
8971 8937 247
5853 5853 143
1653 1668 180
4940 4962 135
3385 3399 181
7445 7430 133
7211 7269 164
1670 1656 180
8081 8023 190
2153 2127 170
5751 5780 174
6799 6736 182
6718 6705 138
386 341 126
2972 2916 217
1917 1902 175
9892 9855 242
3347 3321 181
2464 2493 134
4853 4808 166
3302 3316 168
7963 7933 252
3841 3897 145
5649 5677 205
9894 9828 242
2452 2418 165
9839 9876 211
5834 5850 218
9206 9285 260
3285 3266 137
3378 3345 181
9268 9223 260
144 103 122
6020 6002 187
3373 3342 181
4166 4139 158
73 82 116
274 240 123
438 435 116
4965 4916 210
6963 6954 151
5278 5265 148
3147 3118 155
3390 3341 181
4326 4370 184
5200 5164 179
2925 2920 142
7283 7267 177
1914 1915 175
4947 4988 166
5764 5716 174
8944 8914 154
4724 4758 166
6222 6228 125
2573 2527 178
3790 3785 176
9357 9384 185
140 135 91
2793 2766 160
8872 8869 79
7935 7903 190
1935 1913 175
4099 4025 158
562 588 119
9764 9789 198
6620 6664 182
1689 1628 180
2783 2721 173
9732 9738 167
4568 4520 184
9681 9656 185
4225 4225 57
2079 2097 126
5763 5706 174
7532 7545 133
8681 8663 172
1902 1902 30
2200 2171 139
8442 8416 203
5732 5796 174
395 387 121
5604 5617 161
4629 4698 184
4790 4711 197
3272 3278 137
