6969 9197 252
5681 8241 262
6742 7975 257
2055 8454 262
6536 9795 260
2210 6288 262
1009 4408 238
5113 7317 262
4623 8837 262
129 2931 217
552 886 179
3865 7941 262
1787 2865 209
7195 7487 239
78 5689 238
232 3927 238
1640 4322 238
105 3380 217
1045 7276 262
9685 9842 198
3684 5184 238
1865 4810 238
308 760 171
5798 7959 262
2274 5461 238
3375 7623 262
2109 2915 209
2029 5916 238
2604 5855 238
4444 7790 262
8472 8767 216
2027 6752 262
3374 8698 262
1914 5965 238
1391 8605 262
4741 6040 236
7071 7182 195
6383 8499 257
6028 8262 262
4112 9661 262
498 6740 262
494 4091 238
1777 8693 262
454 6996 262
2263 9250 262
5317 7108 262
1778 6473 262
675 1102 179
896 7580 262
5653 8972 262
6138 8601 262
5018 5114 179
956 5841 238
5735 6083 218
4092 9653 262
4933 9626 262
1 4143 238
4177 7435 262
1557 8623 262
387 6545 262
2526 8344 262
2690 6259 262
3928 4064 189
2332 6053 238
63 4669 238
3679 9210 262
721 1550 182
2023 2535 209
3237 8237 262
1993 9697 262
1164 3354 217
5964 6714 262
5393 6673 262
6886 7420 257
535 4221 238
5868 7221 262
8478 9418 260
1877 8217 262
4595 7964 262
6193 7908 257
4271 8029 262
60 3531 217
4099 8071 262
2957 6301 262
4295 6434 262
6803 9797 260
6557 8145 257
8843 9524 260
310 1835 182
2836 9387 262
4162 9440 262
641 6831 262
367 8970 262
2045 9179 262
3389 3554 181
739 8610 262
927 7241 262
1866 4238 238
2457 6973 262
2380 7858 262
3179 3327 168
7831 8467 252
6192 8625 257
5164 9531 262
5376 8166 262
1058 2243 183
1517 5170 238
6868 9282 260
1338 1560 172
4262 7700 262
4309 5001 215
2016 3682 217
2797 4615 238
8776 9359 260
2462 3921 238
735 3989 238
4317 4448 215
6012 6109 187
137 5903 238
2300 5852 238
1395 8155 262
7189 8593 252
5854 8807 262
205 2212 182
158 2754 209
4269 6616 262
1932 4168 238
3970 6925 262
4764 9700 262
1777 3058 217
336 9831 262
988 1384 182
6314 7381 257
3432 8658 262
1882 3396 217
1672 3676 217
2138 6691 262
6322 9402 260
696 6244 262
4268 5331 215
3141 5297 238
4772 7995 262
1367 7686 262
196 1589 182
94 6519 262
1435 8894 262
1944 4351 238
1522 5088 238
5787 8685 262
2568 3502 217
5128 7522 262
3733 6149 236
2970 5467 238
5792 6055 218
3666 9892 262
4764 4984 210
5644 6521 262
440 8202 262
691 9337 262
198 299 128
4619 7114 262
2799 6518 262
2790 7145 262
2040 8461 262
1681 3730 238
1471 9223 262
4152 6343 262
742 7510 262
6857 8290 257
3053 6887 262
3153 9594 262
4626 6039 236
3740 4163 189
2772 9758 262
1630 1744 180
768 9222 262
7220 7285 177
143 5767 238
1136 6161 238
4412 5400 210
6477 8222 257
2663 9059 262
3135 3204 199
4328 9929 262
3326 4865 238
5023 8156 262
3614 6345 262
2433 7448 262
4006 9434 262
1126 8920 262
467 9584 262
1348 7965 262
2822 7696 262
8730 9600 260
3485 9660 262
9151 9832 260
3378 7407 262
71 3300 217
1659 2310 183
4021 7139 262
3378 7888 262
5731 9299 262
3664 3971 238
820 6146 238
2447 6760 262
501 1071 179
3699 7835 262
748 9438 262
2062 7914 262
173 6226 262
926 8367 262
6551 7084 257
3831 4461 215
5888 6335 262
311 2535 209
5659 9941 262
6448 7623 257
1830 7424 262
4429 5502 210
7259 7915 239
5810 7602 262
4424 5996 236
2512 3109 217
1566 9202 262
1031 1566 182
6378 9933 260
8036 9300 260
2382 4056 238
745 7389 262
1440 6117 238
830 3170 217
1494 3097 217
2365 9313 262
2096 9890 262
8135 8993 247
6521 7578 257
884 2198 182
1129 4990 238
2006 8354 262
4715 5001 210
1999 5098 238
2916 8890 262
2722 9573 262
19 6216 262
191 8212 262
2396 5846 238
464 8873 262
84 1488 182
3801 4722 215
3295 6735 262
2742 9404 262
9 745 171
1614 9629 262
6250 9797 260
2159 6480 262
980 1521 182
4412 7396 262
1588 5834 238
2205 4219 238
723 6507 262
1314 7105 262
3903 8190 262
3315 5175 238
4504 5811 236
3101 7871 262
5334 7195 262
4359 4504 215
6519 8896 257
865 7729 262
2258 6440 262
7330 8608 252
617 2526 209
3983 6952 262
1798 6470 262
6206 7334 257
5003 6634 262
5764 7438 262
2474 3609 217
6507 9720 260
2651 8714 262
2452 4605 238
513 8266 262
3395 9219 262
1101 5295 238
8203 9726 260
3207 7853 262
34 2202 182
918 6700 262
6068 8069 262
4039 8285 262
2180 9040 262
2176 6359 262
3240 5352 238
8720 9646 260
1907 6399 262
631 1800 182
3826 5435 215
6435 8819 257
4362 9787 262
2688 9255 262
1080 2120 182
616 4946 238
3412 4275 238
4947 5616 236
2594 9984 262
1328 1716 180
4213 9755 262
27 112 119
2337 3071 217
5646 8163 262
3563 6159 238
2592 7447 262
4196 4629 215
3171 6123 238
4220 7070 262
5190 9868 262
3797 8644 262
1985 9726 262
1008 8726 262
1218 9491 262
232 9621 262
1516 2329 183
4405 9287 262
2156 9303 262
3243 4975 238
2180 7436 262
1152 2141 182
4250 7213 262
1326 2790 209
5138 9029 262
1373 6785 262
1940 7397 262
6575 9677 260
2251 3747 238
5043 7471 262
4130 4214 158
9528 9615 198
1675 2375 183
724 7319 262
2050 5475 238
5572 8481 262
7648 9497 260
3563 5133 238
8571 8761 216
2838 8535 262
4413 6699 262
870 9448 262
8028 8114 190
324 4447 238
6917 7134 257
4425 9183 262
5428 5499 192
1667 7778 262
7543 8305 252
1953 7331 262
5645 6932 262
808 9253 262
1585 9360 262
8474 9038 247
7549 9567 260
3569 6339 262
3682 4706 238
1654 9434 262
5511 8422 262
2977 9829 262
4695 5522 210
6028 9788 262
2556 8042 262
4694 5229 210
3432 8622 262
1339 4661 238
1126 3552 217
659 8003 262
1133 6062 238
2846 8653 262
3346 9124 262
2544 9252 262
6825 9822 260
933 8526 262
4013 6001 236
2121 3685 217
1078 7876 262
1487 5017 238
2080 8661 262
1295 9854 262
2790 3983 238
8165 9104 247
2144 8128 262
3058 9172 262
266 5855 238
3897 6960 262
6035 8894 262
6835 7324 257
2262 5347 238
8230 8715 234
6092 7996 262
4850 6861 262
5287 8444 262
6164 9720 262
2395 3701 217
1170 7147 262
1990 2709 209
1857 9342 262
7812 8398 252
4008 6461 262
535 3138 217
2596 7252 262
6043 9528 262
3593 4024 238
2212 8174 262
2869 4881 238
3695 6093 238
629 819 171
410 8027 262
5983 9318 262
3646 8384 262
58 8603 262
188 578 144
2870 6081 238
4052 8946 262
4562 9942 262
2608 3178 217
3548 9632 262
7337 8611 252
1751 7787 262
1459 8882 262
4105 5860 236
6390 8051 257
1150 9760 262
2575 7343 262
8946 9094 247
5442 7740 262
5606 8160 262
5693 9598 262
4132 9215 262
4465 9776 262
1235 6847 262
9495 9535 198
548 4915 238
5453 8052 262
2121 9041 262
2102 5575 238
5857 8874 262
3186 6398 262
4952 7305 262
3158 8221 262
699 756 171
4301 9957 262
3880 7161 262
9655 9803 198
1595 4857 238
2103 2481 209
7163 8859 252
1643 5734 238
67 4501 238
5200 9013 262
3175 8459 262
377 5277 238
4610 5353 210
239 1070 179
2767 6035 238
3605 9414 262
7274 8054 252
3995 6862 262
6194 9259 260
2781 2792 129
5025 5544 205
5878 9788 262
4114 9422 262
429 9703 262
2725 3028 217
5884 8603 262
3383 9278 262
6172 6780 244
6027 9661 262
4395 4710 184
855 3333 217
7689 8345 252
54 5555 238
1282 3153 217
7385 8193 252
3908 9598 262
2355 4214 238
5289 6148 236
3533 5078 238
1321 8366 262
5625 7182 262
1888 5248 238
3295 6548 262
5093 7418 262
720 7875 262
410 7615 262
2698 7643 262
38 2732 209
1921 3467 217
5705 6590 262
4895 4965 210
7122 7918 239
5914 7042 262
1830 4250 238
6625 8030 257
3773 4924 215
775 3142 217
8268 9776 260
476 8343 262
58 5435 238
6833 9736 260
1309 7664 262
646 7960 262
1822 6539 262
6757 8328 257
3506 4736 238
6134 7032 262
1307 5978 238
2054 9556 262
6647 8590 257
4255 6647 262
154 6087 238
2784 9891 262
3715 7813 262
8307 9172 247
3341 4289 238
4040 4477 215
593 8420 262
3447 4655 238
2080 6357 262
5967 6877 262
1673 9010 262
1384 2765 209
3074 7866 262
925 6194 262
815 8554 262
5525 9951 262
1477 5087 238
2685 3605 217
509 5416 238
1548 4729 238
3813 5282 215
95 9968 262
8391 9289 260
2521 9203 262
1327 6441 262
3455 8100 262
6089 9912 262
4648 7450 262
2122 6558 262
3584 9687 262
481 9782 262
1248 9710 262
272 447 144
1158 7102 262
1877 7818 262
5096 6208 262
2527 7324 262
5727 7142 262
453 8875 262
982 6349 262
2446 7609 262
387 8339 262
601 4070 238
1156 4599 238
69 1288 182
2261 7111 262
4508 8045 262
1798 7126 262
3617 6768 262
6153 8983 262
183 6815 262
4042 9241 262
2597 2608 178
4794 9919 262
2244 3541 217
65 1396 182
3201 6520 262
2548 9014 262
5582 6788 262
2066 6680 262
4559 7863 262
1756 3774 238
693 8358 262
4240 9445 262
8398 8884 216
8539 9976 260
2473 3821 238
3061 5733 238
797 6407 262
756 4362 238
1833 8100 262
8218 9663 260
1007 1698 182
405 9792 262
314 5317 238
4747 8920 262
296 7709 262
4221 7307 262
2429 5148 238
5968 6180 262
998 8896 262
4682 8932 262
120 7851 262
4646 5808 236
3307 9540 262
2344 6403 262
539 5214 238
7140 8690 252
2737 9865 262
5359 5364 192
7169 8662 252
3757 8084 262
3244 5244 238
2597 5630 238
752 2510 209
2475 8170 262
5330 6325 262
5215 8982 262
8965 9926 260
1918 3686 217
5362 7431 262
3328 5696 238
5604 9867 262
807 3507 217
3095 4955 238
9338 9603 198
4422 5324 210
1813 6124 238
812 9012 262
1089 3472 217
2267 5819 238
2961 9273 262
1200 1740 180
924 6731 262
885 2710 209
4641 6416 262
3287 3595 194
3372 7392 262
1252 6720 262
2646 7978 262
1315 6679 262
3946 5181 215
2446 5449 238
340 7921 262
4746 6847 262
3795 5702 236
240 1774 182
6930 7540 257
1145 6192 262
1333 8683 262
1012 4573 238
4305 4877 215
1024 7814 262
3384 5317 238
6119 8192 262
4333 6764 262
1835 3142 217
3267 5936 238
1236 1616 177
1957 5071 238
3747 9787 262
3316 5347 238
2972 9694 262
4265 6232 262
6367 7771 257
3683 7092 262
611 9888 262
1220 6421 262
6881 9912 260
882 9095 262
2520 5730 238
2847 8182 262
4 6174 262
3874 9766 262
2050 9091 262
1121 9132 262
5065 7059 262
858 3757 238
986 2561 209
6360 8122 257
5489 8395 262
1127 7055 262
1392 8026 262
2778 8207 262
4174 4246 202
6815 9205 257
2521 5541 238
5615 8137 262
2573 5670 238
1174 5763 238
196 6707 262
554 1815 182
2890 2957 217
4822 9626 262
3998 8717 262
8027 9196 247
3378 4467 238
1979 8139 262
3951 4415 215
303 1709 182
4603 5077 210
6414 9144 257
2733 6763 262
5585 9376 262
99 8442 262
1079 6372 262
1088 2967 217
3656 9194 262
5676 6373 262
3524 4239 238
2502 9676 262
3337 3828 238
2420 5206 238
6675 7311 257
4177 5642 236
5367 9826 262
2427 9755 262
5592 6357 262
5507 9360 262
4838 8651 262
3327 5054 238
1488 8453 262
7608 7846 221
1767 3589 217
1658 6692 262
1244 5060 238
1221 2073 180
1153 9458 262
2060 3417 217
8206 9132 247
1728 3572 217
2930 7255 262
989 6638 262
6801 8360 257
5163 8522 262
2169 9434 262
8092 9517 260
1897 5134 238
677 5068 238
2807 7973 262
6907 7035 257
107 7730 262
2670 3495 217
382 6308 262
1453 2838 209
4664 8190 262
3331 9330 262
8318 9711 260
8492 9497 260
755 6201 262
4599 7688 262
233 3178 217
2597 8227 262
1175 6754 262
2478 6056 238
600 5160 238
5477 7665 262
4007 4071 189
707 7087 262
7115 9517 260
54 8002 262
8126 9592 260
1048 9030 262
1932 8725 262
1399 7422 262
6414 6420 76
2779 7893 262
6718 8777 257
6179 7221 257
1879 8548 262
7437 8063 252
2684 3490 217
2953 3545 199
3814 9731 262
1271 5831 238
47 5875 238
2529 8881 262
793 7125 262
4403 7991 262
5415 9061 262
1595 6633 262
9124 9229 229
31 7669 262
2145 5470 238
1988 2781 209
6475 8367 257
212 2372 183
8594 9303 260
1957 7444 262
7269 9068 252
2881 2891 142
1269 4488 238
1554 3470 217
5884 9325 262
4580 9646 262
3556 6095 238
2882 6546 262
3176 7486 262
2531 9967 262
3071 8549 262
7179 9180 252
368 1551 182
425 3124 217
4528 4858 197
3239 4701 238
4957 5306 192
3420 7667 262
5965 7842 262
5801 5869 218
6041 7343 262
6074 6647 262
730 4078 238
12 553 144
1691 2496 209
4043 6814 262
5768 9942 262
3657 5136 238
3817 6627 262
5269 8352 262
2530 4524 238
5047 9873 262
6612 8273 257
1995 7279 262
3763 8418 262
1908 4155 238
2740 3380 217
6912 8483 257
2631 4433 238
1705 7113 262
2480 5228 238
5975 9888 262
409 1166 182
2046 2832 209
4427 8556 262
5574 9837 262
3151 5369 238
5078 9362 262
1364 5203 238
68 1496 182
5148 8169 262
7256 9236 252
3931 9577 262
1463 9237 262
2137 2915 209
6651 7486 257
8764 9692 260
2065 4806 238
20 1752 182
2499 4439 238
4048 8787 262
4877 6521 262
726 4033 238
246 9616 262
3514 6132 238
1299 6891 262
4723 7537 262
4773 6630 262
1484 3419 217
1272 3609 217
3180 4684 238
5666 9774 262
3938 8273 262
669 8579 262
7121 7712 239
6292 9423 260
4603 7101 262
2008 9997 262
6273 6478 200
1099 6330 262
6469 6511 169
2364 7380 262
3084 8780 262
2080 4860 238
192 973 179
4660 8326 262
184 213 120
1504 5897 238
951 9672 262
5289 8743 262
2465 5641 238
1822 9486 262
1527 6993 262
5451 6668 262
1495 8146 262
71 1763 182
3610 8657 262
796 3765 238
5695 9932 262
8087 8094 190
8870 9261 260
438 4458 238
684 4837 238
6012 8563 262
3988 7754 262
1814 4787 238
3517 4565 238
3909 6207 262
7354 9090 252
876 7893 262
862 8633 262
2462 3079 217
1123 7284 262
5127 7179 262
3201 8504 262
306 795 171
2132 5151 238
1566 8520 262
2832 4816 238
3778 3970 189
6187 9823 260
3959 9789 262
1483 1990 180
7264 9003 252
1858 4100 238
3127 5003 238
153 4159 238
982 7444 262
8508 8791 216
1504 8541 262
1246 6857 262
6276 9052 257
1052 9617 262
355 3395 217
1621 6675 262
3487 8906 262
124 7117 262
1994 7300 262
5801 7689 262
1196 6605 262
313 1520 182
2275 9744 262
667 5686 238
1820 9773 262
4801 9645 262
3049 7882 262
7755 8315 252
6118 8977 262
5228 5654 236
200 1514 182
6988 8108 252
3805 5702 236
5032 8797 262
2673 7307 262
5319 7918 262
6234 6246 187
2452 7786 262
3153 8484 262
5403 9389 262
254 9268 262
1702 6966 262
4890 6618 262
4282 6965 262
1820 5738 238
1725 2773 209
5441 7920 262
5971 8434 262
5876 8726 262
9007 9146 185
122 9152 262
1645 9649 262
3188 7042 262
7656 9365 260
6484 7846 257
570 6241 262
5509 5673 236
6021 9320 262
8139 8472 234
275 4602 238
2515 9135 262
1141 2208 182
1427 3601 217
2258 8811 262
347 9379 262
3137 8114 262
941 9008 262
631 5944 238
2835 9784 262
5020 5693 236
2696 3899 238
3056 7969 262
4803 5349 210
4464 7363 262
1538 3559 217
1880 4525 238
3957 8736 262
431 9416 262
3033 8630 262
315 6529 262
4325 6346 262
2078 2573 209
9072 9795 260
4930 7232 262
2452 9218 262
8988 9568 260
3739 9230 262
4079 8750 262
3825 6633 262
1511 4268 238
2801 5717 238
815 2453 183
6051 9211 262
8731 9975 260
9057 9682 260
