104 199 125
106 116 114
82 256 128
75 237 128
42 206 125
187 172 94
243 252 110
228 71 125
125 195 125
85 249 128
28 233 128
232 142 128
119 91 119
47 100 119
52 160 122
202 155 125
103 51 119
14 184 125
50 89 116
164 91 122
38 94 116
6 24 21
89 234 128
95 213 125
172 179 81
206 199 120
156 181 125
85 18 116
15 131 122
117 66 119
34 62 113
221 136 125
113 234 128
63 162 122
66 226 125
253 104 128
63 2 113
127 152 122
235 221 128
108 151 122
144 57 122
93 43 116
237 177 128
60 252 128
51 176 125
61 85 116
237 25 128
220 93 125
3 27 112
255 68 128
252 251 110
171 59 125
252 42 128
210 231 128
6 61 113
125 149 122
118 217 125
191 98 125
138 250 128
93 188 125
169 154 112
16 150 122
178 236 128
242 180 128
6 240 128
248 1 128
234 162 128
59 230 125
203 12 125
204 209 89
73 72 116
101 190 125
32 36 27
31 169 122
29 124 119
101 198 125
21 116 119
91 198 125
95 76 111
122 100 114
60 113 119
101 37 119
18 159 122
10 221 125
171 213 125
173 243 128
28 17 112
176 60 125
52 206 125
228 81 125
73 72 116
22 93 116
188 112 125
35 26 112
187 156 125
126 246 128
12 226 125
27 29 112
128 36 119
249 42 128
249 165 128
28 20 112
182 203 120
79 233 128
153 51 122
57 225 125
122 78 119
62 53 113
189 96 125
79 120 119
251 204 128
109 6 119
173 135 125
34 44 110
171 27 125
86 163 122
191 113 125
182 116 125
60 5 113
93 212 125
55 149 122
180 176 32
227 241 128
229 159 125
80 51 116
22 74 116
254 131 128
79 170 122
9 113 119
213 179 120
139 42 122
85 73 116
155 11 122
189 214 120
15 25 24
169 69 122
173 92 125
244 143 128
77 216 125
46 156 122
10 67 113
230 7 125
197 52 125
176 206 120
164 133 117
128 46 119
174 213 120
119 72 119
223 51 125
29 237 128
75 197 125
49 247 128
33 36 27
134 109 122
252 179 128
8 5 17
245 237 97
12 186 125
33 187 125
135 196 125
63 6 113
242 237 97
218 104 125
52 184 125
154 81 122
164 228 125
21 212 125
218 53 125
248 95 128
161 243 128
17 169 122
247 6 128
149 2 122
191 181 107
189 69 125
121 251 128
74 106 119
231 36 128
209 27 125
219 106 125
107 127 114
77 127 119
82 38 116
180 73 125
133 84 122
59 149 122
252 50 128
154 145 117
51 88 116
69 239 128
156 189 125
234 230 128
38 208 125
9 246 128
234 227 128
95 84 106
97 171 125
211 179 120
209 134 125
251 85 128
217 54 125
233 213 128
103 131 122
101 153 122
218 169 125
136 118 122
102 113 114
91 139 122
64 99 119
129 42 122
69 223 125
125 166 122
138 79 122
88 90 31
212 82 125
174 173 32
135 150 117
129 237 128
24 229 125
134 242 128
141 13 122
103 242 128
125 193 125
125 188 125
35 253 128
229 103 125
219 98 125
12 100 119
176 99 125
189 132 125
181 106 125
48 59 113
256 176 128
40 23 112
148 173 125
8 32 112
185 110 125
18 53 112
46 142 122
240 80 128
138 213 125
183 100 125
54 194 125
200 229 115
37 132 122
104 217 125
238 151 128
19 237 128
70 58 108
3 217 125
230 11 125
249 158 128
120 10 119
210 166 125
151 194 125
245 32 128
150 171 125
131 203 125
109 74 119
175 145 125
206 23 125
105 187 125
173 123 125
167 243 128
181 169 125
203 154 125
179 195 120
56 43 113
204 9 125
208 98 125
202 196 120
129 95 122
111 4 119
41 219 125
77 216 125
107 26 119
238 211 128
212 154 125
77 122 119
140 1 122
35 87 116
155 213 125
25 210 125
255 229 128
218 206 115
70 164 122
146 199 125
2 256 128
202 43 125
218 22 125
2 68 113
48 239 128
22 3 21
136 98 122
125 20 119
99 159 122
106 253 128
115 130 122
206 114 125
102 167 122
63 172 125
74 208 125
114 76 119
207 59 125
118 168 122
80 119 119
235 127 128
101 256 128
130 236 128
98 254 128
255 196 128
156 104 122
192 14 125
234 141 128
127 79 119
51 190 125
250 125 128
141 107 122
200 92 125
165 61 122
3 245 128
179 238 128
115 23 119
237 244 97
2 78 116
241 1 128
17 140 122
104 208 125
154 81 122
92 24 116
160 143 117
213 153 125
11 98 119
4 210 125
189 168 125
14 191 125
156 192 125
172 15 125
214 153 125
2 215 125
230 243 128
215 247 128
126 63 119
198 23 125
143 34 122
47 46 105
176 3 125
199 186 120
100 202 125
139 32 122
113 152 122
223 13 125
87 138 122
27 44 112
34 28 107
2 8 17
14 217 125
254 140 128
23 195 125
162 165 112
228 208 115
211 147 125
211 153 125
76 54 116
98 214 125
86 210 125
109 52 119
222 195 120
189 248 128
238 223 128
20 240 128
230 33 125
200 227 115
172 222 120
165 78 122
130 137 91
29 84 116
27 239 128
236 103 128
37 77 116
60 122 119
31 169 122
173 252 128
107 105 101
244 89 128
71 7 113
72 44 113
39 15 112
14 211 125
236 179 128
32 109 119
59 60 33
193 85 125
43 172 125
187 79 125
249 247 110
200 23 125
159 116 122
18 9 21
220 5 125
97 35 119
11 168 122
78 50 116
182 92 125
4 161 122
14 35 112
14 72 113
94 206 125
156 136 117
121 87 119
214 113 125
77 157 122
135 235 128
16 153 122
243 236 97
157 84 122
14 168 122
251 91 128
217 177 120
182 220 120
81 195 125
254 94 128
10 91 116
43 166 122
227 164 125
252 184 128
20 72 113
85 155 122
50 100 119
51 36 110
79 207 125
119 92 119
118 114 34
183 78 125
34 108 119
41 114 119
47 38 110
208 56 125
129 250 128
221 99 125
157 216 125
26 177 125
31 110 119
75 80 36
210 125 125
116 32 119
75 234 128
124 193 125
91 50 116
14 124 119
157 55 122
238 203 128
92 189 125
3 220 125
182 223 120
62 83 116
183 88 125
3 213 125
197 77 125
37 150 122
201 152 125
182 19 125
129 49 122
211 220 115
98 225 125
87 254 128
23 68 113
201 114 125
256 203 128
78 182 125
169 139 117
8 95 116
226 10 125
52 167 122
86 88 31
60 30 113
239 241 53
48 111 119
33 3 112
74 130 122
227 161 125
128 249 128
228 72 125
106 228 125
18 183 125
153 186 125
66 160 122
25 35 112
169 76 122
201 254 128
163 5 122
27 145 122
245 74 128
255 22 128
76 73 116
151 46 122
233 22 128
38 204 125
93 144 122
175 110 125
70 71 103
40 135 122
230 64 125
170 142 117
139 114 122
139 45 122
118 165 122
189 107 125
239 187 128
128 58 119
3 22 21
104 235 128
44 141 122
183 136 125
28 101 119
246 98 128
172 29 125
232 145 128
92 145 122
31 230 125
3 169 122
18 120 119
78 206 125
226 60 125
136 97 122
117 139 122
119 220 125
117 162 122
105 43 119
41 132 122
144 30 122
229 59 125
58 205 125
203 149 125
93 233 128
122 95 119
146 139 117
215 223 115
88 184 125
26 224 125
25 142 122
106 143 122
106 222 125
48 210 125
9 88 116
85 152 122
118 58 119
210 175 120
6 156 122
68 98 119
133 189 125
193 22 125
72 151 122
244 159 128
78 13 116
126 102 114
154 231 128
244 3 128
197 35 125
212 205 89
123 41 119
100 240 128
98 53 119
158 103 122
208 225 115
200 84 125
158 136 117
105 229 125
30 92 116
131 108 122
104 1 119
209 2 125
231 197 128
4 171 125
231 216 128
119 97 119
256 218 128
80 97 119
14 238 128
199 222 120
206 142 125
49 107 119
22 154 122
79 51 116
245 210 128
158 93 122
210 111 125
94 184 125
51 97 119
99 25 119
56 217 125
122 55 119
179 201 120
151 192 125
182 93 125
157 132 117
235 206 128
238 256 110
103 61 119
50 91 116
14 208 125
183 223 120
62 20 113
150 112 122
117 248 128
136 172 125
209 1 125
227 131 125
202 121 125
66 127 119
214 223 115
2 192 125
172 240 128
191 18 125
44 240 128
108 57 119
191 35 125
23 252 128
54 172 125
107 170 122
164 243 128
86 116 119
243 56 128
246 188 128
176 55 125
59 133 122
21 60 113
68 192 125
43 2 112
209 86 125
242 61 128
142 176 125
95 164 122
172 148 125
80 22 116
62 243 128
8 147 122
102 251 128
202 91 125
182 121 125
145 240 128
254 166 128
44 65 113
101 86 119
67 54 113
172 52 125
114 57 119
227 208 115
221 142 125
99 44 119
164 160 112
30 171 125
50 131 122
165 251 128
221 91 125
116 109 114
74 113 119
18 117 119
177 119 125
203 243 128
172 118 125
38 29 107
174 9 125
236 138 128
150 78 122
181 57 125
238 210 128
228 31 125
84 136 122
26 48 112
226 141 125
157 44 122
253 174 128
160 173 125
36 106 119
160 207 125
223 197 120
235 141 128
205 214 102
22 99 119
36 203 125
155 17 122
156 126 122
47 240 128
6 72 113
31 231 128
212 187 120
18 208 125
105 178 125
125 140 122
27 28 112
91 250 128
224 69 125
134 173 125
27 155 122
15 62 113
101 169 122
78 1 116
39 124 119
240 44 128
196 14 125
18 151 122
201 36 125
103 49 119
213 227 115
188 239 128
254 22 128
232 221 128
91 109 119
137 117 122
8 151 122
178 108 125
64 255 128
108 102 114
122 91 119
145 61 122
105 162 122
212 49 125
197 58 125
97 153 122
28 28 19
136 25 122
50 111 119
245 140 128
220 126 125
256 227 128
20 177 125
78 83 111
175 186 94
184 40 125
20 72 113
101 124 114
234 56 128
172 174 32
113 12 119
71 140 122
40 206 125
164 89 122
60 152 122
228 23 125
21 227 125
249 41 128
147 71 122
123 65 119
256 51 128
104 19 119
122 204 125
143 99 122
3 58 113
17 115 119
70 87 116
254 109 128
36 161 122
197 95 125
57 168 122
118 77 119
138 110 122
117 28 119
180 240 128
92 179 125
34 195 125
198 155 125
143 84 122
254 145 128
141 14 122
4 210 125
100 1 119
62 135 122
162 2 122
229 218 115
169 90 122
38 50 110
200 155 125
77 123 119
138 168 117
46 171 125
107 243 128
69 249 128
70 66 28
137 210 125
79 140 122
164 178 125
141 225 125
56 46 113
227 29 125
7 139 122
118 44 119
189 61 125
198 9 125
184 79 125
177 229 120
249 27 128
215 62 125
19 28 112
127 155 122
237 206 128
39 144 122
127 179 125
113 183 125
224 83 125
211 230 115
221 72 125
17 153 122
133 215 125
162 60 122
37 82 116
32 30 107
108 246 128
91 126 119
17 217 125
24 253 128
166 62 122
141 37 122
240 253 110
219 207 115
79 173 125
180 43 125
244 197 128
196 120 125
155 101 122
179 191 107
182 210 120
220 33 125
199 54 125
158 215 125
15 181 125
212 180 120
243 96 128
216 226 115
92 178 125
177 170 125
94 100 119
212 82 125
40 151 122
201 194 120
251 124 128
129 176 125
77 92 111
208 20 125
146 109 122
234 160 128
34 189 125
83 20 116
28 43 110
245 119 128
220 165 125
32 58 113
9 244 128
139 48 122
138 83 122
242 133 128
206 114 125
52 27 112
205 4 125
46 94 116
112 23 119
253 145 128
212 80 125
164 239 128
122 153 122
102 85 119
61 133 122
142 69 122
120 24 119
117 2 119
107 102 101
134 56 122
215 185 120
82 163 122
188 127 125
1 44 112
150 253 128
188 105 125
76 96 111
87 197 125
248 188 128
26 52 112
65 167 122
121 184 125
191 237 128
185 41 125
82 62 116
96 40 116
247 178 128
202 178 120
48 202 125
221 197 120
199 153 125
45 18 112
248 132 128
215 239 128
63 240 128
34 127 119
150 154 37
55 84 116
134 239 128
124 215 125
45 220 125
254 35 128
141 200 125
212 188 120
145 177 125
129 87 122
73 173 125
105 64 119
48 63 113
46 111 119
46 79 116
237 195 128
233 35 128
23 110 119
18 146 122
69 62 108
109 66 119
96 249 128
9 51 112
181 154 125
227 53 125
240 43 128
225 88 125
106 17 119
150 151 16
127 195 125
230 107 125
134 206 125
142 156 117
59 159 122
45 127 119
220 154 125
193 59 125
146 201 125
109 70 119
98 80 119
122 82 119
122 91 119
169 228 125
107 63 119
122 233 128
1 95 116
83 134 122
44 224 125
33 103 119
126 78 119
229 89 125
231 165 128
147 120 122
110 256 128
190 207 120
79 55 116
32 200 125
145 201 125
171 251 128
7 37 112
227 7 125
131 54 122
141 175 125
21 173 125
21 147 122
250 249 110
235 224 128
158 126 122
88 11 116
125 21 119
217 203 115
75 249 128
146 220 125
193 61 125
214 199 120
97 185 125
205 227 115
238 89 128
145 2 122
6 165 122
148 255 128
158 127 122
223 59 125
252 54 128
69 120 119
74 29 116
66 148 122
21 211 125
111 213 125
15 69 113
155 111 122
253 104 128
82 234 128
192 226 120
235 197 128
135 127 122
196 36 125
253 162 128
94 248 128
215 162 125
111 32 119
190 176 107
179 211 120
130 34 122
167 145 117
102 66 119
255 98 128
322008 322080 247
506216 506291 364
293900 293974 327
715341 715407 243
66127 66197 268
289730 289746 203
300621 300693 234
826274 826308 207
448355 448423 263
910823 910911 295
756294 756378 256
332736 332799 247
978111 978173 383
771680 771685 194
528324 528350 196
587072 587106 222
680773 680818 243
131224 131242 238
343616 343637 105
735731 735761 274
742415 742512 212
739430 739527 287
248985 249076 350
864526 864602 326
365567 365632 211
94150 94204 253
938881 938907 171
41479 41558 226
999114 999149 197
578119 578170 346
693556 693599 305
552729 552732 116
202930 202997 205
716519 716590 305
832275 832373 282
877096 877123 176
132552 132557 163
755065 755150 225
332918 332953 229
470910 470935 245
237673 237682 138
559898 559971 253
921850 921879 171
218659 218749 262
492896 492972 214
463008 463055 325
702543 702585 336
592849 592906 310
245698 245788 288
86541 86617 227
409542 409614 206
926900 926922 233
733844 733920 318
527245 527311 271
378476 378559 255
467115 467180 245
661177 661201 186
240443 240444 120
390505 390590 206
747344 747377 225
823353 823446 282
445227 445248 219
91369 91441 209
815967 815970 119
638250 638292 354
32246 32298 192
233230 233298 244
776331 776370 225
626202 626214 173
111780 111879 217
243463 243547 319
98908 98931 160
367422 367464 180
286544 286570 221
807602 807653 238
802386 802482 300
894828 894854 220
756751 756825 256
840442 840442 344
812636 812658 269
74258 74353 263
620854 620921 310
132809 132889 269
582210 582291 328
2536 2586 178
102178 102258 204
871255 871327 251
847053 847096 282
654169 654176 217
520899 520963 320
414580 414582 113
5822 5917 218
993086 993109 215
303094 303166 327
870770 870805 295
104075 104113 173
854665 854686 189
667776 667834 217
20984 21007 150
172128 172181 210
973246 973276 321
641641 641666 372
278168 278178 146
976254 976317 383
172829 172900 272
502262 502301 227
214381 214403 231
654671 654704 217
221770 221797 231
85606 85663 258
666505 666541 261
30236 30326 241
673083 673094 186
45681 45692 177
514212 514226 258
462321 462367 307
17789 17833 186
322031 322034 123
591906 591949 266
336160 336197 229
696359 696420 305
827742 827778 189
390272 390332 206
188834 188933 223
413917 413917 69
39175 39247 275
303715 303754 265
641371 641462 217
543905 543944 240
854885 854965 251
294219 294247 221
833341 833394 282
898113 898141 220
913694 913766 308
310285 310335 185
487278 487344 201
354174 354245 242
46663 46681 208
183281 183373 241
729785 729865 318
734498 734594 181
796813 796906 269
13092 13148 214
391963 392043 268
622368 622448 279
582431 582473 266
200889 200987 267
633793 633883 248
983344 983442 282
420250 420278 250
889864 889921 326
641115 641158 248
208592 208608 298
410748 410820 374
352310 352380 273
59470 59535 167
619196 619217 310
453913 453930 188
278004 278039 190
754264 754281 287
582645 582648 191
355990 356025 242
948500 948573 326
129125 129171 225
56573 56625 260
736663 736714 256
718274 718293 212
290329 290412 190
420538 420567 219
460201 460212 276
744504 744602 287
949508 949533 308
125679 125765 225
961968 962060 215
780774 780851 207
872464 872543 295
765637 765702 287
978042 978053 202
668059 668072 279
955862 955886 202
254915 254953 195
102393 102439 204
134785 134849 300
729917 729950 318
752378 752456 287
701924 702006 243
679840 679891 230
481773 481774 214
410832 410834 356
561054 561151 315
330555 330632 216
691308 691347 274
72148 72234 188
966506 966545 246
744944 744963 225
314284 314295 203
876112 876180 233
298912 298958 234
983168 983259 321
85922 86020 196
531825 531921 333
487814 487873 245
290717 290724 265
801444 801493 300
360139 360223 229
662299 662371 248
607081 607150 266
327128 327223 291
567258 567344 359
478661 478663 121
560717 560739 222
20230 20251 212
860569 860575 233
533756 533770 240
751847 751852 287
594217 594279 279
400958 401026 268
172229 172259 228
153175 153194 215
119270 119283 243
637415 637498 354
856420 856438 220
935834 935876 277
664739 664779 217
255066 255140 244
632177 632193 240
938033 938112 171
782833 782845 300
486138 486199 245
526938 527025 315
955311 955349 308
733802 733827 212
666832 666868 217
512626 512667 227
364682 364748 211
921227 921228 78
584498 584512 297
49223 49313 234
136854 136914 194
122946 122980 181
562390 562479 253
241592 241622 213
408705 408795 206
715516 715574 243
664351 664447 230
475168 475176 139
976391 976408 246
784816 784823 101
890170 890256 339
92785 92859 209
845098 845191 251
243014 243051 275
455698 455796 219
605245 605310 235
138411 138465 251
39780 39805 138
208764 208771 205
501012 501072 320
612927 612950 204
421328 421369 219
861887 861969 295
917487 917584 233
438463 438498 294
107267 107327 248
592985 593054 328
426370 426415 281
122956 122984 168
743647 743707 287
599104 599104 54
318603 318649 172
443811 443819 157
20642 20714 181
499969 500001 258
368684 368761 255
823605 823662 238
122252 122334 212
702311 702348 274
780156 780203 207
529256 529328 271
829352 829444 282
601160 601237 279
290294 290331 190
741211 741234 318
637879 637963 323
655775 655840 186
73303 73317 219
298841 298881 371
826851 826876 207
785332 785336 132
802444 802477 300
617763 617828 372
966257 966354 259
827787 827836 251
624001 624082 204
459080 459143 214
478919 478986 338
982689 982727 321
23943 23953 189
260676 260721 226
443934 443953 263
816349 816372 220
949599 949646 308
489326 489366 214
814084 814131 220
53323 53374 185
601704 601724 160
751575 751605 318
870162 870256 238
219635 219651 187
658716 658808 199
568321 568334 178
7803 7851 177
953962 953987 246
73534 73579 232
278618 278641 208
81011 81046 183
492632 492724 258
513537 513577 258
634220 634309 248
196952 197041 161
86616 86714 196
798751 798838 300
596307 596368 266
238092 238185 182
270207 270254 345
880483 880582 233
77307 77373 214
664065 664094 142
460641 460725 201
693716 693773 305
29321 29365 197
688063 688077 199
744857 744884 243
550354 550408 315
28985 29063 197
101316 101389 279
550544 550623 346
545531 545561 284
269306 269312 177
930115 930152 246
742538 742565 212
960236 960270 233
771268 771293 238
258696 258696 151
989039 989138 321
222741 222766 187
776117 776170 331
632183 632271 266
982367 982459 290
269632 269664 208
507244 507261 271
751583 751627 318
867207 867299 344
532113 532157 302
488942 489026 307
259393 259464 270
652237 652335 248
534494 534505 240
881133 881191 189
574955 575006 297
128404 128438 194
654710 654772 186
323701 323717 216
604292 604308 142
135959 135990 207
332906 332921 185
90067 90085 201
423764 423848 250
403247 403332 237
987430 987522 352
328985 329006 229
678884 678899 230
778528 778610 256
231484 231572 324
407635 407734 268
458312 458390 201
486456 486555 320
56037 56043 154
491449 491508 258
530394 530415 196
683209 683226 230
531682 531705 196
967305 967381 228
281073 281160 252
507231 507257 271
328543 328625 229
581169 581236 191
16903 16990 204
400903 400978 299
215171 215242 280
251663 251674 182
201869 201899 205
562353 562429 253
505745 505835 245
280898 280984 327
864978 864987 176
934719 934784 295
132708 132723 163
218303 218338 324
899416 899482 202
48647 48685 190
299712 299809 234
789834 789905 269
636005 636064 248
790284 790316 150
595757 595846 297
620988 621070 279
265667 265759 239
824397 824425 207
798779 798785 101
525551 525560 240
641260 641323 248
425195 425215 175
849864 849947 357
927257 927316 246
872542 872621 251
367003 367028 211
107007 107053 217
486223 486289 245
695875 695878 168
282566 282639 252
437276 437285 157
510043 510123 289
969194 969284 321
633478 633498 248
869286 869327 251
207594 207638 249
13884 13887 258
516047 516132 227
492203 492208 121
698302 698322 199
392075 392135 299
23171 23227 207
936326 936359 277
90884 90962 271
663933 664021 217
217192 217199 187
111660 111744 292
991095 991128 290
779317 779327 300
93186 93248 178
755150 755222 318
916291 916345 339
232433 232510 262
721074 721083 181
296220 296251 265
884383 884409 264
593934 593970 173
306151 306161 203
731352 731405 225
10226 10230 136
388375 388439 268
175028 175045 241
72867 72901 188
51473 51510 172
796074 796173 468
73280 73322 219
253947 254010 288
330795 330888 216
244416 244461 244
238652 238715 275
508351 508368 227
493787 493851 289
742292 742359 212
346579 346591 198
62778 62849 286
157229 157261 215
930805 930890 370
299349 299425 226
106203 106246 354
331820 331883 216
80727 80796 214
366827 366898 242
579849 579866 222
447121 447160 188
347085 347164 211
698556 698627 274
747844 747933 256
716218 716254 212
972605 972682 277
271688 271741 208
765134 765181 287
253396 253426 226
613783 613822 279
584471 584493 297
395381 395422 268
482937 482965 152
115557 115598 305
633129 633212 354
528398 528468 196
468928 468956 276
434052 434054 126
729720 729761 318
316426 316518 309
570829 570863 284
267960 267965 115
777446 777530 269
475440 475478 276
116767 116842 243
614557 614559 142
596516 596548 222
612384 612481 297
627771 627779 173
273225 273230 270
873214 873295 295
498126 498214 289
278369 278432 208
142287 142298 189
165502 165531 215
250668 250738 226
716568 716614 305
3412 3489 181
733773 733836 243
73992 74051 188
514340 514397 258
875017 875055 220
495016 495096 289
574652 574665 284
592215 592261 266
734794 734852 212
90277 90331 253
849200 849290 313
556283 556371 315
101593 101607 204
309670 309713 340
753747 753783 318
556297 556395 315
829984 830005 238
964484 964500 171
130341 130420 225
33453 33471 236
210678 210772 324
808809 808896 282
713701 713736 274
328403 328468 260
598778 598854 266
97744 97807 222
314620 314700 216
269439 269462 239
254214 254254 288
604861 604882 191
443261 443288 157
851285 851330 238
266933 266940 164
42110 42208 226
396658 396727 193
957565 957645 264
665464 665499 279
574962 575059 297
559628 559644 178
189872 189920 303
205752 205844 329
307825 307832 172
37143 37165 262
605601 605669 235
448242 448279 369
67730 67777 281
305846 305889 203
542972 542978 271
961581 961654 259
148947 148993 295
67944 67952 113
772166 772228 238
59283 59315 242
637680 637710 248
203581 203589 174
711894 711955 243
707428 707437 124
831059 831075 176
802669 802721 207
138493 138556 251
53241 53277 309
58697 58788 273
288927 288955 208
194698 194713 223
614801 614836 279
784231 784318 300
239867 239932 275
427662 427757 237
546471 546473 271
161254 161299 246
496067 496078 320
479405 479440 276
999686 999714 259
267895 267931 270
788993 789007 163
525590 525591 126
830023 830104 269
301415 301442 265
472891 472925 289
366511 366587 317
2478 2482 134
86651 86694 196
489806 489887 276
871426 871484 264
243936 243971 332
522260 522355 196
846243 846304 269
851424 851459 251
597978 598038 266
722840 722931 243
853116 853176 251
240829 240917 288
79768 79784 214
603086 603137 266
260899 260992 301
644794 644845 217
754490 754538 225
304346 304406 234
762417 762479 243
919041 919125 308
774926 775016 225
400182 400269 237
169252 169253 83
884932 884991 295
83000 83030 139
193966 194040 329
445977 446010 263
554210 554252 253
934832 934862 246
697128 697144 305
942907 942940 202
715340 715425 243
136539 136575 207
977488 977490 246
60729 60806 242
916685 916775 251
469581 469597 201
453389 453471 294
624535 624628 341
99317 99366 160
870411 870448 326
501561 501626 289
176913 176964 166
831949 831991 282
644367 644386 217
596693 596775 191
769962 769967 225
297749 297800 327
967963 967990 184
267949 267979 208
44961 45027 208
838652 838741 344
386165 386205 255
606052 606116 235
202035 202055 236
248891 248910 213
265293 265302 120
893886 893930 277
687567 687643 230
195190 195214 192
286961 286963 177
483047 483068 245
116284 116383 168
805900 805972 238
369535 369536 211
301502 301526 172
548442 548499 209
160599 160627 290
194990 195069 298
698891 698963 199
2933 2946 173
540582 540669 284
934394 934433 171
81712 81726 183
684184 684282 336
482244 482269 170
889906 889957 264
882692 882780 220
548314 548339 209
92483 92499 178
233932 233971 275
960658 960746 233
286980 287061 239
690809 690843 305
280517 280600 283
162879 162958 246
368276 368326 317
350933 351029 273
759856 759886 256
853023 853047 282
675251 675334 310
586712 586731 235
771178 771208 194
998455 998511 277
62368 62397 224
93160 93247 222
319469 319494 309
784986 785007 225
690538 690542 124
464008 464073 307
594380 594475 328
56866 56947 260
798481 798530 225
689333 689391 305
824608 824662 238
118799 118804 168
375985 375985 136
495126 495130 121
381190 381286 224
821065 821118 313
560653 560682 253
777624 777697 194
686741 686755 261
19112 19120 199
834525 834594 295
687442 687511 243
346120 346144 229
430126 430179 219
830596 830679 251
463402 463424 232
64362 64410 193
235509 235567 275
405650 405663 237
589010 589033 173
685424 685477 199
394800 394878 299
179622 179696 241
493027 493054 320
233450 233520 244
785026 785102 269
381820 381839 224
971940 971992 246
634725 634742 235
239303 239311 244
691011 691087 199
92911 92957 209
258382 258462 270
568696 568795 284
460929 461023 276
663283 663338 261
523965 524049 227
959066 959130 277
745318 745410 243
802984 803019 163
96306 96371 253
879183 879197 326
830024 830052 251
584298 584309 222
712268 712287 124
192679 192721 347
17305 17377 173
21110 21142 150
781808 781817 207
620008 620016 173
988542 988589 197
97418 97497 178
224877 224942 223
53854 53860 141
303189 303192 203
942789 942840 215
833955 833955 176
105028 105102 341
881908 881982 202
507120 507135 271
695915 696012 305
165480 165510 215
751920 751935 274
273625 273720 314
205008 205055 267
393622 393650 268
810234 810258 225
345843 345891 273
797981 798054 282
801481 801486 300
663833 663888 292
341356 341374 229
477376 477411 214
944487 944563 383
294757 294839 265
425845 425852 219
213387 213470 205
320257 320258 185
105780 105833 248
422133 422148 250
50083 50125 234
549433 549517 253
865728 865808 233
883450 883549 251
875419 875446 251
439446 439523 263
324751 324751 185
980510 980562 246
582029 582077 253
433791 433830 232
868430 868458 339
94395 94450 209
195537 195599 223
4319 4326 171
993998 994080 228
786094 786138 269
189587 189682 210
668661 668664 261
813114 813143 282
866847 866920 189
231525 231576 231
536725 536731 240
900290 900323 225
822702 822723 207
117141 117191 274
201189 201220 236
421776 421808 250
548076 548087 196
189755 189852 223
161757 161852 215
241158 241239 182
849063 849101 251
909869 909915 233
718538 718560 243
731473 731518 212
757973 757985 225
49573 49575 296
365542 365577 224
340096 340108 185
154194 154235 202
277014 277076 252
106598 106680 248
287142 287220 283
299212 299307 296
248843 248856 89
316507 316553 309
258095 258139 195
405014 405096 224
314673 314719 278
534165 534194 232
585203 585249 297
950093 950175 246
483004 483047 245
957674 957718 246
957209 957264 246
12388 12397 188
430719 430801 281
631431 631449 204
904801 904871 383
569625 569693 191
308863 308944 234
561949 562033 271
583298 583375 266
522133 522203 196
789952 790011 269
182277 182368 179
298936 299030 265
165663 165665 153
836051 836142 282
997960 997975 140
626058 626118 186
339441 339533 229
73740 73778 294
488167 488231 289
142880 142960 251
204777 204789 174
158681 158758 308
137160 137216 331
309718 309780 234
538885 538885 103
111596 111689 261
564110 564155 178
482783 482793 227
61983 62043 317
562208 562281 253
227980 228062 337
805698 805751 207
996797 996823 228
742441 742521 212
266151 266218 239
96184 96235 183
434189 434194 144
707595 707677 212
200290 200389 342
564692 564729 284
670641 670724 230
216683 216740 231
281653 281744 327
578001 578031 191
292252 292341 296
676009 676043 292
972071 972085 215
732662 732725 256
410951 411010 312
820710 820797 313
995574 995654 290
723185 723258 212
805457 805459 132
19927 19950 168
982494 982567 321
575419 575442 222
61291 61366 242
14531 14578 178
154909 154953 202
446365 446455 263
91784 91811 209
268969 269030 239
968795 968889 277
535094 535112 147
421 472 129
197367 197383 192
764303 764374 238
469962 470054 307
266589 266652 231
170479 170504 228
758197 758262 287
691608 691608 168
731149 731157 212
957022 957036 215
701298 701339 243
681420 681446 305
207553 207589 174
866571 866593 220
942083 942170 277
912289 912315 233
710757 710787 230
736024 736085 287
632477 632568 279
222755 222853 280
928708 928784 202
153585 153680 277
274249 274329 195
993478 993522 215
478408 478467 320
457838 457896 232
854052 854054 75
871897 871911 220
655560 655599 261
159941 159999 215
763848 763873 212
942931 943002 233
934372 934460 246
184693 184723 254
711797 711878 243
137801 137862 176
58200 58294 229
422440 422509 325
408929 409018 219
952774 952813 184
72884 72886 188
673873 673933 261
657468 657514 292
666033 666067 279
630840 630848 217
292118 292202 221
357284 357335 180
61138 61179 211
156033 156127 277
895946 896028 264
146305 146378 295
418704 418726 175
477707 477778 245
370255 370307 286
591881 591955 266
91251 91340 315
609509 609576 266
9173 9200 185
995245 995315 259
708431 708452 199
927215 927238 233
932137 932149 109
698393 698487 305
446727 446767 263
459790 459837 263
495883 495932 214
145488 145554 189
764183 764184 106
372141 372210 255
950264 950307 246
738645 738661 243
469946 469999 214
647662 647687 279
917348 917427 264
296383 296453 327
76872 76933 232
621551 621607 310
475880 475947 214
654338 654404 292
298872 298872 141
175581 175628 272
553840 553932 253
824619 824704 313
954147 954189 246
106852 106915 217
443846 443877 188
359126 359128 211
795842 795887 269
905344 905404 233
807489 807554 225
272967 272996 208
575148 575224 222
76877 76912 232
48742 48774 190
14668 14738 271
617917 617925 235
782575 782625 331
708465 708483 168
303840 303926 203
121959 122008 243
973278 973343 215
351189 351256 273
180759 180857 241
