9384 9878 211
2778 6897 262
7794 8063 252
5387 9463 262
6650 9471 260
2363 3495 217
8691 9101 247
7764 9390 260
541 4735 238
9173 9534 260
5212 5436 192
2568 7453 262
5783 8687 262
2863 9743 262
4068 8019 262
3930 7112 262
4023 7384 262
3070 4927 238
1394 8016 262
5012 8158 262
6230 8633 257
4422 6823 262
3785 8547 262
5199 9244 262
8316 8814 234
6414 9016 257
6092 8380 262
9957 9983 167
6863 7174 257
6997 8918 252
2306 3221 217
7085 8617 252
337 1677 182
847 1966 182
1314 7547 262
6125 9020 262
9583 9694 185
8815 8872 172
5435 9804 262
4044 4614 215
1088 1368 182
7277 7291 177
5789 5891 218
5404 8967 262
2755 4079 238
9933 9963 167
9677 9934 242
7740 7812 221
6227 6247 187
8095 9699 260
796 4742 238
1435 7748 262
7468 9217 252
98 3542 217
3318 8796 262
6653 8066 257
7302 8522 252
4287 4373 184
3866 4345 202
8445 9904 260
8441 9435 260
8032 8741 234
8098 8607 234
4482 6853 262
710 5837 238
4568 5320 210
9498 9727 198
4587 5333 210
5307 7392 262
6220 9984 260
1529 9340 262
5733 9732 262
9504 9523 198
8271 9303 260
9709 9885 211
6341 9321 260
7797 9614 260
2619 5923 238
2847 8825 262
2922 4501 238
2380 4688 238
7765 9648 260
9842 9964 242
5194 7916 262
7035 9119 252
125 1164 182
6988 7332 195
3744 9995 262
2228 2577 209
9860 9916 242
1433 1587 172
6438 6842 244
3276 7555 262
1475 5971 238
8859 9715 260
6030 9017 262
8236 8945 234
5819 7414 262
6144 8995 262
5929 8620 262
8777 8794 172
4444 7907 262
4614 9248 262
8607 8616 172
2905 5843 238
5129 7612 262
7370 7547 239
9918 9918 48
3325 3943 238
9471 9640 198
8491 8757 203
9773 9999 242
5645 7640 262
7506 8391 252
2955 4841 238
7670 9402 260
8543 9551 260
198 9691 262
9356 9936 242
6349 9588 260
3623 8056 262
9300 9543 198
5747 8281 262
4341 5650 236
3312 9634 262
7606 9287 260
5662 7882 262
4879 8547 262
9321 9891 242
9445 9976 242
8523 9311 260
6709 6791 182
8283 9152 247
2925 6087 238
2063 9493 262
2601 9587 262
3453 6639 262
9380 9850 198
7469 9929 260
974 9335 262
3882 4604 215
8934 9876 260
8661 9196 247
7200 8381 252
8900 9396 260
2960 5053 238
2814 9872 262
7191 9067 252
2927 7993 262
5085 9845 262
2091 9385 262
3377 6687 262
5937 6520 262
7446 7800 221
9180 9718 260
6888 8900 257
3349 7796 262
1660 5869 238
2337 8100 262
6343 8496 257
8207 9381 260
7714 9796 260
5322 5707 236
4820 7199 262
7722 7792 221
5940 6811 262
3941 9555 262
1706 9314 262
1128 3566 217
5985 9458 262
3921 6612 262
2423 5428 238
1397 9407 262
5631 5777 205
9293 9542 198
7673 8409 252
7626 8603 252
1223 1562 177
6641 9324 260
3899 7654 262
2299 2340 183
525 1290 182
8210 8411 234
8820 9496 260
7733 9418 260
5995 7184 262
380 3809 238
5274 6896 262
8851 9320 260
1861 2921 217
5580 7464 262
1994 5889 238
7622 7821 221
2505 2668 191
1962 9468 262
1327 6448 262
8945 9582 260
3203 6943 262
6785 9816 260
2843 8524 262
9529 9731 198
8873 9976 260
9959 9984 167
8037 9910 260
7754 8736 252
3304 3989 238
2134 6426 262
2891 3833 238
7568 8946 252
369 8061 262
4501 6106 236
3789 6481 262
6250 8240 257
3304 6737 262
5364 7889 262
254 2336 183
7687 9676 260
1153 8987 262
5976 6980 262
9158 9787 260
5437 6097 236
3415 5446 238
461 9231 262
29 7347 262
8051 9279 260
7557 9414 260
4795 9322 262
8700 9443 260
1040 7282 262
429 3260 217
4501 6921 262
7648 7786 221
6160 6591 262
2536 3078 217
4340 7672 262
2216 4927 238
505 2064 182
50 5514 238
8286 9061 247
5344 9935 262
3178 7598 262
5239 6846 262
6950 9289 260
5368 9980 262
2293 8145 262
744 6456 262
2830 8150 262
1683 3014 217
3542 8507 262
3827 7974 262
2262 5924 238
361 9775 262
8024 8969 247
82 5359 238
3191 5761 238
8997 9802 260
4678 9544 262
691 4778 238
4525 7782 262
9615 9693 185
8206 9024 247
6313 7463 257
5101 8404 262
2727 9302 262
4917 7081 262
5579 8454 262
8947 9479 260
2648 4794 238
9052 9448 260
9632 9697 185
858 7759 262
1313 2222 180
9215 9410 260
3513 8493 262
4413 5502 210
9611 9857 211
6190 8304 257
6356 6569 213
6621 6815 182
8988 9168 198
8339 9683 260
7771 9218 252
6857 8495 257
607 9419 262
5850 9637 262
7206 9921 260
5218 6568 262
4946 7723 262
6874 7152 257
874 1095 174
4290 7193 262
6608 9342 260
2758 9866 262
4472 6921 262
1101 4901 238
3619 9872 262
8026 8824 234
3075 7308 262
8158 9845 260
3494 4214 238
271 5624 238
3418 7133 262
5570 9543 262
2623 3824 238
3174 5481 238
6432 8054 257
6683 9928 260
4293 5328 215
5058 5665 236
1522 4017 238
8575 9666 260
1948 6479 262
9232 9245 154
538 8184 262
5055 6510 262
4099 9558 262
1082 1868 182
3517 4700 238
2232 7947 262
1797 3177 217
2339 8819 262
9219 9228 229
3971 9075 262
4813 5452 210
4978 6887 262
1537 4936 238
4177 4288 202
9208 9791 260
4858 7262 262
3500 4411 238
128 9950 262
5237 9284 262
7819 8679 252
564 5885 238
1245 8766 262
1806 6486 262
3292 5059 238
8956 8974 247
3590 9068 262
8994 9300 260
2806 8342 262
4823 7181 262
6718 7722 257
3094 4056 238
127 7862 262
1487 3368 217
544 898 179
7815 8918 252
8180 8597 234
4763 8702 262
7089 9459 260
5711 9446 262
295 2637 209
347 5718 238
1138 7147 262
5154 6919 262
2574 8640 262
926 6607 262
6711 9251 257
7218 9316 260
6964 7719 239
7091 9463 260
8131 9847 260
8572 8725 203
9634 9823 198
4790 5523 210
2605 4631 238
9806 9822 167
7869 8471 252
9486 9676 198
2196 3931 238
2950 4770 238
968 7426 262
6764 7033 257
597 5830 238
866 8296 262
9037 9744 260
7771 8461 252
9212 9918 260
2533 4499 238
2380 4021 238
8271 9300 260
4173 6489 262
4235 9675 262
7284 9188 252
7399 8327 252
1064 1555 182
6951 7527 239
574 8688 262
6060 6822 262
4048 6972 262
5083 7534 262
1233 3311 217
2955 8998 262
1899 2485 209
5641 6026 218
9160 9342 260
9263 9840 198
1042 5990 238
1724 1856 180
6273 8623 257
4155 6510 262
5822 7499 262
9366 9761 198
1172 5596 238
270 4688 238
8702 8815 216
4654 7017 262
908 3715 238
6729 9774 260
5798 8368 262
7085 8398 252
5335 5378 192
992 1864 182
8899 8955 154
1053 9607 262
8190 8369 234
2507 3799 238
9017 9345 260
3110 9099 262
1 8816 262
8110 9073 247
5082 5324 192
1339 7635 262
9427 9470 154
5148 5247 179
6788 7475 257
6533 6539 169
1282 4561 238
4851 7506 262
6591 8299 257
5351 9776 262
3814 6607 262
1495 9336 262
6082 8263 262
5721 8150 262
7983 9228 247
7488 9287 260
9297 9612 198
5405 8482 262
6893 8042 257
298 8534 262
9135 9451 260
8507 9237 247
7058 9636 260
596 1603 182
1963 3203 217
7484 9072 252
155 9892 262
1310 5567 238
9933 9938 167
5022 9532 262
3564 4532 238
3683 9222 262
7686 8616 252
4286 9648 262
5991 6444 262
7315 8351 252
4117 6527 262
1893 7765 262
5529 5778 236
7526 8164 252
1137 9838 262
9619 9978 242
338 9516 262
6583 7375 257
4311 5155 215
889 4092 238
6816 8186 257
3438 6391 262
9 9633 262
1784 8886 262
8658 9619 260
3828 9970 262
1270 6191 262
6652 7885 257
911 9115 262
640 1518 182
1889 9818 262
2394 7205 262
3891 6970 262
5200 6152 236
6932 8899 257
8778 9047 247
658 4820 238
953 1759 182
2642 6609 262
9369 9490 198
8185 9700 260
6777 7513 257
5267 7716 262
8955 9713 260
309 5383 238
7279 8746 252
2556 5016 238
775 3320 217
5001 5447 192
998 2467 209
8413 9878 260
8383 8766 216
4694 6784 262
2440 3614 217
8422 9903 260
4986 8907 262
1355 2651 209
8763 9690 260
1542 3864 238
1853 7197 262
3663 3771 238
400 6217 262
5155 5463 192
9016 9130 185
9852 9872 211
4791 8398 262
2492 9212 262
38 3151 217
8860 9008 247
872 9416 262
6988 7164 195
6591 8168 257
3971 8092 262
7666 9977 260
3070 8447 262
7362 7699 239
1352 3472 217
9301 9735 198
1639 2851 209
9365 9464 185
1033 7137 262
6105 9970 262
3680 7581 262
3413 3738 238
4970 5406 192
6171 7840 262
2845 7570 262
6650 8714 257
4466 7300 262
2327 4878 238
184 3079 217
6970 9425 260
153 4230 238
4394 8818 262
7290 8449 252
9632 9793 198
4265 8695 262
4549 9817 262
1878 7963 262
6834 8142 257
4950 6905 262
5156 7377 262
8469 8638 203
961 3973 238
8824 9710 260
3172 4574 238
5678 6822 262
3246 9625 262
2762 4758 238
324 3482 217
4101 7321 262
1076 6532 262
2043 8745 262
2660 7559 262
6290 6314 156
3470 3588 194
1552 2032 180
5384 6659 262
3134 5987 238
9305 9981 242
5982 8313 262
3667 7893 262
8968 9032 185
193 7299 262
903 9156 262
8132 9570 260
3175 6507 262
9719 9745 167
1184 9961 262
5488 5744 236
4574 9381 262
5063 7188 262
3934 9157 262
2497 9115 262
3142 7017 262
1727 3734 238
6981 8607 252
3486 7210 262
2306 6476 262
4030 9729 262
6899 8245 257
4563 9889 262
7720 8320 252
1642 4072 238
3011 5504 238
2727 6456 262
8790 9460 260
3709 7610 262
939 3834 238
2494 8203 262
711 1826 182
5906 7180 262
9614 9941 242
3639 5599 238
9422 9675 198
7830 8591 252
6181 7663 257
9096 9851 260
3025 8113 262
9155 9231 229
570 3762 238
9970 9980 167
2374 7864 262
8434 9435 260
2588 7343 262
95 9739 262
1500 8851 262
7340 8144 252
1743 7659 262
2087 2271 183
1350 2115 180
187 367 144
5012 5666 236
4134 6427 262
2723 9429 262
6774 7429 257
1520 2182 180
5355 8379 262
3125 4514 238
6260 9583 260
7419 9387 260
1713 2126 180
8706 8736 172
2734 5053 238
2735 8404 262
4316 7219 262
1088 1525 182
670 4650 238
6488 6530 200
6838 9448 260
8090 8600 234
5206 6582 262
6705 8201 257
2558 6985 262
3404 7132 262
1893 5228 238
1523 4838 238
2444 8843 262
5362 6454 262
3379 6637 262
2701 8709 262
4883 5091 210
4900 9751 262
2590 3726 238
354 4322 238
6949 7336 195
3037 5455 238
7108 9444 260
5418 6858 262
5922 8548 262
8481 8762 216
5995 6604 262
4124 4401 215
2934 9400 262
6318 7188 257
3932 5001 215
6710 8155 257
9157 9849 260
7070 8425 252
2996 8990 262
1172 2451 183
8570 9219 247
4802 5458 210
6653 6906 182
5341 8105 262
1744 8508 262
3092 9513 262
6528 9870 260
8879 9890 260
3051 3321 199
2125 5833 238
4214 9496 262
8500 8870 216
6795 9503 260
5116 9741 262
9343 9732 198
2438 5327 238
3199 7617 262
9940 9962 136
6514 8411 257
5129 8466 262
1805 7091 262
2347 5046 238
8139 9763 260
496 2292 183
6422 7410 257
7227 7861 239
4159 5123 215
357 2805 209
7646 8808 252
3447 7960 262
8112 8955 234
7604 8933 252
5826 9974 262
217 279 128
9175 9494 260
597 2879 209
6268 9062 257
2014 4381 238
520 3540 217
4651 7675 262
7833 9719 260
280 2790 209
3954 6295 262
9296 9870 211
6108 8149 262
4938 6880 262
4977 9575 262
4585 5136 210
84 2032 182
9493 9666 198
6497 8981 257
2940 6143 238
5736 6512 262
9874 9936 242
165 9293 262
2252 2517 209
2752 8274 262
6340 7364 257
3166 4488 238
8303 8606 234
1080 9071 262
2548 9707 262
8485 9926 260
9562 9709 198
1932 4873 238
529 9607 262
5495 8514 262
7544 7829 221
1124 7276 262
188 5387 238
4644 9386 262
1989 9430 262
1321 3723 238
4099 6811 262
3019 6806 262
6464 8610 257
4696 9978 262
6506 9275 260
6143 9954 262
8099 9299 260
1473 7319 262
2854 6070 238
4798 6038 236
4548 6612 262
517 3138 217
9913 9949 167
9878 9896 242
2554 2635 191
2933 3879 238
2036 4099 238
8108 8174 190
50 1904 182
3862 8690 262
2335 4903 238
5326 8976 262
4429 8281 262
1764 7629 262
116 1192 182
382 4654 238
5186 5389 192
2101 3132 217
2409 8767 262
3350 7913 262
5880 8634 262
4317 6714 262
8586 9913 260
2766 5584 238
7931 9730 260
7893 9460 260
6630 7989 257
9753 9947 242
6367 6713 244
7396 7885 239
4429 5905 236
3848 5021 215
5027 6992 262
1063 9977 262
630 2563 209
5101 7154 262
3398 6580 262
776 3246 217
4545 7030 262
3321 7203 262
6519 8630 257
1795 4344 238
7135 8121 252
6909 7657 257
3063 9072 262
2687 3319 217
8433 9572 260
9808 9826 167
8835 9709 260
3597 7537 262
7985 8401 234
2325 3307 217
4466 7797 262
9717 9994 242
9344 9869 211
4188 5853 236
603 8483 262
5361 6162 236
3880 8540 262
3942 4661 215
2925 9178 262
7136 8764 252
3163 4110 238
3871 8846 262
4164 8778 262
7812 8112 252
2516 4399 238
6235 8652 257
2291 8547 262
8694 9611 260
5340 6800 262
7495 8683 252
5214 8176 262
6383 6430 200
1476 5287 238
8739 9574 260
6952 9881 260
4812 8153 262
9169 9782 260
4814 7277 262
2500 3977 238
4536 9590 262
5465 5609 236
8347 9520 260
3073 4625 238
5741 5972 218
2624 6947 262
7058 8766 252
8794 9165 247
3282 4148 238
115 2741 209
7372 8542 252
597 1786 182
9884 9896 242
3568 5641 238
5801 8045 262
3675 5260 238
7434 7936 221
7458 8564 252
5950 9229 262
5524 6162 236
5293 8610 262
7630 8379 252
2336 2694 209
2141 4207 238
3044 4927 238
340 2386 183
2026 9764 262
1654 2954 217
7053 9755 260
2958 9594 262
1288 8959 262
9541 9805 198
4827 8964 262
7206 9725 260
3879 7350 262
5170 7710 262
7228 9022 252
1521 8498 262
9222 9272 260
7884 9324 260
2268 3731 238
5383 7415 262
5512 7939 262
2554 9681 262
8609 9677 260
1769 1931 175
1199 7279 262
4969 7078 262
1010 3433 217
9504 9943 242
1255 5343 238
4058 5393 215
3824 5753 236
4397 4714 184
1943 8507 262
8013 8841 234
6856 8403 257
4855 4896 179
3135 6789 262
1282 5738 238
1974 4479 238
1639 6484 262
3414 9280 262
1900 8522 262
1485 5510 238
5662 9314 262
8781 9172 247
3924 6899 262
8001 8755 234
2001 7433 262
6953 7778 239
505 9192 262
9760 9838 198
2526 6560 262
9118 9420 260
4637 6083 236
9561 9564 198
615 6183 262
1938 4969 238
3749 4372 202
6621 7451 257
8864 9192 247
1833 9004 262
8005 8333 203
7459 9184 252
6128 8474 262
6369 6724 244
4570 8548 262
8342 8452 234
5375 8583 262
3606 9472 262
4902 7167 262
8990 9777 260
2491 4793 238
733 1888 182
700 8305 262
2001 4979 238
5458 9872 262
2349 4261 238
18 4987 238
6170 7587 262
570 4198 238
9129 9787 260
5019 8784 262
8586 9072 247
1281 8618 262
6755 8188 257
1708 3807 238
4401 8511 262
3022 4955 238
6789 9721 260
5191 5871 236
9635 9777 185
5326 7995 262
462 1654 182
8143 9212 247
4192 9991 262
5521 6206 262
6555 6933 244
7143 8291 252
931 1631 182
35 4575 238
7309 9775 260
9781 9937 242
8645 9252 247
9546 9870 211
6523 8492 257
6926 9031 257
1736 9322 262
4493 5458 210
297 5268 238
1531 5286 238
4050 5251 215
513 6828 262
7590 9504 260
8449 9482 260
2429 6092 238
2558 6618 262
6577 9096 257
7798 8204 252
5140 8834 262
7006 9262 260
4783 7210 262
524 7957 262
5237 6291 262
1418 3724 238
354 7629 262
2725 5604 238
6351 9235 257
7711 9892 260
7243 9684 260
5165 8238 262
4642 9773 262
2112 6065 238
6411 6554 200
2791 9718 262
9956 9983 167
5917 7181 262
2782 4215 238
3959 7607 262
7807 9997 260
9902 9955 167
4675 4703 153
5266 5489 192
8567 9442 260
7670 7951 221
9135 9323 260
