1 10 20
100 200 125
201 210 89
900 1000 174
86944 28702 351
88793 19242 351
45784 121 324
15902 28799 308
14666 19315 279
20040 14641 279
84711 49557 351
29893 99441 351
7149 79981 351
98317 36872 351
76492 18949 340
84792 6824 351
40965 30945 324
50121 54356 340
43597 51669 314
42696 18280 324
53650 17888 340
72110 70342 325
4725 94249 351
38361 37919 244
66613 59765 335
82175 2299 351
35565 19746 311
2752 9189 262
56947 67652 335
97044 50485 351
83841 25593 351
86403 45019 351
64048 60074 335
6291 38309 324
3232 37024 324
69436 93837 351
37461 33889 324
53048 84098 351
78076 65094 351
75990 31506 340
64651 88410 351
14573 70385 340
99398 84657 333
70733 31624 340
31421 76802 340
38418 2525 324
30355 75363 340
43634 70074 340
68985 69663 299
28246 87293 351
56793 86263 351
35973 15676 324
15247 70002 340
88251 94386 333
99121 98114 328
77912 22282 351
54800 8917 340
94965 78951 333
76982 91348 351
61138 74798 330
79279 54588 351
97835 41873 351
16741 49270 324
83753 11609 351
43939 91221 351
85396 90447 333
40859 88844 351
37190 65127 340
55011 10857 340
84699 60329 351
72793 76370 325
81573 58205 351
25640 66715 340
38075 17523 324
17891 74529 340
64753 38828 340
52014 5989 324
35427 26248 311
82044 81224 289
63596 78349 351
90130 43488 351
76275 91472 351
29098 27412 259
68932 95300 351
68789 50074 340
51133 95004 351
49528 69098 340
60351 76606 335
55223 89055 351
18532 81095 351
68271 9738 340
46736 15125 324
42844 89586 351
93983 22676 351
16123 20140 279
34334 77416 351
20010 75730 340
64726 34164 340
12812 3843 268
8355 22149 279
58632 47096 340
25092 65919 340
42641 71678 340
42827 49570 314
55713 25173 340
23091 80727 351
83134 26020 351
95409 64829 351
42494 61782 340
76098 99722 351
35623 26933 311
97860 28480 351
18415 14753 279
99970 76975 351
80418 68653 351
68519 54976 335
66690 65015 268
2932 70725 340
67529 24354 340
23500 13307 279
24874 10130 282
41292 72057 340
61333 76515 330
1752 11352 268
69977 69158 299
93329 14910 351
70915 90360 351
60130 34696 340
16069 57441 340
44122 98292 351
10674 91814 351
19988 91816 351
54854 80268 351
61809 33763 340
44515 16938 324
12456 52286 324
91510 79689 333
65300 30975 340
28695 21371 308
42219 48602 314
83727 20085 351
98350 46723 351
2068 81514 351
10716 10132 255
46192 83365 351
83586 3447 351
64832 84098 351
88557 52370 351
68376 42506 340
50048 45133 314
19748 4970 279
78369 20192 351
2345 92527 351
11821 18301 279
11145 64799 340
43180 43191 195
85989 57303 351
19935 85326 351
3902 76221 340
97430 65880 351
11572 47521 324
62366 4206 340
25231 61717 340
36343 26768 324
12700 53510 340
73252 36950 340
67983 79157 351
92092 97396 328
88391 3479 351
24285 71496 340
55983 40933 340
81408 37860 351
56608 24225 340
64583 69746 312
72772 63270 330
43507 54537 340
34741 44074 324
68435 36459 340
51076 96083 351
2646 76344 340
16150 30866 308
77730 2131 351
98952 28033 351
34653 67022 340
18036 58581 340
7784 36308 324
8556 51936 324
49835 30643 324
96418 15846 351
55563 51077 340
80682 24313 351
12696 36889 324
53207 62803 335
74724 48515 340
62402 52143 340
44526 35772 306
38538 25285 324
31548 50359 324
9141 4832 262
89479 82242 333
49748 93982 351
97104 60053 351
4388 22211 279
75697 89850 351
85585 41626 351
4014 16601 276
94773 14058 351
31369 74270 340
44958 85744 351
82229 93001 333
8526 82911 351
69859 34514 340
31036 18897 308
70200 73879 325
20792 89480 351
11616 13796 276
38795 56645 340
59419 73886 335
83996 55812 351
87605 28428 351
65999 71090 312
84756 41826 351
87657 95788 333
7594 61355 340
51854 13014 324
19626 9490 279
64683 96213 351
4696 83149 351
92912 99210 328
5305 66823 340
68213 34667 340
1290 90633 351
90749 76095 351
26284 53060 340
88568 40757 351
67708 61309 330
54978 91394 351
44161 85205 351
67849 28117 340
27359 68276 340
84236 23161 351
59464 90610 351
29502 39270 324
53106 31842 340
46826 26628 324
83460 52475 351
36721 25278 324
87178 89955 333
3598 94431 351
29480 82522 351
12923 42091 324
3722 42273 324
19501 444 279
29082 63590 340
64569 88824 351
43979 19405 324
1402 15531 276
41810 57116 340
1611 44807 324
5781 42755 324
25454 93972 351
20699 550 279
32527 72853 340
95779 65672 351
74883 78201 351
47921 86038 351
6634 92794 351
26051 32845 308
45267 91862 351
80546 82953 320
14399 51816 324
46547 36171 314
62621 87171 351
98125 16453 351
6133 23914 282
93957 18245 351
29504 66990 340
58181 1469 340
54324 72452 335
66971 46379 340
60958 6786 340
27597 75114 340
95944 69655 351
10187 65171 340
66298 10084 340
66749 2673 340
7964 31995 308
72507 96416 351
33881 8082 308
82587 81217 307
16672 89636 351
73861 8413 340
13412 96740 351
56995 45107 340
81348 10911 351
51892 20800 324
70468 42637 340
76095 10506 340
23034 36179 324
98789 40713 351
91237 97305 333
97167 38738 351
32822 3363 308
30087 26978 272
99763 65614 351
36354 18275 324
45425 10953 324
72826 58078 335
55007 29325 340
83386 93021 333
93954 37498 351
26195 9115 282
77242 94383 338
64748 70955 312
6083 5061 236
54454 19138 340
6551 28809 308
57725 31330 340
12849 64917 340
66746 27268 340
80109 87082 320
42917 26976 324
43243 77356 351
67816 36892 340
7571 40314 324
47567 2319 324
77970 87848 338
1980 72689 340
96322 94491 328
74551 81665 351
33032 98496 351
17698 44914 324
25494 87305 351
61674 20499 340
9233 81669 351
80185 93370 333
70061 51643 340
67337 31660 340
37012 97603 351
7379 19563 279
68581 48289 340
83877 12188 351
98041 1119 351
36850 73204 340
17793 2501 279
27684 48127 324
8844 44408 324
26445 15053 282
13957 60236 340
72474 18938 340
50680 73447 340
26312 42328 324
50293 29460 324
17393 50426 324
58733 58113 273
15071 18399 279
45305 51190 314
68193 63834 312
32731 74065 340
78139 75866 351
85500 42946 351
17527 53467 340
20116 90656 351
58970 49960 340
13032 94343 351
89554 23658 351
12653 27887 308
84235 65874 351
53322 26474 340
8737 47391 324
77340 80953 338
21839 51501 324
88020 45547 351
93030 66714 351
98747 10228 351
84121 30934 351
64373 99654 351
89685 77478 338
53187 2318 340
54702 70837 335
36578 69421 340
75253 63128 330
52850 12145 340
36454 88124 351
69201 5520 340
31837 10255 308
42341 25121 324
47176 94087 351
87384 82999 333
96248 49139 351
53277 71450 335
14993 32028 308
89138 75555 351
35969 59063 340
80542 26004 351
23885 65738 340
1977 51346 324
44647 95896 351
15851 41505 324
40668 16235 324
70796 98586 351
75753 45949 340
44651 5643 324
54510 32771 340
39435 58731 340
14747 69623 340
18151 57208 340
35431 40192 324
1621 14543 276
43167 480 324
82472 73736 351
87931 45818 351
34000 42283 324
11020 61021 340
95901 30354 351
96658 47858 351
14945 60829 340
51818 48766 309
21971 54092 340
93733 1076 351
40143 22749 324
24467 47194 324
65754 71810 325
35966 31894 324
32964 85054 351
1940 80406 351
4326 6556 262
23100 21049 269
99979 95691 328
63401 83772 351
48715 67354 340
57612 71557 335
94003 30188 351
41443 39398 306
32288 98808 351
67024 56270 335
49481 39425 314
21733 70706 340
59485 15628 340
31355 12787 308
27265 42051 324
54146 74220 335
99964 17573 351
67571 17083 340
5518 97703 351
97857 96649 297
77786 71084 351
20174 20248 225
63269 34428 340
62073 25512 340
22871 84644 351
28980 66373 340
99518 84329 333
60084 76145 335
23249 84330 351
30595 39050 324
61074 19922 340
18543 19575 261
8909 51223 324
50085 97108 351
1373 91282 351
48152 66615 340
8078 4475 262
55163 37727 340
38941 81760 351
86191 82297 320
49147 45121 314
11925 87534 351
41200 91244 351
8325 82828 351
93 75792 340
47447 6382 324
65946 69184 312
85727 20011 351
5246 91142 351
49270 39321 314
52764 5121 340
21107 70363 340
28554 4316 308
39032 98222 351
84509 84428 289
489 72780 340
89073 1542 351
3767 57243 340
49637 87387 351
65947 68662 312
19747 17586 279
68158 59157 335
68860 5856 340
11572 93851 351
78322 9414 351
56298 84796 351
36207 72486 340
80373 94025 333
40339 355 324
71273 88090 351
51339 82229 351
81611 37174 351
9276 94374 351
49150 39554 314
35360 9644 311
65177 4292 340
8135 5923 262
76026 70994 325
84766 90182 333
43444 79388 351
85197 59274 351
84580 44755 351
64186 22104 340
83970 46324 351
26540 84068 351
61746 5941 340
27818 15342 308
12057 38347 324
41153 57941 340
52205 37078 314
81380 27251 351
83238 73482 351
89454 97881 333
98577 45498 351
39555 85319 351
28547 83458 351
4084 60008 340
33737 9041 308
90178 9928 351
23070 12529 279
23929 50675 324
54903 10453 340
40798 31692 324
30904 10911 308
59684 45638 340
55433 73227 335
2583 78179 351
72035 3323 340
93723 80486 333
29829 991 308
99887 25239 351
40579 4544 324
73995 88819 351
51549 46698 314
37737 53772 340
78062 89140 338
85472 7172 351
20155 86605 351
12778 92674 351
57387 31845 340
55848 82095 351
83702 55701 351
98204 62928 351
47126 31628 324
11635 44032 324
40570 79191 351
98853 99080 328
53946 99275 351
84437 35966 351
48292 60594 340
62772 45304 340
77749 26672 351
26466 69963 340
15619 6769 276
91508 62469 351
31063 62034 340
44465 31266 324
49912 13992 324
57462 33775 340
14242 496 276
32858 48601 324
81974 37876 351
33899 42833 324
85323 21559 351
36855 14046 324
76354 30366 340
72583 30303 340
24887 85882 351
12486 12156 263
34355 30358 311
86271 30311 351
26718 92985 351
65636 24181 340
44018 79769 351
94763 43315 351
69548 3421 340
2707 27526 308
91675 65612 351
11524 16643 276
33722 23351 308
56116 48776 340
29530 13184 308
94438 98997 328
59448 34790 340
63629 33162 340
40335 80078 351
89167 50943 351
2214 46223 324
72549 39098 340
94410 94106 284
36158 70224 340
2870 58565 340
27682 20539 308
11438 47762 324
80596 36628 351
38860 62656 340
39153 72974 340
40305 47310 314
918 93711 351
4573 59143 340
2462 79851 351
52314 38511 314
55912 14238 340
4723 63400 340
45591 88486 351
18306 8545 279
69971 71611 325
11142 35580 311
30188 5484 308
74579 21851 340
96095 59608 351
1540 69382 340
35410 85701 351
64107 46171 340
17497 63072 340
30121 31922 285
30843 37169 324
68378 41420 340
71630 69498 325
8007 30840 308
41886 58413 340
93567 11105 351
14093 79879 351
80223 8599 351
72245 28909 340
52142 569 324
87817 56929 351
26118 54908 340
2809 98241 351
76012 31707 340
37844 98940 351
71873 96283 351
37864 39506 275
72977 56793 335
74277 62567 330
93640 62098 351
89375 72995 351
17636 29774 308
47442 73353 340
91398 97354 333
77440 4402 351
21666 16833 279
10454 73926 340
90390 79511 333
8109 61590 340
25496 87170 351
23244 34360 311
97255 3765 351
53034 576 340
66403 7786 340
48593 74776 340
12313 31307 308
49022 76668 340
71543 60956 335
59973 97076 351
65438 81641 351
54578 6031 340
11061 3784 268
13098 78456 351
52025 10667 324
19120 46200 324
32562 36612 324
71363 58824 335
77665 20661 351
59492 45808 340
93110 17875 351
10390 9313 242
54494 15478 340
54270 76108 335
21978 93632 351
97674 68061 351
49579 89447 351
17678 13175 279
30473 31425 285
75657 60493 335
86194 10283 351
77798 23354 351
60159 41942 340
5631 31038 308
40018 87758 351
58139 67030 335
77996 99912 338
10424 15895 276
4956 69352 340
36868 98086 351
79378 5644 351
44357 16247 324
3697 25721 282
46041 19648 324
11970 41728 324
48343 57273 340
55973 74444 335
96020 11378 351
29859 59370 340
3138 21584 279
43135 13654 324
6259 75878 340
41419 81854 351
28603 89901 351
2870 76501 340
44403 76160 340
92195 92182 178
14778 95446 351
98581 38323 351
36886 92316 351
6406 25913 282
54296 42062 340
99479 5857 351
83166 76306 351
10050 97078 351
21138 69426 340
33355 57918 340
54223 14100 340
74997 12872 340
6019 15479 276
2128 272 182
29744 84108 351
97168 13553 351
51853 77167 351
33530 28392 285
30762 10368 308
20791 192 279
33648 7683 308
17067 55168 340
29095 30096 272
16575 17805 279
14897 72087 340
72154 60413 335
11411 97172 351
47086 18714 324
83668 81226 320
75599 10990 340
64894 49152 340
5790 60689 340
49666 14421 324
44036 28717 324
98712 39617 351
92730 23690 351
97892 48233 351
57029 58491 304
69875 65054 312
20479 57123 340
21445 4147 279
30416 29637 272
8325 63866 340
97980 24872 351
93459 54298 351
30294 62051 340
73922 46510 340
83250 54410 351
66109 90301 351
47031 77461 351
51269 67313 340
61971 63881 330
74742 99094 351
85001 47590 351
57960 54993 322
48070 52045 309
67376 69403 312
18226 62763 340
35078 24537 311
17601 59814 340
41442 63577 340
86601 25922 351
79616 71851 351
76141 80657 351
10370 85593 351
78104 25301 351
76500 75781 307
55110 36915 340
67083 93374 351
84572 21686 351
66055 23422 340
89976 21789 351
24312 46754 324
81315 51746 351
65404 903 340
14818 26024 282
59686 73982 335
33836 95392 351
63547 46027 340
99958 61368 351
38293 63872 340
48042 90753 351
47050 7377 324
5782 99227 351
31335 9332 308
94433 57311 351
44502 82231 351
53464 91593 351
90304 38941 351
36807 26784 324
84075 62646 351
65475 20291 340
83075 18874 351
17156 30257 308
58103 14050 340
95471 22965 351
86107 77508 338
58641 12428 340
92715 35561 351
53417 42965 340
39087 52492 314
72956 30741 340
79641 48113 351
70924 99491 351
86187 15007 351
20898 18550 274
70902 57403 335
70280 34377 340
62046 72675 330
68083 72 340
72057 27300 340
73822 36955 340
81206 38329 351
3250 51372 324
42010 43648 288
8289 60949 340
41797 45082 288
68498 29419 340
22035 51487 324
71734 15329 340
25055 35484 311
45017 3067 324
69922 86635 351
9652 92368 351
65657 34412 340
29920 5050 308
91493 18085 351
32389 92734 351
7659 11091 268
77520 6674 351
76443 44268 340
17155 33680 308
526 97331 351
17126 57718 340
15689 55863 340
41115 75446 340
98559 75081 351
63919 54657 335
80562 56632 351
4652 99211 351
89785 49578 351
65132 64091 299
87230 75673 351
93960 89682 333
14174 55239 340
93135 46581 351
73907 39200 340
89522 16696 351
36975 55275 340
60540 98985 351
64414 82284 351
76958 62294 330
87278 93497 333
34024 12349 308
86827 44599 351
45940 60526 340
86467 59280 351
35613 7998 311
12072 14675 276
47501 63339 340
62324 54889 335
65267 5703 340
60998 50735 340
60979 68227 330
31306 81365 351
76952 55577 335
64599 82578 351
15397 83382 351
86034 18209 351
1929 19778 279
6577 56220 340
75984 44429 340
82009 5939 351
35990 61848 340
35368 93961 351
97750 79933 333
13455 48044 324
37601 77597 351
41879 99087 351
66219 93540 351
41285 26053 324
48511 77882 351
9720 81212 351
56242 29736 340
69614 13748 340
66805 29477 340
62470 12763 340
39300 2045 324
18145 15334 279
46971 97949 351
20226 11565 279
81832 81341 258
45172 44036 314
82972 42634 351
99595 29298 351
83708 13231 351
88322 15824 351
7092 22271 279
61252 33247 340
24458 31810 308
9926 24582 282
54736 82554 351
71121 15207 340
87827 44496 351
80061 67901 351
76337 41472 340
72633 17429 340
78343 286 351
49896 38309 314
88744 23939 351
8517 18797 279
20874 46328 324
10119 50441 324
67579 47102 340
73087 52784 335
60433 78551 351
29790 57324 340
34238 50868 324
75924 21558 340
68802 60348 335
47475 97325 351
3611 50454 324
62162 51187 340
99799 24084 351
66765 35556 340
36042 44028 306
53834 19988 340
7419 53811 340
98454 14756 351
74104 70344 325
49646 4673 324
84650 68507 351
42746 34649 324
11012 36360 324
59731 48346 340
69653 93300 351
1765 94729 351
61437 13875 340
34704 32380 311
28508 12275 308
46569 17365 324
63717 11400 340
91101 65243 351
76305 11413 340
89109 17974 351
13648 1748 276
26676 50375 324
72923 5858 340
65982 90434 351
29285 85706 351
84851 38153 351
10800 5612 262
36025 7462 324
36987 24106 324
96792 73828 351
84857 46447 351
29886 85515 351
58877 56892 304
85795 23286 351
3825 42832 324
84103 29235 351
46374 49204 314
81975 77206 338
36838 30368 324
46318 36602 314
70629 13069 340
65720 373 340
46422 56504 340
88466 92535 333
61018 65552 330
71821 49311 340
39027 1244 324
60146 730 340
48502 83628 351
70911 34329 340
6527 16826 276
60655 91597 351
17791 85180 351
54328 10658 340
18544 90378 351
48622 2005 324
24777 83462 351
34309 83412 351
94892 64397 351
49811 81008 351
67901 32376 340
66228 17121 340
73358 80271 351
93543 95191 328
52213 83083 351
21046 14840 279
75199 86470 351
96115 83290 333
3997 21954 279
8733 95647 351
88861 17010 351
