291187 931732 525
694458 638629 442
749750 238759 509
886105 762141 525
517245 642610 509
203387 491377 449
369473 521161 470
899807 515893 525
181905 384966 443
89476 457039 449
5246 595889 470
702861 958155 525
466118 22391 449
723140 665356 504
176212 703603 509
515030 981603 525
635337 723693 504
134438 899292 525
962452 20545 525
175639 479698 449
177360 379026 443
485280 546833 470
414392 899293 525
576932 596297 434
798464 666408 504
567542 803710 509
776503 270404 509
761867 242622 509
806999 999212 525
907978 497416 525
702816 423009 509
479021 338154 449
660908 127664 509
751651 623361 509
662413 927290 525
617265 353979 470
820521 102546 509
900812 234915 525
516044 991949 525
345417 314510 384
172564 427164 449
118221 949067 525
697568 394293 509
705894 504569 509
393506 613873 470
1986 96324 351
551087 995211 525
948682 211996 525
637081 700335 442
349563 299495 441
141831 481033 449
653474 962353 525
97784 68493 351
711473 613829 509
574647 571095 372
928339 261416 525
998260 560765 525
724688 210034 509
955059 430583 525
228808 348566 443
558661 744999 509
959094 109750 525
740211 907778 525
835950 891497 525
122319 699718 509
705198 778354 468
180752 872877 525
254913 278537 407
455575 966386 525
406571 30224 443
51688 334911 443
805844 49949 509
409881 530534 470
259983 364941 441
961117 488792 525
227713 519780 470
747996 701012 504
143735 2413 375
122996 493890 449
893911 245315 525
193610 599110 470
537875 888566 525
471988 792788 509
167104 441769 449
759176 87880 509
471993 325069 449
936995 277838 525
375018 346878 410
322577 149206 443
711819 283696 509
152203 453737 449
317681 900199 525
154751 975620 525
902613 277747 525
469511 796525 509
37268 663121 509
909840 575143 525
65894 896033 525
367932 232998 441
337803 641313 509
320879 324001 353
966382 257875 525
116045 855605 525
118958 438622 449
4813 344983 443
236523 671220 509
798720 68409 509
571421 467676 470
44030 988239 525
259629 513542 470
298970 296897 371
690868 208811 509
386245 756762 509
619049 268382 470
503966 471058 426
909696 339050 525
309264 390284 441
111130 939513 525
760095 230089 509
378137 279113 441
575072 128865 470
950333 887997 507
197275 35960 383
355675 755509 509
24200 615304 470
269052 323170 407
426406 474126 444
46186 812651 509
230889 179441 443
81034 249060 443
650499 504935 509
588110 473968 470
409425 213446 443
413483 169521 449
443535 305825 449
962838 532812 525
434690 913172 525
420810 146170 449
949133 290690 525
901680 487538 525
905994 684937 525
810709 846605 525
159064 371100 443
659257 389954 509
550541 254497 470
153219 715245 509
273637 741330 509
189215 683062 509
954776 116903 525
366788 912516 525
422728 329627 449
445329 857418 525
757005 380344 509
517794 220344 470
671035 419475 509
707882 91235 509
104413 32797 351
452046 263478 449
403898 625508 470
167637 468644 449
880005 320856 525
698095 667848 442
576391 401515 470
865115 45373 525
518418 231905 470
957889 941146 414
75737 917423 525
312770 346947 441
811973 830564 450
567291 997213 525
764244 789379 468
602653 868658 525
822176 54700 509
646341 740279 504
680209 813978 504
208925 74420 383
649039 907020 525
742268 739636 393
308536 607385 470
785009 341159 509
353495 257105 441
282306 943436 525
688733 109281 509
290385 500707 449
939846 371881 525
497921 218296 449
161261 614780 470
86955 983438 525
669480 247501 509
723718 349690 509
575684 446848 470
424111 224725 449
868073 680584 525
964361 690814 525
802174 263576 509
31974 155670 375
520681 828484 509
613312 723620 509
937766 903697 476
224328 391818 443
789783 236455 509
610114 951045 525
851235 211275 525
448689 520716 470
458776 686612 509
384612 34462 443
133462 322928 443
773391 1536 509
517717 251958 470
692351 319893 509
515534 238530 470
475563 550421 470
67016 88876 351
274042 4783 443
506778 12575 449
910805 296563 525
249030 520920 470
761813 614470 509
246400 210503 443
649392 705177 504
897115 34005 525
253844 544782 470
871137 27236 525
60524 388855 443
279194 267080 407
708748 308933 509
505610 698517 509
859354 572626 525
301598 133397 443
91614 808377 509
145973 2420 375
619145 909207 525
37546 895163 525
523679 283946 470
105667 173072 383
503328 516987 470
721281 757172 424
61771 592419 470
298613 636499 509
495479 577807 470
903579 204229 525
886741 409190 525
416951 260301 449
496022 718549 509
393699 587636 470
41132 53877 340
104262 660277 509
963084 656012 525
555441 969 470
454163 175313 449
174041 957492 525
692301 409527 509
228870 268277 443
1947 527484 470
904776 497427 525
619496 808356 509
215861 506238 449
731751 632812 504
766540 227774 509
351362 674444 509
329616 392495 441
728321 948082 525
566977 205611 470
604095 636624 509
206581 58259 383
326142 894826 525
529956 532648 346
304355 758827 509
800925 820506 450
800516 219907 509
832138 420013 509
542468 562204 452
440457 788425 509
195017 721202 509
16200 60585 340
909851 860020 445
967284 152378 525
808103 48467 509
357989 926403 525
199296 78775 383
498868 525439 470
487807 28825 449
58088 792162 509
301857 373219 441
126874 102374 354
107331 473218 449
36593 649800 509
35423 991254 525
438226 230441 449
712457 968630 525
805230 622309 509
828652 772515 468
774687 150961 509
335187 646881 509
591570 534484 452
725657 90439 509
59924 213465 383
633468 632216 354
519832 935326 525
5436 160911 383
551905 112768 470
634129 102703 509
276773 669553 509
93958 229204 386
414199 320620 449
197835 219430 386
457134 540692 470
506150 746026 509
205859 355542 443
392909 797429 509
890026 632771 525
402073 464155 449
360441 35542 443
610577 394478 470
485073 616013 470
555389 36980 470
242986 189520 443
653887 33964 509
373278 747846 509
263168 787477 509
582671 975208 525
521112 39807 470
515901 541467 439
785833 235965 509
897009 692947 525
33395 301242 443
325719 435468 449
279602 200365 443
985215 890179 507
594843 470289 470
20399 664438 509
507269 777589 509
368163 675362 509
811554 741441 468
423209 588927 470
43124 520085 470
564136 78441 470
559892 594243 434
134113 345727 443
830208 545327 509
552879 377809 470
846569 878599 432
327482 126173 443
593169 312698 470
530557 188014 470
782988 550956 509
852452 804462 525
328547 734820 509
479825 140102 449
476262 417239 444
729029 33591 509
937325 807371 525
112032 11423 354
401615 760349 509
871354 746028 525
305677 424235 449
123838 666452 509
302835 451321 449
306830 896004 525
278224 837387 509
598223 575417 434
388345 964880 525
379881 716892 509
699701 373911 509
371199 690168 509
305356 614433 470
723759 756886 424
421805 349996 449
768309 337625 509
110346 639665 509
83655 416024 449
63901 721697 509
82477 880940 525
687223 389307 509
291150 965448 525
740899 889374 525
540866 129245 470
368460 434952 449
360342 68163 443
323069 245746 407
272536 628425 509
860180 996296 507
385312 796190 509
346293 153622 443
648021 970844 525
307492 245881 407
901073 371393 525
967578 983550 458
252334 654803 509
887062 57690 525
134457 627962 509
947064 189528 525
271413 829729 509
624481 631755 509
412097 947550 525
877502 684634 525
90181 251888 443
680931 989697 525
562283 541429 452
143320 210305 383
26479 450813 449
456186 927552 525
336411 937970 525
911103 102951 525
592774 312371 470
160641 727231 509
940334 621910 525
916759 211748 525
451640 55446 449
357708 863738 525
517201 749415 509
548373 121587 470
515508 743509 509
111285 77793 354
799143 254606 509
802302 825623 450
219624 772694 509
753176 556035 509
710665 178486 509
173191 817644 509
490857 333832 449
59081 945396 525
955742 490045 525
671349 407384 509
59697 29059 340
785327 576898 509
778474 333701 509
698486 293984 509
591415 323976 470
885981 390559 525
578582 202489 470
216183 312411 443
975183 969360 458
382652 200054 443
147847 555843 470
17699 152909 375
889676 590984 525
98307 359624 443
81031 769656 509
767008 140728 509
798715 552336 509
231831 91396 443
400242 444522 449
899584 991657 507
768499 299771 509
382218 861286 525
502260 112606 449
687903 477445 509
81967 70556 351
191704 744018 509
140604 723608 509
896928 544485 525
314593 509440 449
904110 909828 445
279097 671119 509
564761 592018 434
737661 796593 468
197619 652108 509
755320 97204 509
643767 38025 509
396975 540190 470
899312 899235 251
652796 101421 509
890885 248969 525
171977 82591 383
507192 826785 509
806199 918325 525
371272 634997 509
427766 275383 449
544827 221069 470
460707 109589 449
813087 712573 468
420387 10707 449
364683 689913 509
622115 522655 452
727938 533295 509
62846 141456 354
432531 229847 449
242877 837622 509
993020 929058 507
434418 500214 444
755845 754822 362
418540 127118 449
389820 360512 436
402501 448852 449
581581 377413 470
72647 394669 443
89988 493034 449
919580 454671 525
697152 55901 509
977326 425092 525
589196 554377 434
80753 21728 351
298429 323631 384
373555 291451 441
252690 807973 509
305870 522740 470
562796 238615 470
649858 466822 509
599127 566564 434
915674 180709 525
943978 988321 458
89583 548171 470
995561 523368 525
2843 692714 509
579269 494374 470
632011 168466 509
562956 712765 509
704399 375590 509
550601 77955 470
667041 803291 504
400134 487116 449
840237 477135 525
725732 490096 509
943957 324860 525
570866 373838 470
19775 29050 308
362160 109358 443
577221 357722 470
146932 580064 470
564642 726201 509
588643 196654 470
894668 151600 525
909419 113273 525
41395 974225 525
191228 708437 509
291723 105567 443
709758 131961 509
582703 435491 470
136262 40866 354
274557 707128 509
414704 294332 449
736178 291070 509
917894 313400 525
162997 64827 383
407669 727639 509
305234 996312 525
924294 714107 525
662117 347919 509
827380 703513 504
322146 532813 470
926155 613869 525
638381 150119 509
260035 735289 509
585611 396297 470
776155 374373 509
103427 705065 509
668705 353810 509
996135 100805 525
667211 159133 509
679837 589085 509
400978 985071 525
99604 325273 443
213384 275926 443
187397 40765 383
493644 23748 449
573578 934004 525
151822 211960 383
84125 411857 449
461454 669736 509
322360 237611 407
44110 425787 449
456881 227020 449
293802 453017 449
842029 475218 525
126355 521867 470
64305 527333 470
21144 163909 383
366811 234528 441
954039 68414 525
789497 447685 509
92162 363077 443
381690 758189 509
89242 465815 449
684251 550697 509
649756 6612 509
302513 693866 509
946603 759394 525
435091 240407 449
726616 277122 509
715625 367176 509
313194 294135 384
894510 848543 445
972248 775526 525
597276 926289 525
843940 386775 525
373975 450308 449
264057 269870 345
208498 353299 443
735686 406954 509
418201 385443 449
413567 720714 509
593515 874375 525
994313 28607 525
628987 235135 509
305729 344614 384
602312 133129 470
152954 11028 375
981672 125204 525
786554 578949 509
51494 630496 509
965724 939673 414
80805 229782 386
209544 803507 509
97287 459435 449
210462 515488 470
844879 138234 525
750408 952599 525
12611 258927 443
981206 155803 525
494063 801141 509
500417 610580 470
934270 167577 525
621608 430148 470
292781 922367 525
9098 858479 525
552864 489028 470
312358 147874 443
233015 521902 470
951381 844506 507
495543 676049 509
874200 854627 432
814283 624609 509
807227 341099 509
883536 788434 525
496903 891804 525
103781 511525 449
16590 552256 470
679102 638198 442
982404 486088 525
560567 505708 470
344568 627636 509
994736 656926 525
775511 741956 468
693034 241098 509
100669 702782 509
917147 974869 507
557410 245637 470
599479 364638 470
586736 997220 525
667277 597844 509
403231 771059 509
623575 419821 470
323316 302678 384
572225 305722 470
302972 646997 509
325635 161745 443
274634 834576 509
332877 564350 470
576533 25912 470
805449 677202 504
242899 722597 509
652072 800309 504
968234 765756 525
164948 69177 383
277183 346430 441
667021 680414 385
117490 290597 443
100236 955011 525
107481 186666 383
774938 410453 509
833663 100574 509
86403 108299 354
935150 419280 525
186854 25889 383
959396 992303 458
217297 202296 386
714902 869369 525
2606 197342 383
149332 681758 509
266519 426515 449
28190 447746 449
106930 659884 509
252548 721370 509
614896 874233 525
908037 904039 445
798891 255906 509
4614 885295 525
364205 453969 449
304576 65265 443
479859 263974 449
57569 697156 509
466270 286676 449
80731 983081 525
484019 744267 509
664840 264743 509
170783 207235 373
226694 791917 509
867120 479243 525
513289 996221 525
353477 935531 525
900262 152370 525
191438 419081 449
37666 69849 340
387256 342242 441
135114 867115 525
120421 192683 383
78477 586692 470
993564 673412 525
569774 477584 470
417681 748819 509
256532 588464 470
470260 483227 413
380383 337381 441
962470 407877 525
847807 830152 525
343409 262275 407
982522 49052 525
195562 534393 470
118901 582818 470
390841 254015 441
964138 511262 525
960903 42616 525
97955 954468 525
716028 181934 509
946257 133710 525
444959 202790 449
722175 915219 525
200222 616763 470
766805 676897 504
24641 614613 470
507051 882254 525
391094 3779 443
931306 586656 525
52378 564413 470
683679 443219 509
818428 647818 504
954481 293537 525
690434 566642 509
762210 920667 525
262781 222673 443
568583 707740 509
939668 804963 525
622960 139891 470
421727 389766 449
816789 960572 525
518585 838045 525
842827 423884 525
841824 288339 525
524745 894202 525
852752 208425 525
851626 185387 525
856243 806109 525
993128 60883 525
886956 755340 525
495755 149738 449
978013 64339 525
857479 917682 476
869302 994644 507
571779 805234 509
384412 388569 348
765807 417202 509
226615 122840 386
841086 582644 525
411180 365832 449
991052 263933 525
574257 842679 525
963524 944705 414
162994 956654 525
519793 49951 470
711995 529753 509
713894 204214 509
594093 571374 434
636102 977600 525
566019 207882 470
782836 464636 509
110656 548644 470
881838 851475 432
185690 722925 509
434120 596870 470
602962 939377 525
375008 691424 509
296263 852738 525
636130 459257 509
809393 670128 504
23414 35594 311
199883 737308 509
239808 308181 407
308683 390115 441
799986 388907 509
597997 582823 434
367749 222858 443
645673 249588 509
74334 831363 509
486719 22660 449
942438 603886 525
962037 831651 525
295312 258301 407
684390 931442 525
231764 493784 449
115777 255178 443
43583 829864 509
506691 797596 509
652250 329579 509
187712 452237 449
718486 299915 509
35062 86236 351
522773 194940 470
850029 597108 525
540508 850953 525
619768 482947 470
454840 96011 449
828803 750152 468
354313 513195 470
195801 100282 383
521184 825782 509
869664 564768 525
655647 376356 509
362365 307898 441
705935 64282 509
274340 938626 525
364197 823606 509
24864 886971 525
18547 389098 443
484080 559055 470
754256 103849 509
556207 209097 470
199860 899216 525
473455 68378 449
926616 183461 525
682864 447801 509
9244 552529 470
526774 664891 509
928885 403344 525
486994 634821 509
467627 275539 449
573449 831824 509
99147 112518 354
718796 117694 509
15821 717081 509
190955 770077 509
335135 261367 407
493379 49201 449
674788 966834 525
117579 601405 470
150296 314649 443
563412 673744 509
867178 90187 525
852840 310270 525
7737 339835 443
459296 475364 444
615375 546950 447
821393 228727 509
659468 54396 509
860625 189494 525
771477 51581 509
473776 106614 449
827153 967156 525
155815 501942 449
448196 787598 509
617553 112698 470
616452 180966 470
786442 483632 509
785357 639284 504
308107 793094 509
493324 767403 509
782663 622904 509
314355 604058 470
851631 488028 525
172659 712258 509
191728 458341 449
278044 665504 509
564955 619402 447
632661 234975 509
121346 80859 354
536779 738899 509
707761 667436 504
434070 494204 444
665273 219428 509
647693 973380 525
12524 141019 354
740785 795187 468
278128 569345 470
913450 129761 525
57374 86110 351
356224 249102 441
544452 634268 509
428812 623612 470
253672 61474 443
372793 889222 525
656537 423777 509
142327 364299 443
91214 576397 470
372709 756488 509
795825 20403 509
244074 322554 407
675626 984859 525
631947 953755 525
68410 545398 470
597721 639989 509
145714 953945 525
403296 204371 443
102419 832108 509
342188 870295 525
893583 714981 525
273723 64326 443
652963 416050 509
942830 258383 525
506652 829744 509
529076 816683 509
364352 773150 509
139238 39980 354
272216 771185 509
507940 340626 449
830789 105662 509
980615 976503 383
573812 383913 470
180875 190436 360
216022 523063 470
60733 623810 470
752250 334456 509
202342 919418 525
264712 145173 443
177802 771364 509
489122 706878 509
102253 853474 525
480030 241492 449
407659 266451 441
526882 915599 525
607077 357672 470
535466 587694 452
848380 623483 525
485812 29256 449
813920 701834 504
66525 874653 525
839850 332980 525
723314 42193 509
252399 988026 525
701570 944406 525
273597 190693 443
165490 375850 443
44168 645520 509
131547 451828 449
426176 172635 449
881632 33255 525
530307 417100 470
135154 378689 443
40584 620966 470
922149 368709 525
837005 502879 509
243363 676856 509
835859 480883 509
233254 602464 470
468910 934824 525
546871 256712 470
639722 712361 504
146768 683891 509
872087 792519 525
649924 298264 509
965154 45762 525
845723 495463 525
977066 980877 383
388357 531856 470
601844 310507 470
900565 438851 525
327592 658134 509
629912 163452 509
139018 863167 525
280121 122133 443
797992 341197 509
378846 437716 449
53560 39819 340
635812 439852 509
832338 799941 450
252321 311699 407
845703 98046 525
321367 336976 384
78924 709724 509
868832 194974 525
534436 769398 509
633825 376233 509
427533 263738 449
539686 566551 452
126906 334012 443
688685 439104 509
675210 581736 509
391025 242975 441
135760 26838 354
682827 482303 509
340984 449353 449
794002 700892 504
547399 115370 470
37869 140529 354
339299 906701 525
335503 387941 441
676101 969328 525
764174 617839 509
747271 818065 468
184392 388383 443
152079 387282 443
827487 341494 509
483223 218513 449
584469 618983 447
759555 267297 509
101287 614744 470
716650 409495 509
315637 778255 509
39070 353507 443
918784 892574 476
260209 254288 363
