15934 27744 308
16263 41530 324
19701 25509 282
49753 37257 314
17257 8120 276
49712 18352 324
22844 28706 308
4109 46394 324
18331 37367 324
32170 7933 308
26918 19848 308
37973 32869 324
6981 6224 257
38550 17593 324
38165 26170 324
26552 428 282
16191 42625 324
40636 4921 324
27945 19311 308
19863 48485 324
37364 43302 306
14711 17237 271
1877 432 182
29930 10398 308
676 20492 279
24191 9345 282
8135 18426 279
41630 44031 288
2728 29127 308
41744 37335 306
34105 24761 308
29750 15621 308
30257 20933 308
35573 31614 311
2491 4510 238
27120 37406 324
25696 4050 282
30328 6720 308
33498 16825 308
42597 18650 324
37357 4185 324
23094 22246 269
31008 49307 324
26510 42755 324
30353 25666 308
16784 38739 324
20802 29691 308
11331 37338 324
28196 36657 324
45964 32012 324
49428 40043 314
37107 969 324
6213 9002 257
34511 32481 311
34659 36572 324
33332 815 308
34848 20565 311
13198 3626 268
48439 10932 324
48019 48488 252
20152 19188 274
9914 24180 282
26996 21751 308
11751 14914 276
45563 31135 324
12274 43548 324
18522 4831 279
9141 25558 282
27679 4727 308
38504 598 324
20409 34894 311
13989 39239 324
17086 40094 324
27189 42721 324
33212 8747 308
32388 15711 308
29210 45888 324
8669 33104 308
23474 21901 269
7675 25106 282
46184 40953 314
34371 1788 311
9303 27411 308
21906 12111 279
5401 7997 262
143 48586 324
41861 47048 314
43925 35732 306
21159 25387 282
35220 16401 311
43416 4056 324
31683 19875 308
43062 15007 324
33603 39269 324
39366 471 324
36519 26724 324
26090 49107 324
44320 3131 324
47656 18733 324
43994 9975 324
27596 38811 324
23674 45056 324
8731 6096 262
8246 30706 308
47695 22949 324
9874 28354 308
34475 20761 311
30742 26757 272
5645 23144 279
31641 33738 285
34680 26136 311
1150 21530 279
27211 36608 324
24418 5256 282
3788 9374 262
7627 7446 208
34113 29173 285
13596 27154 308
5054 5184 179
11718 14656 276
46018 9177 324
33078 38777 324
15400 655 276
42729 23003 324
32162 5456 308
8871 18317 279
35695 19382 324
7931 7481 221
26605 3387 282
11360 26208 282
41955 6080 324
23703 21366 282
24454 3733 282
39837 18433 324
44564 23018 324
35108 33584 311
14911 8468 276
48117 21547 324
1720 25529 282
48072 30108 324
28257 8521 308
22354 26529 282
38155 6431 324
23478 45049 324
46521 31205 324
33415 30811 285
35720 47926 314
8299 32132 308
11702 26710 308
30752 5023 308
12818 48653 324
23925 34696 311
10472 11154 268
4626 30979 308
5617 1143 238
46598 7089 324
41733 31918 324
44405 42744 270
30396 42750 324
4408 5937 236
24303 33768 308
16046 1564 276
30341 33399 285
44897 13052 324
37808 1768 324
4998 28979 308
30651 27810 272
12331 42361 324
30717 15162 308
2294 13210 268
23754 46099 324
15131 29635 308
34544 21890 311
24089 29032 308
693 20402 279
18675 22295 274
15694 41166 324
21950 38766 324
7738 32459 308
842 17049 276
15944 36230 324
40216 17390 324
7210 10389 260
9755 30244 308
13502 12272 276
26517 27565 308
278 36913 324
10006 20612 279
17213 22783 279
33093 23124 308
9202 18325 279
34005 31438 285
2603 18805 279
13364 21392 279
14274 6576 276
49907 11760 324
6627 1897 262
28860 37764 324
26359 33578 308
485 27748 308
7157 25949 282
23606 25455 264
16195 23360 279
13431 34324 311
45884 21025 324
11448 20203 279
30848 8877 308
6050 21793 279
49589 49305 296
9134 1559 262
44843 36415 306
44568 41729 288
18507 28392 308
37001 38993 306
1119 3399 217
1719 29869 308
31976 40580 324
32120 31364 285
24597 25380 264
7917 31467 308
43841 14233 324
16431 27415 308
43156 44572 270
30312 16180 308
40797 35301 324
14217 40904 324
1994 1056 182
13729 12482 276
45906 26030 324
1038 29898 308
41287 8658 324
41378 20683 324
39555 6507 324
10758 26530 282
19581 24642 282
43867 4853 324
41934 40661 288
8491 12617 268
24733 11607 282
38115 1186 324
6648 1228 262
9436 30059 308
19184 21111 274
1743 49375 324
30605 4672 308
48873 14606 324
10481 2672 262
26980 38718 324
45482 28681 324
23792 41776 324
33001 45047 324
41833 18469 324
34859 10227 311
8179 18667 279
19469 6255 279
3704 13464 276
923 42512 324
20894 43649 324
15958 18832 279
32920 11513 308
47093 46233 283
12221 20224 279
48039 8610 324
7453 38523 324
21729 41977 324
25153 1518 282
41424 31403 324
38705 21937 324
29351 41036 324
17826 31129 308
33965 3427 308
44166 44776 270
33405 44165 324
26874 47259 324
43625 5822 324
8830 43778 324
42225 20227 324
27605 38452 324
5038 14839 276
36626 21380 324
40420 38576 306
38689 49898 314
6821 17079 276
37967 18798 324
27056 16675 308
28229 20403 308
42677 44280 270
30383 34977 311
31262 36328 324
11492 13283 276
20075 36762 324
47343 28698 324
37034 9806 324
32319 31876 254
8939 32321 308
10758 13440 276
13289 24772 282
24528 30857 308
49869 8065 324
42571 34480 324
36268 24339 324
1412 23207 279
3747 33279 308
22971 17811 274
35885 45143 314
4597 17209 276
27072 7169 308
9377 35008 311
33313 48949 324
16718 38358 324
6219 49855 324
30991 9854 308
25240 48450 324
8985 2712 262
33975 18822 308
14637 26329 282
5786 6494 262
32268 4244 308
27532 26955 259
9140 48984 324
14284 1685 276
29016 6597 308
6089 25535 282
31652 27423 285
14214 27890 308
2626 33886 308
11398 22577 279
30716 19850 308
49841 10514 324
8889 46423 324
27280 5583 308
1941 867 182
15547 27801 308
37164 41923 306
36279 23046 324
27237 28758 259
27900 35186 311
27272 6818 308
37993 30433 324
49099 23132 324
19246 16185 279
26187 12636 282
13803 29705 308
11851 11578 219
41188 32096 324
20293 46779 324
47338 23288 324
34620 24516 311
10888 14058 276
34454 30554 311
39889 38584 275
4786 47176 324
12090 2810 268
12354 5596 268
29098 7570 308
40271 15169 324
17239 26199 282
2484 27145 308
8592 27101 308
14943 47354 324
9586 23903 282
24190 19146 282
17520 41091 324
42545 49670 314
36343 30761 324
32698 1701 308
40978 22126 324
34084 29779 285
44351 11704 324
32795 5681 308
35460 13957 311
9527 47521 324
30976 35297 311
18149 18918 261
45609 49327 314
43846 40283 288
36935 26467 324
11037 4646 268
18305 2644 279
26 35256 311
28370 1260 308
14324 27880 308
4183 27708 308
20740 19357 274
16124 27919 308
39336 21098 324
754 44809 324
6270 2335 262
19486 29121 308
40907 32215 324
1681 19071 279
19280 25763 282
17376 36272 324
45615 27745 324
28064 33327 285
32044 4876 308
1724 19058 279
26912 9419 308
44962 28473 324
28812 44767 324
14824 44840 324
25075 32511 308
19803 2323 279
47146 19923 324
41237 40834 288
24348 15735 282
37279 10312 324
27010 44614 324
19438 49818 324
214 48151 324
26604 6070 282
8288 15492 276
36550 10056 324
32206 2630 308
35669 7630 324
5253 19812 279
25251 27971 308
3646 13392 276
3091 45775 324
33565 32018 267
25959 10354 282
2817 48175 324
39784 4717 324
33408 38009 324
46895 8257 324
24264 17291 282
6250 39896 324
15883 1907 276
19050 17024 279
43450 22854 324
42565 4740 324
48065 38803 314
44074 24644 324
11712 13060 263
6548 38170 324
20977 31153 308
48834 33405 324
49349 6090 324
16266 43511 324
48303 11998 324
20467 17823 274
48884 17129 324
22981 2846 279
22096 15718 279
25050 26420 264
48127 15730 324
579 29537 308
49184 8575 324
8049 45039 324
43907 26314 324
18293 31892 308
26220 47791 324
48017 27549 324
37764 21518 324
28018 45942 324
4449 12099 268
18387 21223 274
1808 46226 324
30695 42425 324
3548 40484 324
42619 20048 324
23891 5439 282
3565 33896 308
39542 1078 324
40918 38233 306
25616 16611 282
25726 19386 282
46915 39172 314
6307 35654 311
23641 18399 282
17245 39210 324
43906 16124 324
6578 17281 276
46581 31369 324
22159 12671 279
7397 352 262
11944 3267 268
34839 4174 311
6732 20853 279
48035 41982 314
37863 7299 324
33202 33940 267
15999 32312 308
28885 21874 308
259 43317 324
15144 13479 271
44675 438 324
3030 19416 279
2572 25468 282
38558 43136 306
4456 37293 324
8549 48705 324
37292 26365 324
5679 44709 324
41856 41068 257
36274 4226 324
37402 20427 324
23566 2288 282
21300 30725 308
3917 13950 276
49211 1454 324
35524 4859 311
38554 29003 324
40156 21960 324
19107 21288 274
44358 49004 314
39883 37985 275
11488 27811 308
5443 3771 215
29962 46787 324
702 46549 324
37098 15876 324
10242 18919 279
8981 25177 282
6016 35634 311
13355 48195 324
43356 48171 314
3893 18323 279
38654 2502 324
33524 45379 324
30091 26021 308
17043 10268 276
10153 38391 324
22183 25476 282
25060 6693 282
23573 21643 282
42212 43263 288
17995 34117 308
48276 45925 314
32385 20107 308
30780 28374 272
14008 667 276
44067 15143 324
1178 26282 282
14775 33935 308
6787 19518 279
11293 20899 279
8349 30858 308
31554 14621 308
46015 2821 324
35412 40606 324
47731 5890 324
6779 28504 308
17718 24216 282
10256 19961 279
25506 47454 324
11555 47612 324
39340 6370 324
18032 7905 279
49735 19087 324
39036 37017 306
24446 25166 264
13328 36877 324
29135 8601 308
42580 4603 324
21560 13652 279
19871 31746 308
35154 31948 311
13252 7519 268
11414 45484 324
6962 41131 324
22221 42866 324
41780 16342 324
31876 5568 308
35244 3748 311
16258 22621 279
47197 29017 324
40347 43688 288
13448 6202 276
15570 49444 324
12633 10979 263
2548 6347 262
36636 27265 324
19248 39453 324
29110 20896 308
38228 25103 324
9422 30114 308
34891 28218 311
43837 35124 324
16587 14618 271
12252 30841 308
39728 38032 275
20887 47118 324
9226 39448 324
33719 40839 324
39630 12426 324
1000 5072 238
12090 4655 268
28081 4752 308
8933 29174 308
38140 5220 324
47211 7591 324
45343 18263 324
28548 7455 308
18185 29718 308
37098 17918 324
267 17237 276
24216 36348 324
33609 6918 308
42266 40662 288
12441 7371 268
45701 33901 324
49135 33236 324
29086 24478 308
26431 16982 282
24180 3824 282
5093 10363 262
45684 38339 314
8789 33119 308
15376 2957 276
41967 36329 306
12805 46832 324
1136 28388 308
46359 33695 324
17964 12593 279
11310 17551 276
19663 14750 279
39974 37408 306
37509 17668 324
17479 1790 276
14195 19947 279
49492 37887 314
33581 49729 324
42835 33671 324
5461 7036 262
33186 35070 311
10896 16488 276
48427 6956 324
432 17067 276
1611 36961 324
47032 31199 324
12294 19080 279
25491 8493 282
31782 9700 308
49328 9240 324
47043 1782 324
5693 6098 218
3878 6059 236
34242 46772 324
38311 44493 306
40641 49368 314
40300 12809 324
2020 37411 324
11569 15457 276
44759 17188 324
40934 16269 324
15738 22233 279
27457 23813 308
7729 47524 324
49535 23479 324
21616 40039 324
20256 14403 279
18694 19309 261
12666 28802 308
5002 34967 311
7 13359 276
15853 39381 324
26914 14564 308
28537 43635 324
33043 4479 308
35261 42521 324
47491 32977 324
15227 36104 324
20822 45470 324
7370 31215 308
35200 5204 311
30495 26839 272
19761 26001 282
10552 3190 262
612 8644 262
15864 1008 276
19358 7706 279
28041 5418 308
12391 17773 279
16145 27576 308
38542 28117 324
39311 11432 324
14750 15902 271
48101 24361 324
11562 8202 268
9161 23348 279
7002 16812 276
12412 40443 324
49553 17643 324
36417 44321 306
47765 34912 324
47782 30306 324
31295 2245 308
21552 45188 324
47612 34792 324
17695 5715 279
17620 30178 308
32976 29678 285
1001 33187 308
12215 35282 311
13523 24973 282
16270 998 276
5051 13817 276
23646 19423 282
49295 49464 265
28332 551 308
31135 12005 308
37079 49968 314
15003 14231 271
17524 10477 276
1817 44226 324
34951 30838 311
22787 16798 279
29744 49555 324
19795 49550 324
26449 32526 308
10721 33445 308
34111 13807 308
533 30312 308
39048 12344 324
31710 32683 267
26883 49347 324
42826 14991 324
13259 47529 324
21959 35871 324
31299 45362 324
17443 28155 308
27113 45252 324
36698 4956 324
41176 34299 324
48524 47317 314
45395 29162 324
10868 24057 282
47584 24801 324
43885 25914 324
3541 20658 279
33566 22351 308
2154 32981 308
36444 19473 324
33822 49635 324
38754 11509 324
48633 36973 314
39634 37012 306
23968 29085 308
46097 2247 324
47623 43491 314
46398 26940 324
12887 37892 324
31663 2170 308
10059 36848 324
23579 40401 324
48154 10890 324
23394 26628 308
38929 24347 324
39744 46331 314
37460 4414 324
10602 33942 308
40188 38547 306
19255 3342 279
5414 12234 268
46283 21934 324
28831 21823 308
49231 19643 324
37879 5111 324
43395 44474 270
9904 7429 260
35176 45405 324
30827 31172 223
26039 7617 282
27179 31555 285
2440 27391 308
24227 35712 324
2405 40724 324
23692 27841 308
38754 8665 324
5444 7648 262
13456 40517 324
25688 29305 308
2413 32481 308
16242 49631 324
17247 37522 324
36178 38904 306
39574 2380 324
10165 32432 308
22693 5199 279
27014 30021 272
46230 20390 324
348 32450 308
10243 32196 308
7630 28478 308
8663 4640 262
40434 22026 324
35315 26017 311
261 2796 209
5740 30959 308
2208 4702 238
48794 4217 324
37066 9280 324
6425 21479 279
37983 7566 324
11787 40166 324
1518 38147 324
24145 6667 282
9037 42589 324
16696 49528 324
47200 12230 324
12292 35927 324
30163 3304 308
31220 46071 324
23933 31286 308
43107 5432 324
606 36882 324
10202 23462 279
39019 32944 324
43370 25773 324
48182 19931 324
24067 45535 324
46293 38361 314
42253 35785 306
34630 17694 311
17824 9588 279
33454 25766 308
28075 29564 272
37843 41822 306
43770 18921 324
49487 28817 324
27007 21902 308
40589 36798 306
2501 3903 238
6795 48823 324
16892 1560 276
28573 42589 324
43045 30878 324
14360 3767 276
9148 7785 252
4788 30107 308
37394 40454 306
42568 36848 306
45058 48016 314
33128 2257 308
7878 23910 282
35992 26152 324
32697 1394 308
25373 26282 246
38540 16050 324
5865 22042 279
2616 24643 282
25367 48803 324
3843 29633 308
42167 17250 324
11691 672 268
19171 47144 324
37517 46357 314
40012 4707 324
42108 11387 324
36442 40115 306
45805 35796 314
32698 13805 308
7323 16431 276
30400 39714 324
13534 12344 276
28943 21718 308
41018 25663 324
42586 34273 324
14457 28081 308
11398 36512 324
45762 2719 324
17958 7940 279
14392 12771 276
17461 11021 276
34287 22197 311
505 5464 238
16826 3251 276
9698 25150 282
6825 47705 324
19041 25793 282
47921 42322 314
29374 30526 272
31423 32412 285
30601 16290 308
32006 2796 308
46571 4920 324
30509 2479 308
33002 21012 308
30330 10486 308
40536 10551 324
39564 38871 275
49331 23323 324
28101 37080 324
12987 26495 282
21365 47500 324
21308 9538 279
4435 6323 262
27648 41812 324
41255 24778 324
20870 48415 324
39362 2501 324
34556 26895 311
6705 44846 324
49697 17219 324
14976 18729 279
5606 19826 279
11039 46533 324
36248 4146 324
2364 23467 279
31416 24201 308
10325 34569 311
3873 48027 324
11621 46165 324
2445 39612 324
32330 33588 267
17594 34197 308
9523 41521 324
15898 7237 276
2851 23375 279
17235 12687 276
48068 14744 324
39986 39976 182
24252 16626 282
340 6633 262
13955 36887 324
30250 17063 308
24586 19398 282
11546 28671 308
23392 44560 324
40165 39419 306
30308 10755 308
24284 49229 324
20852 38374 324
46227 10693 324
8780 13112 268
28968 6345 308
47089 5441 324
49722 23514 324
39167 37371 306
40400 32820 324
47265 14804 324
28162 25398 308
4403 9254 262
47588 19193 324
15415 40252 324
18916 12158 279
25282 29909 308
40004 15390 324
32651 49529 324
10223 33762 308
32993 45918 324
31546 33970 285
32396 20750 308
2696 29817 308
22537 28994 308
44925 19304 324
27728 48027 324
39739 26627 324
39705 3138 324
17106 10746 276
23762 8063 282
24936 24032 264
2976 47378 324
2194 40936 324
14 12187 268
3277 14371 276
21673 1430 279
3967 10647 262
19141 34440 311
24493 13946 282
48572 46609 314
19256 31082 308
37862 24589 324
18844 45445 324
26382 33417 308
18918 49703 324
45172 49225 314
15284 39907 324
28554 31686 285
14776 24003 282
48857 17321 324
44032 40134 288
21714 39857 324
49724 18179 324
20706 16830 279
10757 689 262
42461 25317 324
43980 36450 306
29149 48616 324
19299 27121 308
43432 19484 324
17763 16091 279
44618 11700 324
7293 13215 268
165 30350 308
18777 10510 279
3062 37958 324
18993 47001 324
20262 7002 279
41533 8360 324
33266 30970 285
47900 8814 324
26382 36543 324
6672 8514 257
11346 10384 268
35945 47972 314
2757 49809 324
40502 45950 314
9083 33072 308
