309640 977158 525
68970 123062 354
631705 503633 470
347509 760992 470
561782 989939 525
196018 300983 443
946840 882565 476
892463 723447 525
7213 325375 443
860246 151853 525
850524 732535 525
723002 336494 470
66617 286500 443
818430 5606 470
977485 248423 525
415779 438513 418
983986 816710 525
410410 418803 387
654800 111952 470
233720 76278 443
603242 594802 403
954610 142763 525
169902 744756 470
37116 587543 470
615476 315014 470
325957 112730 443
85619 620221 470
566447 367155 470
461157 563954 470
26740 160248 383
291020 941046 525
618929 245922 470
25767 691677 470
741682 112851 470
446526 490400 444
962091 514005 525
502670 340750 449
580370 438311 470
232749 746799 470
180202 754394 470
313639 845004 525
953344 615125 525
344740 416297 449
33172 817063 470
775283 538785 468
302617 966572 525
486805 380308 449
322597 460688 449
278760 127847 443
712980 782586 468
717765 683368 442
705877 416359 470
110475 664650 470
767450 171869 470
372535 592351 470
376907 886493 525
683091 343665 470
878289 236060 525
443086 947141 525
40616 782209 470
869021 286391 525
724524 838456 525
740385 992499 525
148669 323698 443
332667 721155 470
357495 451693 449
378576 631813 470
934937 980676 458
243026 479352 449
997916 311954 525
123677 575674 470
391877 113796 443
514906 527620 439
541073 381681 470
931296 171682 525
962754 92900 525
774798 334603 470
311201 428458 449
561330 796614 468
389688 114359 443
576608 231223 470
661767 864603 525
502329 568070 470
853761 417191 525
2756 565067 470
605261 860212 525
564223 789922 468
271024 106502 443
677790 372286 470
774300 641788 468
405300 984398 525
366950 332829 441
394489 494529 449
665243 819256 468
947802 583325 525
941989 147216 525
6527 553797 470
296177 46094 443
106261 352057 443
562143 954429 525
426437 872627 525
241513 181321 443
931075 315125 525
835887 528736 468
777747 307499 470
816266 5832 470
546974 584751 434
753096 360762 470
176367 118470 383
818713 720308 468
120009 737500 470
552651 290115 470
211458 762086 470
217794 738566 470
539984 907551 525
105281 138900 354
461544 670796 470
377514 35288 443
876631 619534 525
178205 817480 470
906402 437797 525
474624 511082 426
735930 78785 470
602877 177018 470
427761 883852 525
669418 958996 525
58367 350022 443
712692 777 470
322104 282867 398
973728 789436 525
368861 131417 443
374108 264345 441
788932 250613 470
698643 296423 470
387515 917993 525
357486 905181 525
366623 997248 525
521723 92844 470
278483 903929 525
935570 171054 525
265555 809317 470
589446 405823 470
651211 997738 525
457851 164767 449
494475 760719 470
665356 205580 470
733918 817518 468
228189 469187 449
591104 754665 447
147856 642096 470
913637 495308 525
310901 721909 470
651775 69929 470
813814 983670 525
80282 550309 470
907138 713027 525
207447 624745 470
395142 189880 443
924109 990107 476
678702 2318 470
314700 180489 443
565193 408723 470
516663 167216 470
850584 193739 525
20385 684811 470
600366 63693 470
154606 755159 470
96350 865510 525
117374 900204 525
889464 791221 525
564116 514006 452
102067 733137 470
836400 378988 470
589368 302475 470
150357 289631 443
314881 920584 525
815263 729527 468
70312 275643 443
32237 934195 525
711389 231427 470
351720 970998 525
357514 635873 470
127071 547228 470
468850 47131 449
580170 595335 434
558141 49745 470
542936 617340 452
188852 933747 525
814771 745016 468
263571 149601 443
998400 294048 525
808423 211126 470
872930 674130 525
136640 910346 525
920001 137334 525
537664 630375 452
733136 387731 470
332034 727238 470
267238 279468 416
85829 915650 525
389899 50739 443
55216 87971 351
3022 989307 525
79395 255425 443
246096 422717 449
441257 295795 449
464432 153694 449
936008 876287 476
829320 208628 470
29659 482671 449
694298 183711 470
537287 598890 452
33853 818207 470
424737 152395 449
68531 315532 443
841317 761020 525
473682 597906 470
263371 713403 470
297311 206180 443
92300 96877 328
884531 139356 525
362877 899413 525
90126 124002 354
520111 84499 470
834136 777129 468
891514 633276 525
455348 901784 525
376704 914855 525
290052 866099 525
592596 765429 447
754413 157364 470
829063 596506 468
853088 874980 432
500407 213025 449
248886 92246 443
620084 788800 468
691957 747688 424
212109 339311 443
965541 453172 525
519062 754466 452
411053 367932 449
624529 945055 525
260318 984717 525
412591 339031 449
248309 315001 416
108233 994797 525
486366 912937 525
434530 119845 449
133850 419986 449
373463 170403 443
664618 680727 398
800284 821630 450
242725 921728 525
783556 532922 468
17179 304992 443
996004 768280 525
746262 280573 470
591126 980941 525
654542 343867 470
677414 532257 452
506668 935519 525
510819 819601 470
607022 549159 434
55824 53295 322
468229 486715 422
199638 599202 470
758958 834836 468
690478 327205 470
476071 950181 525
591846 445757 470
81185 216812 386
466770 313423 449
199672 865547 525
630152 388126 470
862893 872420 432
118907 976568 525
753390 140037 470
748377 687293 442
418452 429921 418
953508 362606 525
490053 583275 470
493022 893111 525
987897 29000 525
447209 314325 449
296188 127519 443
922136 292295 525
261730 592680 470
126655 853689 525
538760 736685 452
889612 568686 525
141318 119196 344
593441 400213 470
603340 985113 525
11492 872768 525
995615 639311 525
729341 854882 525
722395 233284 470
18134 92164 351
793073 790228 437
8815 158227 383
519943 242724 470
322031 928288 525
74526 731632 470
456097 229004 449
395091 956170 525
975811 416610 525
788524 372596 470
113318 206576 383
532043 21565 470
758425 778877 468
534960 589987 452
933905 655368 525
957914 459729 525
909761 965475 476
756036 299657 470
782167 843962 525
672257 665680 398
34894 934475 525
875507 891137 432
705270 384158 470
443481 692235 470
918896 621235 525
317824 654719 470
847953 407007 525
407391 492173 449
431639 678334 470
738179 416694 470
303149 63121 443
111853 491480 449
359213 410380 449
662674 654224 429
833313 463680 470
129145 531233 470
874578 891690 432
74671 885700 525
757576 226437 470
803825 849490 525
454809 37094 449
289137 125621 443
378976 557565 470
119006 377079 443
365724 397040 436
731132 654946 442
123840 285603 443
47692 192455 383
366968 667977 470
977789 288524 525
82026 467818 449
108405 520886 470
41558 347391 443
635063 720619 442
872045 112169 525
165579 171932 352
123648 620153 470
301147 397744 441
709229 199653 470
805260 786807 468
386733 438804 449
17907 704869 470
227913 552179 470
875455 713449 525
61743 855086 525
229837 56802 386
261 170198 383
7967 742172 470
380462 973585 525
356938 760903 470
804647 462166 470
134892 318584 443
684426 430483 470
643612 260492 470
525682 304573 470
177956 202966 365
602922 51477 470
970054 580185 525
115736 106517 349
222682 866611 525
85956 312600 443
805809 475115 470
314514 7027 443
591898 205673 470
579025 416167 470
447051 935339 525
808501 6088 470
304406 411819 449
346249 201305 443
109838 314963 443
216242 221980 386
444653 66591 449
886900 734491 525
350971 442365 449
708271 577888 447
978041 722587 525
547602 270249 470
656293 623642 425
212098 49812 383
524062 399693 470
808430 335652 470
873133 475725 525
12996 155691 375
545704 558315 452
315883 974467 525
469300 18847 449
140477 632246 470
328662 214152 443
549180 687801 447
375433 419937 449
228155 231393 443
7618 930306 525
38534 327780 443
410665 209157 449
551307 272168 470
749438 462595 470
305071 139334 443
3498 691243 470
681816 7004 470
24414 842681 525
161748 302317 443
100432 641469 470
654243 2725 470
686687 661213 398
703137 702235 380
804300 212945 470
709668 597068 447
343838 259438 416
219145 252523 443
402455 287650 441
575506 70545 470
223096 452787 449
393712 904828 525
31823 278014 443
849880 471396 525
437974 293734 449
494299 515977 470
283554 628996 470
388223 47930 443
224130 233751 443
821381 991253 525
574363 982564 525
637633 977923 525
347067 865494 525
469464 593379 470
104865 147113 375
631112 538852 452
486819 216369 449
452060 995040 525
687077 663779 398
839168 35561 525
976049 323434 525
462827 560037 470
653975 879791 525
280356 693612 470
808042 547127 468
983520 464108 525
463352 25883 449
215193 336868 443
339852 777593 470
106655 611211 470
476436 850477 525
389492 996991 525
593397 352433 470
316734 864527 525
728607 887762 525
153479 650396 470
503608 138475 449
568656 893644 525
315243 429937 449
862193 44750 525
877748 832716 525
315346 940413 525
290105 735823 470
760519 62549 470
213828 108878 383
668919 25638 470
716883 938705 525
72757 273304 443
878564 776022 525
630654 557268 447
726383 515674 452
252068 248798 350
466653 624528 470
294758 957999 525
112546 48906 354
299150 857441 525
453108 112196 449
119414 806123 470
149885 346237 443
732410 114101 470
509274 489590 426
765811 78232 470
933076 794046 525
183473 240907 443
80602 378745 443
631825 395846 470
626393 89877 470
702216 392362 470
20608 203153 383
51758 710267 470
566283 245385 470
684658 14703 470
240446 219485 443
197038 610911 470
184858 962141 525
884807 44792 525
467331 222803 449
994951 412136 525
215184 163440 373
238271 107954 443
307586 287044 398
883529 362032 525
601204 614706 412
210691 546983 470
881360 161348 525
940364 723880 525
965779 183267 525
88238 506175 449
336133 170344 443
861683 106955 525
389730 375123 436
50204 404582 443
554873 662808 447
425152 268072 449
622967 342077 470
5364 961789 525
352306 218123 443
445931 668776 470
685669 576951 447
34109 487366 449
398966 953768 525
830191 355266 470
123161 7790 354
857465 411737 525
27828 379628 443
143777 229136 386
952532 163890 525
51976 21591 324
962036 316160 525
145946 496760 449
582239 517126 452
745975 67018 470
854826 433531 525
989079 23604 525
697798 1481 470
268220 330446 416
353998 977602 525
254988 476962 449
287390 81831 443
673854 389022 470
193371 226201 386
686908 516637 452
630570 579986 447
245605 662461 470
572400 165372 470
383526 887752 525
191470 771604 470
959664 417472 525
812711 790398 468
347326 83419 443
944777 42041 525
516087 697709 452
976565 320096 525
624286 277151 470
718450 632364 442
862633 164843 525
797334 465499 470
835451 475949 470
661523 718658 442
188820 571642 470
905831 715279 525
683085 314658 470
938557 248408 525
133568 42090 354
938907 390336 525
15136 600714 470
214160 607197 470
435177 506420 444
687981 978735 525
251441 625594 470
421695 307073 449
456445 530525 470
985232 989755 396
413587 385284 449
709707 474877 470
940633 389563 525
533979 262044 470
657564 196790 470
327745 974504 525
995541 564702 525
367275 325983 441
84320 761188 470
550188 521437 452
663348 889762 525
65082 54093 335
698080 505975 470
542342 141108 470
512933 341138 470
275384 435882 449
695728 40396 470
347485 784525 470
489292 949729 525
468429 884831 525
802809 777202 468
916705 845277 476
771209 517720 468
205784 25219 383
122667 212766 383
315301 721429 470
623761 745875 442
527215 415316 470
934969 14651 525
920138 434017 525
186253 18646 383
348433 141002 443
68356 941799 525
571839 650724 447
809130 454716 470
21513 660128 470
879132 717153 525
263772 269022 345
944920 909733 476
437358 693021 470
493974 286029 449
36772 987439 525
708678 415804 470
245874 338288 416
819273 425801 470
304165 36825 443
52475 58951 340
934525 945642 445
883261 423412 525
856102 455336 525
46333 531065 470
639770 598727 447
359277 506952 449
285333 971606 525
24609 547009 470
668384 350992 470
619500 906048 525
538520 709897 452
342182 990353 525
776990 616435 468
388222 822996 470
727814 549259 447
188902 42853 383
298140 344586 384
2193 222583 386
236834 55607 443
333596 663097 470
210076 805365 470
442796 193230 449
523374 461286 470
810563 608906 468
224871 974531 525
680808 695625 442
858072 191129 525
421794 745849 470
915888 644190 525
469195 797160 470
543910 927152 525
507292 650908 470
820580 485371 470
532907 991540 525
935866 165973 525
733709 505622 470
338415 361013 441
136828 922610 525
823191 653667 468
668105 977185 525
96266 227672 386
264027 769942 470
448679 982236 525
638999 208805 470
274886 973113 525
106199 710946 470
619992 999984 525
840984 182203 525
180119 514456 470
256633 250245 363
17500 525026 470
812026 575560 468
101317 427831 449
903283 801783 525
921241 156839 525
304164 819237 470
226929 295564 443
445512 722611 470
166586 755141 470
178680 349493 443
83559 840676 525
302761 29514 443
193754 398585 443
285932 77022 443
629798 771035 468
246932 280640 416
580848 347628 470
337855 822470 470
769947 76770 470
372441 573990 470
443164 716652 470
547765 925200 525
655260 314624 470
818915 303137 470
543470 209778 470
297455 404425 441
711660 171691 470
581222 217722 470
888635 392998 525
295647 943433 525
872888 328512 525
179977 462318 449
987359 562185 525
614746 577978 434
6855 337838 443
622940 611914 447
811952 322159 470
634426 299005 470
492 900338 525
963659 285781 525
844024 516444 525
280922 827739 470
414697 552399 470
858437 703712 525
389579 140494 443
30039 587773 470
36001 383628 443
836223 549591 468
623469 333080 470
939696 384117 525
35372 973013 525
528195 726972 452
566284 471205 470
494454 503305 426
797121 272714 470
854820 29836 525
408698 793314 470
279811 871489 525
802157 677226 468
137890 408917 443
278930 843743 525
458176 549041 470
239861 993250 525
293502 389965 441
698427 368256 470
691248 200573 470
281677 471829 449
669196 295021 470
589003 96182 470
545153 258333 470
177019 479401 449
714414 231301 470
781598 119103 470
525042 294843 470
528400 768178 468
518198 344458 470
532503 319151 470
714938 637199 442
267732 658813 470
311504 584017 470
577276 511963 452
546499 490836 470
989508 769592 525
313735 198464 443
745763 649936 442
486934 794644 470
399174 216455 443
804094 365970 470
123546 580881 470
421686 702189 470
706200 466903 470
18043 773959 470
175804 475330 449
211585 975376 525
831498 258416 470
407677 586692 470
148980 122656 375
327025 687256 470
307539 188281 443
962023 84765 525
433824 851826 525
603335 459780 470
727114 746769 424
659247 323921 470
410285 857060 525
21839 10144 279
542944 699404 452
717489 442766 470
600399 201756 470
226 45981 324
935405 826578 525
124537 749986 470
729717 736046 424
973695 535009 525
349399 100083 443
958726 441367 525
541007 593951 452
64944 78836 351
153965 416155 449
264501 735411 470
915853 835522 525
376391 543470 470
699491 13418 470
715723 373568 470
40454 167553 383
892197 240720 525
837454 681650 468
988367 807058 525
1327 513320 470
150410 814963 470
726364 813598 468
671398 987024 525
314805 507517 449
737231 568923 447
475176 267081 449
670639 488184 470
481104 766910 470
265719 259900 407
871682 888433 432
405188 728426 470
709416 30456 470
830350 414523 470
108454 400880 443
659344 297727 470
484910 974500 525
976726 945458 458
52697 182694 383
735320 879531 525
641648 689374 429
992285 307560 525
208906 250068 443
552920 936178 525
67388 453072 449
809263 603864 468
94511 518385 470
562132 237215 470
96867 555916 470
15237 943375 525
288727 143137 443
773050 435389 470
49590 516976 470
389410 962987 525
923638 438016 525
864759 239862 525
236324 88705 443
24458 754944 470
864047 532742 525
210801 299640 443
95390 970666 525
454035 489126 444
268945 566987 470
753562 692459 424
925510 146371 525
285205 786050 470
642477 819292 468
973410 915336 476
956421 219177 525
632874 381785 470
866069 741160 525
730612 492719 470
241562 53868 443
169911 830147 470
55929 406540 443
509068 756650 470
69120 429920 449
842004 910327 476
411414 395734 449
560597 10588 470
268343 280662 416
250409 49755 443
509806 610254 470
637022 164483 470
937470 429416 525
378542 432321 449
761811 961494 525
404475 23482 443
737763 539397 452
730074 541214 452
969657 291076 525
260377 726051 470
985063 268541 525
56421 683431 470
125939 264551 443
118237 359584 443
325958 363618 441
680707 559681 447
756391 332658 470
788898 532493 468
810034 639878 468
973099 178704 525
243598 175642 443
869104 651566 525
662895 473160 470
799007 369161 470
671128 336160 470
549197 841780 525
26492 580790 470
747016 815079 468
798931 5107 470
471528 853050 525
364021 485787 449
647488 932460 525
820819 152219 470
709613 924325 525
126030 145772 375
315668 14986 443
563693 389618 470
95298 420190 449
642537 783673 468
594668 905884 525
765680 121473 470
497160 118610 449
42913 981711 525
634130 851 470
16643 666773 470
248147 310675 416
310890 593330 470
919386 653523 525
859574 144733 525
733858 374170 470
356528 989632 525
863875 40378 525
435174 983624 525
185166 202542 360
230086 587566 470
794086 245981 470
904415 953903 476
969816 809299 525
314699 506512 449
891734 752430 525
705267 635256 442
147379 585103 470
515401 568069 452
111910 658374 470
489685 204740 449
740397 60802 470
111456 690785 470
268834 813370 470
345857 379497 441
81828 624359 470
57114 37215 340
372444 632465 470
638173 262535 470
724801 453143 470
102856 45104 351
909366 653683 525
493708 723863 470
745507 955222 525
164807 717687 470
90973 917756 525
629020 801838 468
833437 264339 470
894444 259965 525
139028 984756 525
844897 430816 525
345494 802911 470
393887 328513 441
446064 856396 525
119160 591288 470
501398 615934 470
483956 811796 470
932967 245628 525
798994 737446 468
117611 85844 354
862867 176092 525
130343 526742 470
934256 84662 525
715399 764403 424
892840 999084 476
433103 309568 449
302030 35664 443
495973 402387 449
620038 368823 470
619303 910417 525
150233 689227 470
551520 821327 468
970221 350154 525
84627 40329 351
134356 8988 354
775764 53797 470
868105 713930 525
322980 797715 470
336481 832505 470
251095 179689 443
302868 586174 470
981566 537911 525
639476 472045 470
421574 505694 444
105395 605061 470
335351 396188 441
81844 198516 383
112089 173615 383
414774 573003 470
261232 163684 443
139957 408849 443
423650 940427 525
492211 459265 444
746291 857263 525
174472 754616 470
723312 748940 424
689952 945457 525
637391 684712 429
536500 955967 525
354414 802656 470
961 511949 470
730936 185737 470
56639 440028 449
318819 171901 443
702023 337594 470
412029 127124 449
836278 326673 470
27567 490504 449
158604 28395 383
881291 246981 525
425618 637129 470
279809 53331 443
884194 402605 525
555524 178370 470
606625 922161 525
912142 594626 525
440064 240428 449
494938 836712 470
101709 796623 470
61419 215687 383
723232 55924 470
695085 228216 470
600167 125943 470
703852 337530 470
621155 566850 447
785667 28171 470
534505 837669 468
71705 180254 383
911008 625123 525
101306 388310 443
47508 527480 470
706058 115498 470
649651 926211 525
230906 261539 381
568505 194071 470
280187 301868 398
137226 840213 525
12657 80175 351
363533 571199 470
922715 295455 525
843061 200526 525
520749 890460 525
339152 627609 470
583289 828513 468
456908 847919 525
887790 31455 525
263462 876932 525
15646 669124 470
471739 158514 449
823480 150489 470
420402 179633 449
204018 413122 449
416255 683544 470
425467 770280 470
534705 727910 452
528462 216807 470
35879 396984 443
332387 764319 470
594910 881972 525
653229 854927 525
370452 884006 525
441978 957582 525
960647 472389 525
29507 83150 351
795029 108922 470
308732 648646 470
867926 98301 525
29819 97718 351
677027 175643 470
945888 147198 525
142444 835002 470
76137 917216 525
358706 736905 470
85736 437481 449
596009 617006 447
687187 762331 442
698351 420374 470
999949 813615 525
214909 383940 443
152704 979238 525
396673 820424 470
748386 786789 468
851628 866696 428
543323 740726 452
796879 253829 470
210031 737210 470
702612 650041 442
984570 666356 525
777535 595701 468
453946 675276 470
394771 875405 525
561839 628994 447
756720 99012 470
930904 86795 525
12269 643900 470
880510 359719 525
694189 156608 470
607979 166173 470
