39384 30887 324
42778 36916 306
47794 38336 314
35387 10493 311
16650 41422 324
2363 40028 324
18691 20060 274
47764 13927 324
30541 33427 285
39173 5737 324
5212 45369 324
2568 6430 262
15783 21531 279
22863 15124 279
24068 3136 282
13930 29803 308
34023 23059 308
33070 48168 324
11394 18457 279
25012 28043 308
26230 27374 308
34422 44920 324
13785 48538 324
25199 44325 324
48316 14371 324
16414 3527 276
26092 18981 282
9957 41874 324
6863 49171 324
6997 47282 324
2306 20926 279
27085 36328 324
10337 26506 282
847 21730 279
11314 25858 282
16125 3896 276
19583 546 279
48815 33368 324
15435 40365 324
44044 13751 324
21088 26809 308
17277 47179 324
45789 43585 314
5404 2652 238
42755 12400 324
49933 45061 314
49677 43369 314
47740 10013 324
36227 48587 314
48095 47540 252
40796 30571 324
1435 10379 262
47468 16602 324
10098 12903 268
23318 20493 269
26653 10757 308
47302 10281 324
24287 9442 282
3866 29690 308
28445 46620 324
8441 44730 324
8032 8118 190
38098 5772 324
34482 40676 324
20710 48928 324
4568 27857 308
29498 22354 308
4587 26966 308
5307 14684 276
6220 28625 308
1529 32872 308
5733 48830 324
9504 30020 308
8271 13369 276
9709 36716 324
26341 18150 282
47797 724 324
42619 2246 324
22847 43452 324
42922 43556 257
42380 47489 314
37765 38229 244
19842 42351 324
15194 41501 324
7035 37765 324
20125 24915 282
36988 25857 324
23744 46492 324
22228 48366 324
9860 31937 308
1433 2552 209
16438 49229 324
3276 25408 282
1475 26122 282
18859 44396 324
36030 11238 324
8236 23794 282
15819 44429 324
16144 31012 308
35929 39530 306
18777 22405 274
14444 5764 276
14614 4539 276
18607 36841 324
2905 44819 324
35129 20689 311
47370 17918 324
19918 16997 279
43325 37744 306
9471 12184 268
48491 45500 314
39773 6726 324
35645 5591 311
17506 18140 279
2955 19787 279
7670 38083 324
8543 38465 324
10198 39508 324
9356 28805 308
26349 28612 308
23623 27829 308
49300 37344 314
45747 35569 324
4341 5423 215
23312 13811 279
17606 21802 279
25662 23731 264
44879 11306 324
29321 28737 272
29445 48627 324
48523 3466 324
36709 23417 324
8283 13259 276
12925 17638 276
42063 5625 324
12601 32037 308
33453 11900 308
19380 45551 324
47469 40072 314
974 37132 324
3882 34931 311
8934 45895 324
8661 20164 279
7200 37982 324
48900 2997 324
2960 13774 276
22814 39669 324
37191 31096 324
2927 16467 276
15085 11341 276
22091 27685 308
43377 5543 324
5937 29108 308
17446 19757 279
19180 18419 261
6888 39413 324
3349 32173 308
1660 12010 268
2337 25211 282
16343 17588 266
28207 19302 308
47714 17373 324
25322 1256 282
14820 44600 324
17722 29905 308
5940 39812 324
23941 15668 282
11706 46229 324
11128 29151 308
15985 46659 324
13921 39225 324
2423 17270 276
21397 4082 279
45631 40085 314
29293 11973 308
7673 23851 282
47626 5386 324
41223 39300 306
6641 6043 262
33899 40714 324
2299 6191 262
30525 42591 324
38210 8582 324
38820 49337 314
37733 21156 324
45995 18005 324
10380 14770 276
35274 31777 311
18851 47256 324
21861 48143 324
25580 45885 324
21994 23206 269
17622 29568 308
12505 40614 324
1962 12755 268
31327 4260 308
18945 28203 308
13203 23507 279
36785 2022 324
22843 40869 324
39529 35190 324
8873 49909 324
49959 10499 324
48037 18809 324
7754 36249 324
33304 33334 205
32134 21649 308
22891 49755 324
17568 1747 276
40369 19530 324
14501 38047 324
23789 49798 324
16250 36991 324
23304 3034 279
5364 12498 268
10254 44893 324
47687 19126 324
11153 13997 276
45976 9189 324
49158 3730 324
45437 32461 324
3415 43922 324
20461 26305 282
10029 38028 324
28051 16749 308
7557 8903 252
4795 47698 324
8700 21044 279
1040 32003 308
40429 6404 324
44501 682 324
17648 8539 279
36160 45152 314
22536 32135 308
4340 21693 279
2216 16128 276
20505 5630 279
10050 40965 324
48286 36430 314
45344 26336 324
3178 2901 217
35239 7972 311
16950 10290 276
45368 17989 324
42293 35796 306
40744 3145 324
2830 8391 262
11683 5341 268
3542 570 217
3827 24233 282
22262 6043 279
40361 9118 324
28024 16762 308
82 26310 282
3191 45426 324
18997 6368 279
14678 4235 276
30691 31627 285
14525 26058 282
49615 23169 324
28206 40359 324
26313 47387 324
15101 4347 276
2727 34995 311
4917 6553 262
25579 43530 324
28947 32291 285
2648 6971 262
49052 19081 324
49632 18594 324
30858 18628 308
41313 11887 324
39215 38356 275
43513 20091 324
14413 9480 276
9611 8970 260
16190 2275 276
6356 47642 324
6621 25434 282
48988 27889 324
48339 24567 324
37771 27285 324
6857 40418 324
607 22261 279
25850 238 282
7206 23060 279
35218 48519 324
34946 40784 324
36874 28459 324
10874 17638 276
4290 20484 279
26608 20479 282
22758 49315 324
34472 45730 324
41101 33460 324
23619 39439 324
8026 11389 268
33075 31234 285
18158 33682 308
3494 10359 262
271 10700 262
33418 1840 308
25570 18364 282
42623 28795 324
13174 19848 279
46432 17463 324
6683 39391 324
4293 45792 324
5058 5116 179
41522 46158 314
38575 31492 324
1948 12952 268
9232 35022 311
10538 43741 324
35055 14031 311
4099 35326 311
41082 37517 306
3517 33003 308
22232 46140 324
11797 35405 311
32339 24581 308
19219 39022 324
13971 39863 324
34813 35380 280
44978 42686 270
31537 49905 324
24177 33484 308
29208 49760 324
34858 39745 324
43500 19912 324
20128 13951 279
5237 27561 308
17819 25106 282
10564 40050 324
21245 38712 324
41806 19935 324
13292 27376 308
8956 43615 324
33590 43769 324
28994 44919 324
2806 26883 308
44823 26983 324
26718 24031 308
43094 11575 324
30127 36594 324
31487 254 308
544 3075 217
27815 34714 311
28180 38378 324
24763 15776 282
27089 32920 285
35711 6733 324
10295 11018 268
347 10236 262
21138 45692 324
5154 23944 282
22574 16329 279
926 49292 324
6711 44019 324
27218 36837 324
46964 25056 324
37091 13859 324
28131 14905 308
48572 22662 324
19634 39686 324
4790 13074 268
22605 6852 279
19806 49251 324
17869 36504 324
9486 39007 324
32196 14640 308
12950 21121 279
30968 30227 254
36764 37678 306
40597 13982 324
40866 37561 306
39037 27956 324
17771 33519 308
9212 16343 276
22533 45197 324
22380 27322 308
8271 44985 324
34173 44428 324
44235 2041 324
47284 20073 324
7399 45831 324
1064 20348 279
16951 32031 308
574 3715 238
36060 7523 324
34048 26925 285
45083 39436 306
21233 29205 308
22955 30444 308
11899 45487 324
25641 34279 311
39160 263 324
29263 39684 324
11042 39849 324
41724 8325 324
26273 49123 324
4155 27336 308
35822 37458 262
9366 2748 262
41172 11777 324
10270 25219 282
38702 21704 324
14654 9934 276
908 3960 238
6729 12807 268
15798 48721 324
47085 21309 324
15335 42699 324
10992 26377 282
48899 2716 324
1053 25172 282
18190 21560 274
2507 4011 238
9017 28225 308
23110 16540 279
40001 33379 324
8110 45054 324
5082 39115 324
21339 5990 279
9427 28068 308
35148 25224 311
26788 32232 285
46533 42123 314
41282 23876 324
34851 40180 324
26591 2255 282
15351 11132 276
23814 17858 282
31495 49182 324
46082 4604 324
15721 2434 276
37983 40182 306
47488 9416 324
29297 18826 308
15405 38723 324
46893 552 324
30298 40033 324
49135 43182 314
48507 40416 314
17058 49709 324
30596 10000 308
1963 12298 268
37484 25777 324
30155 18978 308
41310 42588 288
39933 23383 324
45022 44267 270
13564 8861 276
3683 9212 262
27686 19087 308
14286 40931 324
35991 44584 306
47315 1477 324
4117 45821 324
41893 37526 306
45529 38840 314
47526 47491 221
1137 1361 182
39619 47644 314
20338 30929 308
6583 26622 282
4311 17956 279
20889 34226 308
26816 24571 308
43438 20854 324
10009 7723 260
11784 12351 263
18658 9098 279
13828 39127 324
21270 22072 269
26652 33150 285
10911 40529 324
30640 28399 272
41889 36611 306
42394 28578 324
33891 48977 324
5200 4553 210
16932 26088 282
38778 10100 324
658 48567 324
30953 27018 272
22642 42736 324
39369 41299 306
18185 3196 279
46777 5806 324
25267 23429 282
38955 2529 324
30309 19594 308
47279 22198 324
22556 39673 324
775 6446 262
5001 22326 279
10998 38284 324
48413 16128 324
48383 15422 324
14694 29335 308
42440 37335 306
38422 48160 314
44986 22958 324
1355 41762 324
28763 42973 324
31542 17717 308
11853 11851 38
3663 25483 282
400 26218 282
15155 1174 276
49016 36507 314
39852 26365 324
24791 38264 324
42492 23173 324
20038 23538 282
18860 28829 308
10872 7281 260
26988 5857 308
46591 28342 324
13971 25353 282
37666 45512 314
43070 49518 314
7362 13084 268
41352 24113 324
39301 6507 324
41639 4668 324
9365 31490 308
31033 34155 285
36105 39876 306
23680 6142 282
13413 42539 324
34970 40637 324
16171 11957 276
12845 12761 201
6650 26815 308
4466 44315 324
22327 13887 279
10184 46040 324
26970 1536 308
20153 32622 308
24394 11791 282
37290 110 324
9632 34674 311
34265 45736 324
24549 24296 202
1878 4314 238
16834 3199 276
44950 49356 314
15156 7794 276
28469 38157 324
961 32934 308
48824 23287 324
13172 25359 282
35678 40141 306
43246 22182 324
22762 33991 308
324 10051 262
34101 9955 308
11076 18365 279
22043 35625 311
42660 23920 324
6290 25845 282
43470 1239 324
41552 24977 324
25384 20020 282
13134 26344 282
19305 11957 279
15982 32476 308
3667 18012 279
38968 46913 314
40193 11730 324
30903 6869 308
38132 15003 324
33175 49208 324
49719 5217 324
1184 42378 324
45488 7473 324
34574 38958 324
25063 26126 264
13934 16798 271
12497 43419 324
43142 48154 314
21727 25475 282
46981 25394 324
43486 35949 306
22306 31 279
14030 19560 279
6899 2161 262
34563 6425 311
17720 34281 311
11642 18903 279
43011 23481 324
42727 27584 324
28790 34141 285
3709 42724 324
939 32558 308
2494 10432 262
30711 24221 308
35906 27691 324
49614 29392 324
13639 38271 324
29422 27668 272
7830 2672 262
46181 8744 324
9096 13900 276
43025 37089 306
49155 2387 324
10570 8233 260
29970 5711 308
42374 31 324
48434 9664 324
32588 17280 308
20095 29650 308
41500 22352 324
7340 7465 239
1743 37331 324
12087 47516 324
31350 19916 308
187 43882 324
45012 25635 324
24134 4388 282
12723 23288 279
6774 39644 324
31520 36743 324
45355 40245 314
3125 10140 262
16260 2064 276
27419 36354 324
31713 35270 311
8706 5405 262
42734 26800 324
42735 4820 324
24316 40436 324
41088 40854 288
670 2451 183
16488 24803 282
6838 45563 324
48090 13611 324
35206 45961 324
16705 46912 324
2558 19830 279
23404 18817 274
21893 822 279
21523 3606 279
2444 46580 324
25362 11529 282
23379 34448 311
32701 14046 308
24883 23788 264
4900 25552 282
42590 21387 324
354 49427 324
16949 14795 271
13037 18507 279
27108 46093 324
15418 29665 308
15922 38821 324
48481 4167 324
5995 36355 324
24124 8438 282
32934 49485 324
36318 6313 324
33932 19018 308
36710 25166 324
9157 41609 324
17070 1746 276
12996 17423 276
1172 46296 324
48570 30560 324
14802 25677 282
26653 46572 324
5341 8926 262
1744 20173 279
13092 24090 282
6528 3567 262
48879 5813 324
3051 35197 311
12125 3334 268
4214 15187 276
28500 13371 308
6795 45569 324
15116 36142 324
29343 32640 285
32438 44264 324
13199 13591 276
19940 6203 279
26514 41632 324
15129 28258 308
11805 44572 324
2347 34684 311
48139 1226 324
40496 17541 324
36422 18973 324
37227 40635 306
34159 15726 308
20357 40953 324
27646 35473 311
43447 23340 324
18112 25884 282
17604 47662 324
5826 37543 324
20217 32340 308
29175 35345 311
10597 7331 260
46268 29295 324
42014 10758 324
30520 48861 324
44651 33293 324
17833 31877 308
40280 1991 324
13954 10636 276
9296 41599 324
46108 2742 324
14938 30571 308
44977 32541 324
44585 802 324
20084 14801 279
49493 15610 324
16497 26441 282
22940 12764 279
5736 31305 308
39874 2607 324
30165 34524 311
2252 14350 276
32752 42531 324
16340 46705 324
3166 41987 324
38303 15626 324
11080 19592 279
12548 22408 279
18485 7132 279
39562 4920 324
21932 39054 324
20529 38428 324
15495 9820 276
17544 37582 324
41124 23769 324
40188 37640 306
24644 42439 324
1989 7395 262
1321 34681 311
4099 4487 215
43019 8753 324
36464 4099 324
44696 49011 314
26506 13180 282
6143 16067 276
18099 44426 324
21473 4979 279
32854 36967 324
14798 16749 271
24548 22273 282
40517 31087 324
9913 15160 276
39878 11901 324
22554 41198 324
12933 43004 324
12036 5952 268
18108 48499 324
10050 29155 308
13862 2907 276
42335 20004 324
35326 26785 311
14429 6798 276
31764 13634 308
10116 46561 324
30382 1015 308
35186 20898 311
32101 45098 324
2409 38330 324
23350 41314 324
45880 2635 324
34317 7915 311
8586 18776 279
22766 34987 311
47931 36627 314
37893 6617 324
6630 39570 324
49753 37410 314
46367 31516 324
17396 22834 279
44429 47777 314
23848 29614 308
35027 22301 311
41063 3787 324
10630 30764 308
45101 6509 324
33398 29417 285
30776 41983 324
14545 3541 276
43321 28827 324
6519 47566 324
1795 29500 308
37135 1547 324
16909 49854 324
33063 34304 311
22687 43843 324
48433 46535 314
39808 49811 314
18835 30870 308
3597 45816 324
27985 48697 324
2325 11383 268
44466 49452 314
19717 25362 282
19344 13038 279
4188 25862 282
10603 5982 262
5361 14089 276
23880 38621 324
13942 23294 279
22925 36629 324
17136 37709 324
33163 6943 308
3871 1997 238
4164 7467 262
47812 48501 252
22516 16488 279
26235 33333 308
32291 45951 324
8694 1634 262
25340 12881 282
27495 2294 308
35214 32855 311
16383 25445 282
21476 30324 308
48739 10752 324
16952 15874 266
14812 16466 271
39169 18682 324
34814 9684 311
42500 48978 314
24536 15015 282
15465 770 276
48347 14108 324
13073 23392 279
15741 38412 324
2624 9588 262
7058 37837 324
8794 23440 279
13282 46621 324
20115 28372 308
7372 3419 262
10597 38535 324
19884 49765 324
23568 4698 282
25801 16068 282
3675 336 217
47434 35491 324
17458 12133 276
15950 30530 308
35524 31691 311
35293 38148 324
7630 42350 324
42336 16423 324
32141 21969 308
13044 2256 268
340 36767 324
22026 10937 279
41654 8261 324
27053 15221 308
12958 19205 279
31288 32984 285
19541 28722 308
34827 36998 324
7206 17128 276
33879 42729 324
15170 19171 279
47228 22799 324
11521 39564 324
39222 43661 306
27884 18617 308
12268 28224 308
5383 34293 311
5512 47036 324
42554 32564 324
28609 21863 308
1769 9896 262
21199 37661 324
4969 22377 279
41010 12174 324
39504 24888 324
21255 4674 279
44058 18482 324
43824 21930 324
24397 33045 308
31943 2281 308
18013 44210 324
46856 39748 314
44855 2367 324
3135 3760 238
1282 31743 308
41974 19402 324
41639 13172 324
23414 12959 279
1900 14423 276
41485 7756 324
5662 29091 308
28781 16072 308
13924 22604 279
38001 38321 244
22001 19943 269
6953 40013 324
30505 3808 308
29760 25359 308
22526 32895 308
29118 40159 324
14637 21091 279
9561 22627 279
615 32974 308
1938 18866 279
13749 43422 324
26621 19410 282
38864 5401 324
1833 2787 209
28005 39834 324
7459 16357 276
26128 14411 282
6369 6632 244
34570 36129 324
48342 23447 324
35375 27459 311
13606 11 276
14902 23166 279
38990 31868 324
22491 40927 324
733 36239 324
700 43706 324
22001 39563 324
15458 23833 282
42349 43462 257
30018 49808 324
26170 22498 282
30570 32539 285
29129 15140 308
35019 27471 311
38586 20393 324
21281 18543 274
36755 2534 324
41708 25744 324
34401 30551 311
33022 1486 308
16789 33721 308
45191 5141 324
39635 10648 324
45326 31984 324
20462 41695 324
48143 46631 314
14192 45064 324
45521 43321 314
26555 30539 308
37143 31493 324
931 8423 262
35 37686 324
27309 8095 308
29781 11709 308
38645 12803 324
29546 21785 308
46523 41088 314
26926 36158 324
1736 38603 324
34493 38549 324
30297 48987 324
1531 10841 262
44050 47052 314
20513 36957 324
27590 7655 308
18449 44873 324
32429 18483 308
32558 26089 308
26577 12338 282
37798 15221 324
25140 33695 308
37006 38015 306
24783 30283 308
40524 42870 288
35237 25016 311
31418 31885 285
40354 49300 314
42725 755 324
46351 13237 324
37711 40293 306
37243 6159 324
35165 36024 324
24642 17722 282
12112 17570 276
46411 16261 324
32791 37903 324
49956 36148 314
25917 41090 324
32782 16440 308
33959 18018 308
7807 15376 276
49902 14512 324
14675 8979 276
15266 27378 308
38567 2977 324
17670 42162 324
9135 2834 262
44537 128 324
36907 23000 324
17698 33317 308
39261 16840 324
37571 5568 324
2987 13487 276
13009 35768 324
46278 46967 283
20137 20436 243
28694 20038 308
34947 9720 311
45368 213 324
37097 33935 324
19541 21118 274
26096 28675 308
23951 20632 282
28803 27209 259
43631 12852 324
10526 49243 324
29691 14448 308
21162 32677 308
27935 34170 285
34796 40564 324
31136 4932 308
27352 26181 308
41321 12298 324
35901 36689 249
28862 22997 308
36975 48402 314
44115 13070 324
43429 34417 324
53 38583 324
11626 43683 324
1434 38503 324
9278 31124 308
2950 46791 324
30152 47236 324
30961 14947 308
37800 28448 324
36230 31503 324
4629 27550 308
43800 40529 288
30590 39014 324
29877 17564 308
3767 23991 282
46985 47195 283
24760 47037 324
35777 36385 249
7072 37210 324
41239 32701 324
34685 10540 311
29491 14836 308
7776 10451 260
29782 11927 308
5251 32363 308
43429 9879 324
26265 3580 282
16759 6854 276
8945 46635 324
40770 12712 324
36978 4106 324
26258 11737 282
1143 12035 268
14473 24566 282
15596 5711 276
7266 16633 276
16250 3108 276
31468 40377 324
13559 27602 308
2303 35161 311
9964 12083 268
45039 36228 306
32015 11797 308
9434 40959 324
8431 16555 276
3670 45408 324
20660 29928 308
23496 21802 269
8314 37968 324
12719 40261 324
10030 36336 324
6893 42632 324
39444 4713 324
33008 19354 308
32314 1663 308
4514 8629 262
30097 49552 324
44857 12111 324
27700 20642 308
3070 2482 217
37196 23091 324
47890 7855 324
19370 37737 324
46009 27683 324
25705 8727 282
34296 35734 324
11415 41188 324
28365 858 308
12252 27725 308
20211 44565 324
45739 24724 324
3194 25835 282
40627 14402 324
37946 18326 324
1395 7367 262
20807 38590 324
30457 35048 311
12796 49827 324
22785 8804 279
43861 14841 324
33883 28156 285
574 11649 268
35696 45291 314
12506 47947 324
39367 49068 314
8864 35105 311
23791 28409 308
27291 30769 272
9162 15236 276
49094 10556 324
22602 36252 324
49145 19411 324
37652 28292 324
35589 10436 311
3448 29449 308
25276 3682 282
23957 42201 324
15330 9652 276
3843 27835 308
23950 9561 282
26902 49165 324
44665 17044 324
27573 21956 308
47812 36734 314
3543 13257 276
13641 42497 324
15860 29137 308
28259 3511 308
7429 13847 276
30298 10876 308
43295 21925 324
14557 17251 271
14126 29886 308
43254 34320 324
24072 33556 308
43881 17325 324
32720 4897 308
34368 26645 311
43204 48531 314
29730 46747 324
11787 43371 324
5595 27646 308
38859 33853 324
47509 46287 314
47699 27806 324
23514 7345 279
49731 4422 324
40948 30208 324
659 34201 308
30879 24730 308
34108 24759 308
42054 33180 324
46008 42773 314
26176 39211 324
41303 5905 324
2309 19441 279
15627 7903 276
47087 4486 324
8107 10947 260
17124 5805 276
38752 40638 306
29502 4834 308
11411 20449 279
1393 12070 268
21001 32272 308
3151 5109 238
23382 11557 279
38288 19389 324
4329 14463 276
24952 11984 282
36719 27260 324
31424 2346 308
1515 44862 324
23183 25973 282
5808 6658 262
48130 10912 324
47295 27631 324
15745 25058 282
48079 17138 324
37127 19079 324
15761 6629 276
24187 39142 324
18185 28826 308
24883 38866 324
9640 49834 324
849 46359 324
43445 48624 314
15056 11311 276
43486 4590 324
37284 15645 324
