1 10 20
10 1 20
100 200 125
200 100 125
201 210 89
210 201 89
900 1000 174
1000 900 174
1 999999 525
999999 1 525
930887 289384 525
636916 692778 442
238336 747794 470
760493 885387 525
641422 516650 452
490028 202363 449
520060 368691 470
513927 897764 525
383427 180541 443
455737 89173 449
595369 5212 470
956430 702568 525
21531 465783 449
665124 722863 442
703136 174068 470
979803 513930 525
723059 634023 442
898168 133070 525
18457 961394 525
478043 175012 449
377374 176230 443
544920 484422 470
898538 413785 525
594325 575199 434
664371 798316 468
803527 566414 468
268981 776092 470
241874 759957 470
999171 806863 525
497282 906997 525
420926 702306 470
336328 477085 449
126506 660337 470
621730 750847 442
925858 661314 525
353896 616125 470
100546 819583 470
233368 898815 525
990365 515435 525
313751 344044 384
426809 171088 449
947179 117277 525
393585 695789 470
502652 705404 470
612400 392755 470
95061 999933 525
993369 549677 525
210013 947740 525
698587 636227 442
297540 348095 441
480571 140796 449
960379 651435 525
66602 97468 351
612903 710098 447
570493 573318 372
260757 926653 525
560281 997302 525
209442 724287 470
429690 953866 525
346620 228445 443
744730 558441 447
108118 958032 525
905772 738098 525
890676 834482 525
698928 120710 470
777857 704568 468
872354 179498 525
276966 254587 407
964684 455307 525
28625 406220 443
332872 51529 443
48830 805733 470
530020 409504 470
363369 258271 441
486716 959709 525
518150 226341 470
700724 747797 424
2246 142619 375
493452 122847 449
243556 892922 525
597489 192380 470
888229 537765 525
792351 469842 470
441501 165194 449
87765 757035 470
324915 470125 449
275857 936988 525
346492 373744 392
148366 322228 443
281937 709860 470
9973 8841 260
2559 4977 238
445 6629 262
2597 4807 238
2030 9911 262
940 4866 238
327 2187 182
6701 374 262
6249 5971 262
9521 390 262
3975 5277 215
5968 5957 143
7505 3172 262
1199 9361 262
6426 2259 262
2548 4605 238
3309 5905 238
2594 5195 238
452 6326 262
7269 3712 262
2113 5709 238
4687 2780 238
4241 7373 262
5003 2499 238
1246 5058 238
922 5032 238
7078 6840 257
7349 8195 252
5404 5505 192
8822 2577 262
8386 2575 262
3283 3584 194
1768 8653 262
7397 4319 262
2132 5668 238
107 768 171
8233 6834 257
8364 7166 252
9107 1545 262
6326 2084 262
972 4753 238
7082 3868 262
9309 5376 262
4637 2242 238
7864 1637 262
175 7290 262
6391 2707 262
6218 9163 257
9992 160 262
7499 7977 252
5089 688 238
5593 5681 205
100 876 179
6859 3592 262
1571 9734 262
8225 412 262
9675 309 262
3845 1492 238
9308 3600 262
5394 1608 238
2840 1158 209
3435 1294 217
123 8888 262
4325 8029 262
2421 5682 238
8323 2800 262
7147 5702 262
8984 5717 262
3033 1446 217
6447 417 262
7235 4278 262
2308 2485 209
9035 6660 257
8988 1484 262
7878 867 262
3303 5636 238
4185 513 238
8680 9115 247
4891 6049 236
9701 7579 260
8559 5900 262
2288 2378 183
946 8178 262
8475 4838 262
7507 446 262
5717 8534 262
7295 8343 252
6555 2292 262
2197 4629 238
4049 3426 238
5584 6234 262
63 7008 262
1034 2595 209
9092 7799 252
4246 5510 215
5812 1730 238
262 1585 182
1725 5625 238
7446 1342 262
9544 9185 260
4039 91848 351
59549 53785 322
59798 90625 351
80611 44856 351
67094 48098 340
54976 38073 340
83135 62447 351
7738 99379 351
91964 81759 333
10825 13582 276
54550 21890 340
74399 39038 340
98060 70031 351
94145 69501 351
40255 22953 324
5971 33123 308
33962 22414 308
5715 88773 351
14799 70972 340
94299 46791 351
32108 92960 351
94121 10751 351
68268 2396 340
33084 8712 308
44537 50740 314
87221 81439 333
52016 49718 309
70557 7870 340
58125 16420 340
88997 11475 351
25285 41023 324
38151 26556 324
8691 7281 252
25996 49761 324
4554 22454 279
29447 56749 340
86921 43368 351
26719 93834 351
86508 31462 351
85163 8633 351
21791 30433 308
469 40107 324
38157 65155 340
71680 58207 335
56823 74908 335
20806 66361 340
52641 25418 340
1146 58202 340
10406 64516 340
94125 58626 351
25963 20323 282
70796 94175 351
91473 72846 351
83270 95728 333
10660 16320 276
92235 92026 284
75729 71416 325
59567 10022 340
17044 82269 351
93838 20086 351
64879 75372 325
49642 10626 324
49302 60863 340
3120 14836 276
97927 95164 297
710169 892732 525
847032 914615 476
824396 784912 468
784009 963557 525
464673 391619 449
827704 432990 470
320992 664096 470
450291 582094 470
865351 154596 525
159943 960184 525
177386 125878 383
789591 503879 470
612213 688132 447
859625 566003 525
667021 573115 447
917787 800588 525
528213 511138 470
540339 954215 525
141965 222932 386
637908 537122 452
741844 463960 470
969867 538324 525
14542 273311 443
569225 230038 470
70944 364825 443
424620 222761 449
736600 447540 470
762678 133507 470
791786 934130 525
243486 558265 470
500565 523621 470
673541 46986 470
30309 725834 470
707265 242949 470
558289 905664 525
315990 642584 470
120708 836323 470
600835 370935 470
864441 11465 525
209720 196005 373
41151 578073 470
332517 813922 470
791388 560131 468
514733 314033 470
162766 843423 525
38841 564357 470
171180 740582 470
335401 967944 525
75948 879943 525
478182 75207 449
207422 908647 525
982355 427004 525
899924 334904 525
353634 35961 443
758597 275636 470
365251 200431 443
740039 674743 442
331190 119769 443
963162 166519 525
590721 47880 470
747972 473569 470
106622 576715 470
578679 231568 470
526348 626746 452
14158 787308 470
587046 852640 525
482742 682845 470
609808 610370 341
10346 528939 470
238125 688464 470
595926 135732 470
374062 966247 525
321245 323593 322
930981 60929 525
907510 215653 525
52087 761402 470
761265 743178 424
505456 588287 470
900184 563706 525
60126 44831 340
9245 11910 268
56419 99638 351
91421 52785 351
66960 28467 340
42717 87589 351
61525 18212 340
62471 57885 335
41656 80620 351
18773 99715 351
37521 41685 306
9459 64845 340
45974 8540 324
19800 33661 308
86873 16378 351
15440 26498 282
4148 96025 351
43771 14283 324
29706 88039 351
69380 55782 335
34221 69119 340
84030 93124 333
27042 68027 340
4053 64472 340
47185 353 324
59051 45641 340
18804 77754 351
18666 60153 340
26813 27138 259
41497 11014 324
14668 12813 276
299 60692 340
85247 69897 351
18410 46982 324
44700 56312 340
87352 57099 351
16609 79228 351
25260 97804 351
22167 59856 340
19898 43421 324
77919 68239 351
66898 83144 351
99046 10749 351
39218 81771 351
57662 12944 340
82138 74490 351
7420 69110 340
68483 97042 351
97250 94658 328
79168 12093 351
70074 2811 340
94913 4764 351
10827 97739 351
17726 17463 279
10167 44369 324
39402 8796 324
64201 90484 351
70245 77060 351
95479 92444 328
83255 96795 333
96663 21798 351
79590 47195 351
16906 9113 276
40014 15806 324
49552 39150 314
69761 96657 351
72474 77190 351
22008 39469 324
88995 64071 351
89821 97614 333
56513 39823 340
22754 56710 340
3726 28181 308
81210 93742 333
58394 34483 340
94554 49661 351
56758 52335 340
79324 20836 351
62530 96336 351
94022 22285 351
3973 91266 351
94598 51443 351
90477 75442 351
2187 97877 351
61503 46002 340
5525 83897 351
39254 61116 340
86822 4352 351
25722 35100 311
90949 73423 351
30894 74751 340
29520 50901 324
2991 75681 340
9480 51995 324
93334 15851 351
46799 93720 351
20878 48199 324
90864 85342 333
84367 1247 351
37154 5523 324
57331 14525 340
90783 12448 351
40729 8701 324
53306 47587 340
80345 15670 351
35394 32082 311
80710 34172 351
42670 24193 324
30390 63970 340
5855 34737 311
88421 48955 351
14306 38655 324
82454 99947 333
5592 23093 279
49605 16083 324
36714 88499 351
61517 2454 340
35735 56353 340
12234 74383 340
13022 85263 351
2910 52143 324
71981 2258 340
41876 52815 340
78580 59816 351
31129 4109 308
66302 53167 335
92317 72087 351
11325 53768 340
85435 48380 351
30703 60151 340
79372 68013 351
32936 25348 308
21508 53029 340
26177 93173 351
62567 95914 351
68630 25151 340
64490 5905 340
71481 31849 340
9542 34499 311
46334 28998 324
99343 71992 351
50440 13226 324
70553 4288 340
25987 48955 324
2457 72055 340
98452 37742 351
32227 99204 351
28862 7470 308
705895 504570 470
393507 613874 470
1987 96325 351
551088 995212 525
948683 211997 525
637082 700336 442
349564 299496 441
141832 481034 449
653475 962354 525
97785 68494 351
711474 613830 447
574648 571096 372
928340 261417 525
998261 560766 525
724689 210035 470
955060 430584 525
228809 348567 443
558662 745000 447
959095 109751 525
740212 907779 525
835951 891498 525
122320 699719 470
705199 778355 468
180753 872878 525
254914 278538 407
455576 966387 525
406572 30225 443
51689 334912 443
805845 49950 470
409882 530535 470
259984 364942 441
961118 488793 525
227714 519781 470
747997 701013 424
143736 2414 375
122997 493891 449
893912 245316 525
193611 599111 470
537876 888567 525
471989 792789 470
167105 441770 449
759177 87881 470
471994 325070 449
936996 277839 525
375019 346879 392
322578 149207 443
711820 283697 470
152204 453738 449
317682 900200 525
154752 975621 525
902614 277748 525
469512 796526 470
37269 663122 470
909841 575144 525
65895 896034 525
367933 232999 441
337804 641314 470
320880 324002 353
966383 257876 525
116046 855606 525
118959 438623 449
4814 344984 443
236524 671221 470
798721 68410 470
571422 467677 470
44031 988240 525
259630 513543 470
298971 296898 371
690869 208812 470
386246 756763 470
619050 268383 470
503967 471059 426
909697 339051 525
309265 390285 441
111131 939514 525
760096 230090 470
378138 279114 441
575073 128866 470
950334 887998 476
197276 35961 383
355676 755510 470
24201 615305 470
269053 323171 389
426407 474127 444
46187 812652 470
230890 179442 443
81035 249061 443
650500 504936 470
588111 473969 470
409426 213447 443
413484 169522 449
443536 305826 449
962839 532813 525
434691 913173 525
420811 146171 449
949134 290691 525
901681 487539 525
905995 684938 525
810710 846606 525
159065 371101 443
659258 389955 470
550542 254498 470
153220 715246 470
273638 741331 470
189216 683063 470
954777 116904 525
366789 912517 525
422729 329628 449
445330 857419 525
757006 380345 470
517795 220345 470
671036 419476 470
707883 91236 470
104414 32798 351
452047 263479 449
403899 625509 470
167638 468645 449
880006 320857 525
698096 667849 442
576392 401516 470
865116 45374 525
518419 231906 470
957890 941147 414
75738 917424 525
312771 346948 441
811974 830565 450
567292 997214 525
764245 789380 468
602654 868659 525
822177 54701 470
646342 740280 442
680210 813979 468
208926 74421 383
649040 907021 525
742269 739637 393
308537 607386 470
785010 341160 470
353496 257106 441
282307 943437 525
688734 109282 470
290386 500708 449
939847 371882 525
497922 218297 449
161262 614781 470
86956 983439 525
669481 247502 470
723719 349691 470
575685 446849 470
424112 224726 449
868074 680585 525
964362 690815 525
802175 263577 470
31975 155671 375
520682 828485 468
613313 723621 447
937767 903698 476
224329 391819 443
789784 236456 470
610115 951046 525
851236 211276 525
448690 520717 470
458777 686613 470
384613 34463 443
133463 322929 443
773392 1537 470
517718 251959 470
692352 319894 470
515535 238531 470
475564 550422 470
67017 88877 351
14392 8101 276
12538 5190 268
5706 3352 238
3988 302 238
6062 7738 262
11664 2993 268
9182 9668 260
171 5661 238
3324 6723 262
5718 12017 268
4316 9307 262
10229 6774 260
3656 6625 262
4058 5460 215
8948 3018 262
4440 11667 268
4095 6516 262
4647 6256 262
5538 1548 238
14356 12391 276
3288 8449 262
4002 4112 189
7882 9092 252
9121 5423 262
12310 1452 268
7273 8802 252
3259 2107 217
12691 1132 268
4388 10262 262
8404 8252 234
3470 4405 238
7639 11696 268
6744 11614 268
6390 8408 257
15110 7542 276
11221 1994 268
10386 5498 262
6171 7207 262
11696 2180 268
14029 7864 276
348 11325 268
7881 11071 268
13890 970 276
10556 8733 260
3689 4430 238
801 12012 268
3325 8977 262
374 10931 262
5367 4128 215
10204 3448 262
11755 9349 268
14155 761 276
7343 5262 262
4367 6528 262
14147 5931 276
11332 5430 268
9409 667 262
1385 10128 262
13539 960 276
8612 9749 260
3531 3596 194
3058 11829 268
4530 2674 238
4745 6152 236
2769 9880 262
5228 553 238
2469 10910 262
11530 12123 250
9699 12611 268
1171 4857 238
12984 4540 268
632 9831 262
13051 11581 263
6110 9475 262
12946 4526 268
9919 3264 262
11902 7352 268
4381 9639 262
6212 9791 260
10179 5698 262
632 3014 217
2458 1672 183
4648 1419 238
6309 1223 262
9058 10752 260
10202 3178 262
3427 1280 217
11966 11380 250
11965 12335 250
12827 6711 268
4388 10420 262
10784 11376 268
630 11705 268
10390 1234 262
3397 12366 268
1242 9663 262
7618 11208 268
11003 9488 268
13223 2198 268
5138 555 238
13728 2915 276
15097 9237 276
4311 9562 262
14634 2737 276
6492 12137 268
13525 7699 276
2573 10271 262
1117 1284 182
10344 12583 268
5327 5517 192
234 11972 268
15040 369 276
1954 6865 262
8355 4113 262
5623 12026 268
12643 723 268
10034 3520 262
8835 6018 262
10666 9303 255
4976 2975 238
3786 7251 262
5023 12141 268
11425 11048 237
1928 8921 262
486 5467 238
13855 12165 276
3462 9135 262
8427 2209 262
7276 6650 257
4068 2967 238
5067 4737 210
3630 7526 262
12747 7514 268
9708 11830 268
1197 2009 180
10307 5428 262
11101 10325 268
4333 10910 262
14707 500 276
12823 5361 268
1350 5724 238
4215 3164 238
12846 11490 263
2189 8089 262
8308 7511 252
756 10284 262
12920 9889 268
13829 874 276
4222 5303 215
12585 11718 263
10455 4287 262
13273 106 276
4359 5831 236
2836 2167 209
1432 1639 172
10524 4182 262
27 6654 262
3021 3195 199
246 5340 238
5947 2104 238
5998 1632 238
2887 984 209
6450 12197 268
10941 3326 262
5633 12496 268
3949 1188 238
12698 2671 268
10789 9926 255
14014 6095 276
1511 3386 217
8420 7055 252
3884 7899 262
10969 7163 260
4245 283 238
1617 8078 262
3177 6749 262
13391 10944 276
8592 7287 252
1804 1823 162
14090 2994 276
1000 6037 238
3309 5336 238
12746 4794 268
12666 2563 268
1045 9699 262
9627 3343 262
8298 8527 234
7195 7611 239
2068 781 182
9761 7362 260
9748 5009 262
9803 534 262
14057 11118 276
4995 12334 268
2747 10764 262
4576 5046 210
2885 9430 262
9564 1940 262
6589 4578 262
13261 8697 276
2369 551 183
14019 10955 276
2431 9140 262
7869 4708 262
13600 1264 276
3784 11480 268
6259 3404 262
2261 8467 262
2258 3044 217
6037 4957 236
6355 1822 262
6419 3869 262
5485 8657 262
12399 6266 268
14917 12058 276
10515 5344 262
8212 2408 262
14163 4579 276
13398 4384 276
2982 8398 262
82 8934 262
4731 766 238
4257 4096 202
14522 3118 276
3613 5301 238
10873 4041 262
7688 4056 262
6423 1783 262
7573 4376 262
5336 4494 210
14070 2070 276
14526 10429 276
12196 9871 268
4256 9881 262
4485 2641 238
9482 11329 268
12797 973 268
6960 589 262
9203 6647 257
14704 578 276
14366 7900 276
10275 7373 260
4941 9268 262
6816 6807 182
12592 5536 268
11406 4775 268
7654 1735 262
1443 752 182
4867 3336 238
8637 7040 252
11102 6692 268
10652 8642 260
3029 7747 262
9499 9143 260
9821 10965 255
5929 53 238
9737 4855 262
744 7717 262
11702 7667 268
11362 8998 268
10162 4385 262
3938 6331 262
174827 929953 525
865683 981401 476
622314 787197 468
221469 798752 470
344193 765869 470
436545 611666 470
694313 731304 411
99503 976723 525
766889 925881 525
62684 198174 383
151786 932125 525
178572 335566 443
472642 619457 470
873431 930021 476
370038 432247 449
129166 766145 470
267499 983757 525
277951 454656 449
588048 798852 468
347550 683523 470
781388 993663 525
218065 754533 470
553437 650245 447
144717 912890 525
170930 593961 470
139269 386910 443
609976 788609 468
835661 989293 525
321512 602110 470
35480 943939 525
199035 203845 342
519032 563870 452
449941 991721 525
128341 746485 470
647669 755134 442
314312 541852 470
839415 863726 419
388356 887597 525
337337 618884 470
97883 514775 470
871874 992071 476
142979 942540 525
22233 684068 470
838651 917849 476
106028 880666 525
508802 827629 470
564441 848719 525
186685 308299 443
1657 862112 525
276663 915788 525
140381 347593 443
130986 432188 449
176153 556499 470
165585 279383 443
3002 36499 324
112242 876992 525
135731 334297 443
200375 260708 443
92803 842760 525
145583 820898 470
834315 970227 525
497916 817110 470
592891 812695 468
633730 909667 525
291404 893460 525
81576 937634 525
443387 641568 470
492781 537562 470
775716 914651 525
145292 458994 449
129556 714859 470
500112 527349 470
838944 941608 476
36527 78997 351
697092 755495 424
132257 507184 449
