71 51 113
74 75 23
96 31 116
45 17 112
35 35 14
7 16 20
30 16 112
37 11 112
49 10 112
1 1 1
905109 782975 468
2819 771200 470
71078 982068 476
981582 791456 476
329424 476755 449
417318 943156 476
368075 304896 441
484989 524561 470
394764 601821 470
887550 417995 470
720197 35533 470
934678 240997 476
212769 611893 470
582872 143285 470
660184 547926 447
22592 111938 354
836919 483361 470
802068 283704 470
956781 683227 476
573180 717601 447
982591 659255 476
514491 353888 470
263686 514284 470
736373 614827 447
838649 681881 468
605864 607510 341
305588 841598 470
288494 204899 443
34790 598790 470
911065 574491 476
240246 849819 470
125621 933680 476
181635 72368 383
539453 273815 470
481322 595508 470
641781 52224 470
194461 687326 470
35663 270283 443
271454 901794 470
626392 832349 468
485443 369847 449
603457 875705 468
677165 987119 476
149380 547797 470
250294 105906 443
571426 344200 470
894496 418279 470
876490 907176 401
5390 879049 470
360005 125361 443
833549 941802 476
635191 774971 468
653097 465182 470
763131 607629 447
821732 232720 470
448073 897626 470
910504 925446 445
526439 647981 452
744353 803742 468
199971 529583 470
706499 230369 470
130294 925970 476
638659 807610 468
976411 164716 476
462406 923619 476
434692 429897 387
132403 208900 383
935584 458850 476
364905 645990 470
879991 195193 470
931079 911051 445
573089 210633 470
407619 440128 449
802733 141184 470
160696 855942 470
767132 156391 470
240037 445787 449
81819 687426 470
843497 245871 470
325260 650519 470
963202 897743 476
476197 283771 449
459076 973896 476
892562 92870 470
687114 155839 470
994687 658214 476
687054 313898 470
522021 723981 452
691827 542096 452
681984 728818 442
711913 791263 468
929482 121264 476
43872 434933 449
516133 970065 476
791358 566937 468
789962 327663 470
410082 347732 449
653406 282773 470
208231 665993 470
853780 136771 470
950890 747604 476
57429 787659 470
128342 391654 443
594025 643391 447
67843 93070 351
40181 910058 470
549924 869512 468
185482 895289 470
19295 54517 340
390515 450306 449
395372 750885 470
825742 442403 470
178912 448267 449
710763 466271 470
601768 441374 470
362462 628548 470
625273 130247 470
188474 326122 443
39769 103045 351
206534 888246 470
594415 974385 476
853523 302654 470
711520 417425 470
809817 105056 470
772140 131595 470
554735 439916 470
669021 232801 470
575188 802403 468
605802 480259 470
550503 438382 470
862037 261690 470
675430 585123 447
636767 889910 468
616478 261588 470
606223 468103 470
231481 956579 476
190604 507089 449
366269 215436 443
4480 503254 449
672540 311770 470
795152 972397 476
873611 775397 468
412441 947522 476
897567 79802 470
178438 928648 476
903538 613761 468
485670 926583 476
932285 71116 476
312126 85096 443
351292 349626 366
536644 461996 470
542074 708816 452
8605 447789 449
503959 201855 449
260499 477775 449
836175 390545 470
686358 943989 476
417523 569924 470
155332 829076 470
938680 27026 476
413603 327563 449
216100 425614 449
176106 832680 470
76062 662996 470
972747 647142 476
447757 114252 449
940380 865367 476
298483 151062 443
246121 629815 470
929817 274484 476
508264 906314 470
869784 394815 470
349034 944515 476
41757 406900 443
678099 957428 476
628616 252551 470
358316 259454 441
28296 856983 470
186220 948432 476
719566 667153 442
60257 116849 354
648062 95064 470
292960 148646 443
176257 356511 443
109026 137231 349
216657 343203 443
50959 392447 443
615196 115501 470
47533 139612 354
957064 588337 476
585067 113930 470
866514 919452 476
814006 830190 450
270633 578206 470
500068 654442 470
321742 965744 476
253212 409655 441
138451 651574 470
378907 448908 449
32231 881689 470
992364 436680 476
589864 636771 447
225639 150246 386
676115 28611 470
65838 730665 470
414454 281239 449
746308 263992 470
380371 137118 443
163243 372768 443
726489 966171 476
592687 496573 470
564041 421392 470
501079 705253 470
775566 859296 468
758097 806327 468
25649 59316 340
950990 783490 476
891362 901772 401
356316 132137 443
989061 968520 458
552344 11541 470
11023 441650 449
986474 284603 476
716584 818396 468
765484 397911 470
523688 743756 452
217769 106650 386
276475 605874 470
879179 448905 470
24789 568445 470
63527 389571 443
257701 696140 470
693585 365814 470
529344 549714 452
433283 937539 476
241329 152192 443
837063 310837 470
192607 945301 476
217605 467987 449
13201 651418 470
88082 91132 315
422909 123450 449
702277 44029 470
408218 40524 443
598723 612916 403
153260 275141 443
958223 32941 476
782531 406409 470
457984 932098 476
605576 521681 452
713131 352573 470
777918 812340 468
74105 663720 470
801056 477763 470
163229 272362 443
484572 614869 470
157980 944250 476
839774 339846 470
146104 959485 476
490338 665130 470
341435 264772 389
744955 105051 470
897336 420513 470
607739 2069 470
583954 839047 468
669568 440492 470
849760 215568 470
370935 449864 449
674330 555486 447
746873 529648 452
743359 332877 470
84535 941034 476
924039 11051 476
321547 972541 476
638891 520900 452
225721 403907 443
518605 791945 468
365647 691031 470
273679 395104 441
796211 489418 470
809013 852234 450
800731 857940 450
353901 888090 470
259895 560484 470
864635 567719 468
394055 694402 470
464227 620162 470
535969 268776 470
510217 454868 444
938763 46717 476
229834 896651 470
725829 549267 447
605885 495002 470
222536 32868 386
328939 831056 470
45212 537850 470
54164 923118 476
537763 505374 470
379262 677236 470
992472 798593 476
427267 367911 449
66679 581493 470
680036 277675 470
55917 911510 476
982987 407229 476
307508 837186 470
221477 429899 449
319338 714526 470
542758 608588 452
36053 564853 470
663261 460625 470
411417 445093 418
468287 708368 470
450126 778651 470
852489 511627 470
960181 384651 476
937362 846342 476
128530 367341 443
745788 564321 447
508789 276894 449
567775 563669 421
195437 255994 443
633632 314828 470
963070 207567 476
676199 204752 470
134390 837191 470
961031 833079 476
46698 901846 470
677219 289554 470
231153 195552 443
185654 208260 373
159505 444686 449
679630 737080 442
180815 976175 476
68319 127624 354
789919 368323 470
965598 850191 476
200842 73142 383
948113 13430 476
794333 64737 470
823982 94842 470
374432 159445 443
332174 153069 443
159883 99328 383
95244 799969 470
437198 147420 449
33737 692722 470
248915 587563 470
114004 33726 354
965716 627936 476
363320 777124 470
88138 722099 470
86162 384325 443
620244 274342 470
885793 184888 470
201173 83151 383
185645 44955 383
645197 985752 476
356395 611181 470
7683 354413 443
229918 962974 476
416907 59662 449
124686 879603 470
671259 1796 470
328662 267794 389
940611 180378 476
45216 533861 470
226406 73404 386
480762 378289 449
288890 448662 449
668102 591873 447
877164 309156 470
597680 955641 476
372510 557217 470
506849 633635 470
107848 243924 443
196464 465328 449
403685 755409 470
733024 232685 470
27224 36671 324
34796 663773 470
430847 815104 470
862454 786601 468
83077 367133 443
6398 653334 470
753876 908567 468
302466 970292 476
870792 690294 468
52080 847262 470
244691 321796 407
604182 432981 470
607930 165049 470
630639 173563 470
523751 617349 452
73846 556677 470
257707 830972 470
858818 398400 470
309125 891099 470
838140 664479 468
958752 719218 476
7122 743247 470
523716 768573 468
349742 444055 449
514693 561469 452
727062 930371 476
561707 206765 470
472101 812269 470
810597 480349 470
701361 631210 442
460471 807255 470
764152 325975 470
257613 861260 470
155709 25888 375
426138 753972 470
206162 843260 470
568421 965539 476
994196 662559 476
234378 212801 443
429705 216247 449
756858 538481 452
808828 827909 450
679877 110437 470
50973 813066 470
199925 224866 386
158440 619256 470
195066 514294 470
412882 118276 449
720602 114399 470
368050 544932 470
401614 626033 470
93070 732029 470
341998 251877 407
981783 758231 476
298254 62628 443
314838 990186 476
344656 242222 407
812286 167309 470
842166 486925 470
33871 813053 470
692155 710983 411
323239 163562 443
164048 161589 339
297866 219117 443
468322 534654 470
776002 664029 468
959897 683464 476
240821 946411 476
486625 306548 449
353298 42415 443
485256 404255 449
381236 446641 449
511677 78429 449
223003 452263 449
32948 239658 443
609687 153735 470
740134 102664 470
732002 241110 470
825174 206125 470
636393 698805 442
276297 865305 470
477139 26522 449
349856 45115 443
902090 468895 470
447576 475120 444
136306 156041 375
336273 441631 449
334878 972397 476
301739 772337 470
275648 635511 470
819441 801261 450
342706 760657 470
493542 83887 449
944979 205272 476
700196 415745 470
970062 63632 476
701791 219119 470
281452 420631 449
147446 194613 383
612790 120511 470
830658 834285 419
854306 207317 470
471502 459067 444
625661 782209 468
423120 107932 449
144897 40434 375
743955 58505 470
927761 57179 476
5368 571499 470
159866 903874 470
414054 259728 449
919759 145739 476
531939 219265 470
400079 653 443
742724 413247 470
971116 920893 458
245865 511528 449
286794 342582 389
703260 885355 468
928407 20759 476
536614 318655 470
282007 156737 443
768998 341900 470
954501 17472 476
892420 934668 476
98975 35196 351
503360 460387 444
119467 410838 449
126076 581619 470
20171 389810 443
362254 802482 470
853490 160871 470
849012 560445 468
541631 565349 452
282832 37495 443
14661 702216 470
560976 856154 468
297592 421127 449
291416 580723 470
996292 642095 476
117832 178442 383
799315 237745 470
162692 276884 443
336668 785130 470
707638 540720 452
343353 419625 449
803055 360882 470
985816 571360 476
846595 360877 470
211385 825569 470
1451 737937 470
510053 714472 470
737699 175994 470
395358 200431 443
221369 364215 443
793612 700440 468
352159 512121 470
278659 322508 389
917994 964507 445
887173 909156 401
159131 289723 443
522961 553597 452
811526 663350 468
571781 841680 468
593898 450250 470
259070 777444 470
263662 320212 389
906579 587397 468
752724 156268 470
100984 917536 476
923635 41252 476
421956 451613 418
665459 772941 468
920868 141290 476
870602 71825 470
78700 856970 470
719565 722722 411
373882 560148 470
267324 406390 441
723000 282798 470
183287 638730 470
797372 121069 470
937277 864921 476
820373 897145 432
415770 475289 444
839927 73174 470
847055 281158 470
14292 424579 449
738687 145464 470
756019 802499 468
225728 422266 449
426312 969582 476
865904 225888 470
728876 125121 470
694626 732306 411
481574 835563 470
236379 644733 470
763630 683885 442
753974 259001 470
215851 254233 443
806710 211590 470
980484 641365 476
777187 127996 470
631170 531994 452
65405 247018 443
435573 72311 449
802730 407742 470
793922 496399 470
860628 829620 419
555516 228829 470
417150 362852 449
133934 519530 470
59966 360782 443
553211 524453 452
979730 387928 476
893622 739514 468
673158 467332 470
846160 637084 468
750644 390718 470
797304 26027 470
63490 862390 470
854413 896555 432
876138 209034 470
134047 403685 443
880154 826678 432
399369 55125 443
185755 421804 449
428527 826918 470
899690 157966 470
416728 864074 470
923392 611767 476
189638 669113 470
246050 522126 470
454985 184461 449
525250 576926 452
332149 331426 353
877285 952862 476
608187 231570 470
15954 442364 449
511799 381125 449
626200 237085 470
259275 455598 449
385366 788244 470
567840 547492 421
752634 93837 470
661456 514974 452
391182 207915 443
961846 562743 476
968790 294105 476
108652 789709 470
439846 622020 470
608042 995415 476
319422 557852 470
313680 481250 449
468658 125325 449
895647 761388 468
418179 620712 470
441844 893954 470
703893 914220 476
576065 20154 470
851491 321722 470
611250 134758 470
985315 942090 458
978881 171751 476
130932 887407 470
683641 886028 468
984831 990877 427
663218 426776 470
365191 379083 423
388380 458587 449
505261 642125 470
354910 508120 449
666317 884076 468
441495 86116 449
518258 803130 468
3174 268774 443
530328 71794 470
752757 450879 470
490416 291185 449
356571 79288 443
993389 485649 476
717615 247849 470
22051 975016 476
348242 78801 443
414817 502336 444
544300 570025 452
42982 627918 470
111008 475195 449
559369 112924 470
999024 693691 476
693024 309962 470
811158 555576 468
571768 594341 434
567999 787537 468
430169 16465 449
955351 634110 476
977216 361323 476
391331 433902 449
606401 764656 447
291026 141035 443
123283 657762 470
326485 369009 441
724601 57626 470
612197 144249 470
165497 402144 443
676362 380794 470
986306 117067 476
7767 725123 470
509543 393257 449
399238 777413 470
869621 11809 470
257675 158675 443
25080 57054 340
641747 750091 442
110293 996813 476
336399 386613 441
181129 454461 449
521269 790614 468
867713 912129 476
583283 213 470
330810 470564 449
966016 409191 476
956736 113108 476
216698 289686 443
51742 534882 470
125592 337040 443
226515 500601 449
523493 705500 452
682902 38432 470
505810 772968 470
532836 525925 408
519705 40241 470
704953 247825 470
363860 923145 476
3906 922126 476
533836 431120 470
575223 632978 447
139282 473315 449
887575 142712 470
513285 652183 452
586712 52460 470
613169 638765 447
735340 809260 468
295235 584424 470
238207 640032 470
264469 287824 389
588937 561924 434
508036 794513 470
663925 315779 470
865695 988156 476
609882 533251 452
162986 553753 470
584404 288470 470
218558 797437 470
622499 702891 442
558405 232043 470
630974 55043 470
107006 315325 443
723809 192370 470
651140 494233 470
118890 338146 443
857222 756079 468
966915 668889 476
978796 279678 476
668447 242969 470
320913 463449 449
776659 197505 470
409707 850785 470
339985 69065 443
764002 558651 447
534633 829095 468
277655 636743 470
166829 758691 470
854059 356183 470
15759 33012 308
61308 437245 449
564554 749500 447
575102 280153 470
279216 415466 449
150394 563318 470
311181 546574 470
547484 485877 470
657718 706961 442
457004 839792 470
864604 522455 468
529446 818073 468
971669 408164 476
390068 301324 441
476940 224581 449
444093 753933 470
183134 26916 383
662774 786179 468
227134 528331 470
556436 18808 470
752937 941004 476
185263 224833 386
622267 378464 470
323085 194834 443
705181 599467 447
620672 374524 470
198238 693752 470
687650 324270 470
6232 728047 470
507716 490945 426
712972 934926 476
1410 831067 470
802536 942661 476
214444 540693 470
628965 29782 470
256449 414882 449
106585 345531 443
975907 322394 476
230834 561138 470
510285 403054 449
150634 740027 470
993025 312210 476
624655 464143 470
336458 322588 384
868861 354925 470
224214 117009 386
70029 649975 470
869886 291298 470
564184 794316 468
951540 147959 476
884092 413461 470
485660 184168 449
742888 612483 447
964177 582387 476
529268 269371 470
430338 971817 476
214578 922781 476
754255 893377 468
97209 232562 443
658426 629969 429
575331 332390 470
649356 664125 429
424414 917182 476
352227 414425 449
684836 416357 470
481496 221875 449
597027 341430 470
498835 659098 470
552673 649179 447
853131 514100 468
358656 579610 470
825972 34229 470
188199 175818 365
737865 325139 470
164531 466095 449
491764 970003 476
971483 863819 476
70857 709917 470
567193 505547 470
822309 92418 470
884544 529370 468
325897 242685 407
499582 253432 449
824800 541824 468
117682 496346 449
756800 278866 470
968349 354145 476
266450 642605 470
592017 783534 468
362927 295242 441
592026 114488 470
168904 319508 443
813670 986017 476
681007 502931 470
807783 762827 468
223224 745226 470
201031 40861 383
233877 956695 476
572220 190763 470
248752 908279 470
570807 546753 421
534079 5470 470
594393 299186 470
220772 318894 443
475018 925946 476
452240 304877 449
293969 304843 371
344594 341262 353
139764 380875 443
295849 178336 443
399892 662077 470
329073 109359 443
691329 246638 470
292225 445580 449
767033 336063 470
110081 675554 470
215715 314493 443
256216 918776 476
861366 4046 470
772832 594662 468
766876 998145 476
946931 898587 476
200863 222332 386
283882 293819 389
906204 256086 470
203439 8613 383
18366 458962 449
948589 547048 476
42007 13233 324
255209 497677 449
958907 201219 476
351409 590999 470
771903 357979 470
106035 272929 443
894522 468160 470
756942 763945 380
12342 74819 340
5983 362161 443
460722 446489 387
908509 139091 470
981377 569238 476
289512 993680 476
595959 700765 447
358628 695816 470
863891 186577 470
419549 898040 470
471282 906554 470
731835 151832 470
110505 566864 470
421280 579545 470
932396 44869 476
104358 319600 443
577755 413732 470
447150 162602 449
45466 401511 443
416265 228650 449
810391 851921 450
58334 517504 470
18605 58827 340
545147 48480 470
159707 192291 370
53854 859508 470
313182 525460 470
432018 60901 449
711216 343237 470
635171 407678 470
25031 391198 443
630303 787081 468
97695 918835 476
640340 602597 447
779791 181552 470
147195 901309 470
480703 826428 470
922327 715240 476
941058 658314 476
225067 642491 470
757978 338136 470
64782 278693 443
708345 556238 447
793853 879875 468
188483 260932 443
633 812323 470
199647 876032 470
649777 659367 429
367224 107724 443
207900 91176 383
417993 363919 449
504839 455884 444
586742 10501 470
480522 442060 444
903789 132446 470
241951 954227 476
187917 406341 443
515799 59429 470
214033 374201 443
819063 700416 468
451619 180517 449
746057 290102 470
520253 932708 476
890921 34871 470
2092 307911 443
917212 279133 476
77549 408527 443
703517 14931 470
891797 998571 476
230189 89502 386
846942 916509 476
180186 978522 476
987947 750962 476
900205 990072 476
218695 161335 386
192958 838690 470
726202 843538 468
15024 428209 449
969034 19152 476
674015 817562 468
30879 30174 254
934919 296481 476
83153 730042 470
617948 926941 476
990000 59020 476
544156 873771 468
751063 100399 470
902268 443161 470
619848 388154 470
408855 781137 470
97219 889277 470
888724 705797 468
280442 454938 449
272140 314447 389
723528 842261 468
526987 313706 470
130451 257872 443
605676 931622 476
138073 53742 354
651277 318085 470
990732 947124 458
881651 890072 401
965694 35715 476
362794 793712 470
29060 198501 383
330207 799770 470
949481 319980 476
596451 127478 470
186941 785050 470
831883 877838 432
832543 615665 468
1457 114815 354
496309 424659 444
245115 612670 470
300267 538690 470
