290974 191287 443
150454 484200 449
698086 279232 470
151041 131538 375
475978 34160 449
883020 992366 476
968485 930281 445
319912 817988 470
388028 901441 525
573585 180987 470
774000 908403 525
180960 758827 470
199285 257211 443
769929 372283 470
33025 233524 443
143176 532347 470
507354 439609 444
429520 626782 470
922576 116333 525
562572 968151 525
788527 602930 468
51120 580342 470
783999 988554 525
805663 826244 450
827540 538476 468
587296 442225 470
876098 802890 525
480065 642460 470
476603 999306 525
591501 403727 470
744627 834424 468
9099 390635 443
290092 208846 443
185468 343097 443
231862 432550 449
99985 220013 386
436417 785691 470
525840 929732 525
292489 923766 525
395730 6113 443
112826 288236 443
666636 392081 470
51819 718440 470
308880 595817 470
372997 193737 443
719689 596905 447
214181 942587 525
827824 953950 525
342172 232980 416
771579 642536 468
616957 738934 442
100372 315729 443
914019 341395 525
289646 609252 470
409662 283982 441
385342 901186 525
230554 572836 470
786832 317740 470
349143 188964 443
635075 994520 525
333799 634659 470
825064 392196 470
775677 943411 525
151323 696817 470
485510 238355 449
329643 947114 525
232676 755635 470
426958 638852 470
651312 56613 470
373234 516066 470
580499 287370 470
286960 931562 525
581504 474294 470
508558 23056 449
388597 416325 449
753543 672779 442
5581 929880 525
728615 524137 452
533376 582474 452
114225 979543 525
332444 150678 443
971794 760328 525
993616 265516 525
226872 698067 470
643543 378860 470
810757 580017 468
802813 394790 470
984104 719914 525
41162 942346 525
768448 84874 470
893426 16306 525
118548 575192 470
836042 237524 470
696683 24647 470
291565 4557 443
168070 712565 470
325981 699935 470
531884 771733 468
980133 895979 476
611916 636951 447
184754 211893 373
838715 946931 476
50184 397958 443
48847 497869 449
992172 766399 525
501891 180630 449
160046 430886 449
408751 806866 470
647102 103026 470
617174 436415 470
923786 556031 525
413562 265061 449
577449 865967 525
114362 937532 525
392959 749811 470
738944 594913 447
217555 313995 443
841535 866007 428
981469 462114 525
663390 905654 525
290590 902275 525
694056 484177 470
845977 411116 525
825550 718846 468
303886 925516 525
210507 453800 449
447723 55086 449
68248 79074 351
143266 452384 449
688395 519821 452
318712 576184 470
855978 736606 525
478737 271864 449
446403 560594 470
42572 592328 470
542215 861953 525
80920 122397 354
774292 506340 470
98864 265454 443
692767 255638 470
912937 253317 525
789116 320793 470
915842 264018 525
890147 914455 476
964303 728327 525
434309 496982 444
85572 960593 525
175199 813296 470
376365 47961 443
127700 908651 525
5737 338581 443
497216 623972 470
146880 371553 443
140296 622786 470
353582 577366 470
956815 991838 458
443907 506865 444
225419 615095 470
121896 985748 525
764545 528019 452
973781 132678 525
265396 161545 443
83329 280229 443
165622 794958 470
819172 145276 470
99 120497 354
250017 597158 470
757575 464836 470
105976 719441 470
602264 654036 447
166664 858090 525
236507 979855 525
81199 362469 443
600295 974303 525
534858 114304 470
530791 132950 470
868242 851907 428
785697 16267 470
516205 492616 470
57231 21223 340
220989 66603 386
382116 758556 470
536362 881339 525
602023 228983 470
760653 502561 470
678306 909908 525
633335 564726 447
59470 700910 470
744681 939779 525
980272 972296 392
549240 768631 468
741472 492601 470
918013 118439 525
896601 487520 525
620100 928360 525
885690 485848 525
870408 264462 525
432829 182614 449
102923 739436 470
389366 2048 443
893992 643423 525
998226 314768 525
800107 254035 470
409065 469469 449
229921 682983 470
549700 401750 470
278276 156743 443
2479 332026 443
28977 541468 470
58731 638981 470
530603 131252 470
678934 822941 468
897601 32446 525
991361 962014 458
798499 341433 470
675637 477393 470
766292 391415 470
62749 411007 449
392652 441634 449
537193 522269 408
960202 158843 525
787690 571133 468
610297 339658 470
604360 732896 447
93141 586292 470
346367 989840 525
627395 53441 470
321102 909412 525
826292 582909 468
974555 712091 525
494502 220473 449
502992 821473 470
221499 115076 386
655758 896044 525
524729 325291 470
27717 550447 470
350143 445851 449
989289 771960 525
155631 791224 470
446357 454978 387
235761 40468 443
577108 874727 525
46512 423689 449
16442 282633 443
219657 452493 449
100417 573203 470
522367 812016 468
934340 113569 525
949661 287290 525
462496 601403 470
886490 611329 525
562376 771822 468
159289 714894 470
537005 6151 470
302925 781465 470
769800 943029 525
547070 772894 468
759061 135613 470
790229 423393 470
154124 756397 470
409093 213074 443
433180 401317 449
276276 464971 449
55929 250487 443
482298 928141 525
603090 306124 470
894541 236052 525
708480 8678 470
742883 75715 470
457927 170650 449
487520 207912 449
615139 659236 429
642220 845469 525
848391 914458 476
504352 111238 449
643256 338272 470
798923 492055 470
232996 388331 441
789250 566360 468
756544 616394 442
853009 699414 525
479909 218244 449
499891 501774 364
679007 4589 470
901782 370706 525
105200 8180 351
995310 637354 525
988915 387464 525
679710 76750 470
696756 830831 468
931967 471212 525
120957 66863 354
307406 359440 441
967330 373697 525
807723 492880 470
261651 994534 525
120433 410224 449
396742 911871 525
618408 237638 470
98433 427071 449
749560 376219 470
949688 524212 525
886114 92293 525
797866 448317 470
571327 914517 525
265010 253499 407
32332 614029 470
582160 244469 470
421328 30074 449
96963 525339 470
616275 524156 452
205121 210693 373
601931 971246 525
724665 135986 470
295056 880395 525
322400 770324 470
945050 152192 525
950209 292003 525
569727 442526 470
766001 883458 525
497443 941934 525
993131 943562 458
425006 595101 470
190394 327748 443
711216 436061 470
245998 119512 443
249296 490047 449
882868 535787 525
586329 852568 525
728049 847196 525
638091 640493 354
270925 828298 470
203231 888530 525
159688 300119 443
465978 789089 470
224700 547807 470
366318 754033 470
992909 681108 525
696064 360288 470
339053 575304 470
27959 786212 470
618634 734866 442
625462 881912 525
637531 255916 470
514125 99825 470
911122 666601 525
517496 367198 470
318845 714437 470
385871 857602 525
926627 108538 525
268957 448752 449
57358 120220 354
61742 100275 351
809430 857393 525
669167 187200 470
147743 424402 449
438731 98899 449
576875 381299 470
865097 193912 525
862232 736572 525
688685 650505 429
918026 876420 476
654313 721157 442
562332 620577 447
863980 334976 525
856491 228423 525
594526 894004 525
368646 319456 441
654551 290754 470
765698 170641 470
404028 266648 441
710502 206859 470
563689 431875 470
376812 939467 525
354610 287447 441
432492 477400 444
749720 504123 470
754111 113819 470
235709 296852 416
90675 925828 525
744670 51382 470
69616 599155 470
81076 342543 443
69380 797524 470
762238 374995 470
240444 377207 441
396943 172184 443
902320 594369 525
542650 808598 468
966235 750409 525
704734 694329 411
10086 464641 449
969109 567358 525
692654 796627 468
165425 800941 470
524028 196549 470
297641 209698 443
471041 888110 525
194355 695052 470
898605 966083 476
136144 661793 470
754250 794728 468
55956 933749 525
924045 727451 525
127526 439364 449
109095 693053 470
621143 766947 442
374942 808693 470
964992 357073 525
896536 675785 525
709678 564267 447
521898 437513 470
803885 255384 470
406255 365393 436
346283 698203 470
728454 878483 525
454735 956303 525
599325 35347 470
509562 965904 525
359641 919703 525
369126 178990 443
807278 729125 468
237395 224322 443
781838 625883 468
723929 804476 468
949160 350133 525
353364 207716 443
284999 683415 470
407667 120494 443
844260 756196 525
29931 999259 525
73453 679892 470
471891 633495 470
176813 721504 470
658333 896486 525
449681 778670 470
658264 311473 470
427909 897992 525
230682 207120 443
820338 635547 468
963349 540124 525
885142 688945 525
725103 563469 447
769113 928639 525
129731 438014 449
107829 14383 354
906328 275665 525
666491 586662 447
70654 500252 449
948747 25817 525
499270 8413 449
256938 383435 441
216025 6844 383
212927 635549 470
258613 489481 449
309943 834178 470
328376 387215 441
904752 875435 432
828137 982479 525
468067 499355 426
991412 220997 525
839326 730759 525
746301 539670 452
502847 308471 449
989212 497939 525
559117 317331 470
535755 520907 408
874605 353384 525
101230 455173 449
180222 149702 383
245297 408965 441
197644 150829 383
876387 4585 525
469715 7505 449
953826 689556 525
48450 311932 443
608519 493555 470
355893 535243 470
354293 606471 470
941733 443430 525
938023 864247 476
186222 633363 470
428252 139143 449
81276 207536 383
967486 775977 525
660408 248967 470
215171 247632 443
930397 876814 476
148957 523453 470
352522 48839 443
630249 535945 452
595748 568741 434
666815 853345 525
423917 341616 449
896705 415540 525
135348 147206 375
478711 730667 470
430454 995126 525
936863 240943 525
170746 2466 383
356102 798248 470
401862 621688 470
735509 753070 424
998324 227181 525
76922 277376 443
666944 414400 470
67560 18556 340
287971 896143 525
207969 549341 470
675093 719655 442
104067 81052 341
77474 864329 525
980144 212848 525
512635 714299 452
313284 474436 449
789735 791061 375
871514 534239 525
457296 214925 449
60504 956033 525
991962 616226 525
587668 447309 470
973067 533590 525
909529 562903 525
576427 871586 525
74002 74750 294
303902 475197 449
859848 773985 525
876659 948001 476
842917 981907 476
677485 695153 442
126504 446716 449
758146 912390 525
187893 605939 470
614144 961579 525
833169 484029 470
250150 965783 525
93663 75675 351
260363 592217 470
16684 328092 443
447800 86173 449
209482 911150 525
158788 803331 470
382651 33913 443
767499 619197 442
482964 443245 444
891644 308596 525
569859 448549 470
163560 615236 470
871198 288533 525
846818 68429 525
628070 430497 470
414616 88084 449
53099 170236 383
182286 87748 383
7432 843073 525
874635 395039 525
721605 392786 470
382893 924363 525
935530 916019 476
292324 388913 441
444307 672902 470
211964 737634 470
457868 7833 449
410361 94947 449
751232 33534 470
690082 201764 470
550245 241117 470
956735 958920 352
855633 961144 476
250444 823697 470
30601 379091 443
98229 322171 443
901525 994019 476
243825 684110 470
765435 14915 470
760289 416795 470
792923 604105 468
174698 575010 470
369657 169387 443
624544 229374 470
574707 856845 525
718050 272007 470
123194 841121 525
6031 505889 449
840336 634047 525
365014 194670 443
5096 849646 525
817010 526568 468
83417 581244 470
70295 290641 443
175747 86473 383
48027 174138 383
571946 632871 447
847697 696775 525
728959 664835 442
823748 871392 525
23811 837575 470
776397 828558 468
642056 531436 452
292098 695052 470
252429 103969 443
680722 776320 468
124155 940518 525
139544 659316 470
814175 878492 525
835 837933 525
664610 943292 525
740046 87013 470
792811 580456 468
58706 907732 525
431633 211965 449
521210 836224 468
789992 189852 470
922810 463467 525
771529 767093 468
788506 111400 470
576093 740118 447
308796 374701 441
535451 882020 525
391924 649868 470
43434 434354 449
521107 912660 525
33381 665276 470
258256 521354 470
308445 46668 443
524416 567750 452
579184 72137 470
679825 499878 470
558212 105893 470
118882 57426 354
322850 900278 525
680721 855546 525
578678 464642 470
577164 51187 470
33142 502721 449
487766 150672 449
936352 594483 525
153279 71490 375
852266 973445 476
383586 194407 443
748894 783814 468
134574 76578 354
680901 650816 429
569604 573720 377
144743 626607 470
379457 424685 449
378099 164169 443
868615 17133 525
225683 556262 470
648985 577345 447
19006 117572 354
719445 425246 470
902309 454685 525
601739 214239 470
666003 527354 452
144028 13062 375
915605 582208 525
552590 196257 470
50428 495504 449
135260 224786 386
281258 644480 470
667059 631799 429
335239 412690 449
946336 309434 525
483694 414088 444
426752 422874 418
170935 211659 373
523116 418487 470
543115 149704 470
408224 208542 443
258161 500685 449
148562 521455 470
120042 663688 470
727242 607403 447
847941 707591 525
146686 815751 470
570036 63887 470
176202 221316 386
479607 69409 449
301727 403151 441
603487 683002 447
685352 426084 470
138378 266604 443
946937 540062 525
645401 966502 525
311343 705745 470
507965 697443 470
941035 133889 525
759119 451854 470
655910 231157 470
342746 28838 443
723131 947862 525
742100 212273 470
314181 316823 353
849950 821655 525
825727 846389 525
955888 600677 525
957831 550888 525
871849 918491 476
132127 570481 470
846826 905622 432
696004 475404 470
246173 18834 443
955597 155630 525
373388 582108 470
695401 500947 470
469016 619283 470
851393 988272 476
558628 697226 447
59231 708615 470
165159 503664 449
528810 938621 525
812676 735056 468
897950 985910 476
950670 39806 525
262295 904364 525
989014 800009 525
682902 144052 470
415009 395781 449
933538 996449 458
719316 339289 470
344471 556340 470
780206 679691 468
802056 252646 470
560991 138932 470
14078 372340 443
509442 632689 470
198105 977117 525
550987 960078 525
546885 661713 447
310711 563398 470
458039 828193 470
106970 647313 470
469532 791996 470
251412 51216 443
355294 107830 443
117270 140356 344
998553 107818 525
906887 220015 525
264691 73001 443
82794 234979 443
137890 107043 349
188314 742743 470
931740 386100 525
276864 690613 470
921170 254270 525
196353 504695 449
17777 872600 525
162638 651125 470
44344 744821 470
610446 325663 470
254177 107261 443
574460 672282 447
114899 915679 525
913222 63402 525
823487 582080 468
895087 710910 525
514485 643982 452
904525 445248 525
617533 536541 452
902654 764573 525
464535 857349 525
894870 395555 525
655249 574287 447
681898 166329 470
186672 208964 373
435220 442845 400
731084 734725 380
242787 639319 470
574734 563766 421
439770 516078 470
220507 635761 470
954387 727517 525
819391 394609 470
636503 633261 416
159811 667346 470
273608 722638 470
660626 209006 470
884239 38855 525
237415 548431 470
456377 534856 470
213400 824848 470
920861 377995 525
147265 61977 375
380554 281273 441
301782 520814 470
498920 236441 449
458023 591551 470
585822 952820 525
866753 291955 525
481014 243879 449
32609 342914 443
583529 200015 470
477475 778796 470
392056 358827 436
96425 121182 354
480234 845744 525
519542 553977 452
577588 788145 468
184802 84891 383
849411 768778 525
131580 480913 449
869591 761727 525
426403 568414 470
224985 218866 355
176158 246684 443
161005 730005 470
249339 736041 470
89568 760564 470
615647 1181 470
258989 836554 470
941710 321003 525
918000 472448 525
192057 496376 449
25688 518839 470
864386 534303 525
826535 456822 470
111291 761282 470
224096 338508 443
631512 670557 429
51996 442278 449
864305 280241 525
330928 991299 525
944548 613169 525
787355 706629 468
919670 249342 525
101393 173736 383
444207 112857 449
98428 439822 449
599779 627236 447
335584 573236 470
486683 849089 525
249849 746097 470
207135 905968 525
433171 697056 470
371606 123128 443
939744 582135 525
650305 66496 470
584349 967508 525
178738 574382 470
864508 712501 525
212141 692580 470
103251 772313 470
397970 376511 436
123701 553561 470
949150 427851 525
103430 912864 525
667776 168099 470
409588 252118 441
82616 107535 354
872441 487692 525
754927 242565 470
434652 727141 470
413169 651517 470
492217 98089 449
890441 333676 525
717819 337618 470
325977 822998 470
99831 781160 470
903221 470529 525
212391 822310 470
944231 581290 525
850834 193812 525
893486 729555 525
764401 388820 470
784165 440155 470
625710 523700 452
357382 587436 470
212558 202436 373
990478 780526 525
886330 613412 525
888841 724633 525
208993 912649 525
285820 122557 443
736475 787320 468
766155 6622 470
35916 260798 443
516916 253092 470
721316 792404 468
115000 21850 354
486210 587820 470
183945 437848 449
864877 372549 525
687147 378146 470
624308 670454 429
49460 830010 470
297341 447982 449
797096 428880 470
330936 827268 470
545236 798813 468
366918 131995 443
599162 957506 525
217451 61313 386
547915 285782 470
937206 278997 525
112697 521613 470
2381 507698 449
146905 537428 470
166554 857160 525
30697 912066 525
110589 785453 470
129912 82208 354
200876 224840 386
78020 852246 525
850352 254527 525
420583 358902 449
425054 70447 449
284366 349155 441
589102 162284 470
478580 690267 470
149302 556128 470
940188 307144 525
741942 302064 470
753299 738280 424
100241 626856 470
833860 944086 525
95862 808231 470
393202 850194 525
850397 614852 525
51394 643560 470
974259 665355 525
938221 866791 476
561841 396539 470
541301 940607 525
703923 570939 447
750882 273920 470
619107 808939 468
434506 763580 470
280772 559086 470
469897 925523 525
304183 670491 470
315695 222471 443
379216 872322 525
629049 646921 425
791477 520453 468
252889 901835 525
763981 671287 442
816576 539316 468
298754 457637 449
962315 485813 525
201665 190714 360
733899 248327 470
566529 566920 359
11475 823428 470
526900 18694 470
907209 995459 476
396811 360876 436
423929 164831 449
70112 809882 470
861027 154580 525
999182 491669 525
40210 497439 449
430563 947485 525
753492 756610 362
676008 780318 468
669324 590898 447
20055 101769 351
991413 337130 525
669958 83965 470
569181 546038 452
861305 660388 525
548434 156992 470
852394 573592 525
603514 891959 525
372281 840519 525
522723 358270 470
18324 212620 383
594233 927005 525
665888 150659 470
853086 668882 525
465128 696309 470
800473 276764 470
123907 272959 443
266421 377261 441
838785 312491 525
190580 765388 470
208740 142680 383
369591 476313 449
545149 797322 468
703990 301144 470
928136 192289 525
177450 823452 470
395290 788826 470
258640 291803 416
407982 842190 525
187804 879476 525
730357 270649 470
516810 212775 470
241281 189407 443
992533 629290 525
5105 602059 470
866224 473691 525
177370 815198 470
859244 107137 525
921006 519479 525
702446 376509 470
343213 834264 470
906416 485318 525
739589 94061 470
214918 361226 443
