171255 392011 443
280707 590869 470
13787 18869 279
17597 65943 340
422 87153 351
222422 352620 443
57768 737037 509
114171 330399 443
692054 881714 525
893647 923488 476
491685 960203 525
124592 159128 383
132428 212181 383
65867 997756 525
713832 860284 525
162729 893685 525
124701 389579 443
549178 759712 509
83249 715614 509
541260 921932 525
149188 285009 443
167064 633870 509
941530 947192 383
313886 716420 509
553364 829755 509
76102 520164 470
35989 386183 443
461166 710259 509
709849 930827 525
716791 989843 525
277851 704972 509
256287 568677 470
10923 397811 443
51566 394960 443
721696 981342 525
343222 625558 470
634848 866850 525
127982 397667 443
24951 996913 525
173272 486467 449
520412 747705 509
653026 770559 504
318699 396279 441
31127 979393 525
20051 547851 470
131241 678329 509
538749 555795 452
118489 302450 443
85060 840014 525
516841 586089 452
451760 664301 509
136421 776501 509
612675 638631 509
398002 778854 509
752897 806248 468
60679 116249 354
736313 889101 525
82457 705646 509
107281 431276 449
302682 563308 470
466418 956265 525
90174 566196 470
547146 641212 509
50948 417126 449
380251 956200 525
888660 999947 507
101114 140414 354
205787 748817 509
234583 966007 525
15544 31573 308
579552 988310 525
450235 662499 509
648994 679416 442
596141 991658 525
31001 171032 383
542166 944218 525
9784 761650 509
31758 562531 470
100898 434924 449
426503 947235 525
377382 871739 525
3326 398511 443
352955 641167 509
101228 361832 443
7307 807443 509
101706 987299 525
308184 489980 449
86682 396492 443
364518 460236 449
734300 872310 525
28322 716064 509
188118 238758 443
169380 328373 443
261969 847746 525
850745 929166 476
698242 959699 525
67877 763529 509
529323 917426 525
297738 423948 449
558813 791495 509
568979 984274 525
903380 929604 476
223215 657663 509
600476 647547 509
99018 386341 443
243457 611914 470
466697 519264 470
145739 758181 509
775395 907750 525
138246 145227 375
32081 762634 509
334863 777293 509
95682 949859 525
43164 742944 509
20366 723205 509
29523 768607 509
19575 529811 470
102836 985643 525
139620 202822 383
258016 259581 301
873506 995286 507
180031 851157 525
528446 883085 525
614609 867484 525
333375 808853 509
902592 973907 507
399929 473742 449
447775 972290 525
432852 441137 400
397976 452034 449
265371 297799 407
271148 600432 470
119317 436304 449
235959 387266 441
483512 948131 525
63785 757448 509
677433 951557 525
452400 747808 509
329803 497426 449
305666 924228 525
160478 996153 525
712 349743 443
4210 771126 509
45576 981136 525
654267 906200 525
615383 994734 525
437198 693430 509
491218 584959 470
528807 859840 525
389919 656790 509
985767 988666 396
475586 771340 509
490704 975374 525
442882 673210 509
43291 479630 449
177611 713310 509
89278 799570 509
344933 521508 470
612971 862611 525
455553 688803 509
57799 328376 443
903650 910420 476
227600 766055 509
442696 846543 525
184605 414821 449
719904 975848 525
655825 865258 525
511099 643222 509
96690 204773 383
458332 530800 470
271721 392336 441
676706 821016 504
218681 377190 443
331912 741208 509
406759 981539 525
388557 733482 509
235539 395197 441
148137 715206 509
427292 958083 525
649285 915228 525
51064 718906 509
562967 995619 525
13116 658228 509
471478 689843 509
708133 863726 525
49557 215438 383
113502 644003 509
271499 436819 449
62669 532984 470
219504 491997 449
241923 751496 509
509198 914560 525
789489 803307 468
37430 556729 470
463187 501827 426
782981 833466 468
245792 557299 470
568577 682337 509
587837 745814 509
84669 400234 443
286016 936295 525
376201 618744 470
561047 832577 509
431717 590828 470
51110 961458 525
819999 876015 525
176494 277518 443
525733 933491 525
137679 666034 509
728261 882109 525
35686 926235 525
740708 943814 525
460517 492743 444
128229 287221 443
750608 856683 525
255029 830682 509
118035 723583 509
38659 51876 314
452397 662313 509
467360 912018 525
765016 947983 525
816913 958616 525
27059 165365 383
195851 984879 525
125066 950397 525
81015 808942 509
43137 856073 525
12296 665659 509
135324 957149 525
201411 902458 525
196097 527587 470
388055 602670 470
621699 941318 525
384315 452873 449
24253 500017 449
962565 976061 458
415009 837270 509
198322 947908 525
676847 774912 504
916199 939812 507
138964 577200 470
157356 228628 386
230267 326914 443
14077 662956 509
628923 979001 525
509563 540894 470
131459 805625 509
390966 875690 525
695952 806484 504
493166 752874 509
62505 938945 525
56084 381187 443
284592 756740 509
20402 793933 509
254844 683921 509
49075 979367 525
270908 527268 470
186215 325773 443
328470 696792 509
502266 623072 470
616967 911194 525
30056 520114 470
157137 971311 525
355741 609504 470
11857 448231 449
105087 142713 375
545968 912086 525
62714 265222 443
407517 775344 509
435174 680756 509
289461 779848 509
319631 806484 509
555691 994677 525
493574 701907 509
552214 752458 509
363417 526436 470
1843 72283 340
77253 295884 443
760360 895169 525
117509 875100 525
204848 748664 509
375066 945933 525
221952 518668 470
293729 958047 525
17487 900714 525
209664 279780 443
135934 269262 443
128369 965286 525
267912 399687 441
284092 872483 525
454901 576410 470
241999 804304 509
372715 424556 449
62666 750647 509
812018 926402 525
301698 428818 449
132018 488993 449
541187 771717 509
58669 612031 470
363108 769368 509
509296 568338 470
305575 739414 509
84949 550422 470
4864 53394 340
73370 837843 525
503484 898406 525
2895 419328 449
508471 889960 525
56487 713424 509
167462 240025 443
965784 975248 458
564704 679837 509
449111 879082 525
392547 420784 449
78995 306418 443
126440 337724 443
717955 811853 468
462835 638399 509
681995 916400 525
237883 819575 509
329643 671361 509
201598 328215 443
104458 802965 509
301624 907402 525
218021 615547 470
575027 899210 525
344879 828755 509
175139 812981 509
223123 265467 443
125098 873985 525
420899 538265 470
34010 36382 324
52929 355104 443
16598 734141 509
348895 550859 470
166737 220013 386
545088 959612 525
21669 149250 375
30997 65586 340
367187 585876 470
170168 614705 470
235929 682633 509
517097 784062 509
150085 257862 443
355296 429016 449
149523 645480 509
461085 765654 509
717230 791717 468
799474 885660 525
145018 901229 525
170452 309770 443
834684 858025 525
253549 939024 525
90800 844627 525
606175 944364 525
19936 110334 354
313068 761420 509
678224 842400 525
468305 842640 525
28893 761894 509
12450 753811 509
78053 572933 470
298843 799536 509
786985 889803 525
486373 863649 525
292596 484186 449
398580 967070 525
143738 800533 509
508452 818770 509
512048 650687 509
239907 241154 368
538399 634512 509
707818 818802 468
520251 715600 509
7539 508394 449
22108 397547 443
200005 537233 470
33659 294519 443
12843 690798 509
61075 439893 449
647620 683502 442
344556 373568 441
243099 728166 509
710531 756651 424
253673 920428 525
115813 192253 383
643741 727968 504
29496 788523 509
97911 346602 443
237809 492288 449
253327 411682 449
39834 559153 470
486015 858475 525
778495 894702 525
165350 946092 525
507507 770121 509
22578 421880 449
714 453149 449
290725 985139 525
187377 599028 470
304368 855588 525
636402 829127 504
397714 596433 470
19748 684724 509
179544 448740 449
260588 316882 407
169051 525133 470
139570 239781 443
38570 45920 314
613737 812582 509
627240 744102 504
44077 239669 443
852438 934766 476
133329 803871 509
379351 686833 509
267378 507185 449
156661 593297 470
63461 639616 509
283273 913055 525
458589 669660 509
29785 643432 509
385438 995030 525
363728 401432 436
393185 642232 509
628887 847367 525
312535 627669 509
77828 311369 443
389903 667160 509
762675 867529 525
6402 235451 443
259654 886959 525
68326 625333 470
130535 677195 509
360763 938856 525
407539 573503 470
692547 991594 525
137203 338202 443
228847 502735 449
108331 649619 509
555999 860266 525
115425 129701 349
462087 797053 509
184939 341371 443
124340 996862 525
550893 713822 509
213226 436996 449
566573 615433 447
483315 738171 509
219035 992829 525
289218 830382 509
547538 938888 525
660675 871289 525
272330 710326 509
449893 827215 509
335995 811821 509
241841 638521 509
305386 882656 525
29363 281046 443
123241 158721 383
103500 887523 525
439100 692986 509
149562 711589 509
426621 679044 509
404362 761582 509
279879 736312 509
65806 643204 509
30228 961955 525
508677 807557 509
216946 391447 443
97951 177744 383
255010 769572 509
431225 568467 470
414147 737806 509
877826 915832 476
357327 938779 525
151365 356221 443
100323 677982 509
645394 922900 525
26423 644954 509
84508 825527 509
197311 890603 525
21959 884459 525
176751 690849 509
315715 542582 470
688508 882327 525
662331 796281 504
97454 951180 525
348349 684295 509
210438 829908 509
97955 841091 525
407109 412598 449
155767 556971 470
371854 471733 449
593374 865854 525
427604 998615 525
444315 596652 470
201163 734079 509
241728 300962 407
688546 945957 525
372449 755759 509
198306 636003 509
98211 610401 470
742112 925220 525
409847 545990 470
488369 859037 525
201866 371833 443
537970 560603 452
21176 651118 509
340770 439645 449
559981 860143 525
32154 469588 449
54152 836880 509
103027 636546 509
67586 572140 470
483575 705854 509
634780 660547 429
216067 571433 470
407516 514841 470
67206 634701 509
290194 622945 470
82710 900584 525
17600 456273 449
768705 846780 525
289751 755292 509
620392 830381 509
342367 747075 509
315216 432678 449
79111 306649 443
93810 136989 354
432043 810533 509
643504 665184 429
25328 493671 449
527778 782189 509
871258 955274 507
290265 540090 470
218284 964372 525
274894 486997 449
187296 772869 509
784686 844221 525
273348 832530 509
448131 641982 509
780853 980741 525
18174 24150 282
178104 389647 443
617625 693731 509
764029 993654 525
272958 857638 525
87655 576573 470
197582 622195 470
344787 791738 509
411743 816217 509
568742 893243 525
28083 374954 443
562874 756334 509
138050 400075 443
254775 374147 441
489724 614577 470
254903 399200 441
922308 930425 476
221824 441280 449
910994 949222 507
21652 890141 525
798846 860873 525
364467 487159 449
262216 563767 470
15217 535865 470
314123 575502 470
177629 559953 470
782555 846056 525
53432 624148 470
375140 407774 436
116655 587425 470
67545 215346 383
29544 81275 351
148727 704706 509
336324 963551 525
114055 187122 383
193515 727284 509
921761 950576 507
52783 956648 525
225116 327783 443
588836 696032 509
650393 942691 525
510550 749753 509
772809 775270 437
171768 467504 449
82896 570131 470
68280 244967 443
104317 429330 449
86915 463243 449
214091 891172 525
492482 573733 470
487885 979499 525
171253 748615 509
303021 655832 509
601854 693263 509
120153 687366 509
347863 798449 509
761978 958353 525
158937 430045 449
648739 758507 504
337812 587397 470
151418 246009 443
408672 677828 509
294781 736116 509
790080 977197 525
260343 990225 525
480843 739200 509
336368 898179 525
511695 767203 509
60279 571724 470
31365 529311 470
285837 724316 509
80123 594689 470
279280 491126 449
96426 295136 443
85986 634619 509
599683 658656 509
745754 958921 525
301849 997753 525
335473 829380 509
64111 660244 509
272816 943960 525
166111 262166 443
561933 631318 509
83945 193034 383
855659 958255 507
285527 889758 525
597990 927072 525
523250 923669 525
212696 621155 470
254982 451510 449
179729 517178 470
539921 861773 525
46425 903072 525
435131 700632 509
289532 871072 525
593624 981019 525
138942 790975 509
745891 789018 468
639525 745302 504
119838 981588 525
553565 616027 447
141289 191958 383
663876 704785 504
327727 495106 449
138112 805960 509
294302 955112 525
680673 933665 525
266709 488104 449
583829 826105 509
695670 843619 525
100344 325172 443
166727 611059 470
29469 69015 340
749687 773250 468
671003 737119 504
238020 761273 509
701506 868514 525
153414 802276 509
208186 675535 509
232960 299203 407
908629 910288 476
832686 859580 525
134751 790682 509
647206 738926 504
676170 849961 525
162403 784935 509
345174 544736 470
324259 512160 470
345808 872698 525
460640 482376 444
364096 741717 509
356116 632072 509
128031 766022 509
647430 961114 525
44788 768311 509
5296 62739 340
109229 377746 443
205375 613612 470
17715 71631 340
219315 849077 525
265552 527709 470
214127 966135 525
657536 779474 504
91086 601759 470
13980 212325 383
75620 390307 443
99116 804886 509
164970 477105 449
176270 345041 443
241547 412855 449
56087 881379 525
193660 942743 525
187509 429556 449
233476 532376 470
540927 752758 509
159105 206753 370
204188 621522 470
706158 979028 525
160704 803728 509
52061 766824 509
395601 841236 525
596260 958926 525
357294 957752 525
708340 941388 525
108248 970032 525
369578 472660 449
159374 632204 509
123219 700303 509
66277 953355 525
143857 146540 326
242527 785300 509
563748 578059 421
177559 472538 449
27200 856025 525
9685 450570 449
326968 866153 525
30349 687171 509
43937 781758 509
46823 978601 525
122395 608405 470
93726 571495 470
299648 717030 509
499494 622129 470
679423 912575 525
209976 637814 509
85244 617547 470
328187 955119 525
572068 907809 525
285302 940618 525
278650 467618 449
820586 887261 525
609538 895972 525
531597 873619 525
22816 889993 525
154974 858549 525
397110 580651 470
291767 568006 470
5312 317701 443
577161 665129 509
327144 456848 449
377292 937431 525
183189 499059 449
406433 999824 525
428928 773724 509
555765 612138 434
413891 864854 525
531 786742 509
352540 598318 470
251413 604805 470
258765 298281 407
327359 858005 525
683098 694187 442
760024 928666 525
148188 342889 443
625627 958233 525
651462 781882 504
830529 946106 525
616577 732732 509
444653 633395 509
306004 595557 470
6544 188030 383
643264 776756 504
321802 395506 441
216836 227791 368
45141 903635 525
536724 554759 452
292835 768609 509
47369 198897 383
37809 753324 509
375988 702247 509
623434 725249 509
631732 790272 504
95702 570274 470
280241 632440 509
259983 567952 470
230330 913410 525
653791 870253 525
744192 927938 525
106796 744302 509
70308 477194 449
170847 313928 443
570449 627108 509
640542 882589 525
481274 580898 470
827633 934744 525
78306 140242 354
518401 899226 525
156614 916368 525
246103 535876 470
350426 654592 509
22193 589594 470
81963 150169 375
134450 885745 525
343933 877814 525
359532 927942 525
191756 368336 443
506332 554664 470
43250 245610 443
147876 563526 470
269674 393634 441
744032 752560 393
618988 739913 509
891554 989580 507
318364 387450 441
116677 684667 509
113251 467012 449
233190 534532 470
141676 736652 509
162743 240135 443
78964 344008 443
250008 267868 407
360357 457633 449
215709 440103 449
40991 991688 525
473779 665781 509
350695 895809 525
369144 883623 525
241242 276493 407
251889 791582 509
358707 656075 509
63301 215006 383
737429 833730 468
565662 605120 434
324678 389086 441
401284 733519 509
418925 912883 525
319554 944088 525
270599 362269 441
433698 763505 509
371991 372462 317
611040 890114 525
178105 796098 509
126062 918122 525
420806 957276 525
77283 764336 509
158275 841450 525
685817 972964 525
148117 556821 470
157430 967764 525
31208 661217 509
779609 787318 375
825415 934133 525
777760 968501 525
348937 866334 525
155931 173117 383
532615 933416 525
664820 842945 525
454675 561674 470
136531 250611 443
134245 847938 525
108871 807852 509
338752 953508 525
280827 868091 525
521826 897512 525
60262 340471 443
286166 626413 509
447425 534891 470
511137 660799 509
290726 363734 441
92096 683064 509
368215 535970 470
250057 601453 470
53270 165770 383
64877 886871 525
368570 766207 509
120336 961387 525
150714 346978 443
119798 697671 509
32476 364971 443
71782 390547 443
309300 325716 384
368025 890280 525
584804 888963 525
136942 274108 443
275011 551535 470
474447 552347 470
82041 926870 525
116870 357424 443
746607 955900 525
307804 402170 441
89430 430205 449
74599 143441 375
687551 963952 525
497441 800887 509
695463 964544 525
552869 614210 434
380591 615161 470
154129 683649 509
219572 677902 509
369832 603390 470
29721 791113 509
13057 470541 449
64147 446959 449
49850 898270 525
390014 907176 525
336245 395441 441
78125 701503 509
10593 630711 509
328178 739314 509
289538 747985 509
282259 330768 389
726889 824450 468
269770 588032 470
417997 438918 418
251807 690001 509
859340 896598 445
460695 460911 276
27203 891849 525
173262 512388 470
179465 949021 525
46753 395805 443
130619 469478 449
484771 842047 525
135369 734945 509
259199 686765 509
481011 976190 525
221821 394786 443
463779 875348 525
41853 428418 449
58005 183972 383
74222 296288 443
432830 732202 509
243123 814742 509
492942 674421 509
343344 420334 449
412529 658755 509
38137 313151 443
453208 572441 470
108939 258841 443
498047 827988 509
423366 762744 509
742045 888151 525
172420 552508 470
44520 263468 443
468910 583356 470
233636 713304 509
361959 718965 509
57444 369959 443
12089 576308 470
106012 992726 525
141834 327750 443
446750 866266 525
417353 420295 343
209468 270748 443
807464 859362 525
268551 468206 449
518706 897687 525
138671 978769 525
227214 911908 525
30686 457416 449
20276 493799 449
624060 931391 525
63388 484805 449
421791 846020 525
178066 597004 470
283688 514861 470
149035 223930 386
752741 765240 424
422854 609678 470
260509 830614 509
810019 998036 525
352138 727957 509
34075 910134 525
694878 777634 504
154494 866438 525
22042 964229 525
143313 349176 443
119083 842694 525
443390 671308 509
119191 283697 443
816399 946394 525
201356 265344 443
406381 571678 470
455318 920747 525
523979 809807 509
153614 299067 443
749919 923439 525
535995 572045 452
630802 904449 525
754681 850339 525
423729 990106 525
136997 604761 470
627662 762043 504
120592 951680 525
466952 906175 525
68246 607167 470
783167 957903 525
464555 928161 525
399204 631311 509
407761 683337 509
63434 370866 443
83646 438799 449
221348 829115 509
584519 852626 525
721273 789645 468
450569 740654 509
468482 945285 525
34119 548706 470
