534675 238609 470
284041 392044 441
7655 462524 449
943552 323765 525
869543 701273 525
775029 360234 470
550184 78346 470
852840 278927 525
434731 787149 470
518271 808962 468
247059 732986 470
708300 444193 470
937972 708609 525
28156 379888 443
539291 686426 452
365729 20074 443
457407 438910 387
628583 219468 470
953879 399131 525
456114 417153 418
106577 982273 525
221508 424570 449
560197 889782 525
539396 99492 470
355492 806580 470
438378 736762 470
82065 530270 470
822555 366402 470
815674 539114 468
39686 702626 470
235064 729917 470
770734 897284 525
942479 357978 525
39908 602769 470
501497 317262 449
659954 711986 442
765649 705960 424
732111 207353 470
954019 749108 525
314854 639852 470
395702 428666 449
384297 387258 348
154296 710334 470
78375 418120 449
893459 626793 525
701332 48891 470
226489 460610 449
665303 30645 470
917604 568157 525
474284 138284 449
477476 516815 470
176218 128246 383
689602 177989 470
566746 273952 470
380246 736136 470
675004 906630 525
544302 945905 525
285333 417457 449
926242 810270 525
231826 276924 407
469105 64483 449
866614 240431 525
330827 971767 525
513673 523466 439
266612 792352 470
397004 726693 470
26794 829608 470
536552 114103 470
767834 514824 452
840864 730290 525
965200 711870 525
715636 395552 470
648226 487587 470
896924 292984 525
828961 921923 525
57291 632263 470
92284 827894 470
875662 266683 525
154540 752041 470
332752 666975 470
463745 446287 444
364292 787789 470
819391 992864 525
584520 909843 525
694407 809968 468
364613 895641 525
422075 381977 449
685475 300554 470
353051 856187 525
742954 64597 470
313540 316381 340
265113 309970 389
456347 764212 470
626351 768839 468
539367 857245 525
335156 493035 449
420305 356324 449
829852 22911 470
740788 330374 470
35525 166295 383
944173 667549 525
502998 37752 449
26412 933022 525
49930 747285 470
299691 216480 443
444549 571370 470
217634 410896 449
757587 940636 525
474557 834367 470
134327 508537 449
346077 80713 443
958325 700952 525
950718 102407 525
249792 976929 525
209461 287153 443
911472 695515 525
894588 503487 525
830882 112541 470
403967 8190 443
905133 76870 525
392265 405708 405
516071 964831 525
288710 151975 443
935135 573291 525
228648 452317 449
775354 460306 470
533430 634724 452
646519 434914 470
274518 525020 470
649733 622930 416
28634 281585 443
355732 784683 470
282147 533283 470
649193 4220 470
374700 496237 449
582131 656174 447
589276 328343 470
421336 103745 449
958304 143587 525
566158 278522 470
215721 879194 525
641490 760874 442
878492 5065 525
892671 500141 525
767837 660168 442
971075 829455 525
958053 718953 525
398997 556174 470
58429 112344 354
530557 327516 470
760714 997603 525
211160 132494 383
440260 738264 470
660757 37724 470
717232 726788 411
598517 602084 403
31258 268796 443
666306 21493 470
958036 834250 525
946369 118437 525
972611 506666 525
95707 354633 443
786571 359954 470
66809 557616 470
758480 679158 442
496939 760508 470
174685 936993 525
274874 433256 449
716591 318079 470
809461 367195 470
26565 711961 470
993807 943053 458
361639 682904 470
889425 390620 525
227832 345994 443
319880 881588 525
729174 666055 442
249689 66663 443
274422 335804 389
843722 462386 525
296144 69150 443
282102 829576 470
777221 891407 525
713208 612950 447
403562 273472 441
532568 588267 452
747795 732290 424
10977 247696 443
646423 10512 470
151386 994326 525
709489 910982 525
887440 224898 525
944145 418110 525
598525 700342 447
850720 88041 525
114718 275594 443
705874 189618 470
521322 706724 452
876907 266206 525
948579 925553 476
508601 366679 449
674741 693120 442
214125 831384 470
394298 35133 443
157390 368900 443
977712 728421 525
779689 498940 470
812116 924850 525
362018 734010 470
950335 27028 525
574205 35986 470
446934 833624 470
362609 275471 441
367851 45756 443
69812 77365 351
918592 104836 525
774132 16775 470
334452 405351 441
10780 852907 525
530030 504351 470
431305 231228 449
546388 322414 470
567642 124129 470
267840 646822 470
340966 478640 449
628872 92854 470
235283 777344 470
266040 388931 441
942792 812400 525
975872 4584 525
301773 997641 525
719230 376082 470
33524 799174 470
61296 507905 449
846272 381838 525
142980 154920 370
523486 212470 470
178805 206613 365
334486 737996 470
687577 303702 470
372753 72034 443
101688 43374 351
685854 263148 470
420871 859897 525
563924 563350 284
639465 814146 468
490732 858194 525
365109 696948 470
569537 70193 470
780926 912046 525
611894 444804 470
136882 14075 354
943752 786921 525
579794 128421 470
172525 401126 443
931806 886105 476
271444 238565 407
515616 619951 452
706539 250216 470
409591 524 443
677775 631396 429
684544 777090 468
407146 881763 525
928611 327290 525
402889 909151 525
570996 503642 470
506365 251018 449
838184 320232 525
739087 611501 447
18799 442584 449
587732 528177 452
903240 742617 525
315610 741601 470
846300 836372 525
426079 812443 470
330575 402151 441
187216 777016 470
306802 824944 470
446183 526004 470
36029 566932 470
180556 780979 470
560640 522865 452
494961 954292 525
104100 70641 351
204277 829823 470
513091 827403 468
382693 208978 443
912808 86239 525
606465 762195 447
213763 401648 443
860237 206836 525
616027 225907 470
850991 519316 525
922549 619495 525
131913 822015 470
328052 159354 443
68418 882808 525
455936 691613 470
740035 777228 468
424543 901596 525
466470 326979 449
420824 661050 470
764329 340364 470
377499 179161 443
318851 643835 470
72615 263285 443
155225 744198 470
18826 702622 470
396398 943095 525
436621 267872 449
104408 870230 525
425980 345423 449
783415 137990 470
201475 451102 449
834874 314926 470
780122 642866 468
589533 218176 470
592919 618686 447
210979 404259 443
255926 196522 443
977470 544004 525
561660 854325 525
911059 224686 525
349211 765271 470
360044 30477 443
268545 82711 443
219951 283402 443
418354 71835 449
685671 91345 470
230646 789291 470
456425 264846 449
717210 382824 470
999659 842955 476
83675 594767 470
656321 790239 468
997903 472755 525
641106 883429 525
815962 323320 470
835771 707914 468
827850 603294 468
775525 830485 468
720967 76739 470
901750 323849 525
450010 645588 470
922594 514655 525
864100 993938 476
904375 759701 525
218213 830833 470
329012 106758 443
372301 238456 441
689376 968143 525
766078 37223 470
27999 564885 470
914142 169918 525
640681 196709 470
94336 176474 383
249002 952547 525
985045 957748 458
223426 829325 470
750601 97533 470
825730 980041 525
920952 677327 525
466291 467206 369
794960 804484 468
377995 686456 470
677943 528884 452
387678 571763 470
864489 907789 432
151559 811633 470
423785 275952 449
731201 552125 447
91409 707520 470
607260 579819 434
357937 162706 443
622235 136386 470
369507 261453 441
870840 694770 525
83759 416966 449
832125 680420 468
590565 269201 470
696420 653706 442
99906 679337 470
300285 361424 441
269959 640817 470
565458 380051 470
183362 845673 525
638936 626729 416
241130 525942 470
966344 528593 525
32299 845049 525
5960 252740 443
17480 644145 470
512613 914941 525
303515 864656 525
646767 249697 470
618084 83762 470
471675 660651 470
296281 403300 441
456047 287858 449
371601 693142 470
815298 173664 470
987517 252917 525
858950 544446 525
580818 135508 470
936559 426333 525
580602 932506 525
743310 742680 318
129208 316187 443
988728 801854 525
608971 17968 470
812239 642355 468
689924 141409 470
929933 873568 476
378077 673325 470
488696 566504 470
448203 379587 449
161314 313761 443
301180 715712 470
842452 157867 525
751456 615533 442
721364 777383 468
506609 44096 449
245036 708583 470
931596 86914 525
97765 530788 470
556141 58363 470
821675 925081 525
545834 351976 470
810772 312140 470
477259 153131 449
172372 304707 443
274871 905040 525
925090 499430 525
704423 790469 468
463937 572944 470
881886 526201 525
751594 667113 442
600802 580480 434
107079 257451 443
186526 798410 470
558661 727573 447
176088 220713 386
980752 440290 525
170029 468994 449
299579 548793 470
505875 333451 449
231561 341347 407
198305 618870 470
337347 756750 470
637085 931516 525
495690 292742 449
717861 21015 470
548591 759185 447
285605 739466 470
938865 733148 525
750500 727690 424
405262 513911 470
588601 893075 525
900160 119831 525
938007 118028 525
140615 100280 354
478124 345296 449
823161 764806 468
304584 450892 449
138338 593445 470
213650 332933 443
438524 808338 470
72381 139185 354
833490 47127 470
528638 849725 525
679438 541477 452
315973 977651 525
739029 789904 468
816558 700209 468
75048 903244 525
506694 380836 449
608386 125112 470
244530 588198 470
756175 941249 525
976083 701821 525
409413 85724 443
853134 23490 525
357846 303303 441
228702 789433 470
42032 7680 324
394422 147283 443
735161 716135 411
859856 789453 525
330961 844936 525
85655 386648 443
396425 525236 470
209292 582060 470
707640 521697 452
288027 989683 525
310314 204916 443
480109 199595 449
483908 535173 470
902922 566764 525
736474 552131 447
385011 346139 423
990741 361435 525
957402 508548 525
335473 804170 470
851803 562987 525
846506 601746 525
353211 462849 449
255506 505571 449
995859 646143 525
185865 413493 449
904390 365862 525
950522 198079 525
852410 447187 525
879933 865132 432
448476 288025 449
120851 811024 470
168090 763783 470
799988 568573 468
570552 363831 470
56145 760493 470
794183 821595 468
470034 816093 470
313916 720658 470
129672 319495 443
995688 795456 525
805410 114344 470
712262 738609 424
920150 780135 525
599506 612190 403
637342 511230 470
325471 965113 525
398269 878626 525
426397 444795 400
393216 849127 525
791327 714285 468
141149 779155 470
110615 811854 470
347883 523365 470
63804 169803 383
68593 372447 443
653665 850528 525
294378 408213 441
185048 286782 443
678214 400526 470
533001 378258 470
934178 87680 525
941833 826753 525
843585 108322 525
515881 403374 470
434235 824155 470
862211 936440 476
15245 20105 279
495132 757081 470
300212 602101 470
29265 798659 470
727616 151358 470
312944 813088 470
963849 887312 476
616702 618658 372
4437 156582 383
79289 151132 375
913439 759846 525
598616 881785 525
785000 679560 468
750500 607763 447
313058 407686 441
644890 221413 470
97089 166601 383
289985 499713 449
127634 627526 470
981684 917472 476
403519 346738 436
115226 959541 525
917406 606577 525
887256 183432 525
489256 906611 525
747744 995858 525
704400 736597 424
357237 954794 525
180487 72654 383
896465 550848 525
588140 225861 470
960731 269461 525
343279 503511 449
921150 711388 525
674443 867041 525
772816 967672 525
427011 474037 444
430249 895232 525
205880 637510 470
493271 951476 525
638698 816534 468
814749 886468 525
972175 895446 476
615514 381481 470
917253 374075 525
189131 44069 383
845224 132771 525
447957 480896 444
394123 509384 449
330382 364193 441
663322 439219 470
712243 336861 470
890162 827781 525
814120 743764 468
311661 229763 443
648185 174921 470
435470 613052 470
221307 295266 443
30022 328307 443
116191 496573 449
570743 251315 470
652480 370962 470
288490 8009 443
670995 600325 447
645805 112668 470
820901 747421 468
680397 420502 470
359397 83866 443
364107 971301 525
688040 350221 470
491800 542658 470
722519 707098 411
337569 776819 470
422494 241428 449
505393 277269 449
844599 534974 525
440486 309033 449
978094 961961 458
862473 766879 525
357348 395636 436
687764 557426 447
273629 688260 470
654321 588797 447
531847 750901 452
60219 383113 443
89975 489340 449
171164 522410 470
155190 128968 375
985858 147960 525
924118 405839 525
531859 7286 470
377995 945681 525
444282 711059 470
921326 941423 476
838460 331855 525
309756 811195 470
31209 363472 443
222513 544957 470
981222 281688 525
602378 585788 403
717318 20873 470
922791 163849 525
970163 256842 525
327295 442193 449
190199 35178 383
620452 329483 470
939613 605433 525
18667 398143 443
569797 460075 470
769718 871234 525
762360 317379 470
465703 56911 449
189155 890213 525
309550 71300 443
8928 953309 525
115586 368750 443
763306 594452 447
587821 546722 434
182043 732834 470
210735 449348 449
139370 986536 525
154633 5508 375
116388 446700 449
8886 651634 470
993387 954718 458
655610 571210 447
521291 68785 470
900015 519517 525
896719 246314 525
214501 926831 525
219794 593790 470
829481 807651 450
982274 20935 525
445652 565619 470
486390 474866 382
225743 55601 386
919427 259849 525
699320 973622 525
905542 402227 525
760575 788091 468
706881 11461 470
884844 69601 525
535490 19417 470
82659 237342 443
749352 612994 447
292780 423827 449
605046 87660 470
643541 876954 525
882593 330247 525
53235 663260 470
595085 725602 447
742667 413218 470
376454 713643 470
488216 164485 449
488358 182176 449
170287 407522 443
678590 542925 452
574284 859071 525
600420 771539 468
150634 779897 470
249624 752150 470
82291 944420 525
37234 586562 470
612076 803855 468
743304 654135 442
194868 794002 470
228585 177720 386
873926 150502 525
926769 926008 370
505223 355064 449
788497 383262 470
896228 873949 432
750417 643359 442
929837 486130 525
356501 917603 525
220921 368797 443
970187 786094 525
344535 730441 470
342368 463111 449
551758 223807 470
241683 146461 443
117750 186654 383
440429 965903 525
984009 80742 525
577795 44062 470
491568 51070 449
227295 732039 470
351213 361092 379
282155 20222 443
692136 592887 447
298169 755101 470
180746 785968 470
849658 937602 476
53340 833110 470
628395 255208 470
239890 107965 443
562224 746091 447
93105 956029 525
631839 362604 470
309637 61289 443
714801 652523 442
933858 378270 525
451450 611351 470
450638 684334 470
924700 176930 525
756505 905175 525
939576 376121 525
880953 806 525
21746 448856 449
655652 77451 470
163174 742751 470
883399 66750 525
470630 133297 449
589820 152502 470
297559 860161 525
381120 705003 470
844267 272682 525
522642 83061 470
240883 701267 470
810853 173834 470
9019 259747 443
869927 430074 525
76212 885086 525
976801 485113 525
613454 656913 447
228593 706479 470
683501 865737 525
750040 484422 470
372996 22640 443
412054 408018 449
179794 247196 443
786453 963338 525
386398 121321 443
130810 63895 354
206819 809767 470
549514 986349 525
34176 237651 443
642156 982482 525
201058 243503 443
536194 250791 470
370456 58170 443
698275 936224 525
144380 835092 470
596299 431357 470
543489 960543 525
166131 784445 470
5672 42777 324
955836 915940 476
323219 324967 384
116622 496019 449
183554 104902 383
520317 686857 452
824182 112735 470
561741 912072 525
973939 249318 525
741074 657064 442
159621 536244 470
517124 131724 470
38254 362925 443
316916 116173 443
314759 856221 525
351008 803016 470
438606 765772 470
70203 686291 470
396296 610338 470
242361 339309 407
982980 53679 525
678250 875802 525
795559 182295 470
404614 301419 441
523912 142886 470
580480 940703 525
970749 263822 525
487879 605808 470
967295 218349 525
294918 715767 470
203271 546955 470
468693 555366 470
596762 144073 470
965685 692338 525
859719 873531 432
406635 288077 441
290052 496701 449
666882 782801 468
861542 521267 525
16771 425979 449
189762 235765 443
39184 565447 470
820692 687908 468
539106 659722 452
644752 414993 470
13569 89289 351
233139 354343 441
130102 28784 354
10063 841129 525
435048 401947 449
321449 227592 443
520713 414514 470
13087 741169 470
271269 308768 389
911781 269560 525
414811 919764 525
966792 954861 414
270735 834730 470
5711 564298 470
830530 540316 468
536464 155364 470
924312 760674 525
971379 507674 525
162071 745032 470
158602 446171 449
523186 330633 470
721490 916859 525
427656 145392 449
416750 246042 449
393324 735245 470
937434 584442 525
469118 891565 525
447828 587903 470
594837 612152 403
923872 805587 525
524907 562632 452
191158 759085 470
266201 950580 525
484679 384349 449
67740 711139 470
730848 334556 470
36772 215293 383
180804 186558 334
163913 70011 383
763670 367765 470
262949 851333 525
375142 324275 441
210575 926364 525
168961 223835 386
811702 958483 525
678095 846621 525
85937 639720 470
937593 340316 525
434878 822516 470
593558 481019 470
574977 838978 525
418122 31811 449
772556 314712 470
98167 573024 470
24508 693260 470
268835 956890 525
202343 55160 383
749442 128005 470
719976 760726 424
417135 439871 418
202640 334632 443
533067 697705 452
408057 177298 443
39364 558104 470
242015 581148 470
362742 836665 470
384174 695678 470
865275 536621 525
894794 615156 525
68596 502718 449
526018 385787 470
348574 79835 443
339063 97187 443
523952 635565 452
490468 370830 449
168657 542403 470
811113 824119 450
619931 907766 525
368438 172160 443
939738 918836 476
28042 773814 470
292232 421629 449
877932 785338 525
59556 955894 525
677686 978147 525
429510 853691 525
88751 292478 443
457893 464695 444
827447 705361 468
604105 4116 470
132770 102836 354
138042 747976 470
716484 353703 470
643504 721931 442
337072 160843 443
145231 342270 443
662040 413589 470
377457 538309 470
503564 178574 449
870723 194120 525
953218 711654 525
994485 817644 525
206137 726741 470
73894 926174 525
371360 8749 443
183951 950801 525
162954 155991 383
394387 495162 449
934860 458533 525
224647 692095 470
6247 550992 470
576423 770021 468
686822 22944 470
681324 850015 525
187612 836383 470
901491 884848 401
755184 588354 447
395265 558274 470
667401 39252 470
253186 392212 441
211560 259949 443
343323 361621 441
991034 709155 525
483833 941407 525
74588 524091 470
925382 603862 525
321102 841427 525
519039 560074 452
540601 354382 470
557792 415330 470
954586 570251 525
943203 377209 525
563012 199625 470
4954 836022 470
125613 286415 443
464767 69551 449
666047 671726 367
730753 672505 442
432053 951921 525
400429 961896 525
244460 946126 525
340199 744388 470
809967 445273 470
87737 304992 443
740315 886550 525
634310 834298 468
390514 728927 470
786521 853855 525
469996 447715 444
952125 116969 525
824755 317091 470
439425 762928 470
491607 469621 382
656067 561013 447
918818 461396 525
920152 105022 525
708951 806418 468
520967 392273 470
129124 512181 470
