1 10 20
100 200 125
201 210 89
900 1000 174
999999 999999 259
1 1 1
5 5 6
1000 1000 112
1 999999 525
999999 1 525
10 1 20
999999 999998 259
330989 611092 470
396414 388949 436
868300 929139 476
274431 702201 509
402308 568242 470
991177 471820 525
873236 866700 432
981774 891878 507
745599 180981 509
250507 168213 443
224954 130513 386
5518 29296 308
212272 288163 443
707267 334562 509
273918 735276 509
390768 119111 443
346368 301386 441
508059 728872 509
230525 296694 443
945277 147037 525
864936 936455 476
133061 252377 443
803155 114836 509
144255 62959 375
810020 908965 525
231172 34975 443
39479 236689 443
64270 765954 509
39056 285741 443
100516 827177 509
21017 5488 279
946287 881588 507
306873 454347 449
610461 51602 470
751040 69943 509
198638 130181 383
6398 845903 525
382557 323757 441
960738 41017 525
386716 284963 441
949981 132092 525
319937 503664 449
882984 384206 525
269618 922040 525
184151 884338 525
263422 205167 443
404030 209710 443
600960 710903 509
178261 725625 509
276709 443505 449
795567 475347 509
87891 801965 509
835454 984651 525
639926 310397 509
25668 540846 470
595359 489854 470
672937 915296 525
993517 70127 525
813706 777340 468
992166 997857 440
661678 769792 504
717228 65708 509
493706 318188 449
290815 671966 509
43813 567524 470
629676 839380 525
557075 717566 509
155550 392529 443
216422 795475 509
702925 242090 509
850526 298284 525
731943 523463 509
727784 239665 509
107794 541491 470
531209 614164 452
53553 192887 383
383957 770780 509
772799 877662 525
88969 63614 351
63834 132781 354
145342 207714 383
486365 216621 449
439484 641914 509
609149 655905 509
951594 826278 525
897994 802120 525
638767 144142 509
839787 366551 525
898011 947581 507
422246 429220 418
75950 475798 449
622107 459906 470
246579 909110 525
851773 849751 357
486928 915606 525
496736 146475 449
637524 983101 525
363095 77008 443
139220 972244 525
732912 605018 509
312727 145112 443
921342 465698 525
803457 275335 509
346454 701468 509
737120 768699 468
130689 813069 509
758702 267000 509
272976 5281 443
690314 638953 442
369236 177242 443
554559 865971 525
323716 706287 509
363277 686811 509
783294 16702 509
173260 30411 383
621719 191 470
689726 57267 509
465889 493184 426
332601 812342 509
708856 69721 509
581041 839544 525
882789 339743 525
620748 669969 509
859227 311062 525
308922 742667 509
2509 377685 443
608639 326224 470
598176 486120 470
527239 381470 470
502821 214703 449
926085 638745 525
214894 130016 383
210216 680782 509
137404 542816 470
7329 846260 525
126741 588369 470
200009 523734 470
442317 820757 509
707908 815748 468
646023 531034 509
558416 648531 509
908719 681259 525
488960 506895 426
681583 16199 509
402570 698609 509
230902 842859 525
337354 445795 449
972874 61774 525
640781 110279 509
604589 648109 509
470743 245534 449
750682 670751 504
769267 707203 468
5713 477175 449
37157 651736 509
8210 109777 354
814471 431133 509
791035 303431 509
452232 986822 525
319630 369006 441
685431 64736 509
211865 536989 470
24735 698944 509
598762 665515 509
323427 717555 509
827828 794169 468
963088 92715 525
464920 732356 509
799918 470633 509
723735 837074 468
636573 246149 509
461055 451044 369
677281 766294 504
754475 129514 509
753116 588309 509
12724 438548 449
167249 224589 386
489741 191983 449
437737 88504 449
371702 761163 509
806058 713734 468
555332 283352 470
806448 534456 509
529912 120571 470
519293 253647 470
471849 155866 449
499796 932903 525
121115 691281 509
699197 389794 509
334999 452314 449
978102 347723 525
405066 145351 443
572311 894806 525
851537 524252 525
497514 223239 449
285415 817777 509
451177 354951 449
101129 257625 443
889406 631040 525
378196 408700 436
884686 850044 432
78770 898686 525
782948 199884 509
589968 482145 470
103882 924966 525
448663 81984 449
272689 367933 441
741538 359204 509
262740 107280 443
883455 274458 525
844722 683074 525
92235 295899 443
38025 193363 383
553524 927431 525
824402 931719 525
850335 223294 525
295968 443309 449
121980 78916 354
157398 226152 386
75266 261279 443
151119 38133 375
857467 938011 476
406066 599005 470
811420 183010 509
220490 209080 386
457467 65212 449
892154 549702 525
361111 930178 525
257269 914634 525
371814 81672 443
360558 736353 509
819169 656525 504
179663 941148 525
249646 337060 407
681505 839115 525
598338 832623 509
391452 970009 525
284839 797517 509
83220 610463 470
494731 303709 449
819543 952198 525
368920 711697 509
16105 730030 509
156080 273373 443
158869 42099 383
869248 33631 525
778451 688417 504
204361 958113 525
143771 968210 525
809377 825275 450
807325 921920 525
172103 198777 365
891929 456941 525
510499 975148 525
67405 519434 470
278857 401152 441
471632 161982 449
112849 1941 354
406216 783132 509
789518 79290 509
825230 658766 504
112920 603682 470
347184 831484 509
76000 490954 449
799694 885377 525
830433 121224 509
807297 2536 509
320001 213431 443
973680 344704 525
188580 555289 470
864137 981640 507
956440 849974 507
657826 583493 509
366119 64043 443
366626 155637 443
143332 706060 509
814403 770455 468
823946 675791 504
601940 899946 525
166745 915838 525
299528 511382 449
37063 106825 354
513917 871267 525
834459 487597 509
215971 537243 470
557091 594312 434
33089 513531 470
958490 690914 525
611229 324610 470
269161 492059 449
480246 412492 444
198119 294649 443
697152 22066 509
970439 813296 525
436216 651388 509
729134 735743 424
162770 766196 509
356772 190891 443
151668 191231 383
192693 881842 525
728474 749783 424
476155 761562 509
263314 434645 449
966680 388747 525
273459 235842 407
880805 753705 525
162538 78925 383
562558 373894 470
615194 532998 452
187190 51410 383
698590 430529 509
787152 375565 509
710929 143924 509
566455 862597 525
849358 759147 525
744439 92037 509
508930 734798 509
367803 286449 441
169444 334484 443
189400 442902 449
570325 70206 470
710811 247067 509
663334 273370 509
620961 278528 470
320572 808150 509
844141 19162 525
752883 631293 504
394726 463813 449
289421 475386 449
326410 138779 443
234533 70849 443
745020 257668 509
805647 112823 509
58321 489295 449
447306 247720 449
446401 531835 470
317925 157213 443
778902 981258 525
944786 914067 507
773990 265358 509
236422 618131 470
284519 989305 525
763628 193450 509
453118 567253 470
668835 293732 509
220237 417572 449
364580 965256 525
189444 684431 509
78079 247764 443
687930 525385 509
9689 648536 509
571424 841817 525
319953 864530 525
337281 264739 407
778597 111271 509
530096 15020 470
243607 328819 407
4325 521439 470
522268 971646 525
88693 191103 383
265378 308929 407
122880 144162 375
274185 312323 389
342798 866467 525
560087 30728 470
906056 83980 525
679263 477481 509
925796 999215 507
342011 263077 407
778158 634813 504
888552 308254 525
649832 132159 509
637073 168361 509
653597 159341 509
654211 742289 504
864648 919588 476
565422 501732 470
577954 353811 470
814054 920751 525
220279 888345 525
465684 126335 449
972324 659151 525
603815 898121 525
658367 460031 509
161198 950729 525
94844 49750 351
258984 258880 301
696112 410261 509
427240 349710 449
83806 595655 470
606203 948453 525
515243 685830 509
964389 607401 525
39641 778444 509
528153 259919 470
666789 993836 525
386254 639114 509
652987 504273 509
51440 825558 509
964303 726841 525
776288 573351 509
290796 549476 470
832230 986907 525
959736 773674 525
850821 43542 525
369329 971229 525
506200 398776 449
657059 470589 509
6178 210904 383
763237 534330 509
470823 430027 444
42371 371281 443
583345 209562 470
389758 148989 443
35121 868266 525
875829 325613 525
441617 680829 509
875088 788052 525
667737 349029 509
561726 32763 470
906774 931055 476
518196 927178 525
329831 689459 509
911972 850212 476
900363 675209 525
384542 885390 525
105236 941116 525
770875 202785 509
150679 674837 509
351773 700003 509
543103 741807 509
25616 498925 449
422636 414908 387
286977 604577 470
278141 848702 525
151545 184915 383
779757 669740 504
112094 623793 470
873404 24066 525
474005 287972 449
213479 372752 443
173362 832919 509
828072 458441 509
35704 978750 525
133278 901681 525
678753 190586 509
643488 218573 509
689510 580328 509
147685 976486 525
184906 425825 449
339393 850654 525
124945 633355 509
520394 751242 509
257148 908002 525
289512 245357 407
195974 502990 449
132313 883539 525
335909 960385 525
856184 885817 432
453340 989462 525
787498 646298 504
694252 945190 525
864870 383762 525
525518 526760 408
874452 710423 525
466789 213845 449
561077 591733 434
847199 595676 525
857179 618551 525
17883 146691 375
378113 213857 443
649681 510425 509
97396 499794 449
470810 467785 382
385611 438355 449
971451 173109 525
84653 665703 509
118299 463727 449
563669 643817 509
990486 438121 525
868444 971480 507
166170 943726 525
563213 13370 470
53607 934597 525
146125 71489 375
81288 524237 470
285345 245173 407
34663 896945 525
744967 19677 509
878934 130578 525
458031 850385 525
817891 542683 509
516088 936189 525
520615 79757 470
94211 511101 449
32082 476860 449
996785 198251 525
420586 74204 449
211620 988396 525
8801 357745 443
59885 90088 351
881981 859434 432
335261 430848 449
270584 594432 470
450525 149518 449
725009 422760 509
999902 542900 525
479648 30195 449
993294 263 525
109951 601709 470
25568 656236 509
78569 22354 351
854486 13359 525
96557 580311 470
1755 105357 351
938055 575844 525
709648 334241 509
435278 559113 470
279294 220066 443
153545 244023 443
369583 392759 436
666782 883689 525
935658 146430 525
913883 443157 525
146692 538038 470
44867 686464 509
194274 637639 509
708817 562964 509
650998 319578 509
143275 652752 509
424934 595534 470
228596 648786 509
443980 178078 449
207900 723273 509
398143 361444 436
967295 281930 525
754202 634077 504
679823 204066 509
294712 107911 443
161427 955607 525
645948 206293 509
642071 354426 509
843932 865092 419
917390 9135 525
184670 60665 383
661886 123808 509
170404 404687 443
772594 614383 509
582764 980493 525
337656 495112 449
341937 304951 384
291246 610344 470
453232 971069 525
814409 262148 509
78980 975835 525
217756 239133 443
696333 374031 509
107763 54470 354
239124 539357 470
63604 937997 525
114227 239694 443
61806 284630 443
644380 834399 504
899012 741349 525
329097 236668 407
750665 671033 504
55823 41911 340
795581 23259 509
12980 124195 354
285407 606164 470
100031 503162 449
359501 310568 441
391397 467263 449
365037 144725 443
520825 942844 525
82723 635051 509
182538 144528 383
919680 341123 525
493131 818692 509
596676 822227 509
55360 347341 443
7465 625386 470
903455 803046 525
648644 430640 509
927240 934050 383
36804 541475 470
951416 910508 507
366247 342814 441
377771 245488 441
487538 898595 525
188332 84465 383
47851 885074 525
743196 967530 525
740401 236327 509
786222 337077 509
572758 355786 470
198622 580223 470
495376 102077 449
897473 144021 525
532716 338918 470
592275 83724 470
394598 543692 470
994231 760844 525
400710 886207 525
520537 402452 470
299007 708868 509
486917 346858 449
108147 230113 386
314388 848547 525
980644 614815 525
699828 553402 509
970600 412654 525
133625 465977 449
514731 545302 439
124202 561651 470
884220 716476 525
645375 793022 504
774372 153811 509
553866 175082 470
40018 74403 340
91739 339025 443
297476 92860 443
685882 919826 525
322972 514474 470
282579 817820 509
129289 982406 525
371223 614094 470
395061 19052 443
594275 423996 470
78559 718476 509
985646 962778 458
949156 145226 525
755800 723529 424
299037 823870 509
898610 339054 525
412478 990348 525
192283 224158 386
83208 392369 443
143984 920384 525
906843 426562 525
738204 550336 509
923173 623631 525
678634 832438 504
156888 272909 443
256434 235446 368
505589 756284 509
712428 454746 509
901510 982432 507
178275 200547 365
806302 591089 509
53805 732984 509
581438 246088 470
957141 178850 525
638456 615330 509
613438 59504 470
41892 865847 525
609840 965064 525
489478 288474 449
311707 160570 443
75588 568140 470
396015 581176 470
324425 108443 443
35922 740139 509
90875 728400 509
940685 411382 525
319490 994489 525
144366 415132 449
754781 615712 509
593981 907442 525
231042 721624 509
966945 272933 525
587471 90990 470
752202 591153 509
893668 63909 525
265928 969255 525
146254 661942 509
64636 984882 525
770385 614762 509
725021 861259 525
343162 665706 509
786845 662651 504
174400 931211 525
591987 929181 525
546923 700173 509
836623 777964 468
421797 317773 449
565101 523472 452
408763 317303 441
628829 816635 504
895416 894756 264
300095 555874 470
556699 364730 470
540756 841288 525
493696 265777 449
216752 836858 509
445687 3598 449
13714 620086 470
934808 605701 525
63472 995935 525
820078 414299 509
773899 241875 509
732072 853204 525
279551 655039 509
684712 422584 509
471674 580128 470
317341 771768 509
136002 388244 443
136498 190962 383
743736 630194 504
456738 960487 525
981256 902424 507
964084 509174 525
36715 413097 449
629079 100187 509
923236 449157 525
514485 211340 470
205236 760761 509
64545 484786 449
415800 749256 509
421575 887473 525
329384 738915 509
659241 979589 525
641363 309944 509
170551 385099 443
454342 141493 449
345586 949802 525
558121 823875 509
458976 594835 470
751176 602260 509
209226 674413 509
51417 237916 443
885752 770857 525
998676 950296 458
769847 928681 525
699552 191422 509
816154 543140 509
930336 989600 507
36934 85904 351
813748 721688 468
471002 268090 449
377385 330793 441
217892 935505 525
154668 191072 383
44546 905843 525
793331 767975 437
94461 358953 443
520095 980213 525
129810 32977 354
444714 899656 525
961657 658471 525
91079 777811 509
715815 535619 509
281616 752749 509
621523 95364 470
988641 606729 525
877657 366027 525
937521 95549 525
301532 92189 443
800825 860281 525
512237 108361 470
628257 120902 509
467313 148352 449
615319 111327 470
181328 60034 383
525188 142985 470
718504 616266 509
435001 434319 356
666089 230821 509
701272 801816 504
326185 689914 509
408546 203842 443
55941 346067 443
813595 871676 525
952460 128625 525
731958 978901 525
236985 874419 525
99803 218503 386
22771 715122 509
844033 718303 525
289360 369221 441
375492 522068 470
499691 324697 449
470591 165781 449
555518 171864 470
967596 881702 507
375982 376142 255
85544 431922 449
236414 413343 449
817802 703078 504
541967 549760 452
681979 293157 509
938383 295986 525
511659 475359 426
525312 355692 470
193662 328876 443
239118 569153 470
850943 738808 525
408055 321535 441
904588 963572 507
7603 386390 443
845274 383584 525
276736 445022 449
329710 27354 443
858365 147512 525
730431 914536 525
211477 926614 525
207693 149860 383
222601 233556 443
625218 262117 470
589248 333084 470
590993 342570 470
416442 441936 418
81378 824496 509
277675 500171 449
788068 285277 509
400765 147547 443
668860 677500 385
592568 512774 452
219059 965137 525
660286 949489 525
879674 871762 432
876104 87367 525
535826 612909 452
320923 675249 509
875025 424375 525
8333 466018 449
766944 938978 525
422159 362526 449
763474 699833 504
862696 551542 525
499315 263461 449
699088 682379 442
455166 805861 509
195154 674224 509
770998 855439 525
137918 164877 383
241406 14022 443
766448 291436 509
141135 601575 470
966684 16161 525
25950 489222 449
996382 307098 525
428200 932745 525
669623 191675 509
632579 46525 509
257421 646098 509
824189 470714 509
328477 793559 509
276575 523630 470
467783 561777 470
893273 119906 525
726654 648883 504
133927 493102 449
940319 789266 525
94677 421208 449
805426 634830 504
910429 316013 525
456132 338630 449
248759 639959 509
44509 395542 443
686483 301929 509
41640 24878 324
286847 884320 525
818436 77626 509
922155 800424 525
639403 329633 509
920329 880261 476
978516 568460 525
887567 918835 476
357726 496448 449
340043 677356 509
131278 764677 509
993369 101614 525
103307 756332 509
741572 147815 509
151874 942260 525
963947 707717 525
967137 250795 525
592037 785573 509
328420 514192 470
100202 482027 449
358030 20531 443
362288 336546 441
103196 249855 443
769585 460921 509
260507 623832 470
652482 391784 509
388509 645851 509
493397 6020 449
402183 234970 441
668038 68261 509
691434 631986 442
775977 658571 504
396985 882218 525
958348 239609 525
910615 58551 525
235841 268645 407
593285 112333 470
605190 696480 509
876392 888979 445
671606 136899 509
512811 324088 470
528683 415525 470
484143 536284 470
421544 400530 449
285458 89583 443
468790 976891 525
235773 758971 509
149667 146962 326
641189 108016 509
386570 551804 470
680770 136615 509
334653 788259 509
248948 939842 525
998944 125340 525
343026 670550 509
262238 855837 525
508842 305125 449
271362 992984 525
841409 207110 525
907718 641071 525
296692 376508 441
617963 46669 470
649683 281834 509
193630 290872 443
389849 94405 443
356881 584823 470
231019 691533 509
887287 479966 525
145581 886231 525
119510 488606 449
70986 381748 443
858647 94032 525
686872 130009 509
601220 42486 470
337119 508938 449
683557 148015 509
399650 815724 509
194684 49333 383
97558 902517 525
340204 1612 443
996921 211289 525
100639 227941 386
902822 987925 507
222111 562607 470
388361 341621 441
51213 973550 525
237573 424065 449
67582 438649 449
68278 668801 509
995339 919600 507
177739 193101 365
67616 91593 351
8825 776503 509
140925 620586 470
679020 995333 525
136402 675942 509
206622 751245 509
418087 623648 470
253375 154402 443
186255 155941 383
10227 751672 509
129491 247799 443
175737 197073 365
200653 244014 443
380078 195992 443
163615 72022 383
389092 745434 509
163614 912120 525
36142 304539 443
46911 715161 509
299872 697517 509
905307 506493 525
962966 837598 525
644346 216341 509
992000 830600 525
372281 2227 443
96477 501772 449
764230 272213 509
213049 479087 449
30432 593126 470
675078 708250 504
665147 578374 509
967888 828761 525
4699 4030 215
647504 565813 509
233395 947375 525
263330 138703 443
968072 226296 525
976300 612418 525
956841 482505 525
957223 329122 525
998936 53700 525
345098 763166 509
840117 72351 525
242253 384753 441
665477 431535 509
607207 844828 525
524113 575095 452
673589 528811 509
