1 10 20
100 200 125
201 210 89
900 1000 174
292 582 144
1558 2202 180
2321 2389 183
3360 3499 181
4413 4907 197
5319 5775 236
6246 6989 257
7376 7942 239
8487 9329 260
9934 10486 255
10638 11381 268
11464 11886 237
12667 12882 201
13842 14061 258
14566 14732 271
15035 15098 271
16531 17495 266
17522 17902 279
18120 18715 261
19881 20457 274
20113 20134 150
21969 22629 269
22327 23118 269
23766 24729 264
24237 24538 251
25110 25463 264
26062 26606 277
27711 27849 259
28643 28833 228
29592 29921 272
30677 31058 254
31079 31597 285
32840 33118 267
33218 33450 236
34438 34862 280
35264 35945 324
36899 37249 262
37637 38381 262
38315 38478 231
39773 40333 306
40806 40885 213
41824 42192 257
42679 43420 257
43774 44748 270
44127 44157 195
45601 46578 283
46688 47055 252
47130 47985 314
48695 49332 296
49703 50100 265
50786 51374 309
51175 51652 309
52952 53917 322
53484 53631 260
54222 54459 260
55377 55422 229
56610 57053 291
57380 57967 273
58701 59516 273
59094 60048 304
60295 60457 242
61767 62163 317
62683 63325 317
63681 63745 255
64221 64576 299
65200 66100 268
66851 67848 312
67407 67491 206
68330 68422 237
69611 70375 312
70480 70859 281
71998 72509 263
72449 73095 294
73182 73896 294
74237 75044 325
75162 75902 294
76830 77016 232
77418 77631 214
78531 78769 276
79398 80145 307
80349 80509 245
81159 81471 320
82234 82846 320
83155 84035 289
84649 84790 289
85786 86135 258
86302 86879 271
87780 88751 333
88613 89342 315
89286 90123 302
90268 90824 284
91874 92012 209
92011 92534 284
93976 94558 284
94339 94385 209
95109 95337 284
96776 96839 191
97071 98034 297
98796 98889 266
99184 99211 266
100617 101592 310
101478 101647 310
102586 103470 310
103348 104178 279
104127 104662 310
105480 106184 310
106273 106527 310
107451 107941 279
108978 109913 310
109121 109855 292
110373 110582 261
111684 112273 323
112227 112253 230
113325 113466 248
114119 114798 305
115999 116769 305
116740 117446 274
117773 118389 336
118627 118926 318
119654 120514 318
120214 120271 212
121433 121801 318
122452 122888 318
123183 123315 287
124254 124581 287
125148 125490 318
126456 127309 331
127035 127135 287
128201 128840 331
129287 130075 344
130314 130694 331
131694 132331 331
132798 133735 331
133896 134151 269
134044 134701 269
135033 135506 344
136365 137022 313
137443 137863 313
138850 139239 300
139330 140254 344
140138 140557 326
141546 142419 326
142456 142572 220
143574 143905 282
144780 144913 207
145862 146528 295
146757 147350 295
147453 147955 295
148742 149579 295
149271 149423 233
150739 151621 264
151507 151822 295
152954 153700 308
153642 154325 352
154796 155255 264
155006 155330 233
156859 157418 308
157633 158395 308
158875 159407 352
159493 159688 246
160300 160490 370
161830 162473 321
162637 163216 259
163545 163680 246
164599 165515 321
165619 166100 352
166461 166507 334
167096 167693 321
168949 169201 334
169474 170201 290
170570 171377 334
171788 172235 259
172230 172384 303
173750 173952 228
174381 174710 272
175117 175853 272
176862 177681 334
177739 178085 347
178406 179265 303
179549 180084 303
180754 180785 241
181449 182019 316
182503 183497 334
183491 183895 241
184021 184261 316
185955 186800 347
186709 187042 347
187720 187811 254
188344 188780 316
189502 190083 360
190816 191176 254
191469 191891 329
192641 192800 347
193818 193972 298
194288 194915 298
195913 196038 329
196316 196362 161
197823 198596 329
198534 198682 298
199585 200308 311
200023 200819 342
201723 202646 342
202420 202653 342
203775 204653 311
204035 204257 267
205009 205336 311
206351 206620 342
207591 207751 249
208755 209426 311
209449 209698 236
210466 210668 236
211492 212110 311
212027 212912 355
213662 213886 373
214982 215683 280
215425 215792 280
216945 217207 262
217155 217179 249
218522 218637 187
219124 219166 218
220128 220506 324
221934 222008 337
222470 222969 324
223720 223866 218
224833 225696 368
225958 226503 262
226816 227672 306
227556 228260 337
228300 229007 355
229433 229755 293
230764 231340 350
231805 232202 306
232298 232463 213
233497 234202 275
234560 234943 337
235427 235982 275
236321 236581 337
237581 238405 319
238991 239366 350
239490 240028 306
240388 240849 368
241736 242000 275
242170 242960 319
243039 243326 319
244951 245789 319
245298 245395 257
246861 247402 350
247797 248555 319
248758 249161 350
249700 250291 332
250720 251472 319
251557 251769 257
252437 252929 288
253123 253652 332
254225 255150 363
255785 256324 288
256717 257614 345
257553 257735 257
258799 259098 301
259325 259873 301
260496 261197 332
261425 261677 257
262084 262277 301
263499 264098 301
264123 264891 332
265970 266547 301
266741 266869 239
267168 267257 239
269000 269621 345
269308 269681 314
270302 270938 363
271558 271595 239
272286 273198 314
273007 273906 358
274659 274669 221
275589 275742 252
276218 276951 314
277974 278269 301
278385 278835 283
279748 280665 345
280676 281335 327
281788 282249 314
282827 283789 358
283067 284056 358
284670 285455 376
285636 286086 283
286949 287138 239
287581 287604 221
288099 288465 327
289599 290473 327
290927 291001 190
291127 291330 296
292945 293731 358
293576 294089 327
294816 294854 234
295777 296402 327
296178 296348 265
297490 297913 327
298993 299889 327
299078 299976 327
300728 301614 309
301791 302339 296
302271 303111 340
303896 304504 340
304827 305199 278
305017 306004 265
306794 307570 309
307015 307740 278
308441 309023 327
309689 310243 340
310842 311432 371
311723 312225 278
312885 313488 340
313990 314308 278
314369 314602 234
315618 316162 322
316598 317349 322
317767 318477 309
318094 318954 353
319961 320934 371
320590 321402 371
321680 322068 278
322415 322868 309
323514 324378 322
324691 325163 322
325776 326089 322
326886 327369 291
327830 328554 322
328102 328949 291
329305 329663 309
330963 331797 291
331685 332049 353
332623 332704 229
333426 333707 322
334136 334223 291
335619 335803 216
336721 337244 291
337722 337735 154
338992 339133 260
339125 339513 260
340017 340950 304
341328 342306 335
342426 342956 353
343562 343810 304
344183 344665 291
345878 346204 441
346084 346660 348
347615 348033 304
348749 348925 242
349900 350432 304
350405 351269 273
351771 351802 167
352730 353444 335
353901 354850 348
354720 354875 304
355791 356723 348
356354 356475 304
357320 357632 273
358957 359625 317
359983 360321 348
360331 361218 419
361081 361412 348
362968 363332 273
363411 363564 273
364886 365453 361
365860 366519 330
366758 367676 348
367304 367338 273
368444 368918 317
369319 369623 361
370526 371184 348
371325 371842 317
372041 372257 286
373239 373256 211
374797 375310 361
375504 375969 330
376259 377145 423
377714 377831 361
378537 378626 255
379939 380069 224
380580 380680 299
381509 382507 374
382598 383095 317
383814 384481 330
384242 384919 330
385543 385607 255
386106 386975 330
387536 387700 286
388965 389471 436
389901 390819 343
390280 391037 361
391797 392090 330
392006 392439 299
393916 394632 361
394528 395393 405
395322 395968 299
396370 396785 299
397328 398321 343
398104 398926 374
399925 400209 374
400302 400528 255
401204 401427 268
402966 403728 343
403975 404553 330
404975 405160 224
405211 405864 414
406655 406858 268
407223 408205 281
408583 409307 312
409443 410303 449
410398 410959 374
411083 411687 330
412329 412504 312
413219 413532 268
414740 415063 312
415675 416478 387
416441 416739 343
417933 418908 343
418171 418672 343
419361 419924 281
420786 421155 312
421221 421806 325
422369 423291 325
423066 423123 175
424076 424738 312
425685 425729 219
426539 427195 356
427634 427717 237
428858 429185 281
429270 430238 312
430121 430411 312
431382 431457 219
432008 432072 281
433029 433361 268
434170 434933 356
435702 436356 325
436898 437219 294
437075 437678 387
438564 439236 400
439337 440239 356
440217 440392 294
441382 441537 232
442634 443337 356
443183 443223 232
444661 445290 338
445613 446030 325
446590 447060 325
447867 448479 369
448262 448540 369
449015 449906 369
450501 451187 387
451382 451949 294
452251 453066 294
453170 454045 369
454452 455099 325
455188 456009 338
456996 457965 338
457692 458598 338
458715 459664 307
459793 460078 307
460546 460580 201
461160 462081 444
462259 462429 307
463143 463210 276
464707 465661 369
465849 466111 276
466824 467725 369
467675 468170 413
468287 468550 382
469057 469541 307
470891 471056 245
471320 471400 232
472947 473229 307
473043 473095 307
474240 474737 245
475500 476362 307
476131 476632 276
477195 477633 382
478348 479118 351
479232 479738 307
480196 480760 422
481411 482185 382
482615 483054 276
483040 483805 289
484650 484935 320
485271 486076 338
486349 486995 382
487712 487937 338
488342 488742 320
489819 490136 276
490108 490277 258
491678 492320 320
492185 493088 426
493463 493659 395
494158 494333 289
495420 496188 320
496645 497216 258
497720 498661 351
498401 499348 289
499853 500195 320
500335 500998 333
501860 502851 426
502907 503163 258
503653 504069 333
504110 505013 364
505291 505431 227
506048 506640 364
507056 507317 333
508485 508809 258
509475 510030 364
510480 510825 333
511315 511902 320
512863 513745 333
513782 514251 351
514582 515144 364
515278 515834 302
516106 516906 302
517806 518094 302
518015 518036 196
519705 520182 364
520430 520477 302
521284 521975 333
522652 523022 302
523894 524170 302
524488 524881 364
525470 525820 408
526864 527590 377
527332 527711 346
528273 529142 377
529236 530184 333
530275 530525 240
531602 532328 333
532572 532598 302
533864 534859 346
534806 534879 196
535511 535719 302
536092 537027 333
537620 538430 346
538525 539216 333
539738 540709 417
540881 540987 253
541918 542852 346
542130 542489 271
543727 543922 209
544053 544648 307
545430 545948 346
546796 547413 315
547107 547329 315
548078 548753 315
549100 549410 240
550941 551723 377
551226 551784 377
552315 553122 315
553833 554247 421
554498 554576 284
555998 556957 346
556819 557513 315
557804 558570 315
558380 559093 284
559382 559800 284
560101 561002 359
561406 561515 253
562677 563057 359
563962 564439 315
564182 564669 315
565276 565574 315
566541 566611 359
567788 568126 315
568190 569080 359
569510 569656 359
570563 571546 297
571642 571764 240
572663 572759 253
573511 573594 359
574981 575276 328
575559 575829 297
576215 576599 328
577748 578248 346
578372 578691 253
579201 580060 328
580448 581403 284
581929 582681 328
582987 583531 328
583718 583729 266
584889 585492 359
585859 586683 359
586614 586817 235
587895 587967 328
588348 588369 204
589493 589551 266
590230 590877 359
591491 592074 403
592430 593090 328
593658 594201 297
594073 594700 328
595926 596239 297
596302 596891 372
597123 598051 372
598671 598793 297
599588 599770 253
600195 600944 315
601059 601781 403
602703 603324 279
603038 603915 297
604600 605054 253
605827 605961 222
606508 606961 297
607157 608050 341
608394 608679 341
609413 609490 266
610127 610505 341
611022 611532 354
612197 613091 310
613147 613370 310
614823 615440 447
615449 616173 372
616604 617262 310
617415 617738 323
618492 619029 310
619526 620216 266
620189 621068 372
621178 622091 372
622908 623632 310
623377 624292 354
624326 624930 385
625650 626575 374
626077 626965 374
627742 628444 310
628328 628756 235
629497 629793 279
630519 631159 310
631694 632120 279
632927 633665 354
633187 633771 323
634856 634931 155
635863 636234 310
636594 636868 279
637545 638384 354
638369 638559 248
639430 639475 217
640253 640960 425
641463 642193 416
642021 642141 416
643746 643771 248
644426 644486 217
645342 646258 323
646354 646853 323
647167 648103 341
648835 649758 394
649886 650158 248
650957 651711 336
651504 652280 323
652442 652884 354
653347 653894 385
654976 655207 323
655484 655843 323
656965 657640 323
657178 657735 323
658304 658894 292
659997 660797 323
660154 660786 323
661428 662200 292
662731 662822 186
663815 664226 367
664226 664596 323
665793 666446 398
666391 666942 323
667967 668032 292
668797 669742 292
669442 669636 261
670177 670775 292
671131 671385 217
672291 672592 367
673328 673552 292
674346 674619 248
675747 676575 385
676752 676784 305
677133 677968 336
678798 679122 230
679320 679601 261
680074 680604 336
681478 681881 336
682942 683553 336
683612 683926 230
684223 684280 336
685514 686278 274
686504 686661 336
687381 688257 390
688322 689003 292
689140 689352 305
690036 690073 336
691455 692423 442
692921 693495 367
693894 694211 305
694884 695820 367
695502 696091 336
696978 697027 199
697839 698785 367
698799 699519 305
699613 700550 367
700509 700629 305
701860 702361 274
702417 703213 380
703188 704159 349
704401 704879 369
705040 705237 380
706835 707509 274
707550 708246 349
708937 709433 336
709009 709817 336
710310 711090 292
711795 712266 305
712546 713032 411
713137 713791 380
714178 714670 274
715625 716139 380
716039 716792 380
717962 718590 336
718564 719493 318
719219 719584 305
720471 720511 230
721908 722036 318
722073 722796 411
723165 723417 349
724714 725357 274
725651 725714 225
726107 726391 318
727353 727887 318
728166 728557 287
729462 730402 380
730695 731503 318
731517 732472 380
732975 733344 318
733646 734513 349
734388 734417 243
735250 735776 424
736584 737473 380
737419 737484 318
738821 738874 424
739403 740257 349
740958 741654 362
741505 741693 287
742533 743122 318
743645 744372 318
744223 745098 300
745348 745624 243
746519 747382 349
747087 747888 362
748650 749111 274
749743 750629 362
750477 750600 256
751170 751705 318
752398 753056 305
753473 754271 331
754701 755201 318
755091 755446 318
756782 757077 349
757576 758435 362
758919 759731 362
759090 759504 362
760598 760688 331
761485 762349 362
762085 762987 331
763848 764020 225
764977 765094 287
765695 766014 287
766227 767072 331
767554 768093 468
768162 768770 331
769588 770036 402
770582 770603 238
771763 772429 362
772580 772779 256
773798 774691 331
774820 774947 207
775473 775717 300
776703 777509 393
777223 777311 194
778015 778108 269
779669 780094 362
780049 780729 356
781238 781733 318
782855 783620 300
783391 784019 331
784405 785227 313
785773 786737 300
786017 786889 300
787380 788295 362
788805 789342 406
789331 789457 261
790694 790948 331
791034 791612 344
792693 793495 437
793531 794353 331
794532 794612 300
795569 795855 238
796799 797624 375
797590 797814 344
798823 799602 375
799277 799641 256
800983 801523 393
801219 802151 406
802556 802989 282
803834 804400 269
804502 805502 331
805083 805744 375
806496 806599 194
807781 808043 238
808181 808526 331
809346 810081 344
810929 811553 344
811343 811616 251
812704 813507 375
813149 814118 375
814060 814469 269
815873 816144 344
816347 817061 344
817468 817842 344
818014 818459 344
819693 820391 450
820695 821296 313
821847 822389 369
822911 823080 282
823802 824093 238
824744 825382 313
825677 826084 344
826584 827520 419
827184 827268 269
828700 829385 375
829040 829921 375
830878 831453 419
831077 831118 189
832045 832479 282
833454 834322 357
834748 835330 344
835817 836435 282
836314 836456 282
837969 838033 176
838591 838744 344
839742 840165 282
840859 841029 344
841335 842326 313
842150 842275 269
843049 843853 331
844768 845406 401
845782 846178 282
846131 846853 313
847911 848297 313
848572 848884 282
849966 850707 357
850483 850498 127
851388 851533 344
852381 853188 313
853263 853456 357
854989 855981 388
855082 855631 388
856255 856947 375
857772 858292 282
858110 858402 264
859698 859908 295
860402 860750 282
861106 861677 326
862469 862774 326
863630 864519 344
864947 865474 388
865091 865772 388
866914 866986 233
867956 867998 251
868435 869279 357
869220 869326 251
870527 871338 295
871592 872222 432
872829 873551 326
873548 873972 326
874025 874413 295
875952 875989 251
876274 876299 220
877475 877859 357
878700 879277 326
879219 879936 357
880235 880480 326
881267 881533 295
882523 882970 313
883668 884048 370
884408 885188 295
885003 885595 370
886802 886948 401
887889 888695 401
888399 889243 326
889188 889704 370
890131 890452 339
891761 892259 295
892517 893257 264
893437 893834 295
894348 894385 264
895346 895750 326
896830 897077 264
897376 898308 339
898081 898233 295
899399 899881 251
900598 901497 401
901296 902124 401
902377 902544 233
903161 903747 264
904339 904851 383
905554 906233 417
906985 907783 326
907001 907100 264
908826 909014 233
909781 910450 476
910850 911166 339
911221 911423 339
912706 913631 357
913906 914124 339
914323 915081 370
915761 916739 339
916252 917174 393
917712 918419 339
918253 919056 339
919194 919706 339
920576 920629 277
921389 921979 339
922461 923293 445
923238 923541 308
924366 925046 364
925498 925615 202
926236 926297 321
927851 927997 308
928650 928779 308
929560 930450 339
930396 931169 370
931631 932289 308
932121 932813 370
933435 933682 339
934357 934770 295
935186 935637 414
936996 937326 339
937531 938319 445
938385 939092 308
939948 940902 383
940563 940627 277
941586 942159 308
942308 942814 339
943198 943719 339
944109 944744 383
945846 946274 352
946877 947817 383
947629 948505 383
948995 949481 277
949357 950126 352
950698 950726 189
951001 951906 383
952050 952519 414
953879 954829 308
954081 954350 259
955498 956431 352
956129 956833 352
957832 957948 339
958222 958510 321
959517 960357 352
960571 961525 423
961027 961127 215
962544 963348 414
963400 963598 290
964928 964968 215
965659 965898 259
966335 966662 308
967285 967409 228
968943 969023 184
969694 969831 321
970354 971131 458
971799 971968 290
972740 973533 321
973884 974503 392
974479 974682 264
975701 976541 383
976980 977955 334
977291 978084 321
978434 978480 246
979092 980021 334
980696 980989 427
981897 981971 263
982306 982894 383
983467 983931 383
984467 984799 293
985139 985618 427
986623 987034 352
987241 987366 290
988139 988364 290
989312 989715 352
990512 991392 321
991537 991925 321
992874 993231 352
993302 993541 246
994065 994610 365
995189 996141 365
996208 996900 352
997445 997501 321
998201 998509 277
999396 1000000 290
