1 1 1
1 900 179
1 10 20
100 200 125
201 210 89
900 1000 174
1000 900 174
1000 1100 169
1100 1200 182
1200 1300 177
1300 1400 177
1400 1500 172
1500 1600 167
1600 1700 180
1700 1800 180
1800 1899 175
1900 2000 175
9000 10000 260
100 100 26
12000 14000 276
200000 201000 342
300000 301000 371
400000 401000 374
500000 501000 364
600000 601000 372
701000 701000 168
800000 801000 375
900000 901000 401
1 10000 262
429870 430870 312
205823 206823 342
587389 588389 328
107821 108821 279
353391 354391 348
951714 952714 414
435350 436350 325
447539 448539 369
189818 190818 360
515908 516908 302
664968 665968 336
712139 713139 411
137166 138166 331
22163 23163 269
51944 52944 340
803793 804793 331
487647 488647 382
428678 429678 281
439961 440961 325
952109 953109 414
542875 543875 359
729380 730380 380
851855 852855 326
152757 153757 308
214445 215445 280
713187 714187 305
629072 630072 279
21252 22252 269
72159 73159 294
644330 645330 310
174653 175653 303
38771 39771 275
110887 111887 323
149648 150648 370
274388 275388 345
605287 606287 341
47151 48151 314
802867 803867 300
901431 902431 401
535077 536077 302
527786 528786 333
381257 382257 374
871612 872612 432
630603 631603 310
235558 236558 337
536608 537608 377
709800 710800 380
753041 754041 424
510435 511435 333
670387 671387 323
612142 613142 310
371148 372148 317
770232 771232 349
131981 132981 331
444631 445631 338
914916 915916 370
710632 711632 380
469293 470293 338
305357 306357 265
386470 387470 255
992143 993143 352
352618 353618 335
296013 297013 327
587799 588799 328
880324 881324 326
965472 966472 365
797574 798574 344
13515 14515 258
95661 96661 297
110252 111252 292
725798 726798 318
926431 927431 370
950751 951751 414
11881 12881 263
954045 955045 383
384846 385846 348
705037 706037 380
819254 820254 450
334147 335147 322
22523 23523 269
951015 952015 308
102101 103101 310
520400 521400 364
195968 196968 298
761038 762038 362
220001 221001 324
107484 108484 279
708214 709214 349
269966 270966 363
300673 301673 309
429966 430966 312
694370 695370 367
346568 347568 348
706191 707191 305
739269 740269 349
411385 412385 330
15314 16314 253
288709 289709 345
373346 374346 348
612982 613982 310
330242 331242 322
441302 442302 294
964994 965994 321
910410 911410 339
473888 474888 382
934960 935960 414
696675 697675 336
20673 21673 256
956799 957799 352
799307 800307 375
102800 103800 248
86072 87072 302
926926 927926 339
52498 53498 340
944956 945956 352
312463 313463 353
763259 764259 375
914852 915852 370
241125 242125 275
18236 19236 261
324320 325320 384
251145 252145 319
616884 617884 372
812107 813107 362
449718 450718 387
378005 379005 330
764805 765805 331
24994 25994 264
571699 572699 372
45850 46850 283
947556 948556 383
709692 710692 380
583716 584716 434
358757 359757 348
161016 162016 290
491891 492891 426
434299 435299 356
631114 632114 310
785495 786495 375
306913 307913 309
267064 268064 345
696444 697444 336
296454 297454 327
588916 589916 297
311477 312477 384
981671 982671 383
880363 881363 326
792686 793686 437
144034 145034 326
739206 740206 349
607198 608198 341
222903 223903 324
385806 386806 330
189540 190540 360
147798 148798 326
21759 22759 269
379833 380833 379
968683 969683 352
892620 893620 326
822996 823996 375
900650 901650 401
197631 198631 329
727760 728760 318
18950 19950 274
488256 489256 320
695074 696074 336
654775 655775 323
806852 807852 406
570126 571126 377
340057 341057 304
902813 903813 370
181713 182713 316
137426 138426 313
357724 358724 379
174659 175659 303
825213 826213 344
375345 376345 330
349296 350296 366
192727 193727 342
403643 404643 330
312529 313529 353
216409 217409 342
766762 767762 318
132520 133520 331
250870 251870 319
740370 741370 362
191814 192814 347
591609 592609 403
464455 465455 369
468452 469452 382
903309 904309 295
681219 682219 336
415262 416262 281
732197 733197 349
965423 966423 365
299154 300154 371
523236 524236 302
76842 77842 351
149591 150591 370
787426 788426 406
349647 350647 366
116263 117263 305
71973 72973 263
448822 449822 369
905208 906208 295
844505 845505 401
101796 102796 310
465588 466588 369
678188 679188 380
732779 733779 318
526934 527934 377
366075 367075 348
892789 893789 326
519894 520894 346
768761 769761 393
779801 780801 362
454397 455397 325
464494 465494 369
275193 276193 345
597445 598445 372
15778 16778 266
969031 970031 352
89037 90037 315
809472 810472 406
607153 608153 341
908268 909268 370
988160 989160 321
235588 236588 337
313084 314084 340
699194 700194 367
524656 525656 408
76929 77929 351
550378 551378 346
134635 135635 344
252079 253079 319
723883 724883 362
603817 604817 372
269360 270360 345
923053 924053 308
534671 535671 315
210242 211242 355
195441 196441 360
463883 464883 338
363254 364254 317
146593 147593 357
372602 373602 348
88507 89507 315
459921 460921 307
973810 974810 365
289775 290775 327
1072 2072 182
993840 994840 365
315999 316999 353
625571 626571 341
754509 755509 362
854095 855095 357
313069 314069 340
748299 749299 393
481959 482959 382
574209 575209 328
175134 176134 334
350230 351230 273
898516 899516 370
194896 195896 360
88178 89178 315
246166 247166 332
182732 183732 334
630724 631724 310
73085 74085 294
882984 883984 370
590410 591410 359
638645 639645 323
783911 784911 331
904661 905661 383
927703 928703 383
799768 800768 375
646290 647290 323
196387 197387 298
816147 817147 344
20546 21546 256
183177 184177 316
191750 192750 347
19192 20192 274
935446 936446 414
852677 853677 357
868545 869545 388
967963 968963 321
250494 251494 319
231486 232486 337
781644 782644 362
23402 24402 282
505435 506435 364
917476 918476 339
685415 686415 274
942548 943548 339
952130 953130 414
96341 97341 297
783603 784603 331
478747 479747 338
247642 248642 319
319626 320626 353
411117 412117 330
38600 39600 275
442774 443774 325
675390 676390 385
62 1062 179
842990 843990 331
310315 311315 371
197674 198674 329
511438 512438 470
95156 96156 284
401872 402872 268
57300 58300 273
124291 125291 287
245625 246625 319
348279 349279 335
804076 805076 331
865681 866681 326
562131 563131 359
825676 826676 344
689207 690207 336
37726 38726 262
861896 862896 326
297936 298936 371
886810 887810 401
752011 753011 318
444435 445435 338
115743 116743 323
254710 255710 363
617113 618113 372
974884 975884 339
803692 804692 331
127192 128192 287
641449 642449 416
311094 312094 309
398948 399948 299
516248 517248 302
711654 712654 349
42026 43026 288
518481 519481 439
12814 13814 276
585688 586688 359
810793 811793 344
426674 427674 356
625831 626831 341
200274 201274 342
332501 333501 335
751009 752009 331
774518 775518 437
233868 234868 381
385221 386221 348
650799 651799 336
657971 658971 398
289191 290191 327
951905 952905 414
182419 183419 334
266297 267297 345
763478 764478 300
121640 122640 336
324174 325174 384
368770 369770 361
459943 460943 307
320577 321577 371
624986 625986 354
917017 918017 352
260543 261543 332
936084 937084 383
723221 724221 349
435039 436039 281
728015 729015 362
422003 423003 356
45544 46544 283
132921 133921 331
334229 335229 322
528598 529598 377
840333 841333 357
677367 678367 336
122236 123236 318
387734 388734 330
326254 327254 291
779740 780740 362
1066 2066 182
801895 802895 388
143702 144702 326
21048 22048 269
545083 546083 346
235168 236168 306
485422 486422 289
623404 624404 354
123895 124895 318
684888 685888 354
252256 253256 319
198755 199755 329
424087 425087 356
824647 825647 344
330969 331969 291
858176 859176 370
940739 941739 339
552450 553450 315
623352 624352 354
448900 449900 369
814446 815446 357
352261 353261 335
769249 770249 393
101191 102191 310
468727 469727 351
682851 683851 336
600883 601883 403
713552 714552 305
863042 864042 313
944745 945745 352
241863 242863 319
482240 483240 276
818226 819226 450
444246 445246 338
421444 422444 356
89842 90842 315
794002 795002 331
172925 173925 347
13104 14104 276
707768 708768 349
702366 703366 380
151641 152641 308
26235 27235 308
538742 539742 333
825950 826950 313
550052 551052 346
280714 281714 358
227930 228930 355
677081 678081 336
785738 786738 300
776339 777339 393
105154 106154 310
681134 682134 336
331506 332506 353
332611 333611 335
885656 886656 357
896836 897836 339
15062 16062 253
419045 420045 281
153178 154178 352
596556 597556 341
182199 183199 334
222208 223208 324
676629 677629 305
421209 422209 356
212770 213770 311
902847 903847 370
370495 371495 348
997267 998267 321
528149 529149 377
685023 686023 354
499038 500038 395
357450 358450 379
409571 410571 449
888816 889816 370
545762 546762 452
242013 243013 319
658589 659589 323
269215 270215 345
22079 23079 269
374218 375218 361
374140 375140 330
55965 56965 322
372911 373911 348
101325 102325 310
895034 896034 326
902689 903689 370
52049 53049 340
371614 372614 317
262436 263436 407
548271 549271 333
786283 787283 362
878289 879289 326
393717 394717 405
369472 370472 392
24987 25987 264
342686 343686 335
527345 528345 346
161038 162038 290
580488 581488 328
332088 333088 335
397776 398776 374
417944 418944 343
504729 505729 364
711554 712554 349
30041 31041 272
114209 115209 305
318895 319895 322
814491 815491 357
5640 6640 262
473667 474667 382
815314 816314 344
683325 684325 380
544466 545466 315
510327 511327 333
784671 785671 300
279475 280475 345
771970 772970 393
179392 180392 303
186631 187631 347
390930 391930 361
96360 97360 297
824778 825778 344
478265 479265 351
76082 77082 351
707612 708612 349
234938 235938 306
42208 43208 288
874062 875062 388
828212 829212 375
25977 26977 308
915238 916238 339
684714 685714 354
494918 495918 320
259609 260609 345
308074 309074 353
175366 176366 334
331578 332578 353
173151 174151 347
728373 729373 362
807008 808008 406
984881 985881 427
649764 650764 341
871577 872577 432
89018 90018 315
638128 639128 354
589388 590388 359
827925 828925 313
469427 470427 338
292480 293480 358
654246 655246 323
569067 570067 359
346886 347886 322
310874 311874 371
957591 958591 339
123970 124970 318
50752 51752 309
56620 57620 304
140281 141281 326
331358 332358 353
277392 278392 389
326946 327946 322
937005 938005 352
564709 565709 421
393617 394617 361
681104 682104 336
772535 773535 393
365877 366877 330
222256 223256 324
693353 694353 305
147960 148960 326
494683 495683 351
410252 411252 374
623030 624030 354
577982 578982 346
504397 505397 320
246263 247263 332
987107 988107 352
622505 623505 310
586753 587753 328
842567 843567 388
45007 46007 314
119208 120208 305
95264 96264 284
925226 926226 339
261147 262147 332
68584 69584 299
851797 852797 326
86771 87771 333
397610 398610 374
748850 749850 393
69023 70023 299
247285 248285 350
7433 8433 252
545386 546386 346
480002 481002 351
242642 243642 319
748498 749498 393
667809 668809 323
56361 57361 304
912695 913695 357
118656 119656 318
397570 398570 374
517668 518668 302
797639 798639 344
924552 925552 308
759871 760871 380
687250 688250 367
567295 568295 359
39941 40941 275
545975 546975 452
633431 634431 323
605991 606991 328
783489 784489 331
425435 426435 356
450223 451223 387
754756 755756 362
551956 552956 315
482506 483506 276
477808 478808 351
72923 73923 294
181329 182329 316
886968 887968 339
740659 741659 362
622827 623827 354
876844 877844 401
566833 567833 359
389964 390964 361
704174 705174 336
452128 453128 294
688862 689862 336
977021 978021 321
668674 669674 323
48369 49369 296
472568 473568 338
455626 456626 338
430985 431985 325
466401 467401 369
364342 365342 361
913914 914914 339
58530 59530 273
737685 738685 349
880569 881569 295
170030 171030 334
370669 371669 348
584603 585603 359
492086 493086 426
530899 531899 346
306752 307752 309
976162 977162 383
767039 768039 468
209817 210817 342
932965 933965 370
72116 73116 294
615210 616210 372
125952 126952 331
349493 350493 366
466626 467626 369
884060 885060 295
67790 68790 312
432308 433308 387
792111 793111 437
745272 746272 349
492482 493482 426
298109 299109 371
424448 425448 356
280235 281235 327
554415 555415 390
616161 617161 354
242734 243734 319
423959 424959 356
308815 309815 340
407478 408478 299
139908 140908 344
959076 960076 352
420014 421014 343
769606 770606 331
254969 255969 288
565104 566104 328
119045 120045 305
44373 45373 314
703189 704189 349
22827 23827 282
601500 602500 385
306304 307304 309
917632 918632 339
549698 550698 346
534155 535155 346
691057 692057 442
583457 584457 434
899315 900315 370
847617 848617 326
6005 7005 262
545884 546884 452
296546 297546 327
532336 533336 377
269259 270259 345
3402 4402 238
499582 500582 395
726555 727555 349
308764 309764 340
759650 760650 380
281225 282225 358
987376 988376 352
319659 320659 353
300652 301652 309
403840 404840 330
269851 270851 363
326012 327012 247
988389 989389 321
726005 727005 349
804060 805060 331
822079 823079 331
717490 718490 349
423508 424508 418
756493 757493 349
478641 479641 338
968594 969594 352
433389 434389 343
289454 290454 327
691513 692513 442
310240 311240 371
136922 137922 331
391141 392141 330
922258 923258 445
50427 51427 309
985908 986908 352
639009 640009 354
235141 236141 306
919755 920755 432
246395 247395 350
880326 881326 326
169775 170775 290
379910 380910 379
284872 285872 376
666381 667381 323
105516 106516 354
394419 395419 405
854293 855293 357
160604 161604 290
571459 572459 359
273080 274080 358
650674 651674 336
155857 156857 383
535052 536052 302
507039 508039 364
5772 6772 262
782497 783497 331
562653 563653 359
348490 349490 291
957363 958363 352
466310 467310 369
886983 887983 401
257070 258070 332
95812 96812 297
704197 705197 380
839265 840265 388
234487 235487 337
524097 525097 364
265604 266604 332
807943 808943 331
499544 500544 395
988265 989265 321
498872 499872 395
871228 872228 432
917660 918660 339
736152 737152 318
524311 525311 364
517329 518329 333
92145 93145 315
944508 945508 352
229540 230540 306
414052 415052 374
48882 49882 296
618144 619144 310
147692 148692 326
18593 19593 274
1797 2797 209
709378 710378 380
495376 496376 320
928647 929647 339
773308 774308 331
832115 833115 388
874816 875816 432
267634 268634 301
62214 63214 317
352074 353074 335
403380 404380 343
69580 70580 312
900810 901810 388
823143 824143 375
323753 324753 384
583442 584442 434
323776 324776 384
709641 710641 380
469301 470301 338
651875 652875 354
483169 484169 307
85125 86125 302
311705 312705 384
836130 837130 344
187171 188171 329
530724 531724 346
701727 702727 380
756587 757587 349
114499 115499 305
769394 770394 375
829034 830034 375
197547 198547 329
762188 763188 331
667213 668213 336
373257 374257 348
885232 886232 370
521272 522272 333
108843 109843 292
296048 297048 327
489590 490590 320
143087 144087 282
911486 912486 383
232636 233636 368
323281 324281 291
258369 259369 301
380169 381169 379
981469 982469 321
415408 416408 343
541914 542914 346
326854 327854 322
161789 162789 339
122843 123843 331
577542 578542 346
376945 377945 361
711509 712509 349
208618 209618 311
471229 472229 276
168892 169892 334
531641 532641 333
364722 365722 361
784722 785722 375
616133 617133 372
248411 249411 350
485720 486720 320
417588 418588 343
745318 746318 349
760638 761638 331
609974 610974 341
652556 653556 336
750730 751730 331
967409 968409 321
336851 337851 366
697229 698229 367
812060 813060 362
829864 830864 344
701139 702139 411
704579 705579 380
911166 912166 383
711006 712006 380
940028 941028 383
435356 436356 325
353162 354162 273
758678 759678 362
323302 324302 291
437456 438456 294
948152 949152 383
949431 950431 352
234067 235067 381
860413 861413 326
842212 843212 388
294761 295761 358
985130 986130 427
797658 798658 344
799590 800590 375
626254 627254 310
435285 436285 325
354783 355783 379
332933 333933 335
322486 323486 322
330065 331065 322
479019 480019 351
454246 455246 338
317996 318996 353
433198 434198 343
953283 954283 308
976571 977571 334
743525 744525 318
937780 938780 445
857537 858537 282
234800 235800 337
586693 587693 328
350318 351318 335
230906 231906 350
813792 814792 313
833583 834583 357
26134 27134 308
629882 630882 341
372965 373965 348
654286 655286 323
801247 802247 406
771157 772157 362
938677 939677 339
329171 330171 353
713678 714678 305
471950 472950 338
99306 100306 341
777760 778760 437
636201 637201 310
656459 657459 429
382530 383530 330
748334 749334 393
752985 753985 424
283928 284928 358
720426 721426 349
953933 954933 383
204119 205119 311
81528 81528 77
74925 74925 87
9255 9255 154
25557 25557 127
76629 76629 126
25484 25484 34
90394 90394 41
57869 57869 167
29221 29221 197
87777 87777 196
74820 74820 64
93404 93404 85
81254 81254 183
815 815 135
66043 66043 69
2710 2710 116
73615 73615 126
4507 4507 91
71648 71648 144
17278 17278 111
77494 77494 170
3569 3569 75
66041 66041 175
95560 95560 253
6091 6091 37
7776 7776 102
91323 91323 103
90934 90934 85
38771 38771 76
47743 47743 221
94665 94665 147
3032 3032 62
19971 19971 93
83807 83807 90
88558 88558 46
82621 82621 152
65924 65924 100
9687 9687 167
98909 98909 41
64628 64628 149
23778 23778 52
2300 2300 46
35220 35220 143
23847 23847 83
79613 79613 152
84465 84465 152
76912 76912 126
83636 83636 59
4687 4687 153
48156 48156 190
20386 20386 36
59079 59079 74
62362 62362 149
32539 32539 153
72473 72473 206
83004 83004 90
72296 72296 43
63287 63287 43
7752 7752 53
45820 45820 146
42820 42820 50
37452 37452 50
29444 29444 135
78201 78201 157
37783 37783 63
81626 81626 183
86733 86733 134
19491 19491 137
39821 39821 94
20255 20255 173
4852 4852 47
44017 44017 45
8504 8504 79
65612 65612 118
78564 78564 77
62614 62614 149
8816 8816 48
81332 81332 90
64569 64569 162
77219 77219 51
3151 3151 62
77308 77308 188
83742 83742 64
42713 42713 50
58255 58255 105
65373 65373 100
10367 10367 149
82070 82070 59
17514 17514 36
42386 42386 58
82138 82138 152
8403 8403 66
28506 28506 166
70160 70160 144
12164 12164 157
30606 30606 86
95940 95940 54
90154 90154 90
22109 22109 44
58118 58118 167
1 999999 476
1 1 1
999999 999999 259
999999 1 476
