1 10 20
100 200 125
201 210 89
900 1000 174
5 5 6
5 6 9
1 2 2
2 5 8
1 8 17
5324 5357 192
3710 3787 238
3875 3886 145
2794 2874 173
2703 2713 160
9307 9403 198
25 47 112
1469 1481 172
6486 6522 182
2700 2702 160
7743 7757 177
1854 1933 175
4309 4330 171
1608 1623 136
8363 8461 203
7652 7739 177
6783 6845 182
5965 5975 143
3025 3084 155
7790 7819 177
7722 7820 221
7977 8024 190
5720 5766 174
9259 9318 185
6135 6194 262
4561 4591 171
9673 9740 180
8009 8043 190
6741 6811 182
601 605 70
4020 4074 158
8792 8796 128
5968 5977 143
7814 7860 177
6220 6277 187
1075 1117 138
5407 5411 117
1689 1716 180
4851 4851 166
6038 6124 187
9260 9260 110
1216 1301 177
3367 3445 181
5620 5628 174
1548 1569 154
5213 5233 179
827 884 179
2724 2772 173
7818 7909 190
8494 8532 203
5200 5221 179
4333 4340 140
1325 1347 146
8086 8114 190
9675 9700 167
9866 9901 242
4725 4760 166
4220 4264 202
3013 3105 186
4553 4566 153
2414 2432 165
2833 2926 217
2827 2837 129
9093 9190 198
5153 5240 179
1035 1088 169
9860 9880 198
960 998 143
4095 4141 189
66 136 122
9523 9556 198
2705 2753 173
7368 7445 239
5045 5078 179
9470 9520 198
3998 4034 189
2068 2151 170
4181 4228 171
5093 5168 179
8244 8342 203
862 893 179
6951 7026 195
7352 7415 208
4613 4712 184
3310 3341 181
1569 1654 167
7316 7342 195
9786 9822 198
3903 3934 176
7769 7794 221
781 800 122
7961 7962 146
1303 1398 177
448 496 142
1770 1814 162
9347 9431 198
7027 7077 151
6059 6090 156
6914 6938 226
8530 8606 172
8056 8155 190
5761 5785 174
725 772 153
2761 2842 173
6730 6760 182
706 717 127
5002 5022 179
3064 3069 155
3515 3579 194
9053 9090 185
4908 4960 210
621 657 145
7403 7484 239
9019 9036 185
57 107 119
7245 7258 120
4001 4007 145
9838 9865 211
4906 5005 210
2060 2096 157
9481 9499 154
5500 5583 236
490 554 142
7140 7197 195
8429 8475 203
1994 2083 157
7298 7314 195
7977 8030 190
5649 5746 205
1722 1728 118
4547 4614 184
172 220 120
8326 8336 190
9627 9711 185
8961 9000 185
7572 7666 177
7158 7230 195
5630 5630 161
1637 1659 136
4358 4376 171
1668 1672 136
6107 6126 187
5320 5405 192
6372 6441 200
7434 7481 164
3028 3109 186
9766 9766 74
6881 6925 226
3210 3271 168
4028 4051 158
900 901 55
9669 9679 167
4673 4724 153
4763 4825 197
774 795 153
9080 9122 185
8177 8217 159
4113 4211 189
1977 2015 144
819 830 135
1285 1332 177
7744 7747 102
7047 7124 151
1848 1857 131
3838 3914 176
1484 1575 154
7477 7531 208
1853 1856 131
9157 9173 198
7517 7548 151
2089 2139 170
8726 8793 216
4490 4529 184
117 136 122
9677 9765 180
2230 2244 139
1136 1162 182
4718 4753 166
7303 7321 195
7497 7591 208
8794 8875 172
4937 4961 135
6487 6577 213
7479 7524 208
9759 9855 211
5576 5576 130
4298 4300 65
4819 4907 179
3494 3530 150
7959 7982 252
8577 8618 172
3190 3255 168
2867 2875 173
600 623 132
826 923 179
4017 4089 158
3431 3485 181
4948 4966 135
2096 2123 170
5563 5570 236
3776 3868 176
6408 6482 169
8146 8173 177
6863 6955 257
2516 2590 178
7516 7609 177
7716 7722 115
3510 3593 194
4966 4976 166
7106 7150 195
8560 8635 172
8116 8207 190
6429 6494 169
8261 8339 203
5492 5569 236
3085 3153 186
7669 7762 177
3695 3762 238
7073 7131 195
160 201 125
8084 8160 190
3386 3386 36
4734 4830 197
2736 2736 129
7358 7400 208
1844 1862 131
7318 7330 164
4261 4360 184
9377 9400 154
4977 4999 179
2700 2715 160
6842 6863 151
260 297 123
8888 8921 185
7447 7447 133
9626 9658 167
9428 9440 154
7684 7746 177
6260 6280 125
214 233 128
6615 6673 182
5889 5922 187
4723 4774 197
384 436 134
9026 9040 185
8026 8104 190
6129 6198 262
4799 4888 166
1758 1797 149
75 133 122
5440 5441 55
7442 7510 177
2714 2740 160
5383 5409 161
1899 1996 175
8945 8959 247
4008 4043 189
2447 2478 209
1338 1421 172
9183 9247 229
897 907 117
8442 8468 203
8431 8524 203
9768 9809 198
9632 9675 185
2099 2123 170
5896 5989 187
2645 2707 160
7372 7452 239
289 360 144
9977 10011 211
7785 7822 221
4069 4153 189
9068 9075 92
5767 5771 174
2123 2140 126
8166 8231 190
6395 6444 169
6510 6573 213
9490 9585 198
2358 2400 165
271 326 131
3835 3851 145
3217 3276 168
3648 3654 132
6830 6908 182
9093 9160 198
315 329 144
7551 7635 177
1274 1345 177
340 437 134
2688 2694 116
315 398 144
1455 1480 172
1599 1696 180
9320 9377 198
5239 5331 192
8564 8591 172
8860 8942 185
2986 2995 49
1640 1709 180
2487 2520 178
7136 7190 195
248 336 144
8538 8560 172
711 741 140
4919 5018 210
88 174 125
8834 8877 172
8412 8445 203
5193 5277 192
743 775 153
3676 3683 163
2211 2300 183
1089 1139 138
7750 7832 221
7719 7808 221
9815 9822 136
5743 5806 205
2247 2281 152
7937 7995 252
5864 5873 143
2709 2762 173
795 839 135
3848 3907 176
8329 8370 234
9644 9716 185
5826 5898 218
8380 8417 159
4913 4934 210
5939 6002 187
1255 1265 177
5604 5675 205
1218 1266 177
7486 7551 208
1982 2006 144
2776 2874 173
4633 4718 184
6503 6583 213
3381 3385 181
7340 7351 164
5745 5781 174
783 806 122
3008 3023 111
2313 2335 183
7689 7741 177
6937 6981 257
8263 8305 159
6367 6400 200
242 296 123
5650 5726 205
5630 5656 161
2774 2789 160
264 294 123
8395 8440 203
2334 2421 165
5356 5387 192
5423 5515 192
2355 2439 165
4359 4427 215
2706 2706 41
2920 3015 173
3697 3732 238
8537 8601 172
3368 3447 181
270 341 144
7355 7355 102
3797 3879 176
2515 2528 178
8464 8527 203
4059 4157 189
9350 9417 198
5229 5303 192
8259 8343 203
9558 9629 198
2252 2268 139
7371 7396 208
4611 4631 153
5412 5413 42
7485 7566 208
4632 4687 184
504 544 137
8 9 20
1174 1197 151
4715 4753 166
9786 9812 198
436 525 142
893 910 117
263 268 123
9602 9675 185
4476 4482 140
4789 4888 166
6083 6135 187
5620 5716 205
5253 5258 179
6629 6667 182
7212 7245 164
4578 4598 171
7786 7790 102
6096 6097 112
1742 1776 180
3979 4009 189
7723 7796 221
547 585 137
378 379 108
511 565 137
4708 4760 166
3053 3096 155
7405 7478 239
8639 8649 172
8130 8198 177
5248 5343 192
8753 8831 216
5267 5307 148
8282 8297 128
5393 5469 161
9950 10023 211
4906 4931 210
4246 4300 202
8364 8440 203
1955 1982 175
5830 5845 218
6880 6915 182
6511 6596 244
261 311 123
3295 3338 181
6771 6867 182
6438 6462 169
7426 7484 164
8416 8477 203
5773 5783 143
8437 8460 203
3183 3227 168
6101 6182 262
5150 5215 179
4757 4814 197
9692 9731 180
6473 6497 169
8526 8610 172
7209 7248 164
4486 4543 184
9883 9892 242
8105 8178 190
9486 9517 198
731 733 140
3944 3949 189
1712 1794 180
8580 8627 172
2078 2159 170
1380 1408 172
5498 5535 192
685 728 171
9428 9438 154
4467 4522 184
2846 2875 173
9446 9531 198
1238 1267 177
1294 1337 177
8355 8435 203
1226 1264 177
5035 5106 179
8295 8394 234
7553 7581 177
699 782 171
7909 7988 252
3211 3271 168
8217 8265 190
7655 7752 177
111 185 125
8304 8361 234
2855 2906 173
6642 6735 182
7080 7169 195
3436 3523 181
1421 1436 79
7226 7282 177
6186 6259 187
5908 5999 187
5101 5108 179
6074 6137 187
8686 8723 203
5475 5530 192
5885 5915 174
7253 7349 195
7956 8013 252
5306 5318 148
3308 3308 44
4905 4946 210
2589 2683 191
4880 4943 210
5709 5767 174
6819 6914 182
332 359 126
8338 8371 234
9334 9346 185
4796 4869 166
6401 6472 169
7628 7666 177
9753 9834 198
987 997 112
6791 6884 182
8522 8573 172
4593 4672 184
3192 3227 168
4473 4546 184
3898 3980 189
2883 2952 217
8429 8444 172
6149 6216 262
8649 8684 172
7531 7628 177
6208 6292 187
6421 6510 169
8923 8997 247
5070 5080 179
236 249 110
2555 2613 178
4665 4665 135
4890 4899 179
7035 7098 151
8634 8719 203
5898 5916 174
707 734 140
4733 4741 153
7447 7481 164
5043 5073 179
5884 5888 174
1615 1620 74
7793 7831 177
4831 4846 166
6800 6868 182
3781 3836 176
178 224 120
2855 2923 217
2655 2698 160
784 826 135
9880 9962 242
9160 9247 229
7361 7406 208
3795 3803 83
9980 10071 211
6139 6155 156
9147 9201 198
4521 4613 184
4644 4696 184
8859 8903 185
772 812 153
799 850 135
7438 7444 133
2371 2417 165
6249 6304 156
4088 4118 158
6189 6237 187
3069 3120 186
3493 3510 150
4711 4736 153
8408 8458 203
2041 2048 157
4956 4970 166
3551 3603 194
8619 8629 172
7396 7487 239
1403 1450 172
6694 6735 138
4554 4620 171
5287 5342 148
8573 8648 172
3285 3348 181
8975 9030 185
8314 8335 203
9572 9597 198
4998 5030 179
228 320 131
4591 4627 171
6306 6348 200
3841 3866 145
552 641 137
669 724 171
2137 2200 170
7149 7192 195
6429 6465 169
198 201 120
8164 8248 190
6118 6209 262
6191 6223 187
8664 8679 172
3809 3872 176
6447 6536 200
3407 3497 181
8278 8291 159
5532 5551 205
991 1027 156
9708 9720 167
744 841 153
5375 5468 161
1240 1297 177
329 420 134
9512 9557 198
7627 7657 177
4689 4707 153
6414 6467 169
5933 6008 187
3368 3400 181
3317 3392 181
2474 2569 178
2841 2847 173
66 150 122
442 468 129
8196 8282 190
676 699 127
5431 5499 192
4432 4493 184
6059 6103 156
6958 7044 195
5926 5973 187
3856 3948 189
1353 1394 159
5268 5289 148
1225 1310 177
1497 1596 167
6532 6622 244
8057 8107 190
874 874 117
5428 5450 161
6038 6094 187
5345 5415 192
725 755 140
3583 3667 163
6426 6519 169
6823 6876 182
4893 4972 210
1045 1091 169
3173 3238 199
967 1065 169
1250 1266 177
8098 8132 190
9506 9561 198
3436 3516 181
1007 1072 169
2154 2252 183
1321 1373 159
1220 1318 177
9982 10037 211
5183 5191 104
8048 8106 190
8761 8802 172
9037 9096 185
9187 9249 229
8824 8831 172
2961 2988 142
5323 5334 117
561 591 119
3566 3616 194
1562 1588 167
9215 9284 260
676 764 171
3921 4017 189
5287 5290 117
3051 3073 155
311 362 144
5180 5205 179
6745 6814 182
1584 1668 180
9132 9192 198
8791 8836 172
3187 3254 168
5856 5857 143
1649 1723 180
451 462 129
6700 6718 138
9632 9660 167
9258 9311 185
5624 5721 205
7456 7483 164
7719 7739 177
8831 8882 185
9545 9621 198
6173 6254 187
7860 7917 190
593 597 75
102 135 122
3471 3529 181
234 254 128
8084 8121 190
4683 4720 153
9407 9423 123
4865 4930 210
7869 7911 190
9563 9641 198
8221 8255 190
2150 2202 170
2886 2933 217
8980 8991 185
5528 5621 236
7068 7141 195
2549 2619 178
2606 2626 178
9480 9572 198
1140 1204 182
2581 2656 191
8701 8789 216
6491 6510 169
654 667 145
6761 6830 182
8743 8825 216
203 296 128
8387 8428 203
8940 8959 247
4852 4872 166
6912 6932 226
3293 3354 181
5442 5494 192
1833 1907 175
1444 1469 141
5191 5217 179
1501 1545 154
2366 2410 165
163 235 128
5057 5081 179
5941 5941 50
8259 8356 234
1045 1143 169
1938 2023 175
6717 6760 182
805 887 179
5063 5114 179
5795 5853 218
2703 2732 160
8132 8231 190
3306 3329 168
4525 4532 65
3568 3612 163
5504 5587 236
2616 2677 191
7008 7018 195
714 733 140
7407 7418 164
4617 4714 184
8097 8131 190
8840 8842 141
7668 7724 177
5705 5721 174
3466 3474 150
7445 7543 208
8908 8911 141
1274 1359 177
1911 2005 175
3029 3044 155
1277 1323 177
4328 4413 215
6908 7002 257
6256 6323 200
9506 9579 198
6364 6419 200
8560 8617 172
9209 9289 260
8165 8180 159
2396 2427 165
3323 3416 181
9581 9612 167
3297 3352 181
8369 8429 203
2049 2147 170
5327 5406 192
3396 3451 150
4316 4320 127
7402 7475 239
7323 7383 195
7798 7838 177
7215 7273 164
1597 1621 167
8939 8953 154
7691 7778 177
7745 7760 177
3881 3907 176
9598 9676 185
4534 4601 184
8738 8773 216
5718 5783 174
2614 2680 191
72 103 119
2123 2149 170
7504 7550 208
7086 7088 58
9486 9539 198
8013 8096 190
3430 3434 150
7197 7218 164
991 1085 169
8488 8560 203
4973 5012 179
8402 8409 97
2406 2446 165
2442 2518 209
7557 7614 177
9943 9973 136
8340 8406 234
1456 1500 172
1512 1607 167
7498 7597 208
1900 1963 175
8434 8464 203
5167 5251 179
2804 2863 173
9630 9722 185
7383 7386 71
2083 2169 170
4110 4200 189
9278 9283 123
5318 5354 192
4314 4375 184
818 872 179
3679 3753 238
4850 4942 210
3521 3569 194
2543 2565 178
4212 4241 202
7104 7135 195
5665 5725 205
8242 8338 203
3905 3931 176
9899 9987 167
7764 7826 221
6830 6872 151
9619 9668 185
3878 3911 176
3762 3858 176
6587 6629 244
3323 3360 181
2634 2730 160
137 166 117
4970 4971 91
8858 8885 185
6433 6509 169
4687 4762 166
6172 6264 187
6653 6676 182
933 950 174
9137 9200 198
7812 7868 177
6264 6306 156
2689 2716 160
9091 9119 185
7469 7535 208
7065 7120 151
1962 2017 144
4336 4421 215
4256 4350 184
1712 1801 180
422 473 129
1717 1811 180
7696 7766 177
5370 5399 161
9140 9147 66
2744 2796 173
3264 3273 137
1346 1351 159
9036 9073 185
7934 7991 252
9203 9254 229
9312 9330 154
4906 4954 210
803 866 148
3194 3261 168
6204 6273 187
1618 1691 180
6563 6629 244
2644 2677 147
4295 4331 171
6441 6533 200
1440 1497 172
2401 2487 209
8362 8451 203
3224 3320 168
646 673 145
7648 7658 115
9945 9951 136
6310 6310 94
4421 4477 184
5967 6045 187
5825 5863 218
1251 1292 177
9604 9651 167
7026 7026 58
8383 8402 159
3644 3667 163
5876 5921 187
8962 9053 185
186 272 128
6887 6971 257
965 1052 156
9846 9909 242
6146 6154 156
4363 4430 215
8364 8447 203
7545 7587 177
621 718 171
5635 5660 130
9044 9105 185
477 557 142
2481 2502 178
9955 9964 105
6518 6535 200
5300 5304 148
1103 1191 182
240 261 123
9427 9513 198
5684 5757 174
2594 2693 191
2493 2504 178
3082 3120 186
4205 4260 202
5187 5227 179
281 365 144
8853 8911 185
4364 4398 215
1232 1251 177
6044 6094 187
3237 3281 168
807 899 179
9884 9931 242
5465 5529 192
7486 7535 208
7589 7669 177
3901 3983 189
3743 3778 176
6473 6521 182
3391 3403 181
4140 4164 127
8596 8690 172
7134 7194 195
680 746 171
3632 3708 207
2469 2490 134
773 801 153
3913 3922 176
675 706 171
2673 2686 116
6880 6895 182
4594 4627 153
6697 6786 182
6821 6843 182
8990 9002 185
7535 7565 133
236 267 123
2476 2498 178
5444 5501 192
2089 2117 170
6233 6243 187
8649 8655 172
538 552 137
4016 4081 158
4645 4686 184
2079 2157 170
9656 9681 185
5011 5017 135
7714 7746 177
2228 2232 95
8396 8411 97
6187 6271 187
8599 8662 172
8707 8802 216
8172 8220 190
5823 5881 218
8058 8130 190
4116 4212 189
3386 3470 181
2513 2545 178
7526 7618 177
5910 5944 187
7617 7690 177
6240 6324 200
5458 5479 192
4740 4794 197
7288 7367 195
8839 8926 185
5943 6041 187
2634 2701 160
1046 1103 169
1225 1281 177
2929 2971 173
4052 4120 158
9826 9891 242
7052 7056 120
7510 7524 208
7239 7318 195
6587 6618 244
3163 3208 199
4652 4708 153
2252 2345 183
1535 1578 154
532 562 137
1341 1408 172
4298 4337 171
1624 1647 136
4195 4201 65
865 964 179
3574 3618 163
7516 7594 177
748 774 153
