1 10 20
1 999999 525
750166 715449 424
315189 884040 525
307728 736919 509
7687 164081 383
756984 657659 504
7006 566807 470
701987 275797 509
177245 263915 443
672639 519724 509
442281 867039 525
832104 433084 509
982287 760982 525
927309 973789 507
179012 541755 470
754845 985376 525
221520 638071 509
516692 965969 525
784433 556109 509
744748 66974 509
528307 596644 452
496806 504177 426
258202 38763 443
506159 738136 509
454988 308687 449
864087 984186 507
90303 309200 443
803011 711456 468
58139 525100 470
711800 39291 509
952403 838482 507
651842 15881 509
902355 75224 525
206752 158410 370
609790 628263 509
402069 445049 449
563514 437360 470
852952 101873 525
484037 89255 449
224585 623972 470
739806 806217 468
421277 477153 444
658654 964779 525
387990 95932 443
853045 207969 525
915576 958801 507
734392 215482 509
186380 524048 470
348062 575366 470
180237 48171 383
222449 831545 509
444032 129354 449
45105 257833 443
142396 377038 443
80665 40353 351
785108 40215 509
489533 415956 444
159218 442342 449
736870 509527 509
979359 759521 525
445853 618080 470
571999 449810 470
913353 244969 525
162261 978867 525
273791 209079 443
107997 296888 443
767902 330182 509
805300 690095 504
713726 938682 525
572435 587019 434
740398 225164 509
759867 61763 509
355253 471680 449
925076 606919 525
393745 553107 470
404649 779394 509
405408 432439 449
49913 603373 470
225149 612993 470
224629 489632 449
104505 130121 354
373784 759445 509
350365 121238 443
835558 884667 525
81688 704629 509
31645 583240 470
858584 639605 525
2972 779570 509
268242 464974 449
734298 467876 509
152480 749224 509
437099 554725 470
62922 983463 525
38790 173880 383
362181 222911 443
607801 401830 470
778386 702155 504
78860 105099 341
808463 131675 509
331912 747775 509
297350 521575 470
107396 452442 449
971732 132854 525
455675 397161 449
115294 933953 525
557231 724597 509
531157 757810 509
276700 169288 443
273331 772454 509
172332 8689 383
72246 828300 509
686063 732323 504
876572 580026 525
530396 119224 470
916534 597572 525
672022 454906 509
26835 317268 443
175244 11117 383
148535 33782 375
994497 438398 525
605421 474884 470
279400 195018 443
933329 207014 525
416760 204407 449
917661 591181 525
530526 502192 470
277693 252436 407
200901 928845 525
856416 208698 525
794732 811364 468
950054 337059 525
634500 979642 525
983174 455293 525
981992 988775 427
101237 733263 509
227571 497137 449
475293 291186 449
900952 98902 525
569752 167859 470
427872 844188 525
492761 337609 449
37931 500769 449
127451 14287 354
971897 572576 525
644451 943507 525
194531 669035 509
105410 113899 354
43388 757748 509
581353 614023 434
996596 334199 525
884443 379250 525
256008 472701 449
695282 385018 509
269754 699657 509
746305 393726 509
722965 530725 509
393489 743671 509
785712 453138 509
395796 539382 470
124052 82472 354
991269 278347 525
766561 104339 509
664182 486664 509
640232 188651 509
686454 860532 525
98813 603800 470
28253 447095 449
750957 606832 509
954214 16569 525
537157 368856 470
343826 989823 525
234206 992798 525
395355 882086 525
510784 24611 449
307373 231169 407
337029 1240 443
542993 819580 509
219043 682401 509
383547 77035 443
710774 612332 509
21686 238222 443
495436 841203 525
851772 989967 507
274347 769960 509
546064 877320 525
75661 932870 525
487480 15557 449
282757 857887 525
810014 557313 509
408892 252131 441
970986 381386 525
735090 66750 509
598558 461021 470
823629 718579 468
231722 5645 443
319705 233755 407
88680 601544 470
905985 213144 525
174624 523264 470
796316 178982 509
273880 620428 470
364014 577737 470
617137 233752 470
217507 679863 509
551690 160707 470
60845 264377 443
632165 187041 509
180161 304582 443
707758 330661 509
997816 212499 525
347282 44328 443
279398 195479 443
970683 688689 525
483 528527 470
558096 578441 421
470844 938178 525
795004 346947 509
440403 534408 470
164337 774008 509
18758 188920 383
436135 457703 400
199521 437797 449
640322 983619 525
855576 762499 525
640016 870137 525
975991 549133 525
559898 961093 525
183709 766056 509
369715 716127 509
12473 72398 340
153129 858892 525
44470 983716 525
437752 281375 449
865603 861024 388
477458 167279 449
980440 260397 525
634901 58028 509
405802 39446 443
40979 680105 509
597759 905202 525
855149 451932 525
355976 841765 525
375624 647575 509
196606 500596 449
37539 324627 443
446887 285113 449
729525 603771 509
808820 815197 406
424836 410193 418
246787 487189 449
69944 378097 443
438753 115868 449
625732 27968 470
926973 880839 476
647981 807703 504
150552 810575 509
943691 409357 525
79450 209583 383
133311 128126 344
366376 658198 509
267654 56176 443
521169 540302 408
108749 806050 509
881083 138079 525
596648 604489 403
906735 486666 525
120177 824458 509
437025 200825 449
263300 864960 525
605560 311310 470
976957 692359 525
317033 309970 384
939853 176853 525
508113 386894 449
337279 871618 525
898218 856339 445
12729 13211 245
38808 398874 443
881387 554814 525
157854 280864 443
804423 471111 509
94775 856205 525
337270 430741 449
789604 667486 504
579529 747312 509
95648 168694 383
440585 867706 525
619412 977879 525
179445 76259 383
294381 80716 443
799672 57160 509
417096 405904 449
697591 564117 509
822470 517923 509
263794 227523 443
364466 202125 443
280303 289593 389
738403 354938 509
429353 583368 470
139123 178343 383
12684 728219 509
342353 545894 470
153107 825926 509
251666 623648 470
836341 710585 468
92680 111367 354
422441 566462 470
476891 604955 470
971154 759008 525
27306 771036 509
275918 427418 449
5458 423237 449
227102 378008 443
242544 502252 449
396380 383424 436
879844 261758 525
999972 456247 525
867547 755285 525
105356 581210 470
782126 391208 509
145303 597818 470
857585 669533 525
315949 485994 449
218362 994357 525
701511 487240 509
847517 942181 507
281007 958549 525
609088 772619 509
341943 875621 525
357415 793790 509
979322 228187 525
81587 777537 509
820169 148727 509
176176 123145 383
332200 497879 449
522408 8655 470
344524 192982 443
827264 953202 525
806174 509428 509
223615 883187 525
509169 392042 449
264046 184217 443
356730 548335 470
885585 363114 525
808748 809514 313
206936 23344 383
856396 993555 507
105183 635973 509
166139 141607 383
973461 296279 525
691647 913260 525
855861 811622 525
941174 291383 525
996882 680148 525
170251 949549 525
833695 767792 468
12250 89703 351
397760 123647 443
803088 381304 509
2057 484845 449
91337 977671 525
228425 526789 470
512188 984853 525
108266 941673 525
562574 125931 470
656553 236143 509
333429 251910 407
842356 517324 525
357757 996738 525
736649 623145 509
75769 548934 470
393431 274819 441
162662 361543 443
448654 54885 449
327285 474672 449
936880 966907 507
3976 310369 443
367017 57334 443
348675 339924 441
417631 24151 449
970879 73279 525
488974 999063 525
333429 961268 525
385166 984303 525
706442 329018 509
429158 14053 449
646481 155665 509
373156 409466 436
335769 7756 443
838058 75632 525
813523 34455 509
34134 100777 351
326498 102727 443
513627 855493 525
783190 106173 509
791155 783051 406
543731 554300 452
402378 1736 443
211117 850932 525
922357 486580 525
381340 818104 509
991688 516075 525
455314 351013 449
31817 880880 525
797705 501121 509
756278 859537 525
885982 42943 525
178425 730675 509
662842 221820 509
986943 883181 507
935664 242576 525
732589 488937 509
798480 326747 509
950972 673084 525
265330 709595 509
559183 388429 470
19615 564784 470
2025 72558 340
714092 21317 509
947338 869070 507
243414 656228 509
631411 651757 416
536209 502689 470
94039 19012 351
247602 471242 449
827720 141045 509
127617 837116 509
69742 169622 383
262805 410279 449
772143 865025 525
167911 788475 509
621989 806091 509
396826 267753 441
379486 716408 509
652011 449691 509
883144 439351 525
324713 796012 509
311788 953351 525
331490 325653 353
963863 651105 525
853874 798286 525
765449 255648 509
604622 322459 470
112920 143760 375
894127 992452 507
687834 108530 509
381361 928009 525
35507 634111 509
145822 961511 525
727162 816226 468
865113 532280 525
852233 305047 525
188460 261145 443
853404 256406 525
939287 955714 507
111121 926110 525
848179 959296 507
562341 843198 525
643244 180516 509
111087 140782 349
100235 492946 449
642937 352926 509
322156 496564 449
125605 663019 509
76029 968687 525
691417 655404 442
667571 672299 336
674075 623112 509
828693 126369 509
619123 248983 470
22741 271422 443
671267 861605 525
890902 39897 525
975374 311881 525
803722 399587 509
585729 447259 470
783738 175874 509
623652 629956 509
657119 319728 509
558970 947228 525
627347 891673 525
924906 929781 476
444674 480781 444
795008 456836 509
488666 655338 509
483361 370398 449
286132 755264 509
985279 777627 525
729318 94426 509
164952 567630 470
372189 445943 449
777263 460184 509
974451 657246 525
605427 858176 525
30247 367989 443
480869 897039 525
84188 851970 525
890462 768667 525
740003 412117 509
382104 178458 443
344336 984489 525
843921 29013 525
526988 410809 470
979452 621222 525
544813 976753 525
311870 966789 525
596578 27029 470
92955 461837 449
43456 968743 525
91794 356797 443
527319 219691 470
648867 414868 509
537560 404584 470
410641 996738 525
713252 363850 509
565072 554746 421
653597 616530 509
415120 392080 449
659915 290311 509
251177 685484 509
265763 881881 525
524947 559564 452
426350 432051 374
528754 957339 525
694944 530906 509
341337 173708 443
149426 560948 470
265955 761391 509
58212 738610 509
860665 637240 525
101172 552670 470
94490 687599 509
441178 971149 525
936924 403429 525
36289 746152 509
437829 300758 449
530513 73373 470
481122 453877 444
306514 696764 509
364303 392653 436
963464 96640 525
553886 471196 470
563555 70000 470
899547 126381 525
75836 91805 351
683914 727882 504
738541 403271 509
546636 175939 470
235839 668365 509
626843 250404 509
976044 258209 525
438612 304768 449
206427 355575 443
410071 309982 449
645871 685440 442
188195 4227 383
579635 865864 525
590410 884501 525
690693 932507 525
57247 118028 354
666493 601093 509
563565 35314 470
111680 421262 449
56598 567645 470
155487 531881 470
532849 515728 439
964791 731250 525
575120 615078 447
725189 543818 509
837952 1380 525
466300 444276 444
472100 348886 449
18358 475887 449
539380 715672 509
576671 687352 509
701507 298758 509
491576 249230 449
577140 700544 509
753151 816543 468
891060 937907 476
320926 316313 371
218514 621423 470
882418 264482 525
867283 649762 525
727091 744863 424
412277 71365 449
284674 179180 443
899012 918197 476
58864 728574 509
826547 852997 525
215784 714383 509
744611 789074 468
98067 555255 470
733208 702188 504
136770 677186 509
446372 225875 449
487923 503006 426
743260 335024 509
8616 601683 470
643761 703785 442
261041 78743 443
711698 685203 504
328514 772909 509
453552 375540 449
429490 259518 449
299526 51539 443
534433 589773 452
238581 777388 509
752780 779863 468
616806 445669 470
790469 327718 509
248929 352358 441
331188 283623 389
663599 577917 509
715074 815944 468
375862 139633 443
424544 779965 509
933278 222795 525
775457 265671 509
602355 117437 470
556733 40573 470
419630 860720 525
538890 912658 525
98274 121404 354
336602 970776 525
937859 287277 525
501513 101523 449
892834 440463 525
385206 8048 443
853607 946860 507
886489 468297 525
54074 57759 322
800166 621326 509
925178 207114 525
877948 713231 525
70321 429077 449
966173 168183 525
932827 444425 525
855906 67108 525
897451 377272 525
747494 167707 509
93071 389504 443
58692 299672 443
401936 377647 436
746867 59706 509
557294 806795 509
560728 686921 509
84727 318907 443
159518 75931 383
497673 221774 449
112421 3943 354
521764 955037 525
579664 96120 470
319502 975141 525
529613 541526 408
646714 6395 509
222087 674513 509
594652 583605 434
999238 31287 525
862265 71368 525
344082 415636 449
621196 813718 509
592059 804351 509
948101 37249 525
971757 612687 525
674293 344984 509
391338 56260 443
899004 670213 525
917161 449089 525
831413 697862 504
126046 670186 509
837256 792388 468
352936 845994 525
299477 72771 443
70272 867859 525
732833 556072 509
217582 924319 525
808745 973561 525
903992 951944 507
197191 289244 443
110656 63630 354
239256 113967 443
220121 865828 525
812773 211914 509
487051 952138 525
337862 879850 525
916989 567282 525
608457 791753 509
893034 18446 525
76108 780186 509
380882 911161 525
64196 972408 525
962580 654042 525
15626 356736 443
737216 876127 525
811800 958827 525
399425 261285 441
84959 612821 470
39820 203428 383
202252 642171 509
722992 604970 509
304626 916412 525
775565 3091 509
582026 152292 470
864743 428902 525
405256 298365 441
177517 423502 449
851974 43169 525
982385 805097 525
230228 453936 449
54870 388139 443
483581 261583 449
534582 320662 470
181216 800773 509
709077 144155 509
362045 8398 443
60916 844105 525
748635 742766 362
675656 599819 509
217171 364715 443
872664 783162 525
300475 577796 470
922099 955123 507
980751 903103 507
637284 981108 525
666363 839265 525
842638 105004 525
387157 427488 449
17140 684449 509
150178 261201 443
497222 870958 525
806086 145039 509
98373 725717 509
944277 922965 507
587366 681121 509
492512 615183 470
293470 153497 443
669740 521218 509
85476 94091 333
133974 973040 525
311802 451785 449
915333 38252 525
679349 760383 504
35161 590924 470
212340 422259 449
92609 311468 443
341713 143416 443
896950 53539 525
347866 636598 509
856928 745871 525
179394 151667 383
115239 739140 509
998338 575989 525
237971 682243 509
69305 139600 354
977277 343849 525
148342 479553 449
885026 743511 525
417785 846552 525
122350 179652 383
692357 808543 504
571212 996859 525
957253 324285 525
991977 975953 427
617221 606753 447
914252 565719 525
47208 567267 470
662634 481998 509
394413 322899 441
958232 276666 525
739308 450359 509
508334 257403 449
374473 475667 449
823976 533316 509
335640 39359 443
722298 254335 509
575618 157041 470
878410 472469 525
417381 473495 444
692441 66728 509
997864 262696 525
682151 640773 442
833471 272527 509
111023 751231 509
528713 806780 509
300452 470962 449
523417 679329 509
68705 32993 340
791592 801872 468
38344 864074 525
706695 643521 504
863749 663114 525
567546 212104 470
614842 363946 470
940604 830983 525
952901 471524 525
704939 729599 411
27523 732744 509
252923 252126 319
630505 789388 504
759600 703406 504
689298 699155 442
104133 669145 509
369514 430068 449
149559 272470 443
370464 691598 509
186185 572364 470
36206 109583 354
773732 321153 509
954188 91080 525
702346 773061 504
620854 663 470
568265 933213 525
506003 550026 470
549597 68073 470
942135 511344 525
479726 104290 449
145445 79017 375
907460 386122 525
115689 452054 449
392323 533613 470
744075 4596 509
262045 558955 470
751287 576447 509
374540 149172 443
781821 688828 504
178873 713470 509
661643 22509 509
874494 974731 507
436488 942284 525
888539 645174 525
987407 651980 525
665776 291128 509
158275 473474 449
36876 633564 509
239690 349537 441
206862 982837 525
257589 633304 509
568173 67404 470
289723 342882 384
874709 235137 525
879823 742461 525
576416 44561 470
730913 393096 509
97 500626 449
980036 525621 525
958566 85278 525
589611 112962 470
380243 277733 441
300597 708718 509
566600 335606 470
129409 190480 383
258285 404237 441
773707 21538 509
259128 16112 443
72738 327800 443
968759 809769 525
588661 996839 525
112055 579955 470
108249 487652 449
73884 677652 509
999346 178145 525
342353 636055 509
147976 41118 375
867587 177776 525
693872 760947 504
169573 938018 525
80175 34717 351
208865 2044 383
522566 198561 470
722364 696549 504
872006 904260 445
479450 846306 525
367721 194341 443
358562 836158 509
31792 620129 470
655671 134003 509
220884 54265 386
344604 741076 509
87714 773366 509
914827 529187 525
229363 695653 509
745412 234131 509
474566 810219 509
464563 960326 525
881877 534359 525
678255 780177 504
541743 810167 509
905638 204762 525
949598 104647 525
249864 210206 443
530403 909140 525
981074 526972 525
871533 662471 525
599618 560563 434
881661 604005 525
264110 427066 449
534889 857834 525
129735 474926 449
261673 344230 407
925536 369685 525
606914 865613 525
956360 974322 458
181299 556889 470
410295 541798 470
322728 841762 525
544844 712858 509
186 941239 525
882565 194953 525
661053 468685 509
179609 271155 443
148861 548324 470
636384 342458 509
301573 85504 443
764145 753764 380
624121 146493 470
266936 893380 525
542453 834914 509
235782 893553 525
874436 212807 525
550295 670601 509
174820 636698 509
761163 338448 509
746073 153262 509
967668 203151 525
388347 612499 470
856001 25811 525
189675 388305 443
723343 372503 509
313654 222909 443
687946 103402 509
463925 237094 449
392750 87371 443
630491 85398 509
65694 723651 509
133263 118676 344
929214 405762 525
977267 62241 525
785389 302878 509
970023 511989 525
913685 403897 525
800150 346204 509
17396 259132 443
109409 239774 443
47728 334144 443
639209 939850 525
124488 131741 344
16862 587672 470
433547 40149 449
592350 741626 509
497544 775145 509
949013 595627 525
350021 777911 509
87376 971296 525
481654 103752 449
800970 559206 509
926327 27090 525
696867 139190 509
953914 659843 525
316847 310840 384
692524 937118 525
772936 827567 468
893549 734247 525
183153 190518 360
932113 130147 525
62411 476487 449
87774 374287 443
907335 520629 525
271224 137953 443
130457 781337 509
1786 649925 509
95312 323922 443
358124 904157 525
146732 259646 443
71738 66742 325
3843 490727 449
963576 161050 525
963848 50101 525
908664 474087 525
970459 400025 525
139617 995195 525
36964 586489 470
761781 283594 509
659299 29208 509
796926 204808 509
808671 798608 406
68290 489361 449
891774 739939 525
975772 280593 525
590083 287065 470
457605 205226 449
460119 535026 470
667011 331072 509
543933 462375 470
494064 638706 509
158770 738854 509
935858 642320 525
390512 524268 470
902948 133691 525
972585 33409 525
124543 598378 470
