7426 39355 324
9594 54061 340
67370 42577 340
92584 76989 351
22614 53317 340
12614 3532 268
76523 31084 340
18212 33601 308
94191 98829 328
92212 68770 351
5561 584 238
5514 73698 340
69146 30140 340
25649 67459 340
95518 7822 351
24944 97821 351
47178 29415 324
46760 9426 324
71992 39346 340
81292 94606 333
87540 93906 333
93015 64064 351
19868 6106 279
92543 14060 351
99812 84756 333
77708 5374 351
80218 83222 320
79073 49365 351
8240 99599 351
16825 98635 351
7422 41769 324
96458 54600 351
66062 38096 340
58903 38055 340
72319 40196 340
27540 54738 340
28980 20556 308
18803 48849 324
21539 6224 279
57786 21353 340
85858 30372 351
26727 66077 340
13595 678 276
10320 21836 279
278 27145 308
20472 7701 279
63791 11808 340
57178 29854 340
44782 16083 324
62787 17102 340
51156 85204 351
71840 80137 351
638 85521 351
23864 22178 282
86622 76527 351
43531 67358 340
6901 65135 340
28313 15373 308
65814 38633 340
32086 66092 340
60655 47436 340
68670 24448 340
59244 25850 340
49179 98903 351
36810 6844 324
10884 82843 351
92048 77601 338
57858 92687 351
58000 81722 351
9743 44624 324
53128 53274 309
6860 60029 340
13287 35174 311
75402 79101 351
73807 7490 340
40072 34464 324
49803 3620 324
53789 3925 340
24347 97845 351
2830 61157 340
4691 13714 276
38879 91616 351
91315 96737 333
84304 44194 351
78461 88924 338
88818 26467 351
37076 95678 351
86496 50364 351
25730 56776 340
29466 99538 351
59143 64415 335
28880 8947 308
68036 77546 351
12873 92383 351
75392 15703 340
48419 80083 351
24294 87298 351
66578 10487 340
84036 50883 351
54681 57375 322
39809 38377 275
83842 76885 351
28934 65216 340
22127 54664 340
21994 46471 324
49080 76014 340
10887 72837 340
84962 73800 351
50384 92712 351
61062 25778 340
3293 9482 262
739 27587 308
91657 67317 351
32951 70571 340
13079 82510 351
27948 47765 324
15765 6668 276
19528 39576 324
66762 41656 340
94241 83633 333
88127 38199 351
59648 93891 351
11038 39488 324
67693 56299 335
32201 28756 285
82077 35494 351
33115 77694 351
57958 24773 340
45012 85787 351
95344 52968 351
68298 18170 340
734 78940 351
19716 15140 279
18518 86478 351
56796 7637 340
64989 39801 340
45836 24638 324
33693 51751 324
64127 96263 351
8052 91205 351
25020 85006 351
26701 53012 340
62701 79536 351
77785 7715 351
65324 68008 312
55560 28500 340
81055 56295 351
7442 772 262
71435 20837 340
82127 23109 351
28474 47117 324
62910 74310 330
66633 91480 351
20940 25638 282
87745 28992 351
16844 7643 276
13999 38422 324
55533 76701 335
17960 28196 308
79293 78161 338
96204 34854 351
1540 72138 340
86026 3859 351
67787 52339 340
24696 49916 324
75448 53170 335
91910 33236 351
22358 53421 340
19595 43298 324
79059 2218 351
67167 90781 351
4738 81167 351
29204 60271 340
52746 42041 340
88468 32040 351
20204 79550 351
61771 21744 340
51689 42676 314
25603 19478 282
95015 45176 351
64271 65342 268
98346 51059 351
93455 15582 351
4482 13051 268
58881 78418 351
15269 20926 279
69200 14885 340
2094 98405 351
75156 49717 340
40447 63625 340
76634 55528 335
43177 38407 306
72149 89743 351
81083 92629 333
4099 70976 340
37806 68370 340
36319 31030 324
14308 24653 282
46613 18790 324
37704 372 324
92085 47851 351
21298 61287 340
62736 18270 340
54570 37893 340
67987 89894 351
96396 44623 351
45424 34451 324
77907 17574 351
19072 53868 340
10205 23172 279
24845 42888 324
91542 56042 351
73919 5851 340
80695 20533 351
19518 13277 279
15782 11605 276
61128 37080 340
67769 18742 340
50227 22340 324
51513 18216 324
12235 47910 324
57716 52536 322
77238 35624 351
64988 96310 351
89492 70070 351
19483 9215 279
12959 5904 268
65257 86878 351
6632 45953 324
2289 26151 282
59231 18071 340
32633 15237 308
50029 95279 351
33980 257 308
17620 85493 351
13350 24732 282
28281 71066 340
77269 5520 351
1568 37135 324
96707 91060 333
7206 16192 276
277 20165 279
16973 60411 340
1922 23605 282
6366 4211 262
44633 60474 340
17160 77266 351
75711 62066 330
72546 4569 340
57200 85043 351
90062 70551 351
9777 13221 268
36495 81923 351
18741 38064 324
19059 15450 279
24002 26265 264
26519 24279 277
41307 43492 288
84691 43229 351
67097 85934 351
42318 11732 324
46409 54355 340
83875 16998 351
16422 51300 324
21568 73622 340
31221 6508 308
39051 35875 306
19730 75547 340
17799 33348 308
8489 31735 308
43675 32491 324
52877 65071 335
51648 89062 351
8564 31217 308
32292 70539 340
12029 69487 340
77148 53315 351
23843 55901 340
70313 35142 340
2079 86758 351
3643 33301 308
88144 42694 351
69176 7875 340
13119 81853 351
36100 21608 324
8466 74653 340
48977 61344 340
39725 95502 351
50407 48290 296
26720 77576 351
13707 38749 324
47065 90855 351
92064 65785 351
41634 57255 340
95805 43714 351
44015 99448 351
77015 32160 340
37020 41069 306
34912 50140 324
22923 65889 340
66625 31390 340
40543 10480 324
87611 80269 333
5983 32896 308
23437 27580 308
10473 37144 324
61206 52415 340
22877 48148 324
13079 59388 340
5405 8885 262
3103 44297 324
3211 74995 340
71334 40231 340
10943 1124 262
85248 33866 351
67013 51875 340
60133 7558 340
57232 42622 340
82704 63216 351
75518 6142 340
85673 80869 320
38163 46881 314
33285 55917 340
95029 41241 351
15306 95311 351
50126 13287 324
39609 53337 340
83159 5821 351
88446 94102 333
6945 73695 340
22847 68836 340
25571 77857 351
71271 77681 351
20481 53976 340
40898 90876 351
54995 21449 340
71746 88035 351
68330 99909 351
38830 63361 340
41151 49013 314
53550 86155 351
62300 93160 351
34370 45461 324
93858 22817 351
34441 805 311
96513 57288 351
69641 16962 340
35147 35790 324
94643 55628 351
89766 30419 351
46505 39639 314
51869 13130 324
27675 15077 308
13040 61382 340
73315 49068 340
10396 26867 308
35224 67574 340
20028 69595 340
7913 13887 276
87289 42354 351
9569 78680 351
99643 74087 351
95643 34791 351
9878 85164 351
85296 94521 333
10462 26679 308
34161 57208 340
39809 56713 340
72285 47726 340
18096 45602 324
96795 28493 351
72469 26897 340
96067 87374 333
91369 3981 351
96138 78660 338
41212 5709 324
57341 40856 340
74673 47862 340
70524 84552 351
27905 50698 324
73951 38367 340
77378 8114 351
95575 12065 351
64827 67861 312
54669 77801 351
8341 46342 324
1172 80810 351
73239 97239 351
68185 64610 312
96097 59202 351
38148 37310 306
64911 90366 351
73044 34462 340
38230 43569 306
13892 66135 340
94268 87844 333
99379 66524 351
95958 89832 333
73466 55663 335
57694 28136 340
28342 66036 340
74478 29514 340
41724 42596 288
26754 4788 308
7207 17729 279
63990 45355 340
55040 23779 340
35722 28085 324
58241 68829 335
66531 72134 325
29842 55677 340
59979 24099 340
17079 50815 324
13932 90546 351
1356 71627 340
13560 29699 308
32541 82916 351
59213 74265 335
25513 80845 351
73930 27597 340
98574 37921 351
67829 48492 340
61700 98428 351
71454 19943 340
62136 37987 340
86954 91978 333
93664 46934 351
16079 10745 276
92626 24888 351
96168 93982 328
96515 4606 351
23682 23934 251
87522 82896 333
93077 7913 351
63742 67008 299
35510 57194 340
4931 98216 351
5688 61508 340
96646 77142 338
81451 58783 351
15130 68406 340
45639 3673 324
10218 56595 340
9295 2845 262
81484 341 351
96828 72877 351
4947 15388 276
91689 92470 284
98284 84767 333
95260 56904 351
46653 25649 324
14100 46461 324
23866 14665 282
7971 15390 276
91807 89422 333
69050 1816 340
52707 14691 340
366 57802 340
66163 9661 340
60648 42525 340
10002 52354 324
15404 14949 271
67742 1971 340
2297 60905 340
86738 97558 333
12687 28269 308
23208 21664 269
74731 41951 340
36329 82702 351
57342 23015 340
67002 26393 340
24831 14587 282
35961 25197 324
72390 97002 351
29735 27916 272
39528 34614 324
80270 49809 351
49563 42890 314
51780 46738 314
98672 33396 351
39174 11361 324
61666 57259 335
33025 36398 324
99210 64232 351
19101 51430 324
87247 80980 333
72701 12079 340
95568 8663 351
32153 67959 340
543 56765 340
95875 40072 351
91379 71023 351
84758 40943 351
8791 36540 324
82558 7465 351
69936 21733 340
13703 26480 282
78992 41605 351
62878 73081 330
5838 76856 340
24512 93085 351
57838 97213 351
42 48284 324
755 27072 308
16244 1298 276
83837 6997 351
36247 75217 340
72897 21007 340
11039 76565 340
52424 93597 351
84030 22361 351
10209 92610 351
43719 84078 351
34217 6598 308
57160 40055 340
78332 76550 351
28019 31048 272
73764 28061 340
79332 74519 351
50011 95576 351
70695 33849 340
97450 6943 351
9068 70348 340
27950 14984 308
41791 75251 340
8582 25823 282
92490 13668 351
13311 36210 324
97747 47528 351
37685 49785 314
82461 16018 351
26336 10481 282
47066 94978 351
33419 26399 308
64375 83430 351
16853 35071 311
12158 14304 276
42015 16103 324
79529 64842 351
31087 21322 308
40095 34546 324
42022 32586 324
48215 50210 296
63673 40840 340
97739 1359 351
90625 75078 351
17378 11840 276
85559 59321 351
6819 13856 276
85721 71194 351
92164 97451 328
1144 4323 238
6634 43159 324
15303 81040 351
2879 46390 324
97239 37851 351
80936 34139 351
65314 29152 340
84350 28988 351
64869 82090 351
25225 55496 340
57169 42603 340
62213 37606 340
96801 69032 351
46339 77400 351
35104 38504 324
74853 36248 340
37704 81487 351
74284 53007 335
57405 72041 335
94274 54646 351
9893 75212 340
88785 70085 351
99241 73136 351
93950 64112 351
50104 19176 324
14486 7274 276
56656 76699 335
39757 53459 340
40609 86097 351
30860 70590 340
19479 591 279
6840 52061 324
76955 76001 307
99945 34362 351
48043 94221 351
89008 52814 351
64311 72671 325
22900 63553 340
45809 11728 324
22543 95913 351
30905 37029 324
98065 82438 333
8606 37823 324
30775 44092 324
23921 61636 340
14684 38278 324
57104 16401 340
90339 34061 351
92402 90285 333
68423 40447 340
84507 52309 351
93261 48819 351
24981 11039 282
7251 65667 340
22767 29794 308
61582 48549 340
61701 54525 335
30989 65184 340
92348 56641 351
9278 11148 268
18278 18839 261
49426 70260 340
35240 34643 280
4322 22520 279
24929 67622 340
62967 4315 340
14809 51106 324
48011 39790 314
62145 50139 340
336 79790 351
74811 56795 335
28340 36513 324
11321 54206 340
1698 3670 217
10849 5853 262
9695 24004 282
19569 53998 340
94264 54809 351
88641 93463 333
77330 8449 351
61086 35175 340
12764 75895 340
86282 55652 351
10564 43305 324
670 5777 238
23096 75481 340
62572 46314 340
11995 73893 340
521 8570 262
72440 6247 340
9301 82136 351
25129 28870 308
36135 19394 324
78557 24778 351
7736 50765 324
28104 63699 340
85940 35745 351
34473 67100 340
91397 45037 351
10407 92067 351
45691 33503 324
67549 8264 340
79817 74421 351
82157 75216 351
77869 49475 351
81463 87170 333
31612 6593 308
16041 62625 340
20865 89475 351
82280 28601 351
40241 10385 324
87177 26183 351
46130 21651 324
88160 32405 351
61565 98567 351
19351 7257 279
32072 86900 351
15521 6767 276
56200 92555 351
81983 34070 351
42032 58325 340
21241 68521 340
59795 32159 340
31147 75537 340
21636 8305 279
99015 56754 351
18690 86194 351
82937 59697 351
7846 65976 340
92103 69412 351
64544 11455 340
76669 91493 351
93232 87068 333
98261 44310 351
79624 75122 351
78380 16534 351
28325 94498 351
85056 88121 333
26659 11081 308
63659 43172 340
19387 62676 340
99926 32954 351
48871 77742 351
87529 56717 351
43719 79633 351
21007 8264 279
85965 97677 333
94635 74075 351
84746 92897 333
18387 59248 340
62897 96767 351
70660 91223 351
91267 55717 351
79345 12804 351
61675 37882 340
55976 75939 335
559 50780 324
3772 44307 324
28523 91301 351
95902 72242 351
65812 16910 340
75384 51778 340
14588 70020 340
25854 94211 351
57795 44241 340
48338 20693 324
41010 18999 324
6794 27155 308
69593 81016 351
39959 31269 324
18900 90812 351
2087 14336 276
41593 5859 324
53521 64994 335
92037 49424 351
37237 57850 340
66334 7499 340
9629 75800 340
72396 30360 340
64889 25069 340
69479 13228 340
40640 5367 324
32227 47434 324
32522 1821 308
28452 67358 340
27968 42229 324
58171 24932 340
56565 94641 351
25668 10087 282
59636 17706 340
54388 91751 351
75556 20724 340
94127 80062 333
91401 66525 351
5300 56291 340
91594 74779 351
69520 32235 340
80146 96624 333
74547 7546 340
98446 3000 351
74904 21292 340
45229 27953 324
46224 96671 351
22596 71892 340
1637 82232 351
89598 56025 351
68861 60032 335
71626 62990 330
34972 63028 340
29516 35149 311
14198 15988 271
9930 83718 351
43101 84953 351
80343 17649 351
92500 73667 351
15526 67405 340
94959 55632 351
90236 41184 351
52304 12833 324
7954 48818 324
89942 92429 333
99721 53682 351
52462 71348 340
16673 82311 351
29255 41066 324
17462 43453 324
57054 22269 340
27172 95032 351
2100 2393 183
12682 94600 351
70938 23085 340
56884 65898 335
78717 47121 351
1961 25900 282
54831 4792 340
74718 39651 340
97222 74440 351
93333 49685 351
40667 10007 324
26875 69922 340
45950 39214 314
8253 97882 351
56360 30302 340
92915 58460 351
32695 476 308
53062 3634 340
23561 4824 282
64410 2280 340
46822 61248 340
28180 1654 308
66040 97775 351
36182 63263 340
72217 29517 340
7827 7762 221
34401 29579 311
72561 80352 351
68793 80814 351
78235 25154 351
11117 66028 340
78491 38689 351
66504 26431 340
42324 90066 351
31255 1612 308
92346 78077 338
57737 20527 340
74608 23778 340
18303 5669 279
81919 85397 320
30063 84623 351
88036 64464 351
14203 60598 340
39694 82996 351
41413 12807 324
3028 52530 340
78836 76396 351
91220 45341 351
2829 28422 308
35408 34084 311
24911 22632 282
7040 82648 351
38036 76525 340
1304 51217 324
77071 83223 338
36615 7135 324
67847 19530 340
66477 76927 325
80128 6172 351
54801 16420 340
13857 57829 340
63827 92693 351
34227 49925 324
32912 31933 267
78347 63198 351
60894 98135 351
85830 67934 351
75661 23868 340
39338 76966 340
75085 16410 340
55067 6578 340
18423 17793 248
20985 84900 351
94720 1115 351
85949 49523 351
12412 99806 351
2230 76239 340
87377 31334 351
26166 20291 282
63267 99390 351
78366 24163 351
92404 59074 351
86974 68066 351
82942 21190 351
45033 52905 340
37601 102 324
54361 56024 260
12772 70223 340
35802 7493 324
66215 21752 340
51893 78627 351
21560 54124 340
54868 8938 340
80335 75911 351
24106 43604 324
75302 2473 340
62644 67707 330
61548 49619 340
30652 39368 324
70810 75685 325
87151 3289 351
70664 36390 340
54190 83436 351
6614 89992 351
85807 72830 351
11745 37701 324
46335 28182 324
86702 1204 351
31998 67039 340
71992 56104 335
5521 42173 324
53455 68165 335
4758 9881 262
12662 35410 311
44126 78349 351
11097 31278 308
76515 76638 263
62545 30706 340
54953 64037 335
15576 35638 311
31745 22199 308
68216 78080 351
50381 54920 340
74162 82379 351
16837 46155 324
33362 22358 308
88328 86817 333
85400 93087 333
96698 92939 328
28498 40825 324
71290 34472 340
66981 47806 340
5989 24404 282
73390 60942 335
88441 88966 271
91457 20187 351
6043 59674 340
98268 56425 351
9472 67308 340
33682 26309 308
13464 67044 340
43544 1794 324
48739 23822 324
89758 45438 351
16763 18257 279
81141 88053 333
47607 43000 314
30737 53596 340
67404 4128 340
9416 50724 324
87972 874 351
65788 94015 351
60548 64057 335
45318 70021 340
26243 73878 340
91207 39708 351
40923 34753 324
36379 89663 351
58575 26138 340
29979 70215 340
39272 5998 324
58269 86879 351
48998 83884 351
35353 11281 311
88012 44769 351
62005 70862 330
40520 27794 324
59756 1070 340
86729 99951 333
65968 12973 340
73830 52053 340
47558 14755 324
81683 83937 320
99295 35137 351
10076 29275 308
5353 49349 324
30151 58500 340
31106 79149 351
42385 66460 340
85307 25275 351
11230 42190 324
96138 51751 351
69985 50772 340
47698 51592 309
50724 8544 324
59442 19433 340
60597 7002 340
29065 37159 324
90939 28361 351
72296 95893 351
52513 77649 351
45243 77541 351
36150 76349 340
56692 78535 351
42810 36877 306
3812 48918 324
79068 94827 333
95546 43931 351
40477 43245 288
95523 86078 333
46666 49843 314
5512 2141 238
56845 34577 340
39300 42663 306
57815 11597 340
38557 5207 324
89247 83800 333
82748 20275 351
55027 34318 340
98811 92715 328
71196 97500 351
41634 45142 314
87205 37181 351
89073 27683 351
75303 84597 351
13762 16847 271
34441 14152 311
18988 86164 351
43606 58289 340
28828 96299 351
69886 67385 312
