785 400 171
311 137 128
537 442 142
813 899 179
511 352 142
209 679 145
952 737 179
45 966 179
282 96 128
225 452 144
820 642 171
551 56 144
943 836 179
35 415 144
846 573 171
471 478 129
503 533 124
956 817 179
658 767 171
497 695 145
665 175 145
657 945 179
786 203 171
205 239 128
104 717 171
75 356 144
589 721 171
565 689 145
932 324 179
565 297 144
710 98 171
809 515 171
109 783 171
580 248 144
918 89 179
47 866 171
744 230 171
404 777 171
437 677 145
319 606 144
529 556 137
734 153 171
91 47 116
962 177 179
761 131 171
133 409 144
893 26 179
479 93 144
689 715 171
660 791 171
892 5 179
300 144 128
151 701 145
185 787 171
403 583 142
109 615 144
729 46 171
198 185 120
952 460 179
637 95 144
885 544 179
133 832 171
542 296 144
94 687 145
814 299 171
501 64 144
79 583 144
632 687 145
973 536 179
359 964 179
65 752 171
514 49 144
521 138 144
902 926 130
900 26 179
898 207 179
136 513 144
224 181 120
392 787 171
387 55 144
927 698 179
516 259 144
322 443 144
762 170 171
427 808 171
248 550 144
164 58 122
559 588 119
880 224 179
116 426 144
307 247 123
393 688 145
291 135 128
790 606 171
370 92 144
204 22 125
973 324 179
747 705 140
469 80 144
814 136 171
559 322 144
728 164 171
528 313 144
472 711 171
695 308 145
599 995 179
978 509 179
293 594 144
896 390 179
653 40 145
448 530 142
747 515 171
286 132 128
640 678 145
292 448 144
613 584 132
184 478 144
58 180 125
49 409 144
53 861 171
777 432 171
492 143 144
192 792 171
721 581 171
339 125 144
35 703 171
748 412 171
69 841 171
722 166 171
71 468 144
649 788 171
251 819 171
88 383 144
973 352 179
914 708 179
293 844 171
122 344 144
473 767 171
992 617 179
435 876 179
167 294 128
767 853 153
889 561 179
816 222 171
41 362 144
619 691 145
902 707 179
885 545 179
474 205 144
19 690 145
76 685 145
240 492 144
414 428 134
153 593 144
722 259 171
757 494 171
659 437 145
755 785 153
593 76 144
217 574 144
544 592 137
91 853 171
577 507 137
796 207 171
654 792 171
139 587 144
990 817 179
118 566 144
790 869 148
728 861 153
821 192 171
754 711 140
648 421 142
690 81 145
538 350 142
333 545 142
953 962 130
295 162 128
286 763 171
693 590 145
1000 526 179
511 194 144
583 728 171
698 918 179
843 82 171
876 264 179
863 799 148
666 782 171
593 421 142
10 117 119
461 334 134
548 791 171
548 363 142
67 595 144
886 155 179
272 662 145
136 434 144
636 44 144
486 578 142
910 893 117
885 381 179
907 138 179
843 326 171
593 911 179
898 158 179
112 807 171
505 59 144
310 513 144
550 264 144
543 208 144
896 543 179
16 667 145
389 552 142
673 934 179
510 707 171
718 991 179
454 904 179
165 901 179
722 82 171
421 469 129
484 384 134
812 608 171
829 395 171
124 234 128
753 764 153
685 700 127
165 301 128
258 473 144
482 531 142
25 43 112
374 524 142
233 771 171
71 784 171
674 738 171
212 898 179
2 467 144
612 617 132
62 767 171
458 76 144
800 838 135
410 887 179
53 227 125
781 892 179
480 163 144
480 502 142
180 315 131
681 650 145
85 9 116
254 576 144
38 542 144
822 828 135
587 275 144
953 124 179
905 830 179
381 960 179
942 847 179
365 134 144
835 467 171
242 699 145
872 885 148
989 180 179
793 81 171
148 310 128
37 105 119
771 923 179
594 102 144
142 102 122
507 590 137
908 161 179
694 383 145
910 547 179
691 954 179
440 275 144
114 931 179
868 102 171
136 939 179
600 230 144
26 936 179
82 974 179
856 744 153
153 485 144
804 544 171
386 334 126
101 654 145
182 455 144
548 61 144
280 749 171
720 807 153
63 401 144
397 528 142
466 812 171
545 131 144
587 877 179
137 864 171
108 247 128
434 795 171
450 109 144
914 13 179
184 975 179
899 731 179
603 941 179
69 793 171
501 902 179
477 42 144
159 221 125
389 379 121
245 444 144
244 359 144
849 762 153
309 617 144
146 15 122
147 476 144
241 253 110
844 620 171
617 13 144
53 819 171
195 746 171
298 308 118
460 38 144
677 560 145
277 608 144
17 876 179
984 351 179
810 463 171
115 56 119
746 338 171
640 832 171
484 760 171
895 656 179
346 621 142
513 934 179
14 622 144
497 425 142
932 883 148
275 394 144
46 64 113
979 402 179
705 4 171
442 699 145
54 320 131
380 819 171
5 438 144
32 563 144
908 26 179
73 265 128
396 865 171
980 919 174
467 774 171
138 447 144
786 343 171
898 187 179
315 843 171
471 449 129
894 896 99
27 801 171
78 184 125
609 613 132
583 721 171
496 277 144
976 975 143
497 407 142
847 475 171
205 305 128
511 302 144
655 929 179
499 317 144
965 624 179
460 797 171
486 910 179
825 650 171
711 691 171
584 287 144
678 358 145
755 761 109
907 389 179
709 782 153
947 209 179
330 791 171
484 282 144
86 350 144
564 622 132
504 731 171
901 172 179
198 725 171
421 798 171
555 394 142
190 956 179
423 679 145
576 444 142
661 530 145
77 47 116
207 502 144
530 272 144
400 556 142
520 853 171
657 149 145
685 147 145
232 569 144
271 73 128
731 857 153
719 783 153
237 597 144
307 814 171
407 323 144
846 94 171
644 269 144
227 779 171
519 733 171
185 596 144
937 356 179
960 35 179
146 232 128
710 480 171
582 864 171
384 114 144
736 633 171
502 238 144
642 634 132
711 446 171
361 443 134
283 970 179
833 619 171
716 382 171
762 518 171
438 751 171
796 307 171
184 314 131
107 911 179
23 686 145
625 956 179
145 638 144
611 738 171
457 536 142
932 597 179
773 570 171
428 116 144
881 38 179
983 993 143
19 65 113
487 503 142
418 300 144
705 997 179
346 350 126
163 990 179
778 907 179
573 990 179
156 816 171
965 383 179
965 598 179
688 363 145
754 273 171
629 119 144
30 673 145
563 206 144
954 837 179
299 347 144
108 473 144
415 667 145
667 928 179
684 739 171
212 594 144
984 667 179
70 158 122
365 838 171
493 692 145
182 903 179
217 92 125
665 18 145
960 25 179
90 346 144
161 154 99
725 377 171
863 87 171
100 659 145
968 167 179
715 113 171
221 995 179
230 246 128
194 286 128
327 213 144
219 480 144
902 848 179
692 340 145
973 522 179
439 624 142
717 904 179
826 807 135
330 495 142
159 722 171
6 97 119
467 968 179
161 218 125
182 891 179
206 794 171
341 947 179
559 492 137
921 315 179
328 301 144
593 684 145
33 68 113
717 246 171
70 149 122
663 64 145
88 337 144
608 142 144
351 830 171
817 724 153
217 37 125
20 577 144
291 687 145
931 278 179
455 814 171
111 790 171
951 902 174
383 979 179
923 675 179
728 17 171
337 753 171
139 62 122
999 677 179
217 970 179
472 616 142
393 270 144
44 395 144
535 103 144
563 364 142
347 325 144
837 5 171
415 537 142
555 140 144
987 344 179
124 31 119
529 780 171
600 670 145
951 450 179
956 89 179
891 608 179
227 566 144
836 91 171
708 181 171
968 755 179
258 322 131
533 812 171
949 361 179
211 272 128
736 919 179
457 490 142
576 841 171
1000 698 179
426 255 144
756 276 171
865 850 148
200 410 144
645 829 171
841 770 153
351 815 171
824 792 135
483 372 134
851 152 171
701 680 127
510 95 144
679 366 145
892 301 179
986 422 179
791 123 171
704 648 171
146 136 117
13 99 119
381 108 144
823 530 171
197 699 145
631 973 179
947 431 179
179 138 125
181 717 171
161 544 144
91 37 116
180 903 179
596 664 145
379 548 142
517 698 145
729 397 171
876 559 179
684 243 145
600 483 142
75 961 179
79 29 116
394 549 142
835 85 171
330 809 171
274 355 144
299 851 171
884 859 179
922 551 179
496 544 137
909 543 179
205 722 171
540 331 142
344 652 145
31 618 144
461 286 144
336 17 144
584 874 179
612 883 179
215 843 171
429 138 144
355 154 144
978 599 179
605 96 144
2 501 144
810 319 171
909 627 179
987 761 179
511 690 145
315 989 179
191 391 144
761 414 171
805 887 179
527 767 171
559 225 144
865 209 171
186 696 145
974 461 179
199 915 179
639 360 142
700 923 179
957 354 179
201 510 144
52 506 144
180 500 144
900 757 179
652 721 171
506 331 142
849 989 179
476 363 134
245 458 144
683 88 145
493 369 142
112 148 122
595 340 142
172 887 179
506 32 144
726 832 153
652 240 145
839 882 179
344 197 144
786 143 171
876 164 179
162 740 171
153 162 99
41 394 144
91 63 116
9 20 21
632 113 144
528 128 144
173 361 144
580 331 142
397 401 121
688 834 171
975 290 179
483 413 134
389 505 142
709 977 179
163 331 144
169 510 144
115 103 114
422 871 179
869 346 171
197 663 145
743 952 179
368 124 144
307 191 128
57 814 171
356 523 142
864 666 171
789 911 179
512 829 171
883 564 179
184 625 144
772 798 153
697 842 171
498 55 144
190 542 144
871 901 179
436 534 142
529 232 144
12 680 145
981 804 179
501 226 144
152 625 144
638 441 142
923 724 179
793 927 179
408 298 144
485 131 144
287 256 123
658 700 145
331 746 171
331 591 142
352 334 126
822 989 179
224 118 125
181 434 144
282 215 128
651 771 171
361 733 171
921 904 130
974 561 179
729 682 171
649 51 145
865 604 171
234 927 179
960 478 179
55 577 144
538 595 137
200 230 115
675 460 145
801 349 171
285 631 144
146 14 122
464 762 171
639 983 179
570 517 137
106 565 144
705 607 171
734 457 171
43 866 171
955 214 179
21 923 179
926 63 179
747 730 140
873 376 179
118 943 179
434 234 144
30 889 179
347 147 144
754 676 171
253 189 128
49 782 171
115 533 144
784 362 171
813 567 171
925 339 179
718 615 171
522 311 144
662 516 145
928 221 179
578 225 144
892 730 179
212 910 179
267 221 128
743 948 179
77 443 144
846 650 171
347 824 171
726 507 171
652 617 145
903 225 179
584 188 144
93 872 179
422 868 171
341 990 179
130 49 122
700 624 145
428 394 134
101 837 171
97 293 128
767 423 171
857 3 171
471 219 144
140 216 125
157 627 144
818 160 171
972 696 179
486 713 171
564 386 142
213 443 144
555 464 142
763 903 179
487 775 171
173 29 125
153 551 144
223 948 179
172 781 171
780 96 171
858 612 171
210 66 125
916 217 179
57 258 128
272 537 144
970 991 143
401 870 171
429 430 103
806 285 171
143 386 144
975 461 179
153 729 171
971 665 179
550 969 179
25 215 125
420 313 144
943 977 143
106 337 144
862 133 171
106 270 128
934 729 179
973 764 179
777 257 171
405 945 179
156 853 171
282 470 144
173 513 144
805 330 171
419 120 144
41 97 119
947 938 130
125 396 144
639 702 145
61 431 144
513 362 142
613 501 137
796 50 171
10 588 144
135 858 171
289 241 123
126 560 144
927 194 179
491 531 142
37 388 144
585 688 145
820 296 171
609 461 142
154 783 171
864 481 171
159 18 122
593 859 171
332 320 144
498 701 145
398 217 144
809 767 153
294 389 144
848 981 179
849 628 171
424 852 171
558 421 142
991 716 179
519 271 144
472 126 144
56 407 144
811 628 171
743 115 171
846 648 171
568 515 137
813 181 171
738 248 171
888 521 179
213 195 120
461 309 144
386 67 144
478 770 171
446 391 134
60 138 122
887 235 179
784 892 179
306 741 171
478 640 142
92 412 144
88 163 122
876 905 148
237 415 144
639 12 144
339 8 144
176 378 144
762 47 171
229 492 144
355 10 144
967 440 179
820 715 153
639 924 179
823 363 171
189 103 125
437 8 144
322 856 171
514 844 171
4 201 125
824 129 171
697 718 171
371 618 142
656 988 179
106 944 179
466 273 144
380 439 134
651 874 179
873 544 179
558 865 171
384 70 144
935 194 179
862 284 171
563 476 142
251 984 179
