203189 15228 383
7980 504345 449
628501 830179 468
492765 267694 449
589603 350091 470
718039 489136 470
632081 563309 447
255862 188535 443
399757 945240 476
117452 779198 470
960441 727355 476
897264 617024 468
754674 784836 468
763536 796843 468
693211 246535 470
981597 896399 476
261762 505928 449
400743 890262 470
336106 409859 441
674307 442060 470
759949 392346 470
447547 908381 470
472006 703409 470
96915 388115 443
165000 730718 470
167312 125440 383
458073 64575 449
742463 729098 424
849410 22351 470
42293 58972 340
268885 23889 443
955370 46998 476
529816 872464 468
937259 382274 476
282322 611565 470
340685 42270 443
520262 788232 468
950650 508620 476
7992 47565 324
896734 172991 470
778282 64045 470
814782 752706 468
128619 73596 354
998156 494380 476
95946 40448 351
553352 881182 468
580688 508721 470
444531 626855 470
381185 381789 374
9128 663506 470
509706 866165 470
222128 546319 470
170748 172777 334
54938 178739 383
736693 468023 470
868081 31327 470
532067 199214 470
784032 660685 468
272809 298539 389
155065 885107 470
338986 224768 443
282640 919673 476
733488 727171 380
62880 631024 470
625311 588359 447
810882 651368 468
454523 33009 449
197687 141622 383
722137 768976 468
836712 458830 470
236999 704792 470
6508 285417 443
904005 790539 468
462454 693166 470
605430 133870 470
578272 944415 476
358637 860911 470
380440 608476 470
588081 443319 470
239500 213392 443
31677 566733 470
864759 2552 470
116093 578797 470
144173 838229 470
864125 980885 476
813410 617475 468
202028 819917 470
902891 622385 468
126808 365344 443
315550 732237 470
499213 893821 470
193003 374201 443
754731 573442 447
982677 859164 476
533112 222176 470
72555 81141 351
305260 453665 449
83692 421352 449
32462 744216 470
259580 412938 449
241452 589342 470
30412 443480 449
925610 449654 476
582216 52417 470
814998 897765 450
301005 830562 470
791585 494008 470
204763 62667 383
583801 187439 470
921830 633265 476
925966 510736 476
714405 231225 470
964401 314448 476
652576 513214 452
58663 428507 449
926151 816467 476
534200 472914 470
776298 459810 470
922567 358513 476
28578 253916 443
256277 329583 407
84478 564213 470
339942 805592 470
143231 923742 476
509382 581413 470
557006 435347 470
92148 787762 470
182923 572900 470
102209 351850 443
602465 677224 447
780356 44967 470
493690 830908 470
517880 269987 470
290717 440447 449
144851 319294 443
210714 401127 443
165228 295191 443
481691 505169 426
617134 624921 385
428911 126515 449
206333 502268 449
561861 814833 468
290030 261135 407
387732 908590 470
612984 506549 470
585813 909692 468
551515 595854 434
740599 585747 447
865840 547667 468
542545 527042 377
383312 753258 470
928168 548540 476
564801 926210 476
53708 181934 383
551131 998970 476
308449 757463 470
17590 386661 443
88647 307619 443
647796 476379 470
732560 260779 470
499279 318373 449
686822 50793 470
914226 427420 476
636539 296418 470
491438 695435 470
823459 874750 432
448693 267979 449
423289 13493 449
194188 993348 476
195426 261670 443
992318 20226 476
535485 526259 377
406887 624131 470
350229 54682 443
616861 82788 470
831812 116139 470
401160 34986 443
683284 831738 468
978757 836174 476
644507 470195 470
531609 984317 476
344944 980301 476
768647 284584 470
510145 479187 426
277931 705570 470
740856 786600 468
725796 276340 470
312858 649034 470
416823 663086 470
220067 33683 386
262226 568230 470
149822 179737 383
603215 349457 470
527826 581972 452
185630 172332 365
52166 717238 470
673001 913461 476
213890 441647 449
198044 724034 470
920833 992326 458
945956 661689 476
295278 188103 443
454380 124487 449
837136 871202 419
303925 57202 443
421237 566150 470
625431 87410 470
745886 228646 470
436866 273712 449
326969 622495 470
962395 895486 476
856085 635395 468
325298 69974 443
77042 39693 351
794008 514226 468
32018 256315 443
692266 327295 470
444417 662998 470
968134 281552 476
534199 272058 470
855105 955435 476
838207 480535 470
559196 100444 470
225532 996061 476
374155 68852 443
134908 336550 443
964337 990992 458
488296 289634 449
577317 81689 470
329326 887676 470
595915 877696 468
143990 804532 470
721342 588406 447
467529 689475 470
386309 518080 470
961532 241413 476
989866 799738 476
721948 549062 447
416534 463831 444
545122 790688 468
532683 196381 470
643589 13371 470
187372 648237 470
303005 764689 470
729925 148682 470
168716 842191 470
26377 312706 443
646723 747719 442
901111 630603 468
437193 287420 449
148682 915077 476
528832 138548 470
231166 767131 470
687609 647699 429
747314 749082 362
438387 796348 470
945463 598327 476
809718 649186 468
246563 112722 443
930226 492840 476
777756 98942 470
335030 804132 470
411647 498104 444
68202 829109 470
128707 21747 354
116528 277388 443
936823 161712 476
415935 167988 449
445194 619895 470
815687 192507 470
368977 770425 470
988854 830791 476
885103 314924 470
479976 648018 470
943997 926554 445
657209 721752 442
25495 992238 476
525884 953493 476
6694 110437 354
782601 651752 468
132183 415481 449
929139 69005 476
577192 861426 468
753345 22385 470
997672 85383 476
731244 366648 470
372159 236449 441
713790 773613 468
551372 710118 447
421630 495369 444
636671 78838 470
217120 662165 470
587428 259355 470
132009 110473 349
369792 914609 476
762224 18326 470
330089 691362 470
603683 423632 470
69139 357027 443
446017 66811 449
958761 693612 476
949810 330919 476
930060 663600 476
104531 481432 449
373717 42513 443
976800 10387 476
637702 710271 442
188903 225129 386
485978 320911 449
851953 372121 470
751871 614176 447
390446 81960 443
305538 994128 476
21943 891028 470
867506 467959 470
957838 342618 476
161570 907648 470
189888 607982 470
87599 294419 443
89413 461315 449
853283 582564 468
988053 490984 476
809186 693307 468
232465 295163 407
530569 84417 470
667283 798791 468
698593 574081 447
397102 520482 470
84560 419045 449
927861 952066 445
887003 885699 401
811035 564925 468
309698 923 443
689258 913648 476
811693 778670 468
891314 664975 468
877585 395718 470
672310 203122 470
89024 421126 449
498285 135944 449
21895 681919 470
934734 236839 476
255999 331836 407
757320 340559 470
750880 201532 470
808976 154234 470
87230 620010 470
235510 913279 476
620932 924767 476
826926 432624 470
219788 234591 443
613950 97372 470
630308 802612 468
300494 719331 470
223737 315130 443
371626 245631 441
997048 306360 476
482469 769399 470
154547 756140 470
626309 905426 468
957672 951636 414
576011 561253 421
571645 811521 468
990884 708929 476
252639 334161 407
657904 472427 470
568752 788206 468
86150 199059 383
590817 902995 468
434742 330905 449
218124 806367 470
92888 731524 470
112726 91708 354
17274 267272 443
847848 643582 468
689049 321871 470
595217 781412 468
399475 683213 470
592932 390358 470
908493 845570 432
240871 82749 443
834348 809622 450
870954 920498 476
8680 978122 476
823492 443421 470
309026 557968 470
249788 401913 441
289491 878865 470
493621 823116 470
662489 857820 468
466697 867889 470
696042 578265 447
649300 95516 470
261477 758583 470
2226 686322 470
120505 243096 443
769070 954852 476
569069 640023 447
875349 577748 468
618144 215193 470
537521 443521 470
773160 787308 437
845434 579002 468
182524 855406 470
402117 361364 436
713225 868813 468
229253 925618 476
963429 394904 476
537485 224905 470
153487 56062 375
427578 273991 449
815509 196647 470
228842 384577 443
836669 620543 468
962325 971164 458
835735 16197 470
414685 125246 449
319856 776470 470
704247 502379 470
631875 106363 470
863743 861451 326
491527 609347 470
303420 454955 449
4250 840904 470
196211 157736 370
896966 623789 468
948078 712474 476
820435 693272 468
97051 173456 383
313814 575727 470
144619 665900 470
591923 75655 470
791145 911778 476
852124 495391 470
930508 350 476
118105 310602 443
861800 609631 468
919948 165219 476
64585 440550 449
522475 260795 470
114637 419440 449
884583 62715 470
648265 221370 470
755986 745315 424
394825 586151 470
837393 55795 470
768402 945667 476
131450 559546 470
373796 983573 476
571288 304304 470
500275 689392 470
614905 362074 470
815374 51205 470
43645 879958 470
491754 566119 470
657104 606390 447
501910 58039 449
669104 150174 470
279408 941441 476
411841 190584 449
43943 249233 443
246378 812344 470
711252 894179 468
888241 85047 470
394104 975880 476
389350 894378 470
181623 520607 470
256451 996996 476
571811 816447 468
393305 63564 443
898917 50409 470
669953 400826 470
624799 855409 468
551000 420558 470
796849 479192 470
127493 357144 443
244776 373870 441
169487 956027 476
784401 574080 468
41074 178504 383
66311 946775 476
72881 247934 443
467381 845683 470
761281 39191 470
178482 154586 383
619106 77398 470
721346 289059 470
478224 862496 470
144467 545575 470
283053 457667 449
24766 410545 449
814810 269541 470
300766 500649 449
741920 601518 447
591080 782993 468
780021 657390 468
246119 852901 470
421675 713500 470
214936 182956 373
269042 393417 441
853893 888148 432
470814 575238 470
693558 465389 470
437733 354376 449
10963 237137 443
812042 552080 468
164033 143204 383
821621 981150 476
160204 563540 470
582668 267635 470
862884 362688 470
925024 109002 476
731941 346699 470
338853 946876 476
46006 124247 354
856644 899898 432
12394 327457 443
475135 222303 449
792846 429219 470
576678 320160 470
182707 905071 470
872240 346739 470
564626 210212 470
327888 241181 407
290103 910555 476
508815 669338 470
789595 433839 470
294691 521535 470
296889 633544 470
984762 859246 476
274142 841405 470
759143 802887 468
685213 750629 442
25189 994410 476
696199 118218 470
830922 878905 432
539640 703161 452
225643 104266 386
429724 69882 449
345446 236178 407
496789 854261 470
421867 286383 449
804451 716557 468
324269 617691 470
866452 825382 419
476936 140593 449
666786 752430 442
943479 868350 476
19410 968667 476
862760 715608 468
603236 693681 447
594512 142876 470
913193 336506 476
247141 859268 470
922739 108938 476
611797 419527 470
479550 33663 449
222261 800352 470
750219 546529 452
418042 616671 470
371910 411329 449
273615 555047 470
680110 217094 470
423397 699519 470
702112 802508 468
415126 305348 449
12540 525989 470
448223 442084 356
378846 211715 443
301351 301585 265
320652 429499 449
721111 800202 468
463161 459724 444
116905 213379 383
522604 534947 408
346401 894514 470
462627 620016 470
965912 142737 476
353461 905660 470
358607 55572 443
708167 773733 468
877271 237058 470
816073 325493 470
679141 194919 470
537207 496843 470
496503 374211 449
926341 733965 476
690764 389501 470
193688 807668 470
119232 716292 470
858966 465632 470
127157 837945 470
601999 609420 372
497033 955459 476
515080 855639 468
527383 739598 452
145723 404653 443
976656 961796 458
730146 655796 442
156714 783704 470
668991 653216 429
674266 595331 447
903532 881381 401
501184 613572 470
689049 620415 429
329863 64366 443
602398 973371 476
902310 204397 470
582790 399342 470
676207 614221 447
771333 203589 470
353819 917055 476
608242 330474 470
878850 854739 432
502621 35563 449
154794 171611 383
205130 829060 470
283294 625014 470
710440 300829 470
238585 915840 476
921243 84799 476
980206 39992 476
58169 398867 443
760740 157310 470
314561 436947 449
771531 85893 470
640535 125349 470
2947 765128 470
972174 881797 476
619866 474794 470
433711 774660 470
162757 155193 383
120071 962402 476
780206 830510 468
263230 18790 443
262702 700824 470
103588 759259 470
740815 678108 442
158125 501555 449
835417 472685 470
454853 123299 449
74929 611739 470
248647 77876 443
376867 737172 470
476024 513084 470
211966 909734 470
287743 891074 470
64926 924165 476
853475 361483 470
271027 116704 443
380272 533728 470
817527 211 470
292986 74693 443
678318 967462 476
92599 30087 351
956499 547451 476
153385 31427 375
159190 918384 476
109302 52408 354
655555 585325 447
565491 383872 470
11411 369586 443
274945 76336 443
293750 128419 443
437819 564776 470
245122 334442 407
614855 62648 470
334653 424192 449
653693 529322 452
391654 746291 470
559408 348152 470
293742 229145 443
379578 969283 476
147528 5232 375
538042 319434 470
590556 103532 470
703306 601966 447
989469 978250 427
194654 799571 470
106669 148824 375
880698 868142 432
999617 495553 476
447142 334269 449
919744 100834 476
379943 311397 441
847124 455702 470
175900 140865 383
684846 71830 470
626499 832373 468
77061 164540 383
151807 183968 383
784424 855112 468
785934 773892 437
349713 496939 449
89814 456381 449
645762 970512 476
324523 161730 443
466064 288016 449
12351 385807 443
388849 392293 436
213556 235972 443
847994 389455 470
893189 532840 468
977636 36039 476
881564 54696 470
200579 549722 470
238664 985002 476
921185 540949 476
275245 270898 358
37887 365059 443
243630 200000 443
335570 84504 443
361729 317985 441
372519 374079 348
220143 761367 470
766371 433698 470
513691 130717 470
339505 406879 441
663556 317140 470
442917 61471 449
888188 159847 470
611193 126851 470
661200 532377 452
667799 452797 470
803274 705685 468
334207 563256 470
422036 186128 449
647759 783764 468
504112 20278 449
674195 724254 442
297996 956917 476
674304 811686 468
87633 530160 470
734916 267540 470
363651 694185 470
329011 251838 407
370383 456555 449
378688 31583 443
988931 562838 476
484379 308557 449
268522 334937 389
871812 206909 470
521064 35922 470
507025 25175 449
572551 181219 470
265780 870547 470
654487 940083 476
198584 258472 443
986594 449852 476
526011 350245 470
144036 371373 443
602082 514418 452
827927 497122 470
62352 816858 470
59959 63082 335
641766 844833 468
398018 29929 443
51741 919081 476
65850 558765 470
944255 638401 476
256335 726387 470
25299 910822 476
666469 223882 470
169293 653063 470
673733 211655 470
519659 334120 470
583028 121740 470
364890 927306 476
618861 427241 470
260515 678820 470
490323 902280 470
523652 404692 470
932208 575392 476
323773 514410 470
650509 784379 468
669162 423195 470
510765 694460 470
334016 693586 470
918341 19660 476
863000 108426 470
747667 382658 470
958897 330694 476
20749 323786 443
257999 639610 470
267379 518514 470
318429 274053 389
937145 358432 476
678744 385705 470
450175 518868 470
900114 100683 470
819599 569275 468
40230 330363 443
780086 890597 468
540300 698426 452
910257 919651 401
323203 174275 443
302308 798452 470
21320 323057 443
122237 279318 443
479018 389615 449
314183 313798 309
180019 767680 470
672229 858763 468
153384 638755 470
893982 569849 468
255790 713580 470
655475 296019 470
43943 435560 449
186615 100594 383
650337 613223 447
20245 973540 476
787497 838904 468
771991 808816 468
678312 410579 470
604486 157329 470
316546 918668 476
471126 496564 426
202699 659706 470
871678 356082 470
298461 765660 470
442282 554250 470
479239 97756 449
850268 39533 470
533315 36882 470
656479 183652 470
650105 676723 429
673543 437601 470
31978 961885 476
246417 710290 470
888815 850902 432
867618 205360 470
285921 338744 389
218276 488620 449
998449 89953 476
361053 296909 441
371964 319687 441
367510 367555 242
417442 217777 449
407087 467109 449
254659 63565 443
167112 421115 449
256639 357006 441
858715 288617 470
318890 621483 470
998906 724056 476
472384 382875 449
929416 274657 476
237970 664043 470
279628 236419 407
270347 157032 443
49679 642311 470
476718 933541 476
9865 410512 449
151317 933303 476
393972 922327 476
513220 561083 452
343441 769858 470
918088 202156 476
574826 753329 447
339990 90083 443
477384 812374 470
472958 406799 449
603382 710927 447
587193 883009 468
463697 857540 470
556392 29728 470
16202 549462 470
963268 542418 476
959973 630936 476
475720 870296 470
553263 505291 470
431378 896703 470
791501 349465 470
615210 366326 470
102793 955200 476
456409 96528 449
283925 445718 449
19679 887306 470
672996 606871 447
286666 136693 443
980762 359409 476
682772 996963 476
908870 646039 468
539380 385194 470
793326 531452 468
255489 346588 441
553094 686866 447
243291 344594 407
552682 374852 470
710920 171826 470
330051 683680 470
268354 613975 470
129397 288032 443
17632 802392 470
894902 304297 470
455436 875664 470
663706 138207 470
388978 88927 443
300597 444710 449
474121 93923 449
492513 729609 470
956862 45606 476
932827 200152 476
390200 485508 449
91356 617471 470
173686 421406 449
301150 442039 449
551733 946898 476
246422 569364 470
749289 141323 470
390013 721077 470
533338 570070 452
859283 438668 470
658996 676232 398
883377 649468 468
770154 375889 470
379077 727015 470
421494 828255 470
443519 328045 449
313762 534874 470
945515 487447 476
472631 246664 449
445837 24363 449
193561 692258 470
593727 459202 470
349933 500091 449
180278 399622 443
70160 39560 340
838289 245507 470
232143 721665 470
894975 518648 468
97553 790403 470
245663 35399 443
618657 205533 470
363443 932418 476
256758 825310 470
936217 729388 476
71973 898405 470
270103 781886 470
107015 863829 470
241087 456947 449
880271 421364 470
856568 466782 470
977275 694857 476
712288 725770 411
932873 607262 476
244417 546778 470
914016 490079 476
98528 532672 470
211963 978322 476
981442 985072 383
803631 434010 470
714460 391956 470
332414 984562 476
173841 439428 449
364742 931279 476
412726 761364 470
868994 269294 470
228145 362620 443
480502 940432 476
88389 929726 476
64046 332806 443
476503 978061 476
339236 575030 470
510733 551199 470
553352 492174 470
536270 873334 468
442535 767081 470
265289 774948 470
267994 439129 449
730728 149087 470
886759 143453 470
910450 755752 476
929098 138594 476
118372 925951 476
79026 206760 383
855677 659423 468
55917 848531 470
637483 395153 470
423561 664567 470
462703 493264 426
673092 515324 452
882949 115626 470
282405 148238 443
406926 550398 470
103718 137653 354
215837 990477 476
797457 126286 470
746228 726555 424
264880 380951 441
652505 860257 468
104063 24533 351
519679 159979 470
873064 673513 468
555131 812976 468
854432 17833 470
822591 527523 468
533157 705539 452
159501 331913 443
853776 82778 470
