83 19 116
41 1 112
91 79 111
18 76 116
2 44 112
56 25 113
72 91 116
71 99 119
27 28 112
26 98 119
52 71 113
34 28 107
32 52 110
82 1 116
99 71 119
3 74 116
62 48 113
42 42 9
74 89 111
9 70 113
62 98 119
59 75 116
15 49 112
75 19 116
64 79 116
91 36 116
24 2 21
40 9 112
46 51 105
50 63 113
88 61 116
3 39 112
57 55 113
13 15 18
5 94 116
75 70 116
56 69 108
49 6 112
62 84 116
28 13 112
46 26 112
53 52 12
58 59 33
79 73 116
55 49 113
92 43 116
11 53 112
37 72 113
23 14 21
86 39 116
52 59 113
97 23 119
18 55 113
63 89 116
31 7 112
57 22 113
86 23 116
68 81 116
27 21 112
76 9 116
15 3 20
76 69 116
74 67 116
94 82 111
25 6 24
43 58 113
71 15 113
37 98 119
72 59 108
61 16 113
48 34 110
90 10 116
3 43 112
7 31 112
17 40 112
98 16 119
77 21 116
77 54 116
67 60 108
29 24 112
47 71 113
90 48 116
26 39 112
81 55 116
79 16 116
83 99 119
83 53 116
23 88 116
34 2 112
44 46 17
10 5 20
41 71 113
46 19 112
20 21 8
4 20 21
78 23 116
28 45 110
44 73 116
65 98 119
1 78 116
95 51 116
52 94 116
99 17 119
45 65 113
46 72 113
49 67 113
36 59 113
29 6 112
58 69 108
73 61 116
16 73 116
25 95 116
80 88 111
25 14 24
36 68 113
7 34 112
31 13 112
54 5 113
47 6 112
99 4 119
64 93 116
15 16 18
41 31 110
83 28 116
67 82 116
39 72 113
86 1 116
27 27 112
76 52 116
93 29 116
59 14 113
81 95 111
23 40 112
71 85 116
45 23 112
33 82 116
59 13 113
49 99 119
47 56 113
22 70 113
16 20 21
12 97 119
40 68 113
87 32 116
52 17 112
11 76 116
14 27 112
54 87 116
65 21 113
23 53 112
84 40 116
96 47 116
52 19 112
77 63 116
20 14 21
14 68 113
55 54 113
10 1 20
9 9 20
29 58 113
99 23 119
45 42 30
1 52 112
6 32 112
66 16 113
96 60 116
67 6 113
63 23 113
22 13 21
25 80 116
3 18 21
36 21 112
96 3 116
82 10 116
16 76 116
45 100 119
62 33 113
37 63 113
84 4 116
6 50 112
52 33 110
48 80 116
36 24 112
18 9 21
22 66 113
58 90 116
3 56 113
14 34 112
20 60 113
40 30 107
91 6 116
56 43 113
80 45 116
20 11 21
16 23 21
89 82 111
47 68 113
60 41 113
74 58 116
65 46 113
580 609 132
311 57 128
166 174 125
966 330 179
215 506 144
575 479 142
533 426 142
729 3 171
582 689 145
605 19 144
115 690 145
63 424 144
806 696 171
272 677 145
853 317 171
841 361 171
871 539 179
858 346 171
483 98 144
256 567 144
864 415 171
933 143 179
318 693 145
536 35 144
475 242 144
454 669 145
810 993 179
153 196 125
734 367 171
108 837 171
53 292 128
993 128 179
839 320 171
673 411 145
598 264 144
219 951 179
815 620 171
528 957 179
310 382 144
538 948 179
832 888 179
933 979 174
377 586 142
382 197 144
663 920 179
144 158 117
966 188 179
493 712 171
761 565 171
905 642 179
834 947 179
954 814 179
769 565 171
724 998 179
9 481 144
146 490 144
384 120 144
751 888 179
213 699 145
474 776 171
427 886 179
143 19 122
140 120 122
746 480 171
769 972 179
14 146 122
597 551 137
908 906 55
74 390 144
903 308 179
395 659 145
652 192 145
400 611 142
167 504 144
240 616 144
17 569 144
769 630 171
814 704 153
795 428 171
762 346 171
690 426 145
180 71 125
418 401 134
602 508 137
789 434 171
932 140 179
176 479 144
61 219 125
980 120 179
155 199 125
687 572 145
432 947 179
403 605 142
169 417 144
535 973 179
179 475 144
905 266 179
894 166 179
381 484 134
762 851 153
983 919 174
742 67 171
68 538 144
223 783 171
983 762 179
765 745 153
799 907 179
642 203 144
645 957 179
843 306 171
580 447 142
449 990 179
745 970 179
393 473 134
410 996 179
695 993 179
267 16 128
850 564 171
731 751 140
472 783 171
413 261 144
194 131 125
802 818 135
979 124 179
780 459 171
850 407 171
694 564 145
182 8 125
783 485 171
33 86 116
5 62 113
597 835 171
790 192 171
628 763 171
849 506 171
260 384 144
899 877 148
278 599 144
38 380 144
511 828 171
500 267 144
712 429 171
633 218 144
840 501 171
846 142 171
674 271 145
474 918 179
697 829 171
595 613 132
631 492 137
754 728 140
109 926 179
573 61 144
165 611 144
877 470 179
419 460 129
440 817 171
90 511 144
585 269 144
995 888 174
979 227 179
487 786 171
797 142 171
94 586 144
551 569 137
217 851 171
490 748 171
353 180 144
398 34 144
362 546 142
45 699 145
146 515 144
564 960 179
252 233 128
538 592 137
105 294 128
185 6 125
182 602 144
818 61 171
88 303 128
757 673 171
916 5 179
533 387 142
587 887 179
250 145 128
594 216 144
360 799 171
544 587 137
869 310 171
865 191 171
640 63 144
408 827 171
5 885 179
537 947 179
461 372 134
188 191 107
242 25 128
565 804 171
952 600 179
376 282 144
6038 1796 238
8641 8178 234
2844 3895 238
9442 9057 260
8527 5694 262
8342 413 262
3672 4615 238
2483 1450 209
1634 9202 262
877 2298 183
4642 5417 210
6508 8799 257
8065 6605 257
4671 8110 262
4757 7983 262
3802 258 238
4334 4808 215
7915 5498 262
172 278 128
3147 5088 238
4701 8227 262
1968 919 182
2084 6243 262
4766 5008 210
4821 2618 238
9389 5369 262
1853 7911 262
2134 8563 262
8543 417 262
9592 8574 260
7513 733 262
5735 6163 218
3285 345 217
5076 9918 262
9083 1144 262
4711 1606 238
1748 2107 175
8760 2842 262
281 2424 183
5502 9785 262
714 5145 238
9791 9374 198
2314 4019 238
870 2135 182
5288 1729 238
5058 3840 215
25 3869 238
5995 3937 236
3504 3035 199
2751 3872 238
3439 4226 238
5627 6420 262
6087 2520 238
2773 5912 238
2876 5721 238
5286 6792 262
2020 4947 238
3781 8796 262
1038 6304 262
5726 3998 236
6719 3953 262
8642 6968 252
1687 4324 238
3656 7887 262
7362 9842 260
1169 9670 262
4987 104 238
4969 5393 192
8571 4351 262
8345 7639 252
1535 986 182
698 370 145
6231 6956 257
8084 6839 257
9051 8851 247
4436 2156 238
8040 8325 203
444 4091 238
2568 9237 262
2484 1042 209
3488 242 217
4302 659 238
6019 6653 262
1271 7151 262
7411 484 262
1162 5370 238
2103 2624 209
6286 8923 257
2104 2551 209
7264 3059 262
294 5375 238
4123 2759 238
8280 6576 257
7603 5419 262
4449 4709 184
6146 2605 238
9613 4447 262
2106 1660 180
7034 2565 262
8969 3139 262
8308 2347 262
3434 1637 217
4073 6574 262
359 6374 262
5963 5242 236
1788 9412 262
915 9208 262
8760 1905 262
7203 1352 262
9389 9246 260
5940 8166 262
1798 1637 180
1694 6524 262
8920 9795 260
3814 2020 238
5153 2112 238
6433 4776 262
1645 2332 183
4103 5880 236
3576 2648 217
8147 7687 252
3982 7615 262
2407 2515 209
6893 5519 262
1340 2671 209
5756 9943 262
7975 8191 190
7509 6078 262
182 8143 262
6077 1069 238
2330 2079 183
6437 6187 200
3727 8655 262
5849 9924 262
7175 1923 262
7013 4869 262
3877 5796 236
984 3158 217
9972 2787 262
3232 5332 238
1784 3082 217
9189 8954 247
2556 5249 238
6290 7995 257
8234 6522 257
4317 8159 262
3066 154 217
5176 5112 179
3586 1268 217
5984 7744 262
3675 7475 262
3971 4752 215
8596 3219 262
7487 9567 260
1088 6813 262
3077 3061 155
7450 7918 221
6364 6139 262
6345 4354 262
7489 4994 262
4366 1938 238
5004 4892 210
346 4328 238
7695 6554 257
9917 90 262
2455 6483 262
601 9883 262
4645 4142 215
7989 9146 247
5478 6733 262
3757 980 238
8846 694 262
9159 7885 252
7684 7758 177
7504 9702 260
3031 3380 199
8677 5787 262
206 7352 262
4846 4701 197
8092 8262 190
3588 6055 238
1026 9187 262
3027 1615 217
4799 3907 215
7755 2155 262
8227 5844 262
496 4460 238
4049 5194 215
2834 3116 217
9346 7512 260
215 3808 238
2902 6552 262
3651 9274 262
1574 1799 180
8282 2861 262
1477 4480 238
6892 4717 262
1973 5619 238
9823 4451 262
7173 4626 262
99003 30891 351
81400 96376 333
88366 43322 351
42865 86742 351
60816 81439 351
75978 68812 325
68672 69572 299
56309 22432 340
30413 15233 308
4441 24493 282
29522 57101 340
18190 93163 351
3513 37026 324
98147 22423 351
76928 61164 330
84188 66176 351
13528 43502 324
45594 40877 314
47433 32114 324
66355 97742 351
82292 18922 351
90400 22813 351
21585 22375 269
33013 77073 351
71191 74229 325
82603 91167 333
95578 48465 351
18265 77708 351
66638 79752 351
65410 5364 340
15689 6254 276
97031 18032 351
15399 96728 351
55997 93448 351
54343 69078 335
11577 48885 324
76307 94640 351
12072 97681 351
83325 74972 351
13052 73534 340
40068 42969 288
19136 26639 308
56726 71468 335
50668 17463 324
64335 3636 340
38324 31948 324
3360 42284 324
47802 66840 340
72555 97276 351
32645 9660 308
38091 35068 324
1801 15168 276
60368 64199 335
55493 45371 340
12999 58904 340
13932 80700 351
48185 24163 324
22491 25715 282
84746 11314 351
86282 22751 351
53889 11322 340
1054 93429 351
99592 81754 333
58170 61865 335
10249 40144 324
3221 83005 351
45240 54456 340
32327 68963 340
87984 40993 351
25405 22480 282
96405 13166 351
90796 21023 351
10745 4230 262
34978 58942 340
64346 80248 351
41207 78809 351
10824 11118 268
70691 44354 340
10500 89037 351
27306 70426 340
88836 96647 333
64562 6303 340
85716 25149 351
88469 22097 351
91670 77172 338
92754 1314 351
96842 63986 351
14877 50778 324
56712 71509 335
81111 34116 351
90410 45809 351
21112 41401 324
24999 36900 324
90376 62439 351
50490 45144 314
25518 44029 324
48129 56436 340
98592 26934 351
69794 89663 351
84441 35935 351
55015 45042 340
24072 72199 340
97994 921 351
32229 89378 351
86668 97734 333
82814 9946 351
49374 36465 314
77520 89586 338
16803 72080 340
44850 56120 340
40013 16207 324
2570 51655 324
81508 93005 333
11555 12566 263
16485 67059 340
59926 75873 335
22919 17360 279
36901 46129 314
37305 98646 351
91687 84843 333
36998 59179 340
9085 1810 262
41019 64557 340
58115 91929 351
76895 74182 325
58499 37705 340
26369 51143 324
38051 87403 351
74704 99524 351
23902 25172 264
56899 29708 340
81200 35722 351
89945 78883 333
74027 97718 351
37082 67773 340
4039 91848 351
59549 53785 322
59798 90625 351
80611 44856 351
67094 48098 340
54976 38073 340
83135 62447 351
7738 99379 351
91964 81759 333
10825 13582 276
54550 21890 340
74399 39038 340
98060 70031 351
94145 69501 351
40255 22953 324
5971 33123 308
33962 22414 308
5715 88773 351
14799 70972 340
94299 46791 351
32108 92960 351
94121 10751 351
68268 2396 340
33084 8712 308
44537 50740 314
87221 81439 333
52016 49718 309
70557 7870 340
58125 16420 340
88997 11475 351
25285 41023 324
38151 26556 324
8691 7281 252
25996 49761 324
4554 22454 279
29447 56749 340
86921 43368 351
26719 93834 351
86508 31462 351
85163 8633 351
21791 30433 308
469 40107 324
38157 65155 340
71680 58207 335
56823 74908 335
20806 66361 340
52641 25418 340
1146 58202 340
10406 64516 340
94125 58626 351
25963 20323 282
70796 94175 351
91473 72846 351
83270 95728 333
10660 16320 276
92235 92026 284
75729 71416 325
59567 10022 340
17044 82269 351
93838 20086 351
64879 75372 325
49642 10626 324
49302 60863 340
3120 14836 276
97927 95164 297
710169 892732 525
847032 914615 476
824396 784912 468
784009 963557 525
464673 391619 449
827704 432990 470
320992 664096 470
450291 582094 470
865351 154596 525
159943 960184 525
177386 125878 383
789591 503879 470
612213 688132 447
859625 566003 525
667021 573115 447
917787 800588 525
528213 511138 470
540339 954215 525
141965 222932 386
637908 537122 452
741844 463960 470
969867 538324 525
14542 273311 443
569225 230038 470
70944 364825 443
424620 222761 449
736600 447540 470
762678 133507 470
791786 934130 525
243486 558265 470
500565 523621 470
673541 46986 470
30309 725834 470
707265 242949 470
558289 905664 525
315990 642584 470
120708 836323 470
600835 370935 470
864441 11465 525
209720 196005 373
41151 578073 470
332517 813922 470
791388 560131 468
514733 314033 470
162766 843423 525
38841 564357 470
171180 740582 470
335401 967944 525
75948 879943 525
478182 75207 449
207422 908647 525
982355 427004 525
899924 334904 525
353634 35961 443
758597 275636 470
365251 200431 443
740039 674743 442
331190 119769 443
963162 166519 525
590721 47880 470
747972 473569 470
106622 576715 470
578679 231568 470
526348 626746 452
14158 787308 470
587046 852640 525
482742 682845 470
609808 610370 341
10346 528939 470
238125 688464 470
595926 135732 470
374062 966247 525
321245 323593 322
930981 60929 525
907510 215653 525
52087 761402 470
761265 743178 424
505456 588287 470
900184 563706 525
713969 671445 442
501936 28111 449
923844 964035 476
108511 405751 443
342928 212318 443
498151 364176 449
800168 100655 470
546064 229340 470
524285 437826 470
128228 686689 470
226932 951694 525
389012 45536 443
305427 976892 525
846520 301743 525
968852 904086 476
779956 57269 470
662428 780493 468
121782 207746 383
494149 546279 470
940827 577161 525
260503 797635 470
307953 93499 443
901334 542218 525
441239 78528 449
624693 303540 470
979009 925844 476
862248 209268 525
112984 674492 470
914007 628993 525
873022 574436 525
226670 734850 470
777007 17431 470
139217 152086 375
605571 437146 470
338285 443069 449
945488 732261 525
475370 557222 470
754860 482367 470
17597 748245 470
845904 217589 525
864665 956208 476
280984 801398 470
175109 33575 383
383014 629710 470
355977 251007 441
258023 494781 449
494466 847353 525
975853 902580 476
683925 367715 470
988348 227307 525
308544 626490 470
454304 530210 470
699020 260666 470
583931 344114 470
223967 363781 443
676765 226382 470
959917 757164 525
77387 137884 354
172559 937180 525
228002 342314 443
314476 321959 371
460182 281486 449
159955 431406 449
116691 916319 525
697195 946601 525
852100 187017 525
224258 365395 443
16561 214737 383
45505 789556 470
234947 121126 443
214465 959628 525
115043 574624 470
587446 123737 470
407489 316632 441
236809 474694 449
642417 563362 447
947140 130736 525
353007 935851 525
735463 441749 470
692483 314028 470
140759 979995 525
819583 102088 470
499382 176763 449
496230 581064 470
365518 862536 525
825383 639280 468
877222 426656 525
487366 953534 525
720695 985774 525
983964 217022 525
691320 978904 525
328757 346381 441
203862 637452 470
252823 332392 416
458432 222050 449
500066 387824 449
910494 299758 525
301651 203324 443
664289 171046 470
927842 798491 525
787061 890154 525
175180 679333 470
650196 39476 470
889835 771260 525
639476 614621 447
347520 504804 449
517536 790728 468
651347 599868 447
91237 368240 443
892146 95449 525
157922 701898 470
387093 198782 443
435011 497878 444
494626 12217 449
680199 696840 442
970955 673884 525
302652 505101 449
713237 237911 470
137677 833212 470
944244 201071 525
389170 304794 441
