1 10 20
100 200 125
201 210 89
900 1000 174
1 999999 525
3951 461 238
4470 9781 262
4560 9345 262
3085 9186 262
6705 6993 257
5409 7331 262
4452 3195 238
5227 2584 238
6375 5143 262
6676 1790 262
4630 3851 215
281 6394 262
2233 3708 217
3863 7470 262
4827 813 238
6756 3844 262
694 9208 262
912 5003 238
8152 8019 190
482 3148 217
2547 6619 262
2210 6863 262
6034 9427 262
2627 2217 209
2105 6694 262
4412 5798 236
3367 2761 217
3538 8177 262
5478 8634 262
843 5604 238
2347 1449 183
6539 2363 262
7703 9434 260
3829 6131 236
5962 7303 262
8265 3949 262
967 3660 217
2812 6951 262
4613 8977 262
4639 7883 262
8630 9964 260
8600 6604 257
1861 3739 238
4105 5289 215
2295 3125 217
6592 6819 182
7744 2594 262
2198 6995 262
1638 2900 209
4356 3639 238
675 1314 182
4073 3360 238
9231 3474 262
1378 9870 262
1373 2383 183
4080 6057 236
5075 9803 262
1364 5739 238
4813 5434 210
3994 9983 262
8092 9636 260
9926 7215 260
8676 6178 257
3998 5946 236
4271 2507 238
3012 3867 238
9262 6401 260
3025 7318 262
3722 9479 262
3933 708 238
8359 37 262
7555 6287 257
1348 9938 262
9332 913 262
7030 2876 262
473 7897 262
8375 4228 262
6953 8843 252
4805 5942 236
4083 2531 238
4445 3399 238
562 5275 238
5249 5067 179
3895 9997 262
2527 9875 262
9858 9259 211
1387 1726 180
2263 890 183
1348 5332 238
5749 3527 238
6951 2644 262
3495 3382 181
2586 4551 238
3826 2837 238
1948 8230 262
4534 6119 236
2543 6567 262
1389 7205 262
3497 2381 217
7799 379 262
529 6881 262
5885 4406 236
5439 8678 262
5301 7152 262
8680 7032 252
5103 8680 262
2677 527 209
5632 7321 262
443 319 144
1980 5047 238
8728 5285 262
7920 5587 262
7447 4954 262
9362 1143 262
7473 4897 262
9372 1328 262
6989 8453 252
2590 1001 209
2566 8095 262
5478 2026 238
4867 9527 262
239 7683 262
487 1696 182
4504 7452 262
775 6291 262
5880 4177 236
5722 1033 238
360 5262 238
6000 2059 238
6208 4476 262
9030 2066 262
452 1163 182
5640 2522 238
3390 9257 262
2285 200 183
7611 9325 260
65 599 144
1980 3065 217
5874 3364 238
7713 1192 262
2862 7751 262
3266 2417 217
7116 9378 260
7077 3369 262
4973 3036 238
2377 6752 262
678 157 145
6263 7728 257
7269 3716 262
6031 6628 262
4484 7776 262
9343 9422 198
6274 3678 262
1247 6083 238
7064 9957 260
273 956 179
273 8480 262
7893 8579 252
4849 4993 210
456 2979 217
5523 8303 262
414 8440 262
365 8669 262
4094 4964 215
4810 2594 238
6590 2192 262
4819 8208 262
441 1449 182
3052 2694 217
3676 6734 262
1040 778 179
4545 1982 238
7203 1243 262
4780 3735 215
5268 6608 262
599 5457 238
162 9642 262
828 2193 182
8746 9250 247
4482 1987 238
929 7369 262
5963 3544 238
2616 8022 262
4605 7991 262
5726 9432 262
6739 6263 244
2075 172 182
2662 2652 116
7310 762 262
7950 9345 260
8278 2805 262
8383 6408 257
2211 8804 262
458 6601 262
8962 7110 252
4892 4651 197
8112 8139 190
8862 6172 257
1271 9928 262
3778 2284 238
6107 3386 238
9362 2174 262
2749 195 209
1468 7313 262
5057 9193 262
676 7895 262
8990 307 262
1016 4124 238
7773 8611 252
3347 2457 217
8916 4939 262
5903 9628 262
1255 3618 217
5307 5345 161
1149 2358 183
4949 7915 262
5702 4108 236
4047 5737 236
7478 5775 262
9945 1603 262
9544 4113 262
8227 6036 262
1876 4770 238
95 534 144
189 6563 262
4107 1514 238
6045 9324 262
9883 976 262
2748 361 209
4625 499 238
4987 1513 238
9460 1014 262
1427 6067 238
1485 2003 180
8543 2385 262
9145 271 262
849 8987 262
3108 211 217
7412 4070 262
2159 4648 238
7003 936 262
3793 7745 262
4601 9661 262
2178 9215 262
68 4492 238
1938 2122 175
5792 5897 218
4814 4957 210
3820 6002 236
7682 2309 262
4607 6202 262
4625 7498 262
8867 6157 262
2807 4795 238
1236 4102 238
1751 8504 262
9425 9392 154
8264 1103 262
5419 9577 262
4786 2894 238
5862 5936 187
7160 1136 262
7244 3363 262
8980 7559 252
7753 2772 262
3573 9288 262
1748 6776 262
1373 9722 262
4647 2313 238
40 2730 209
5794 7063 262
6970 5619 262
4292 77 238
9062 3782 262
8199 839 262
2546 2668 191
539 5145 238
6491 782 262
6592 652 262
7203 775 262
5647 9710 262
7144 4381 262
6981 2200 262
1247 956 182
4228 6476 262
5490 8655 262
4491 2246 238
7529 1934 262
8536 5226 262
6773 8972 257
6277 9776 260
1815 7868 262
7353 2329 262
6414 1010 262
61 5435 238
1304 2893 209
3183 9482 262
8052 7848 252
4283 6768 262
2899 617 209
4979 475 238
3059 4547 238
8343 9333 260
5315 9260 262
6140 7271 262
6900 2126 262
3905 6193 262
1650 5574 238
9997 9180 260
183 5355 238
746 850 153
1496 3234 217
7514 1432 262
4740 1272 238
3122 1147 217
4211 3842 189
4436 1925 238
7604 7850 221
5126 4185 215
7439 1228 262
7608 7436 208
8234 4715 262
6019 4786 236
7491 2187 262
2686 3104 217
6822 330 262
9015 2551 262
682 9349 262
7981 1444 262
4059 2575 238
9476 5041 262
7227 4314 262
1641 9704 262
5189 2115 238
1025 7129 262
1798 1732 180
1920 6849 262
3717 487 238
524 9057 262
7342 7501 239
2748 3950 238
2617 7306 262
5410 8241 262
1266 6717 262
9324 4289 262
3388 3524 181
9365 2357 262
5583 9580 262
978 1938 182
5822 131 238
4790 3756 215
5131 5884 236
1003 139 179
3818 4230 189
3060 7735 262
454 1275 182
5707 3237 238
5111 6900 262
6047 9718 262
4459 939 238
7395 8480 252
5251 9743 262
4872 8872 262
4438 8881 262
8513 6471 257
8703 9560 260
4378 8206 262
3573 3452 194
6688 1544 262
2397 3031 217
4284 3686 238
8504 2307 262
2880 5880 238
9598 5854 262
515 7414 262
2085 2440 183
7370 3631 262
4438 3221 238
2671 2398 209
2908 3465 217
829 3850 238
9970 1075 262
6110 8962 262
5714 4813 236
176 3512 217
5077 34 238
9643 5333 262
9279 5 262
1453 4425 238
8116 6427 257
2280 7435 262
889 3661 217
4464 302 238
7622 7322 239
5049 5447 192
8996 9415 260
6369 2799 262
2936 8990 262
6321 7142 257
8154 9400 260
3997 7807 262
112 702 145
1648 571 182
2855 8459 262
7081 5773 262
945 8276 262
1581 1107 182
9343 8762 260
7143 2357 262
5480 4296 215
3437 399 217
7023 2973 262
9267 8201 260
841 4400 238
5504 7285 262
3562 6646 262
6481 9107 257
1756 1573 180
4652 3183 238
282 3013 217
8966 407 262
596 2840 209
831 7008 262
6950 5814 262
2835 1819 209
7311 5287 262
4429 7168 262
7562 8354 252
5692 1576 238
2094 811 182
4969 649 238
1231 9436 262
8710 1116 262
6134 1525 238
2125 1753 175
4764 9338 262
7451 4126 262
8307 227 262
2522 5520 238
6055 1499 238
6147 6220 262
8156 2845 262
8312 3368 262
9869 8078 260
2682 4056 238
8011 2277 262
5989 996 238
133 51 122
3990 5160 215
9607 5532 262
6427 1089 262
5339 5006 192
4104 2267 238
3039 8596 262
9621 5861 262
6150 8308 262
9573 8457 260
8417 5935 262
91 6976 262
6810 5785 262
9484 1867 262
3070 4037 238
1449 2887 209
4479 8613 262
9810 1293 262
9648 925 262
1087 6133 238
3065 3558 199
4310 6441 262
2968 6046 238
8469 5631 262
678 4237 238
6711 9144 257
5975 7444 262
3010 1502 217
2302 1562 183
1391 4309 238
7646 5643 262
9999 2470 262
1775 4040 238
2304 1902 183
8202 6153 262
5573 8377 262
9696 1080 262
2356 3754 238
9480 4997 262
4188 2850 238
6345 4982 262
7973 1466 262
812 4194 238
4583 3652 238
1236 9761 262
6080 4228 236
3258 6604 262
2704 773 209
3376 7485 262
3215 7811 262
7564 2039 262
2574 4784 238
8867 5274 262
90183 85394 333
36667 90750 351
85743 5024 351
49219 86425 351
88019 85342 333
21257 94528 351
51165 34978 324
19115 93270 351
24511 10036 282
3168 45124 324
21944 94966 351
75453 82882 351
93615 68795 351
87427 55453 351
77727 92003 338
97782 70296 351
16520 65873 340
53142 24991 340
5024 35742 324
75516 29109 340
3769 32355 308
79521 79388 276
87353 71381 351
9695 66130 340
19617 60175 340
83616 56829 351
43144 92995 351
50090 24223 324
45919 51116 314
23307 60262 340
21168 62694 340
33692 44964 324
67795 18710 340
44040 19647 324
88256 85974 333
15588 47764 324
28347 5904 308
72842 33356 340
69081 18682 340
8232 7084 252
24689 6404 282
88117 82876 333
22752 5951 279
70153 34407 340
42557 2569 324
18751 39949 324
66008 78533 351
10081 96580 351
51765 57763 340
51031 10283 324
77753 56890 351
97540 27188 351
9778 26039 282
46900 82993 351
44726 38446 306
95895 12586 351
45652 67062 340
2062 79893 351
33039 68397 340
58893 59242 273
21624 79144 351
97453 23790 351
95379 19454 351
56691 74024 335
94613 88300 333
22591 69927 340
48618 30925 324
22409 14067 279
24883 56199 340
74326 69693 325
81612 82515 307
35205 87874 351
4162 94917 351
59497 60765 317
77940 3245 351
80898 14286 351
451 1361 182
55026 2816 340
63360 40870 340
56151 70950 335
41816 49283 314
3944 2913 238
12745 42191 324
7229 88946 351
86409 1745 351
50887 99771 351
76263 19662 340
19355 75198 340
50992 31948 324
45559 989 324
9560 4660 262
97666 69315 351
95234 65307 351
67691 92407 351
17732 12831 279
5795 66506 340
84036 80657 320
52001 63732 340
47826 71886 340
53098 63203 335
75157 33495 340
16682 19572 279
89654 87257 333
46524 7036 324
4406 89133 351
23919 70013 340
69677 45974 340
48162 57800 340
65661 78665 351
25970 19891 282
47732 84189 351
4479 91060 351
7987 15628 276
75304 878 340
51352 68704 340
38246 1022 324
97114 36259 351
2330 15557 276
7471 67923 340
19194 84323 351
13543 51231 324
89226 87590 333
56248 12596 340
54394 11379 340
84547 21756 351
93380 37141 351
56804 71756 335
64391 16918 340
72322 97955 351
98967 25698 351
19618 94244 351
36097 66361 340
65575 82378 351
165 39412 324
25358 91200 351
68469 79671 351
46790 6571 324
44543 5120 324
14907 59918 340
51974 19328 324
32455 33572 267
90118 58176 351
60358 74464 335
47877 74051 340
8510 24231 282
54615 6236 340
51727 93424 351
58342 94931 351
8281 30252 308
60423 58136 317
59176 60201 317
3386 65590 340
5164 1834 238
3793 12004 268
55477 96234 351
45684 13035 324
17331 22809 279
1759 21754 279
8519 12524 268
29248 90817 351
46713 11171 324
95329 86085 333
78596 89885 338
22998 91166 351
99541 47882 351
12439 29145 308
80255 3278 351
85238 67714 351
60693 21837 340
19200 66988 340
93467 90639 333
90045 75471 351
19130 3903 279
12943 78971 351
33885 91589 351
81603 59680 351
66665 87896 351
35585 28229 311
16955 6408 276
47481 50194 296
17361 61400 340
10833 366 262
75649 50674 340
26885 43020 324
19790 94324 351
33728 54508 340
16582 5949 276
94884 75666 351
59445 58069 273
66068 5861 340
24278 91912 351
88644 27938 351
73555 13215 340
16196 83897 351
48354 10320 324
66669 4814 340
25580 28610 308
6703 35338 311
33386 36191 324
17071 83055 351
11636 19746 279
58524 66046 335
76219 56605 335
55895 28179 340
96138 19330 351
44981 40990 288
20498 82507 351
81490 13440 351
98901 17917 351
94254 86406 333
23169 83904 351
75966 97462 351
80989 37515 351
43819 63306 340
52727 23845 340
69746 42155 340
1556 26048 282
75360 6468 340
3981 91586 351
10213 77570 351
42965 85557 351
83673 48058 351
39081 60309 340
495 45315 324
26431 72049 340
58070 70012 335
89601 19811 351
99376 77190 338
65467 29861 340
79811 54321 351
79419 59530 351
98373 90669 333
29401 48452 324
64072 25378 340
53170 2317 340
16974 7874 276
14210 54502 340
99963 3493 351
20045 14333 279
82065 29689 351
42961 77207 351
67116 13752 340
47684 41469 314
82562 21637 351
43110 49665 314
32364 19339 308
65944 47673 340
15255 93182 351
72925 34246 340
55004 73464 335
65301 55581 335
62885 77076 351
94310 84833 333
54195 9049 340
99653 14836 351
70474 40410 340
14278 83816 351
16969 10301 276
28286 48494 324
10916 83999 351
42352 16754 324
50404 35313 324
56779 52901 322
55841 11736 340
36162 72567 340
6449 83844 351
61598 51430 340
92789 76577 351
32484 82169 351
32928 29406 285
8159 27477 308
54681 34773 340
86011 33420 351
29247 59809 340
97116 87100 333
52623 65004 335
63106 25301 340
10296 95297 351
98649 26695 351
28050 34057 285
62810 49186 340
7087 78416 351
59504 6091 340
65232 15675 340
62364 10118 340
57629 54766 322
92568 52475 351
30142 94236 351
9517 25964 282
66555 88759 351
83725 45508 351
26731 9884 308
8881 67355 340
37030 83541 351
75775 59052 335
86586 26770 351
74605 26293 340
3434 99206 351
14181 59883 340
33029 31031 285
46624 26308 324
18361 88450 351
64387 88772 351
85635 90150 333
92758 12079 351
72426 93805 351
35510 74356 340
96214 30348 351
43920 81383 351
50414 75587 340
70137 55149 335
32251 13631 308
34702 47282 324
52273 64711 340
85012 10118 351
48831 21144 324
46606 43425 314
32475 59497 340
72377 23193 340
15068 74479 340
76178 10370 340
36259 10626 324
96721 32113 351
86042 51556 351
75323 25800 340
36269 63371 340
46719 36997 314
36263 78741 351
36055 66539 340
98106 51254 351
27114 69020 340
95690 5826 351
16951 15249 266
28306 60263 340
313 44601 324
54300 95520 351
33583 49699 324
83264 7773 351
12463 55484 340
26242 84088 351
60180 77505 351
42614 5316 324
63770 70105 312
89577 94775 333
14792 4223 276
75587 99325 351
7830 46630 324
42628 10670 324
25229 47683 324
53859 9013 340
89730 83065 333
42957 38630 306
98022 36468 351
89402 5515 351
57697 54824 322
19970 20919 256
37697 55419 340
862 1432 182
8055 15140 276
77193 76202 351
88601 26054 351
36968 44932 306
48242 58717 340
25201 76527 340
96564 34796 351
10502 37527 324
87683 74014 351
11245 91944 351
12661 46911 324
21327 19685 274
91250 34544 351
36574 59392 340
86326 69018 351
72010 93415 351
55106 4584 340
77480 57506 351
20099 48096 324
4540 75949 340
89672 59691 351
51065 93976 351
83269 19856 351
11658 3689 268
19499 47402 324
91772 37103 351
6668 44371 324
1325 30533 308
34814 38527 324
29662 48191 324
5894 91865 351
17832 89739 351
54483 44400 340
86487 96412 333
5221 66545 340
48073 13461 324
85182 507 351
30546 62797 340
59468 81359 351
66498 29091 340
86531 41863 351
56360 64973 335
96087 21590 351
97261 76568 351
76951 20533 340
80167 59311 351
24732 60154 340
97066 15762 351
40020 40686 275
67263 2108 340
86591 12512 351
87256 18114 351
16086 11583 276
32202 76444 340
40731 44075 288
88629 61630 351
88911 43876 351
77863 16366 351
9718 67995 340
37512 73409 340
2098 39611 324
64414 85034 351
31803 96235 351
86610 88818 333
65084 51338 340
24172 88465 351
91907 31808 351
19145 21462 274
33446 10704 308
63392 31518 340
28697 15072 308
29787 63100 340
73304 51920 340
16985 47768 324
39999 61978 340
50917 57633 340
44571 80510 351
47188 59899 340
33833 57156 340
27713 18314 308
62829 62713 286
2210 52263 324
97316 89730 333
70595 82315 351
24581 35934 324
75843 62241 330
80709 44760 351
38529 21798 324
5663 65639 340
34091 22059 308
18882 88188 351
31712 55620 340
67567 99089 351
99799 7676 351
37438 8196 324
97163 30833 351
31446 91283 351
11318 76410 340
15791 848 276
75710 68087 325
4568 3527 238
96213 99926 328
4438 12920 268
43923 90114 351
68984 2 340
26030 24234 264
18710 79810 351
29477 77403 351
67170 92725 351
43147 13339 324
56253 21400 340
3481 20225 279
44421 10299 324
75706 58169 335
10519 83784 351
78278 61141 351
32749 90838 351
81661 57448 351
77516 39745 351
64242 47135 340
86055 24458 351
87949 2128 351
78101 85854 338
64071 35513 340
1353 95725 351
15791 20036 279
43061 99112 351
8112 22710 279
85787 1451 351
8160 62378 340
33268 41007 324
59217 90139 351
54230 44230 340
414 38724 324
92161 21868 351
40652 86238 351
67217 27102 340
106 32136 308
52823 63437 335
65579 88831 351
43985 99737 351
67013 51067 340
