1 10 20
100 200 125
201 210 89
900 1000 174
1 1000000 525
1 999999 525
1000000 1000000 153
999999 999999 259
355993 975557 525
463143 730035 470
421919 564769 470
370218 815169 470
599734 744367 447
690902 704711 442
734925 760656 424
712734 940632 525
810037 838221 525
362550 891158 525
208438 419495 449
706326 967044 525
531777 613641 452
99753 236487 443
864917 912935 476
908608 937856 476
916804 943194 476
469632 530444 470
42946 222470 386
395360 768582 470
314471 459475 449
119501 549465 470
794489 825794 468
203510 983522 525
767930 818253 468
349677 865415 525
706796 755626 424
618888 836480 468
613773 760318 447
577371 581178 359
499140 866111 525
329962 695648 470
990617 993659 352
239004 444148 449
344998 703155 470
455417 460121 356
350996 438604 449
782292 892166 525
940689 945209 383
21486 767833 470
203339 848216 525
489024 908627 525
654932 663982 429
99079 661954 470
367136 554496 470
638426 993099 525
420717 505640 444
269505 984565 525
215397 519895 470
876730 995038 476
467251 921586 525
504488 810238 470
781964 981167 525
560475 623171 447
302741 730562 470
691242 796655 468
445219 719238 470
297092 904823 525
159780 591927 470
671169 692008 442
513839 982351 525
419073 616061 470
792588 947334 525
901033 967916 476
661892 812723 468
788629 869784 525
293567 342360 384
759271 829798 468
716731 922231 525
344209 914070 525
584122 602691 403
181786 477507 449
354737 421532 449
806581 821776 450
19558 929438 525
581046 849356 525
646168 709977 442
21841 588739 470
451644 453714 369
932947 963837 445
655211 936447 525
349186 662438 470
419912 912627 525
198347 349349 443
10025 564054 470
511868 720001 470
585895 825091 468
37538 497065 449
758037 919602 525
534900 839468 525
337851 922484 525
694240 743493 424
464790 542871 470
20222 428626 449
714433 777812 468
321636 651809 470
197723 750615 470
850156 942405 476
31624 918612 525
308912 611398 470
195602 723121 470
703039 838032 525
563728 793567 468
986441 986944 352
917814 922412 432
492517 858558 525
942400 957798 414
139405 691368 470
106795 457872 449
899646 907936 417
587331 877072 525
297799 464930 449
919386 968749 476
126193 243921 443
556129 673597 447
824864 966666 525
30598 238368 443
886051 957093 476
755088 957833 525
366730 817485 470
68222 249268 443
302586 858259 525
546506 750543 452
840488 962428 476
514084 603678 452
822237 921975 525
570344 972746 525
774725 952562 525
454257 702574 470
718181 756842 424
413339 576439 470
819699 927435 525
330503 560332 470
747133 977258 525
831406 992009 525
550118 706815 447
646095 947955 525
613029 756574 447
636868 880539 525
232594 948930 525
873363 943050 476
603170 790527 468
926943 982252 476
58013 880936 525
101773 848539 525
324230 969567 525
327856 942817 525
617681 779648 468
264326 730695 470
726214 802521 468
220899 896715 525
668106 697444 442
677631 730766 442
862281 920293 476
131222 331141 443
285183 971804 525
479869 771101 470
816011 937101 525
804375 982187 525
535732 733449 452
166644 620288 470
430892 932689 525
678009 907377 525
659550 830549 468
238517 944732 525
318704 718386 470
232184 657422 470
137317 808520 470
681120 925286 525
316679 386092 441
423824 989050 525
66783 467444 449
438090 744791 470
206702 652167 470
866251 967966 476
890684 937735 476
782842 845651 525
997003 997740 352
491679 811939 470
648838 819694 468
995921 996405 365
193450 493261 449
305305 388954 441
826838 906856 525
447924 873101 525
474217 753679 470
947038 968515 423
721895 880571 525
818995 946060 525
95612 481476 449
942464 974736 458
247768 813626 470
363690 590957 470
941779 976773 458
49828 891064 525
71482 420502 449
588239 737234 447
381025 448657 449
996430 998733 352
803781 984845 525
581041 715304 447
612001 843489 525
463716 773368 470
372378 846572 525
85588 584054 470
548747 957804 525
314744 922501 525
366209 560626 470
452297 583864 470
389928 568910 470
202857 815233 470
553754 783898 468
530536 859622 525
405774 414324 449
222546 491362 449
998377 998647 277
928664 963289 445
212204 454187 449
504814 915083 525
696699 982249 525
686585 800063 468
90515 504492 449
821168 920910 525
389805 409542 414
694358 917590 525
154036 714861 470
321903 560267 470
255625 581433 470
170707 221224 386
93931 296472 443
203472 296868 443
500585 521429 470
341054 928201 525
472673 583777 470
740164 778811 468
114033 624227 470
360243 801091 470
845451 970526 476
97562 565274 470
267393 635927 470
426213 466017 444
154585 204527 383
183416 599137 470
193551 489638 449
66668 777327 470
746153 940624 525
201940 532052 470
564850 849495 525
410300 947056 525
491926 832803 470
577906 986296 525
884769 917726 476
692053 695052 367
438206 755157 470
771015 896576 525
237437 268248 407
491462 603283 470
194900 540520 470
66691 203177 383
889675 912602 476
259548 598665 470
743452 941808 525
290717 810376 470
636860 728922 442
81884 924226 525
491697 776520 470
629611 711447 442
189448 383399 443
496047 680909 470
986682 999377 396
96032 816556 470
680285 934417 525
136084 950678 525
78222 350403 443
141411 631981 470
939500 987162 458
408115 991871 525
190009 856121 525
362990 991920 525
327978 668526 470
446267 511617 444
92213 698450 470
76713 533095 470
492245 538402 470
675394 870552 525
848209 885331 432
6842 525551 470
211051 340581 443
512712 848803 525
219072 991637 525
211792 835967 470
880317 932599 476
424625 966343 525
619 452593 449
574907 699068 447
529306 624353 452
707664 944951 525
979898 986853 427
190948 812392 470
499564 661194 470
718635 834453 468
872986 971554 476
642306 736873 442
75137 732603 470
233122 546949 470
719455 940421 525
359340 735371 470
266884 454005 449
617688 899982 525
804458 881776 525
80131 866353 525
600998 729906 447
535640 701459 452
694297 794968 468
489111 738065 470
664290 933404 525
973871 991306 427
124109 945806 525
433608 714314 470
562506 805155 468
282602 544517 470
737226 773970 468
345251 985004 525
992907 997309 365
851400 880988 432
933535 981988 458
445771 790348 470
239655 858258 525
291439 414454 449
813311 990616 525
239886 589479 470
972604 974884 392
389619 555288 470
786511 845644 525
321171 975285 525
278097 645071 470
100584 428909 449
865148 954491 476
639985 789194 468
467813 703507 470
794968 806425 468
589066 977122 525
368796 623787 470
186687 243240 443
525628 725833 452
601495 607222 385
107332 763559 470
412877 540150 470
4546 828443 470
760008 787026 468
177746 200959 365
155821 801532 470
387645 694044 470
561124 913272 525
77909 641886 470
930535 991401 458
604367 660868 447
664252 937227 525
496469 931177 525
464723 832114 470
810624 888099 525
889655 921806 476
989288 991675 352
539032 768915 468
394005 867043 525
886951 970978 476
402409 479005 449
941441 973901 458
708951 762308 424
988817 999122 396
713949 798732 468
414117 517078 470
57472 304684 443
949425 965166 423
502158 679361 470
396073 470185 449
478092 504437 426
511521 809120 470
460945 574138 470
687123 830880 468
938271 947828 383
888068 982496 476
436633 600484 470
378478 514441 470
213554 416122 449
824471 977392 525
844862 923639 476
557388 811680 468
852447 947852 476
695827 726503 420
106974 976697 525
1376 159139 383
4326 610935 470
454213 927965 525
168322 739644 470
20768 195887 383
862982 942224 476
1519 445170 449
805396 895718 525
901443 915853 476
840123 892549 432
841498 891536 432
896875 968784 476
345748 824839 470
137106 564482 470
674225 943815 525
447054 670266 470
461685 892223 525
992013 994320 352
742831 778211 468
595840 729317 447
505005 555843 470
863791 915004 476
20296 41529 324
468331 931250 525
287566 798238 470
4789 851230 525
343498 472456 449
918129 996475 476
956839 964585 423
925551 952726 476
382834 830470 470
11952 252154 443
42187 114041 354
528556 785351 468
461736 702874 470
712971 765623 424
623 33116 308
165767 691936 470
763359 813563 468
999316 999617 290
772585 988910 525
995818 997364 365
974590 991437 427
619756 952901 525
57353 703090 470
674715 703117 442
255402 426596 449
839822 934478 476
536846 720066 452
91528 948354 525
525414 561990 452
51901 970489 525
534993 563362 452
487473 910509 525
554799 863409 525
128503 326670 443
54475 347972 443
98424 481070 449
704145 725280 420
776120 910575 525
436677 487010 444
773172 984089 525
943891 944144 352
788878 899930 525
11923 739862 470
742952 841375 525
580171 735255 447
519682 890836 525
899857 978516 476
271143 703816 470
767393 992796 525
244024 560095 470
624957 855383 525
976376 998904 427
461000 806520 470
983924 998407 427
704922 983520 525
750995 901305 525
663640 968007 525
611156 742385 447
621499 828654 468
713134 880249 525
625976 905018 525
895779 945188 476
537399 609566 452
773841 808142 468
505676 647133 470
434117 604174 470
558988 971119 525
730612 979996 525
534346 756196 452
89986 925691 525
599544 761047 447
237429 291740 416
783074 903599 525
476253 929141 525
447371 526615 470
890812 966617 476
23252 31888 308
17314 506454 449
871714 889404 432
293950 839423 525
306198 651631 470
826629 943321 525
403452 931435 525
701881 823402 468
407687 981532 525
752543 939653 525
991114 992495 321
350207 891738 525
395946 797993 470
593618 722032 447
91502 488242 449
609792 647947 447
549445 623465 447
830903 838865 525
70302 150571 375
451366 615789 470
677162 987904 525
496846 980398 525
847052 892696 432
161396 665620 470
628395 883427 525
757121 797286 468
42663 628188 470
79998 161178 383
181204 993291 525
607707 951791 525
252338 699987 470
448636 812039 470
504605 973434 525
170224 234178 443
856861 867165 397
866431 922320 476
547101 799438 468
7097 839097 525
232040 252996 381
809616 933450 525
344152 439994 449
359235 482958 449
470614 737937 470
546410 777723 468
128398 862199 525
301171 967494 525
94238 134980 354
347233 830970 470
792251 909037 525
353453 997991 525
348339 735927 470
894748 993727 476
864324 999500 476
231119 791750 470
34274 87391 351
614484 938516 525
817780 914103 525
343433 703403 470
823139 958627 525
916470 997548 476
980886 999939 427
820686 918418 525
509206 669101 470
834888 843731 525
487283 994021 525
528439 715276 452
540747 901592 525
320418 385659 441
798682 823547 450
667494 671574 336
461001 964029 525
669122 958238 525
963967 999012 458
854164 978108 476
373139 733118 470
801654 922307 525
367363 600986 470
173113 507067 449
321892 744912 470
282454 563150 470
31987 82235 351
738704 985407 525
445368 691046 470
358545 694838 470
492700 615881 470
271705 952893 525
206045 525300 470
954223 963958 423
321586 914053 525
256779 438923 449
603518 760814 447
348429 562650 470
840316 977967 476
291958 554355 470
423334 983003 525
429251 634523 470
992054 996936 365
565620 914565 525
337783 380100 441
887363 912560 476
303583 417154 449
955057 987093 458
307786 643026 470
365036 804930 470
369666 878323 525
886901 960926 476
575280 940696 525
815060 887163 525
472713 669026 470
623172 897528 525
71178 635641 470
205314 809843 470
278667 965023 525
18025 206591 383
507506 781870 470
448202 906379 525
348605 895444 525
805400 889070 525
136982 960247 525
772623 938320 525
901213 903342 401
435589 938914 525
927200 930890 383
237135 891753 525
757602 913466 525
549320 731045 447
808909 875856 525
526873 529190 377
656828 956827 525
818164 866460 525
96419 573392 470
793659 817614 468
817613 860179 525
247430 951798 525
107575 572690 470
822868 928893 525
644075 744265 442
102072 117253 354
562428 610519 434
360520 948231 525
573637 582709 399
440096 634121 470
672452 750107 442
177780 999329 525
951869 995850 458
669763 833610 468
860438 994037 476
604702 945186 525
111289 167129 383
555704 988160 525
631711 730771 442
85788 159982 383
403222 918903 525
304114 849506 525
768547 865621 525
997307 997625 321
442030 920811 525
53049 885736 525
295331 514642 470
791177 868753 525
871785 977026 476
612596 936786 525
725306 735534 389
648573 693916 442
567367 654707 447
614726 651408 447
364323 583398 470
56449 606137 470
968502 974080 458
233231 991907 525
458015 724527 470
72203 649131 470
517801 847674 525
860558 995400 476
941857 998813 458
131964 207306 383
994212 998096 365
980828 985916 427
11683 436437 449
500660 875577 525
917580 949423 476
757293 938452 525
673423 996259 525
823941 916222 525
694308 906197 525
511725 933645 525
541460 808144 468
149963 499340 449
972522 990984 427
425059 606108 470
792205 997916 525
729460 743661 424
297456 505699 449
313212 859914 525
921907 984960 476
715586 736128 424
107419 241454 443
473816 755722 470
719627 812593 468
393348 546684 470
86295 398331 443
292563 589271 470
594198 910835 525
621016 663950 429
958031 970939 458
989326 989792 352
712525 938155 525
934429 984038 458
806547 922131 525
79852 692547 470
595519 881464 525
867026 877205 432
789777 861442 525
281113 942883 525
457646 973659 525
54753 688234 470
936216 944772 445
379724 914339 525
338329 526441 470
182665 229920 386
740646 813606 468
555489 736984 447
271251 791736 470
812390 891365 525
969018 976130 458
513849 614099 452
242135 851925 525
495987 617285 470
215923 829773 470
631277 845146 525
565009 568706 359
24392 442981 449
42908 321250 443
481982 887772 525
822519 861255 525
616718 652560 425
541476 992421 525
220639 677357 470
543007 675825 452
653487 745592 442
26942 656374 470
304851 864543 525
138355 192623 383
203413 204698 311
570229 820130 468
644418 925525 525
620772 851937 525
876170 881428 401
745936 745970 287
884291 949383 476
88988 705615 470
285864 928403 525
163821 919299 525
888181 917601 476
449307 581408 470
128485 193443 383
747789 980422 525
69613 123759 354
834908 978656 525
822105 878369 525
645911 918503 525
90195 162298 383
884161 935742 476
787555 821171 468
855148 967927 476
832856 860430 525
867242 966901 476
183371 963661 525
290147 619652 470
453364 877103 525
314566 375380 441
143808 525923 470
413637 978348 525
737166 779416 468
83089 175613 383
929692 999379 458
787503 891110 525
447662 707247 470
674471 960764 525
802401 978013 525
508552 735927 470
331495 698775 470
185850 599582 470
905732 975697 476
190609 725460 470
732444 965006 525
508848 875406 525
745600 955915 525
7273 334168 443
146737 290365 443
294931 949137 525
869224 927150 476
894127 921947 476
511242 624859 470
101207 357214 443
327386 728128 470
313128 334658 384
62295 459864 449
625022 873577 525
925352 947396 476
116314 769404 470
465148 794940 470
601154 702360 447
403501 747183 470
946839 961294 423
36769 673710 470
807756 985357 525
919840 921665 339
154036 358493 443
640838 749955 442
606868 742212 447
445717 923923 525
565508 817197 468
831042 847353 525
115704 301857 443
668379 932690 525
539077 892083 525
807534 834380 450
132303 772124 470
796449 853983 525
613645 869998 525
573352 646078 447
679471 900442 525
863231 903134 432
644243 785059 468
248087 612762 470
780278 963493 525
912581 978478 476
852270 955758 476
395271 715501 470
482581 927767 525
396939 594027 470
300073 354729 441
799362 913050 525
570943 693328 447
365293 605908 470
931767 966417 445
518896 900142 525
440231 448540 369
566279 744121 447
71511 597708 470
325227 816741 470
593607 685738 447
941730 954537 414
199736 218137 386
574118 628906 447
94008 958425 525
749006 912246 525
190406 677517 470
384962 392710 436
822569 977425 525
430236 441965 400
961086 962157 352
454877 668914 470
132393 249420 443
717212 763055 424
624424 803136 468
76471 344117 443
296913 881158 525
465023 678893 470
572817 972222 525
543351 620967 452
792770 878699 525
306378 930802 525
528980 791270 468
825892 890526 525
728574 745070 424
821575 955486 525
119628 230790 443
362363 848201 525
801983 989145 525
842962 989919 476
741478 822404 468
275555 897162 525
635889 689931 429
21430 522590 470
327707 901057 525
241889 283193 416
20684 472678 449
645555 868884 525
274660 656524 470
582976 956956 525
824094 900673 525
813239 890591 525
71068 328611 443
838113 878604 432
497518 819933 470
401193 825224 470
720989 906770 525
443198 863725 525
267291 535262 470
764397 885700 525
12879 94419 351
710924 733867 420
253852 335691 416
508243 885962 525
606013 635150 447
792731 912997 525
453556 946085 525
632950 681513 429
150699 702293 470
262109 545141 470
516915 650291 452
254438 267316 407
304560 763266 470
517535 558411 452
615308 960724 525
737673 984362 525
412521 617311 470
553767 815176 468
704465 947551 525
593636 765957 447
980818 994256 427
368743 529195 470
746439 843004 525
409764 810084 470
270743 970191 525
619103 813154 468
784000 970493 525
85242 563507 470
144522 237372 443
657002 797749 468
519169 817074 468
982764 984528 383
460067 977994 525
475198 604667 470
4268 422897 449
440383 473111 444
190685 948139 525
790777 917481 525
918285 967669 476
716335 768773 468
386029 611038 470
962640 995394 458
875672 923775 476
854770 873650 432
726374 839751 525
914560 988455 476
73179 542633 470
719883 925038 525
638151 805631 468
491634 576803 470
618637 880490 525
603800 781092 468
22820 353962 443
470964 553906 470
663374 832787 468
335552 499222 449
641854 997928 525
478498 693223 470
65779 518199 470
184856 642581 470
653187 762732 442
374096 846437 525
785551 833752 468
313177 671549 470
882061 883725 313
637219 796151 468
245146 650278 470
558883 619241 447
13066 860785 525
863650 972709 476
907656 983262 476
332641 922429 525
228407 499270 449
997663 999803 396
818504 975819 525
608883 751655 447
580039 758310 447
747607 811705 468
867990 940448 476
645564 694732 442
73840 384562 443
656939 675664 398
617572 930344 525
861397 874582 432
835333 953034 525
913994 983158 476
782016 877760 525
382508 736932 470
160476 315945 443
928947 947971 445
289625 345521 384
549711 973775 525
172572 294598 443
593618 702754 447
381987 587071 470
982955 985801 427
814288 856335 525
994390 997980 365
419186 503675 444
675265 784069 468
624363 739777 442
417992 433674 418
115269 807368 470
650486 916616 525
4297 468155 449
55260 451199 449
19185 403995 443
984841 998650 427
873422 910737 476
826572 964166 525
180760 865663 525
845216 882678 432
979734 998084 427
261850 774748 470
883740 973090 476
743726 995446 525
393222 785409 470
327758 719480 470
141627 346633 443
