60126 44831 340
9245 11910 268
56419 99638 351
91421 52785 351
66960 28467 340
42717 87589 351
61525 18212 340
62471 57885 335
41656 80620 351
18773 99715 351
37521 41685 306
9459 64845 340
45974 8540 324
19800 33661 308
86873 16378 351
15440 26498 282
4148 96025 351
43771 14283 324
29706 88039 351
69380 55782 335
34221 69119 340
84030 93124 333
27042 68027 340
4053 64472 340
47185 353 324
59051 45641 340
18804 77754 351
18666 60153 340
26813 27138 259
41497 11014 324
14668 12813 276
299 60692 340
85247 69897 351
18410 46982 324
44700 56312 340
87352 57099 351
16609 79228 351
25260 97804 351
22167 59856 340
19898 43421 324
77919 68239 351
66898 83144 351
99046 10749 351
39218 81771 351
57662 12944 340
82138 74490 351
7420 69110 340
68483 97042 351
97250 94658 328
79168 12093 351
70074 2811 340
94913 4764 351
10827 97739 351
17726 17463 279
10167 44369 324
39402 8796 324
64201 90484 351
70245 77060 351
95479 92444 328
83255 96795 333
96663 21798 351
79590 47195 351
16906 9113 276
40014 15806 324
49552 39150 314
69761 96657 351
72474 77190 351
22008 39469 324
88995 64071 351
89821 97614 333
56513 39823 340
22754 56710 340
3726 28181 308
81210 93742 333
58394 34483 340
94554 49661 351
56758 52335 340
79324 20836 351
62530 96336 351
94022 22285 351
3973 91266 351
94598 51443 351
90477 75442 351
2187 97877 351
61503 46002 340
5525 83897 351
39254 61116 340
86822 4352 351
25722 35100 311
90949 73423 351
30894 74751 340
29520 50901 324
2991 75681 340
9480 51995 324
93334 15851 351
46799 93720 351
20878 48199 324
90864 85342 333
84367 1247 351
37154 5523 324
57331 14525 340
90783 12448 351
40729 8701 324
53306 47587 340
80345 15670 351
35394 32082 311
80710 34172 351
42670 24193 324
30390 63970 340
5855 34737 311
88421 48955 351
14306 38655 324
82454 99947 333
5592 23093 279
49605 16083 324
36714 88499 351
61517 2454 340
35735 56353 340
12234 74383 340
13022 85263 351
2910 52143 324
71981 2258 340
41876 52815 340
78580 59816 351
31129 4109 308
66302 53167 335
92317 72087 351
11325 53768 340
85435 48380 351
30703 60151 340
79372 68013 351
32936 25348 308
21508 53029 340
26177 93173 351
62567 95914 351
68630 25151 340
64490 5905 340
71481 31849 340
9542 34499 311
46334 28998 324
99343 71992 351
50440 13226 324
70553 4288 340
25987 48955 324
2457 72055 340
98452 37742 351
32227 99204 351
28862 7470 308
17192 47733 324
78470 18037 351
67144 79610 351
48806 60402 340
23562 99298 351
37652 48485 314
35150 78196 351
52829 44305 340
87077 73569 351
52974 45847 340
43189 82059 351
65599 93035 351
27836 48296 324
43466 13921 324
58956 91628 351
49758 4455 324
80986 22027 351
15393 82083 351
55758 82065 351
41508 36060 306
86259 20890 351
17213 94767 351
10585 85898 351
350 3458 217
36050 61403 340
54026 63562 335
30099 77189 351
93262 35732 351
64948 92615 351
36493 85121 351
79561 88380 333
73201 93978 351
37753 43117 306
7238 44913 324
17710 6173 279
28801 7027 308
8435 80747 351
51402 81138 351
43888 54174 340
38264 10024 324
61346 7896 340
50326 48737 296
99336 98146 328
99787 44231 351
12269 6103 268
26929 5868 308
30640 12314 308
42036 63348 340
56847 64499 335
25788 16262 282
9405 79836 351
1110 75581 340
4663 36320 324
38941 71586 340
67597 28411 340
53749 50402 340
67944 7938 340
18714 55067 340
89977 22386 351
99847 77696 338
59218 12644 340
91495 21080 351
35031 24820 311
85859 61935 351
14021 21350 279
44657 69538 340
82393 68117 351
97233 42825 351
57629 38290 340
5956 58576 340
20742 63839 340
13206 24332 282
9738 41701 324
78438 11060 351
43935 96725 351
83133 80541 320
64868 23740 340
32952 82127 351
50148 67908 340
46993 34905 324
86505 39333 351
5398 11670 268
86147 96600 333
93712 91828 315
35497 14150 311
46102 52186 314
30438 39190 324
65310 6378 340
6805 78601 351
34160 65513 340
47520 71483 340
4610 17942 279
69534 63901 312
39461 51442 314
47725 59945 340
69988 48488 340
35947 48400 314
25428 77993 351
35153 92789 351
12415 55731 340
71853 32068 340
80483 46510 351
29317 38298 324
3520 78375 351
49328 78171 351
34832 86411 351
84175 15248 351
91878 91721 209
22913 97423 351
84564 38014 351
58310 95578 351
3397 18152 279
38022 42388 306
5775 84920 351
29511 12976 308
88453 5884 351
58636 72485 335
99776 62360 351
55673 17583 340
50288 60446 340
39373 28463 324
88334 97110 333
73335 81582 351
70692 58558 335
6089 45247 324
88595 71652 351
37097 43031 306
74126 44905 340
25910 93253 351
94250 74438 351
25779 59888 340
26098 44788 324
85450 37851 351
34341 40593 324
41857 81253 351
74296 34008 340
71682 56689 335
49154 68537 340
55504 4834 340
15094 55876 340
14190 88201 351
77297 49873 351
15079 67726 340
30013 37968 324
44083 96750 351
75694 10126 340
18605 21909 274
85769 39000 351
40394 471 324
47663 78006 351
9805 45433 324
57717 16359 340
51427 62646 340
28186 29406 272
3063 18638 279
15390 70415 340
62670 25886 340
49579 4946 324
84884 69845 351
66062 55258 335
81303 71118 351
12084 73888 340
91768 35254 351
99194 69977 351
34547 49273 324
93371 8725 351
19327 28540 308
50250 29244 324
38530 17359 324
44036 18039 324
38892 56333 340
5062 26133 282
36002 68135 340
72416 24743 340
14364 16688 271
58469 48335 340
19221 68959 340
8778 32154 308
3054 3262 199
68694 23414 340
76088 70608 325
18457 49795 324
50033 99225 351
92252 80764 333
70989 79816 351
47461 57310 340
15210 95097 351
2025 37491 324
49425 48652 296
62432 49319 340
78428 15293 351
21937 33218 308
33712 80607 351
88926 4503 351
55860 27409 340
50015 62736 340
15644 84745 351
60959 81591 351
71667 27837 340
54257 56447 322
57469 52340 340
79342 81474 320
2166 85426 351
75210 41362 340
75946 9614 340
72913 91712 351
23403 6207 279
39343 18084 324
64920 38832 340
94350 94278 147
32781 32049 267
38414 28148 324
2302 34121 308
971 36374 324
36057 42411 306
54543 77781 351
67494 95825 351
30367 88310 351
7705 84459 351
2303 73487 340
87743 61340 351
68019 42166 340
70906 7967 340
24949 86774 351
12586 53029 340
28916 37188 324
5183 8372 262
1665 96904 351
22900 42235 324
75111 64651 325
33236 79332 351
60920 84758 351
99445 44290 351
60464 43305 340
16557 127 276
60634 95041 351
69756 17261 340
91479 90907 333
71467 79297 351
42971 4340 324
89927 19663 351
32973 31264 285
32694 54851 340
33117 40636 324
94836 55526 351
75505 45900 340
17566 46692 324
83142 39431 351
48359 53610 340
37812 89338 351
29751 88493 351
62853 65051 330
6267 85073 351
54086 99093 351
15830 31096 308
56294 47616 340
61293 69102 330
22031 64710 340
26542 98553 351
60935 81946 351
63417 80101 351
43082 98583 351
11349 15641 276
58150 92655 351
40785 28866 324
65022 99578 351
64677 86195 351
72783 14439 340
33000 9242 308
16649 58699 340
5271 49689 324
13052 35991 324
30150 81898 351
74756 6213 340
50810 56837 340
57299 76797 335
11580 96463 351
31373 54903 340
14081 59278 340
89414 30586 351
41078 61020 340
25407 69981 340
33273 42361 324
45101 87567 351
61040 44384 340
59956 31546 340
63409 39693 340
54090 46112 340
38829 35223 324
50413 24852 324
93362 5812 351
37558 79121 351
33434 68823 340
5348 46106 324
60274 80987 351
70283 8466 340
20351 78528 351
13491 48127 324
54946 6024 340
93528 78492 338
54648 15429 340
9472 72679 340
66818 34543 340
12691 57249 340
41612 15370 324
62687 35423 340
48340 71586 340
91942 65750 351
84326 78475 338
33595 86875 351
60846 40370 340
96131 94392 328
72763 30973 340
58640 43644 340
97818 56385 351
2771 34688 311
49485 73926 340
78173 84856 338
72314 22961 340
80026 20193 351
39666 54844 340
44748 98074 351
49588 97288 351
12100 2256 268
49043 93957 351
89406 9912 351
98271 97737 297
53443 94189 351
47275 2542 324
67394 2482 340
53659 44024 340
14010 42104 324
28913 99573 351
32938 97188 351
95297 67239 351
13793 15996 271
49352 75979 340
60281 79126 351
9521 29831 308
59135 52168 340
47999 44349 314
80362 32139 351
31579 30380 285
32741 4003 308
50773 65496 340
84221 16999 351
56 84159 351
36668 49927 314
83672 13347 351
35050 40807 324
37180 90750 351
13331 91172 351
67300 64742 268
68519 6992 340
61953 78772 351
17841 85181 351
49513 57235 340
28242 94115 351
16655 4320 276
77241 75120 351
57841 39586 340
19893 84525 351
45669 13541 324
40638 70603 340
77511 70400 351
94267 86139 333
62781 28955 340
79852 78402 338
98725 42074 351
15224 10238 276
7855 32918 308
70622 83088 351
45813 80581 351
55973 77331 351
38868 55877 340
16894 52355 324
80893 1971 351
58821 8775 340
13886 5068 276
97543 18527 351
39856 1128 324
56976 77751 351
47775 26258 324
69614 86858 351
17727 71914 340
66324 42863 340
29458 87563 351
49275 43207 314
90078 63108 351
49779 28714 324
36310 50790 314
92970 75997 351
69593 18821 340
19670 77974 351
77390 82887 338
41520 13587 324
76246 68104 325
81467 3178 351
64279 61973 330
78746 94759 338
86544 61213 351
97480 28727 351
40896 38010 306
47766 32471 324
6093 76307 340
9737 34960 311
97653 47620 351
40834 5818 324
93023 34142 351
69440 56536 335
82250 53081 351
30547 36612 324
60811 8184 340
78601 62327 351
27754 90253 351
71045 92459 351
81912 68476 351
91004 16914 351
6891 5646 262
16503 14828 271
29063 65093 340
70748 97467 351
75511 42660 340
22694 12431 279
60139 57353 304
75107 46892 340
16442 42757 324
74606 47865 340
61557 57681 335
77926 30525 351
80603 77059 338
90137 16574 351
13993 27479 308
97703 90224 333
63230 52759 335
7133 85143 351
74651 61728 330
92941 89596 333
69237 14290 340
8341 56594 340
68417 4557 340
86962 98054 333
51184 72469 340
57687 76085 335
14021 71680 340
99445 82329 333
12932 42463 324
68661 79686 351
29902 39061 324
16226 71204 340
10875 72142 340
12678 38168 324
1014 56233 340
14094 62201 340
33887 89955 351
3629 53100 340
77165 65988 351
68305 35340 340
4645 11298 268
16253 1349 276
98656 38359 351
46033 50920 314
9304 80506 351
43658 8981 324
87642 58799 351
15870 41611 324
39017 43450 306
60166 84305 351
60465 77198 351
64159 1934 340
50758 16159 324
72303 81059 351
58449 99918 351
8878 9248 247
30620 39549 324
5464 9412 262
44801 68253 340
21135 56019 340
16575 19556 279
41905 25854 324
33397 34840 311
63126 21630 340
17171 24904 282
79288 64547 351
20155 40025 324
36377 20730 324
59461 20254 340
13384 60796 340
32431 64704 340
69923 25744 340
57543 76628 335
78563 19636 351
3378 72825 340
27558 40856 324
43231 96603 351
34302 31416 311
93430 99735 328
90405 85233 333
2344 3575 217
87954 86765 333
28771 88279 351
51344 57462 340
89200 17220 351
90504 40545 351
16992 19633 279
96062 49215 351
71356 98449 351
96685 41489 351
10418 69922 340
10232 93543 351
59650 29926 340
68888 19588 340
2386 68093 340
88799 18225 351
10143 21666 279
73805 42185 340
10741 17185 276
52423 34622 324
59525 85886 351
19134 66087 340
62399 63335 317
75501 86343 351
52461 25484 324
40697 39314 306
43505 74342 340
29234 59591 340
72193 99745 351
28538 72192 340
51902 70593 340
78664 46513 351
3490 87961 351
24205 62830 340
64702 51068 340
45371 67462 340
8060 2007 262
10862 69804 340
20819 46443 324
62241 73127 330
14969 15445 271
79680 26065 351
12779 54811 340
33907 11718 308
5365 36889 324
82321 87635 333
92291 77852 338
98522 33554 351
5235 43145 324
80028 91041 333
71652 84210 351
68876 56864 335
78184 73140 351
58640 95705 351
28038 75025 340
9505 21854 279
76170 27885 340
80757 78135 338
17143 70167 340
26885 67974 340
40006 41782 288
60408 38935 340
58651 82278 351
84018 34177 351
81745 93108 333
58334 85382 351
66851 18271 340
72656 71792 263
14035 58496 340
15729 13215 276
38761 41386 306
99241 13193 351
6796 71485 340
58407 2463 340
21932 87223 351
47584 22719 324
99733 78065 338
25199 28990 308
45282 89120 351
16148 57232 340
22000 44435 324
15500 90577 351
25939 46199 324
73210 34730 340
87967 93677 333
6064 27930 308
90805 6719 351
66852 18001 340
73162 86244 351
29427 83096 351
69594 54245 335
91347 4532 351
32486 86816 351
33622 59249 340
6333 9579 260
78025 92992 338
13169 96490 351
66538 63038 330
91064 89601 315
33343 16991 308
51665 52588 340
81360 58493 351
43977 94633 351
4531 63960 340
75953 77326 351
1137 51857 324
77664 2011 351
38664 95451 351
50229 51358 278
43537 73627 340
42956 67101 340
77783 38846 351
62093 6427 340
68257 71031 312
94635 25592 351
57318 67555 335
72858 73573 294
74623 67171 325
78004 37572 351
34292 39401 324
54793 25370 340
94223 77508 338
45208 66536 340
78801 37081 351
66387 45631 340
98686 50376 351
68141 76943 325
31918 6032 308
36270 94713 351
75716 69118 325
86502 12715 351
10592 66469 340
31218 48111 324
85385 55838 351
79483 49149 351
51322 60857 340
79894 54633 351
38524 57615 340
39747 34459 324
74935 34740 340
40628 99543 351
70174 42151 340
45124 99511 351
11004 60069 340
83997 47991 351
99111 70311 351
86972 70905 351
48124 48792 265
77405 60617 351
96415 94610 328
81512 86382 320
44957 1133 324
59096 37443 340
75404 18141 340
71370 24212 340
72824 7302 340
85919 23424 351
19014 64996 340
34889 27381 311
22682 50816 324
4927 50113 324
30865 7454 308
7740 54975 340
70213 49950 340
98816 51817 351
39417 12899 324
83003 71604 351
77607 77116 232
15015 17146 271
66657 69643 312
61989 12343 340
3000 82280 351
74302 82317 351
45592 35154 324
13857 71061 340
3697 56871 340
36526 66110 340
54338 52895 322
56161 31760 340
80225 58557 351
29708 5797 308
23288 75088 340
64033 22449 340
82505 15025 351
13977 43488 324
81699 10012 351
62705 75495 330
24509 81653 351
99172 85215 333
34872 23287 311
20801 78047 351
51278 91025 351
94785 40363 351
63371 42191 340
91211 47306 351
98680 27928 351
50854 66676 340
69229 15704 340
14192 78346 351
77985 33513 351
26326 60139 340
6732 50999 324
35182 76198 340
16948 47699 324
75753 90378 351
23470 24867 282
83786 27206 351
88334 31208 351
32986 56757 340
22737 8333 279
62684 34806 340
8551 39693 324
32434 42970 324
9378 70330 340
4033 68272 340
74922 8253 340
71719 35562 340
11866 81692 351
26935 60582 340
43449 9420 324
64982 60878 335
13471 73824 340
11626 90430 351
99684 73424 351
77083 74567 351
35698 7533 324
65122 34893 340
40409 7867 324
11690 78888 351
31774 58585 340
63954 407 340
30871 14397 308
78740 60116 351
76137 12420 340
4735 73236 340
66816 64641 268
17943 93922 351
20877 32330 308
31333 73108 340
72295 10178 340
99985 23779 351
30139 34102 285
79994 4111 351
60321 57872 317
60335 7549 340
3652 54916 340
47716 71726 340
90726 7212 351
22211 14770 279
53910 30656 340
68405 41301 340
13001 10066 268
8388 66922 340
56335 10642 340
37255 54240 340
84656 7387 351
17980 1745 279
40168 43608 288
22419 89302 351
24859 49889 324
38318 34981 324
92100 82864 333
91206 61501 351
78498 77150 307
69489 37961 340
9179 55112 340
60728 38521 340
48675 92938 351
65602 44332 340
58575 37572 340
82560 70263 351
78514 52298 351
16412 47091 324
62527 83781 351
96128 7290 351
19479 46285 324
87506 76029 351
90953 3421 351
40479 22821 324
32707 48136 324
38523 13890 324
58159 47670 340
66474 93600 351
1820 85003 351
19720 55917 340
67375 97889 351
58989 50369 340
75636 16032 340
59788 41201 340
68421 65667 312
75975 91128 351
86562 66780 351
12268 9065 268
37051 89639 351
47880 11524 324
1563 12359 268
50565 63897 340
93007 20849 351
92012 5463 351
2807 25307 282
82176 20289 351
73717 52675 335
29136 154 308
78499 73070 351
75591 17180 340
91291 89032 315
73807 30781 340
34604 16962 311
85767 74202 351
52575 5640 340
12328 24692 282
31701 3830 308
10396 82762 351
4042 28935 308
29797 61646 340
64504 36532 340
24347 77804 351
96763 7697 351
99836 33979 351
44011 38096 306
3485 36977 324
83604 58594 351
22811 84471 351
11457 9641 268
51042 99468 351
91355 40106 351
19007 39796 324
25386 14066 282
87281 42131 351
12838 1643 268
35253 39576 324
88576 48245 351
51919 77091 351
80344 76645 351
88945 3929 351
62087 79170 351
51690 23256 324
52282 70767 340
93201 513 351
19789 58849 340
50867 65887 340
51848 96772 351
43411 50757 314
77018 15360 340
34688 51814 324
979 30875 308
49677 6874 324
61411 33705 340
65397 18708 340
1081 57541 340
73044 93281 351
76644 92227 351
75735 68954 325
15133 16962 266
