591994 758247 447
710433 737080 424
993384 993826 259
598861 747304 447
676530 910603 525
840364 900005 432
218508 225698 368
791197 997994 525
815569 874971 525
770225 911812 525
511927 894758 525
483882 671160 470
993503 994933 365
44216 963174 525
644638 758252 442
268301 761464 470
698435 986583 525
455511 893957 525
577141 954685 525
105880 188998 383
469644 755973 470
502756 609403 470
958539 981610 458
873758 923326 476
47395 65221 340
56567 67430 335
285917 894448 525
524225 906247 525
210920 687955 470
15485 478175 449
956790 980548 458
319503 416524 449
410924 461201 418
384151 555690 470
546104 727687 452
459897 529190 470
729741 790969 468
516047 841362 525
644097 971499 525
436036 799488 470
535246 620375 452
228956 540924 470
502510 524782 470
604861 869804 525
433907 726844 470
123381 597826 470
553979 587157 434
814230 909078 525
773855 836736 468
712469 968286 525
593101 885037 525
382434 967126 525
630 737950 470
906556 930104 476
37540 225747 386
376637 966737 525
626231 929296 525
986290 994273 396
223663 461339 449
928169 970912 458
436405 928596 525
445325 758922 470
133598 189485 383
272834 994498 525
831562 948977 525
986930 988134 396
299219 330243 384
310793 974869 525
873518 933389 476
518419 808329 468
883457 979007 476
743334 885726 525
693229 831269 468
203113 430982 449
100474 978878 525
262725 604303 470
403964 723384 470
501630 850969 525
203598 999037 525
846597 959668 476
559860 707964 447
662632 808239 468
243577 980710 525
939709 958587 414
501567 738210 470
307688 345248 384
679576 826306 468
193667 370451 443
638703 901341 525
595777 922479 525
711473 718660 411
479095 768421 470
833070 908873 525
949993 952922 414
894404 896727 370
84975 717902 470
567133 587956 434
482361 921199 525
195132 809174 470
376290 670712 470
508986 815986 470
62208 602370 470
154697 964201 525
693827 876862 525
418046 418155 281
439397 509410 444
232938 596002 470
948920 988711 458
74992 122292 354
955761 979854 458
727869 896625 525
191122 747767 470
64941 950922 525
156430 798742 470
886510 890175 401
408233 543752 470
794642 867243 525
47279 648402 470
953658 994005 458
955818 962045 423
82458 672779 470
835579 845754 525
941246 971340 458
307268 654026 470
24175 383262 443
737984 964681 525
843257 860793 428
265691 450879 449
608164 882073 525
843303 913253 476
869871 924812 476
385328 694402 470
730219 822445 468
77095 493229 449
29339 67573 340
112905 955430 525
841357 913880 476
30933 997555 525
47255 816506 470
78282 515913 470
451150 703967 470
791247 830981 468
180254 554527 470
38928 649296 470
104678 265464 443
930996 943895 445
954809 985495 458
214236 613412 470
252898 803848 470
511973 618009 452
241682 811030 470
133339 225674 386
644312 896860 525
286365 714268 470
362713 680377 470
664095 788880 468
479985 766621 470
283283 984301 525
119016 892902 525
591032 823403 468
594555 603218 403
619263 893391 525
728278 915110 525
966554 992238 458
352567 591000 470
681350 889454 525
663762 985299 525
472369 988448 525
782523 849517 525
797154 817111 415
298707 571053 470
197042 518248 470
710263 835734 468
128368 528488 470
77244 822187 470
560806 666178 447
298806 672970 470
802556 893953 525
656552 980757 525
600159 790381 468
453566 706282 470
232573 635320 470
94873 147436 375
462523 995506 525
9817 597432 470
163803 660276 470
696132 946700 525
755135 885311 525
483590 808764 470
236498 450909 449
564293 841289 525
342588 997082 525
437646 720557 470
753779 760196 362
269213 978053 525
293833 790170 470
190966 491811 449
905462 957890 476
280652 828878 470
942189 964346 423
683181 769381 468
913681 991208 476
988202 997308 365
440838 898874 525
794639 960500 525
438345 894883 525
192309 832443 470
771463 830794 468
318291 572976 470
108808 564037 470
925175 937801 476
895166 995300 476
81373 815470 470
232664 418745 449
340234 668300 470
622459 780783 468
422832 982672 525
573439 750366 447
194983 658494 470
823106 878765 525
346722 963005 525
585996 839020 525
144400 685732 470
796753 833513 450
192291 438133 449
651805 684004 429
660740 871774 525
981750 992277 427
588267 600285 403
665774 698879 442
900439 990126 476
692265 873900 525
791808 983048 525
792208 906573 525
249966 938866 525
242720 306729 416
251891 808271 470
329474 693925 470
599840 857394 525
643791 821929 468
382393 757478 470
401305 633944 470
619673 744680 442
35644 519691 470
81872 691770 470
627252 920872 525
436987 927247 525
161794 393871 443
495097 630920 470
15585 176774 383
158663 550085 470
480893 907775 525
875579 977691 476
69035 138442 354
616296 795886 468
963978 969036 365
178928 230866 443
497089 553495 470
565329 732491 447
231125 887232 525
193555 486289 449
988112 996169 365
322749 786007 470
444181 660962 470
598294 813295 468
210386 643879 470
489241 848099 525
291160 687620 470
325759 406611 441
583255 671213 447
969097 976606 458
473116 483858 422
5743 619179 470
387838 700232 470
974791 990018 427
335718 926768 525
64758 142589 375
471395 633744 470
83023 707787 470
675488 831917 468
265796 754814 470
140199 530782 470
695182 837852 525
294554 980548 525
86646 180700 383
832892 934424 525
447528 864887 525
578028 826782 468
355648 968609 525
819563 835410 450
215050 279935 443
224514 845009 525
990465 993602 352
481423 613944 470
357847 369757 419
272963 877453 525
518514 637043 452
691702 887602 525
769980 924312 525
738056 945062 525
296925 426145 449
440529 626293 470
108154 923515 525
491459 789822 470
995409 997428 365
124823 226362 386
301219 441927 449
507756 924067 525
957189 995780 458
858836 989799 476
71343 985409 525
231575 231576 213
511135 670484 470
751771 862211 525
733859 921468 525
616331 921899 525
172511 932818 525
346002 863631 525
985179 985749 365
335247 681770 470
940264 998755 458
312719 605987 470
736766 887354 525
771721 851611 525
575506 852718 525
61405 762368 470
308084 573764 470
658839 782548 468
828896 893958 525
135365 961853 525
452540 480806 444
656744 976200 525
73839 491659 449
137607 411988 449
757839 869764 525
731795 832784 468
697969 758089 424
459675 995318 525
935792 963060 445
932874 935274 414
907105 976462 476
270634 458700 449
396505 692413 470
47917 152407 375
303907 927646 525
64199 177749 383
288016 698112 470
667657 995868 525
717689 917713 525
559089 962772 525
874815 994451 476
383806 406035 436
282384 678850 470
900995 978740 476
727330 982410 525
205306 372747 443
686381 974165 525
924138 972804 476
699337 717437 411
788997 835962 468
850991 864267 428
696188 838540 525
81381 93110 333
750005 853272 525
33537 860233 525
692408 896878 525
635689 804334 468
142310 942340 525
496579 891263 525
723201 844229 525
441682 998280 525
181450 426829 449
436551 572079 470
173802 287841 443
611072 968078 525
418964 953966 525
823065 867180 525
205680 863824 525
967673 972347 458
872160 961457 476
164441 581011 470
316296 515075 470
729425 906827 525
62968 456878 449
985481 989506 396
57158 211734 383
78781 934432 525
526088 633070 452
980306 998014 427
769722 972617 525
262462 708630 470
109340 183193 383
386046 518249 470
914470 965860 476
522759 604539 452
308069 911624 525
112459 243001 443
940585 963706 423
729886 946988 525
950659 968806 423
558045 903337 525
671974 832643 468
58592 652673 470
783626 813317 468
844995 916441 476
869932 953448 476
432052 770509 470
892512 907521 417
413292 693494 470
973588 974992 392
742245 940992 525
438677 769470 470
528594 729356 452
16322 816009 470
48373 488026 449
892344 943586 476
278962 290325 398
369686 528444 470
53536 694764 470
798661 996857 525
62332 207485 383
275905 988756 525
164734 650270 470
126245 946995 525
399573 646177 470
95879 237459 443
352421 580400 470
416629 602179 470
147275 610527 470
821663 949943 525
843208 917425 476
278220 868330 525
829894 941348 525
680722 805209 468
402954 911341 525
249820 581661 470
862649 952405 476
593836 727103 447
597347 724616 447
696461 722747 420
894571 908760 417
839356 912540 476
953235 999839 458
194257 295170 443
365363 690573 470
523552 893615 525
386337 870181 525
811148 829858 450
640240 709325 442
360150 373966 419
609592 852710 525
796892 935445 525
763663 966728 525
821716 897320 525
491293 763589 470
458322 595513 470
955916 978149 458
941337 969102 423
493301 795245 470
414843 741437 470
465698 800628 470
915171 917898 393
386973 755861 470
4360 149509 375
287439 414633 449
184706 431694 449
418125 456163 418
341230 663732 470
553790 640214 447
862172 964070 476
972198 984306 427
415571 977895 525
121752 762229 470
203363 324587 443
576933 863258 525
667170 708650 442
985168 995394 396
329190 958752 525
772260 841458 525
667458 703815 442
666800 782632 468
550600 808470 468
975712 993146 427
899439 922687 476
669978 964252 525
461101 596753 470
976591 981819 427
138172 434206 449
402828 474927 449
426899 902208 525
103217 479174 449
603346 948792 525
727313 862601 525
226773 259326 443
424982 856462 525
880684 987816 476
430859 495160 444
372108 553314 470
574577 950542 525
590346 659473 447
470080 893371 525
72081 216039 383
905628 927281 476
918221 947971 476
794130 890651 525
899814 924624 476
737108 833276 468
419917 742853 470
919459 925275 445
962393 993619 458
378290 594150 470
957475 971467 458
198276 957748 525
780944 831785 468
476629 934307 525
235250 709786 470
899751 917082 476
146556 978401 525
985836 987109 396
164142 187312 365
806035 912350 525
933640 940361 445
712563 805212 468
202256 942870 525
14388 176114 383
224402 410214 449
967468 982175 458
895299 948199 476
32259 167923 383
126410 581123 470
320101 791257 470
71453 508532 449
53885 990219 525
349818 734838 470
836892 917380 525
533166 557604 452
515007 637236 452
951621 981478 458
467703 973322 525
632235 849026 525
636531 812373 468
651404 764046 442
438729 771421 470
814775 983727 525
688516 823874 468
776333 974863 525
608236 866424 525
79075 563919 470
132573 351076 443
202754 746186 470
746438 998750 525
302086 660946 470
633811 947440 525
627533 877439 525
612006 824752 468
559181 986354 525
172701 344677 443
124392 631744 470
515040 515646 395
887069 970552 476
132747 169240 383
218778 809432 470
779992 884715 525
421145 549908 470
291599 860288 525
649386 668715 429
151917 488012 449
476298 983679 525
101269 921031 525
575291 973913 525
725533 871324 525
934107 992591 458
507349 620725 470
234682 571648 470
418978 979634 525
249574 942566 525
827656 920283 525
964543 985600 458
362783 514962 470
496976 584032 470
887468 903565 401
50185 447759 449
829453 862162 525
137120 605915 470
691544 773518 468
89337 620032 470
490183 537041 470
607229 693884 447
402358 801712 470
427613 667702 470
852625 925384 476
409873 654965 470
289503 383064 441
750442 764432 424
707253 965917 525
108825 173443 383
616958 905034 525
101168 135181 354
289751 703283 470
527398 764140 452
142951 751720 470
435805 985720 525
652980 847875 525
488766 570599 470
21365 142867 375
322039 607548 470
434480 888915 525
637979 698676 442
414185 896996 525
543359 731231 452
804074 917391 525
241829 577140 470
51216 442929 449
178783 847991 525
881032 946911 476
375384 862052 525
306309 836341 470
194476 960483 525
321392 971618 525
573013 817683 468
98614 277815 443
705601 914282 525
93418 199374 383
846863 900026 432
72847 938590 525
845087 961965 476
682786 859035 525
957221 988294 458
64368 102624 351
610560 717352 447
99004 570857 470
956901 999983 458
812812 827533 450
151501 240985 443
90684 296795 443
325708 971934 525
252340 820704 470
705771 715871 411
919668 942056 476
461253 605865 470
477023 743066 470
797955 899501 525
892659 987739 476
898836 922547 476
656675 834159 468
371563 974413 525
603859 624774 447
395793 668429 470
761441 994230 525
242922 709856 470
503292 836767 470
934663 967403 445
942691 969381 423
636692 791699 468
972827 991570 427
774724 898793 525
813313 834871 450
591225 868452 525
565589 866402 525
912888 950504 476
672217 680038 385
706603 923494 525
444301 513089 470
702647 864923 525
925902 971351 476
48958 153800 375
340244 392400 441
923696 978945 476
574165 590533 434
21787 160162 383
546908 572182 421
295065 998265 525
647584 826102 468
668280 826251 468
561030 696654 447
281033 337446 398
911100 945503 476
178252 610277 470
988606 994148 352
51803 285007 443
981098 986387 427
339083 375897 441
244596 270055 407
629829 717790 442
242601 846179 525
292156 483510 449
392414 667682 470
577927 872719 525
598714 866394 525
234586 706601 470
192949 900063 525
66717 733268 470
136204 929916 525
640618 964031 525
62719 595833 470
796644 993220 525
249131 487901 449
167879 334287 443
176911 936335 525
43772 126736 354
626679 977360 525
660749 833912 468
395446 522812 470
48754 861125 525
781851 943354 525
566440 992358 525
38819 886522 525
74796 993112 525
474459 615058 470
638921 692915 442
795370 888538 525
723163 847255 525
464837 559863 470
21676 544836 470
202765 309698 443
513692 609012 452
523967 562738 452
672327 867008 525
213844 299560 443
312992 878499 525
521219 680385 452
620497 636354 416
330640 425557 449
924445 951785 476
712652 933596 525
734836 792185 468
670237 812282 468
41820 140368 354
60846 151460 375
515970 660932 452
112283 952248 525
812257 889591 525
531491 788273 468
929199 991431 458
370354 618867 470
454584 941714 525
832444 948978 525
444080 753780 470
427992 840490 525
735348 892586 525
987761 997588 365
257622 297118 416
285123 707612 470
617673 745084 442
472184 953188 525
143621 588586 470
371707 753172 470
66970 667128 470
370840 949103 525
492740 795893 470
302830 380738 441
822742 871019 525
174419 413819 449
886266 895070 401
873117 911019 476
927161 975343 458
371832 782685 470
981033 997958 427
318180 331819 384
938789 958648 414
960394 980055 458
573831 820852 468
906998 916963 476
53769 620312 470
357800 568989 470
460695 605295 470
871471 903550 432
807003 962488 525
970692 977313 392
109765 748145 470
528041 750654 452
632270 801577 468
851372 907044 432
226012 940015 525
201155 227738 386
322945 869866 525
457201 637554 470
1914 333105 443
219468 329966 443
353928 756230 470
516520 526041 439
220259 816118 470
823078 859698 525
100564 921106 525
400396 450200 449
403565 832561 470
293712 648176 470
221814 909293 525
201284 323741 443
889162 986379 476
999666 999995 290
862601 903532 432
927696 978469 458
49830 277466 443
333436 843622 525
874222 890321 432
838214 943278 476
876943 944093 476
712354 733262 420
951900 963768 423
958700 983881 458
796370 858375 525
911184 911508 339
445006 854988 525
253332 766373 470
896997 900333 370
520 158227 383
608160 726528 447
753061 757693 424
717517 733401 420
75931 297086 443
230384 328132 443
184381 879683 525
359214 711262 470
780230 829091 468
904663 960144 476
286798 857936 525
970812 979702 392
344827 392697 441
681720 687153 398
59134 112403 354
585985 633807 447
506048 594146 470
489505 490814 320
632817 918547 525
884991 946980 476
188408 648655 470
493838 676016 470
334573 704144 470
698928 771100 468
289220 809399 470
525862 722772 452
771425 966781 525
978452 980209 352
247560 517250 470
808372 809678 313
447685 782408 470
508356 814660 470
335483 703331 470
475823 953489 525
506613 824550 470
865236 959295 476
770510 821975 468
801716 905008 525
678683 854003 525
987530 991516 352
815813 835554 450
622323 923444 525
413906 712063 470
255553 428164 449
8132 575768 470
177073 799336 470
477418 648119 470
163708 205014 365
533362 875121 525
473703 998576 525
995536 996257 365
507874 547401 470
555852 812767 468
330155 385068 441
53768 805846 470
508049 804207 470
999891 999981 259
445433 935037 525
468740 603746 470
439642 762116 470
880420 993412 476
208065 511615 449
282788 458008 449
156379 599873 470
784962 838835 525
463523 885760 525
862957 944666 476
353609 734825 470
519844 760352 452
130874 317004 443
225401 252956 443
542863 789966 468
251182 418033 449
384163 818495 470
351705 954189 525
486848 964364 525
694762 731078 420
95447 759559 470
815398 872776 525
278612 544455 470
38770 460420 449
374112 960598 525
994914 996981 365
339461 564675 470
319533 775110 470
331035 536271 470
513559 558514 452
357252 949570 525
912742 923458 445
646373 884291 525
317508 448903 449
590024 660915 447
651326 995076 525
126168 902047 525
979641 985733 427
19495 57618 340
835977 868307 525
195693 822491 470
400012 905751 525
554781 576707 421
65493 124591 354
196383 665848 470
63038 500098 449
858731 889148 432
381468 927277 525
428398 592986 470
406955 628114 470
397650 446340 449
695505 988824 525
112312 120953 349
662888 731380 442
999685 999688 228
847010 898568 432
831117 888449 525
728870 776534 468
548037 753906 447
925732 936719 476
557669 699205 447
258400 758320 470
432162 482128 444
685643 741761 442
72914 619337 470
163655 331843 443
33517 482874 449
975346 980627 383
436659 465882 444
160199 697351 470
831911 841006 525
115092 989125 525
185363 452259 449
813086 822970 450
684395 774682 468
61636 299579 443
100352 234573 443
783452 965260 525
450649 765655 470
19517 157902 383
715090 947748 525
620259 968901 525
417191 465741 444
881007 917593 476
211533 843732 525
493569 876565 525
907259 945918 476
506835 788327 470
993332 997343 365
723745 857803 525
54071 288649 443
395946 784255 470
17586 978346 525
825256 832486 419
962215 977525 458
734908 813936 468
917017 983153 476
54231 303487 443
385260 902652 525
166249 849357 525
50921 789610 470
125700 250090 443
607240 776928 468
869863 979213 476
885919 954709 476
849447 994354 476
431470 749391 470
712763 934290 525
526484 995663 525
922670 993249 476
52257 60725 340
289844 883588 525
790415 906914 525
13138 844630 525
113363 803811 470
651958 783167 468
955885 976848 458
568312 673263 447
441637 454960 387
397463 692360 470
194360 408808 443
493876 593309 470
785102 895579 525
589582 687461 447
747665 812228 468
959422 999825 458
381790 786475 470
654235 888616 525
107632 686762 470
109490 440482 449
338995 561682 470
11698 647330 470
813245 897763 525
