1 10 20
100 200 125
201 210 89
900 1000 174
10 10 7
10 1 20
39 181 125
30 110 119
124 192 125
42 139 122
182 197 120
97 135 122
5 126 119
148 174 125
158 199 125
130 180 125
23 99 119
114 126 109
9 112 119
200 201 27
58 114 119
31 66 113
135 143 104
71 145 122
155 167 112
35 143 122
6 195 125
91 146 122
36 177 125
1 73 116
72 191 125
9 186 125
133 174 125
82 113 119
106 164 122
3 80 116
192 199 120
60 94 116
65 177 125
10 27 112
150 197 125
110 116 114
68 78 116
171 189 125
133 177 125
51 131 122
167 193 125
157 171 125
147 196 125
92 188 125
188 201 120
103 188 125
41 181 125
104 188 125
25 74 116
100 170 122
34 153 122
70 173 125
46 71 113
160 198 125
35 73 116
39 150 122
53 165 122
97 121 119
2 68 113
14 24 21
58 65 108
120 142 122
121 179 125
177 191 107
139 187 125
104 113 114
123 173 125
127 195 125
7 198 125
163 175 125
67 114 119
49 52 25
32 90 116
106 180 125
129 198 125
11 23 21
66 133 122
75 113 119
110 152 122
145 186 125
11 18 21
74 85 111
12 194 125
100 160 122
131 162 117
74 197 125
1 199 125
197 200 120
155 162 99
171 201 125
122 160 122
22 80 116
152 157 86
164 167 112
50 147 122
14 159 122
110 137 122
31 115 119
82 107 119
11 196 125
182 198 120
145 189 125
168 189 125
95 111 119
178 184 94
64 138 122
170 178 125
29 31 107
86 154 122
109 114 114
97 195 125
170 174 125
71 199 125
146 171 125
153 171 125
142 158 117
45 120 119
51 98 119
37 167 122
106 123 114
178 183 94
86 193 125
173 179 81
58 89 116
161 180 125
36 48 110
89 147 122
106 154 122
74 158 122
191 201 120
172 194 120
34 180 125
130 180 125
108 174 125
115 162 122
116 169 122
29 141 122
32 69 113
118 145 122
122 200 125
142 195 125
37 68 113
84 99 119
50 186 125
187 192 107
51 68 113
144 158 117
140 192 125
187 191 107
121 179 125
32 111 119
7 179 125
193 194 120
43 138 122
49 148 122
57 82 116
96 173 125
59 119 119
14 188 125
134 161 117
190 201 120
34 41 110
33 114 119
30 36 107
51 99 119
133 194 125
54 67 113
49 145 122
153 174 125
58 174 125
188 189 107
91 118 119
179 183 94
122 172 125
76 150 122
58 162 122
7 153 122
111 194 125
18 172 125
45 71 113
158 185 125
108 147 122
57 185 125
172 175 81
128 160 122
10 122 119
57 154 122
148 178 125
131 147 117
15 61 113
194 198 120
154 193 125
19 31 112
198 201 120
32 119 119
100 143 122
120 158 122
155 198 125
46 157 122
37 169 122
77 103 119
86 97 119
197 198 27
152 161 99
156 172 125
77 176 125
124 165 122
186 187 45
44 60 113
107 159 122
126 141 122
153 167 112
165 190 125
102 163 122
1 52 112
169 172 125
73 95 116
10 145 122
35 171 125
3 34 112
42 97 119
192 195 120
173 197 120
93 140 122
48 117 119
163 193 125
34 87 116
95 117 119
138 150 117
55 187 125
22 166 122
34 163 122
25 84 116
43 96 116
8 157 122
112 156 122
122 196 125
37 165 122
26 187 125
153 197 125
154 172 125
114 167 122
70 173 125
74 107 119
186 201 120
53 135 122
128 162 122
5 157 122
82 185 125
20 106 119
176 184 94
61 193 125
23 187 125
184 190 107
166 167 112
96 132 122
102 168 122
19 152 122
54 170 122
45 55 113
16 45 112
49 81 116
140 167 117
29 126 119
6 29 112
49 91 116
142 145 117
92 126 119
5 13 20
51 198 125
167 178 125
159 186 125
9 126 119
90 191 125
151 198 125
38 87 116
146 161 117
169 185 125
101 127 114
128 177 125
155 192 125
183 200 120
119 173 125
163 189 125
96 118 119
68 199 125
22 197 125
147 178 125
5 128 119
139 150 117
53 88 116
63 159 122
195 201 120
112 175 125
9 23 21
25 51 112
68 122 119
73 116 119
47 182 125
68 121 119
156 199 125
31 139 122
154 190 125
70 89 116
200 201 27
196 199 120
92 158 122
181 189 107
112 130 122
91 145 122
65 159 122
196 198 27
70 196 125
84 123 119
106 113 114
52 67 113
197 199 120
79 113 119
149 169 112
149 168 112
156 176 125
70 150 122
15 56 113
12 92 116
107 146 122
29 145 122
92 169 122
132 152 117
19 64 113
35 40 35
83 159 122
167 191 125
72 120 119
8 149 122
76 165 122
36 118 119
143 175 125
103 113 114
51 96 116
144 159 117
194 195 120
67 194 125
132 176 125
94 112 119
32 195 125
179 181 32
38 127 119
73 148 122
71 173 125
159 192 125
42 136 122
15 123 119
68 189 125
186 192 107
67 156 122
117 123 96
119 182 125
56 117 119
134 192 125
135 171 125
2 22 21
71 94 116
17 201 125
6 77 116
8 26 24
175 192 107
117 176 125
9 12 20
104 128 114
140 182 125
12 163 122
71 127 119
64 197 125
192 199 120
149 167 112
177 183 94
36 185 125
51 101 119
62 151 122
58 112 119
78 162 122
61 187 125
142 192 125
72 180 125
21 101 119
152 185 125
42 55 113
170 173 125
128 188 125
192 199 120
150 185 125
49 54 113
194 196 120
164 195 125
81 84 111
33 82 116
29 198 125
4 8 17
180 200 120
135 155 117
17 44 112
178 182 94
89 96 106
26 190 125
180 186 94
163 174 125
165 182 125
75 97 119
136 186 125
125 154 122
56 80 116
95 153 122
58 174 125
72 105 119
33 85 116
33 35 27
78 148 122
151 195 125
108 116 114
162 199 125
62 137 122
110 144 122
182 200 120
19 180 125
50 168 122
91 144 122
52 191 125
103 124 114
151 163 99
110 141 122
42 56 113
195 200 120
2 50 112
146 169 117
176 198 120
184 191 107
179 196 120
44 109 119
164 195 125
101 182 125
141 176 125
129 170 122
84 117 119
39 133 122
18 99 119
41 111 119
178 194 120
66 109 119
8 94 116
72 169 122
160 162 99
6 122 119
168 170 50
65 194 125
99 103 88
101 168 122
187 197 120
75 191 125
122 123 47
161 181 125
5 76 116
166 178 125
198 199 120
176 181 32
4 72 113
148 173 125
185 195 120
17 22 21
184 188 107
2 28 112
1 155 122
182 189 107
50 172 125
94 190 125
107 127 114
162 174 125
70 119 119
176 196 120
146 179 125
50 82 116
131 145 117
19 103 119
31 134 122
62 135 122
31 54 113
90 157 122
88 127 119
22 180 125
197 199 120
149 189 125
155 166 112
62 189 125
16 198 125
115 201 125
25 47 112
28 64 113
175 197 120
200 201 27
173 184 94
55 105 119
57 99 119
38 99 119
172 185 94
95 112 119
176 194 120
197 200 120
117 187 125
177 187 94
96 146 122
148 150 24
112 172 125
114 138 122
110 162 122
15 77 116
56 128 119
17 144 122
130 189 125
33 100 119
83 126 119
111 186 125
151 156 86
49 156 122
190 201 120
95 106 119
136 192 125
126 173 125
75 147 122
72 178 125
99 137 122
69 100 119
52 144 122
96 201 125
47 97 119
47 112 119
79 182 125
120 132 122
159 197 125
21 118 119
170 188 125
76 197 125
110 122 114
166 199 125
117 157 122
170 193 125
26 78 116
141 186 125
109 142 122
95 108 119
50 101 119
125 152 122
20 146 122
15 84 116
50 68 113
38 104 119
164 201 125
92 114 119
196 199 120
79 199 125
51 59 113
123 153 122
95 167 122
139 180 125
38 142 122
100 183 125
161 175 125
31 171 125
160 188 125
152 159 86
62 125 119
31 125 119
193 199 120
19 76 116
88 199 125
102 124 114
145 200 125
177 201 120
150 188 125
116 171 125
83 156 122
10 161 122
95 175 125
199 200 120
101 144 122
159 191 125
190 196 120
181 198 120
100 151 122
148 169 112
21 40 112
86 131 122
170 186 125
126 180 125
67 94 116
132 187 125
82 169 122
20 89 116
136 199 125
179 189 107
31 154 122
80 183 125
62 71 108
163 175 125
50 115 119
101 133 122
119 201 125
187 194 120
51 125 119
96 106 119
179 185 94
53 171 125
61 173 125
48 84 116
177 201 120
127 142 122
164 192 125
95 138 122
42 104 119
197 199 120
95 109 119
72 127 119
3 171 125
65 162 122
128 137 122
9 142 122
89 174 125
181 188 107
112 174 125
16 191 125
140 180 125
14 73 116
54 167 122
24 93 116
166 183 125
72 192 125
167 190 125
19 43 112
59 76 116
126 159 122
116 127 109
190 199 120
145 199 125
24 51 112
73 153 122
145 181 125
166 177 125
60 110 119
129 148 122
174 182 94
55 120 119
199 200 120
37 145 122
184 185 45
189 199 120
131 182 125
180 186 94
179 185 94
15 151 122
41 109 119
122 190 125
24 78 116
4 92 116
134 188 125
147 154 117
191 197 120
31 133 122
87 188 125
70 153 122
108 137 122
147 188 125
54 83 116
4 71 113
84 167 122
175 176 81
188 190 107
31 168 122
103 158 122
97 198 125
7 39 112
149 193 125
29 38 107
44 170 122
83 201 125
21 138 122
83 151 122
179 180 32
90 191 125
127 165 122
21 182 125
45 84 116
86 107 119
93 113 119
179 181 32
121 153 122
139 160 117
118 171 125
78 189 125
153 188 125
96 199 125
95 117 119
89 131 122
89 187 125
28 35 107
82 198 125
58 104 119
118 142 122
130 150 117
128 194 125
184 185 45
88 197 125
127 147 122
64 128 119
76 108 119
170 174 125
185 197 120
88 141 122
74 125 119
95 140 122
159 175 125
128 158 122
150 192 125
76 103 119
133 175 125
60 146 122
65 132 122
187 200 120
158 180 125
64 75 116
60 180 125
163 195 125
26 164 122
195 198 120
73 90 116
146 180 125
168 172 125
110 191 125
175 201 120
133 148 117
10 165 122
84 197 125
44 64 113
84 108 119
101 122 114
90 142 122
106 180 125
65 191 125
96 103 119
109 176 125
60 73 116
151 166 112
90 177 125
8 53 112
200 201 27
124 186 125
181 183 94
157 168 112
28 191 125
129 199 125
39 59 113
25 121 119
26 159 122
94 151 122
190 191 107
122 186 125
142 184 125
8 187 125
113 132 122
42 135 122
100 186 125
45 135 122
131 178 125
163 182 125
124 161 122
149 159 86
193 196 120
146 197 125
176 180 32
128 190 125
144 167 117
166 198 125
90 133 122
139 194 125
50 174 125
95 114 119
136 152 117
197 201 120
95 164 122
161 195 125
74 110 119
171 176 125
198 201 120
56 195 125
24 98 119
98 175 125
3 94 116
68 109 119
70 84 116
91 173 125
192 201 120
76 149 122
153 187 125
6 170 122
70 195 125
68 181 125
192 193 120
122 192 125
42 161 122
112 116 34
21 144 122
24 114 119
138 140 42
96 171 125
84 177 125
189 190 107
87 167 122
156 161 99
33 132 122
110 113 114
27 41 112
151 156 86
19 61 113
187 191 107
42 146 122
102 134 122
133 142 104
182 183 94
58 175 125
112 179 125
185 192 107
131 137 91
156 189 125
36 189 125
197 199 120
23 140 122
106 168 122
120 173 125
111 120 70
91 147 122
57 94 116
94 110 119
18 161 122
104 181 125
174 188 107
102 163 122
1 101 119
18 65 113
131 182 125
104 159 122
105 127 114
71 186 125
32 113 119
40 128 119
32 53 110
47 195 125
196 200 120
155 177 125
34 116 119
163 164 112
107 177 125
142 164 117
16 91 116
127 172 125
70 142 122
156 198 125
129 169 122
145 146 117
137 198 125
118 183 125
10 21 21
138 174 125
126 158 122
42 69 113
79 80 36
42 173 125
100 130 122
78 116 119
34 174 125
69 83 116
20 149 122
163 186 125
152 158 86
122 174 125
199 201 120
12 141 122
177 200 120
184 198 120
195 197 120
150 180 125
54 121 119
176 191 107
13 149 122
80 151 122
171 179 125
144 189 125
174 182 94
18 87 116
84 153 122
20 130 122
32 68 113
111 193 125
73 191 125
69 180 125
88 107 119
44 91 116
28 59 113
11 115 119
91 174 125
128 162 122
111 175 125
84 167 122
146 157 117
148 192 125
88 154 122
157 178 125
48 74 116
162 196 125
142 170 117
21 64 113
32 103 119
192 197 120
163 177 125
46 198 125
57 178 125
68 119 119
169 198 125
133 193 125
196 199 120
30 151 122
47 88 116
103 125 114
66 112 119
123 135 122
139 141 42
36 114 119
128 149 122
29 163 122
135 167 117
158 200 125
60 195 125
190 197 120
167 173 125
120 170 122
150 186 125
60 67 108
182 195 120
176 195 120
42 122 119
67 166 122
22 122 119
15 57 113
35 182 125
184 189 107
86 182 125
173 180 81
23 27 112
178 198 120
187 201 120
167 181 125
143 194 125
185 195 120
146 166 117
187 191 107
53 189 125
1 88 116
65 149 122
152 160 86
5 19 21
125 131 122
107 158 122
105 172 125
142 199 125
5 197 125
115 178 125
200 201 27
88 110 119
82 108 119
133 175 125
188 196 120
102 159 122
7 33 112
154 194 125
13 191 125
35 110 119
176 201 120
42 120 119
189 194 120
174 180 81
19 74 116
121 150 122
30 42 110
183 192 107
51 170 122
124 142 122
144 194 125
9 34 112
170 171 125
99 123 114
185 191 107
32 146 122
92 96 106
46 169 122
