1 10 20
100 200 125
201 210 89
900 1000 174
1 1 1
1 932324 525
100 100 26
815005 1 509
527529 37175 470
950321 232498 525
582417 121728 470
877425 147958 525
774169 842858 525
292523 403257 441
859858 721149 525
900720 2000 525
72359 722709 509
889189 382727 525
910242 235083 525
55877 138425 354
66958 216546 386
455210 209070 449
458034 593247 470
58907 536016 470
59567 53479 322
333376 763894 509
334585 426738 449
42410 694462 509
558135 807099 509
600426 336798 470
201218 975065 525
176370 168712 347
595944 97354 470
290763 795968 509
65832 410965 449
19805 30077 308
14870 894875 525
224767 795828 509
243702 718846 509
845894 573600 525
912703 625311 525
889057 414331 525
146978 175526 383
339555 903152 525
442048 124756 449
127820 455859 449
891938 630769 525
743274 524692 509
581925 716427 509
715400 863601 525
446709 860439 525
315255 724414 509
755017 504419 509
764431 459513 509
336843 116132 443
45455 455465 449
256021 932857 525
494573 570533 470
321592 857956 525
364576 917612 525
54762 732203 509
235341 148681 443
694236 758713 504
268932 238778 407
721005 685396 504
307420 408977 441
914154 345774 525
503822 945314 525
503407 939274 525
151498 190772 383
126660 450869 449
739449 321890 509
354864 571425 470
220808 993026 525
265995 709130 509
42063 570185 470
442057 549464 470
422059 667079 509
319097 252618 407
204407 796074 509
354262 991934 525
157184 281512 443
214140 5588 383
792772 651069 504
34345 999143 525
288029 952917 525
682717 197120 509
226574 476774 449
791033 285399 509
904879 617169 525
563700 898309 525
506530 474178 426
877454 47480 525
795003 93510 509
74796 162573 383
585029 288273 470
919944 229201 525
240664 854387 525
847372 585210 525
528742 888853 525
493233 935089 525
482949 992481 525
577947 86165 470
294908 601262 470
971053 630779 525
635333 555402 509
223076 34738 386
72061 448486 449
969270 864317 507
658351 87108 509
986208 124485 525
297176 415299 449
446154 775388 509
543645 967065 525
847266 511632 525
449777 111591 449
405483 972504 525
741157 399636 509
968669 37439 525
604726 408111 470
154054 22237 375
892854 557796 525
762431 591195 509
345931 332869 366
693172 14380 509
365750 523752 470
414720 827652 509
468795 284933 449
147652 1978 375
397580 796986 509
950214 700821 525
782354 927376 525
482369 355337 449
928693 206823 525
961432 27443 525
751154 536491 509
281922 222945 443
603618 730631 509
987842 73407 525
1849 936791 525
664163 203371 509
434335 687844 509
549490 92905 470
840207 324320 525
355490 108711 443
943256 860742 507
588554 152795 470
869464 282881 525
995140 197073 525
329589 737233 509
322093 412258 449
607538 944348 525
414298 275767 449
248734 170659 443
121369 905488 525
40933 520963 470
362476 364090 317
237233 14357 443
885124 17258 525
687638 131507 509
292240 987277 525
178279 259780 443
818458 764862 468
814125 50914 509
88142 622863 470
936714 605135 525
528537 645425 509
235028 626424 509
224373 791978 509
999956 314786 525
508361 262958 449
825939 384026 509
113097 556521 470
14573 868389 525
627506 158121 509
411680 896253 525
552201 998651 525
217588 626599 509
641534 418425 509
540330 137187 470
89163 576361 470
648527 710377 504
594621 648283 509
501843 716197 509
383606 223963 443
397296 319080 441
845624 707000 525
60610 439330 449
533406 287600 470
90824 818179 509
29228 355054 443
508032 218254 449
398808 6405 443
194612 772861 509
605096 911776 525
412035 906007 525
272988 318272 389
770836 683023 504
780359 291592 509
410803 399287 449
379415 523852 470
996063 638986 525
846618 422552 525
84885 411065 449
191839 624266 470
697580 974028 525
709992 133669 509
745785 494631 509
909053 809471 525
747621 552206 509
938201 510215 525
326399 667801 509
136397 302681 443
853436 694332 525
502313 671655 509
565523 810204 509
650756 729321 504
98436 440002 449
998544 1964 525
572625 48889 470
248858 183576 443
602088 278073 470
906616 62432 525
327414 790073 509
764656 117830 509
746135 567020 509
423737 941588 525
794046 971341 525
41135 603050 470
860179 61619 525
215456 125565 383
344864 197955 443
756112 992146 525
426055 951045 525
242260 59742 443
30995 961903 525
851566 543928 525
969078 2008 525
565965 347866 470
543249 733631 509
3891 669103 509
602541 320028 470
777864 923926 525
979366 986224 427
567182 744401 509
216522 531948 470
466824 271061 449
244456 532371 470
401990 448690 449
933952 162486 525
229871 194014 386
244964 442730 449
425407 362918 449
801060 25207 509
594749 896850 525
149128 812923 509
905943 831252 525
681720 408695 509
765512 195317 509
298869 119033 443
464126 141985 449
105285 104046 341
920655 470179 525
355466 978729 525
361765 675194 509
480281 154360 449
19369 435326 449
551880 368313 470
747902 544129 509
725557 377616 509
352831 532095 470
553872 808640 509
779124 689957 504
551561 164459 470
337436 132687 443
922751 804964 525
540100 832500 509
182503 156872 370
498480 803300 509
124069 671055 509
797661 786135 468
694200 81759 509
346935 527950 470
433321 261275 449
547330 53740 470
931825 619855 525
161346 160508 290
357786 598053 470
452618 820936 509
104210 678522 509
74350 787615 509
862935 504749 525
63588 411232 449
541485 573791 452
575940 867559 525
648722 467346 509
586713 287849 470
242178 761991 509
364698 584893 470
50658 200731 383
198780 357091 443
741447 945479 525
281600 208374 443
615746 41997 470
101077 490146 449
575035 957124 525
24775 454219 449
450112 791795 509
531781 233332 470
611174 145021 470
780349 741906 468
800771 517687 509
964633 603618 525
150393 205845 383
328328 146434 443
640503 549903 509
487757 363023 449
98303 577841 470
309358 409996 441
479724 354498 449
343770 453687 449
489132 349753 449
906781 796112 525
883041 329288 525
93848 278401 443
788502 565082 509
816571 634480 504
368646 186443 443
116844 98351 354
153404 463690 449
977345 640778 525
655008 18994 509
70593 130219 354
7739 945924 525
525702 919964 525
594320 928035 525
133960 756614 509
533961 106817 470
760278 505451 509
766306 252854 509
741321 392852 509
519261 594903 452
351033 696637 509
82210 415185 449
658437 30402 509
127329 330462 443
152203 762443 509
989325 917010 507
945593 52906 525
866721 668990 525
149072 207865 383
758079 669851 504
951252 159865 525
189071 809704 509
335341 807977 509
521448 42616 470
210215 53527 383
541940 875746 525
495069 689744 509
547059 840262 525
61298 460377 449
864622 365485 525
646698 624913 509
297664 480330 449
564181 666521 509
970459 777574 525
600696 333434 470
536683 935942 525
213139 509263 449
423994 816665 509
73129 241626 443
957012 286604 525
22417 565918 470
207920 907780 525
889022 619763 525
630000 978951 525
512775 459235 470
618028 799573 509
981815 973077 427
481734 134536 449
981163 188417 525
654313 743296 504
642799 60973 509
28299 748836 509
560546 246866 470
210054 152094 383
766038 224309 509
226188 362539 443
980293 868866 507
822593 680489 504
243624 852442 525
839710 542403 525
93667 387007 443
900910 242782 525
645010 56299 509
210975 432424 449
758649 479663 509
211626 745026 509
501783 212161 449
467160 783488 509
419393 378568 449
873066 326409 525
182598 267431 443
287092 181423 443
544887 603410 452
662264 439295 509
109977 596868 470
959701 873988 507
416165 985020 525
570947 222611 470
878768 189110 525
643575 524711 509
252840 770298 509
532059 800679 509
492034 429151 444
663961 122768 509
237284 555653 470
515636 227184 470
627274 120624 509
350094 650630 509
323570 930154 525
68801 646652 509
21588 469048 449
818519 28650 509
808391 425107 509
227035 93882 386
477220 887311 525
721890 164870 509
197073 348301 443
373801 50138 443
883222 232885 525
256081 96413 443
709286 641011 504
595688 884052 525
780368 47996 509
884598 340875 525
384478 610796 470
964379 50941 525
921818 881256 476
769628 406627 509
103775 743332 509
719098 350089 509
617818 663280 509
583431 817689 509
238771 526203 470
441512 989026 525
495496 920659 525
195182 659439 509
51005 931908 525
117207 677015 509
472823 893574 525
470818 759019 509
223013 181915 386
728078 407208 509
449189 940370 525
365362 627619 509
175884 830144 509
198377 593358 470
101651 967715 525
60443 273548 443
687414 85631 509
69736 768397 509
938746 758926 525
615666 254609 470
289140 753799 509
605056 674214 509
340544 991323 525
324650 452606 449
12511 105989 351
407333 447766 449
965477 314023 525
169517 416701 449
649123 577772 509
138579 76337 354
171422 733772 509
380292 852215 525
787437 343238 509
226243 502076 449
579754 43744 470
426305 72294 449
656169 253294 509
521543 214242 470
871031 722297 525
124919 635009 509
964366 330019 525
663395 362591 509
526905 34727 470
221413 673874 509
641820 268699 509
411713 902679 525
908524 667054 525
869217 197589 525
116926 379231 443
606645 639924 509
238648 942252 525
796917 422243 509
917280 133194 525
495480 160529 449
758493 430593 509
542136 128103 470
114373 420809 449
679500 43773 509
27091 700785 509
323256 668994 509
369832 92979 443
363199 657437 509
381080 24376 443
371085 576725 470
568061 830465 509
77348 320352 443
928573 201812 525
882439 102183 525
829839 72484 509
592422 942879 525
764905 14837 509
984408 396567 525
590660 164672 470
831451 439208 509
797297 214611 509
237476 792494 509
211523 307196 443
399038 866484 525
683562 624164 509
726327 312439 509
510167 303509 449
638746 274538 509
9342 154365 375
814197 679446 504
77725 432132 449
854778 214273 525
832738 392675 509
158485 814485 509
336278 544923 470
749879 556712 509
892660 946239 507
420453 30921 449
119048 635904 509
657496 829026 504
556941 1889 470
338055 606543 470
364065 409115 436
821998 280929 509
299056 74252 443
127433 312058 443
281379 358920 441
797887 865832 525
646815 155006 509
819542 679834 504
341780 411090 449
573901 148377 470
321488 263793 407
38370 998264 525
976813 743681 525
621816 137121 470
872001 140877 525
454594 209728 449
43689 874033 525
91820 657241 509
113922 859668 525
370810 653296 509
996921 89858 525
289594 628646 509
132493 922759 525
194083 719780 509
332445 841227 525
766907 16957 509
988955 659595 525
547859 578467 421
877270 34900 525
845858 823940 525
406243 890766 525
968173 882653 507
237975 274238 407
111849 160693 383
808654 496547 509
10122 554239 470
876218 540985 525
814762 462741 509
147283 177511 383
361441 28536 443
937100 823800 525
524321 545112 408
527071 729037 509
587189 751555 509
829658 896266 525
49745 542802 470
742484 46590 509
873221 75842 525
474794 873897 525
587051 124600 470
617225 388696 470
798075 534444 509
645559 295622 509
151715 103928 375
793471 567363 509
81128 467606 449
797369 90066 509
743486 247240 509
410041 603042 470
889629 2560 525
815080 352304 509
927862 803931 525
3661 487628 449
840241 28619 525
138793 599971 470
482892 460596 444
136254 527180 470
182593 936972 525
816296 305993 509
461999 968820 525
924171 257701 525
121409 441779 449
701143 209190 509
71310 115192 354
927493 889532 476
592585 857227 525
788729 706215 468
355286 469246 449
393979 33731 443
878281 657871 525
785481 65729 509
707924 698349 504
537705 440734 470
323236 394173 441
898769 394853 525
706861 504659 509
642529 356627 509
147352 708531 509
199084 461718 449
113477 43395 354
900504 497472 525
398457 524 443
113665 937446 525
107684 77610 354
891619 361411 525
655592 266445 509
809797 786705 468
286768 203403 443
452657 42234 449
603532 577220 434
549895 527314 452
590694 124581 470
51187 672210 509
453853 477949 444
131715 833724 509
607785 934227 525
312292 969917 525
815920 178179 509
427542 740875 509
178517 541748 470
747784 665797 504
394668 441902 449
410919 874577 525
539124 205238 470
584366 170968 470
208813 751 383
851865 510521 525
231738 502468 449
136938 200672 383
400182 631291 509
153755 846135 525
759049 396998 509
139096 213844 383
710326 939548 525
798847 808495 406
609719 218236 470
250929 353964 441
425485 487997 444
82002 494474 449
7714 31871 308
907173 630415 525
313589 852725 525
123962 293058 443
845567 339608 525
164174 460580 449
575873 659042 509
768464 618376 509
165957 269221 443
666753 253179 509
278271 848175 525
972330 610682 525
720805 721314 349
726328 455710 509
284714 904469 525
683108 286015 509
704729 839332 525
250964 921802 525
249211 822564 509
751840 234826 509
840491 175583 525
345558 501164 449
239154 260226 368
330824 568318 470
281664 18439 443
893823 350214 525
558550 476843 470
847128 47795 525
536118 652393 509
829220 65710 509
987324 456371 525
610075 519379 452
422569 749390 509
329414 387949 441
738446 383493 509
493097 33474 449
698450 71547 509
535694 699821 509
458310 203823 449
989712 889167 507
8959 79966 351
48244 121804 354
739453 785111 468
44094 629767 509
96305 672811 509
502276 645164 509
472016 291708 449
688617 757709 504
277855 681005 509
753230 81311 509
709787 615773 509
970781 536068 525
838867 851939 419
116807 833179 509
497179 223600 449
598909 404132 470
800738 674616 504
591107 165997 470
2436 965997 525
191589 412402 449
911104 435461 525
826067 127545 509
934943 591798 525
394492 655111 509
632222 104245 509
916158 584907 525
664462 998348 525
43744 835153 509
438445 732780 509
21041 937344 525
45625 774483 509
166526 828705 509
466097 335084 449
362388 456179 449
190540 504689 449
357328 32674 443
782170 203429 509
991250 25886 525
107156 812563 509
26165 917241 525
448111 402704 449
380172 71662 443
537946 227168 470
793908 108010 509
407203 994204 525
288529 842276 525
438468 308140 449
730658 123813 509
939102 54340 525
756386 930302 525
498993 820033 509
113442 958120 525
281402 611589 470
621141 372583 470
849312 972734 507
689334 312270 509
78140 129970 354
218670 202992 386
227821 1928 386
103461 797123 509
576158 468557 470
904120 123190 525
918246 410091 525
174030 827576 509
210571 685309 509
439694 819221 509
589983 4424 470
832817 406273 509
684538 887933 525
787017 518690 509
548058 47202 470
6684 730784 509
659936 988227 525
716808 379441 509
530901 353694 470
593262 104871 470
41233 271583 443
113062 612446 470
943259 941844 339
663713 764885 504
336167 334719 322
755143 599096 509
473933 231692 449
533446 421344 470
989246 817293 525
831206 421972 509
28543 807841 509
895175 580165 525
774097 672507 504
86660 316361 443
289326 398334 441
835851 173168 509
34149 664524 509
43752 385291 443
283761 530347 470
345198 363434 441
951252 121857 525
526217 682896 509
584831 291808 470
10848 106762 354
331641 164798 443
911308 680821 525
640766 397329 509
497550 429607 444
679200 323436 509
167341 914815 525
374891 173435 443
358643 233583 441
577403 187729 470
210006 334489 443
362287 90857 443
661526 833341 504
4111 303667 443
575848 849611 525
51047 222559 386
89540 71778 351
544125 270698 470
837995 599541 525
947286 751000 525
152961 160064 383
494591 473465 426
398496 457536 449
52807 872623 525
407511 357188 436
237233 496167 449
948244 161987 525
839542 668746 525
154046 495865 449
424890 392596 449
188306 841538 525
532359 525420 408
935302 491299 525
196889 246971 443
548723 542113 452
985317 808517 525
950777 879045 507
332396 573197 470
977613 185325 525
499028 248606 449
585793 203282 470
947604 923867 507
734188 959476 525
930192 371527 525
660969 890469 525
498718 640777 509
285467 614049 470
908715 620458 525
713764 894005 525
667090 174842 509
73889 232099 443
215431 87779 383
979793 169885 525
863098 982780 507
719669 170101 509
239633 785765 509
140053 339443 443
616854 264460 470
264025 748593 509
21046 105604 351
483335 30987 449
288177 374911 441
3557 381275 443
449978 800192 509
767168 49490 509
149085 503516 449
482632 883635 525
530435 420806 470
46958 333127 443
887158 543405 525
43791 968962 525
857407 41477 525
663865 588863 509
805342 709605 468
613942 95819 470
334484 289617 384
176053 525349 470
46880 325338 443
498483 285863 449
351614 879879 525
995412 126288 525
348580 478231 449
806896 821189 450
865627 764935 525
148324 277731 443
769179 642266 504
804292 174325 509
964223 927433 507
990977 463216 525
986904 117182 525
50497 658604 509
149952 358 375
564872 301819 470
423879 777390 509
208454 864649 525
293971 974593 525
439934 892119 525
546818 655890 509
572973 330961 470
525481 519729 364
866918 518031 525
48561 829229 509
106689 230867 443
68468 989241 525
449682 565988 470
108586 894735 525
976173 377220 525
414461 95265 449
530479 141962 470
488731 688522 509
203151 24765 383
282281 316479 389
444025 213432 449
749263 535243 509
197651 600489 470
969654 919211 507
37024 277892 443
171233 955372 525
53294 662761 509
108839 197049 383
363371 595545 470
677352 155876 509
983159 455781 525
425348 682268 509
447497 962153 525
90000 684554 509
160633 14531 383
109681 312438 443
72808 111342 354
374755 788848 509
48691 861495 525
886460 986624 507
363796 158018 443
539917 377424 470
388585 996686 525
454203 220227 449
369699 432306 449
31453 62953 340
556517 159458 470
444663 165652 449
419024 702988 509
91236 964860 525
859773 248523 525
44134 613583 470
109644 116903 349
401332 66969 443
313073 507280 449
697251 592922 509
766679 995678 525
256492 56246 443
701992 666151 442
27218 698895 509
929102 140988 525
252390 442677 449
428184 829838 509
300578 39824 443
708684 651862 504
883578 600881 525
243618 184254 443
624173 453531 470
797998 611733 509
623545 374844 470
129003 640648 509
376664 992561 525
249177 773382 509
955610 920080 507
959421 97393 525
894010 27905 525
308182 142182 443
747343 960193 525
466734 631238 509
605099 287522 470
368788 288233 441
804240 257784 509
55084 595635 470
221157 399021 443
131326 524792 470
880649 564511 525
440468 425926 400
703790 491437 509
350379 120535 443
43494 8190 324
21187 205561 383
577046 109249 470
638803 926845 525
415375 307558 449
360018 171430 443
245723 582741 470
665436 505250 509
746391 252633 509
43581 784423 509
167729 912009 525
