22739 20390 269
20565 20095 243
1100 32569 308
29160 1575 308
113 14516 276
30202 14760 308
13069 5318 268
29776 15425 308
4785 7885 262
15775 868 276
18519 32749 308
10831 19050 279
5189 24671 282
18046 7814 279
31284 29452 272
32584 26359 308
30898 24411 308
13638 15746 271
20421 32071 308
22612 11040 279
6865 6068 262
28824 7412 308
16827 10499 276
14528 9599 276
1359 17892 279
11658 24087 282
10975 10859 268
13962 31893 308
2861 7527 262
19496 29007 308
2188 7663 262
16104 8518 276
12353 3901 268
1006 4256 238
2863 22208 279
10945 4440 262
25012 8300 282
24655 18996 282
30414 15701 308
9009 10743 260
32386 20604 308
3377 6872 262
21374 15848 279
22025 2612 279
12285 4089 268
29550 6272 308
28139 18170 308
31309 1409 308
4681 18165 279
9557 11455 268
10196 22475 279
9397 9783 198
11489 27523 308
6951 24400 282
6284 7907 257
27693 16400 308
15121 10301 276
16282 12432 276
32122 10380 308
24149 4781 282
17531 4800 276
19546 1025 279
31386 7509 308
17409 31762 308
1426 29226 308
30339 6856 308
11002 4241 268
13754 15141 271
10274 5538 262
27432 7728 308
318 24278 282
59 16946 276
19398 15057 279
7119 14885 276
30748 7294 308
22773 6506 279
24176 1121 282
23283 18362 274
4833 5161 210
25228 20831 282
17636 133 276
18561 1956 279
11754 21817 279
343 1418 182
21309 16241 279
3675 27836 308
7979 21077 279
32740 28357 285
5479 31197 308
27864 30337 272
9900 4071 262
881 1489 182
26531 18311 282
5953 7059 262
12039 25246 282
20596 13778 279
24327 26030 264
24662 17465 282
24044 15852 282
24341 7886 282
507 3479 217
14023 21725 279
29853 4745 308
16302 26673 308
20669 23308 269
29115 18570 308
114 15598 276
20306 9036 279
7646 17112 276
27981 23413 308
23382 987 279
15427 15825 253
14018 6476 276
30474 17777 308
31815 9938 308
23162 1113 279
23588 10429 282
2676 1145 209
6106 31897 308
18467 13535 279
2704 22531 279
23938 14122 282
4277 8636 262
25119 8514 282
4839 24828 282
15646 1862 276
14356 14089 196
2176 25030 282
735 5895 238
14758 9267 276
24133 12306 282
13072 6035 268
23936 15754 282
9067 19833 279
13099 12718 201
21963 16181 279
9128 28269 308
22325 27976 308
30399 120 308
5472 4891 210
11399 4252 268
23228 17136 279
31114 32591 285
19380 32280 308
20004 24201 282
18736 7526 279
27948 15829 308
23647 7653 282
21974 31911 308
4019 9670 262
1240 5872 238
22829 21916 269
20684 8176 279
31194 14796 308
26070 24395 264
30366 28734 272
9350 17504 276
3632 22105 279
26624 9174 308
20582 21295 256
30554 29559 272
15027 4596 276
9797 30786 308
32238 16565 308
26864 6843 308
20820 10054 279
24361 21894 282
30417 10877 308
6854 29236 308
21627 3997 279
9539 2141 262
18271 5141 279
2220 29423 308
4993 11627 268
24509 12229 282
5406 1395 238
12617 23932 282
5940 1732 238
6872 19330 279
29509 3436 308
3732 20591 279
24151 4067 282
10342 23193 279
1855 21566 279
24156 28386 308
27167 1445 308
4174 2517 238
32046 15879 308
15041 5874 276
6839 22540 279
20747 29253 308
19557 7500 279
696 10302 262
23485 9406 279
28717 26556 308
19436 30067 308
4747 23147 279
8387 16772 276
23254 22352 269
5888 19785 279
19543 9122 279
12751 22219 279
5694 13788 276
16784 4476 276
28812 12048 308
18395 2598 279
16432 32382 308
23745 1826 282
18032 25445 282
31061 14538 308
24459 16665 282
19308 20016 274
5277 31062 308
30368 16913 308
1218 16596 276
26267 29700 308
27006 8731 308
5778 25079 282
14941 8857 276
29199 5596 308
13270 15858 271
13044 7072 268
17781 11159 279
24765 4957 282
11066 8858 268
21765 13264 279
13884 4033 276
26955 20749 308
2193 29145 308
12791 15217 276
18546 20556 274
27288 2777 308
3739 32758 308
30576 10769 308
5105 10805 262
8242 13968 276
25191 19007 282
26634 2146 308
3362 5305 238
9950 30309 308
13276 32133 308
18388 10936 279
21894 20443 256
20756 7025 279
13873 3227 276
6351 31630 308
23598 737 282
19328 14383 279
26740 22234 308
10097 22018 279
20035 27351 308
4481 17150 276
11783 24224 282
26406 28756 308
22399 6411 279
12718 18594 279
14110 4045 276
7882 22122 279
12978 16783 276
25164 11972 282
14659 5701 276
25904 29775 308
2622 6587 262
26073 1645 282
30675 17520 308
28062 12464 308
10395 18088 279
16261 28303 308
7294 2493 262
9294 5982 262
30932 23478 308
14260 1661 276
24522 31002 308
6895 5071 262
22279 26887 308
12413 28781 308
400 24446 282
17698 15260 279
12521 6657 268
18990 25597 282
4478 27232 308
1278 10500 262
30273 25552 308
22469 20651 269
1939 24125 282
1933 25960 282
22888 17377 279
9080 4188 262
11430 23830 282
29004 25549 308
24527 3688 282
814 10710 262
21216 15599 279
23214 2909 279
17017 19676 279
15620 9030 276
24125 28241 308
7321 20966 279
7804 11382 268
15306 25787 282
7440 29385 308
27880 26202 308
30084 31925 285
4995 10920 262
28796 25447 308
19176 27469 308
32336 15837 308
21992 2150 279
17659 1855 279
15323 16762 266
17716 16243 279
14053 31408 308
23258 31212 308
22392 25151 282
7317 20162 279
282 2597 209
24251 25096 264
9321 18972 279
23920 30042 308
23132 32202 308
21010 14261 279
17611 29496 308
30676 18315 308
22578 7557 279
17320 6935 276
29362 24540 308
21347 17135 279
25688 1187 282
22555 15064 279
19618 13557 279
32724 15581 308
28991 1107 308
8796 19107 279
29207 25750 308
13684 24823 282
32395 5672 308
19504 2473 279
28670 26740 259
9633 16285 276
28052 24219 308
3761 22815 279
32057 3177 308
6989 27767 308
9702 16263 276
31434 25277 308
1823 18674 279
27521 11503 308
2497 31403 308
4541 20289 279
3578 11697 268
13784 14004 258
15001 25644 282
11680 3306 268
20872 23531 282
29951 32313 285
11670 9488 268
14812 9726 276
19834 4362 279
24380 5428 282
4117 3524 238
15277 10053 276
1528 16668 276
5860 6431 262
31782 30871 285
10917 5771 262
9243 16723 276
10979 12730 263
32013 15421 308
6441 31009 308
25201 643 282
26424 8072 282
25537 11853 282
11506 27229 308
18813 23464 274
30070 23117 308
27504 13762 308
26509 16918 282
15412 25693 282
19781 16278 279
11768 28030 308
16091 19240 279
21633 24421 282
29918 20785 308
26735 22210 308
1426 2550 209
4034 13606 276
4499 945 238
3996 7096 262
9146 4835 262
19272 32297 308
18500 7403 279
13436 25066 282
7985 28888 308
4315 7580 262
28139 8828 308
14526 11464 276
29736 7105 308
13108 27600 308
2065 22593 279
21320 20517 256
15780 32528 308
14978 28859 308
7511 20188 279
25776 29370 308
11774 4153 268
8421 11895 268
21998 566 279
7107 8354 252
22371 30004 308
24310 31681 308
27679 2040 308
27137 28124 259
17492 15102 266
18493 28282 308
27844 19984 308
18462 10445 279
24615 7192 282
14265 22058 279
18381 26931 308
19075 7356 279
12164 22278 279
3164 18040 279
12476 29525 308
1484 25683 282
22761 5329 279
30092 12723 308
20265 31282 308
17224 19492 279
32039 24454 308
4003 4941 215
16191 32201 308
1404 17698 279
24547 10421 282
20591 10843 279
25149 32475 308
23711 26404 264
24597 24563 171
17331 17430 204
32502 7537 308
2847 870 209
16524 6489 276
6053 5724 218
12881 18259 279
31259 18183 308
16489 17410 266
31086 10800 308
12233 30354 308
32231 28044 285
927 28816 308
16813 22069 279
20974 32767 308
27276 859 308
19321 10152 279
28916 18743 308
31459 29105 285
30789 14401 308
32532 20593 308
31817 9379 308
17631 387 276
30722 16877 308
993 10009 262
27047 9994 308
684 2963 217
22505 20083 269
26149 17233 282
15482 26274 282
4138 8389 262
30672 1738 308
20856 11980 279
12839 7109 268
29388 9534 308
19909 8526 279
22857 3011 279
20097 31600 308
18970 32489 308
23174 1086 279
4440 19316 279
14421 8645 276
4142 21494 279
28169 30783 272
30267 29855 272
26079 3210 282
10807 22869 279
15349 27352 308
9690 31239 308
6482 9639 260
18681 12607 279
16423 16628 266
26611 8439 282
11604 23979 282
6475 22958 279
29486 14691 308
1686 30651 308
12672 22088 279
17560 10976 276
20176 24408 282
30378 23586 308
22243 7379 279
16734 26072 282
8835 3308 262
20582 4611 279
11391 29893 308
29618 21213 308
14324 32154 308
6105 27061 308
11211 12861 263
7610 28665 308
18307 28866 308
21859 30357 308
5424 9339 262
8242 12155 268
15556 23591 282
32313 21891 308
7310 4198 262
2791 18038 279
19200 11888 279
11493 869 268
26037 15111 282
32063 2880 308
20915 8618 279
10692 17316 276
20717 1036 279
22191 25587 282
4364 7620 262
17287 5802 276
5998 4166 236
14147 17647 271
11887 11026 237
30642 16490 308
14312 1067 276
20506 16214 279
2294 29899 308
27424 24280 308
13053 20053 279
999 8079 262
24044 23435 282
12924 4204 268
6082 513 238
22386 7108 279
15697 6097 276
27337 10915 308
24641 16785 282
12821 4708 268
20057 27778 308
8667 126 262
7674 14602 276
28223 22689 308
25580 26981 308
3804 14594 276
30302 10391 308
14836 6387 276
24871 15781 282
6857 13750 276
28498 32516 285
18250 16787 279
28122 6738 308
14578 2344 276
2994 1092 217
19694 769 279
31496 9440 308
3966 32104 308
14283 5100 276
22173 24190 282
5995 31142 308
28644 10891 308
1504 26549 282
26028 17555 282
5101 15968 276
8051 7466 252
15014 29182 308
24961 17288 282
30768 17581 308
28618 3296 308
10696 18503 279
22551 17902 274
18182 15506 279
10081 8912 260
25187 7607 282
3709 24854 282
4858 30454 308
14847 20508 279
11147 19863 279
24920 13208 282
25285 14372 282
20801 13423 279
20677 30165 308
30045 21453 308
26074 6732 282
9497 5236 262
16011 8578 276
14296 20052 279
30939 2 308
9293 24668 282
28363 853 308
12071 13457 276
31265 5821 308
27892 19037 308
9576 16422 276
6975 15145 276
28216 26969 259
5372 27950 308
31927 18803 308
26151 26759 308
29792 661 308
17063 651 276
16899 18398 279
25720 21339 282
2829 8086 262
5385 10679 262
8714 5548 262
26083 28950 308
9320 29283 308
23692 15861 282
9598 18760 279
5547 29807 308
2765 29799 308
9068 15630 276
32133 20414 308
11046 15329 276
5451 18674 279
1596 15822 276
8249 5953 262
27201 20522 308
11302 12216 250
23647 30343 308
13608 18854 279
29689 29389 272
7512 1872 262
12431 21389 279
20949 5862 279
26338 15505 282
16652 24502 282
2393 7608 262
1590 4000 238
20388 19457 274
28193 7370 308
415 12517 268
14644 3989 276
27001 1002 308
16046 10447 276
12565 17013 276
21806 14378 279
11952 23007 279
9336 14060 276
25797 14284 282
17526 31465 308
14637 13496 258
19837 5550 279
10123 3283 262
15826 13312 271
29415 23311 308
22637 4485 279
6809 19063 279
24828 21696 282
5737 29122 308
22827 26435 282
7668 3368 262
8995 7711 252
32594 2676 308
11600 18080 279
18677 7003 279
2920 27447 308
19156 16908 279
8361 25784 282
13001 3080 268
16226 3013 276
18488 28468 308
25012 7818 282
2802 32044 308
24474 11948 282
14681 24795 282
17959 11131 279
452 23113 279
13327 23663 282
25381 11443 282
24425 24530 202
233 13025 268
10419 442 262
28191 3508 308
24343 32570 308
13277 8447 276
6636 2521 262
5855 21143 279
19328 8003 279
24690 16302 282
28949 2367 308
11920 23644 282
1065 6625 262
3917 12671 268
4347 30721 308
27506 11461 308
5706 4076 236
1127 14087 276
4704 31832 308
2390 1241 183
24911 31646 308
1933 21855 279
20603 17699 274
14884 4962 276
2904 21271 279
31968 3234 308
17781 29795 308
26200 13166 282
17850 15068 279
19798 7795 279
14062 6589 276
15744 15058 253
24955 18516 282
7992 25717 282
12918 15611 276
5824 22690 279
13274 21578 279
24226 14032 282
23060 30859 308
8527 954 262
19141 23918 282
5638 25267 282
195 9215 262
25847 31033 308
29025 31444 285
5801 12492 268
5872 3723 236
4761 19201 279
1157 24180 282
28964 31698 285
26365 18826 282
9382 32312 308
5951 26536 282
15844 22268 279
8641 761 262
20391 14793 279
26446 17841 282
13738 17543 271
15110 28666 308
17078 1252 276
8614 10801 260
6668 31795 308
5641 18259 279
14339 5498 276
30447 2994 308
28146 16838 308
510 19437 279
21840 11970 279
6 30750 308
32282 19336 308
1673 26453 282
23669 4023 282
29307 30534 272
14741 14534 271
70 21566 279
11229 29080 308
9489 32092 308
23112 6224 279
3394 22781 279
3847 5734 236
25665 28024 308
23916 32507 308
18815 4620 279
24326 26473 277
5816 11286 268
19470 11807 279
23413 19591 274
29441 9132 308
12756 16790 276
21391 18969 274
20619 28850 308
24756 7804 282
32299 3259 308
11813 8394 268
18850 31857 308
3309 3565 181
11268 1325 268
23384 22 279
30603 3535 308
3088 26965 308
14300 3575 276
10374 7271 260
26507 32120 308
21139 22479 269
7906 22537 279
2400 1832 183
8158 2366 262
13699 11961 276
25467 21687 282
16490 13642 271
3121 3736 238
15101 54 276
25023 14392 282
22399 5570 279
14887 21790 279
15029 14765 240
29690 3113 308
26699 14344 308
26069 26894 308
20083 21064 256
26412 21000 282
13519 666 276
22086 1482 279
4753 2422 238
16265 13753 271
4065 31095 308
2552 4184 238
13951 13674 258
19706 20483 274
5545 5285 205
13149 8673 268
23871 8602 282
3994 30996 308
13349 9899 276
1371 8754 262
19945 32064 308
27706 11001 308
933 21271 279
20428 29246 308
29735 23004 308
12510 29735 308
28496 5370 308
27646 9882 308
12474 14768 276
26942 31221 272
11677 21863 279
31028 20992 308
31220 11843 308
837 2848 209
2267 4600 238
26916 24525 308
19516 1759 279
17301 16965 235
30634 4937 308
23671 32386 308
27277 3859 308
2561 14442 276
1408 13178 268
20300 6727 279
28407 23857 308
26129 18294 282
2853 13489 276
5557 26467 282
11037 12497 263
31618 23733 308
14135 10134 276
10296 31941 308
22709 24908 282
14020 23381 279
26278 25045 264
16463 32383 308
6667 23618 282
20858 3819 279
19769 1184 279
17640 22597 279
19070 13332 279
9982 11758 268
28167 4907 308
1766 2034 175
7937 15979 276
22746 27707 308
25599 6446 282
19871 30724 308
5788 17072 276
17231 7568 276
31329 24934 308
13148 27163 308
15081 14481 271
16850 26641 308
5442 15380 276
20956 29054 308
12439 5762 268
17290 1733 276
27148 21884 308
16081 32150 308
6122 12346 268
12244 7194 268
2044 7271 262
22625 29808 308
15673 9522 276
6847 5213 262
12450 14498 276
24999 23871 264
6510 24361 282
18832 6211 279
101 4477 238
28464 6872 308
8842 8355 216
1855 3940 238
26364 25676 246
9086 13877 276
27678 9061 308
18680 12986 279
28662 27370 259
15239 14579 271
6099 18171 279
8859 12070 268
23347 4657 279
27447 6100 308
5603 20274 279
2876 22507 279
1384 16515 276
2538 11581 268
13726 12958 276
29092 26929 259
8351 11333 268
3827 17336 276
1510 30997 308
8398 23171 279
15541 16990 266
24089 12404 282
1459 10802 262
29803 16722 308
8154 7356 252
25620 32192 308
9360 19411 279
23903 17264 282
28436 2255 308
788 9620 262
4892 28828 308
13889 6549 276
9917 7693 260
20282 23560 282
25482 22130 282
26591 8670 282
25344 25708 246
6941 27098 308
31266 5376 308
23992 585 282
30816 2795 308
21575 5869 279
19901 23605 282
19072 23354 274
23601 11785 282
12213 9413 268
30796 17092 308
15519 2553 276
23837 11852 282
9819 22795 279
5970 9379 262
690 31537 308
11168 5820 268
16797 6159 276
31846 4493 308
24584 3442 282
12941 4965 268
14295 3905 276
11698 19328 279
4391 945 238
16263 30681 308
22742 28599 308
13942 21823 279
8261 1987 262
31624 21931 308
19036 14507 279
18310 4305 279
2511 15589 276
13150 8949 268
5280 4602 210
10183 28160 308
12518 25143 282
28712 28883 228
32460 13990 308
29878 10459 308
9180 1341 262
24541 12773 282
15230 28500 308
13026 6196 268
12475 17501 276
3526 4305 238
25927 7375 282
11885 3107 268
18879 8547 279
27392 22207 308
19247 21123 274
11151 15489 276
14807 25599 282
9979 25052 282
3375 259 217
26387 18286 282
10536 3142 262
22525 11224 279
2229 12419 268
26328 16332 282
29066 21805 308
29599 24680 308
5411 19295 279
6736 19394 279
17161 18194 279
5966 964 238
4177 30866 308
19204 21306 274
6245 23091 279
8396 10537 260
15111 1599 276
23823 15970 282
31634 10548 308
5805 14680 276
25987 25644 233
24479 17455 282
6713 13213 268
24795 18709 282
27641 11842 308
28023 18645 308
10805 12377 268
