1 10 20
100 200 125
201 210 89
900 1000 174
417607 809993 470
931772 33334 525
3712 157064 383
403473 378541 436
9282 189596 383
175912 962475 525
253616 522583 470
968900 649374 525
669053 516150 452
957990 158081 525
415038 436616 418
320458 383877 441
673889 211643 470
204516 280059 443
665270 861155 525
794191 375132 470
53600 859073 525
38544 936520 525
965313 123490 525
594429 344416 470
342925 421719 449
134045 409497 443
63754 75299 325
111085 997020 525
824329 872636 525
86825 837860 525
74935 284210 443
761254 576683 447
516083 53816 470
646084 794052 468
568627 532422 452
973190 519342 525
830953 197 470
562476 674857 447
489204 820277 470
428093 394404 449
125403 409217 443
249173 844012 525
737210 725972 424
733196 396712 470
460049 298278 449
673249 352827 470
423895 414442 418
958225 776395 525
227279 755343 470
891235 220629 525
523453 408098 470
469305 102634 449
376446 343396 441
75504 236169 443
411478 530049 470
910663 916224 410
980277 454441 525
146072 808051 470
568881 250751 470
900265 450733 525
30618 537520 470
429359 693522 470
513597 574411 452
626336 131565 470
274818 468391 449
396654 595720 470
388383 308982 441
142102 466598 449
240675 463498 449
181504 750770 470
458804 999864 525
470126 520001 470
589743 658143 447
857137 957865 476
95764 431267 449
776233 647935 468
875927 486912 525
608916 10182 470
642691 927645 525
565825 861156 525
857207 62425 525
505571 760149 470
312950 691688 470
406766 940672 525
981819 209375 525
548315 563291 421
343236 335958 366
64022 764808 470
278827 89873 443
992830 912915 476
128912 322333 443
356008 675568 470
552594 731994 447
407149 140034 443
372089 700999 470
161415 165179 339
54378 588666 470
269167 321994 416
254112 161574 443
217184 253320 443
487361 183905 449
270 271460 443
819875 922103 525
350296 77355 443
330306 621279 470
388851 243028 441
922136 649113 525
11435 662741 470
81712 244734 443
795667 240529 470
496704 20196 449
262369 314837 416
907572 713749 525
288495 611929 470
339684 819202 470
937276 878256 476
767650 350360 470
713565 984092 525
169243 258027 443
814576 408524 470
77282 539698 470
442541 415936 418
367520 783536 470
422646 750958 470
930426 939372 445
504296 703639 470
885539 473793 525
809517 67538 470
478271 301293 449
664650 248070 470
741524 43222 470
308390 997783 525
984960 785547 525
406175 843475 525
977570 634332 525
262394 235159 368
640552 55123 470
247185 547014 470
760883 546723 447
99100 85321 333
263636 304104 416
744970 863289 525
992937 332093 525
113739 36575 354
273839 749630 470
787788 959088 525
529090 119112 470
225928 339187 443
768203 366135 470
939864 841367 476
834776 874319 525
339676 565380 470
751449 154540 470
510508 838227 525
465773 310318 449
430108 339103 449
339089 137973 443
504238 388025 449
48888 398491 443
888182 652272 525
842512 748861 525
967916 984977 458
666083 367234 470
726030 195068 470
456605 204344 449
296985 886985 525
440765 32740 449
530348 496564 470
80869 736382 470
758162 23866 470
801175 233527 470
713290 33251 470
213048 708611 470
219021 768880 470
812801 457450 470
710287 38214 470
154422 317738 443
568656 812925 468
394600 389617 361
763320 605776 447
491864 854337 525
598198 699901 447
806045 534008 468
97838 863925 525
6758 526051 470
593670 649034 447
449928 500704 444
57237 410233 449
36664 90990 351
954028 679284 525
510551 218605 449
435031 936710 525
372140 185787 443
832561 443524 470
934234 529799 525
518494 746634 452
722631 33860 470
513931 861218 525
407905 200444 443
441640 907357 525
897706 858617 432
633922 108493 470
70017 295569 443
219391 692408 470
770575 271303 470
142979 993172 525
945956 439439 525
267278 382009 441
499843 877270 525
559275 950117 525
547305 424439 470
607566 200446 470
514502 856932 525
953245 622194 525
506925 270250 449
481593 331484 449
571008 166086 470
991261 53447 525
202736 564755 470
757325 534927 452
139168 954225 525
284498 615902 470
210986 989341 525
894527 909882 417
329861 720641 470
10870 893382 525
337609 621593 470
107210 719675 470
732118 751963 424
891153 180888 525
609185 41437 470
42697 856594 525
43803 178262 383
165533 864687 525
119978 300228 443
611229 434980 470
693672 832746 468
694041 622062 442
283501 194067 443
303557 804399 470
240617 499493 449
797911 692277 468
161520 564172 470
440930 680107 470
65973 17379 340
990247 32472 525
170329 672942 470
277400 141312 443
447941 465082 444
478230 77969 449
48521 740146 470
809282 35035 470
892451 227122 525
224098 65350 386
490626 900099 525
495651 952503 525
288545 502722 449
606616 825371 468
959218 805169 525
809620 183103 470
529220 739126 452
803983 878759 525
742543 125338 470
383264 901662 525
27117 677927 470
235668 925694 525
933714 526911 525
108639 988972 525
24737 126190 354
29208 398223 443
229014 271129 443
583428 65731 470
123105 120158 336
559887 300198 470
103439 42325 351
718129 396287 470
14970 442263 449
3002 51509 324
912482 159488 525
649802 273472 470
896134 335068 525
643375 991444 525
296840 793005 470
500161 366106 449
687937 399248 470
815638 929866 525
822908 741202 468
938883 255854 525
876626 416304 525
73889 205010 383
994727 60191 525
627227 411400 470
288935 978017 525
34712 870903 525
251853 969002 525
247587 886208 525
493063 806925 470
949264 675360 525
973210 888075 476
699743 345640 470
363409 8115 443
743732 662982 442
636099 598564 447
59597 679391 470
665483 878159 525
239323 251247 368
317958 888315 525
823227 228791 470
345845 274697 398
833693 575853 468
986969 950440 458
278349 4427 443
217249 599946 470
667586 791118 468
349848 658930 470
866409 36836 525
398766 319445 441
947281 218267 525
305963 980778 525
160086 554679 470
113661 319815 443
687752 670351 398
108106 864644 525
268153 3290 443
683234 329243 470
663046 451175 470
850306 93458 525
982907 349188 525
840266 556615 525
337311 365765 441
34375 86681 351
582213 402042 470
167201 726373 470
975202 938264 458
640632 768232 468
227745 122426 386
181495 317031 443
192075 709850 470
469081 24508 449
756455 64005 470
74674 471078 449
34169 286821 443
940469 397998 525
263465 65070 443
992027 519683 525
384258 171358 443
689867 873427 525
910152 519663 525
982200 389164 525
295651 254570 416
909658 171423 525
182624 739487 470
860462 929830 476
788759 554818 468
154177 869934 525
311345 934677 525
239709 419934 449
468013 919658 525
756460 198310 470
438707 305180 449
466158 244259 449
627750 629129 310
580859 49101 470
851775 322929 525
243945 281749 416
239306 484206 449
685063 801369 468
537864 555283 452
217099 703350 470
798924 404504 470
11559 81074 351
657910 762217 442
335545 209525 443
391044 131666 443
949357 911307 476
409957 296776 441
458527 949710 525
924072 610209 525
512992 905039 525
218107 955118 525
931176 701310 525
840149 916940 476
146477 644147 470
548836 410700 470
575178 997166 525
220593 74092 386
851375 371348 525
487940 644378 470
471344 896735 525
869364 774619 525
133445 20737 354
778697 75713 470
7930 125486 354
261232 731720 470
811717 195044 470
725477 109578 470
185921 253059 443
485345 975818 525
15425 89419 351
238826 480940 449
266277 494000 449
303522 392413 441
750676 881547 525
211016 817685 470
134965 538869 470
302332 80648 443
917 112166 354
922967 118677 525
372911 496235 449
322143 955693 525
143036 253289 443
832432 619509 468
751174 520056 452
840404 21835 525
934434 552949 525
670323 993805 525
503017 769267 470
731888 528130 452
326968 564395 470
350379 134468 443
504655 843540 525
488953 257456 449
873669 382496 525
592011 594103 328
52009 284483 443
877147 185149 525
885495 254030 525
321015 896308 525
136647 976338 525
499279 591801 470
743526 824772 468
657936 876066 525
927058 405612 525
779698 58529 470
584411 154803 470
271118 68502 443
356554 624953 470
317977 917813 525
72604 677597 470
811459 371040 470
268246 990276 525
462938 628102 470
763752 887983 525
666490 715908 442
26670 67148 340
706727 551106 447
771853 354499 470
355739 531378 470
825342 905779 525
475952 388340 449
870987 625065 525
532228 40372 470
659501 401816 470
243579 154322 443
628015 189120 470
474161 593443 470
353655 891870 525
244833 478294 449
772154 932880 525
111649 243734 443
177603 281381 443
125644 170822 383
757944 226170 470
126100 911497 525
696974 422499 470
79376 670752 470
215616 786579 470
857429 559125 525
310549 633514 470
913467 589880 525
476346 869146 525
293240 587986 470
412318 297866 449
947828 617637 525
790216 285963 470
538620 771583 468
631692 322259 470
814818 232454 470
467740 398206 449
531807 536750 377
922294 120558 525
416026 381790 449
633133 57059 470
858836 480401 525
17979 757930 470
432546 329311 449
139083 267765 443
331868 993836 525
284302 191428 443
735644 316310 470
354148 472888 449
986308 734349 525
93891 268974 443
218904 722200 470
428582 98790 449
249004 452108 449
987633 768312 525
545780 897552 525
1937 555578 470
869461 534956 525
437271 749419 470
677621 90780 470
36614 353447 443
448056 319337 449
921566 796617 525
358132 340178 441
128708 883890 525
231589 443402 449
385345 449940 449
700532 732602 420
417037 569251 470
489532 795692 470
243915 68070 443
216008 122823 383
18182 839206 525
235310 388210 441
283137 418044 449
498902 643488 470
513940 126291 470
453427 645153 470
647762 984930 525
661472 979472 525
777541 155696 470
108986 508198 449
982032 491483 525
190633 891355 525
35950 391902 443
677304 463075 470
844691 550855 525
474656 283245 449
768617 595539 468
90219 85645 333
907492 231816 525
872549 928605 476
949351 777421 525
676460 38609 470
893847 471603 525
919110 172177 525
32126 658172 470
40433 191657 383
211639 910852 525
145523 186706 383
984797 817529 525
318043 226953 443
243894 913018 525
907638 349009 525
356939 571220 470
855514 718411 525
736185 315332 470
721628 80527 470
269479 155835 443
399626 794313 470
755184 133043 470
208828 671516 470
921119 32829 525
901834 718411 525
522358 323096 470
241610 155982 443
863575 262731 525
738510 223588 470
758921 539282 452
214679 535406 470
167612 387857 443
552041 111840 470
237458 404830 441
999955 804763 525
535003 264071 470
569247 530376 452
766720 687013 442
935522 463437 525
127766 240746 443
719364 810341 468
389152 757976 470
425618 821558 470
795791 444661 470
930318 171382 525
661071 670998 398
825082 884579 525
292033 637537 470
906885 533213 525
851721 163665 525
147070 52209 375
867976 18223 525
754062 706735 424
959793 529865 525
368509 319135 441
100721 263124 443
87289 903790 525
2316 867855 525
299735 795312 470
914828 418744 525
427789 552039 470
527595 982391 525
181436 612676 470
306514 322256 384
736078 344685 470
414119 872464 525
783315 236062 470
78440 771249 470
191082 154339 383
88774 831423 470
693086 516284 452
859686 915269 476
499887 775843 470
304468 307056 309
427545 881600 525
401441 204769 443
291003 93076 443
240768 179693 443
789534 834274 468
46866 531327 470
871497 660158 525
111778 968220 525
673401 28285 470
349103 857352 525
506886 340585 449
951453 611681 525
720544 970843 525
322819 448151 449
560971 60103 470
315503 366364 441
528964 195304 470
320300 565708 470
291603 709997 470
75544 397771 443
383040 456631 449
250964 833643 470
67442 429422 449
867784 244181 525
35281 221162 386
537575 426823 470
876463 87279 525
940805 23162 525
631200 129169 470
768898 65001 470
635857 616214 416
825493 882325 525
282032 180722 443
737149 141952 470
569443 839881 525
388465 662612 470
586090 861607 525
479032 982453 525
199913 547922 470
898849 57990 525
642462 263655 470
790959 347745 470
921196 93587 525
778994 671266 468
64170 389198 443
732281 184665 470
175604 763185 470
311064 393591 441
366436 717711 470
833507 624852 468
656782 59325 470
137707 348285 443
82898 815962 470
822904 652793 468
759783 453732 470
222997 863804 525
268099 302785 416
857898 462316 525
534155 835697 468
313896 658623 470
800757 337469 470
405000 853654 525
910986 982275 476
915342 328145 525
847834 680855 525
370524 946740 525
543798 697549 452
122589 833165 470
305290 540381 470
376253 711723 470
327660 975002 525
142627 522447 470
715900 61993 470
985221 732865 525
829916 937089 525
932875 826984 525
567727 357672 470
751824 85407 470
273013 818182 470
142237 180104 383
125256 110774 349
21355 533364 470
318264 702590 470
18766 961500 525
548285 42951 470
56043 916437 525
974539 280762 525
752102 827545 468
274460 967940 525
572474 67418 470
610883 914452 525
484962 550413 470
759440 35291 470
959125 271778 525
148509 70925 375
989547 32924 525
358024 420309 449
991807 590011 525
834559 519277 468
592625 535674 452
190915 336357 443
678316 895466 525
423228 109409 449
318730 270639 398
605018 822105 468
220024 494886 449
873459 76953 525
842009 83671 525
325509 305383 384
366616 623753 470
463058 226575 449
459456 635273 470
377844 964028 525
624766 200015 470
836410 567896 468
461257 417398 418
955576 980304 458
100765 979830 525
808171 578266 468
504251 197276 449
803439 113917 470
396286 837944 525
414908 10357 449
519086 840618 525
706800 913744 525
747344 323775 470
638762 346444 470
949484 44167 525
811095 735292 468
396141 454118 449
504650 982118 525
317150 171262 443
591149 950284 525
972316 591340 525
555835 542309 452
208775 173900 373
393494 721001 470
535885 480870 470
952141 944311 414
399640 969889 525
626725 965721 525
340625 773729 470
334331 580897 470
560410 474392 470
709009 269905 470
101726 362779 443
378389 713000 470
587593 761502 447
621742 420478 470
949787 303745 525
948076 250330 525
213643 41556 383
687789 36664 470
189986 636158 470
635540 938681 525
545669 664300 452
596019 200322 470
782912 453712 470
454103 741899 470
238693 342701 416
134583 681465 470
207924 332673 443
869249 625226 525
966674 802041 525
352478 890277 525
935864 542719 525
128819 498201 449
881150 25293 525
624207 240528 470
416793 187244 449
235736 362 443
133803 607866 470
133511 646176 470
467326 267665 449
343452 50648 443
587033 304755 470
994060 589249 525
769061 177303 470
282906 444257 449
516544 132710 470
360972 971194 525
257519 389115 441
114599 659173 470
888051 209577 525
821097 619719 468
596473 543905 452
568027 594474 434
514300 896489 525
230286 755202 470
319611 722403 470
282432 712335 470
633182 95310 470
543645 679379 452
70511 262521 443
235493 176900 443
910554 11465 525
345772 188047 443
312246 584409 470
483888 611263 470
610786 598766 412
845374 124091 525
259716 602127 470
61128 805188 470
477863 467719 413
665154 847716 525
633267 895198 525
665158 745237 442
670858 217611 470
299619 341953 384
2401 407967 443
776984 481343 470
778891 483867 470
586124 866061 525
339062 384432 441
6349 627092 470
868553 62965 525
22688 770029 470
428982 320029 449
987964 997780 365
97974 732601 470
650362 125094 470
253925 573329 470
552557 490650 470
935037 907871 476
642140 517050 452
277647 957074 525
895782 167522 525
956245 111206 525
380184 472684 449
386226 880992 525
375664 737624 470
131119 592973 470
946719 897344 476
56813 12314 340
356751 488832 449
749823 925328 525
169263 591824 470
210800 525348 470
597811 108110 470
678887 60392 470
161650 356354 443
59302 443069 449
741636 375867 470
441691 225354 449
79768 393032 443
846246 380162 525
98682 162376 383
899317 175236 525
149369 867172 525
777166 849206 525
240811 73860 443
220320 110656 386
488338 25457 449
590185 821276 468
764349 639781 442
96858 15257 351
625888 37444 470
595357 878207 525
181377 742365 470
544124 649114 452
757173 562943 447
542119 204632 470
277432 610284 470
165076 841979 525
436882 226739 449
491298 202757 449
639875 303689 470
933613 721618 525
265340 353148 441
504901 287044 449
125716 660055 470
852629 774240 525
931884 235163 525
871328 981084 476
688527 453918 470
208842 451233 449
481049 49719 449
758209 33340 470
728897 222735 470
693209 56920 470
14987 880789 525
163069 605404 470
375851 675525 470
376141 44401 443
659602 871978 525
132115 369647 443
579139 621877 447
759749 514120 452
744518 184404 470
736554 422715 470
490605 351212 449
732423 731627 380
387154 680250 470
25176 695762 470
802163 264827 470
260742 561480 470
233316 462951 449
210892 213894 373
739473 537105 452
388174 942162 525
631763 246889 470
635983 803758 468
113909 766812 470
255291 575489 470
198461 678452 470
121220 432901 449
793338 875626 525
330392 809999 470
461796 772191 470
4678 558872 470
581079 883610 525
909410 499282 525
712372 200111 470
346045 476670 449
411142 492068 444
821436 771366 468
538236 587970 452
416076 720254 470
11362 469772 449
193329 204757 360
856964 638787 525
489434 464857 422
792402 56596 470
441606 174049 449
928366 79827 525
123763 981335 525
851377 647650 525
492501 389225 449
530221 987146 525
385566 644558 470
963666 423641 525
513608 939152 525
719634 109137 470
959926 384718 525
389971 598599 470
265389 668274 470
851652 14838 525
818413 502201 470
750825 263909 470
610656 590021 412
228393 544736 470
736763 571353 447
862495 916572 476
165593 127577 383
28653 654002 470
879832 493233 525
296888 167948 443
425347 613057 470
929866 875958 476
65014 963251 525
515209 922317 525
588714 514226 452
304389 661645 470
837922 238643 525
388763 388587 193
281444 504121 449
40349 319546 443
62041 599207 470
776829 24374 470
590861 420942 470
946600 345744 525
278491 759477 470
829184 148597 470
481186 366859 449
297259 749575 470
374606 541021 470
268017 239015 407
35684 617164 470
917753 291690 525
295931 778106 470
138677 784861 470
393558 10715 443
851286 450273 525
989696 595122 525
657178 993978 525
824413 952366 525
259724 711833 470
30638 179985 383
330684 629278 470
125127 157124 383
188032 718449 470
744659 616088 442
127045 230549 386
562530 916088 525
96183 243042 443
103009 719836 470
298054 952204 525
439925 558593 470
950607 240433 525
762868 667533 442
231771 803994 470
290827 861823 525
394902 146442 443
683399 436528 470
871980 19142 525
417672 986071 525
459284 485110 444
379162 412762 449
7878 45789 324
