1 10 20
100 200 125
201 210 89
900 1000 174
829290 14601 509
12102 657600 509
95423 655675 509
520175 980958 525
915193 818958 525
963943 889256 507
350461 321648 441
206319 775975 509
675812 52491 509
1014 142633 375
687 373845 443
403905 316232 441
205548 456066 449
869610 267209 525
728628 395472 509
552719 834698 509
807166 542292 509
228638 194192 386
750676 196468 509
550727 587310 434
703671 716880 504
68471 174166 383
141417 133498 344
545639 365911 470
34647 552159 470
637913 148345 509
217823 998130 525
916230 717070 525
384 857288 525
555068 210458 470
471611 742714 509
744198 448801 509
267034 439688 449
27887 366309 443
788035 563501 509
327346 257212 407
996105 702232 525
360177 48028 443
939397 110533 525
534866 555127 452
111568 470717 449
168855 90066 383
591561 843833 525
55501 834699 509
667842 696156 442
988220 123937 525
311746 805430 509
839382 146051 525
431970 926417 525
187037 598768 470
315886 326744 384
284297 523979 470
43227 691736 509
374204 884662 525
943827 440867 525
967200 444747 525
363485 198654 443
718783 165923 509
100660 19277 351
971722 644993 525
881575 976882 507
860192 81167 525
152449 902496 525
112469 884802 525
284958 373645 441
334309 317354 384
14657 544249 470
606900 486954 470
561974 40032 470
691306 614762 509
421535 938641 525
995543 734389 525
247942 803879 509
730962 889951 525
614765 849875 525
361361 457920 449
678412 573721 509
531259 433735 470
939632 614068 525
149019 396224 443
362835 168336 443
196025 391197 443
87011 32669 351
134853 160140 383
841932 216431 525
497421 980777 525
969445 127028 525
348315 883307 525
642054 520975 509
839041 159474 525
469607 773639 509
995676 891179 507
189811 532730 470
215414 691174 509
549406 489590 470
686769 970437 525
800234 827509 450
93681 825158 509
458043 887753 525
515553 70835 470
101785 731678 509
393240 41795 443
27275 571245 470
795276 521518 509
511460 490459 426
989130 572486 525
292194 486688 449
499030 93827 449
623293 623530 266
414938 650849 509
925770 5803 525
706456 492639 509
623531 362492 470
691016 702212 442
225473 254864 443
607411 108266 470
95759 314706 443
453776 928428 525
640230 461558 509
863348 110938 525
829260 748038 468
811864 995039 525
76007 338755 443
377216 219914 443
493898 141055 449
604970 777836 509
468308 774749 509
772640 729245 468
294791 893187 525
991082 375832 525
359845 349483 379
133179 622217 470
970065 339393 525
537937 847689 525
471697 446290 444
802430 856512 525
744967 463870 509
244479 378620 441
506200 978694 525
295772 152119 443
105623 957320 525
168079 834808 509
669885 1785 509
624518 864016 525
505711 512322 470
583316 912368 525
654719 727714 504
583265 771666 509
369348 501326 449
848095 337882 525
65944 714829 509
801225 867350 525
3451 431819 449
402881 827539 509
534789 249988 470
608309 475378 470
282869 823171 509
578831 761919 509
4344 193583 383
16751 284193 443
221567 399710 443
140608 783433 509
926867 806797 525
369058 123416 443
793130 744551 468
739654 773478 468
360810 330636 441
453056 567858 470
613880 808713 509
703713 916309 525
205850 336259 443
134822 700519 509
351890 920045 525
838363 806681 525
64198 116144 354
810280 616628 509
975160 186509 525
166372 808285 509
466469 635612 509
226244 500729 449
202254 438337 449
780626 120003 509
450406 814254 509
471687 358868 449
768673 103603 509
236428 257026 368
730717 156775 509
190017 737895 509
372233 661730 509
158952 903852 525
948325 2804 525
313147 13921 443
410758 569478 470
991620 346208 525
737309 915190 525
868128 81958 525
875334 803931 525
61194 938919 525
597806 976313 525
657144 528779 509
12436 417021 449
385359 316760 441
813172 11954 509
861631 621017 525
618187 746121 509
898582 305318 525
899669 12242 525
871318 690548 525
78046 175235 383
22024 738898 509
326967 269218 407
888956 749179 525
515196 591313 452
753288 642505 504
497742 542 449
111536 414680 449
660917 930235 525
701791 484929 509
224644 478878 449
538748 480185 470
310227 456978 449
745521 459974 509
192928 936485 525
709498 708997 336
476068 674515 509
234995 2844 443
147020 764546 509
917233 686825 525
605324 5962 470
920155 998742 507
789304 776771 437
704872 813490 468
469943 644510 509
26026 390688 443
629403 556796 509
690123 766124 504
596458 215682 470
152887 143608 370
272254 158920 443
21958 15901 279
347173 146427 443
926749 771712 525
883232 681699 525
19044 230320 386
16307 885604 525
575926 886197 525
818630 483944 509
790887 643087 504
554371 370366 470
859461 470308 525
659757 62635 509
892501 723613 525
784064 382997 509
23216 838784 525
138946 862300 525
313350 728167 509
220960 692715 509
709378 488724 509
695750 535383 509
351373 964708 525
862282 126978 525
995187 298901 525
651605 423125 509
172856 853443 525
557030 966833 525
986651 784560 525
241244 276504 407
108938 115122 323
820748 310825 509
643038 364724 509
989149 486752 525
989528 669113 525
208225 302010 443
757919 849046 525
169304 344990 443
65428 73289 325
607384 362588 470
272553 601238 470
336554 100505 443
319420 587755 470
67667 830710 509
347384 86100 443
167831 837206 509
217121 194439 386
26184 643964 509
867444 757192 525
101543 437783 449
198373 154599 383
44905 964093 525
307428 492169 449
513397 155109 470
459956 936253 525
422184 887465 525
132234 32823 354
416940 560412 470
830401 593579 509
291895 635824 509
158750 136849 383
927107 887745 476
787687 930311 525
73456 871865 525
554657 398375 470
975045 44291 525
920606 29162 525
386022 34153 443
400045 944289 525
12501 806033 509
384564 979308 525
790140 835922 468
987607 463387 525
694054 968314 525
152626 883963 525
970135 322287 525
287209 275376 389
775478 470829 509
112547 480067 449
220506 130392 386
250602 396769 441
716499 766572 424
310614 952142 525
349631 847039 525
882071 810695 525
726256 954268 525
893045 772317 525
364042 608313 470
250788 397658 441
239719 443835 449
545746 648578 509
546561 335754 470
870665 234281 525
63364 174387 383
483200 913262 525
791580 253579 509
123475 217056 386
678374 654324 442
287268 933826 525
310765 581524 470
651030 218145 509
439661 343036 449
146689 377929 443
72453 547791 470
892199 230247 525
658976 143753 509
298059 414854 449
588048 116678 470
190536 207581 373
810394 27065 509
719062 185298 509
908674 75388 525
148317 559995 470
346460 54660 443
374744 121568 443
945377 374560 525
152748 507257 449
863274 322790 525
567612 950212 525
476159 867064 525
250139 750528 509
602785 595016 403
192324 459109 449
453117 839575 525
793821 168087 509
530599 643746 509
945777 361067 525
472974 981463 525
541582 492298 470
477561 570115 470
793344 835935 468
524290 685536 509
128418 174884 383
83400 621717 470
242070 583286 470
374613 825156 509
90359 897522 525
530718 277746 470
221588 467685 449
210877 402273 443
865172 434792 525
307613 621049 470
623544 88576 470
396309 710896 509
445705 826514 509
487193 266649 449
800312 856827 525
457139 910537 525
611669 66503 470
262294 366246 441
573784 409958 470
662379 154162 509
915625 764780 525
723657 458246 509
555001 448079 470
809975 665176 504
848967 490252 525
119859 182841 383
825434 322586 509
82591 407976 443
863678 750915 525
87275 131661 354
280662 959621 525
86316 246600 443
175643 818595 509
588353 351557 470
187256 950349 525
435577 736007 509
525293 855265 525
546487 272012 470
753643 890077 525
497538 940520 525
321376 47967 443
415755 75742 449
765714 298241 509
159262 923953 525
843615 709377 525
173830 781994 509
587990 701294 509
730919 805973 468
430057 551026 470
476311 562089 470
81095 710532 509
348332 529205 470
824879 586233 509
960789 56735 525
236334 176885 443
488119 731629 509
112434 369767 443
938901 714637 525
578161 754702 509
458737 368793 449
913324 531261 525
964676 421941 525
635302 456565 509
980695 980373 383
768282 809433 468
17434 942049 525
31330 31166 254
219216 745613 509
885628 44123 525
287541 935314 525
995467 246264 525
882643 722176 525
678111 833191 504
803278 578179 509
344389 408779 441
249856 912935 525
764880 811298 468
387122 51257 443
235827 704021 509
239982 55242 443
364403 757605 509
679717 415914 509
244737 186121 443
887692 277193 525
254084 989430 525
219811 648860 509
562816 501661 470
837352 15438 509
722380 748875 424
818443 854300 525
372164 678565 509
719321 839053 525
189191 539471 470
715666 923164 525
693844 562253 509
521661 74007 470
420301 619869 470
258078 158948 443
262154 731120 509
320564 372768 441
511663 111596 449
85448 639707 509
225367 973344 525
982750 623558 525
69293 427929 449
64724 335720 443
723728 657068 504
703146 843809 525
260570 980900 525
459688 252357 449
645497 575987 509
491097 952339 525
662713 373466 509
74553 117701 354
111807 102367 354
968418 564780 525
84219 533886 470
359785 384417 423
491130 729532 509
92549 206795 383
785043 499325 509
718416 565448 509
994118 335846 525
668102 589613 509
771308 805720 468
501143 173018 449
149618 752218 509
760085 842404 525
90310 690942 509
428493 780522 509
712624 465178 509
372071 846046 525
301619 568278 470
428328 976791 525
804963 537530 509
2613 62792 340
550042 477276 470
126973 232299 443
339486 78634 443
943161 506381 525
916239 468969 525
482262 946818 525
28548 846344 525
430794 747131 509
970760 132524 525
296759 198066 443
527560 812619 509
19013 96521 351
707310 720340 411
599453 960871 525
514394 774859 509
779904 365824 509
280988 578620 470
134210 816395 509
755420 344986 509
200943 843293 525
227315 840466 525
443244 420926 418
458955 898297 525
889717 384460 525
87807 588508 470
283914 253800 407
466916 314136 449
449852 760049 509
617890 944115 525
367105 413957 449
85438 590396 470
141429 656062 509
2933 790205 509
655491 484676 509
605262 663898 509
189159 970550 525
758174 84699 509
709950 736019 424
812656 18676 509
851610 301607 525
238332 971638 525
822424 184514 509
41657 914187 525
614765 771126 509
932681 147004 525
923488 279605 525
568417 315495 470
123184 578831 470
971359 186267 525
502929 236407 449
398433 857447 525
712058 931130 525
518712 790702 509
31602 284288 443
747437 424878 509
653443 239318 509
979433 159490 525
622848 350825 470
766738 180875 509
479936 731656 509
193294 944648 525
921763 950642 507
313786 125132 443
999096 873864 507
44243 495819 449
460580 298685 449
818749 514423 509
861873 242551 525
159650 351945 443
968473 917447 507
547872 727237 509
798341 746127 468
625485 186856 470
374037 257688 441
814417 404585 509
884006 337707 525
893203 665812 525
488742 102170 449
937945 949029 507
449974 614560 470
304129 920029 525
609637 771949 509
2742 713961 509
500263 948625 525
907108 596210 525
529589 404738 470
716145 465150 509
749531 42617 509
495219 688126 509
693326 824901 504
917580 946609 507
644516 56273 509
37317 607267 470
487585 774576 509
539067 632791 509
982453 697248 525
930201 199603 525
903629 525484 525
67983 999171 525
989764 921215 507
747175 665476 504
60419 140943 354
812870 893212 525
974290 135674 525
408788 589670 470
326734 907615 525
523063 837785 509
914354 52028 525
951546 538673 525
30496 706537 509
162912 349040 443
597934 580437 434
320350 932170 525
993610 342935 525
891399 600777 525
175227 411995 449
860474 145804 525
380573 104388 443
547912 17352 470
237884 182745 443
434839 52223 449
599153 66843 470
194965 627131 509
788199 364085 509
342372 457462 449
241415 918031 525
518652 258542 470
711537 274079 509
463244 139666 449
303363 317808 384
137596 910746 525
615270 854208 525
306742 447217 449
171496 64955 383
121203 880960 525
147519 106099 375
887580 663265 525
114551 589963 470
267977 480470 449
158968 332756 443
606424 593719 403
268715 543343 470
944688 421345 525
321041 578823 470
560402 85713 470
354586 498982 449
537177 205918 470
63720 914422 525
959389 433585 525
614163 42085 470
813570 101026 509
946286 457084 525
573856 879405 525
706159 761231 424
750696 529070 509
824259 276305 509
390043 665068 509
547899 914074 525
624475 957913 525
425831 575276 470
898259 343002 525
342094 786214 509
415063 621647 470
201058 794290 509
690079 302506 509
276777 12788 443
827548 654267 504
557100 530380 452
290213 718765 509
636673 382285 509
478949 468275 382
842798 417712 525
398852 381553 436
314291 892146 525
52335 460252 449
695844 363261 509
970243 110681 525
959011 75652 525
468817 375426 449
615865 782304 509
803291 715191 468
252461 869652 525
378203 913265 525
876655 728263 525
569974 703361 509
48446 542655 470
519109 406137 470
140882 61424 354
457334 200521 449
365738 452814 449
749284 653050 504
390514 51071 443
848838 781731 525
471969 655335 509
796956 240521 509
36268 55559 340
720899 176343 509
546955 628850 509
33956 932595 525
319362 174861 443
680307 51488 509
663684 640271 429
821421 962048 525
368830 20118 443
818391 331504 509
75297 517671 470
228850 304805 443
527714 994730 525
807661 760353 468
46298 850709 525
177280 269610 443
811386 731504 468
916731 664043 525
716311 888147 525
307395 984962 525
611295 580409 434
869291 120099 525
734642 651968 504
123320 615374 470
7421 291459 443
722923 991104 525
653939 37655 509
212890 388961 443
302708 287252 389
193527 529352 470
321225 920129 525
595187 768408 509
642771 169704 509
101150 509635 449
754589 534908 509
496105 347332 449
834140 355511 509
862996 97192 525
243817 653999 509
102748 304090 443
724343 984852 525
209397 907872 525
663236 326061 509
97418 495039 449
757091 497893 509
548522 967515 525
235067 200368 443
21995 519303 470
565859 523599 452
655616 527601 509
231551 704107 509
773480 337063 509
719139 975394 525
612544 944191 525
354147 592536 470
781478 273407 509
980640 498207 525
173413 77197 383
778064 641544 504
668416 489769 509
697735 661417 442
982074 916997 507
100430 502127 449
443264 254991 449
181412 542256 470
317264 395452 441
680358 986333 525
529549 598043 452
191031 594170 470
291183 588329 470
109203 304184 443
178436 174412 347
887154 944691 507
677277 766181 504
799292 21129 509
67663 428225 449
865736 517347 525
793020 704 509
929401 755542 525
137113 382106 443
136964 622134 470
113467 283607 443
235261 885800 525
961793 636815 525
162005 909089 525
541360 365030 470
383386 786485 509
213014 412694 449
310971 829491 509
509574 768530 509
916481 363220 525
8549 714958 509
355360 999225 525
341682 689674 509
8743 905688 525
202542 954853 525
858266 108835 525
546410 735275 509
519305 528353 408
915967 608718 525
575639 274799 470
971785 710293 525
82122 718428 509
858400 746982 525
231869 976567 525
994734 909428 507
220578 760606 509
241897 515126 470
282983 973872 525
171929 620461 470
725094 58093 509
337751 898641 525
530731 848867 525
27661 796341 509
782014 619476 509
976919 354014 525
700847 67607 509
904508 103073 525
592057 230956 470
544891 137775 470
348760 705414 509
52603 800429 509
466612 83469 449
271787 415629 449
706044 230642 509
383257 162521 443
640158 874242 525
868465 483717 525
330882 991399 525
562739 395245 470
287095 652302 509
809412 684025 504
675825 299732 509
371986 257667 441
481254 927471 525
813214 845975 525
936136 257815 525
508017 844334 525
86388 812391 509
321370 336241 384
791984 720683 468
252851 235586 368
815903 217085 509
26248 48798 324
907793 40022 525
685687 972868 525
950125 365616 525
748944 917260 525
301998 483563 449
364151 566093 470
449385 154349 449
217851 781523 509
950515 474604 525
650367 490072 509
451184 121365 449
548694 690745 509
237195 46193 443
107659 377056 443
389755 46546 443
476826 974704 525
114538 154501 375
643639 362414 509
226256 451868 449
642566 665556 442
87960 745922 509
325485 790478 509
527928 521440 408
480355 102025 449
386888 722422 509
43174 737590 509
384446 210801 443
512520 798060 509
935963 199679 525
446465 59377 449
399794 565030 470
98409 907990 525
989634 702539 525
831394 919289 525
247903 515180 470
939704 870204 507
543426 192315 470
902088 5434 525
530364 672580 509
892672 61393 525
885162 70470 525
583657 892731 525
924481 890531 476
888145 543382 525
899416 553214 525
311952 257426 407
859949 612931 525
10009 234579 443
988488 61531 525
475982 900993 525
212439 279349 443
32982 88083 351
723173 521195 509
938749 790446 525
752370 306098 509
970460 108472 525
586603 717277 509
812301 572115 509
337156 412823 449
433222 289311 449
424466 97694 449
912781 265892 525
85196 314140 443
849762 803397 525
464842 670323 509
571239 96991 470
19896 45860 324
849036 27796 525
20984 888218 525
726013 672253 504
922016 445323 525
356410 235675 441
240289 667447 509
472433 958028 525
378591 555381 470
203578 36983 383
512756 932097 525
495653 766659 509
266746 971553 525
303245 900003 525
402215 330971 441
62375 708605 509
160658 401894 443
689341 335800 509
213599 20500 383
497259 817230 509
399958 959095 525
973569 577615 525
559545 658424 509
319789 303298 384
807853 954360 525
19039 837209 509
539607 2743 470
467386 146190 449
297248 212578 443
881801 470222 525
395355 760494 509
280542 478894 449
853151 178331 525
321027 632540 509
754656 580876 509
175760 973774 525
629635 332269 509
428655 259738 449
828399 337248 509
182082 686183 509
149655 687371 509
179245 451602 449
172959 92547 383
766982 62910 509
845983 384642 525
950856 593780 525
881677 392641 525
627409 72534 509
431546 657762 509
317701 798580 509
318636 782156 509
371764 664684 509
837465 686222 504
665382 496957 509
758019 687309 504
268578 15251 443
707050 106487 509
429474 263711 449
542322 60279 470
487697 264587 449
684054 200704 509
8241 207935 383
622714 429638 470
509730 705707 509
983451 32496 525
650265 510739 509
594810 251386 470
629554 629542 173
983039 49366 525
867778 942285 507
593161 705113 509
729660 284264 509
824124 921253 525
176461 440157 449
657717 329824 509
749114 655715 504
259587 634755 509
212511 81111 383
435559 143954 449
523912 25975 470
237606 112566 443
527742 28222 470
331186 144102 443
924527 517101 525
959317 877652 507
613505 285464 470
468618 327030 449
466405 77060 449
398693 531694 470
954217 341761 525
