18 30 112
23 83 116
52 39 110
21 70 113
11 65 113
47 45 105
8 43 112
99 23 119
82 28 116
27 52 112
82 42 116
13 59 113
53 63 113
63 64 108
52 39 110
64 18 113
51 27 112
13 57 113
6 49 112
95 98 119
31 57 113
88 96 106
68 99 119
40 60 113
50 97 119
85 85 10
76 77 23
10 92 116
72 9 113
50 3 112
94 58 116
95 82 111
45 82 116
98 18 119
85 53 116
57 49 113
94 44 116
16 73 116
86 93 93
68 11 113
14 42 112
67 39 113
28 88 116
95 94 106
54 19 113
53 68 113
7 64 113
54 85 116
80 95 111
1 78 116
98 2 119
44 41 110
75 13 116
25 27 112
76 12 116
90 48 116
67 3 113
62 53 113
58 25 113
19 14 21
7 57 113
19 6 21
24 4 21
16 75 116
36 45 110
59 54 113
2 22 21
26 51 112
72 73 116
61 63 108
18 70 113
14 28 112
79 70 116
11 11 15
30 82 116
81 1 116
18 75 116
24 23 16
74 67 116
94 67 116
20 83 116
53 17 112
49 40 110
15 17 18
58 23 113
97 30 119
44 17 112
79 78 36
7 7 17
48 49 25
80 14 116
15 48 112
27 79 116
34 19 112
20 10 21
16 51 112
62 97 119
17 7 20
98 97 119
25 26 24
65 35 113
48 26 112
27 97 119
53 54 113
31 18 112
90 3 116
63 66 108
53 46 105
92 47 116
61 63 108
52 38 110
92 18 116
7 58 113
22 46 112
25 99 119
95 60 116
13 12 10
22 22 16
44 23 112
5 94 116
73 59 116
85 58 116
19 85 116
93 43 116
21 84 116
41 27 112
45 99 119
69 9 113
54 34 113
75 47 116
74 10 116
84 90 31
61 73 116
19 66 113
21 91 116
72 10 113
94 63 116
48 60 113
29 42 110
81 22 116
44 92 116
76 67 116
15 8 20
46 13 112
17 74 116
49 47 105
53 10 112
55 73 116
28 52 110
61 63 108
88 47 116
33 78 116
36 76 116
50 55 113
92 75 111
18 100 119
48 69 113
86 59 116
25 26 24
57 20 113
98 55 119
24 95 116
3 91 116
63 82 116
74 18 116
35 26 112
79 87 111
2 43 112
48 73 116
10 11 15
22 97 119
16 42 112
59 90 116
78 58 116
59 6 113
37 94 116
50 87 116
25 5 24
46 100 119
75 90 111
14 63 113
46 34 110
22 73 116
62 51 113
27 75 116
97 52 119
82 58 116
48 76 116
88 69 116
9 79 116
15 16 18
38 46 110
93 60 116
89 65 116
54 15 113
99 37 119
4 31 112
92 52 116
35 94 116
56 78 116
953 557 179
164 222 125
887 134 179
123 859 171
145 375 144
876 34 179
3 667 145
313 45 131
881 289 179
483 783 171
35 570 144
943 200 179
183 259 128
37 344 144
1000 126 179
627 303 144
656 622 145
696 881 179
146 35 122
693 172 145
385 318 144
236 531 144
896 243 179
314 75 131
11 924 179
947 53 179
737 592 171
592 816 171
223 129 125
464 659 145
209 990 179
824 679 171
909 569 179
58 612 144
597 946 179
734 848 153
72 320 131
642 481 142
741 90 171
203 198 120
343 792 171
792 786 78
677 841 171
213 865 171
51 221 125
580 603 119
73 99 119
14 50 112
560 969 179
407 164 144
966 152 179
277 912 179
289 196 128
646 600 132
503 378 142
443 490 142
125 482 144
217 723 171
479 525 142
442 405 134
9 51 112
449 148 144
467 35 144
439 999 179
43 600 144
834 570 171
45 188 125
780 888 179
702 511 145
957 439 179
527 108 144
748 527 171
558 801 171
133 211 125
879 386 179
62 213 125
10 888 179
654 106 145
137 367 144
982 839 179
58 186 125
914 183 179
868 671 171
313 826 171
982 342 179
770 138 171
260 287 123
733 967 179
712 203 171
307 335 144
255 690 145
737 13 171
185 805 171
340 452 134
551 843 171
408 947 179
180 155 125
91 255 128
633 174 144
173 984 179
895 847 179
679 167 145
828 118 171
379 663 145
811 263 171
811 586 171
589 827 171
273 212 128
433 884 179
854 324 171
472 259 144
480 841 171
820 819 42
639 957 179
987 806 179
980 760 179
608 151 144
698 565 145
46 868 171
517 672 145
95 266 128
293 829 171
65 863 171
857 300 171
465 326 144
799 850 135
640 527 137
852 484 171
358 562 142
39 45 110
453 445 116
849 345 171
312 564 144
834 396 171
68 981 179
739 819 153
892 803 179
433 196 144
436 223 144
996 271 179
151 574 144
41 910 179
332 265 144
123 775 171
641 817 171
693 409 145
575 651 145
705 172 171
662 24 145
488 973 179
442 307 144
305 273 118
53 579 144
146 916 179
1 63 113
205 91 125
826 317 171
911 763 179
887 778 179
133 821 171
316 842 171
681 451 145
37 91 116
871 997 179
39 376 144
297 958 179
444 218 144
509 253 144
679 519 145
191 862 171
497 265 144
981 400 179
606 45 144
828 320 171
320 792 171
8 990 179
872 644 179
692 143 145
684 149 145
842 387 171
475 323 144
871 434 179
958 338 179
27 315 131
503 520 124
914 550 179
15 857 171
270 833 171
902 125 179
151 673 145
149 262 128
927 516 179
131 673 145
730 835 153
953 373 179
173 600 144
615 826 171
460 40 144
540 425 142
520 402 142
815 857 135
914 301 179
355 631 142
976 166 179
605 918 179
103 424 144
484 121 144
171 614 144
374 945 179
549 723 171
807 708 153
160 277 128
920 398 179
25 951 179
15 631 144
487 917 179
879 508 179
547 316 144
862 379 171
605 859 171
207 140 125
26 241 128
183 222 120
697 13 145
876 54 179
871 311 179
828 48 171
180 393 144
783 310 171
535 784 171
986 640 179
613 25 144
131 903 179
487 89 144
293 944 179
271 284 105
998 490 179
491 768 171
712 451 171
883 741 179
215 326 131
619 413 142
135 623 144
267 559 144
394 709 171
380 807 171
760 632 171
159 899 179
719 73 171
590 553 137
2220 3442 217
5687 4092 236
3611 7668 262
6917 1959 262
5030 3342 238
415 5423 238
1446 4040 238
3033 1382 217
8346 7925 252
3175 7859 262
8126 29 262
1817 4230 238
7067 900 262
2364 6822 262
1772 108 182
7141 7167 195
5917 492 238
3505 7444 262
9739 7412 260
6884 2175 262
3863 6092 236
3498 49 217
1818 7238 262
3752 2090 238
4365 4734 215
4059 1327 238
6501 3394 262
3706 8969 262
5041 2082 238
4615 3020 238
5481 9155 262
9976 812 262
7390 4042 262
6059 7803 262
1705 1921 180
458 1311 182
4368 4464 215
272 1066 179
587 4104 238
369 4982 238
1741 3341 217
8104 51 262
4711 438 238
9618 9265 198
9840 6281 260
1427 4811 238
9906 5134 262
7592 6010 262
498 8090 262
4831 3538 238
1611 8995 262
7305 2122 262
644 3715 238
1314 8467 262
6888 7537 257
5066 9194 262
9466 653 262
6086 4318 236
4283 7831 262
1699 8308 262
953 1623 182
3665 289 217
3582 9872 262
5347 6719 262
542 6635 262
1248 3609 217
8993 918 262
9821 5879 262
1143 211 179
2512 3601 217
1113 4019 238
7466 4873 262
5706 9295 262
4306 7454 262
7015 4039 262
1583 5160 238
4848 6398 262
9767 5491 262
2728 9492 262
2153 6328 262
4791 6952 262
9663 9885 211
557 5189 238
9448 3553 262
3116 2472 217
6392 7334 257
4647 7923 262
9837 9900 242
8491 1217 262
9509 9376 198
7074 1533 262
7523 6117 262
8304 9691 260
5630 7216 262
6338 1861 262
9457 7828 260
1077 659 179
9459 9558 198
4367 7246 262
2239 2692 209
2893 9071 262
6661 1354 262
3319 8822 262
6615 8995 257
3821 2863 238
6162 5809 218
2654 8465 262
1255 6802 262
2718 9560 262
7796 7211 239
2839 5868 238
1231 416 182
2959 3438 199
4792 4028 215
1605 3420 217
7038 5332 262
108 2316 183
8065 855 262
5688 7072 262
3801 7765 262
7742 5250 262
3959 992 238
8381 8414 159
8792 5724 262
1732 4860 238
3166 1802 217
3251 5393 238
6224 3418 262
4626 4145 215
7805 2539 262
5510 2273 238
7953 5911 262
8940 1709 262
8459 7129 252
378 7544 262
813 5533 238
2118 4867 238
6868 3365 262
316 1439 182
1087 4992 238
2936 8570 262
8247 7332 252
2402 6828 262
1918 2636 209
4400 3849 215
2285 5884 238
8962 7390 252
3768 714 238
8157 7990 190
1368 8572 262
5210 2036 238
4464 6137 236
620 2443 183
3384 4824 238
7693 6617 257
7956 4041 262
6243 4600 262
8601 2633 262
7013 1328 262
114 9485 262
4104 8908 262
3342 5437 238
1568 909 182
457 7087 262
3714 7320 262
8079 8768 234
4848 5554 210
8020 4348 262
834 6845 262
5855 3498 238
9984 7011 260
8765 1118 262
3986 4752 215
3662 8185 262
2545 9478 262
8614 8661 172
9289 9418 198
3322 321 217
195 6488 262
8410 5529 262
9651 7126 260
2398 8003 262
5368 2128 238
239 702 145
1326 927 182
9858 6694 260
5923 5375 236
5625 1212 238
183 5313 238
6182 8266 257
9164 9923 260
8175 2840 262
5414 1584 238
3211 389 217
3237 3601 194
8285 1854 262
7103 594 262
4744 2393 238
6024 4413 236
2491 8072 262
7769 1883 262
665 5395 238
5450 4959 192
2375 8466 262
3484 3041 199
5063 85 238
8429 4605 262
2616 2222 209
6786 7434 257
1509 6841 262
1001 4388 238
3820 1364 238
4915 5891 236
2378 308 183
5479 7729 262
9248 2607 262
5981 7251 262
2610 7007 262
488 1074 179
757 9748 262
7479 6956 239
4757 6047 236
3308 7983 262
2453 1767 183
6878 2101 262
8777 9081 247
3961 9004 262
9893 6756 260
3775 2041 238
5620 4544 236
3749 9756 262
7029 502 262
7141 9127 252
6250 2884 262
5342 2974 238
9453 4947 262
8556 7867 252
3462 5550 238
956 8468 262
7700 2648 262
4889 5278 210
1320 7429 262
9367 835 262
5912 6473 262
7454 3437 262
4437 8826 262
1272 2215 180
9090 4305 262
3697 6112 238
5226 5295 192
95132 32221 351
61419 41343 340
16564 56321 340
65575 83331 351
58523 62714 335
13856 84986 351
31343 12275 308
24941 6158 282
77529 40098 351
99319 58817 351
13615 69099 340
79734 26780 351
91272 68549 351
94017 96371 328
56290 32593 340
9653 2440 262
58745 38870 340
55737 23136 340
33414 1131 308
21373 79182 351
61874 5216 340
14690 34562 311
52391 82834 351
34892 14898 311
48780 9304 324
98567 55422 351
75101 58103 335
20643 46376 324
33416 35494 311
86774 43413 351
97295 11023 351
10068 36200 324
96783 68413 351
44322 47337 314
33802 96975 351
8807 24756 282
31424 1133 308
78994 12752 351
7240 14860 276
57955 64400 335
7377 52617 340
29733 15212 308
46880 40059 314
42508 98806 351
77063 75741 351
16562 21677 279
59960 80437 351
36191 313 324
63246 91311 351
96688 48101 351
5950 71068 340
24960 43197 324
97432 4021 351
41493 63327 340
45705 97978 351
51763 40860 314
26357 70952 340
11588 16794 276
48884 64015 340
29694 7393 308
7820 43522 324
10690 28245 308
60024 90591 351
21362 95009 351
37059 90364 351
16251 54104 340
82679 49545 351
27575 88664 351
38686 25163 324
82676 78737 338
65191 42309 340
4426 56777 340
36295 82748 351
20197 4620 279
56822 58878 304
31002 42985 324
9526 39898 324
27771 27038 259
74967 14571 340
72213 32184 340
78877 88414 333
89659 48907 351
53770 83129 351
95669 99471 328
6785 88265 351
99821 3725 351
26000 50060 324
80725 38054 351
51757 47471 309
89527 90810 315
58591 68300 335
12198 27188 308
89156 2768 351
57124 41808 340
42818 82741 351
10488 61116 340
5190 96242 351
89400 62286 351
92071 88821 333
65819 11749 340
36042 53246 340
81035 78154 338
57900 64341 335
26922 24280 308
60496 77259 351
6124 22936 279
87903 82258 333
91309 8959 351
67183 95421 351
33844 28356 285
39155 24000 324
31137 31147 223
84078 25231 351
84892 84891 152
36382 14739 324
35485 83981 351
41969 26750 324
81269 27386 351
61008 74487 330
31706 8091 308
71543 10923 340
83565 30199 351
41912 73135 340
59855 15134 340
42660 17363 324
60087 72557 335
11437 77798 351
76750 40056 340
39310 15502 324
26290 30085 308
4471 20136 279
32647 47572 324
96551 82255 333
61282 15588 340
58976 1569 340
88919 22646 351
50596 80450 351
70580 74577 325
88818 60938 351
64791 53071 335
75601 72576 325
99149 10194 351
63480 74009 325
5210 55337 340
64334 44968 340
58949 905 340
15840 98501 351
124 81385 351
48405 54837 340
10044 53503 340
78935 53887 351
54800 42393 340
69917 42099 340
57975 83263 351
8668 90610 351
27692 98263 351
39833 88421 351
73950 10813 340
76701 70966 325
20801 84584 351
37478 20261 324
83969 28609 351
39787 11616 324
82108 88776 333
26570 18143 282
24414 25637 264
64058 17858 340
90568 56515 351
34248 71487 340
51712 13354 324
36496 34764 324
38944 43167 306
1866 86728 351
86037 78973 320
87900 35150 351
86609 48373 351
14998 6718 276
14561 27715 308
23179 85399 351
20359 9684 279
19416 94528 351
32652 72876 340
3327 20274 279
4478 42867 324
34274 39270 324
75008 94601 351
65597 28591 340
62811 3920 340
5541 58388 340
43136 42668 257
64578 65357 268
14802 63421 340
73942 64430 325
78868 88282 333
68452 73863 325
60180 82168 351
68815 70897 312
19660 21571 274
74208 55500 335
32132 75008 340
Segfaults at this point
