13910 14007 183
78580 78561 201
70006 70071 281
57459 57430 260
88791 88830 209
80519 80511 183
62897 62951 211
74126 74173 263
17626 17548 248
44238 44282 239
94452 94534 191
50790 50795 203
78530 78508 170
3586 3595 150
85548 85600 227
57824 57803 136
47818 47799 221
48065 48077 97
9743 9759 154
33283 33267 205
33262 33347 205
85790 85879 258
95736 95705 222
61674 61736 286
93155 93163 147
62974 62895 211
38728 38726 107
8860 8871 172
97815 97815 191
89146 89200 147
15996 16067 235
47882 47914 221
89280 89285 134
23891 23854 251
68121 68190 312
35165 35184 130
76486 76453 201
75410 75485 232
39168 39259 275
99222 99133 297
16845 16758 266
23306 23322 114
56979 57049 198
27607 27638 153
85044 85072 183
78703 78779 276
44758 44699 270
6560 6642 244
10276 10269 149
86431 86439 196
8622 8674 172
28429 28459 197
84828 84755 227
7812 7774 221
1946 1857 175
40239 40208 244
94021 93976 209
27097 27166 259
54729 54774 216
74980 74901 201
81772 81776 152
52565 52612 216
18624 18549 261
31726 31691 223
92407 92497 284
29762 29814 166
81258 81181 214
77271 77238 232
22847 22933 194
62360 62334 149
34893 34916 174
23862 23786 220
13637 13698 183
34716 34709 174
9513 9536 198
15327 15377 240
88401 88331 196
94195 94176 253
11055 11141 237
75416 75453 232
93056 92980 315
24412 24370 189
72582 72519 188
14013 13967 152
42250 42174 288
92015 92019 191
84224 84307 196
19440 19476 168
88124 88167 302
44238 44290 239
19923 19974 212
13569 13591 90
53621 53544 247
66327 66366 193
70924 70883 219
6462 6478 169
76313 76326 108
30351 30389 210
57976 57891 229
79678 79671 77
5877 5934 187
814 871 179
22285 22271 145
23292 23223 176
89314 89392 271
8105 8088 190
82490 82543 214
89843 89789 240
40958 41041 288
65521 65582 193
3789 3887 176
12556 12572 157
14434 14467 165
75219 75282 232
10106 10173 180
54816 54883 185
32073 32157 254
90394 90311 284
18473 18514 261
77991 77919 245
61706 61665 167
85402 85473 258
8062 8058 97
91052 91145 240
3384 3295 181
14903 14852 165
32646 32727 192
11567 11578 131
50118 50122 159
92749 92835 209
83260 83293 258
43683 43611 226
89629 89610 196
1280 1337 177
38336 38270 213
95264 95263 147
30690 30704 179
19064 19083 199
35249 35318 280
60185 60200 255
75835 75836 201
65433 65349 224
47293 47218 221
59061 59069 198
96916 96863 222
97677 97706 222
39560 39514 244
34624 34541 249
29340 29255 272
83265 83287 258
95859 95932 222
927 964 174
45338 45426 239
33211 33299 236
46215 46302 208
83522 83499 289
50556 50580 203
99295 99345 191
24840 24772 264
98814 98734 266
38812 38758 200
10393 10436 255
69700 69704 144
54773 54711 216
28541 28552 197
65972 65893 268
22510 22496 176
37106 37054 169
2882 2804 173
50417 50444 234
32846 32939 267
27703 27627 228
83494 83483 152
22999 23073 238
47639 47612 221
91647 91686 178
49473 49407 265
41747 41668 257
80427 80494 245
39996 39994 94
42882 42853 195
74459 74506 294
31325 31373 254
13728 13804 214
55663 55722 260
14921 15004 209
6234 6193 187
97601 97579 204
96922 96931 191
53159 53139 141
97854 97899 297
98300 98268 222
71131 71187 188
41386 41361 182
16154 16156 147
57650 57603 273
66052 66021 268
54913 54843 185
6889 6829 182
52520 52495 278
2527 2463 209
32009 31981 192
74687 74728 232
90883 90880 134
84576 84498 289
53793 53729 247
1629 1562 167
52656 52611 216
60691 60767 242
3564 3541 163
52591 52609 141
96233 96281 191
66710 66646 237
58001 57915 211
32557 32494 192
9559 9619 198
89738 89764 209
43518 43476 182
86510 86468 227
68194 68115 312
15436 15479 209
97627 97611 152
42113 42092 226
93406 93460 253
33871 33886 205
24629 24577 233
81296 81302 139
14762 14709 165
43817 43800 226
88629 88681 240
3049 3036 155
15530 15615 222
68596 68515 206
16006 15967 191
92380 92385 240
11385 11324 206
81950 81952 183
48556 48564 159
98588 98597 222
73095 73013 294
41087 41045 213
67071 67074 162
3494 3547 150
87719 87781 271
22329 22406 269
24638 24590 233
82654 82564 214
32508 32453 192
21768 21856 194
49785 49798 234
72028 72015 188
65041 65131 206
92821 92743 209
83117 83148 152
66819 66819 118
47880 47949 221
93703 93721 178
43807 43807 102
38272 38287 200
41073 41009 244
85917 86012 227
59401 59418 167
2262 2336 183
13657 13702 183
4214 4195 158
70065 70042 250
579 532 137
29849 29946 241
19399 19410 181
44328 44264 239
65578 65643 237
52940 52971 278
20231 20189 181
96258 96332 191
86331 86396 196
53839 53773 229
97119 97043 253
38992 39061 275
41246 41218 213
74320 74408 294
99415 99326 191
88856 88840 196
6618 6665 182
4610 4695 184
94961 94880 302
41760 41737 151
44422 44357 208
725 802 153
62766 62764 56
24546 24476 189
74052 74116 263
1235 1290 177
50055 50149 234
88560 88512 240
26150 26130 171
44762 44822 239
33730 33761 174
67868 67860 113
88859 88839 209
57576 57542 198
16479 16444 266
74175 74198 157
85378 85345 258
97225 97221 160
54862 54849 185
49678 49775 203
56585 56589 154
56140 56069 322
99309 99364 160
36898 36917 231
84731 84733 289
86487 86502 227
91328 91420 209
74999 74985 201
75127 75188 232
49642 49676 190
12375 12450 263
37729 37716 156
8793 8868 172
29902 29886 117
70984 70933 250
58533 58619 167
2438 2361 165
78413 78480 307
58360 58455 242
31689 31633 285
57964 57993 211
22477 22535 207
57445 57480 260
41767 41821 257
33803 33858 267
13067 13128 170
71616 71666 219
87709 87719 196
1449 1404 172
44873 44876 115
88858 88890 209
95673 95597 235
59580 59603 167
728 746 140
60731 60782 242
79036 79014 201
40353 40297 244
37588 37508 231
57023 56948 198
24196 24293 251
20998 21087 225
10363 10314 180
60190 60132 317
90404 90340 284
34753 34847 205
5369 5331 192
53697 53660 216
97924 97931 191
3793 3831 176
19157 19117 199
81097 81065 245
44424 44418 195
7341 7430 239
62362 62424 224
75765 75693 201
97859 97888 173
49854 49830 265
24314 24270 251
26029 26037 140
94444 94399 191
28702 28621 197
18242 18192 248
98899 98980 284
77595 77637 183
78364 78343 201
39649 39578 244
3469 3399 150
74137 74167 263
2346 2369 121
54587 54518 247
83073 83169 227
40973 41063 244
14715 14765 165
57146 57130 198
17467 17502 173
27784 27781 140
46224 46248 208
27601 27629 153
51429 51414 172
34366 34387 174
94573 94501 222
29657 29589 210
49752 49765 203
47649 47743 221
38728 38732 107
21338 21276 194
91737 91709 196
85201 85291 227
40022 40115 275
50142 50062 234
70342 70282 312
27358 27393 215
38600 38539 231
27827 27893 184
68146 68214 312
90526 90469 240
99684 99710 266
72808 72765 263
48327 48280 221
24790 24727 189
37426 37375 262
7847 7788 177
782 810 122
61408 61404 180
48056 48015 252
62983 63082 255
78842 78852 214
82884 82825 183
17390 17448 204
49705 49723 190
68610 68527 237
73087 73106 157
7899 7984 252
19601 19569 274
49030 49072 159
27888 27893 184
51279 51202 234
99297 99290 191
20588 20570 150
87460 87431 165
87202 87214 165
45285 45196 239
65513 65593 224
73496 73476 188
38547 38611 231
85923 85859 227
55961 55874 185
44339 44410 208
27475 27497 215
84655 84695 258
93622 93566 222
11942 11979 250
76386 76388 139
50493 50459 203
57489 57546 260
13074 13017 201
87349 87311 196
54022 53947 247
25146 25139 158
64697 64765 255
76708 76789 307
71470 71549 250
50031 49957 234
14400 14474 209
74432 74381 263
71779 71690 232
93819 93808 134
73165 73246 201
75351 75362 170
1788 1754 149
92309 92221 178
15682 15639 178
12813 12808 170
10790 10861 206
12487 12398 263
70525 70576 175
79808 79837 245
47917 47929 190
70109 70122 113
7945 7991 252
73036 72951 219
8616 8701 203
40037 40052 213
79885 79946 214
91745 91662 209
57414 57448 198
19227 19231 168
22677 22651 207
39217 39246 200
74000 73928 232
88985 89019 240
72674 72619 219
9214 9258 260
71188 71121 188
49695 49669 159
79557 79594 170
82689 82751 183
58312 58306 154
27402 27408 78
81078 81161 320
53734 53681 216
29833 29780 272
66483 66510 268
1985 1948 175
38899 38886 231
932 960 174
55412 55462 229
71174 71184 188
35172 35203 249
75434 75501 263
11887 11812 188
52574 52558 216
24017 23955 220
68614 68706 237
94867 94964 302
35691 35700 143
2542 2604 178
93463 93527 222
17717 17714 142
89780 89877 302
68947 69039 237
85634 85655 214
48352 48273 221
22509 22544 207
79322 79305 152
87241 87318 196
35521 35439 311
73189 73175 126
40136 40101 275
6567 6488 200
38008 38016 200
23317 23320 114
11930 11931 219
47256 47282 221
48063 48032 252
99426 99393 191
56621 56544 229
62794 62824 180
132 123 122
88254 88173 271
23591 23516 282
302 323 131
26040 25973 202
15177 15189 178
79092 79016 245
44704 44652 270
40903 40913 182
93872 93845 253
47658 47681 146
8783 8839 172
80068 80089 214
18693 18672 186
72444 72486 219
31182 31132 223
57743 57727 229
11667 11579 206
31638 31654 148
53192 53106 185
38223 38213 200
73759 73778 219
32477 32569 205
65404 65443 162
20335 20419 199
14988 14902 209
28264 28175 228
16148 16199 191
48533 48484 190
39909 39821 213
40507 40440 213
54986 55073 216
95208 95295 253
16252 16252 67
3305 3252 137
95306 95372 284
28375 28304 259
51264 51212 234
190 248 128
42936 43003 195
69209 69173 175
70697 70681 281
14218 14211 121
4922 4961 210
79810 79869 245
17427 17376 204
21051 21024 225
5311 5380 192
79556 79632 201
9621 9693 185
61480 61572 255
58230 58251 229
21825 21831 132
31823 31789 223
16362 16340 160
44560 44604 164
17257 17178 235
81214 81274 214
86650 86648 152
84904 84863 227
41156 41070 213
8641 8594 172
52152 52076 278
99140 99153 297
17210 17194 173
66182 66176 162
32687 32622 192
19463 19452 168
1276 1270 84
80412 80472 245
68563 68490 206
66752 66775 131
50633 50561 203
35728 35764 143
84504 84450 289
56161 56112 198
73246 73209 175
28423 28511 197
93020 93013 178
9908 9830 242
65228 65184 193
93438 93453 222
96558 96589 191
22143 22236 207
39935 39890 306
65567 65554 131
51352 51364 309
23585 23588 101
8034 8061 190
509 477 142
48431 48431 84
78241 78238 201
14738 14774 196
68150 68191 312
35739 35792 156
40283 40266 213
48698 48657 190
77413 77371 201
33044 32961 267
46594 46628 177
86657 86728 196
67948 67891 206
85095 85060 227
43439 43389 226
51970 51914 247
13151 13104 214
39660 39673 169
94778 94834 191
98499 98435 235
32986 32919 161
38431 38454 231
83199 83188 227
92271 92334 253
82987 82943 289
98018 97975 191
94787 94825 191
85845 85839 152
21482 21578 194
8715 8643 203
7760 7814 221
15319 15238 178
61611 61596 211
42442 42511 257
74095 74192 263
4035 4016 114
1725 1683 180
12662 12578 263
23781 23825 220
67844 67858 113
78161 78170 170
85174 85230 196
57036 56973 198
48237 48245 190
59762 59677 242
2967 2985 142
32926 32918 161
11397 11461 175
92387 92390 59
43793 43806 164
56132 56182 198
70909 70824 219
14471 14538 209
76028 76013 201
61814 61895 211
79795 79894 307
50919 50986 203
657 603 145
56674 56664 242
86653 86681 183
15068 14991 271
84721 84727 152
27144 27133 259
90751 90850 271
47626 47551 221
25776 25811 171
60859 60920 211
59358 59390 242
32371 32366 192
19078 19125 199
33302 33391 236
34874 34929 174
50886 50891 110
55117 55172 185
28467 28450 153
25586 25497 215
99033 98945 284
6427 6379 200
91904 91982 209
12268 12209 188
95974 96038 253
79121 79203 307
84836 84895 227
55885 55935 185
99715 99681 266
68986 69011 175
48902 48917 190
61328 61283 211
91490 91509 178
30926 30903 210
63472 63393 224
45480 45431 208
23242 23203 176
55516 55529 260
23776 23820 220
17264 17310 173
58525 58492 273
11309 11377 206
76247 76306 219
18699 18689 186
70223 70241 206
73809 73719 294
92437 92506 284
15160 15174 178
35869 35835 249
91169 91188 178
57960 57967 198
57220 57133 198
31657 31714 285
52500 52490 141
42283 42372 226
66881 66914 162
78036 78089 170
33024 33038 192
66883 66841 175
88908 88885 134
14435 14398 196
73281 73251 219
54614 54563 247
78173 78260 201
88892 88810 209
29344 29324 153
47705 47729 221
63631 63646 224
49624 49569 296
17957 17909 248
53984 53906 216
67681 67632 268
34846 34846 112
5009 5106 179
86966 87033 209
82725 82800 214
65938 66012 193
3505 3452 181
75412 75358 232
37415 37376 231
19407 19492 199
54608 54622 247
69477 69527 188
33427 33379 236
55694 55767 260
73009 73018 219
81530 81513 201
60909 60840 211
15035 15071 271
86497 86425 271
25737 25648 233
36181 36164 187
49049 49133 190
65114 65024 206
25389 25481 202
45548 45483 208
14813 14743 209
87592 87627 240
57321 57406 198
25201 25254 189
56207 56282 304
88951 88988 240
51977 52072 278
43866 43796 226
45704 45774 239
25996 25932 202
94643 94654 178
18988 19071 199
4585 4516 184
90169 90207 209
88492 88439 196
57710 57689 198
62027 62111 224
3296 3388 181
61880 61814 211
83673 83584 289
7903 7990 252
49437 49535 265
88994 89007 165
5468 5399 161
59726 59805 198
20028 20018 212
24566 24602 233
19987 20001 181
23366 23450 251
10992 10942 268
64761 64705 255
27426 27465 184
58983 59073 273
83683 83751 258
85184 85171 196
66243 66219 162
18418 18365 186
17602 17572 248
75646 75604 188
19920 19833 274
55166 55244 229
26687 26685 184
5739 5724 174
96281 96285 191
2980 2912 217
46268 46274 164
8778 8794 172
40647 40655 244
27368 27312 184
27980 28071 197
97935 97886 191
73797 73873 232
47370 47419 190
77182 77143 232
5232 5259 179
55563 55502 260
2740 2763 173
66473 66569 268
72253 72263 188
11574 11603 206
32921 33011 192
47313 47255 252
89635 89580 196
40419 40509 213
40158 40177 138
39127 39132 182
8453 8526 203
38871 38909 244
82324 82398 196
97482 97421 178
33726 33644 205
4336 4308 171
63543 63504 149
75882 75861 263
14734 14786 209
36316 36250 187
36217 36223 42
66431 66391 237
97475 97456 160
68266 68311 206
66943 66934 237
15910 15933 253
86989 86965 209
22347 22401 269
43848 43877 195
22609 22624 132
20822 20786 225
11757 11772 175
11922 11984 250
15880 15843 222
51342 51283 234
75639 75626 170
47922 47930 190
6529 6456 200
88799 88822 209
92295 92287 178
86140 86106 227
16403 16341 191
48342 48414 190
75604 75627 188
10494 10491 105
24816 24742 264
16100 16093 72
62674 62663 149
27882 27932 259
99632 99674 266
15568 15604 222
48240 48296 190
9770 9760 136
37220 37178 262
88571 88542 240
59098 59059 273
19444 19443 168
92712 92634 191
36873 36942 231
90678 90695 209
96399 96336 297
82834 82744 227
34006 34006 86
79126 79134 307
85389 85359 152
51637 51558 190
67428 67372 237
97096 97140 191
74392 74390 188
46201 46212 208
95967 96057 253
17940 17867 248
38479 38507 169
68272 68302 206
24789 24780 189
94388 94482 209
88023 87943 271
22396 22476 207
98924 98961 173
23125 23198 207
3461 3425 150
86608 86662 183
94980 95027 222
30719 30705 254
75216 75286 232
24062 23987 189
87153 87214 227
93810 93787 147
24613 24698 264
22198 22237 207
99528 99579 204
52555 52599 216
68478 68474 312
26916 26876 246
82186 82256 214
13616 13572 183
75072 75059 232
30836 30850 166
23492 23429 251
67301 67397 237
1738 1767 180
45287 45281 133
22208 22133 207
87266 87262 134
44644 44728 270
11578 11641 206
96960 96940 253
92310 92270 178
41756 41765 138
15429 15488 209
39484 39399 244
79955 79994 245
33691 33748 205
9509 9537 198
81979 81912 289
19738 19656 212
57804 57781 198
26862 26861 140
87169 87144 209
15994 16002 191
60747 60748 180
97769 97740 222
8696 8730 203
86321 86375 196
96883 96948 253
51438 51504 234
58523 58443 273
72796 72880 263
36898 36941 231
6185 6126 262
79342 79375 152
27042 27011 91
44175 44105 195
19174 19162 155
62930 62953 180
8083 8132 190
36353 36379 249
58406 58343 242
88044 88085 333
61553 61483 255
45690 45631 208
75028 75100 232
73061 73155 294
54694 54653 185
19035 18980 199
47006 46917 252
41435 41351 226
41527 41534 112
96341 96401 297
58894 58917 136
50303 50247 234
52489 52511 278
68123 68115 162
93637 93558 222
1986 2028 157
26985 27003 215
80522 80619 214
55238 55219 167
63244 63292 193
74080 74031 263
38699 38646 213
8435 8410 203
89711 89621 240
62842 62853 149
71870 71888 188
28840 28825 228
62476 62389 255
7835 7888 177
58028 57997 180
94672 94588 315
4679 4609 184
6219 6198 156
30383 30420 210
74650 74735 232
98123 98046 222
83849 83798 227
20977 20951 163
33769 33695 205
87547 87560 165
