1 10 20
100 200 125
201 210 89
900 1000 174
1 1 1
1000000 1000000 153
1 1000000 476
320885 969602 476
2995 368215 443
458591 735048 470
605601 188906 470
502609 655924 470
848183 965211 476
4401 822072 470
282251 715500 470
972196 451383 476
344459 613091 470
900631 430384 470
432083 141584 449
370956 363128 392
101207 769303 470
649605 376760 470
804541 485837 470
585864 226602 470
702099 449474 470
912781 44633 476
857895 317813 470
707314 622617 442
968945 15759 476
419199 668402 470
304042 39362 443
734684 921422 476
531023 355841 470
517762 909170 468
424312 327186 449
71578 322107 443
811638 185762 470
260306 436688 449
729915 871533 468
961035 222047 476
796918 959437 476
192739 929439 476
356483 298128 441
157721 719146 470
610408 72604 470
716602 469057 470
742060 32708 470
655096 932294 476
122149 2943 354
189342 717627 470
121689 254579 443
687581 466919 470
213374 312410 443
341553 340371 304
412571 25383 449
705921 45172 470
483724 284513 449
968764 315138 476
963062 258151 476
574879 261632 470
533962 655562 452
993817 772105 476
130561 906576 470
609774 28525 470
727828 486572 470
553318 434500 470
872413 315834 470
594463 310139 470
656370 560244 447
428186 217009 449
213796 724252 470
597612 986237 476
54041 587191 470
736167 480774 470
530651 460577 470
3265 504419 449
933948 495547 476
185832 629577 470
310856 756305 470
996900 743172 476
936044 563783 476
9254 45894 324
979115 465722 476
503291 363995 449
734603 419688 470
593269 314259 470
847625 475473 470
936830 896531 476
285641 445308 449
84449 111151 354
946787 675732 476
630938 250487 470
290192 684160 470
316746 208269 443
542708 788529 468
813650 329535 470
561128 727645 447
31446 23392 308
658194 689523 398
388691 36715 443
193674 713616 470
926242 695391 476
792037 798791 468
107080 774003 470
482310 320927 449
802943 455665 470
141144 248326 443
962508 435198 476
829999 993422 476
837636 754194 468
329757 439880 449
567184 809044 468
213349 932278 476
301508 658409 470
862497 75656 470
980586 350268 476
743413 592756 447
264961 887063 470
589919 671746 447
925452 320141 476
228304 712454 470
257765 131773 443
303292 725653 470
228689 764831 470
327303 377342 441
231443 336732 407
791664 43906 470
774220 249170 470
565918 906059 468
220646 783047 470
222797 376327 443
460570 358557 449
255151 800508 470
280031 981254 476
411615 942538 476
814192 635110 468
419095 897091 470
597530 490852 470
585075 672188 447
182376 916592 476
844983 196770 470
885336 377301 470
712157 640658 442
33896 173590 383
688561 275829 470
455647 176416 449
839002 890694 432
132369 568647 470
481579 248059 449
679517 658704 398
126736 317512 443
756182 223266 470
964564 712607 476
737130 798974 468
547689 588832 434
75665 479126 449
705479 288444 470
682288 240643 470
161572 347880 443
520837 240011 470
318317 685852 470
604974 248789 470
730218 584593 447
480822 421619 444
326710 640886 470
128302 15370 354
839134 531040 468
17918 737642 470
670479 762138 442
904582 624006 468
449883 422566 418
153680 925422 476
879880 425773 470
226433 912116 476
210360 198830 373
166939 791848 470
389732 538574 470
964229 89188 476
986204 506185 476
652823 594680 447
375183 39133 443
906729 777335 468
223123 938830 476
265691 727008 470
21702 213245 383
881881 218393 470
510948 425028 444
387378 252785 441
100469 448236 449
753458 719907 424
839712 542867 468
850084 534897 468
476495 71283 449
21571 211557 383
193223 610203 470
883046 715076 468
255160 71745 443
44897 145097 375
39742 724228 470
444316 985867 476
446360 574930 470
711257 640474 442
384244 724113 470
491804 746985 470
663575 401459 470
594340 122243 470
180852 318478 443
823772 50175 470
263213 218950 443
602060 884222 468
624950 437787 470
256691 977919 476
937419 973943 458
187625 193366 360
816200 321187 470
287863 654689 470
739866 997582 476
822821 335847 470
608167 589010 403
789738 398189 470
698110 621450 442
522401 606186 452
575646 426224 470
367131 594750 470
753972 845233 468
20482 983429 476
220221 742159 470
555421 966747 476
313980 1260 443
717484 260529 470
732658 700244 411
803800 390116 470
975159 877979 476
515179 250879 470
865383 414775 470
797744 560934 468
887820 377133 470
904683 950602 476
278615 669016 470
557056 594133 434
383720 264424 441
730804 140994 470
102616 105534 341
378182 517813 470
578444 20144 470
980396 524276 476
150395 716431 470
684508 516859 452
41211 546904 470
263666 529429 470
321996 756772 470
325823 855699 470
295217 977938 476
843075 525947 468
580136 703844 447
427924 774889 470
664564 123551 470
580420 24500 470
932264 373063 476
364561 526642 470
382872 371213 423
17542 386171 443
421413 206336 449
652426 272932 470
33544 336159 443
305842 774957 470
772874 269454 470
14412 479873 449
543036 329386 470
426536 825478 470
950214 404575 476
16593 714894 470
438867 313671 449
357435 276369 441
186526 987288 476
522118 319584 470
649631 164950 470
112955 87870 354
440279 431564 400
11085 161091 383
248485 945166 476
81298 125028 354
843025 609984 468
595916 405259 470
292667 120099 443
26552 457730 449
726657 794989 468
86224 158896 383
309252 300228 371
928280 845208 476
154702 686572 470
844159 815939 450
296471 205054 443
733123 594794 447
441931 984736 476
183484 373869 443
915972 817161 476
190139 996632 476
153251 518755 470
692809 865840 468
587176 581693 434
35769 513230 470
35512 110978 354
703209 498614 470
505349 877553 470
3877 726618 470
852132 540349 468
292801 208878 443
620909 305995 470
180898 480478 449
850439 607212 468
686675 346762 470
317801 522326 470
804803 481904 470
444303 155780 449
922633 602887 476
170307 354245 443
400241 393389 405
131605 400188 443
275482 218725 443
327274 416681 449
533312 533599 377
440103 502769 444
801188 88987 470
847157 228565 470
415987 75808 449
10247 770325 470
263024 446721 449
908369 554715 468
260292 683910 470
700825 533023 452
167023 442021 449
734842 354453 470
287196 836850 470
834746 557352 468
780774 193439 470
518418 382116 470
849131 137704 470
858005 432955 470
643336 533937 452
734221 525245 452
234330 627177 470
149292 723244 470
29339 198107 383
39312 605707 470
38368 670747 470
23965 892239 470
771871 674393 468
474025 871986 470
81530 227592 386
59999 757555 470
822801 456054 470
189950 954867 476
877417 282856 470
497802 423872 444
934017 767826 476
848733 668224 468
104014 450398 449
907032 118841 470
225569 758457 470
452719 44062 449
778539 538649 468
780053 153390 470
470403 79872 449
112987 791844 470
316714 764630 470
483188 996489 476
742630 768965 468
912861 632344 476
787651 217376 470
496118 502289 426
733379 678860 442
298700 498646 449
780736 592276 468
573352 527827 452
706303 511395 470
773953 608385 468
735649 712127 411
504441 334416 449
754103 18716 470
474845 599010 470
810154 688492 468
587548 799272 468
507566 904050 470
218890 754911 470
369181 429348 449
784306 782842 331
23547 78837 351
248236 857448 470
21501 54602 340
523577 588548 452
275133 947324 476
571416 153762 470
821896 340644 470
58054 174741 383
787946 915980 476
852355 733016 468
126820 47578 354
690848 737983 442
716676 362838 470
7864 876952 470
286252 826235 470
119791 911925 476
48238 550976 470
748021 22049 470
68721 772309 470
547910 450640 470
531805 84569 470
88802 431895 449
470627 930702 476
244427 531023 470
326635 831641 470
413717 801585 470
402533 338274 441
893722 470257 470
243563 807206 470
759563 840341 468
279512 168740 443
873598 948850 476
784109 505780 470
395392 500605 449
266555 719706 470
707358 112437 470
210209 306690 443
856005 870786 388
216037 599718 470
757105 662452 442
212084 140729 383
676170 889657 468
123755 642176 470
166856 715394 470
781240 21711 470
342907 77368 443
838990 862792 419
748347 255904 470
624006 322492 470
51175 996610 476
768630 263277 470
986910 211953 476
698662 67630 470
211065 180982 373
924322 489177 476
385940 480164 449
259358 365543 441
276059 395381 441
653309 953572 476
272733 746772 470
82071 862723 470
31538 998874 476
821207 703016 468
823954 565546 468
622636 478627 470
877883 138786 470
879650 391082 470
381936 565108 470
552417 255568 470
58677 370841 443
113566 924569 476
295668 680838 470
493528 451594 444
75053 196034 383
421288 932366 476
609714 484509 470
155997 557352 470
38292 491444 449
752250 812557 468
308650 342158 384
809521 878126 450
225130 407838 443
59040 665419 470
787091 725272 468
4269 715869 470
344142 7817 443
32241 89249 351
596207 881646 468
691066 38302 470
439760 96441 449
590586 932707 476
175086 938805 476
808384 832315 450
268746 496180 449
525368 827407 468
951599 666837 476
179725 641703 470
741161 971401 476
234685 428427 449
548681 170241 470
59753 322633 443
367816 973055 476
348514 537739 470
658487 210726 470
582559 113282 470
147754 792142 470
241689 167444 443
871315 602698 468
533420 8439 470
455898 637057 470
108419 37788 354
533401 996939 476
645754 811169 468
387415 530792 470
430840 310247 449
425787 524657 470
323964 289609 384
471933 423743 444
739807 555327 447
462355 350137 449
410136 572818 470
487248 915285 476
837877 361814 470
779414 31598 470
75897 218335 386
345920 837062 470
523558 111069 470
537933 799626 468
543165 949402 476
774212 705587 468
295080 826061 470
930110 866386 476
97274 664646 470
999847 233038 476
757739 280713 470
333940 392704 441
513762 492846 470
893785 787887 468
967712 460931 476
185835 404963 443
671777 508283 470
495474 845030 470
494327 995717 476
521146 91482 470
251849 508527 449
733704 606832 447
595330 616374 447
621670 697114 442
444453 564289 470
121299 310190 443
54674 685304 470
325428 902025 470
801063 589236 468
668230 953916 476
739725 653148 442
863454 176372 470
762971 409233 470
1744 532459 470
225856 82635 386
618894 140336 470
507056 365445 449
977596 150859 476
945215 216046 476
275464 737174 470
908091 258014 470
332620 185962 443
255428 401432 441
989582 686829 476
315152 396161 441
651654 157907 470
41372 422369 449
910939 912553 401
303916 961839 476
323996 758847 470
691066 538886 452
240042 968091 476
587885 388884 470
416699 919579 476
329578 664190 470
687757 379021 470
594800 720415 447
715911 418195 470
946399 911514 445
672984 591868 447
352953 213837 443
819761 71505 470
750700 620429 442
257811 191799 443
468078 75730 449
52466 720205 470
579861 758153 447
597798 547383 434
173981 634542 470
871712 986874 476
946370 666858 476
470658 823949 470
296586 797889 470
924409 625346 476
915946 472222 476
969465 939723 414
628758 562319 447
926675 940461 445
103661 681071 470
366831 20969 443
34531 107012 354
812374 734304 468
614612 732368 447
440710 730002 470
823378 266427 470
350084 94734 443
176477 919117 476
564335 485198 470
191526 619615 470
302641 892123 470
690782 877547 468
176891 420190 449
722704 724445 380
43267 772881 470
702633 192101 470
654502 247203 470
107319 984802 476
638049 919833 476
71123 862303 470
186116 597543 470
363939 107588 443
72269 280650 443
51826 299268 443
350571 990601 476
73900 194264 383
439925 380390 449
416447 204229 449
952756 477142 476
23510 709900 470
336876 629740 470
806784 60962 470
384364 733318 470
896518 41393 470
212049 955788 476
904780 627960 468
444321 792118 470
257624 261477 345
878967 503134 470
115369 862695 470
292199 371220 441
664372 379571 470
771203 170158 470
890943 274268 470
17084 540040 470
402638 961815 476
698061 57681 470
325179 800136 470
108295 483088 449
821499 965654 476
704744 492515 470
178644 703533 470
288570 68032 443
650427 433653 470
90006 265012 443
837909 445947 470
978343 659294 476
499766 934206 476
117137 132334 344
223000 250301 443
592472 566369 434
517794 743698 452
789353 216307 470
317561 542702 470
217880 908180 470
422693 206477 449
559601 998541 476
342341 383592 441
21617 736803 470
175834 141164 383
937286 827213 476
521026 236391 470
137965 470287 449
264976 211787 443
737430 296110 470
424675 728087 470
117703 15589 354
82061 224940 386
509176 244565 449
996620 407670 476
19425 82436 351
455510 702554 470
786388 429229 470
360448 675503 470
468206 956009 476
671821 404477 470
365872 687174 470
890321 236122 470
108192 143559 375
790137 580172 468
76456 581510 470
552734 587766 434
703382 554280 447
73662 680803 470
114469 369505 443
661360 159240 470
896992 444732 470
83556 666192 470
389541 225006 443
239884 461709 449
826254 338688 470
702450 84114 470
711783 114917 470
415514 602616 470
725701 177510 470
669946 4166 470
371523 79086 443
951830 814832 476
964240 33197 476
970761 678006 476
276637 911664 476
661566 818541 468
197819 842239 470
325530 908723 470
43371 390310 443
949039 75435 476
816807 118569 470
614911 509211 470
609258 813360 468
614285 229638 470
653962 788902 468
675523 333289 470
210214 120075 383
168304 191540 365
118275 989976 476
648030 827818 468
540312 305853 470
289418 988103 476
241208 371256 441
941107 298594 476
515304 895767 468
806823 940099 476
926576 290567 476
342890 998297 476
284990 685794 470
425039 727070 470
855755 915357 476
215529 433514 449
686405 797740 468
762443 216733 470
560212 946969 476
951819 546411 476
788326 740039 468
345497 668229 470
154252 776099 470
6478 47225 324
431922 101214 449
49660 562464 470
491396 678134 470
671129 642169 429
668810 612808 447
133027 240763 443
786160 147260 470
355401 82462 443
66704 604316 470
419921 65862 449
477570 61063 449
740830 240460 470
94122 739444 470
366403 278075 441
203649 68400 383
688007 772817 468
313066 374167 441
462530 46491 449
374744 507530 449
154145 94075 375
20500 504251 449
397634 399043 374
254885 231304 381
59427 500715 449
865173 791898 468
993633 71459 476
407035 605349 470
365048 515962 470
157492 625279 470
235343 243332 368
505281 34561 449
104731 679083 470
64654 115975 354
369004 451472 449
85037 717239 470
421794 417477 343
512659 737303 452
468244 710044 470
763963 440226 470
790675 291084 470
354943 810567 470
660831 259761 470
905728 565432 468
505900 132028 449
518191 571992 452
516972 793598 468
5658 173037 383
924472 946759 445
68191 649172 470
84260 284441 443
375097 945010 476
91630 741457 470
236565 208174 443
744282 937403 476
300609 470135 449
320481 596676 470
513167 191214 470
178014 87135 383
379488 343594 441
157655 324246 443
420359 87559 449
951750 835923 476
64846 584724 470
969758 819462 476
705152 768681 468
759070 96075 470
828123 414556 470
308697 289143 371
742762 369009 470
895905 849649 432
256183 972064 476
90119 102954 341
964660 202026 476
581344 753492 447
121459 677914 470
703033 284430 470
245388 558357 470
658654 520555 452
774288 143230 470
870594 945762 476
283616 253007 407
745743 924322 476
132839 24104 354
679632 346529 470
205940 934179 476
771831 352391 470
844456 260640 470
196506 552694 470
956137 279275 476
626889 874143 468
619138 642101 416
354691 465655 449
469646 518307 470
984188 644821 476
152781 569497 470
408879 507150 449
500573 466048 426
779418 114088 470
85110 838186 470
766489 868685 468
700674 385091 470
14518 246658 443
64903 598917 470
54886 679440 470
482187 280528 449
256245 369052 441
883995 315636 470
385044 682036 470
383511 538421 470
454870 760588 470
452427 732170 470
891736 933186 476
578732 349975 470
335704 165474 443
604256 993044 476
746504 254092 470
159198 740177 470
86887 401412 443
747900 54608 470
616558 88799 470
174032 968618 476
130646 349202 443
225690 266799 443
989854 745031 476
765852 372047 470
234208 434520 449
621406 630014 385
198890 527578 470
548400 660993 447
376483 709793 470
257510 682488 470
583627 509002 470
51272 794640 470
440694 324409 449
4631 346509 443
927896 520752 476
12896 568682 470
14838 589264 470
620273 84538 470
142051 330851 443
825628 981432 476
4086 42039 324
399491 1207 443
232718 394175 441
401147 753144 470
713165 560113 447
196528 206124 355
295186 180430 443
928752 80777 476
779017 195169 470
880806 76880 470
765663 614843 447
856389 807807 450
765886 308078 470
932142 935026 414
240483 366356 441
772282 620727 468
812020 282774 470
858271 24201 470
942344 572300 476
219686 85478 386
675687 357789 470
706218 384484 470
23130 410244 449
845418 203990 470
214306 405048 443
428608 477766 444
314953 139365 443
15121 865108 470
421983 177201 449
543332 791300 468
548633 521561 452
738776 627344 442
129185 622482 470
865425 343518 470
860519 619716 468
712966 823827 468
116417 777234 470
988437 348438 476
60250 503261 449
106157 182926 383
411967 782524 470
370 593959 470
653545 124961 470
712822 786342 468
943489 424773 476
901184 836273 432
297257 899434 470
470742 102716 449
173784 37448 383
343042 746965 470
285887 854392 470
149227 429792 449
516650 319664 470
373580 5638 443
972515 562680 476
240424 781514 470
754089 879929 468
265779 281633 389
921857 710092 476
810838 498732 470
530544 580957 452
333399 378869 441
776693 293562 470
504893 716630 470
255729 861248 470
996480 858944 476
765813 215747 470
34333 430543 449
43476 277515 443
238124 35238 443
187842 712260 470
548986 508568 470
615451 917062 476
325268 630619 470
636930 92838 470
148769 639392 470
536958 487202 470
752737 170852 470
41711 240010 443
316929 31765 443
297386 862036 470
395754 672230 470
960585 889623 476
218486 21416 386
419094 949326 476
843998 884694 432
156979 732342 470
869773 274160 470
401562 704727 470
299401 784042 470
819312 316579 470
445750 163931 449
331142 938445 476
174721 982826 476
150052 701234 470
573846 492216 470
565310 776176 468
303258 143162 443
393324 218615 443
362249 164226 443
273217 301976 389
366583 203309 443
862061 787573 468
278314 770346 470
689232 979056 476
176302 743038 470
87335 553099 470
77449 181716 383
942740 215204 476
447786 832806 470
88101 935186 476
864455 173249 470
689464 665555 398
754220 409511 470
582771 157518 470
304195 969011 476
320548 796689 470
794396 111342 470
281578 692892 470
540518 679845 452
95809 662460 470
154262 193393 383
1 1000000 476
