1 10 20
100 200 125
201 210 89
900 1000 174
32688 404050 443
236594 220020 443
910215 576896 525
189510 565524 470
745829 356232 470
439630 206696 449
775036 444241 470
280811 715599 470
434972 650968 470
714557 555937 447
544605 6143 470
854074 672249 525
868089 435234 525
153724 391330 443
146350 915353 525
191998 968332 525
287443 468160 449
209619 989185 525
216834 587304 470
672128 505555 470
139365 484005 449
328477 225619 443
800168 141004 470
444901 809889 470
635470 682872 429
216360 243176 443
69797 895977 525
761637 13501 470
948399 409704 525
87381 999148 525
457569 25645 449
887111 60634 525
39941 295488 443
41560 21306 324
984205 318914 525
46909 555754 470
20649 999818 525
758135 923000 525
915545 630214 525
412120 680008 470
753194 953055 525
173623 883249 525
922224 719295 525
500603 95773 449
176420 348672 443
642695 79718 470
290597 965686 525
443669 228401 449
266918 20460 443
709242 642297 442
994880 519313 525
908662 89416 525
179793 270004 443
197938 344660 443
33354 709652 470
316919 685371 470
12805 529581 470
876542 946837 476
165634 897276 525
801018 953703 525
317380 297943 384
913615 344061 525
141702 273620 443
345984 377239 423
300217 506928 449
650540 361234 470
907822 231171 525
914472 511639 525
969830 145936 525
198239 417027 449
760998 734111 424
718335 6586 470
595530 397284 470
120618 512418 470
164776 593739 470
408595 398842 414
85285 419619 449
947332 918750 476
237880 784738 470
719127 90113 470
899721 438112 525
214095 124280 383
449343 688497 470
305459 283833 398
48723 576713 470
962604 839059 476
719852 969258 525
259523 961025 525
596228 343861 470
952840 6742 525
923809 595015 525
832548 598817 468
944212 961031 423
349073 291806 441
433825 115716 449
980593 364764 525
868223 841325 428
669079 711267 442
143413 691436 470
187459 498076 449
64312 646920 470
963379 788122 525
696708 870026 525
770426 912959 525
486446 711097 470
248683 264048 407
260530 246649 363
573761 612149 434
546862 26371 470
323934 143034 443
388008 959448 525
245461 808412 470
644694 436750 470
52757 365337 443
719351 110847 470
884002 133019 525
645353 852842 525
122957 848706 525
260037 550807 470
927972 438268 525
762089 251289 470
373624 693161 470
163827 712967 470
173464 99231 383
864110 789152 525
417594 853537 525
807276 433634 470
472152 714310 470
551823 797882 468
751986 140540 470
134164 372808 443
595051 190032 470
816714 968903 525
294933 486252 449
761881 232716 470
611037 41317 470
846984 690513 525
990172 736135 525
164666 965729 525
8603 585622 470
995809 579704 525
518005 970047 525
680335 229553 470
294694 799609 470
268620 583254 470
512003 436361 470
411078 904781 525
737026 524563 452
305954 318983 384
828107 749068 468
210903 11836 383
743394 720388 424
171031 57203 383
745179 314362 470
126118 52284 354
315430 253973 416
34309 90323 351
84386 968210 525
430276 659824 470
292058 59645 443
796601 435424 470
50756 961608 525
258995 506853 449
676306 586213 447
241267 457849 449
10404 778065 470
977848 60601 525
674529 401635 470
369906 276325 441
731509 259316 470
325901 853923 525
634142 818770 468
851359 239480 525
250747 257896 363
767742 713757 424
624381 234990 470
427897 424857 374
393954 690631 470
813039 607094 468
169350 859527 525
74896 733620 470
91840 637426 470
278333 459020 449
447741 158789 449
943976 281550 525
728602 1906 470
675956 346414 470
660862 277560 470
805902 50246 470
592774 34526 470
497072 742726 470
211958 895268 525
118062 648705 470
808830 922235 525
724815 476505 470
29968 614817 470
135068 593935 470
921341 266563 525
16862 801430 470
292343 505965 449
495232 668771 470
917226 992898 476
593576 975812 525
496708 281325 449
26467 129261 354
306555 294402 371
730834 960228 525
903278 561238 525
526769 490785 470
158493 72247 383
976138 196360 525
481460 63613 449
375705 976070 525
251260 117862 443
888576 709931 525
515258 522259 439
137929 36377 354
152133 729977 470
657554 841750 525
857485 849230 428
498405 34144 449
763977 144548 470
427318 113888 449
732926 256733 470
867078 596157 525
486168 784128 470
224854 36766 386
972302 21060 525
671384 141623 470
462812 650293 470
890873 931214 476
922304 900221 476
748904 497207 470
569254 572598 377
250303 787990 470
105014 714094 470
838980 256387 525
947768 179353 525
269114 165089 443
507092 169458 449
370009 600895 470
143688 873073 525
637728 832412 468
517051 911031 525
237204 213153 443
62149 853057 525
878635 270167 525
595637 596590 372
740747 490757 470
525010 95820 470
186239 697834 470
381103 613290 470
603449 816854 468
160148 614196 470
445993 139705 449
225418 264814 443
286079 463192 449
81657 377189 443
289609 528334 470
735303 800337 468
957812 63621 525
165077 985677 525
694043 984373 525
318972 306672 384
218046 425727 449
499748 378102 449
505525 523274 470
721268 776233 468
556515 256460 470
918270 141868 525
660617 952211 525
171624 963024 525
604884 846725 525
716562 668925 442
503348 888972 525
430178 192577 449
967424 789610 525
198683 391088 443
628932 638023 416
148467 633347 470
918072 658993 525
969676 215991 525
589205 538437 452
203040 116307 383
307991 213837 443
720253 930901 525
571580 891366 525
980235 547693 525
491741 412317 444
248047 456186 449
489344 466779 422
933724 972536 458
732021 499677 470
579686 751071 447
511756 300204 449
680050 559224 447
669352 929105 525
388851 476002 449
693012 132849 470
130193 346489 443
646453 276443 470
655085 466007 470
849396 760902 525
178652 512389 470
43204 815398 470
176097 912499 525
145917 845141 525
506595 453012 444
891019 867035 432
680640 319891 470
664360 832135 468
990842 430739 525
660146 552294 447
239900 584694 470
567072 790423 468
641028 549186 447
72156 925739 525
806054 49306 470
241120 320882 416
725265 707316 420
243622 702758 470
771291 448009 470
699177 513912 452
977811 93942 525
193133 704149 470
174834 580969 470
311619 635427 470
120961 653135 470
256416 163266 443
711074 444643 470
141488 389187 443
305990 202532 443
652018 411360 470
877932 795687 525
122135 621494 470
114150 787907 470
295172 921236 525
692463 465495 470
78507 559928 470
577879 377812 470
145134 115341 375
668034 220828 470
91976 922284 525
679268 380168 470
996106 920260 476
898745 698176 525
397823 458831 449
445604 758605 470
69200 105487 351
91157 740966 470
852583 853575 357
11893 623046 470
158047 747018 470
122547 429428 449
801331 513400 468
916189 199583 525
245647 738221 470
199229 822482 470
49636 894213 525
504027 592463 470
244926 376266 441
703968 415387 470
224806 578406 470
984466 114170 525
679036 508168 470
985507 874473 476
844223 658203 525
386082 882926 525
842922 337231 525
177249 224619 386
328142 371481 441
57168 182144 383
995929 442673 525
351146 608243 470
931904 633268 525
475736 433470 444
736199 531815 452
725602 31590 470
823711 249349 470
984651 117197 525
945961 561889 525
665911 446801 470
130354 328991 443
78604 350905 443
759237 514493 452
195819 68806 383
390874 535067 470
864886 607596 525
592977 407520 470
225112 89803 386
904654 799083 525
267453 431219 449
817607 474720 470
670376 802712 468
445100 257524 449
510984 909800 525
746417 18732 470
194332 955438 525
432427 651184 470
775964 534379 468
279556 298029 398
79656 274461 443
462891 529907 470
70397 496578 449
703196 447260 470
765759 226029 470
22438 807733 470
221944 338456 443
393090 486331 449
61318 255855 443
238794 947031 525
293672 522080 470
105960 602426 470
753943 25468 470
434373 726301 470
164248 980100 525
101237 587724 470
397536 279631 441
527894 849506 525
302659 942646 525
901866 46102 525
25104 815435 470
932143 80900 525
264330 927862 525
807662 223343 470
294048 58823 443
376919 330809 441
600258 206423 470
627065 803899 468
688005 492690 470
574220 820579 468
558316 611111 434
43817 359097 443
34458 88251 351
514624 523650 439
928334 62878 525
60886 428940 449
321100 796954 470
895877 610697 525
450829 600313 470
965525 466887 525
320862 889407 525
665064 382383 470
714505 252805 470
887194 324458 525
106803 986743 525
306548 362592 441
435890 932778 525
849175 596782 525
46452 888987 525
699616 262355 470
617524 152873 470
617477 788077 468
673822 815377 468
918365 669668 525
85862 958552 525
862597 712869 525
937682 919839 476
265057 337633 416
842585 508270 525
578948 133125 470
385299 947413 525
890507 706626 525
60876 472616 449
855553 953970 476
679457 261479 470
425231 737648 470
572743 857942 525
875022 737039 525
874288 620945 525
394920 247436 441
95512 258889 443
829971 32117 470
647808 491074 470
695649 51225 470
511956 390208 470
205797 987027 525
832056 230148 470
259551 896143 525
180846 85070 383
701408 455678 470
136801 508499 449
195607 359760 443
290172 487163 449
311210 853056 525
805372 367111 470
538572 553804 452
447746 972170 525
939996 437407 525
415156 212516 449
710275 652524 442
148972 179334 383
649316 299771 470
69428 251556 443
647731 623283 425
683313 614691 447
215765 402413 443
110116 427074 449
728180 71624 470
470871 451484 444
209056 271961 443
287795 37800 443
898741 329137 525
269133 483083 449
252841 204479 443
328621 336820 366
568586 63029 470
814028 457035 470
328798 535653 470
352207 512748 470
445520 211260 449
738772 980028 525
86032 42678 351
754569 764598 380
39394 77494 351
314620 662226 470
70107 701365 470
182607 481140 449
851325 497644 525
797698 228752 470
703241 506251 470
433572 524754 470
872337 116710 525
147795 103837 375
892737 88329 525
16169 176553 383
485976 21001 449
450421 394434 449
322595 525600 470
554954 344122 470
237806 980415 525
667623 804788 468
498847 376122 449
188974 521752 470
363895 640932 470
659173 552744 447
193676 756801 470
169637 503570 449
714719 302717 470
262520 797770 470
508245 276379 449
460063 579885 470
681111 675847 385
295217 471286 449
924218 586369 525
718331 779803 468
339266 703339 470
211518 538762 470
955760 682022 525
892167 57588 525
944342 342616 525
196295 251743 443
332224 269336 416
470349 492707 426
436339 646646 470
215464 522153 470
784823 8015 470
158435 224020 386
527003 394547 470
842021 604041 525
547863 338879 470
852255 685859 525
608383 250573 470
400674 884598 525
13793 823725 470
881377 197693 525
814804 781459 468
243369 889346 525
707546 76461 470
971709 477322 525
210902 615860 470
14711 794691 470
744614 992147 525
108365 803194 470
307958 475017 449
868588 758977 525
709316 89127 470
886058 925354 476
645341 73094 470
767865 78680 470
990187 454324 525
908201 116334 525
231441 990378 525
700991 86408 470
595028 518970 452
599779 630313 447
967225 282007 525
414651 705706 470
944475 765884 525
371685 286231 441
154423 245299 443
810797 607356 468
84780 604749 470
70265 627139 470
654470 359510 470
6413 481190 449
399191 233737 441
552423 954030 525
207719 407198 443
63051 737911 470
132326 440575 449
151079 268987 443
169586 814119 470
533819 859336 525
486051 772953 470
114893 827935 470
591971 889562 525
145550 111628 375
287956 627449 470
789198 480721 470
685128 720794 442
937563 61813 525
69212 838047 525
761236 375693 470
517087 124348 470
622206 388142 470
860604 893942 432
787995 397145 470
611837 109210 470
117171 244383 443
87026 349311 443
535536 541655 417
455070 898518 525
795079 838683 525
879772 324949 525
672857 311445 470
857651 830338 525
516076 758048 452
169855 988705 525
893002 469584 525
46805 181725 383
451353 867235 525
836919 102469 470
434385 923413 525
343142 659795 470
350217 462392 449
498516 492058 426
731272 272111 470
959489 651990 525
734553 185566 470
755739 19881 470
949920 71869 525
880128 713432 525
375383 231693 441
994210 751595 525
234951 333606 416
610731 303554 470
640444 115875 470
534948 484576 470
959141 699965 525
986927 972685 427
469400 900953 525
79605 733747 470
290589 229722 443
494752 110885 449
948761 711268 525
352844 345440 441
221597 998069 525
104315 88710 341
211945 881671 525
714098 689009 442
582211 241485 470
553172 307945 470
121506 429404 449
475019 999011 525
181120 30408 383
363990 515731 470
953332 344794 525
993891 903214 476
210472 121224 383
948189 956352 414
979894 876747 476
525803 501716 470
254028 181034 443
497474 891269 525
98135 878303 525
345090 705703 470
60130 463965 449
743653 343892 470
131457 34908 354
833402 392813 470
236950 653914 470
422103 239489 449
878220 157971 525
598941 327704 470
477444 207830 449
373101 417685 449
569251 449554 470
593369 373158 470
738619 587834 447
567093 206061 470
943285 328221 525
58835 35457 340
769511 82985 470
405331 396045 387
617776 544916 452
327442 165947 443
664763 634075 429
635577 5829 470
773243 893824 525
869373 562413 525
921732 902144 476
76987 17908 340
187613 88468 383
416906 775153 470
443079 253973 449
227463 687842 470
188755 244746 443
687082 211716 470
936938 256436 525
795475 304422 470
551466 816926 468
776960 971045 525
797459 730104 468
481433 847490 525
267765 193524 443
197210 354512 443
869834 829406 525
232787 521549 470
670628 278234 470
354321 645203 470
925175 501933 525
150204 788110 470
690585 748143 442
104098 515653 470
985272 812656 525
439926 221233 449
877423 39563 525
37441 350529 443
52454 77175 351
455044 940507 525
664260 617554 429
155872 241204 443
517920 144016 470
82887 460202 449
792962 879874 525
281764 958458 525
411220 385884 449
903540 585908 525
306364 984658 525
93683 698261 470
640126 730957 442
690536 419573 470
384002 763303 470
706516 321326 470
262095 132488 443
126591 306863 443
547054 420599 470
549148 290607 470
587368 966635 525
630963 596403 447
49241 933738 525
329087 630358 470
369418 436982 449
862248 381228 525
86633 73833 351
902383 594405 525
882623 252778 525
712901 872366 525
503203 2174 449
912570 220260 525
585970 491384 470
828567 150014 470
619044 234042 470
742308 268169 470
765822 410288 470
300513 899801 525
221096 909320 525
774070 813844 468
95081 527022 470
560715 151066 470
27259 901967 525
33950 458874 449
225844 227588 368
314326 359337 441
609869 344559 470
897938 956409 476
944823 751299 525
586265 132990 470
875197 94547 525
630324 943944 525
165750 623907 470
341051 166939 443
194723 764973 470
250839 314917 416
658094 707688 442
749092 198732 470
243860 98316 443
948728 468505 525
583586 505041 470
874528 54514 525
720629 796561 468
558478 80963 470
511711 853463 525
737747 622153 442
411277 201969 449
587179 916545 525
629541 889264 525
396598 98852 443
779049 461665 470
479280 433887 444
248841 424829 449
116499 489483 449
122006 316749 443
773942 365379 470
338991 327797 366
480465 794736 470
646471 781396 468
273388 14128 443
44545 958702 525
364523 30976 443
196015 237113 443
647295 544611 452
269516 512731 470
488246 313497 449
842919 586206 525
36483 58581 340
404941 522698 470
173924 475900 449
523322 696995 452
491866 766976 470
53851 128648 354
231437 128230 443
493746 3895 449
247218 59773 443
111277 147951 375
176247 745352 470
77775 95171 338
91692 241756 443
792985 341596 470
52699 91075 351
722445 849288 525
176551 275547 443
184213 87943 383
310829 388515 441
446690 934361 525
983959 133384 525
813690 432519 470
821461 22420 470
202404 143884 383
654109 1412 470
140508 225762 386
921923 121573 525
946353 68984 525
572092 525998 452
499851 679987 470
463656 530461 470
904640 247978 525
269720 322737 416
236529 652359 470
295963 915590 525
195413 618634 470
630790 467528 470
399073 679936 470
306277 17474 443
272364 759126 470
480024 910820 525
149554 121213 375
627430 250679 470
306465 413244 449
645532 122358 470
844370 14033 525
906197 742469 525
776358 481789 470
404163 946653 525
529357 851350 525
1582 461283 449
95660 837952 525
5367 827999 470
357620 776028 470
213027 139024 383
355005 722124 470
383024 46540 443
341212 537053 470
289181 663785 470
317559 599794 470
407646 647452 470
324224 401232 441
685356 356153 470
358782 770702 470
890023 251231 525
916337 594281 525
10194 296271 443
853384 255398 525
77057 682811 470
135784 932390 525
393201 16267 443
363453 146146 443
887408 372328 525
159681 370555 443
497273 857957 525
561116 174263 470
651330 35382 470
395222 887859 525
975119 821457 525
552546 710095 447
268070 103749 443
479461 502589 426
841646 431332 525
321136 356402 441
835146 939890 525
421877 629568 470
18899 815954 470
5121 914637 525
43762 352027 443
417441 65286 449
328508 139470 443
313891 226720 443
96940 492787 449
994622 376503 525
999808 864598 476
635639 329578 470
368029 80987 443
687265 21892 470
33599 622526 470
894397 98702 525
310768 981367 525
512691 369564 470
415379 962183 525
395188 321461 441
517001 575584 452
338872 464040 449
136398 355736 443
643099 202343 470
870481 144677 525
856168 57794 525
625764 464193 470
778689 34513 470
572192 553578 421
862089 392325 525
621846 451867 470
426884 761140 470
278826 50380 443
322968 113735 443
771158 102221 470
386421 731613 470
612025 81747 470
355201 578104 470
430857 253588 449
472082 492377 422
189507 274222 443
998277 767536 525
499996 106873 449
468648 146163 449
240474 669949 470
7424 916380 525
248164 597254 470
361560 488015 449
126587 649926 470
996065 506953 525
648868 847170 525
87877 624884 470
87314 241079 443
530626 565047 452
183090 61498 383
550118 684829 447
548602 486920 470
324458 285336 398
995876 824548 525
464868 420550 444
840185 105832 525
51970 256769 443
358681 439153 449
237515 984500 525
286127 495092 449
606543 725426 447
952693 213833 525
551939 271297 470
207856 667891 470
952180 744819 525
733915 348194 470
193899 695374 470
903659 941650 476
217006 752964 470
300554 19347 443
971626 276870 525
724239 749893 424
940150 631669 525
367910 358149 419
654307 22413 470
817581 83436 470
698251 859311 525
702645 73872 470
472397 102388 449
310677 909219 525
500333 353204 449
458564 3245 449
431221 195705 449
292287 751478 470
228416 312022 443
749613 280722 470
588770 817125 468
753959 14087 470
539139 598954 452
794914 490303 470
481778 131257 449
628149 557297 447
911299 616832 525
896195 154896 525
860462 916759 476
