89384 30887 351
92778 36916 351
47794 38336 314
85387 60493 351
16650 41422 324
2363 90028 351
68691 20060 340
97764 13927 351
80541 83427 320
89173 55737 351
5212 95369 351
2568 56430 340
65783 21531 340
22863 65124 340
74068 3136 340
13930 79803 351
34023 23059 308
33070 98168 351
61394 18457 340
75012 78043 351
76230 77374 351
84422 44920 351
13785 98538 351
75199 94325 351
98316 64371 351
66414 3527 340
76092 68981 325
59957 41874 340
6863 99171 351
6997 97282 351
2306 20926 279
77085 36328 351
60337 26506 340
50847 21730 324
61314 25858 340
16125 53896 340
19583 546 279
98815 33368 351
15435 90365 351
44044 13751 324
71088 26809 340
17277 47179 324
95789 93585 328
5404 2652 238
92755 12400 351
99933 95061 328
49677 93369 351
47740 10013 324
36227 98587 351
48095 97540 351
40796 80571 351
51435 60379 340
97468 66602 351
10098 12903 268
73318 70493 325
26653 60757 340
97302 60281 351
24287 9442 282
53866 29690 340
28445 46620 324
58441 44730 340
58032 8118 340
38098 5772 324
34482 90676 351
20710 98928 351
4568 77857 351
79498 72354 351
54587 76966 335
55307 64684 335
6220 28625 308
51529 32872 324
5733 48830 324
9504 30020 308
58271 63369 335
59709 86716 351
26341 18150 282
47797 724 324
42619 2246 324
22847 93452 351
92922 43556 351
92380 97489 328
37765 88229 351
69842 92351 351
65194 41501 340
57035 87765 351
70125 24915 340
36988 75857 340
73744 46492 340
22228 48366 324
9860 81937 351
51433 52552 340
16438 99229 351
53276 75408 335
1475 76122 340
68859 94396 351
36030 61238 340
8236 73794 340
65819 94429 351
66144 31012 340
35929 39530 306
18777 22405 274
64444 55764 335
14614 54539 340
18607 36841 324
2905 44819 324
35129 70689 340
97370 67918 351
69918 66997 312
43325 87744 351
59471 12184 340
98491 95500 297
89773 6726 351
85645 55591 351
17506 68140 340
2955 69787 340
7670 38083 324
8543 88465 351
10198 39508 324
59356 28805 340
76349 78612 351
73623 27829 340
49300 87344 351
95747 35569 351
54341 55423 260
23312 13811 279
67606 21802 340
25662 73731 340
44879 11306 324
29321 78737 351
79445 48627 351
48523 3466 324
86709 73417 351
8283 13259 276
12925 67638 340
42063 5625 324
62601 32037 340
33453 11900 308
19380 45551 324
47469 90072 351
974 87132 351
3882 84931 351
8934 45895 324
58661 70164 335
57200 87982 351
48900 52997 340
52960 13774 340
72814 39669 340
87191 81096 333
52927 16467 340
65085 11341 340
22091 27685 308
43377 55543 340
55937 79108 351
17446 19757 279
69180 18419 340
6888 89413 351
3349 32173 308
51660 62010 340
2337 25211 282
66343 67588 281
78207 19302 351
97714 67373 351
75322 1256 340
64820 44600 340
17722 29905 308
55940 39812 340
73941 15668 340
11706 46229 324
11128 29151 308
65985 96659 351
63921 89225 351
2423 67270 340
21397 54082 340
45631 40085 314
79293 11973 351
7673 73851 340
47626 5386 324
41223 39300 306
6641 6043 262
83899 40714 351
52299 56191 340
80525 42591 351
88210 8582 351
88820 99337 333
37733 71156 340
95995 18005 351
60380 14770 340
85274 81777 320
68851 47256 340
21861 48143 324
75580 45885 340
21994 23206 269
67622 79568 351
62505 90614 351
1962 62755 340
31327 54260 340
18945 28203 308
13203 23507 279
36785 2022 324
22843 90869 351
89529 35190 351
8873 49909 324
49959 10499 324
48037 18809 324
57754 86249 351
83304 33334 351
32134 21649 308
72891 99755 351
17568 51747 324
90369 19530 351
14501 38047 324
73789 49798 340
66250 86991 351
73304 3034 340
5364 12498 268
10254 94893 351
47687 19126 324
61153 13997 340
45976 9189 324
49158 3730 324
95437 32461 351
53415 43922 340
70461 26305 340
60029 88028 351
78051 66749 351
7557 8903 252
4795 97698 351
58700 71044 335
1040 32003 308
90429 6404 351
44501 682 324
17648 8539 279
36160 95152 351
22536 82135 351
4340 71693 340
2216 16128 276
20505 55630 340
60050 90965 351
98286 36430 351
95344 76336 351
3178 2901 217
85239 7972 351
16950 60290 340
95368 17989 351
92293 85796 333
40744 53145 340
2830 58391 340
61683 55341 335
53542 570 340
53827 74233 335
72262 56043 335
90361 9118 351
28024 66762 340
82 26310 282
3191 95426 351
18997 6368 279
14678 4235 276
30691 31627 285
64525 26058 340
49615 73169 340
28206 90359 351
26313 47387 324
65101 4347 340
2727 34995 311
4917 56553 340
25579 93530 351
28947 32291 285
2648 56971 340
99052 19081 351
99632 18594 351
30858 18628 308
41313 61887 340
39215 88356 351
93513 20091 351
14413 59480 340
9611 58970 340
66190 52275 340
6356 47642 324
56621 25434 340
98988 77889 338
98339 24567 351
87771 27285 351
56857 90418 351
607 72261 340
25850 238 282
7206 73060 340
35218 48519 324
34946 90784 351
36874 28459 324
10874 67638 340
4290 20484 279
26608 70479 340
72758 49315 340
34472 45730 324
91101 33460 351
23619 89439 351
58026 11389 340
33075 31234 285
18158 33682 308
3494 60359 340
50271 10700 324
33418 1840 308
75570 68364 325
92623 28795 351
13174 19848 279
96432 17463 351
56683 39391 340
4293 45792 324
5058 55116 340
91522 96158 328
88575 31492 351
1948 62952 340
59232 35022 340
10538 93741 351
85055 14031 351
54099 35326 340
41082 87517 351
53517 33003 340
72232 46140 340
61797 85405 351
82339 74581 351
19219 39022 324
13971 39863 324
84813 35380 351
94978 92686 315
31537 99905 351
24177 33484 308
79208 99760 333
84858 89745 333
93500 69912 351
20128 63951 340
5237 77561 351
67819 75106 325
10564 40050 324
21245 88712 351
41806 19935 324
63292 77376 351
58956 93615 351
33590 43769 324
28994 44919 324
52806 76883 335
44823 76983 340
26718 24031 308
93094 11575 351
30127 86594 351
81487 50254 351
50544 3075 324
27815 34714 311
78180 38378 351
74763 15776 340
27089 32920 285
35711 6733 324
10295 11018 268
347 60236 340
71138 45692 340
5154 23944 282
22574 66329 340
926 49292 324
6711 94019 351
77218 36837 351
96964 75056 351
87091 63859 351
78131 14905 351
98572 72662 351
69634 89686 351
4790 13074 268
22605 56852 340
19806 49251 324
67869 36504 340
9486 39007 324
82196 14640 351
62950 21121 340
80968 80227 289
86764 87678 333
90597 63982 351
40866 87561 351
39037 27956 324
67771 33519 340
59212 66343 335
22533 45197 324
72380 27322 340
58271 94985 351
84173 94428 333
44235 52041 314
47284 70073 340
7399 45831 324
1064 70348 340
66951 82031 351
50574 53715 340
86060 57523 351
34048 26925 285
45083 89436 351
71233 29205 340
22955 30444 308
11899 45487 324
75641 84279 351
89160 50263 351
79263 89684 333
61042 39849 340
41724 8325 324
26273 49123 324
54155 27336 340
35822 37458 262
9366 2748 262
91172 11777 351
60270 25219 340
38702 21704 324
14654 9934 276
50908 53960 340
56729 62807 335
15798 48721 324
47085 21309 324
15335 42699 324
10992 76377 340
98899 52716 351
1053 25172 282
18190 71560 340
52507 54011 340
9017 78225 351
73110 16540 340
90001 33379 351
58110 45054 340
55082 89115 351
71339 5990 340
59427 28068 340
85148 75224 351
76788 32232 340
96533 92123 328
91282 23876 351
84851 90180 333
76591 2255 340
15351 11132 276
73814 67858 325
81495 99182 333
46082 54604 340
15721 52434 324
87983 90182 333
97488 59416 351
79297 68826 351
65405 38723 340
96893 50552 351
30298 90033 351
99135 43182 351
98507 90416 333
67058 99709 351
80596 60000 351
1963 12298 268
87484 75777 351
80155 68978 351
91310 42588 351
39933 23383 324
95022 44267 351
13564 8861 276
3683 9212 262
77686 69087 351
64286 90931 351
35991 94584 351
97315 51477 351
54117 95821 351
41893 37526 306
95529 38840 351
97526 97491 178
51137 1361 324
89619 47644 351
70338 80929 351
6583 26622 282
4311 17956 279
70889 34226 340
26816 74571 340
43438 20854 324
60009 7723 340
11784 12351 263
18658 9098 279
63828 89127 351
21270 22072 269
26652 33150 285
60911 40529 340
30640 28399 272
41889 36611 306
92394 28578 351
33891 98977 351
55200 54553 247
16932 26088 282
88778 60100 351
658 48567 324
80953 77018 351
72642 92736 351
89369 91299 315
18185 53196 340
96777 55806 351
75267 23429 340
88955 52529 351
80309 19594 351
97279 22198 351
72556 89673 351
50775 6446 324
5001 22326 279
60998 38284 340
48413 66128 340
98383 65422 351
14694 79335 351
42440 87335 351
88422 48160 351
94986 22958 351
1355 91762 351
78763 92973 338
31542 67717 340
61853 11851 340
3663 75483 340
50400 76218 340
65155 1174 340
99016 86507 333
39852 76365 340
24791 88264 351
42492 23173 324
70038 73538 325
18860 28829 308
60872 7281 340
76988 55857 335
46591 78342 351
63971 25353 340
87666 95512 333
93070 49518 351
7362 13084 268
41352 74113 340
89301 6507 351
91639 4668 351
9365 31490 308
81033 34155 351
36105 39876 306
73680 6142 340
13413 92539 351
34970 90637 351
16171 11957 276
62845 62761 286
6650 26815 308
4466 94315 351
22327 13887 279
60184 46040 340
26970 1536 308
20153 32622 308
24394 11791 282
37290 50110 314
59632 34674 340
84265 95736 333
74549 74296 294
1878 4314 238
66834 53199 335
94950 99356 328
65156 57794 335
78469 88157 338
961 82934 351
98824 23287 351
13172 75359 340
85678 40141 351
93246 22182 351
72762 33991 340
50324 10051 324
84101 9955 351
61076 68365 330
22043 35625 311
42660 23920 324
56290 25845 340
93470 51239 351
41552 74977 340
25384 20020 282
63134 26344 340
19305 61957 340
65982 32476 340
53667 68012 335
88968 46913 351
90193 61730 351
80903 56869 351
88132 65003 351
83175 49208 351
49719 5217 324
1184 92378 351
45488 57473 340
34574 38958 324
25063 76126 340
13934 66798 340
12497 93419 351
93142 48154 351
71727 75475 325
96981 25394 351
43486 85949 351
72306 50031 340
64030 69560 312
6899 52161 324
34563 6425 311
17720 84281 351
11642 18903 279
93011 73481 351
92727 27584 351
28790 34141 285
3709 42724 324
939 32558 308
52494 10432 324
80711 24221 351
85906 77691 338
49614 29392 324
63639 38271 340
79422 27668 351
7830 2672 262
96181 58744 351
9096 13900 276
43025 37089 306
49155 52387 309
10570 58233 340
79970 55711 351
92374 31 351
98434 9664 351
32588 67280 340
20095 29650 308
91500 22352 351
7340 57465 340
51743 87331 351
12087 47516 324
31350 19916 308
50187 43882 314
95012 75635 351
74134 54388 335
12723 23288 279
6774 39644 324
81520 86743 320
95355 90245 333
3125 10140 262
16260 52064 324
77419 36354 351
81713 85270 320
58706 5405 340
42734 26800 324
92735 54820 351
74316 40436 340
91088 40854 351
670 2451 183
16488 74803 340
56838 45563 340
98090 63611 351
85206 95961 333
66705 96912 351
2558 69830 340
23404 18817 274
21893 822 279
71523 3606 340
2444 46580 324
25362 61529 340
73379 34448 340
32701 64046 340
74883 23788 340
4900 75552 340
42590 21387 324
50354 99427 351
66949 64795 268
63037 68507 330
77108 46093 351
65418 79665 351
15922 88821 351
98481 54167 351
5995 86355 351
74124 8438 340
32934 99485 351
86318 6313 351
33932 19018 308
86710 25166 351
59157 91609 351
17070 1746 276
12996 67423 340
1172 96296 351
48570 80560 351
64802 25677 340
26653 46572 324
5341 58926 340
51744 20173 324
13092 74090 340
6528 3567 262
98879 55813 351
3051 85197 351
62125 53334 335
4214 65187 340
78500 63371 351
56795 95569 351
65116 86142 351
79343 82640 320
82438 44264 351
63199 63591 330
69940 6203 340
26514 91632 351
65129 78258 351
11805 94572 351
52347 34684 324
98139 51226 351
90496 17541 351
36422 68973 340
87227 40635 351
34159 65726 340
20357 90953 351
77646 85473 338
93447 73340 351
68112 75884 325
17604 47662 324
55826 87543 351
70217 82340 351
79175 35345 351
60597 7331 340
46268 29295 324
42014 60758 340
80520 48861 351
94651 33293 351
17833 81877 351
90280 51991 351
63954 10636 340
59296 41599 340
96108 52742 351
14938 80571 351
44977 32541 324
44585 802 324
20084 14801 279
99493 15610 351
66497 76441 325
22940 12764 279
5736 81305 351
89874 2607 351
30165 84524 351
52252 64350 340
82752 42531 351
16340 46705 324
53166 91987 351
88303 65626 351
61080 19592 340
62548 22408 340
68485 7132 340
39562 4920 324
21932 39054 324
20529 88428 351
15495 59820 340
17544 37582 324
41124 23769 324
40188 87640 351
24644 92439 351
51989 7395 324
51321 84681 351
54099 4487 340
93019 58753 351
86464 54099 351
94696 49011 351
76506 63180 330
56143 16067 340
68099 94426 351
71473 4979 340
82854 86967 320
64798 16749 340
24548 22273 282
40517 81087 351
9913 65160 340
89878 61901 351
72554 41198 340
62933 43004 340
62036 55952 335
18108 48499 324
10050 29155 308
13862 2907 276
92335 70004 351
35326 76785 340
64429 6798 340
81764 63634 351
10116 46561 324
80382 51015 351
85186 20898 351
32101 95098 351
2409 38330 324
73350 91314 351
95880 52635 351
34317 57915 340
8586 68776 340
22766 34987 311
97931 36627 351
37893 6617 324
6630 89570 351
99753 87410 333
96367 81516 333
67396 22834 340
44429 47777 314
73848 29614 340
85027 22301 351
41063 3787 324
60630 30764 340
95101 56509 351
83398 29417 351
30776 91983 351
14545 53541 340
43321 28827 324
6519 97566 351
51795 29500 324
87135 51547 351
16909 99854 351
33063 84304 351
22687 93843 351
48433 96535 351
39808 49811 314
18835 80870 351
53597 95816 351
27985 48697 324
52325 11383 324
94466 99452 328
19717 25362 282
69344 63038 330
54188 75862 335
60603 5982 340
5361 64089 340
73880 38621 340
63942 23294 340
22925 86629 351
17136 87709 351
83163 56943 351
53871 1997 340
54164 7467 340
97812 98501 297
72516 66488 325
26235 83333 351
82291 45951 351
8694 51634 324
25340 62881 340
27495 2294 308
85214 32855 351
66383 75445 325
71476 30324 340
98739 10752 351
16952 15874 266
14812 16466 271
89169 68682 351
34814 59684 340
92500 48978 351
74536 65015 325
15465 770 276
48347 14108 324
63073 73392 330
65741 88412 351
52624 9588 340
7058 37837 324
58794 73440 335
13282 46621 324
20115 28372 308
57372 53419 322
60597 88535 351
69884 49765 340
73568 4698 340
25801 66068 340
53675 336 340
47434 85491 351
17458 12133 276
15950 80530 351
85524 81691 320
85293 38148 351
7630 92350 351
92336 66423 351
82141 21969 351
13044 2256 268
50340 86767 351
72026 10937 340
91654 58261 351
77053 65221 351
62958 19205 340
31288 32984 285
19541 78722 351
34827 36998 324
7206 67128 340
33879 92729 351
65170 19171 340
47228 72799 340
11521 39564 324
39222 93661 351
77884 68617 351
12268 28224 308
55383 84293 351
55512 47036 340
42554 32564 324
28609 21863 308
51769 59896 340
71199 87661 351
54969 22377 340
41010 62174 340
89504 74888 351
71255 54674 335
94058 18482 351
43824 21930 324
74397 83045 351
31943 52281 324
68013 44210 340
96856 39748 351
44855 52367 314
3135 3760 238
1282 31743 308
41974 69402 340
91639 13172 351
73414 62959 330
51900 14423 324
41485 57756 340
5662 29091 308
28781 16072 308
63924 72604 325
38001 38321 244
72001 69943 325
6953 40013 324
30505 3808 308
79760 75359 351
72526 82895 351
79118 90159 333
14637 21091 279
59561 22627 340
50615 32974 324
1938 18866 279
63749 43422 340
76621 69410 325
88864 5401 351
1833 52787 340
78005 39834 351
7459 66357 340
26128 14411 282
6369 56632 340
34570 86129 351
48342 23447 324
85375 27459 351
13606 11 276
64902 73166 325
38990 31868 324
22491 40927 324
50733 86239 351
700 43706 324
72001 89563 351
65458 73833 325
42349 43462 257
30018 49808 324
26170 72498 340
80570 32539 351
29129 15140 308
35019 77471 351
38586 20393 324
21281 68543 340
36755 2534 324
41708 75744 340
34401 80551 351
33022 1486 308
66789 33721 340
45191 55141 340
39635 10648 324
45326 81984 351
70462 91695 351
48143 96631 351
64192 45064 340
45521 93321 351
76555 80539 351
87143 31493 351
931 8423 262
35 37686 324
27309 58095 340
29781 61709 340
38645 62803 340
79546 21785 351
96523 41088 351
76926 36158 340
51736 38603 314
34493 38549 324
30297 98987 351
51531 10841 324
44050 97052 351
20513 36957 324
77590 7655 351
68449 94873 351
32429 68483 340
32558 76089 340
26577 62338 340
37798 65221 340
25140 33695 308
87006 38015 351
74783 80283 351
90524 42870 351
35237 25016 311
81418 81885 258
40354 49300 314
92725 755 351
46351 13237 324
37711 40293 306
37243 6159 324
35165 86024 351
74642 67722 325
62112 17570 340
46411 16261 324
82791 87903 333
49956 86148 351
25917 41090 324
82782 16440 351
83959 18018 351
57807 65376 335
99902 14512 351
14675 8979 276
15266 77378 351
38567 52977 340
17670 92162 351
59135 52834 322
