1 10 20
100 200 125
201 210 89
900 1000 174
1 9999 262
10000 19999 279
20000 29999 308
30000 39999 324
40000 49999 314
50000 59999 340
60000 69999 335
70000 79999 351
80000 89999 333
90000 99999 333
100000 109999 354
110000 119999 349
120000 129999 344
130000 139999 344
140000 149999 375
150000 159999 383
160000 169999 370
170000 179999 347
180000 189999 365
190000 199999 360
200000 209999 373
210000 219999 386
220000 229999 368
230000 239999 443
240000 249999 368
250000 259999 363
260000 269999 407
270000 279999 389
280000 289999 389
290000 299999 371
300000 309999 371
310000 319999 384
320000 329999 384
330000 339999 366
340000 349999 441
350000 359999 379
360000 369999 366
370000 379999 423
380000 389999 436
390000 399999 405
400000 409999 387
410000 419999 449
420000 429999 418
430000 439999 400
440000 449999 369
450000 459999 387
460000 469999 444
470000 479999 382
480000 489999 382
490000 499999 426
500000 509999 426
510000 519999 470
520000 529999 408
530000 539999 377
540000 549999 452
550000 559999 421
560000 569999 421
570000 579999 390
580000 589999 434
590000 599999 403
600000 609999 403
610000 619999 447
620000 629999 385
630000 639999 416
640000 649999 416
650000 659999 429
660000 669999 398
670000 679999 385
680000 689999 398
690000 699999 442
700000 709999 411
710000 719999 411
720000 729999 411
730000 739999 424
740000 749999 393
750000 759999 424
760000 769999 468
770000 779999 437
780000 789999 406
790000 799999 468
800000 809999 406
810000 819999 450
820000 829999 450
830000 839999 525
840000 849999 419
850000 859999 388
860000 869999 388
870000 879999 432
880000 889999 401
890000 899999 370
900000 909999 401
910000 919999 476
920000 929999 476
930000 939999 445
940000 949999 383
950000 959999 414
960000 969999 414
970000 979999 458
980000 989999 427
990000 999999 396
289383 930886 525
692777 636915 442
747793 238335 470
885386 760492 525
516649 641421 452
202362 490027 449
368690 520059 470
897763 513926 525
180540 383426 443
89172 455736 449
5211 595368 470
702567 956429 525
465782 21530 449
722862 665123 442
174067 703135 470
513929 979802 525
634022 723058 442
133069 898167 525
961393 18456 525
175011 478042 449
176229 377373 443
484421 544919 470
413784 898537 525
575198 594324 434
798315 664370 468
566413 803526 468
776091 268980 470
759956 241873 470
806862 999170 525
906996 497281 525
702305 420925 470
477084 336327 449
660336 126505 470
750846 621729 442
661313 925857 525
616124 353895 470
819582 100545 470
898814 233367 525
515434 990364 525
344043 313750 384
171087 426808 449
117276 947178 525
695788 393584 470
705403 502651 470
392754 612399 470
999932 95060 525
549676 993368 525
947739 210012 525
636226 698586 442
348094 297539 441
140795 480570 449
651434 960378 525
97467 66601 351
710097 612902 447
573317 570492 372
926652 260756 525
997301 560280 525
724286 209441 470
953865 429689 525
228444 346619 443
558440 744729 447
958031 108117 525
738097 905771 525
834481 890675 525
120709 698927 470
704567 777856 468
179497 872353 525
254586 276965 407
455306 964683 525
406219 28624 443
51528 332871 443
805732 48829 470
409503 530019 470
258270 363368 441
959708 486715 525
226340 518149 470
747796 700723 424
142618 2245 375
122846 493451 449
892921 243555 525
192379 597488 470
537764 888228 525
469841 792350 470
165193 441500 449
757034 87764 470
470124 324914 449
936987 275856 525
373743 346491 392
322227 148365 443
709859 281936 470
151432 452551 449
316437 899228 525
153275 975407 525
901474 276121 525
468858 794395 470
36029 661237 470
908235 573793 525
65818 894428 525
366143 231011 441
335928 639529 470
318776 322404 371
964443 255763 525
114613 854538 525
118606 436840 449
2904 344818 443
235128 670688 470
797369 67917 470
569917 466996 470
43324 987743 525
259470 512183 470
298490 295499 327
689772 206725 470
385644 755590 470
617505 268139 470
502954 469786 426
907669 338082 525
308542 388464 441
110197 939507 525
759355 228804 470
376348 278611 441
573622 127828 470
949299 887343 476
195746 35568 383
354340 755422 470
23311 613810 470
267605 321801 389
425661 473730 444
44878 811305 470
229320 178736 386
79444 248626 443
648522 503465 470
586708 473416 470
408282 213258 443
412924 167637 449
442062 305624 449
962600 532036 525
433452 911899 525
419379 145550 449
947468 290071 525
900973 487131 525
903881 684930 525
808933 845894 525
158660 370163 443
657199 387981 470
548899 252996 470
152959 713773 470
272813 739668 470
187190 681095 470
952926 116466 525
365084 911340 525
422090 327684 449
443376 855542 525
755936 379107 470
517445 219756 470
669179 418418 470
706887 89412 470
103348 32172 351
451659 262009 449
402336 625210 470
166342 467587 449
878206 319301 525
697713 667372 442
575321 401255 470
864819 44599 525
517721 229904 470
955939 939811 414
73940 915667 525
311705 346228 441
811127 829150 450
565984 996658 525
763920 789224 468
602422 867269 525
821396 54081 470
645630 740084 442
679292 811972 468
207672 73850 383
647625 905385 525
741222 739299 393
306640 606042 470
783898 340713 470
352298 256190 441
280524 942590 525
688209 108581 470
288819 499336 449
937732 371155 525
495994 218004 449
160379 614769 470
85273 981776 525
668850 247255 470
721860 348142 470
575579 445884 470
421993 223205 449
867621 679567 525
962504 690613 525
801961 262754 470
31326 154259 375
518944 828202 468
613202 723506 447
936784 902021 476
222842 390868 443
789528 235189 470
608872 949908 525
849958 210498 525
448036 518808 470
457753 686248 470
383303 33333 443
132133 321648 443
772890 999754 525
517567 251746 470
690368 319529 470
514500 238046 470
473788 549797 470
66249 86990 351
273303 3033 443
505363 12497 449
910253 294892 525
247686 519125 470
761152 613996 447
245975 209188 443
649157 703729 442
895436 32460 525
253414 543921 470
870460 26304 525
60028 388027 443
278050 266748 389
707556 308902 470
504794 697697 470
858699 571043 525
301039 132002 443
90428 806403 470
144500 681 375
617647 908538 525
36159 895151 525
522535 282134 470
104339 171692 383
502215 516127 470
720504 755629 424
60049 590964 470
298285 636429 470
495343 576335 470
903177 202900 525
885238 407971 525
416949 260289 449
495367 717988 470
392292 585795 470
40743 53144 340
102829 658390 470
961682 655340 525
553541 569 470
453826 174232 449
172261 956042 525
690360 409117 470
228023 266761 443
81 526309 470
903190 495425 525
618996 806367 468
214677 504234 449
730690 631626 442
764524 226057 470
349614 673168 470
328205 390358 441
726312 947386 525
565100 204346 470
602726 634994 447
204916 56552 383
325578 893529 525
528946 532290 346
302647 756970 470
799051 819080 450
799631 218593 470
830857 418627 470
541312 561886 452
439214 788355 470
193512 720090 470
14412 59479 340
909610 858969 432
966189 152274 525
806355 47641 470
356620 925433 525
198987 77888 383
498338 524566 470
487770 27284 449
56856 790417 470
300606 372260 441
125849 100237 354
107205 473059 449
35217 648518 470
34945 990783 525
436873 228458 449
710873 967637 525
804289 620483 468
826607 770478 468
772757 149314 470
334471 645729 470
591100 533459 452
723618 89438 470
58025 211388 383
633074 631233 385
518157 933681 525
3493 160358 383
550270 110699 470
633417 101839 470
275569 668363 470
92622 228794 386
413173 319847 449
196431 217462 386
456682 539390 470
504292 745791 470
205057 355115 443
391521 796157 470
888574 631491 525
401947 462951 449
359231 35021 443
610537 393740 470
485054 614030 470
554098 35325 470
241081 187516 443
653516 33002 470
372231 746139 470
261796 785404 470
582338 974580 525
519218 39021 470
513970 539862 439
784812 235379 470
894977 692685 525
31536 299904 443
324176 433483 449
279207 199759 443
984857 889744 476
593499 469911 470
20127 663950 470
505236 777560 470
367818 675105 470
810563 740049 468
421244 588711 470
41805 519934 470
563291 77375 470
558955 593614 434
133589 343768 443
828993 544918 468
552805 376882 470
844822 876982 432
326717 124030 443
593093 311574 470
530126 186593 470
781486 550253 468
850543 803074 525
327814 734713 470
478179 138377 449
474762 415775 444
727088 32919 470
935710 806732 525
110294 11017 354
400346 760235 470
871137 745691 525
305153 423943 449
122573 666328 470
300925 449291 449
306710 894018 525
277217 836836 470
596963 575055 434
387090 963858 525
378130 714904 470
698571 372661 470
369633 689685 470
304789 613073 470
722604 756851 424
419805 349250 449
767868 336503 470
109485 639006 470
82195 414639 449
62949 721120 470
80967 880226 525
686763 387677 470
290596 963981 525
740865 887560 525
539036 127955 470
367770 433518 449
359211 66342 443
322532 245196 407
272379 627321 470
858270 994984 476
384172 794427 470
344234 152040 443
647283 970072 525
307398 245830 407
901063 370347 525
966950 982030 458
250573 653714 470
886059 57522 525
134047 626924 470
945082 189435 525
271232 829204 470
622954 630443 385
411898 945486 525
875640 684278 525
89159 250262 443
679262 989683 525
561041 539848 452
141723 208324 383
26272 449122 449
454154 927335 525
335821 937457 525
909365 102747 525
591171 311776 470
160269 725218 470
938701 621703 525
914653 209933 525
450907 53959 449
356728 862806 525
515797 748720 452
547084 121308 470
515334 742698 452
110991 76376 354
798898 252715 470
801052 825171 450
218189 771559 470
752506 554010 447
709016 178224 470
173109 816539 470
490000 333378 449
58109 945053 525
955081 489114 525
671338 405989 470
59426 28067 340
785147 575223 468
776787 332231 470
696532 292122 470
591281 323875 470
884850 390179 525
576590 202254 470
215350 311131 443
973813 967857 458
381494 199181 443
146081 554603 470
15720 152433 375
887982 590181 525
97487 359415 443
79296 768825 470
765404 138722 470
796892 550551 468
230297 90032 386
399134 443181 449
898506 990415 476
767057 299708 470
380595 859999 525
501962 112297 449
687483 475776 470
80154 68977 351
191309 742587 470
139932 723382 470
895021 544266 525
313563 508860 449
903682 909211 383
277685 669086 470
564285 590930 434
735990 794583 468
197314 651476 470
754116 95820 470
641892 37525 470
395528 538839 470
897525 897490 326
651136 101360 470
889618 247643 525
170337 80928 383
506582 826621 470
804310 917955 525
370888 634225 470
426815 274570 449
543437 220853 470
460008 107722 449
811783 712350 468
418657 9097 449
363827 689126 470
621269 522071 452
726651 533149 452
60910 140528 354
430639 228398 449
241888 836610 470
992393 928577 458
433890 498976 444
755199 754552 318
416931 126087 449
388777 360099 423
400657 448566 449
580952 377017 470
72641 392735 443
89368 491298 449
918184 453195 525
696776 55805 470
975266 423428 525
588954 552528 434
80308 19593 351
297278 322197 384
372555 289672 441
250774 806445 470
305000 522325 470
560997 238283 470
648412 466127 470
598382 565421 434
914693 179334 525
942439 987334 458
88421 548159 470
994985 522957 525
1354 691761 470
578762 492972 470
631541 167716 470
561852 711850 447
703662 375482 470
550399 76217 470
665154 801173 468
399015 486506 449
839851 476364 525
724790 488263 470
942491 323172 525
570037 373537 470
18859 28828 308
360871 107280 443
576987 355856 470
146590 578341 470
563970 725352 447
587665 195511 470
893069 149517 525
907361 113083 525
41351 974112 525
189300 706506 470
291638 104667 443
709364 131489 470
581032 434154 470
136104 39875 354
273679 706141 470
413412 292538 449
734969 290636 470
916170 311956 525
162844 62760 383
406649 726814 470
304465 994314 525
922326 713886 525
660183 346039 470
826969 701535 468
320152 532621 470
924393 611790 525
637289 150109 470
259631 734673 470
584264 395735 470
774548 374295 470
101877 704313 470
666833 353198 470
994949 99355 525
665155 157793 470
678468 588156 447
400960 982933 525
98823 323286 443
213171 275358 443
185677 40140 383
493245 22181 449
572761 933990 525
150323 210050 383
84100 409954 443
461075 668364 470
322042 235624 407
42659 423919 449
456289 225844 449
293469 451238 449
841551 474976 525
125383 520019 470
63133 526343 470
19304 161956 383
365981 232475 441
953666 68011 525
788967 446912 470
90192 361729 443
380902 756868 470
88131 465002 449
683174 549207 447
649718 5216 470
301183 692377 470
945487 757472 525
434573 238957 449
725062 276125 470
713933 366797 470
312496 293418 384
893141 848153 432
971726 775474 525
596980 925393 525
843485 385948 525
372305 450030 449
264029 269559 345
206898 352160 443
734562 406424 470
417719 384280 449
411641 718902 470
593010 873480 525
992726 27583 525
628789 234140 470
303708 342723 384
600938 132557 470
152493 10431 375
980710 124220 525
785905 577690 468
49613 629391 470
963638 938270 414
79421 227667 386
207829 802671 470
96180 458743 449
209095 513899 470
843024 137088 525
749154 952386 525
10569 258232 443
979969 155710 525
492373 800030 470
498433 609663 470
932587 167279 525
620094 429649 470
291499 922351 525
7339 857464 525
551742 487330 470
312086 147515 443
231349 519915 470
950186 843881 476
495011 675634 470
874133 854387 432
812722 623287 468
806773 339643 470
881519 786742 525
495354 890244 525
103124 510139 449
16259 552063 470
677418 636353 429
981712 485269 525
558705 505404 470
342733 626799 470
992734 654819 525
774315 740435 468
691087 240853 470
100669 702450 470
916487 974802 476
556837 245562 470
598089 363610 470
585205 995960 525
666704 596911 447
402557 769829 470
623403 418816 470
321892 300821 384
571522 303605 470
302443 646579 470
325361 161528 443
273378 834447 470
332700 564045 470
574882 23787 470
804899 675551 468
242589 721386 470
650353 799426 468
966948 764794 525
163036 68506 383
277107 346092 441
665417 679664 398
115921 288820 443
98480 954166 525
105994 186354 383
774123 408437 470
832933 99484 470
86317 106312 354
933931 419017 525
186709 25165 383
959156 991608 458
217069 201745 386
712995 867422 525
1171 196295 383
148569 680559 470
264801 425676 449
26652 446571 449
105340 658925 470
251743 720172 470
613091 874089 525
906527 903566 383
798878 255812 470
3050 885196 525
362124 453333 449
304213 65186 443
478499 263370 449
56794 695568 470
465115 286141 449
79342 982639 525
482437 744263 470
663198 263590 470
169939 206202 365
226513 791631 470
865128 478257 525
511804 994571 525
352346 934683 525
898138 151225 525
190495 417540 449
36421 68972 340
387226 340634 441
134158 865725 525
120356 190952 383
77645 585472 470
993446 673339 525
568111 475883 470
417603 747661 470
255825 587542 470
470216 482339 382
379174 335344 441
960596 407330 525
846267 829294 525
342013 260757 407
980519 48860 525
194650 533292 470
117832 581876 470
390279 251990 441
963953 510635 525
959295 41598 525
96107 952741 525
714937 180570 470
944976 132540 525
444584 200801 449
720083 914800 525
199492 615609 470
766496 676440 442
22939 612763 470
505735 881304 525
389873 2606 443
930164 584523 525
52251 564349 470
682751 442530 470
816339 646704 468
953165 291986 525
688302 565625 447
761079 919591 525
262547 222407 443
568484 707131 447
939561 804919 525
621931 139053 470
420528 388427 449
815494 959819 525
517543 837581 468
841123 423768 525
840187 287639 525
524643 892438 525
851988 207394 525
851320 184680 525
854098 804486 525
993018 58752 525
886463 754098 525
494695 149010 449
976505 63179 525
856142 916066 476
868098 994425 476
571472 804978 468
382853 386966 348
764797 416748 470
224547 122272 386
840516 581086 525
409912 365159 436
989877 261900 525
572553 841197 525
962932 943003 414
162035 955951 525
518107 48498 470
710049 529154 452
713861 202906 470
592334 570003 434
635325 976784 525
564428 206797 470
781763 463633 470
110115 546560 470
880381 851014 432
185185 720897 470
432100 595097 470
602408 938329 525
373349 691313 470
295879 852634 525
634316 457914 470
808585 668775 468
22765 34986 311
197930 736626 470
237892 306616 407
306629 389569 441
799752 387409 470
596366 581515 434
367395 222833 443
644428 247776 470
73847 829613 470
485026 22300 449
941062 603786 525
960629 830763 525
295100 256508 407
683397 929416 525
230775 491982 449
114544 253540 443
43320 828826 470
506518 797565 470
651794 329499 470
187134 451546 449
716908 299853 470
33062 84303 351
522686 193842 470
848432 596534 525
539807 849810 525
618834 480869 470
453596 95815 449
827984 748696 468
352324 511382 449
194465 99451 383
519716 825361 468
869343 563037 525
654187 375861 470
360602 305981 441
705360 64088 470
273879 938620 525
363941 823293 470
22924 886628 525
17135 387708 443
483162 556942 470
753870 101996 470
554163 207466 470
197811 898500 525
472515 66487 449
926234 183332 525
682290 445950 470
8693 551633 470
525339 662880 452
927494 402293 525
485213 632854 470
466382 275444 449
571475 830323 468
98738 110751 354
716951 115873 470
14811 716465 470
189168 768681 470
334813 259683 407
492499 48977 449
674535 965014 525
115464 600769 470
148346 314107 443
563072 673391 447
865740 88411 525
852623 309587 525
7057 337836 443
458793 473439 444
613281 546620 452
820114 228371 470
657371 53418 470
860596 188534 525
769883 49764 470
473567 104697 449
825800 966067 525
153674 500335 449
447433 785490 470
617457 112132 470
615949 180529 470
785523 481690 470
785292 638147 468
307629 792349 470
492335 766422 470
782140 621968 468
313043 602255 470
850339 486766 525
172025 710936 470
191653 458260 449
277052 665220 470
562957 619204 447
631287 232983 470
119540 78721 354
534826 736997 452
707205 667127 442
433878 492728 444
665169 219170 470
647227 972798 525
11520 139563 354
739221 793660 468
277883 568616 470
912267 128223 525
55382 84292 351
355511 247035 441
542553 632563 452
428608 621862 470
251768 59895 443
371198 887660 525
654968 422376 470
141009 362173 443
89503 574887 470
371254 754673 470
794057 18481 470
243823 321929 407
674396 983044 525
631942 952280 525
68012 544209 470
596855 639747 447
144854 952366 525
403134 203759 443
101281 831742 470
341973 869401 525
891638 713171 525
273413 62958 443
651899 414422 470
941484 257755 525
505661 829090 470
528780 816071 468
